{"System":{"Provider":{"Name":"Microsoft-Windows-Sysmon","Guid":"{5770385f-c22a-43e0-bf4c-06f5698ffbd9}"},"EventID":10,"Version":3,"Level":4,"Task":10,"Opcode":0,"Keywords":"0x8000000000000000","TimeCreated":"2023-12-08T15:54:52.280710800Z","EventRecordID":10411,"Correlation":{},"Execution":{"ProcessID":3248,"ThreadID":3876},"Channel":"Microsoft-Windows-Sysmon/Operational","Computer":"winterfell.north.sevenkingdoms.local","UserID":"S-1-5-18"},"EventData":{"TargetProcessId":"4020","RuleName":"-","UtcTime":"2023-12-08 15:54:52.271","TargetImage":"C:\\Windows\\system32\\mstsc.exe","GrantedAccess":"0x1fffff","CallTrace":"C:\\Windows\\SYSTEM32\\ntdll.dll+a1244|C:\\Windows\\System32\\KERNELBASE.dll+485d2|C:\\Windows\\System32\\KERNELBASE.dll+45fc6|C:\\Windows\\System32\\KERNEL32.DLL+1c2e3|C:\\Windows\\assembly\\NativeImages_v4.0.30319_64\\System\\cb755e97e255f61e327a8001d4e05859\\System.ni.dll+3332f6|C:\\Windows\\assembly\\NativeImages_v4.0.30319_64\\System\\cb755e97e255f61e327a8001d4e05859\\System.ni.dll+2b5560|C:\\Windows\\assembly\\NativeImages_v4.0.30319_64\\System\\cb755e97e255f61e327a8001d4e05859\\System.ni.dll+2b4f07|C:\\Windows\\assembly\\NativeImages_v4.0.30319_64\\System.Manaa57fc8cc#\\da4031e77cd7d8b426cd99e749e0c982\\System.Management.Automation.ni.dll+f7fc6b|C:\\Windows\\assembly\\NativeImages_v4.0.30319_64\\System.Manaa57fc8cc#\\da4031e77cd7d8b426cd99e749e0c982\\System.Management.Automation.ni.dll+ed9fad|C:\\Windows\\assembly\\NativeImages_v4.0.30319_64\\System.Manaa57fc8cc#\\da4031e77cd7d8b426cd99e749e0c982\\System.Management.Automation.ni.dll+f5cb1e|C:\\Windows\\assembly\\NativeImages_v4.0.30319_64\\System.Manaa57fc8cc#\\da4031e77cd7d8b426cd99e749e0c982\\System.Management.Automation.ni.dll+f5c7fb|C:\\Windows\\assembly\\NativeImages_v4.0.30319_64\\System.Manaa57fc8cc#\\da4031e77cd7d8b426cd99e749e0c982\\System.Management.Automation.ni.dll+104fcb4|UNKNOWN(00007FF7D51A13C1)","SourceUser":"NORTH\\robb.stark","TargetUser":"NORTH\\robb.stark","SourceProcessId":"2156","SourceThreadId":"5340","SourceImage":"C:\\Windows\\System32\\WindowsPowerShell\\v1.0\\powershell.exe","TargetProcessGUID":"{2b62dd35-3c4c-6573-2308-000000002300}","SourceProcessGUID":"{2b62dd35-3c36-6573-2008-000000002300}"},"OpenWEC":{"IpAddress":"10.202.0.184","TimeReceived":"2023-12-08T15:54:58.105532732+00:00","Principal":"WINTERFELL$@NORTH.SEVENKINGDOMS.LOCAL","Subscription":{"Uuid":"CB04741B-9072-4E2D-B769-3570FA020BBD","Version":"6E053E8A-FE0D-45A0-A863-C501EEDB4011","Name":"anssi-subscription"}}}
{"System":{"Provider":{"Name":"Microsoft-Windows-TerminalServices-ClientActiveXCore","Guid":"{28aa95bb-d444-4719-a36f-40462168127e}"},"EventID":1024,"Version":0,"Level":4,"Task":101,"Opcode":10,"Keywords":"0x4000000000000000","TimeCreated":"2023-12-08T15:54:52.659745700Z","EventRecordID":15212,"Correlation":{"ActivityID":"{d4c58bce-daf7-4478-b240-f7493e370000}"},"Execution":{"ProcessID":4020,"ThreadID":5024},"Channel":"Microsoft-Windows-TerminalServices-RDPClient/Operational","Computer":"winterfell.north.sevenkingdoms.local","UserID":"S-1-5-21-2431860994-719566178-239256710-1113"},"EventData":{"Value":"castelblack","CustomLevel":"Info","Name":"Server Name"},"OpenWEC":{"IpAddress":"10.202.0.184","TimeReceived":"2023-12-08T15:54:58.105532732+00:00","Principal":"WINTERFELL$@NORTH.SEVENKINGDOMS.LOCAL","Subscription":{"Uuid":"CB04741B-9072-4E2D-B769-3570FA020BBD","Version":"6E053E8A-FE0D-45A0-A863-C501EEDB4011","Name":"anssi-subscription"}}}
{"System":{"Provider":{"Name":"Microsoft-Windows-Security-Auditing","Guid":"{54849625-5478-4994-a5ba-3e3b0328c30d}"},"EventID":4688,"Version":2,"Level":0,"Task":13312,"Opcode":0,"Keywords":"0x8020000000000000","TimeCreated":"2023-12-08T15:54:52.277131100Z","EventRecordID":157870,"Correlation":{},"Execution":{"ProcessID":4,"ThreadID":180},"Channel":"Security","Computer":"winterfell.north.sevenkingdoms.local"},"EventData":{"SubjectUserName":"robb.stark","NewProcessId":"0xfb4","ProcessId":"0x86c","CommandLine":"","ParentProcessName":"C:\\Windows\\System32\\WindowsPowerShell\\v1.0\\powershell.exe","SubjectDomainName":"NORTH","MandatoryLabel":"S-1-16-12288","TokenElevationType":"%%1936","TargetUserSid":"S-1-0-0","TargetDomainName":"-","SubjectLogonId":"0xda1958","SubjectUserSid":"S-1-5-21-2431860994-719566178-239256710-1113","NewProcessName":"C:\\Windows\\System32\\mstsc.exe","TargetUserName":"-","TargetLogonId":"0x0"},"OpenWEC":{"IpAddress":"10.202.0.184","TimeReceived":"2023-12-08T15:54:58.105532732+00:00","Principal":"WINTERFELL$@NORTH.SEVENKINGDOMS.LOCAL","Subscription":{"Uuid":"CB04741B-9072-4E2D-B769-3570FA020BBD","Version":"6E053E8A-FE0D-45A0-A863-C501EEDB4011","Name":"anssi-subscription"}}}
{"System":{"Provider":{"Name":"Microsoft-Windows-Security-Auditing","Guid":"{54849625-5478-4994-a5ba-3e3b0328c30d}"},"EventID":4624,"Version":2,"Level":0,"Task":12544,"Opcode":0,"Keywords":"0x8020000000000000","TimeCreated":"2023-12-08T15:54:52.385623300Z","EventRecordID":157873,"Correlation":{},"Execution":{"ProcessID":652,"ThreadID":2828},"Channel":"Security","Computer":"winterfell.north.sevenkingdoms.local"},"EventData":{"IpPort":"64766","LogonType":"3","SubjectLogonId":"0x0","IpAddress":"fe80::49d5:632e:746a:12ce","TransmittedServices":"-","LogonGuid":"{3f4b9425-1866-4469-9e0a-1c617a2b9ee7}","ImpersonationLevel":"%%1833","RestrictedAdminMode":"-","TargetOutboundUserName":"-","TargetOutboundDomainName":"-","TargetUserSid":"S-1-5-18","TargetDomainName":"NORTH.SEVENKINGDOMS.LOCAL","LogonProcessName":"Kerberos","VirtualAccount":"%%1843","LmPackageName":"-","TargetLogonId":"0xda8681","WorkstationName":"-","KeyLength":"0","ProcessId":"0x0","ProcessName":"-","TargetUserName":"WINTERFELL$","ElevatedToken":"%%1842","AuthenticationPackageName":"Kerberos","TargetLinkedLogonId":"0x0","SubjectUserName":"-","SubjectUserSid":"S-1-0-0","SubjectDomainName":"-"},"OpenWEC":{"IpAddress":"10.202.0.184","TimeReceived":"2023-12-08T15:54:58.105532732+00:00","Principal":"WINTERFELL$@NORTH.SEVENKINGDOMS.LOCAL","Subscription":{"Uuid":"CB04741B-9072-4E2D-B769-3570FA020BBD","Version":"6E053E8A-FE0D-45A0-A863-C501EEDB4011","Name":"anssi-subscription"}}}
{"System":{"Provider":{"Name":"Microsoft-Windows-Security-Auditing","Guid":"{54849625-5478-4994-a5ba-3e3b0328c30d}"},"EventID":4624,"Version":2,"Level":0,"Task":12544,"Opcode":0,"Keywords":"0x8020000000000000","TimeCreated":"2023-12-08T15:54:52.392251300Z","EventRecordID":157876,"Correlation":{},"Execution":{"ProcessID":652,"ThreadID":2828},"Channel":"Security","Computer":"winterfell.north.sevenkingdoms.local"},"EventData":{"TargetLinkedLogonId":"0x0","RestrictedAdminMode":"-","TargetOutboundUserName":"-","LmPackageName":"-","VirtualAccount":"%%1843","ImpersonationLevel":"%%1833","ElevatedToken":"%%1842","TargetLogonId":"0xda873d","TargetUserSid":"S-1-5-18","LogonGuid":"{3f4b9425-1866-4469-9e0a-1c617a2b9ee7}","SubjectDomainName":"-","ProcessId":"0x0","TargetOutboundDomainName":"-","LogonProcessName":"Kerberos","AuthenticationPackageName":"Kerberos","TransmittedServices":"-","WorkstationName":"-","SubjectLogonId":"0x0","TargetUserName":"WINTERFELL$","LogonType":"3","KeyLength":"0","SubjectUserName":"-","ProcessName":"-","IpPort":"64767","IpAddress":"fe80::49d5:632e:746a:12ce","SubjectUserSid":"S-1-0-0","TargetDomainName":"NORTH.SEVENKINGDOMS.LOCAL"},"OpenWEC":{"IpAddress":"10.202.0.184","TimeReceived":"2023-12-08T15:54:58.105532732+00:00","Principal":"WINTERFELL$@NORTH.SEVENKINGDOMS.LOCAL","Subscription":{"Uuid":"CB04741B-9072-4E2D-B769-3570FA020BBD","Version":"6E053E8A-FE0D-45A0-A863-C501EEDB4011","Name":"anssi-subscription"}}}
{"System":{"Provider":{"Name":"Microsoft-Windows-Sysmon","Guid":"{5770385f-c22a-43e0-bf4c-06f5698ffbd9}"},"EventID":10,"Version":3,"Level":4,"Task":10,"Opcode":0,"Keywords":"0x8000000000000000","TimeCreated":"2023-12-08T15:54:53.382572900Z","EventRecordID":10412,"Correlation":{},"Execution":{"ProcessID":3248,"ThreadID":3876},"Channel":"Microsoft-Windows-Sysmon/Operational","Computer":"winterfell.north.sevenkingdoms.local","UserID":"S-1-5-18"},"EventData":{"UtcTime":"2023-12-08 15:54:53.381","SourceUser":"NT AUTHORITY\\SYSTEM","TargetImage":"C:\\Windows\\system32\\lsass.exe","TargetUser":"NT AUTHORITY\\SYSTEM","TargetProcessGUID":"{2b62dd35-54d9-6573-0c00-000000002300}","SourceProcessGUID":"{2b62dd35-e477-6572-4e00-000000002300}","CallTrace":"C:\\Windows\\SYSTEM32\\ntdll.dll+9feb4|C:\\Windows\\SYSTEM32\\ntdll.dll+7d367|C:\\Windows\\System32\\KERNEL32.DLL+1c5b4|C:\\Windows\\System32\\KERNEL32.DLL+237f8|C:\\Windows\\sysmon64.exe+ec5cd|C:\\Windows\\sysmon64.exe+edeb7|C:\\Windows\\sysmon64.exe+12e889|C:\\Windows\\sysmon64.exe+ee90e|C:\\Windows\\sysmon64.exe+eecd3|C:\\Windows\\sysmon64.exe+10bd88|C:\\Windows\\sysmon64.exe+e22d1|C:\\Windows\\sysmon64.exe+e2427|C:\\Windows\\System32\\sechost.dll+dc61|C:\\Windows\\System32\\sechost.dll+d9a9|C:\\Windows\\System32\\sechost.dll+13d4e|C:\\Windows\\sysmon64.exe+e25ba|C:\\Windows\\sysmon64.exe+1a9ad2|C:\\Windows\\System32\\KERNEL32.DLL+17974|C:\\Windows\\SYSTEM32\\ntdll.dll+5a2f1","RuleName":"-","SourceProcessId":"3248","SourceImage":"C:\\Windows\\sysmon64.exe","TargetProcessId":"652","GrantedAccess":"0x1fffff","SourceThreadId":"3932"},"OpenWEC":{"IpAddress":"10.202.0.184","TimeReceived":"2023-12-08T15:54:58.105532732+00:00","Principal":"WINTERFELL$@NORTH.SEVENKINGDOMS.LOCAL","Subscription":{"Uuid":"CB04741B-9072-4E2D-B769-3570FA020BBD","Version":"6E053E8A-FE0D-45A0-A863-C501EEDB4011","Name":"anssi-subscription"}}}
{"System":{"Provider":{"Name":"Microsoft-Windows-Sysmon","Guid":"{5770385f-c22a-43e0-bf4c-06f5698ffbd9}"},"EventID":22,"Version":5,"Level":4,"Task":22,"Opcode":0,"Keywords":"0x8000000000000000","TimeCreated":"2023-12-08T15:54:53.383498500Z","EventRecordID":10413,"Correlation":{},"Execution":{"ProcessID":3248,"ThreadID":3932},"Channel":"Microsoft-Windows-Sysmon/Operational","Computer":"winterfell.north.sevenkingdoms.local","UserID":"S-1-5-18"},"EventData":{"Image":"C:\\Windows\\system32\\lsass.exe","User":"NT AUTHORITY\\SYSTEM","QueryName":"winterfell","QueryResults":"10.202.0.184;192.168.56.11;10.0.2.15;","RuleName":"-","ProcessGuid":"{2b62dd35-54d9-6573-0c00-000000002300}","UtcTime":"2023-12-08 12:35:46.989","ProcessId":"652","QueryStatus":"0"},"OpenWEC":{"IpAddress":"10.202.0.184","TimeReceived":"2023-12-08T15:54:58.105532732+00:00","Principal":"WINTERFELL$@NORTH.SEVENKINGDOMS.LOCAL","Subscription":{"Uuid":"CB04741B-9072-4E2D-B769-3570FA020BBD","Version":"6E053E8A-FE0D-45A0-A863-C501EEDB4011","Name":"anssi-subscription"}}}
{"System":{"Provider":{"Name":"Microsoft-Windows-Sysmon","Guid":"{5770385f-c22a-43e0-bf4c-06f5698ffbd9}"},"EventID":22,"Version":5,"Level":4,"Task":22,"Opcode":0,"Keywords":"0x8000000000000000","TimeCreated":"2023-12-08T15:54:53.385584000Z","EventRecordID":10414,"Correlation":{},"Execution":{"ProcessID":3248,"ThreadID":3932},"Channel":"Microsoft-Windows-Sysmon/Operational","Computer":"winterfell.north.sevenkingdoms.local","UserID":"S-1-5-18"},"EventData":{"RuleName":"-","User":"NT AUTHORITY\\SYSTEM","UtcTime":"2023-12-08 12:35:47.009","ProcessGuid":"{2b62dd35-54d9-6573-0c00-000000002300}","QueryName":"winterfell","ProcessId":"652","QueryStatus":"0","QueryResults":"10.202.0.184;192.168.56.11;10.0.2.15;","Image":"C:\\Windows\\system32\\lsass.exe"},"OpenWEC":{"IpAddress":"10.202.0.184","TimeReceived":"2023-12-08T15:54:58.105532732+00:00","Principal":"WINTERFELL$@NORTH.SEVENKINGDOMS.LOCAL","Subscription":{"Uuid":"CB04741B-9072-4E2D-B769-3570FA020BBD","Version":"6E053E8A-FE0D-45A0-A863-C501EEDB4011","Name":"anssi-subscription"}}}
{"System":{"Provider":{"Name":"Microsoft-Windows-Sysmon","Guid":"{5770385f-c22a-43e0-bf4c-06f5698ffbd9}"},"EventID":22,"Version":5,"Level":4,"Task":22,"Opcode":0,"Keywords":"0x8000000000000000","TimeCreated":"2023-12-08T15:54:53.387807300Z","EventRecordID":10415,"Correlation":{},"Execution":{"ProcessID":3248,"ThreadID":3932},"Channel":"Microsoft-Windows-Sysmon/Operational","Computer":"winterfell.north.sevenkingdoms.local","UserID":"S-1-5-18"},"EventData":{"ProcessId":"652","ProcessGuid":"{2b62dd35-54d9-6573-0c00-000000002300}","QueryStatus":"0","Image":"C:\\Windows\\system32\\lsass.exe","RuleName":"-","QueryResults":"10.202.0.184;192.168.56.11;10.0.2.15;","User":"NT AUTHORITY\\SYSTEM","UtcTime":"2023-12-08 12:35:47.015","QueryName":"winterfell"},"OpenWEC":{"IpAddress":"10.202.0.184","TimeReceived":"2023-12-08T15:54:58.105532732+00:00","Principal":"WINTERFELL$@NORTH.SEVENKINGDOMS.LOCAL","Subscription":{"Uuid":"CB04741B-9072-4E2D-B769-3570FA020BBD","Version":"6E053E8A-FE0D-45A0-A863-C501EEDB4011","Name":"anssi-subscription"}}}
{"System":{"Provider":{"Name":"Microsoft-Windows-Sysmon","Guid":"{5770385f-c22a-43e0-bf4c-06f5698ffbd9}"},"EventID":10,"Version":3,"Level":4,"Task":10,"Opcode":0,"Keywords":"0x8000000000000000","TimeCreated":"2023-12-08T15:54:53.396016500Z","EventRecordID":10416,"Correlation":{},"Execution":{"ProcessID":3248,"ThreadID":3876},"Channel":"Microsoft-Windows-Sysmon/Operational","Computer":"winterfell.north.sevenkingdoms.local","UserID":"S-1-5-18"},"EventData":{"CallTrace":"C:\\Windows\\SYSTEM32\\ntdll.dll+9feb4|C:\\Windows\\SYSTEM32\\ntdll.dll+7d367|C:\\Windows\\System32\\KERNEL32.DLL+1c5b4|C:\\Windows\\System32\\KERNEL32.DLL+237f8|C:\\Windows\\sysmon64.exe+ec5cd|C:\\Windows\\sysmon64.exe+edeb7|C:\\Windows\\sysmon64.exe+12e889|C:\\Windows\\sysmon64.exe+ee90e|C:\\Windows\\sysmon64.exe+eecd3|C:\\Windows\\sysmon64.exe+10bd88|C:\\Windows\\sysmon64.exe+e22d1|C:\\Windows\\sysmon64.exe+e2427|C:\\Windows\\System32\\sechost.dll+dc61|C:\\Windows\\System32\\sechost.dll+d9a9|C:\\Windows\\System32\\sechost.dll+13d4e|C:\\Windows\\sysmon64.exe+e25ba|C:\\Windows\\sysmon64.exe+1a9ad2|C:\\Windows\\System32\\KERNEL32.DLL+17974|C:\\Windows\\SYSTEM32\\ntdll.dll+5a2f1","UtcTime":"2023-12-08 15:54:53.381","SourceUser":"NT AUTHORITY\\SYSTEM","SourceProcessGUID":"{2b62dd35-e477-6572-4e00-000000002300}","SourceProcessId":"3248","RuleName":"-","TargetImage":"C:\\Windows\\system32\\lsass.exe","TargetUser":"NT AUTHORITY\\SYSTEM","TargetProcessGUID":"{2b62dd35-54d9-6573-0c00-000000002300}","TargetProcessId":"652","SourceThreadId":"3932","SourceImage":"C:\\Windows\\sysmon64.exe","GrantedAccess":"0x1fffff"},"OpenWEC":{"IpAddress":"10.202.0.184","TimeReceived":"2023-12-08T15:54:58.105532732+00:00","Principal":"WINTERFELL$@NORTH.SEVENKINGDOMS.LOCAL","Subscription":{"Uuid":"CB04741B-9072-4E2D-B769-3570FA020BBD","Version":"6E053E8A-FE0D-45A0-A863-C501EEDB4011","Name":"anssi-subscription"}}}
{"System":{"Provider":{"Name":"Microsoft-Windows-Sysmon","Guid":"{5770385f-c22a-43e0-bf4c-06f5698ffbd9}"},"EventID":10,"Version":3,"Level":4,"Task":10,"Opcode":0,"Keywords":"0x8000000000000000","TimeCreated":"2023-12-08T15:54:53.396179200Z","EventRecordID":10417,"Correlation":{},"Execution":{"ProcessID":3248,"ThreadID":3876},"Channel":"Microsoft-Windows-Sysmon/Operational","Computer":"winterfell.north.sevenkingdoms.local","UserID":"S-1-5-18"},"EventData":{"TargetProcessGUID":"{2b62dd35-54d9-6573-0c00-000000002300}","CallTrace":"C:\\Windows\\SYSTEM32\\ntdll.dll+9feb4|C:\\Windows\\SYSTEM32\\ntdll.dll+7d367|C:\\Windows\\System32\\KERNEL32.DLL+1c5b4|C:\\Windows\\System32\\KERNEL32.DLL+237f8|C:\\Windows\\sysmon64.exe+ec5cd|C:\\Windows\\sysmon64.exe+edeb7|C:\\Windows\\sysmon64.exe+12e889|C:\\Windows\\sysmon64.exe+ee90e|C:\\Windows\\sysmon64.exe+eecd3|C:\\Windows\\sysmon64.exe+10bd88|C:\\Windows\\sysmon64.exe+e22d1|C:\\Windows\\sysmon64.exe+e2427|C:\\Windows\\System32\\sechost.dll+dc61|C:\\Windows\\System32\\sechost.dll+d9a9|C:\\Windows\\System32\\sechost.dll+13d4e|C:\\Windows\\sysmon64.exe+e25ba|C:\\Windows\\sysmon64.exe+1a9ad2|C:\\Windows\\System32\\KERNEL32.DLL+17974|C:\\Windows\\SYSTEM32\\ntdll.dll+5a2f1","RuleName":"-","SourceThreadId":"3932","TargetImage":"C:\\Windows\\system32\\lsass.exe","SourceUser":"NT AUTHORITY\\SYSTEM","UtcTime":"2023-12-08 15:54:53.381","TargetUser":"NT AUTHORITY\\SYSTEM","GrantedAccess":"0x1fffff","SourceImage":"C:\\Windows\\sysmon64.exe","TargetProcessId":"652","SourceProcessId":"3248","SourceProcessGUID":"{2b62dd35-e477-6572-4e00-000000002300}"},"OpenWEC":{"IpAddress":"10.202.0.184","TimeReceived":"2023-12-08T15:54:58.105532732+00:00","Principal":"WINTERFELL$@NORTH.SEVENKINGDOMS.LOCAL","Subscription":{"Uuid":"CB04741B-9072-4E2D-B769-3570FA020BBD","Version":"6E053E8A-FE0D-45A0-A863-C501EEDB4011","Name":"anssi-subscription"}}}
{"System":{"Provider":{"Name":"Microsoft-Windows-Sysmon","Guid":"{5770385f-c22a-43e0-bf4c-06f5698ffbd9}"},"EventID":10,"Version":3,"Level":4,"Task":10,"Opcode":0,"Keywords":"0x8000000000000000","TimeCreated":"2023-12-08T15:54:53.635950100Z","EventRecordID":10418,"Correlation":{},"Execution":{"ProcessID":3248,"ThreadID":3876},"Channel":"Microsoft-Windows-Sysmon/Operational","Computer":"winterfell.north.sevenkingdoms.local","UserID":"S-1-5-18"},"EventData":{"TargetUser":"NT AUTHORITY\\SYSTEM","SourceProcessGUID":"{2b62dd35-e477-6572-4e00-000000002300}","SourceThreadId":"3884","TargetProcessId":"652","SourceUser":"NT AUTHORITY\\SYSTEM","SourceImage":"C:\\Windows\\sysmon64.exe","CallTrace":"C:\\Windows\\SYSTEM32\\ntdll.dll+9feb4|C:\\Windows\\SYSTEM32\\ntdll.dll+7d367|C:\\Windows\\System32\\KERNEL32.DLL+1c5b4|C:\\Windows\\System32\\KERNEL32.DLL+237f8|C:\\Windows\\sysmon64.exe+ec5cd|C:\\Windows\\sysmon64.exe+edeb7|C:\\Windows\\sysmon64.exe+12e889|C:\\Windows\\sysmon64.exe+ee90e|C:\\Windows\\sysmon64.exe+eecd3|C:\\Windows\\sysmon64.exe+f3eea|C:\\Windows\\sysmon64.exe+fbc2c|C:\\Windows\\sysmon64.exe+10dc04|C:\\Windows\\sysmon64.exe+10dcc5|C:\\Windows\\sysmon64.exe+1a9ad2|C:\\Windows\\System32\\KERNEL32.DLL+17974|C:\\Windows\\SYSTEM32\\ntdll.dll+5a2f1","UtcTime":"2023-12-08 15:54:53.635","TargetImage":"C:\\Windows\\system32\\lsass.exe","SourceProcessId":"3248","RuleName":"-","GrantedAccess":"0x1fffff","TargetProcessGUID":"{2b62dd35-54d9-6573-0c00-000000002300}"},"OpenWEC":{"IpAddress":"10.202.0.184","TimeReceived":"2023-12-08T15:54:58.105532732+00:00","Principal":"WINTERFELL$@NORTH.SEVENKINGDOMS.LOCAL","Subscription":{"Uuid":"CB04741B-9072-4E2D-B769-3570FA020BBD","Version":"6E053E8A-FE0D-45A0-A863-C501EEDB4011","Name":"anssi-subscription"}}}
{"System":{"Provider":{"Name":"Microsoft-Windows-Sysmon","Guid":"{5770385f-c22a-43e0-bf4c-06f5698ffbd9}"},"EventID":10,"Version":3,"Level":4,"Task":10,"Opcode":0,"Keywords":"0x8000000000000000","TimeCreated":"2023-12-08T15:54:53.642667100Z","EventRecordID":10419,"Correlation":{},"Execution":{"ProcessID":3248,"ThreadID":3876},"Channel":"Microsoft-Windows-Sysmon/Operational","Computer":"winterfell.north.sevenkingdoms.local","UserID":"S-1-5-18"},"EventData":{"UtcTime":"2023-12-08 15:54:53.635","SourceProcessGUID":"{2b62dd35-e477-6572-4e00-000000002300}","TargetProcessId":"652","TargetImage":"C:\\Windows\\system32\\lsass.exe","RuleName":"-","TargetProcessGUID":"{2b62dd35-54d9-6573-0c00-000000002300}","CallTrace":"C:\\Windows\\SYSTEM32\\ntdll.dll+9feb4|C:\\Windows\\SYSTEM32\\ntdll.dll+7d367|C:\\Windows\\System32\\KERNEL32.DLL+1c5b4|C:\\Windows\\System32\\KERNEL32.DLL+237f8|C:\\Windows\\sysmon64.exe+ec5cd|C:\\Windows\\sysmon64.exe+edeb7|C:\\Windows\\sysmon64.exe+12e889|C:\\Windows\\sysmon64.exe+ee90e|C:\\Windows\\sysmon64.exe+eecd3|C:\\Windows\\sysmon64.exe+f3eea|C:\\Windows\\sysmon64.exe+fbc2c|C:\\Windows\\sysmon64.exe+10dc04|C:\\Windows\\sysmon64.exe+10dcc5|C:\\Windows\\sysmon64.exe+1a9ad2|C:\\Windows\\System32\\KERNEL32.DLL+17974|C:\\Windows\\SYSTEM32\\ntdll.dll+5a2f1","SourceUser":"NT AUTHORITY\\SYSTEM","TargetUser":"NT AUTHORITY\\SYSTEM","SourceThreadId":"3884","SourceProcessId":"3248","GrantedAccess":"0x1fffff","SourceImage":"C:\\Windows\\sysmon64.exe"},"OpenWEC":{"IpAddress":"10.202.0.184","TimeReceived":"2023-12-08T15:54:58.105532732+00:00","Principal":"WINTERFELL$@NORTH.SEVENKINGDOMS.LOCAL","Subscription":{"Uuid":"CB04741B-9072-4E2D-B769-3570FA020BBD","Version":"6E053E8A-FE0D-45A0-A863-C501EEDB4011","Name":"anssi-subscription"}}}
{"System":{"Provider":{"Name":"Microsoft-Windows-Sysmon","Guid":"{5770385f-c22a-43e0-bf4c-06f5698ffbd9}"},"EventID":22,"Version":5,"Level":4,"Task":22,"Opcode":0,"Keywords":"0x8000000000000000","TimeCreated":"2023-12-08T15:54:54.414147000Z","EventRecordID":10420,"Correlation":{},"Execution":{"ProcessID":3248,"ThreadID":3932},"Channel":"Microsoft-Windows-Sysmon/Operational","Computer":"winterfell.north.sevenkingdoms.local","UserID":"S-1-5-18"},"EventData":{"UtcTime":"2023-12-08 12:35:47.288","User":"NORTH\\robb.stark","ProcessGuid":"{2b62dd35-3c4c-6573-2308-000000002300}","QueryName":"castelblack","QueryStatus":"0","RuleName":"-","Image":"C:\\Windows\\system32\\mstsc.exe","ProcessId":"4020","QueryResults":"::ffff:192.168.56.22;"},"OpenWEC":{"IpAddress":"10.202.0.184","TimeReceived":"2023-12-08T15:54:58.105532732+00:00","Principal":"WINTERFELL$@NORTH.SEVENKINGDOMS.LOCAL","Subscription":{"Uuid":"CB04741B-9072-4E2D-B769-3570FA020BBD","Version":"6E053E8A-FE0D-45A0-A863-C501EEDB4011","Name":"anssi-subscription"}}}
{"System":{"Provider":{"Name":"Microsoft-Windows-Sysmon","Guid":"{5770385f-c22a-43e0-bf4c-06f5698ffbd9}"},"EventID":10,"Version":3,"Level":4,"Task":10,"Opcode":0,"Keywords":"0x8000000000000000","TimeCreated":"2023-12-08T15:54:55.416747800Z","EventRecordID":10421,"Correlation":{},"Execution":{"ProcessID":3248,"ThreadID":3876},"Channel":"Microsoft-Windows-Sysmon/Operational","Computer":"winterfell.north.sevenkingdoms.local","UserID":"S-1-5-18"},"EventData":{"TargetProcessId":"652","SourceImage":"C:\\Windows\\sysmon64.exe","SourceProcessId":"3248","TargetProcessGUID":"{2b62dd35-54d9-6573-0c00-000000002300}","SourceProcessGUID":"{2b62dd35-e477-6572-4e00-000000002300}","RuleName":"-","TargetImage":"C:\\Windows\\system32\\lsass.exe","GrantedAccess":"0x1fffff","CallTrace":"C:\\Windows\\SYSTEM32\\ntdll.dll+9feb4|C:\\Windows\\SYSTEM32\\ntdll.dll+7d367|C:\\Windows\\System32\\KERNEL32.DLL+1c5b4|C:\\Windows\\System32\\KERNEL32.DLL+237f8|C:\\Windows\\sysmon64.exe+ec5cd|C:\\Windows\\sysmon64.exe+edeb7|C:\\Windows\\sysmon64.exe+12e889|C:\\Windows\\sysmon64.exe+ee90e|C:\\Windows\\sysmon64.exe+eecd3|C:\\Windows\\sysmon64.exe+10bd88|C:\\Windows\\sysmon64.exe+e22d1|C:\\Windows\\sysmon64.exe+e2427|C:\\Windows\\System32\\sechost.dll+dc61|C:\\Windows\\System32\\sechost.dll+d9a9|C:\\Windows\\System32\\sechost.dll+13d4e|C:\\Windows\\sysmon64.exe+e25ba|C:\\Windows\\sysmon64.exe+1a9ad2|C:\\Windows\\System32\\KERNEL32.DLL+17974|C:\\Windows\\SYSTEM32\\ntdll.dll+5a2f1","SourceUser":"NT AUTHORITY\\SYSTEM","UtcTime":"2023-12-08 15:54:55.415","SourceThreadId":"3932","TargetUser":"NT AUTHORITY\\SYSTEM"},"OpenWEC":{"IpAddress":"10.202.0.184","TimeReceived":"2023-12-08T15:54:58.105532732+00:00","Principal":"WINTERFELL$@NORTH.SEVENKINGDOMS.LOCAL","Subscription":{"Uuid":"CB04741B-9072-4E2D-B769-3570FA020BBD","Version":"6E053E8A-FE0D-45A0-A863-C501EEDB4011","Name":"anssi-subscription"}}}
{"System":{"Provider":{"Name":"Microsoft-Windows-Sysmon","Guid":"{5770385f-c22a-43e0-bf4c-06f5698ffbd9}"},"EventID":22,"Version":5,"Level":4,"Task":22,"Opcode":0,"Keywords":"0x8000000000000000","TimeCreated":"2023-12-08T15:54:55.417789000Z","EventRecordID":10422,"Correlation":{},"Execution":{"ProcessID":3248,"ThreadID":3932},"Channel":"Microsoft-Windows-Sysmon/Operational","Computer":"winterfell.north.sevenkingdoms.local","UserID":"S-1-5-18"},"EventData":{"QueryStatus":"0","QueryName":"winterfell","UtcTime":"2023-12-08 12:35:48.020","ProcessGuid":"{2b62dd35-54d9-6573-0c00-000000002300}","ProcessId":"652","RuleName":"-","User":"NT AUTHORITY\\SYSTEM","QueryResults":"10.202.0.184;192.168.56.11;10.0.2.15;","Image":"C:\\Windows\\system32\\lsass.exe"},"OpenWEC":{"IpAddress":"10.202.0.184","TimeReceived":"2023-12-08T15:54:58.105532732+00:00","Principal":"WINTERFELL$@NORTH.SEVENKINGDOMS.LOCAL","Subscription":{"Uuid":"CB04741B-9072-4E2D-B769-3570FA020BBD","Version":"6E053E8A-FE0D-45A0-A863-C501EEDB4011","Name":"anssi-subscription"}}}
{"System":{"Provider":{"Name":"Microsoft-Windows-Sysmon","Guid":"{5770385f-c22a-43e0-bf4c-06f5698ffbd9}"},"EventID":10,"Version":3,"Level":4,"Task":10,"Opcode":0,"Keywords":"0x8000000000000000","TimeCreated":"2023-12-08T15:55:24.249060500Z","EventRecordID":10423,"Correlation":{},"Execution":{"ProcessID":3248,"ThreadID":3876},"Channel":"Microsoft-Windows-Sysmon/Operational","Computer":"winterfell.north.sevenkingdoms.local","UserID":"S-1-5-18"},"EventData":{"SourceProcessId":"948","RuleName":"-","TargetImage":"C:\\Windows\\system32\\lsass.exe","GrantedAccess":"0x1000","SourceThreadId":"5248","SourceProcessGUID":"{2b62dd35-54db-6573-1000-000000002300}","TargetProcessGUID":"{2b62dd35-54d9-6573-0c00-000000002300}","TargetProcessId":"652","UtcTime":"2023-12-08 15:55:24.241","SourceImage":"C:\\Windows\\system32\\svchost.exe","CallTrace":"C:\\Windows\\SYSTEM32\\ntdll.dll+9feb4|C:\\Windows\\System32\\KERNELBASE.dll+6c2f5|c:\\windows\\system32\\lsm.dll+f397|c:\\windows\\system32\\lsm.dll+df54|C:\\Windows\\System32\\RPCRT4.dll+784a3|C:\\Windows\\System32\\RPCRT4.dll+d9f9a|C:\\Windows\\System32\\RPCRT4.dll+1ac60|C:\\Windows\\System32\\RPCRT4.dll+508e8|C:\\Windows\\System32\\RPCRT4.dll+3ad80|C:\\Windows\\System32\\RPCRT4.dll+3a72b|C:\\Windows\\System32\\RPCRT4.dll+2c9cf|C:\\Windows\\System32\\RPCRT4.dll+2be2a|C:\\Windows\\System32\\RPCRT4.dll+2b3f1|C:\\Windows\\System32\\RPCRT4.dll+2ae62|C:\\Windows\\System32\\RPCRT4.dll+218d5|C:\\Windows\\SYSTEM32\\ntdll.dll+69c20|C:\\Windows\\SYSTEM32\\ntdll.dll+166e8|C:\\Windows\\System32\\KERNEL32.DLL+17974|C:\\Windows\\SYSTEM32\\ntdll.dll+5a2f1","SourceUser":"NT AUTHORITY\\SYSTEM","TargetUser":"NT AUTHORITY\\SYSTEM"},"OpenWEC":{"IpAddress":"10.202.0.184","TimeReceived":"2023-12-08T15:55:55.233131936+00:00","Principal":"WINTERFELL$@NORTH.SEVENKINGDOMS.LOCAL","Subscription":{"Uuid":"CB04741B-9072-4E2D-B769-3570FA020BBD","Version":"6E053E8A-FE0D-45A0-A863-C501EEDB4011","Name":"anssi-subscription"}}}
{"System":{"Provider":{"Name":"Microsoft-Windows-Sysmon","Guid":"{5770385f-c22a-43e0-bf4c-06f5698ffbd9}"},"EventID":10,"Version":3,"Level":4,"Task":10,"Opcode":0,"Keywords":"0x8000000000000000","TimeCreated":"2023-12-08T15:55:24.249345400Z","EventRecordID":10424,"Correlation":{},"Execution":{"ProcessID":3248,"ThreadID":3876},"Channel":"Microsoft-Windows-Sysmon/Operational","Computer":"winterfell.north.sevenkingdoms.local","UserID":"S-1-5-18"},"EventData":{"UtcTime":"2023-12-08 15:55:24.241","TargetUser":"NT AUTHORITY\\SYSTEM","CallTrace":"C:\\Windows\\SYSTEM32\\ntdll.dll+9feb4|C:\\Windows\\System32\\KERNELBASE.dll+6c2f5|c:\\windows\\system32\\lsm.dll+e2ca|c:\\windows\\system32\\lsm.dll+e044|C:\\Windows\\System32\\RPCRT4.dll+784a3|C:\\Windows\\System32\\RPCRT4.dll+d9f9a|C:\\Windows\\System32\\RPCRT4.dll+1ac60|C:\\Windows\\System32\\RPCRT4.dll+508e8|C:\\Windows\\System32\\RPCRT4.dll+3ad80|C:\\Windows\\System32\\RPCRT4.dll+3a72b|C:\\Windows\\System32\\RPCRT4.dll+2c9cf|C:\\Windows\\System32\\RPCRT4.dll+2be2a|C:\\Windows\\System32\\RPCRT4.dll+2b3f1|C:\\Windows\\System32\\RPCRT4.dll+2ae62|C:\\Windows\\System32\\RPCRT4.dll+218d5|C:\\Windows\\SYSTEM32\\ntdll.dll+69c20|C:\\Windows\\SYSTEM32\\ntdll.dll+166e8|C:\\Windows\\System32\\KERNEL32.DLL+17974|C:\\Windows\\SYSTEM32\\ntdll.dll+5a2f1","SourceImage":"C:\\Windows\\system32\\svchost.exe","TargetProcessGUID":"{2b62dd35-54d9-6573-0c00-000000002300}","RuleName":"-","SourceProcessId":"948","TargetImage":"C:\\Windows\\system32\\lsass.exe","SourceThreadId":"5248","TargetProcessId":"652","SourceProcessGUID":"{2b62dd35-54db-6573-1000-000000002300}","GrantedAccess":"0x1000","SourceUser":"NT AUTHORITY\\SYSTEM"},"OpenWEC":{"IpAddress":"10.202.0.184","TimeReceived":"2023-12-08T15:55:55.233131936+00:00","Principal":"WINTERFELL$@NORTH.SEVENKINGDOMS.LOCAL","Subscription":{"Uuid":"CB04741B-9072-4E2D-B769-3570FA020BBD","Version":"6E053E8A-FE0D-45A0-A863-C501EEDB4011","Name":"anssi-subscription"}}}
{"System":{"Provider":{"Name":"Microsoft-Windows-Sysmon","Guid":"{5770385f-c22a-43e0-bf4c-06f5698ffbd9}"},"EventID":1,"Version":5,"Level":4,"Task":1,"Opcode":0,"Keywords":"0x8000000000000000","TimeCreated":"2023-12-08T15:55:24.269780600Z","EventRecordID":10425,"Correlation":{},"Execution":{"ProcessID":3248,"ThreadID":3876},"Channel":"Microsoft-Windows-Sysmon/Operational","Computer":"winterfell.north.sevenkingdoms.local","UserID":"S-1-5-18"},"EventData":{"Description":"COM Surrogate","Image":"C:\\Windows\\System32\\dllhost.exe","FileVersion":"10.0.17763.1 (WinBuild.160101.0800)","CommandLine":"C:\\Windows\\system32\\DllHost.exe /Processid:{E10F6C3A-F1AE-4ADC-AA9D-2FE65525666E}","TerminalSessionId":"0","ParentProcessId":"860","ParentCommandLine":"-","IntegrityLevel":"System","ProcessGuid":"{2b62dd35-3c6c-6573-2408-000000002300}","LogonId":"0x3e7","ParentProcessGuid":"{00000000-0000-0000-0000-000000000000}","OriginalFileName":"dllhost.exe","Hashes":"MD5=D2AB39EA2C0FCD172751F84BDA723A97,SHA256=C4E078607DB2784BE7761C86048DFFA6F3EF04B551354A32FCDEC3B6A3450905,IMPHASH=68E651F131674892AE7E46556EB24726","ParentImage":"-","RuleName":"-","ProcessId":"2980","ParentUser":"-","UtcTime":"2023-12-08 15:55:24.267","CurrentDirectory":"C:\\Windows\\system32\\","Product":"Microsoft® Windows® Operating System","User":"NT AUTHORITY\\SYSTEM","LogonGuid":"{2b62dd35-54d9-6573-e703-000000000000}","Company":"Microsoft Corporation"},"OpenWEC":{"IpAddress":"10.202.0.184","TimeReceived":"2023-12-08T15:55:55.233131936+00:00","Principal":"WINTERFELL$@NORTH.SEVENKINGDOMS.LOCAL","Subscription":{"Uuid":"CB04741B-9072-4E2D-B769-3570FA020BBD","Version":"6E053E8A-FE0D-45A0-A863-C501EEDB4011","Name":"anssi-subscription"}}}
{"System":{"Provider":{"Name":"Microsoft-Windows-Sysmon","Guid":"{5770385f-c22a-43e0-bf4c-06f5698ffbd9}"},"EventID":1,"Version":5,"Level":4,"Task":1,"Opcode":0,"Keywords":"0x8000000000000000","TimeCreated":"2023-12-08T15:55:24.288857600Z","EventRecordID":10426,"Correlation":{},"Execution":{"ProcessID":3248,"ThreadID":3876},"Channel":"Microsoft-Windows-Sysmon/Operational","Computer":"winterfell.north.sevenkingdoms.local","UserID":"S-1-5-18"},"EventData":{"FileVersion":"10.0.17763.1697 (WinBuild.160101.0800)","OriginalFileName":"Cmd.Exe","CurrentDirectory":"C:\\Windows\\system32\\","ProcessId":"2860","TerminalSessionId":"0","ParentImage":"-","ProcessGuid":"{2b62dd35-3c6c-6573-2508-000000002300}","Product":"Microsoft® Windows® Operating System","Description":"Windows Command Processor","IntegrityLevel":"High","Image":"C:\\Windows\\System32\\cmd.exe","RuleName":"-","User":"NORTH\\robb.stark","ParentProcessGuid":"{00000000-0000-0000-0000-000000000000}","CommandLine":"cmd.exe /c powershell New-PSDrive -Name \"Public\" -PSProvider \"FileSystem\" -Root \"\\\\Bravos\\private\"","LogonId":"0xdaf203","UtcTime":"2023-12-08 15:55:24.286","Hashes":"MD5=911D039E71583A07320B32BDE22F8E22,SHA256=BC866CFCDDA37E24DC2634DC282C7A0E6F55209DA17A8FA105B07414C0E7C527,IMPHASH=272245E2988E1E430500B852C4FB5E18","ParentUser":"-","ParentCommandLine":"-","LogonGuid":"{2b62dd35-3c6c-6573-03f2-da0000000000}","ParentProcessId":"1592","Company":"Microsoft Corporation"},"OpenWEC":{"IpAddress":"10.202.0.184","TimeReceived":"2023-12-08T15:55:55.233131936+00:00","Principal":"WINTERFELL$@NORTH.SEVENKINGDOMS.LOCAL","Subscription":{"Uuid":"CB04741B-9072-4E2D-B769-3570FA020BBD","Version":"6E053E8A-FE0D-45A0-A863-C501EEDB4011","Name":"anssi-subscription"}}}
{"System":{"Provider":{"Name":"Microsoft-Windows-Sysmon","Guid":"{5770385f-c22a-43e0-bf4c-06f5698ffbd9}"},"EventID":1,"Version":5,"Level":4,"Task":1,"Opcode":0,"Keywords":"0x8000000000000000","TimeCreated":"2023-12-08T15:55:24.333638300Z","EventRecordID":10427,"Correlation":{},"Execution":{"ProcessID":3248,"ThreadID":3876},"Channel":"Microsoft-Windows-Sysmon/Operational","Computer":"winterfell.north.sevenkingdoms.local","UserID":"S-1-5-18"},"EventData":{"Description":"Windows PowerShell","ParentProcessGuid":"{2b62dd35-3c6c-6573-2508-000000002300}","Hashes":"MD5=7353F60B1739074EB17C5F4DDDEFE239,SHA256=DE96A6E69944335375DC1AC238336066889D9FFC7D73628EF4FE1B1B160AB32C,IMPHASH=741776AACCFC5B71FF59832DCDCACE0F","Company":"Microsoft Corporation","ParentImage":"C:\\Windows\\System32\\cmd.exe","IntegrityLevel":"High","ProcessId":"2620","ParentUser":"NORTH\\robb.stark","Image":"C:\\Windows\\System32\\WindowsPowerShell\\v1.0\\powershell.exe","ProcessGuid":"{2b62dd35-3c6c-6573-2708-000000002300}","LogonGuid":"{2b62dd35-3c6c-6573-03f2-da0000000000}","TerminalSessionId":"0","FileVersion":"10.0.17763.1 (WinBuild.160101.0800)","Product":"Microsoft® Windows® Operating System","CommandLine":"powershell  New-PSDrive -Name \"Public\" -PSProvider \"FileSystem\" -Root \"\\\\Bravos\\private\"","ParentProcessId":"2860","RuleName":"-","User":"NORTH\\robb.stark","ParentCommandLine":"cmd.exe /c powershell New-PSDrive -Name \"Public\" -PSProvider \"FileSystem\" -Root \"\\\\Bravos\\private\"","CurrentDirectory":"C:\\Windows\\system32\\","LogonId":"0xdaf203","UtcTime":"2023-12-08 15:55:24.327","OriginalFileName":"PowerShell.EXE"},"OpenWEC":{"IpAddress":"10.202.0.184","TimeReceived":"2023-12-08T15:55:55.233131936+00:00","Principal":"WINTERFELL$@NORTH.SEVENKINGDOMS.LOCAL","Subscription":{"Uuid":"CB04741B-9072-4E2D-B769-3570FA020BBD","Version":"6E053E8A-FE0D-45A0-A863-C501EEDB4011","Name":"anssi-subscription"}}}
{"System":{"Provider":{"Name":"Microsoft-Windows-Sysmon","Guid":"{5770385f-c22a-43e0-bf4c-06f5698ffbd9}"},"EventID":11,"Version":2,"Level":4,"Task":11,"Opcode":0,"Keywords":"0x8000000000000000","TimeCreated":"2023-12-08T15:55:24.387814400Z","EventRecordID":10428,"Correlation":{},"Execution":{"ProcessID":3248,"ThreadID":3876},"Channel":"Microsoft-Windows-Sysmon/Operational","Computer":"winterfell.north.sevenkingdoms.local","UserID":"S-1-5-18"},"EventData":{"Image":"C:\\Windows\\System32\\WindowsPowerShell\\v1.0\\powershell.exe","User":"NORTH\\robb.stark","RuleName":"-","ProcessId":"2620","CreationUtcTime":"2023-12-08 15:55:24.382","UtcTime":"2023-12-08 15:55:24.382","TargetFilename":"C:\\Users\\robb.stark\\AppData\\Local\\Temp\\__PSScriptPolicyTest_haxr5soy.xrg.ps1","ProcessGuid":"{2b62dd35-3c6c-6573-2708-000000002300}"},"OpenWEC":{"IpAddress":"10.202.0.184","TimeReceived":"2023-12-08T15:55:55.233131936+00:00","Principal":"WINTERFELL$@NORTH.SEVENKINGDOMS.LOCAL","Subscription":{"Uuid":"CB04741B-9072-4E2D-B769-3570FA020BBD","Version":"6E053E8A-FE0D-45A0-A863-C501EEDB4011","Name":"anssi-subscription"}}}
{"System":{"Provider":{"Name":"Microsoft-Windows-TaskScheduler","Guid":"{de7b24ea-73c8-4a09-985d-5bdadcfa9017}"},"EventID":107,"Version":0,"Level":4,"Task":107,"Opcode":0,"Keywords":"0x8000000000000000","TimeCreated":"2023-12-08T15:55:24.263407500Z","EventRecordID":49875,"Correlation":{"ActivityID":"{4d83f9f5-01f2-4322-8a70-3b2e5d1ba692}"},"Execution":{"ProcessID":1592,"ThreadID":1052},"Channel":"Microsoft-Windows-TaskScheduler/Operational","Computer":"winterfell.north.sevenkingdoms.local","UserID":"S-1-5-18"},"EventData":{"InstanceId":"{4d83f9f5-01f2-4322-8a70-3b2e5d1ba692}","TaskName":"\\responder_bot"},"OpenWEC":{"IpAddress":"10.202.0.184","TimeReceived":"2023-12-08T15:55:55.233131936+00:00","Principal":"WINTERFELL$@NORTH.SEVENKINGDOMS.LOCAL","Subscription":{"Uuid":"CB04741B-9072-4E2D-B769-3570FA020BBD","Version":"6E053E8A-FE0D-45A0-A863-C501EEDB4011","Name":"anssi-subscription"}}}
{"System":{"Provider":{"Name":"Microsoft-Windows-Security-Auditing","Guid":"{54849625-5478-4994-a5ba-3e3b0328c30d}"},"EventID":4648,"Version":0,"Level":0,"Task":12544,"Opcode":0,"Keywords":"0x8020000000000000","TimeCreated":"2023-12-08T15:55:24.262965300Z","EventRecordID":157883,"Correlation":{"ActivityID":"{82a8a277-29fd-0000-eca2-a882fd29da01}"},"Execution":{"ProcessID":652,"ThreadID":6040},"Channel":"Security","Computer":"winterfell.north.sevenkingdoms.local"},"EventData":{"TargetServerName":"localhost","IpAddress":"-","SubjectDomainName":"NORTH","ProcessName":"C:\\Windows\\System32\\svchost.exe","SubjectUserSid":"S-1-5-18","TargetInfo":"localhost","IpPort":"-","ProcessId":"0x638","SubjectLogonId":"0x3e7","TargetUserName":"robb.stark","SubjectUserName":"WINTERFELL$","LogonGuid":"{00000000-0000-0000-0000-000000000000}","TargetDomainName":"NORTH","TargetLogonGuid":"{81db730c-032a-df93-2952-7fd78b69a89f}"},"OpenWEC":{"IpAddress":"10.202.0.184","TimeReceived":"2023-12-08T15:55:55.233131936+00:00","Principal":"WINTERFELL$@NORTH.SEVENKINGDOMS.LOCAL","Subscription":{"Uuid":"CB04741B-9072-4E2D-B769-3570FA020BBD","Version":"6E053E8A-FE0D-45A0-A863-C501EEDB4011","Name":"anssi-subscription"}}}
{"System":{"Provider":{"Name":"Microsoft-Windows-Security-Auditing","Guid":"{54849625-5478-4994-a5ba-3e3b0328c30d}"},"EventID":4624,"Version":2,"Level":0,"Task":12544,"Opcode":0,"Keywords":"0x8020000000000000","TimeCreated":"2023-12-08T15:55:24.263075300Z","EventRecordID":157884,"Correlation":{"ActivityID":"{82a8a277-29fd-0000-eca2-a882fd29da01}"},"Execution":{"ProcessID":652,"ThreadID":6040},"Channel":"Security","Computer":"winterfell.north.sevenkingdoms.local"},"EventData":{"TargetUserSid":"S-1-5-21-2431860994-719566178-239256710-1113","ImpersonationLevel":"%%1833","SubjectDomainName":"NORTH","SubjectLogonId":"0x3e7","LogonProcessName":"Advapi  ","LmPackageName":"-","SubjectUserName":"WINTERFELL$","ProcessName":"C:\\Windows\\System32\\svchost.exe","IpPort":"-","LogonType":"4","TargetOutboundUserName":"-","TargetUserName":"robb.stark","VirtualAccount":"%%1843","KeyLength":"0","WorkstationName":"WINTERFELL","TargetLinkedLogonId":"0x0","IpAddress":"-","ElevatedToken":"%%1842","RestrictedAdminMode":"-","SubjectUserSid":"S-1-5-18","AuthenticationPackageName":"Negotiate","TargetDomainName":"NORTH","TargetOutboundDomainName":"-","TransmittedServices":"-","TargetLogonId":"0xdaf203","LogonGuid":"{81db730c-032a-df93-2952-7fd78b69a89f}","ProcessId":"0x638"},"OpenWEC":{"IpAddress":"10.202.0.184","TimeReceived":"2023-12-08T15:55:55.233131936+00:00","Principal":"WINTERFELL$@NORTH.SEVENKINGDOMS.LOCAL","Subscription":{"Uuid":"CB04741B-9072-4E2D-B769-3570FA020BBD","Version":"6E053E8A-FE0D-45A0-A863-C501EEDB4011","Name":"anssi-subscription"}}}
{"System":{"Provider":{"Name":"Microsoft-Windows-Security-Auditing","Guid":"{54849625-5478-4994-a5ba-3e3b0328c30d}"},"EventID":4672,"Version":0,"Level":0,"Task":12548,"Opcode":0,"Keywords":"0x8020000000000000","TimeCreated":"2023-12-08T15:55:24.263082100Z","EventRecordID":157885,"Correlation":{"ActivityID":"{82a8a277-29fd-0000-eca2-a882fd29da01}"},"Execution":{"ProcessID":652,"ThreadID":6040},"Channel":"Security","Computer":"winterfell.north.sevenkingdoms.local"},"EventData":{"SubjectDomainName":"NORTH","SubjectLogonId":"0xdaf203","SubjectUserSid":"S-1-5-21-2431860994-719566178-239256710-1113","SubjectUserName":"robb.stark","PrivilegeList":"SeSecurityPrivilege\n\t\t\tSeTakeOwnershipPrivilege\n\t\t\tSeLoadDriverPrivilege\n\t\t\tSeBackupPrivilege\n\t\t\tSeRestorePrivilege\n\t\t\tSeDebugPrivilege\n\t\t\tSeSystemEnvironmentPrivilege\n\t\t\tSeEnableDelegationPrivilege\n\t\t\tSeImpersonatePrivilege\n\t\t\tSeDelegateSessionUserImpersonatePrivilege"},"OpenWEC":{"IpAddress":"10.202.0.184","TimeReceived":"2023-12-08T15:55:55.233131936+00:00","Principal":"WINTERFELL$@NORTH.SEVENKINGDOMS.LOCAL","Subscription":{"Uuid":"CB04741B-9072-4E2D-B769-3570FA020BBD","Version":"6E053E8A-FE0D-45A0-A863-C501EEDB4011","Name":"anssi-subscription"}}}
{"System":{"Provider":{"Name":"Microsoft-Windows-Security-Auditing","Guid":"{54849625-5478-4994-a5ba-3e3b0328c30d}"},"EventID":4688,"Version":2,"Level":0,"Task":13312,"Opcode":0,"Keywords":"0x8020000000000000","TimeCreated":"2023-12-08T15:55:24.267215600Z","EventRecordID":157886,"Correlation":{},"Execution":{"ProcessID":4,"ThreadID":2556},"Channel":"Security","Computer":"winterfell.north.sevenkingdoms.local"},"EventData":{"TargetDomainName":"-","SubjectDomainName":"NORTH","CommandLine":"","NewProcessId":"0xba4","ProcessId":"0x35c","TargetLogonId":"0x0","ParentProcessName":"C:\\Windows\\System32\\svchost.exe","SubjectUserName":"WINTERFELL$","SubjectLogonId":"0x3e7","TargetUserName":"-","TargetUserSid":"S-1-0-0","MandatoryLabel":"S-1-16-16384","NewProcessName":"C:\\Windows\\System32\\dllhost.exe","TokenElevationType":"%%1936","SubjectUserSid":"S-1-5-18"},"OpenWEC":{"IpAddress":"10.202.0.184","TimeReceived":"2023-12-08T15:55:55.233131936+00:00","Principal":"WINTERFELL$@NORTH.SEVENKINGDOMS.LOCAL","Subscription":{"Uuid":"CB04741B-9072-4E2D-B769-3570FA020BBD","Version":"6E053E8A-FE0D-45A0-A863-C501EEDB4011","Name":"anssi-subscription"}}}
{"System":{"Provider":{"Name":"Microsoft-Windows-Security-Auditing","Guid":"{54849625-5478-4994-a5ba-3e3b0328c30d}"},"EventID":4688,"Version":2,"Level":0,"Task":13312,"Opcode":0,"Keywords":"0x8020000000000000","TimeCreated":"2023-12-08T15:55:24.286960800Z","EventRecordID":157887,"Correlation":{},"Execution":{"ProcessID":4,"ThreadID":2556},"Channel":"Security","Computer":"winterfell.north.sevenkingdoms.local"},"EventData":{"TargetDomainName":"NORTH","ParentProcessName":"C:\\Windows\\System32\\svchost.exe","SubjectUserName":"WINTERFELL$","SubjectUserSid":"S-1-5-18","TokenElevationType":"%%1936","NewProcessId":"0xb2c","ProcessId":"0x638","NewProcessName":"C:\\Windows\\System32\\cmd.exe","SubjectDomainName":"NORTH","CommandLine":"","TargetUserName":"robb.stark","TargetLogonId":"0xdaf203","SubjectLogonId":"0x3e7","MandatoryLabel":"S-1-16-12288","TargetUserSid":"S-1-0-0"},"OpenWEC":{"IpAddress":"10.202.0.184","TimeReceived":"2023-12-08T15:55:55.233131936+00:00","Principal":"WINTERFELL$@NORTH.SEVENKINGDOMS.LOCAL","Subscription":{"Uuid":"CB04741B-9072-4E2D-B769-3570FA020BBD","Version":"6E053E8A-FE0D-45A0-A863-C501EEDB4011","Name":"anssi-subscription"}}}
{"System":{"Provider":{"Name":"Microsoft-Windows-TaskScheduler","Guid":"{de7b24ea-73c8-4a09-985d-5bdadcfa9017}"},"EventID":129,"Version":0,"Level":4,"Task":129,"Opcode":0,"Keywords":"0x8000000000000000","TimeCreated":"2023-12-08T15:55:24.289472900Z","EventRecordID":49876,"Correlation":{},"Execution":{"ProcessID":1592,"ThreadID":1052},"Channel":"Microsoft-Windows-TaskScheduler/Operational","Computer":"winterfell.north.sevenkingdoms.local","UserID":"S-1-5-18"},"EventData":{"TaskName":"\\responder_bot","Path":"cmd.exe","ProcessID":"2860","Priority":"16384"},"OpenWEC":{"IpAddress":"10.202.0.184","TimeReceived":"2023-12-08T15:55:55.233131936+00:00","Principal":"WINTERFELL$@NORTH.SEVENKINGDOMS.LOCAL","Subscription":{"Uuid":"CB04741B-9072-4E2D-B769-3570FA020BBD","Version":"6E053E8A-FE0D-45A0-A863-C501EEDB4011","Name":"anssi-subscription"}}}
{"System":{"Provider":{"Name":"Microsoft-Windows-TaskScheduler","Guid":"{de7b24ea-73c8-4a09-985d-5bdadcfa9017}"},"EventID":100,"Version":0,"Level":4,"Task":100,"Opcode":1,"Keywords":"0x8000000000000001","TimeCreated":"2023-12-08T15:55:24.289693400Z","EventRecordID":49877,"Correlation":{"ActivityID":"{4d83f9f5-01f2-4322-8a70-3b2e5d1ba692}"},"Execution":{"ProcessID":1592,"ThreadID":1052},"Channel":"Microsoft-Windows-TaskScheduler/Operational","Computer":"winterfell.north.sevenkingdoms.local","UserID":"S-1-5-18"},"EventData":{"UserContext":"NORTH\\robb.stark","TaskName":"\\responder_bot","InstanceId":"{4d83f9f5-01f2-4322-8a70-3b2e5d1ba692}"},"OpenWEC":{"IpAddress":"10.202.0.184","TimeReceived":"2023-12-08T15:55:55.233131936+00:00","Principal":"WINTERFELL$@NORTH.SEVENKINGDOMS.LOCAL","Subscription":{"Uuid":"CB04741B-9072-4E2D-B769-3570FA020BBD","Version":"6E053E8A-FE0D-45A0-A863-C501EEDB4011","Name":"anssi-subscription"}}}
{"System":{"Provider":{"Name":"Microsoft-Windows-TaskScheduler","Guid":"{de7b24ea-73c8-4a09-985d-5bdadcfa9017}"},"EventID":200,"Version":1,"Level":4,"Task":200,"Opcode":1,"Keywords":"0x8000000000000000","TimeCreated":"2023-12-08T15:55:24.289694700Z","EventRecordID":49878,"Correlation":{"ActivityID":"{4d83f9f5-01f2-4322-8a70-3b2e5d1ba692}"},"Execution":{"ProcessID":1592,"ThreadID":1052},"Channel":"Microsoft-Windows-TaskScheduler/Operational","Computer":"winterfell.north.sevenkingdoms.local","UserID":"S-1-5-18"},"EventData":{"ActionName":"cmd.exe","EnginePID":"2860","TaskInstanceId":"{4d83f9f5-01f2-4322-8a70-3b2e5d1ba692}","TaskName":"\\responder_bot"},"OpenWEC":{"IpAddress":"10.202.0.184","TimeReceived":"2023-12-08T15:55:55.233131936+00:00","Principal":"WINTERFELL$@NORTH.SEVENKINGDOMS.LOCAL","Subscription":{"Uuid":"CB04741B-9072-4E2D-B769-3570FA020BBD","Version":"6E053E8A-FE0D-45A0-A863-C501EEDB4011","Name":"anssi-subscription"}}}
{"System":{"Provider":{"Name":"Microsoft-Windows-Security-Auditing","Guid":"{54849625-5478-4994-a5ba-3e3b0328c30d}"},"EventID":4688,"Version":2,"Level":0,"Task":13312,"Opcode":0,"Keywords":"0x8020000000000000","TimeCreated":"2023-12-08T15:55:24.292957900Z","EventRecordID":157888,"Correlation":{},"Execution":{"ProcessID":4,"ThreadID":2556},"Channel":"Security","Computer":"winterfell.north.sevenkingdoms.local"},"EventData":{"CommandLine":"","TargetLogonId":"0x0","ProcessId":"0xb2c","SubjectLogonId":"0xdaf203","TargetUserName":"-","MandatoryLabel":"S-1-16-12288","SubjectUserName":"robb.stark","TargetDomainName":"-","TokenElevationType":"%%1936","NewProcessId":"0x6bc","SubjectUserSid":"S-1-5-21-2431860994-719566178-239256710-1113","TargetUserSid":"S-1-0-0","NewProcessName":"C:\\Windows\\System32\\conhost.exe","ParentProcessName":"C:\\Windows\\System32\\cmd.exe","SubjectDomainName":"NORTH"},"OpenWEC":{"IpAddress":"10.202.0.184","TimeReceived":"2023-12-08T15:55:55.233131936+00:00","Principal":"WINTERFELL$@NORTH.SEVENKINGDOMS.LOCAL","Subscription":{"Uuid":"CB04741B-9072-4E2D-B769-3570FA020BBD","Version":"6E053E8A-FE0D-45A0-A863-C501EEDB4011","Name":"anssi-subscription"}}}
{"System":{"Provider":{"Name":"Microsoft-Windows-Security-Auditing","Guid":"{54849625-5478-4994-a5ba-3e3b0328c30d}"},"EventID":4688,"Version":2,"Level":0,"Task":13312,"Opcode":0,"Keywords":"0x8020000000000000","TimeCreated":"2023-12-08T15:55:24.327984000Z","EventRecordID":157889,"Correlation":{},"Execution":{"ProcessID":4,"ThreadID":2556},"Channel":"Security","Computer":"winterfell.north.sevenkingdoms.local"},"EventData":{"TargetUserName":"-","CommandLine":"","SubjectLogonId":"0xdaf203","TokenElevationType":"%%1936","NewProcessId":"0xa3c","NewProcessName":"C:\\Windows\\System32\\WindowsPowerShell\\v1.0\\powershell.exe","MandatoryLabel":"S-1-16-12288","SubjectDomainName":"NORTH","TargetLogonId":"0x0","ProcessId":"0xb2c","SubjectUserName":"robb.stark","TargetDomainName":"-","SubjectUserSid":"S-1-5-21-2431860994-719566178-239256710-1113","TargetUserSid":"S-1-0-0","ParentProcessName":"C:\\Windows\\System32\\cmd.exe"},"OpenWEC":{"IpAddress":"10.202.0.184","TimeReceived":"2023-12-08T15:55:55.233131936+00:00","Principal":"WINTERFELL$@NORTH.SEVENKINGDOMS.LOCAL","Subscription":{"Uuid":"CB04741B-9072-4E2D-B769-3570FA020BBD","Version":"6E053E8A-FE0D-45A0-A863-C501EEDB4011","Name":"anssi-subscription"}}}
{"System":{"Provider":{"Name":"Microsoft-Windows-Sysmon","Guid":"{5770385f-c22a-43e0-bf4c-06f5698ffbd9}"},"EventID":10,"Version":3,"Level":4,"Task":10,"Opcode":0,"Keywords":"0x8000000000000000","TimeCreated":"2023-12-08T15:55:25.276113400Z","EventRecordID":10429,"Correlation":{},"Execution":{"ProcessID":3248,"ThreadID":3876},"Channel":"Microsoft-Windows-Sysmon/Operational","Computer":"winterfell.north.sevenkingdoms.local","UserID":"S-1-5-18"},"EventData":{"SourceImage":"C:\\Windows\\sysmon64.exe","SourceProcessGUID":"{2b62dd35-e477-6572-4e00-000000002300}","CallTrace":"C:\\Windows\\SYSTEM32\\ntdll.dll+9feb4|C:\\Windows\\SYSTEM32\\ntdll.dll+7d367|C:\\Windows\\System32\\KERNEL32.DLL+1c5b4|C:\\Windows\\System32\\KERNEL32.DLL+237f8|C:\\Windows\\sysmon64.exe+ec5cd|C:\\Windows\\sysmon64.exe+edeb7|C:\\Windows\\sysmon64.exe+12e889|C:\\Windows\\sysmon64.exe+ee90e|C:\\Windows\\sysmon64.exe+eecd3|C:\\Windows\\sysmon64.exe+10bd88|C:\\Windows\\sysmon64.exe+e22d1|C:\\Windows\\sysmon64.exe+e2427|C:\\Windows\\System32\\sechost.dll+dc61|C:\\Windows\\System32\\sechost.dll+d9a9|C:\\Windows\\System32\\sechost.dll+13d4e|C:\\Windows\\sysmon64.exe+e25ba|C:\\Windows\\sysmon64.exe+1a9ad2|C:\\Windows\\System32\\KERNEL32.DLL+17974|C:\\Windows\\SYSTEM32\\ntdll.dll+5a2f1","TargetUser":"NT AUTHORITY\\SYSTEM","RuleName":"-","UtcTime":"2023-12-08 15:55:25.273","SourceThreadId":"3932","SourceProcessId":"3248","TargetProcessId":"652","TargetImage":"C:\\Windows\\system32\\lsass.exe","GrantedAccess":"0x1fffff","SourceUser":"NT AUTHORITY\\SYSTEM","TargetProcessGUID":"{2b62dd35-54d9-6573-0c00-000000002300}"},"OpenWEC":{"IpAddress":"10.202.0.184","TimeReceived":"2023-12-08T15:55:55.233131936+00:00","Principal":"WINTERFELL$@NORTH.SEVENKINGDOMS.LOCAL","Subscription":{"Uuid":"CB04741B-9072-4E2D-B769-3570FA020BBD","Version":"6E053E8A-FE0D-45A0-A863-C501EEDB4011","Name":"anssi-subscription"}}}
{"System":{"Provider":{"Name":"Microsoft-Windows-Sysmon","Guid":"{5770385f-c22a-43e0-bf4c-06f5698ffbd9}"},"EventID":22,"Version":5,"Level":4,"Task":22,"Opcode":0,"Keywords":"0x8000000000000000","TimeCreated":"2023-12-08T15:55:25.276600500Z","EventRecordID":10430,"Correlation":{},"Execution":{"ProcessID":3248,"ThreadID":3932},"Channel":"Microsoft-Windows-Sysmon/Operational","Computer":"winterfell.north.sevenkingdoms.local","UserID":"S-1-5-18"},"EventData":{"ProcessId":"652","QueryResults":"10.202.0.184;192.168.56.11;10.0.2.15;","Image":"C:\\Windows\\system32\\lsass.exe","RuleName":"-","User":"NT AUTHORITY\\SYSTEM","QueryName":"winterfell","UtcTime":"2023-12-08 12:36:18.884","QueryStatus":"0","ProcessGuid":"{2b62dd35-54d9-6573-0c00-000000002300}"},"OpenWEC":{"IpAddress":"10.202.0.184","TimeReceived":"2023-12-08T15:55:55.233131936+00:00","Principal":"WINTERFELL$@NORTH.SEVENKINGDOMS.LOCAL","Subscription":{"Uuid":"CB04741B-9072-4E2D-B769-3570FA020BBD","Version":"6E053E8A-FE0D-45A0-A863-C501EEDB4011","Name":"anssi-subscription"}}}
