{"System":{"Provider":{"Name":"Microsoft-Windows-EventForwarder"},"EventID":111,"TimeCreated":"2023-12-08T15:43:29.573Z","Computer":"winterfell.north.sevenkingdoms.local"},"OpenWEC":{"IpAddress":"10.202.0.184","TimeReceived":"2023-12-08T15:43:29.581942504+00:00","Principal":"WINTERFELL$@NORTH.SEVENKINGDOMS.LOCAL","Subscription":{"Uuid":"CB04741B-9072-4E2D-B769-3570FA020BBD","Version":"6E053E8A-FE0D-45A0-A863-C501EEDB4011","Name":"anssi-subscription"}}}
{"System":{"Provider":{"Name":"Microsoft-Windows-Sysmon","Guid":"{5770385f-c22a-43e0-bf4c-06f5698ffbd9}"},"EventID":11,"Version":2,"Level":4,"Task":11,"Opcode":0,"Keywords":"0x8000000000000000","TimeCreated":"2023-12-08T15:43:29.563178900Z","EventRecordID":10004,"Correlation":{},"Execution":{"ProcessID":3248,"ThreadID":3876},"Channel":"Microsoft-Windows-Sysmon/Operational","Computer":"winterfell.north.sevenkingdoms.local","UserID":"S-1-5-18"},"EventData":{"UtcTime":"2023-12-08 15:43:29.557","TargetFilename":"C:\\Windows\\System32\\winevt\\Logs\\Microsoft-Windows-AppLocker%4EXE and DLL.evtx","ProcessGuid":"{2b62dd35-54db-6573-1b00-000000002300}","RuleName":"-","ProcessId":"1156","Image":"C:\\Windows\\System32\\svchost.exe","User":"NT AUTHORITY\\LOCAL SERVICE","CreationUtcTime":"2023-12-08 15:43:29.557"},"OpenWEC":{"IpAddress":"10.202.0.184","TimeReceived":"2023-12-08T15:44:00.586479166+00:00","Principal":"WINTERFELL$@NORTH.SEVENKINGDOMS.LOCAL","Subscription":{"Uuid":"CB04741B-9072-4E2D-B769-3570FA020BBD","Version":"6E053E8A-FE0D-45A0-A863-C501EEDB4011","Name":"anssi-subscription"}}}
{"System":{"Provider":{"Name":"Microsoft-Windows-Sysmon","Guid":"{5770385f-c22a-43e0-bf4c-06f5698ffbd9}"},"EventID":11,"Version":2,"Level":4,"Task":11,"Opcode":0,"Keywords":"0x8000000000000000","TimeCreated":"2023-12-08T15:43:29.564389200Z","EventRecordID":10005,"Correlation":{},"Execution":{"ProcessID":3248,"ThreadID":3876},"Channel":"Microsoft-Windows-Sysmon/Operational","Computer":"winterfell.north.sevenkingdoms.local","UserID":"S-1-5-18"},"EventData":{"UtcTime":"2023-12-08 15:43:29.557","ProcessId":"1156","CreationUtcTime":"2023-12-08 15:43:29.557","ProcessGuid":"{2b62dd35-54db-6573-1b00-000000002300}","User":"NT AUTHORITY\\LOCAL SERVICE","RuleName":"-","TargetFilename":"C:\\Windows\\System32\\winevt\\Logs\\Microsoft-Windows-AppLocker%4MSI and Script.evtx","Image":"C:\\Windows\\System32\\svchost.exe"},"OpenWEC":{"IpAddress":"10.202.0.184","TimeReceived":"2023-12-08T15:44:00.586479166+00:00","Principal":"WINTERFELL$@NORTH.SEVENKINGDOMS.LOCAL","Subscription":{"Uuid":"CB04741B-9072-4E2D-B769-3570FA020BBD","Version":"6E053E8A-FE0D-45A0-A863-C501EEDB4011","Name":"anssi-subscription"}}}
{"System":{"Provider":{"Name":"Microsoft-Windows-Sysmon","Guid":"{5770385f-c22a-43e0-bf4c-06f5698ffbd9}"},"EventID":11,"Version":2,"Level":4,"Task":11,"Opcode":0,"Keywords":"0x8000000000000000","TimeCreated":"2023-12-08T15:43:29.565969400Z","EventRecordID":10006,"Correlation":{},"Execution":{"ProcessID":3248,"ThreadID":3876},"Channel":"Microsoft-Windows-Sysmon/Operational","Computer":"winterfell.north.sevenkingdoms.local","UserID":"S-1-5-18"},"EventData":{"Image":"C:\\Windows\\System32\\svchost.exe","ProcessGuid":"{2b62dd35-54db-6573-1b00-000000002300}","User":"NT AUTHORITY\\LOCAL SERVICE","TargetFilename":"C:\\Windows\\System32\\winevt\\Logs\\Microsoft-Windows-AppLocker%4Packaged app-Deployment.evtx","RuleName":"-","CreationUtcTime":"2023-12-08 15:43:29.557","UtcTime":"2023-12-08 15:43:29.557","ProcessId":"1156"},"OpenWEC":{"IpAddress":"10.202.0.184","TimeReceived":"2023-12-08T15:44:00.586479166+00:00","Principal":"WINTERFELL$@NORTH.SEVENKINGDOMS.LOCAL","Subscription":{"Uuid":"CB04741B-9072-4E2D-B769-3570FA020BBD","Version":"6E053E8A-FE0D-45A0-A863-C501EEDB4011","Name":"anssi-subscription"}}}
{"System":{"Provider":{"Name":"Microsoft-Windows-Sysmon","Guid":"{5770385f-c22a-43e0-bf4c-06f5698ffbd9}"},"EventID":11,"Version":2,"Level":4,"Task":11,"Opcode":0,"Keywords":"0x8000000000000000","TimeCreated":"2023-12-08T15:43:29.567633400Z","EventRecordID":10007,"Correlation":{},"Execution":{"ProcessID":3248,"ThreadID":3876},"Channel":"Microsoft-Windows-Sysmon/Operational","Computer":"winterfell.north.sevenkingdoms.local","UserID":"S-1-5-18"},"EventData":{"ProcessGuid":"{2b62dd35-54db-6573-1b00-000000002300}","ProcessId":"1156","TargetFilename":"C:\\Windows\\System32\\winevt\\Logs\\Microsoft-Windows-AppLocker%4Packaged app-Execution.evtx","CreationUtcTime":"2023-12-08 15:43:29.557","UtcTime":"2023-12-08 15:43:29.557","RuleName":"-","Image":"C:\\Windows\\System32\\svchost.exe","User":"NT AUTHORITY\\LOCAL SERVICE"},"OpenWEC":{"IpAddress":"10.202.0.184","TimeReceived":"2023-12-08T15:44:00.586479166+00:00","Principal":"WINTERFELL$@NORTH.SEVENKINGDOMS.LOCAL","Subscription":{"Uuid":"CB04741B-9072-4E2D-B769-3570FA020BBD","Version":"6E053E8A-FE0D-45A0-A863-C501EEDB4011","Name":"anssi-subscription"}}}
{"System":{"Provider":{"Name":"Microsoft-Windows-Sysmon","Guid":"{5770385f-c22a-43e0-bf4c-06f5698ffbd9}"},"EventID":11,"Version":2,"Level":4,"Task":11,"Opcode":0,"Keywords":"0x8000000000000000","TimeCreated":"2023-12-08T15:43:29.569325700Z","EventRecordID":10008,"Correlation":{},"Execution":{"ProcessID":3248,"ThreadID":3876},"Channel":"Microsoft-Windows-Sysmon/Operational","Computer":"winterfell.north.sevenkingdoms.local","UserID":"S-1-5-18"},"EventData":{"TargetFilename":"C:\\Windows\\System32\\winevt\\Logs\\Microsoft-Windows-EventCollector%4Operational.evtx","RuleName":"-","CreationUtcTime":"2023-12-08 15:43:29.557","Image":"C:\\Windows\\System32\\svchost.exe","User":"NT AUTHORITY\\LOCAL SERVICE","UtcTime":"2023-12-08 15:43:29.557","ProcessId":"1156","ProcessGuid":"{2b62dd35-54db-6573-1b00-000000002300}"},"OpenWEC":{"IpAddress":"10.202.0.184","TimeReceived":"2023-12-08T15:44:00.586479166+00:00","Principal":"WINTERFELL$@NORTH.SEVENKINGDOMS.LOCAL","Subscription":{"Uuid":"CB04741B-9072-4E2D-B769-3570FA020BBD","Version":"6E053E8A-FE0D-45A0-A863-C501EEDB4011","Name":"anssi-subscription"}}}
{"System":{"Provider":{"Name":"Microsoft-Windows-Sysmon","Guid":"{5770385f-c22a-43e0-bf4c-06f5698ffbd9}"},"EventID":11,"Version":2,"Level":4,"Task":11,"Opcode":0,"Keywords":"0x8000000000000000","TimeCreated":"2023-12-08T15:43:29.571419000Z","EventRecordID":10009,"Correlation":{},"Execution":{"ProcessID":3248,"ThreadID":3876},"Channel":"Microsoft-Windows-Sysmon/Operational","Computer":"winterfell.north.sevenkingdoms.local","UserID":"S-1-5-18"},"EventData":{"RuleName":"-","ProcessGuid":"{2b62dd35-54db-6573-1b00-000000002300}","UtcTime":"2023-12-08 15:43:29.557","ProcessId":"1156","User":"NT AUTHORITY\\LOCAL SERVICE","TargetFilename":"C:\\Windows\\System32\\winevt\\Logs\\Microsoft-Windows-SmartCard-Audit%4Authentication.evtx","Image":"C:\\Windows\\System32\\svchost.exe","CreationUtcTime":"2023-12-08 15:43:29.557"},"OpenWEC":{"IpAddress":"10.202.0.184","TimeReceived":"2023-12-08T15:44:00.586479166+00:00","Principal":"WINTERFELL$@NORTH.SEVENKINGDOMS.LOCAL","Subscription":{"Uuid":"CB04741B-9072-4E2D-B769-3570FA020BBD","Version":"6E053E8A-FE0D-45A0-A863-C501EEDB4011","Name":"anssi-subscription"}}}
{"System":{"Provider":{"Name":"Microsoft-Windows-Sysmon","Guid":"{5770385f-c22a-43e0-bf4c-06f5698ffbd9}"},"EventID":3,"Version":5,"Level":4,"Task":3,"Opcode":0,"Keywords":"0x8000000000000000","TimeCreated":"2023-12-08T15:43:30.667411800Z","EventRecordID":10010,"Correlation":{},"Execution":{"ProcessID":3248,"ThreadID":3884},"Channel":"Microsoft-Windows-Sysmon/Operational","Computer":"winterfell.north.sevenkingdoms.local","UserID":"S-1-5-18"},"EventData":{"DestinationPort":"5985","DestinationPortName":"-","User":"NT AUTHORITY\\NETWORK SERVICE","SourceIp":"10.202.0.184","SourceHostname":"winterfell.north.sevenkingdoms.local","SourcePortName":"-","Image":"C:\\Windows\\System32\\svchost.exe","RuleName":"WinRM","Initiated":"true","DestinationIp":"10.202.0.154","ProcessGuid":"{2b62dd35-e477-6572-4d00-000000002300}","SourcePort":"64631","DestinationHostname":"-","ProcessId":"3228","UtcTime":"2023-12-08 12:24:24.186","DestinationIsIpv6":"false","Protocol":"tcp","SourceIsIpv6":"false"},"OpenWEC":{"IpAddress":"10.202.0.184","TimeReceived":"2023-12-08T15:44:00.586479166+00:00","Principal":"WINTERFELL$@NORTH.SEVENKINGDOMS.LOCAL","Subscription":{"Uuid":"CB04741B-9072-4E2D-B769-3570FA020BBD","Version":"6E053E8A-FE0D-45A0-A863-C501EEDB4011","Name":"anssi-subscription"}}}
{"System":{"Provider":{"Name":"Microsoft-Windows-Sysmon","Guid":"{5770385f-c22a-43e0-bf4c-06f5698ffbd9}"},"EventID":3,"Version":5,"Level":4,"Task":3,"Opcode":0,"Keywords":"0x8000000000000000","TimeCreated":"2023-12-08T15:43:30.667427400Z","EventRecordID":10011,"Correlation":{},"Execution":{"ProcessID":3248,"ThreadID":3884},"Channel":"Microsoft-Windows-Sysmon/Operational","Computer":"winterfell.north.sevenkingdoms.local","UserID":"S-1-5-18"},"EventData":{"Protocol":"tcp","ProcessGuid":"{2b62dd35-e477-6572-4d00-000000002300}","DestinationIsIpv6":"false","SourceIp":"10.202.0.184","SourceIsIpv6":"false","ProcessId":"3228","SourcePort":"64632","UtcTime":"2023-12-08 12:24:24.199","Image":"C:\\Windows\\System32\\svchost.exe","SourcePortName":"-","SourceHostname":"winterfell.north.sevenkingdoms.local","DestinationIp":"10.202.0.154","DestinationPort":"5985","DestinationPortName":"-","RuleName":"WinRM","Initiated":"true","DestinationHostname":"-","User":"NT AUTHORITY\\NETWORK SERVICE"},"OpenWEC":{"IpAddress":"10.202.0.184","TimeReceived":"2023-12-08T15:44:00.586479166+00:00","Principal":"WINTERFELL$@NORTH.SEVENKINGDOMS.LOCAL","Subscription":{"Uuid":"CB04741B-9072-4E2D-B769-3570FA020BBD","Version":"6E053E8A-FE0D-45A0-A863-C501EEDB4011","Name":"anssi-subscription"}}}
{"System":{"Provider":{"Name":"Microsoft-Windows-Sysmon","Guid":"{5770385f-c22a-43e0-bf4c-06f5698ffbd9}"},"EventID":10,"Version":3,"Level":4,"Task":10,"Opcode":0,"Keywords":"0x8000000000000000","TimeCreated":"2023-12-08T15:43:30.768972100Z","EventRecordID":10012,"Correlation":{},"Execution":{"ProcessID":3248,"ThreadID":3876},"Channel":"Microsoft-Windows-Sysmon/Operational","Computer":"winterfell.north.sevenkingdoms.local","UserID":"S-1-5-18"},"EventData":{"SourceProcessId":"948","SourceImage":"C:\\Windows\\system32\\svchost.exe","SourceProcessGUID":"{2b62dd35-54db-6573-1000-000000002300}","CallTrace":"C:\\Windows\\SYSTEM32\\ntdll.dll+9feb4|C:\\Windows\\System32\\KERNELBASE.dll+6c2f5|c:\\windows\\system32\\lsm.dll+f397|c:\\windows\\system32\\lsm.dll+df54|C:\\Windows\\System32\\RPCRT4.dll+784a3|C:\\Windows\\System32\\RPCRT4.dll+d9f9a|C:\\Windows\\System32\\RPCRT4.dll+1ac60|C:\\Windows\\System32\\RPCRT4.dll+508e8|C:\\Windows\\System32\\RPCRT4.dll+3ad80|C:\\Windows\\System32\\RPCRT4.dll+3a72b|C:\\Windows\\System32\\RPCRT4.dll+2c9cf|C:\\Windows\\System32\\RPCRT4.dll+2be2a|C:\\Windows\\System32\\RPCRT4.dll+2b3f1|C:\\Windows\\System32\\RPCRT4.dll+2ae62|C:\\Windows\\System32\\RPCRT4.dll+218d5|C:\\Windows\\SYSTEM32\\ntdll.dll+69c20|C:\\Windows\\SYSTEM32\\ntdll.dll+166e8|C:\\Windows\\System32\\KERNEL32.DLL+17974|C:\\Windows\\SYSTEM32\\ntdll.dll+5a2f1","RuleName":"-","TargetImage":"C:\\Windows\\system32\\lsass.exe","TargetUser":"NT AUTHORITY\\SYSTEM","TargetProcessGUID":"{2b62dd35-54d9-6573-0c00-000000002300}","GrantedAccess":"0x1000","SourceUser":"NT AUTHORITY\\SYSTEM","SourceThreadId":"1200","UtcTime":"2023-12-08 15:43:30.760","TargetProcessId":"652"},"OpenWEC":{"IpAddress":"10.202.0.184","TimeReceived":"2023-12-08T15:44:00.586479166+00:00","Principal":"WINTERFELL$@NORTH.SEVENKINGDOMS.LOCAL","Subscription":{"Uuid":"CB04741B-9072-4E2D-B769-3570FA020BBD","Version":"6E053E8A-FE0D-45A0-A863-C501EEDB4011","Name":"anssi-subscription"}}}
{"System":{"Provider":{"Name":"Microsoft-Windows-Sysmon","Guid":"{5770385f-c22a-43e0-bf4c-06f5698ffbd9}"},"EventID":10,"Version":3,"Level":4,"Task":10,"Opcode":0,"Keywords":"0x8000000000000000","TimeCreated":"2023-12-08T15:43:30.769240000Z","EventRecordID":10013,"Correlation":{},"Execution":{"ProcessID":3248,"ThreadID":3876},"Channel":"Microsoft-Windows-Sysmon/Operational","Computer":"winterfell.north.sevenkingdoms.local","UserID":"S-1-5-18"},"EventData":{"GrantedAccess":"0x1000","UtcTime":"2023-12-08 15:43:30.760","TargetProcessGUID":"{2b62dd35-54d9-6573-0c00-000000002300}","SourceProcessGUID":"{2b62dd35-54db-6573-1000-000000002300}","TargetImage":"C:\\Windows\\system32\\lsass.exe","SourceImage":"C:\\Windows\\system32\\svchost.exe","SourceThreadId":"1200","SourceProcessId":"948","SourceUser":"NT AUTHORITY\\SYSTEM","RuleName":"-","CallTrace":"C:\\Windows\\SYSTEM32\\ntdll.dll+9feb4|C:\\Windows\\System32\\KERNELBASE.dll+6c2f5|c:\\windows\\system32\\lsm.dll+e2ca|c:\\windows\\system32\\lsm.dll+e044|C:\\Windows\\System32\\RPCRT4.dll+784a3|C:\\Windows\\System32\\RPCRT4.dll+d9f9a|C:\\Windows\\System32\\RPCRT4.dll+1ac60|C:\\Windows\\System32\\RPCRT4.dll+508e8|C:\\Windows\\System32\\RPCRT4.dll+3ad80|C:\\Windows\\System32\\RPCRT4.dll+3a72b|C:\\Windows\\System32\\RPCRT4.dll+2c9cf|C:\\Windows\\System32\\RPCRT4.dll+2be2a|C:\\Windows\\System32\\RPCRT4.dll+2b3f1|C:\\Windows\\System32\\RPCRT4.dll+2ae62|C:\\Windows\\System32\\RPCRT4.dll+218d5|C:\\Windows\\SYSTEM32\\ntdll.dll+69c20|C:\\Windows\\SYSTEM32\\ntdll.dll+166e8|C:\\Windows\\System32\\KERNEL32.DLL+17974|C:\\Windows\\SYSTEM32\\ntdll.dll+5a2f1","TargetUser":"NT AUTHORITY\\SYSTEM","TargetProcessId":"652"},"OpenWEC":{"IpAddress":"10.202.0.184","TimeReceived":"2023-12-08T15:44:00.586479166+00:00","Principal":"WINTERFELL$@NORTH.SEVENKINGDOMS.LOCAL","Subscription":{"Uuid":"CB04741B-9072-4E2D-B769-3570FA020BBD","Version":"6E053E8A-FE0D-45A0-A863-C501EEDB4011","Name":"anssi-subscription"}}}
{"System":{"Provider":{"Name":"Microsoft-Windows-Sysmon","Guid":"{5770385f-c22a-43e0-bf4c-06f5698ffbd9}"},"EventID":1,"Version":5,"Level":4,"Task":1,"Opcode":0,"Keywords":"0x8000000000000000","TimeCreated":"2023-12-08T15:43:30.789435200Z","EventRecordID":10014,"Correlation":{},"Execution":{"ProcessID":3248,"ThreadID":3876},"Channel":"Microsoft-Windows-Sysmon/Operational","Computer":"winterfell.north.sevenkingdoms.local","UserID":"S-1-5-18"},"EventData":{"TerminalSessionId":"0","Image":"C:\\Windows\\System32\\dllhost.exe","Description":"COM Surrogate","Hashes":"MD5=D2AB39EA2C0FCD172751F84BDA723A97,SHA256=C4E078607DB2784BE7761C86048DFFA6F3EF04B551354A32FCDEC3B6A3450905,IMPHASH=68E651F131674892AE7E46556EB24726","User":"NT AUTHORITY\\SYSTEM","ParentProcessId":"860","FileVersion":"10.0.17763.1 (WinBuild.160101.0800)","ParentImage":"-","CurrentDirectory":"C:\\Windows\\system32\\","UtcTime":"2023-12-08 15:43:30.786","IntegrityLevel":"System","ParentProcessGuid":"{00000000-0000-0000-0000-000000000000}","CommandLine":"C:\\Windows\\system32\\DllHost.exe /Processid:{E10F6C3A-F1AE-4ADC-AA9D-2FE65525666E}","ParentCommandLine":"-","RuleName":"-","ProcessId":"2360","ParentUser":"-","OriginalFileName":"dllhost.exe","Product":"Microsoft® Windows® Operating System","ProcessGuid":"{2b62dd35-39a2-6573-b107-000000002300}","LogonId":"0x3e7","LogonGuid":"{2b62dd35-54d9-6573-e703-000000000000}","Company":"Microsoft Corporation"},"OpenWEC":{"IpAddress":"10.202.0.184","TimeReceived":"2023-12-08T15:44:00.586479166+00:00","Principal":"WINTERFELL$@NORTH.SEVENKINGDOMS.LOCAL","Subscription":{"Uuid":"CB04741B-9072-4E2D-B769-3570FA020BBD","Version":"6E053E8A-FE0D-45A0-A863-C501EEDB4011","Name":"anssi-subscription"}}}
{"System":{"Provider":{"Name":"Microsoft-Windows-Sysmon","Guid":"{5770385f-c22a-43e0-bf4c-06f5698ffbd9}"},"EventID":1,"Version":5,"Level":4,"Task":1,"Opcode":0,"Keywords":"0x8000000000000000","TimeCreated":"2023-12-08T15:43:30.809087100Z","EventRecordID":10015,"Correlation":{},"Execution":{"ProcessID":3248,"ThreadID":3876},"Channel":"Microsoft-Windows-Sysmon/Operational","Computer":"winterfell.north.sevenkingdoms.local","UserID":"S-1-5-18"},"EventData":{"ProcessGuid":"{2b62dd35-39a2-6573-b207-000000002300}","User":"NORTH\\robb.stark","Hashes":"MD5=911D039E71583A07320B32BDE22F8E22,SHA256=BC866CFCDDA37E24DC2634DC282C7A0E6F55209DA17A8FA105B07414C0E7C527,IMPHASH=272245E2988E1E430500B852C4FB5E18","UtcTime":"2023-12-08 15:43:30.806","ParentProcessGuid":"{00000000-0000-0000-0000-000000000000}","ParentProcessId":"1592","RuleName":"-","FileVersion":"10.0.17763.1697 (WinBuild.160101.0800)","Image":"C:\\Windows\\System32\\cmd.exe","ParentCommandLine":"-","ProcessId":"5720","OriginalFileName":"Cmd.Exe","CurrentDirectory":"C:\\Windows\\system32\\","Description":"Windows Command Processor","TerminalSessionId":"0","IntegrityLevel":"High","CommandLine":"cmd.exe /c powershell c:\\setup\\bot_rdp.ps1","ParentImage":"-","Product":"Microsoft® Windows® Operating System","ParentUser":"-","LogonGuid":"{2b62dd35-39a2-6573-da03-cf0000000000}","Company":"Microsoft Corporation","LogonId":"0xcf03da"},"OpenWEC":{"IpAddress":"10.202.0.184","TimeReceived":"2023-12-08T15:44:00.586479166+00:00","Principal":"WINTERFELL$@NORTH.SEVENKINGDOMS.LOCAL","Subscription":{"Uuid":"CB04741B-9072-4E2D-B769-3570FA020BBD","Version":"6E053E8A-FE0D-45A0-A863-C501EEDB4011","Name":"anssi-subscription"}}}
{"System":{"Provider":{"Name":"Microsoft-Windows-Sysmon","Guid":"{5770385f-c22a-43e0-bf4c-06f5698ffbd9}"},"EventID":1,"Version":5,"Level":4,"Task":1,"Opcode":0,"Keywords":"0x8000000000000000","TimeCreated":"2023-12-08T15:43:30.853845400Z","EventRecordID":10016,"Correlation":{},"Execution":{"ProcessID":3248,"ThreadID":3876},"Channel":"Microsoft-Windows-Sysmon/Operational","Computer":"winterfell.north.sevenkingdoms.local","UserID":"S-1-5-18"},"EventData":{"ParentUser":"NORTH\\robb.stark","LogonGuid":"{2b62dd35-39a2-6573-da03-cf0000000000}","Description":"Windows PowerShell","CommandLine":"powershell  c:\\setup\\bot_rdp.ps1","TerminalSessionId":"0","ParentImage":"C:\\Windows\\System32\\cmd.exe","ProcessId":"2692","FileVersion":"10.0.17763.1 (WinBuild.160101.0800)","ParentProcessId":"5720","ProcessGuid":"{2b62dd35-39a2-6573-b407-000000002300}","CurrentDirectory":"C:\\Windows\\system32\\","Company":"Microsoft Corporation","RuleName":"-","Hashes":"MD5=7353F60B1739074EB17C5F4DDDEFE239,SHA256=DE96A6E69944335375DC1AC238336066889D9FFC7D73628EF4FE1B1B160AB32C,IMPHASH=741776AACCFC5B71FF59832DCDCACE0F","Image":"C:\\Windows\\System32\\WindowsPowerShell\\v1.0\\powershell.exe","IntegrityLevel":"High","OriginalFileName":"PowerShell.EXE","ParentProcessGuid":"{2b62dd35-39a2-6573-b207-000000002300}","User":"NORTH\\robb.stark","Product":"Microsoft® Windows® Operating System","LogonId":"0xcf03da","ParentCommandLine":"cmd.exe /c powershell c:\\setup\\bot_rdp.ps1","UtcTime":"2023-12-08 15:43:30.848"},"OpenWEC":{"IpAddress":"10.202.0.184","TimeReceived":"2023-12-08T15:44:00.586479166+00:00","Principal":"WINTERFELL$@NORTH.SEVENKINGDOMS.LOCAL","Subscription":{"Uuid":"CB04741B-9072-4E2D-B769-3570FA020BBD","Version":"6E053E8A-FE0D-45A0-A863-C501EEDB4011","Name":"anssi-subscription"}}}
{"System":{"Provider":{"Name":"Microsoft-Windows-Sysmon","Guid":"{5770385f-c22a-43e0-bf4c-06f5698ffbd9}"},"EventID":11,"Version":2,"Level":4,"Task":11,"Opcode":0,"Keywords":"0x8000000000000000","TimeCreated":"2023-12-08T15:43:30.925073300Z","EventRecordID":10017,"Correlation":{},"Execution":{"ProcessID":3248,"ThreadID":3876},"Channel":"Microsoft-Windows-Sysmon/Operational","Computer":"winterfell.north.sevenkingdoms.local","UserID":"S-1-5-18"},"EventData":{"CreationUtcTime":"2023-12-08 15:43:30.917","TargetFilename":"C:\\Users\\robb.stark\\AppData\\Local\\Temp\\__PSScriptPolicyTest_kuveqjk4.poz.ps1","ProcessGuid":"{2b62dd35-39a2-6573-b407-000000002300}","User":"NORTH\\robb.stark","RuleName":"-","ProcessId":"2692","Image":"C:\\Windows\\System32\\WindowsPowerShell\\v1.0\\powershell.exe","UtcTime":"2023-12-08 15:43:30.917"},"OpenWEC":{"IpAddress":"10.202.0.184","TimeReceived":"2023-12-08T15:44:00.586479166+00:00","Principal":"WINTERFELL$@NORTH.SEVENKINGDOMS.LOCAL","Subscription":{"Uuid":"CB04741B-9072-4E2D-B769-3570FA020BBD","Version":"6E053E8A-FE0D-45A0-A863-C501EEDB4011","Name":"anssi-subscription"}}}
{"System":{"Provider":{"Name":"Microsoft-Windows-Sysmon","Guid":"{5770385f-c22a-43e0-bf4c-06f5698ffbd9}"},"EventID":1,"Version":5,"Level":4,"Task":1,"Opcode":0,"Keywords":"0x8000000000000000","TimeCreated":"2023-12-08T15:43:31.035075600Z","EventRecordID":10018,"Correlation":{},"Execution":{"ProcessID":3248,"ThreadID":3876},"Channel":"Microsoft-Windows-Sysmon/Operational","Computer":"winterfell.north.sevenkingdoms.local","UserID":"S-1-5-18"},"EventData":{"FileVersion":"10.0.17763.1 (WinBuild.160101.0800)","ProcessGuid":"{2b62dd35-39a3-6573-b507-000000002300}","CommandLine":"\"C:\\Windows\\system32\\query.exe\" session robb.stark /server:castelblack","CurrentDirectory":"C:\\Windows\\system32\\","LogonGuid":"{2b62dd35-39a2-6573-da03-cf0000000000}","TerminalSessionId":"0","ParentCommandLine":"powershell  c:\\setup\\bot_rdp.ps1","User":"NORTH\\robb.stark","ParentProcessId":"2692","ParentProcessGuid":"{2b62dd35-39a2-6573-b407-000000002300}","Company":"Microsoft Corporation","Image":"C:\\Windows\\System32\\query.exe","Product":"Microsoft® Windows® Operating System","Hashes":"MD5=8A7520A6CC2A2968F4A8EE4DB946AD8D,SHA256=3369E8FEA09C3C226D636B13108DA357093D0D98214236417839A94F56D3BA02,IMPHASH=CCC9DA4A55E90DFE34CBCDB066D6A6B3","ParentImage":"C:\\Windows\\System32\\WindowsPowerShell\\v1.0\\powershell.exe","RuleName":"-","Description":"MultiUser Query Utility","IntegrityLevel":"High","ParentUser":"NORTH\\robb.stark","UtcTime":"2023-12-08 15:43:31.031","OriginalFileName":"query.exe","LogonId":"0xcf03da","ProcessId":"1624"},"OpenWEC":{"IpAddress":"10.202.0.184","TimeReceived":"2023-12-08T15:44:00.586479166+00:00","Principal":"WINTERFELL$@NORTH.SEVENKINGDOMS.LOCAL","Subscription":{"Uuid":"CB04741B-9072-4E2D-B769-3570FA020BBD","Version":"6E053E8A-FE0D-45A0-A863-C501EEDB4011","Name":"anssi-subscription"}}}
{"System":{"Provider":{"Name":"Microsoft-Windows-Sysmon","Guid":"{5770385f-c22a-43e0-bf4c-06f5698ffbd9}"},"EventID":10,"Version":3,"Level":4,"Task":10,"Opcode":0,"Keywords":"0x8000000000000000","TimeCreated":"2023-12-08T15:43:31.035433400Z","EventRecordID":10019,"Correlation":{},"Execution":{"ProcessID":3248,"ThreadID":3876},"Channel":"Microsoft-Windows-Sysmon/Operational","Computer":"winterfell.north.sevenkingdoms.local","UserID":"S-1-5-18"},"EventData":{"SourceImage":"C:\\Windows\\System32\\WindowsPowerShell\\v1.0\\powershell.exe","RuleName":"-","SourceUser":"NORTH\\robb.stark","GrantedAccess":"0x1fffff","SourceThreadId":"4596","TargetProcessId":"1624","CallTrace":"C:\\Windows\\SYSTEM32\\ntdll.dll+a1244|C:\\Windows\\System32\\KERNELBASE.dll+485d2|C:\\Windows\\System32\\KERNELBASE.dll+45fc6|C:\\Windows\\System32\\KERNEL32.DLL+1c2e3|C:\\Windows\\assembly\\NativeImages_v4.0.30319_64\\System\\cb755e97e255f61e327a8001d4e05859\\System.ni.dll+3332f6|C:\\Windows\\assembly\\NativeImages_v4.0.30319_64\\System\\cb755e97e255f61e327a8001d4e05859\\System.ni.dll+2b5560|C:\\Windows\\assembly\\NativeImages_v4.0.30319_64\\System\\cb755e97e255f61e327a8001d4e05859\\System.ni.dll+2b4f07|C:\\Windows\\assembly\\NativeImages_v4.0.30319_64\\System.Manaa57fc8cc#\\da4031e77cd7d8b426cd99e749e0c982\\System.Management.Automation.ni.dll+f7fc6b|C:\\Windows\\assembly\\NativeImages_v4.0.30319_64\\System.Manaa57fc8cc#\\da4031e77cd7d8b426cd99e749e0c982\\System.Management.Automation.ni.dll+ed9fad|C:\\Windows\\assembly\\NativeImages_v4.0.30319_64\\System.Manaa57fc8cc#\\da4031e77cd7d8b426cd99e749e0c982\\System.Management.Automation.ni.dll+f5cb1e|C:\\Windows\\assembly\\NativeImages_v4.0.30319_64\\System.Manaa57fc8cc#\\da4031e77cd7d8b426cd99e749e0c982\\System.Management.Automation.ni.dll+f5c7fb|C:\\Windows\\assembly\\NativeImages_v4.0.30319_64\\System.Manaa57fc8cc#\\da4031e77cd7d8b426cd99e749e0c982\\System.Management.Automation.ni.dll+104fcb4|UNKNOWN(00007FF7D51D13C1)","SourceProcessGUID":"{2b62dd35-39a2-6573-b407-000000002300}","UtcTime":"2023-12-08 15:43:31.026","SourceProcessId":"2692","TargetProcessGUID":"{2b62dd35-39a3-6573-b507-000000002300}","TargetImage":"C:\\Windows\\system32\\query.exe","TargetUser":"NORTH\\robb.stark"},"OpenWEC":{"IpAddress":"10.202.0.184","TimeReceived":"2023-12-08T15:44:00.586479166+00:00","Principal":"WINTERFELL$@NORTH.SEVENKINGDOMS.LOCAL","Subscription":{"Uuid":"CB04741B-9072-4E2D-B769-3570FA020BBD","Version":"6E053E8A-FE0D-45A0-A863-C501EEDB4011","Name":"anssi-subscription"}}}
{"System":{"Provider":{"Name":"Microsoft-Windows-Sysmon","Guid":"{5770385f-c22a-43e0-bf4c-06f5698ffbd9}"},"EventID":1,"Version":5,"Level":4,"Task":1,"Opcode":0,"Keywords":"0x8000000000000000","TimeCreated":"2023-12-08T15:43:31.049758200Z","EventRecordID":10020,"Correlation":{},"Execution":{"ProcessID":3248,"ThreadID":3876},"Channel":"Microsoft-Windows-Sysmon/Operational","Computer":"winterfell.north.sevenkingdoms.local","UserID":"S-1-5-18"},"EventData":{"CommandLine":"\"C:\\Windows\\system32\\qwinsta.exe\" robb.stark /server:castelblack","UtcTime":"2023-12-08 15:43:31.045","IntegrityLevel":"High","Description":"Query Session Utility","FileVersion":"10.0.17763.1 (WinBuild.160101.0800)","Company":"Microsoft Corporation","LogonGuid":"{2b62dd35-39a2-6573-da03-cf0000000000}","ParentUser":"NORTH\\robb.stark","ParentImage":"C:\\Windows\\System32\\query.exe","Image":"C:\\Windows\\System32\\qwinsta.exe","Hashes":"MD5=9322C72AB11E725B098552A5FAE0F655,SHA256=E1AE2EC83FEC0C8CF01B9E4C3DA910BE61ABF3071E56EDA834590C405E8E4E69,IMPHASH=45B4A06EB57D86287767753D3ED73862","ProcessId":"2904","RuleName":"-","CurrentDirectory":"C:\\Windows\\system32\\","OriginalFileName":"qwinsta.exe","TerminalSessionId":"0","User":"NORTH\\robb.stark","ParentCommandLine":"\"C:\\Windows\\system32\\query.exe\" session robb.stark /server:castelblack","ParentProcessGuid":"{2b62dd35-39a3-6573-b507-000000002300}","ProcessGuid":"{2b62dd35-39a3-6573-b607-000000002300}","Product":"Microsoft® Windows® Operating System","LogonId":"0xcf03da","ParentProcessId":"1624"},"OpenWEC":{"IpAddress":"10.202.0.184","TimeReceived":"2023-12-08T15:44:00.586479166+00:00","Principal":"WINTERFELL$@NORTH.SEVENKINGDOMS.LOCAL","Subscription":{"Uuid":"CB04741B-9072-4E2D-B769-3570FA020BBD","Version":"6E053E8A-FE0D-45A0-A863-C501EEDB4011","Name":"anssi-subscription"}}}
{"System":{"Provider":{"Name":"Microsoft-Windows-Sysmon","Guid":"{5770385f-c22a-43e0-bf4c-06f5698ffbd9}"},"EventID":10,"Version":3,"Level":4,"Task":10,"Opcode":0,"Keywords":"0x8000000000000000","TimeCreated":"2023-12-08T15:43:31.620733700Z","EventRecordID":10021,"Correlation":{},"Execution":{"ProcessID":3248,"ThreadID":3876},"Channel":"Microsoft-Windows-Sysmon/Operational","Computer":"winterfell.north.sevenkingdoms.local","UserID":"S-1-5-18"},"EventData":{"TargetImage":"C:\\Windows\\system32\\lsass.exe","GrantedAccess":"0x1fffff","SourceUser":"NT AUTHORITY\\SYSTEM","SourceProcessId":"3248","SourceThreadId":"3932","RuleName":"-","TargetProcessId":"652","TargetUser":"NT AUTHORITY\\SYSTEM","CallTrace":"C:\\Windows\\SYSTEM32\\ntdll.dll+9feb4|C:\\Windows\\SYSTEM32\\ntdll.dll+7d367|C:\\Windows\\System32\\KERNEL32.DLL+1c5b4|C:\\Windows\\System32\\KERNEL32.DLL+237f8|C:\\Windows\\sysmon64.exe+ec5cd|C:\\Windows\\sysmon64.exe+edeb7|C:\\Windows\\sysmon64.exe+12e889|C:\\Windows\\sysmon64.exe+ee90e|C:\\Windows\\sysmon64.exe+eecd3|C:\\Windows\\sysmon64.exe+10bd88|C:\\Windows\\sysmon64.exe+e22d1|C:\\Windows\\sysmon64.exe+e2427|C:\\Windows\\System32\\sechost.dll+dc61|C:\\Windows\\System32\\sechost.dll+d9a9|C:\\Windows\\System32\\sechost.dll+13d4e|C:\\Windows\\sysmon64.exe+e25ba|C:\\Windows\\sysmon64.exe+1a9ad2|C:\\Windows\\System32\\KERNEL32.DLL+17974|C:\\Windows\\SYSTEM32\\ntdll.dll+5a2f1","UtcTime":"2023-12-08 15:43:31.620","TargetProcessGUID":"{2b62dd35-54d9-6573-0c00-000000002300}","SourceProcessGUID":"{2b62dd35-e477-6572-4e00-000000002300}","SourceImage":"C:\\Windows\\sysmon64.exe"},"OpenWEC":{"IpAddress":"10.202.0.184","TimeReceived":"2023-12-08T15:44:00.586479166+00:00","Principal":"WINTERFELL$@NORTH.SEVENKINGDOMS.LOCAL","Subscription":{"Uuid":"CB04741B-9072-4E2D-B769-3570FA020BBD","Version":"6E053E8A-FE0D-45A0-A863-C501EEDB4011","Name":"anssi-subscription"}}}
{"System":{"Provider":{"Name":"Microsoft-Windows-Sysmon","Guid":"{5770385f-c22a-43e0-bf4c-06f5698ffbd9}"},"EventID":22,"Version":5,"Level":4,"Task":22,"Opcode":0,"Keywords":"0x8000000000000000","TimeCreated":"2023-12-08T15:43:31.622606800Z","EventRecordID":10022,"Correlation":{},"Execution":{"ProcessID":3248,"ThreadID":3932},"Channel":"Microsoft-Windows-Sysmon/Operational","Computer":"winterfell.north.sevenkingdoms.local","UserID":"S-1-5-18"},"EventData":{"Image":"C:\\Windows\\system32\\lsass.exe","ProcessId":"652","UtcTime":"2023-12-08 12:24:25.431","RuleName":"-","ProcessGuid":"{2b62dd35-54d9-6573-0c00-000000002300}","QueryStatus":"0","QueryResults":"10.202.0.184;192.168.56.11;10.0.2.15;","User":"NT AUTHORITY\\SYSTEM","QueryName":"winterfell"},"OpenWEC":{"IpAddress":"10.202.0.184","TimeReceived":"2023-12-08T15:44:00.586479166+00:00","Principal":"WINTERFELL$@NORTH.SEVENKINGDOMS.LOCAL","Subscription":{"Uuid":"CB04741B-9072-4E2D-B769-3570FA020BBD","Version":"6E053E8A-FE0D-45A0-A863-C501EEDB4011","Name":"anssi-subscription"}}}
{"System":{"Provider":{"Name":"Microsoft-Windows-Sysmon","Guid":"{5770385f-c22a-43e0-bf4c-06f5698ffbd9}"},"EventID":22,"Version":5,"Level":4,"Task":22,"Opcode":0,"Keywords":"0x8000000000000000","TimeCreated":"2023-12-08T15:43:31.623404400Z","EventRecordID":10023,"Correlation":{},"Execution":{"ProcessID":3248,"ThreadID":3932},"Channel":"Microsoft-Windows-Sysmon/Operational","Computer":"winterfell.north.sevenkingdoms.local","UserID":"S-1-5-18"},"EventData":{"QueryName":"castelblack","RuleName":"-","ProcessGuid":"{2b62dd35-39a3-6573-b607-000000002300}","QueryResults":"::ffff:192.168.56.22;","ProcessId":"2904","User":"NORTH\\robb.stark","QueryStatus":"0","UtcTime":"2023-12-08 12:24:25.724","Image":"C:\\Windows\\system32\\qwinsta.exe"},"OpenWEC":{"IpAddress":"10.202.0.184","TimeReceived":"2023-12-08T15:44:00.586479166+00:00","Principal":"WINTERFELL$@NORTH.SEVENKINGDOMS.LOCAL","Subscription":{"Uuid":"CB04741B-9072-4E2D-B769-3570FA020BBD","Version":"6E053E8A-FE0D-45A0-A863-C501EEDB4011","Name":"anssi-subscription"}}}
{"System":{"Provider":{"Name":"Microsoft-Windows-TaskScheduler","Guid":"{de7b24ea-73c8-4a09-985d-5bdadcfa9017}"},"EventID":107,"Version":0,"Level":4,"Task":107,"Opcode":0,"Keywords":"0x8000000000000000","TimeCreated":"2023-12-08T15:43:30.782964900Z","EventRecordID":49755,"Correlation":{"ActivityID":"{ec3ad55d-291f-4ee1-b2bc-001e42706bd6}"},"Execution":{"ProcessID":1592,"ThreadID":5964},"Channel":"Microsoft-Windows-TaskScheduler/Operational","Computer":"winterfell.north.sevenkingdoms.local","UserID":"S-1-5-18"},"EventData":{"InstanceId":"{ec3ad55d-291f-4ee1-b2bc-001e42706bd6}","TaskName":"\\connect_bot"},"OpenWEC":{"IpAddress":"10.202.0.184","TimeReceived":"2023-12-08T15:44:00.586479166+00:00","Principal":"WINTERFELL$@NORTH.SEVENKINGDOMS.LOCAL","Subscription":{"Uuid":"CB04741B-9072-4E2D-B769-3570FA020BBD","Version":"6E053E8A-FE0D-45A0-A863-C501EEDB4011","Name":"anssi-subscription"}}}
{"System":{"Provider":{"Name":"Microsoft-Windows-Security-Auditing","Guid":"{54849625-5478-4994-a5ba-3e3b0328c30d}"},"EventID":4648,"Version":0,"Level":0,"Task":12544,"Opcode":0,"Keywords":"0x8020000000000000","TimeCreated":"2023-12-08T15:43:30.782548600Z","EventRecordID":157509,"Correlation":{"ActivityID":"{82a8a277-29fd-0000-eca2-a882fd29da01}"},"Execution":{"ProcessID":652,"ThreadID":4056},"Channel":"Security","Computer":"winterfell.north.sevenkingdoms.local"},"EventData":{"SubjectUserSid":"S-1-5-18","TargetInfo":"localhost","TargetUserName":"robb.stark","ProcessId":"0x638","LogonGuid":"{00000000-0000-0000-0000-000000000000}","ProcessName":"C:\\Windows\\System32\\svchost.exe","IpAddress":"-","SubjectUserName":"WINTERFELL$","SubjectLogonId":"0x3e7","TargetDomainName":"NORTH","IpPort":"-","SubjectDomainName":"NORTH","TargetLogonGuid":"{e2fd68c2-3131-9bd0-8fa7-c0c00821a7fb}","TargetServerName":"localhost"},"OpenWEC":{"IpAddress":"10.202.0.184","TimeReceived":"2023-12-08T15:44:00.586479166+00:00","Principal":"WINTERFELL$@NORTH.SEVENKINGDOMS.LOCAL","Subscription":{"Uuid":"CB04741B-9072-4E2D-B769-3570FA020BBD","Version":"6E053E8A-FE0D-45A0-A863-C501EEDB4011","Name":"anssi-subscription"}}}
{"System":{"Provider":{"Name":"Microsoft-Windows-Security-Auditing","Guid":"{54849625-5478-4994-a5ba-3e3b0328c30d}"},"EventID":4624,"Version":2,"Level":0,"Task":12544,"Opcode":0,"Keywords":"0x8020000000000000","TimeCreated":"2023-12-08T15:43:30.782666900Z","EventRecordID":157510,"Correlation":{"ActivityID":"{82a8a277-29fd-0000-eca2-a882fd29da01}"},"Execution":{"ProcessID":652,"ThreadID":4056},"Channel":"Security","Computer":"winterfell.north.sevenkingdoms.local"},"EventData":{"TargetUserName":"robb.stark","ImpersonationLevel":"%%1833","VirtualAccount":"%%1843","LmPackageName":"-","WorkstationName":"WINTERFELL","SubjectUserName":"WINTERFELL$","LogonGuid":"{e2fd68c2-3131-9bd0-8fa7-c0c00821a7fb}","IpPort":"-","ElevatedToken":"%%1842","ProcessId":"0x638","TargetLinkedLogonId":"0x0","SubjectUserSid":"S-1-5-18","TargetLogonId":"0xcf03da","KeyLength":"0","TargetDomainName":"NORTH","AuthenticationPackageName":"Negotiate","RestrictedAdminMode":"-","TargetOutboundUserName":"-","ProcessName":"C:\\Windows\\System32\\svchost.exe","SubjectDomainName":"NORTH","SubjectLogonId":"0x3e7","TransmittedServices":"-","LogonType":"4","LogonProcessName":"Advapi  ","TargetOutboundDomainName":"-","TargetUserSid":"S-1-5-21-2431860994-719566178-239256710-1113","IpAddress":"-"},"OpenWEC":{"IpAddress":"10.202.0.184","TimeReceived":"2023-12-08T15:44:00.586479166+00:00","Principal":"WINTERFELL$@NORTH.SEVENKINGDOMS.LOCAL","Subscription":{"Uuid":"CB04741B-9072-4E2D-B769-3570FA020BBD","Version":"6E053E8A-FE0D-45A0-A863-C501EEDB4011","Name":"anssi-subscription"}}}
{"System":{"Provider":{"Name":"Microsoft-Windows-Security-Auditing","Guid":"{54849625-5478-4994-a5ba-3e3b0328c30d}"},"EventID":4672,"Version":0,"Level":0,"Task":12548,"Opcode":0,"Keywords":"0x8020000000000000","TimeCreated":"2023-12-08T15:43:30.782673400Z","EventRecordID":157511,"Correlation":{"ActivityID":"{82a8a277-29fd-0000-eca2-a882fd29da01}"},"Execution":{"ProcessID":652,"ThreadID":4056},"Channel":"Security","Computer":"winterfell.north.sevenkingdoms.local"},"EventData":{"SubjectLogonId":"0xcf03da","SubjectDomainName":"NORTH","SubjectUserName":"robb.stark","PrivilegeList":"SeSecurityPrivilege\n\t\t\tSeTakeOwnershipPrivilege\n\t\t\tSeLoadDriverPrivilege\n\t\t\tSeBackupPrivilege\n\t\t\tSeRestorePrivilege\n\t\t\tSeDebugPrivilege\n\t\t\tSeSystemEnvironmentPrivilege\n\t\t\tSeEnableDelegationPrivilege\n\t\t\tSeImpersonatePrivilege\n\t\t\tSeDelegateSessionUserImpersonatePrivilege","SubjectUserSid":"S-1-5-21-2431860994-719566178-239256710-1113"},"OpenWEC":{"IpAddress":"10.202.0.184","TimeReceived":"2023-12-08T15:44:00.586479166+00:00","Principal":"WINTERFELL$@NORTH.SEVENKINGDOMS.LOCAL","Subscription":{"Uuid":"CB04741B-9072-4E2D-B769-3570FA020BBD","Version":"6E053E8A-FE0D-45A0-A863-C501EEDB4011","Name":"anssi-subscription"}}}
{"System":{"Provider":{"Name":"Microsoft-Windows-Security-Auditing","Guid":"{54849625-5478-4994-a5ba-3e3b0328c30d}"},"EventID":4688,"Version":2,"Level":0,"Task":13312,"Opcode":0,"Keywords":"0x8020000000000000","TimeCreated":"2023-12-08T15:43:30.786918600Z","EventRecordID":157512,"Correlation":{},"Execution":{"ProcessID":4,"ThreadID":2064},"Channel":"Security","Computer":"winterfell.north.sevenkingdoms.local"},"EventData":{"CommandLine":"","TargetUserName":"-","ProcessId":"0x35c","SubjectLogonId":"0x3e7","SubjectUserSid":"S-1-5-18","TokenElevationType":"%%1936","NewProcessId":"0x938","TargetUserSid":"S-1-0-0","ParentProcessName":"C:\\Windows\\System32\\svchost.exe","TargetDomainName":"-","SubjectUserName":"WINTERFELL$","SubjectDomainName":"NORTH","NewProcessName":"C:\\Windows\\System32\\dllhost.exe","MandatoryLabel":"S-1-16-16384","TargetLogonId":"0x0"},"OpenWEC":{"IpAddress":"10.202.0.184","TimeReceived":"2023-12-08T15:44:00.586479166+00:00","Principal":"WINTERFELL$@NORTH.SEVENKINGDOMS.LOCAL","Subscription":{"Uuid":"CB04741B-9072-4E2D-B769-3570FA020BBD","Version":"6E053E8A-FE0D-45A0-A863-C501EEDB4011","Name":"anssi-subscription"}}}
{"System":{"Provider":{"Name":"Microsoft-Windows-Security-Auditing","Guid":"{54849625-5478-4994-a5ba-3e3b0328c30d}"},"EventID":4688,"Version":2,"Level":0,"Task":13312,"Opcode":0,"Keywords":"0x8020000000000000","TimeCreated":"2023-12-08T15:43:30.807001400Z","EventRecordID":157513,"Correlation":{},"Execution":{"ProcessID":4,"ThreadID":2064},"Channel":"Security","Computer":"winterfell.north.sevenkingdoms.local"},"EventData":{"TargetUserName":"robb.stark","ParentProcessName":"C:\\Windows\\System32\\svchost.exe","SubjectUserSid":"S-1-5-18","NewProcessName":"C:\\Windows\\System32\\cmd.exe","SubjectLogonId":"0x3e7","TargetLogonId":"0xcf03da","TokenElevationType":"%%1936","SubjectUserName":"WINTERFELL$","TargetUserSid":"S-1-0-0","CommandLine":"","ProcessId":"0x638","SubjectDomainName":"NORTH","TargetDomainName":"NORTH","NewProcessId":"0x1658","MandatoryLabel":"S-1-16-12288"},"OpenWEC":{"IpAddress":"10.202.0.184","TimeReceived":"2023-12-08T15:44:00.586479166+00:00","Principal":"WINTERFELL$@NORTH.SEVENKINGDOMS.LOCAL","Subscription":{"Uuid":"CB04741B-9072-4E2D-B769-3570FA020BBD","Version":"6E053E8A-FE0D-45A0-A863-C501EEDB4011","Name":"anssi-subscription"}}}
{"System":{"Provider":{"Name":"Microsoft-Windows-TaskScheduler","Guid":"{de7b24ea-73c8-4a09-985d-5bdadcfa9017}"},"EventID":129,"Version":0,"Level":4,"Task":129,"Opcode":0,"Keywords":"0x8000000000000000","TimeCreated":"2023-12-08T15:43:30.809772200Z","EventRecordID":49756,"Correlation":{},"Execution":{"ProcessID":1592,"ThreadID":5964},"Channel":"Microsoft-Windows-TaskScheduler/Operational","Computer":"winterfell.north.sevenkingdoms.local","UserID":"S-1-5-18"},"EventData":{"TaskName":"\\connect_bot","Priority":"16384","ProcessID":"5720","Path":"cmd.exe"},"OpenWEC":{"IpAddress":"10.202.0.184","TimeReceived":"2023-12-08T15:44:00.586479166+00:00","Principal":"WINTERFELL$@NORTH.SEVENKINGDOMS.LOCAL","Subscription":{"Uuid":"CB04741B-9072-4E2D-B769-3570FA020BBD","Version":"6E053E8A-FE0D-45A0-A863-C501EEDB4011","Name":"anssi-subscription"}}}
{"System":{"Provider":{"Name":"Microsoft-Windows-TaskScheduler","Guid":"{de7b24ea-73c8-4a09-985d-5bdadcfa9017}"},"EventID":100,"Version":0,"Level":4,"Task":100,"Opcode":1,"Keywords":"0x8000000000000001","TimeCreated":"2023-12-08T15:43:30.810006600Z","EventRecordID":49757,"Correlation":{"ActivityID":"{ec3ad55d-291f-4ee1-b2bc-001e42706bd6}"},"Execution":{"ProcessID":1592,"ThreadID":5964},"Channel":"Microsoft-Windows-TaskScheduler/Operational","Computer":"winterfell.north.sevenkingdoms.local","UserID":"S-1-5-18"},"EventData":{"InstanceId":"{ec3ad55d-291f-4ee1-b2bc-001e42706bd6}","TaskName":"\\connect_bot","UserContext":"NORTH\\robb.stark"},"OpenWEC":{"IpAddress":"10.202.0.184","TimeReceived":"2023-12-08T15:44:00.586479166+00:00","Principal":"WINTERFELL$@NORTH.SEVENKINGDOMS.LOCAL","Subscription":{"Uuid":"CB04741B-9072-4E2D-B769-3570FA020BBD","Version":"6E053E8A-FE0D-45A0-A863-C501EEDB4011","Name":"anssi-subscription"}}}
{"System":{"Provider":{"Name":"Microsoft-Windows-TaskScheduler","Guid":"{de7b24ea-73c8-4a09-985d-5bdadcfa9017}"},"EventID":200,"Version":1,"Level":4,"Task":200,"Opcode":1,"Keywords":"0x8000000000000000","TimeCreated":"2023-12-08T15:43:30.810007800Z","EventRecordID":49758,"Correlation":{"ActivityID":"{ec3ad55d-291f-4ee1-b2bc-001e42706bd6}"},"Execution":{"ProcessID":1592,"ThreadID":5964},"Channel":"Microsoft-Windows-TaskScheduler/Operational","Computer":"winterfell.north.sevenkingdoms.local","UserID":"S-1-5-18"},"EventData":{"TaskName":"\\connect_bot","ActionName":"cmd.exe","EnginePID":"5720","TaskInstanceId":"{ec3ad55d-291f-4ee1-b2bc-001e42706bd6}"},"OpenWEC":{"IpAddress":"10.202.0.184","TimeReceived":"2023-12-08T15:44:00.586479166+00:00","Principal":"WINTERFELL$@NORTH.SEVENKINGDOMS.LOCAL","Subscription":{"Uuid":"CB04741B-9072-4E2D-B769-3570FA020BBD","Version":"6E053E8A-FE0D-45A0-A863-C501EEDB4011","Name":"anssi-subscription"}}}
{"System":{"Provider":{"Name":"Microsoft-Windows-Security-Auditing","Guid":"{54849625-5478-4994-a5ba-3e3b0328c30d}"},"EventID":4688,"Version":2,"Level":0,"Task":13312,"Opcode":0,"Keywords":"0x8020000000000000","TimeCreated":"2023-12-08T15:43:30.813455200Z","EventRecordID":157514,"Correlation":{},"Execution":{"ProcessID":4,"ThreadID":2064},"Channel":"Security","Computer":"winterfell.north.sevenkingdoms.local"},"EventData":{"SubjectUserSid":"S-1-5-21-2431860994-719566178-239256710-1113","SubjectLogonId":"0xcf03da","CommandLine":"","TargetDomainName":"-","ProcessId":"0x1658","SubjectDomainName":"NORTH","TargetLogonId":"0x0","TokenElevationType":"%%1936","NewProcessName":"C:\\Windows\\System32\\conhost.exe","ParentProcessName":"C:\\Windows\\System32\\cmd.exe","SubjectUserName":"robb.stark","TargetUserSid":"S-1-0-0","NewProcessId":"0x884","MandatoryLabel":"S-1-16-12288","TargetUserName":"-"},"OpenWEC":{"IpAddress":"10.202.0.184","TimeReceived":"2023-12-08T15:44:00.586479166+00:00","Principal":"WINTERFELL$@NORTH.SEVENKINGDOMS.LOCAL","Subscription":{"Uuid":"CB04741B-9072-4E2D-B769-3570FA020BBD","Version":"6E053E8A-FE0D-45A0-A863-C501EEDB4011","Name":"anssi-subscription"}}}
{"System":{"Provider":{"Name":"Microsoft-Windows-Security-Auditing","Guid":"{54849625-5478-4994-a5ba-3e3b0328c30d}"},"EventID":4688,"Version":2,"Level":0,"Task":13312,"Opcode":0,"Keywords":"0x8020000000000000","TimeCreated":"2023-12-08T15:43:30.848075800Z","EventRecordID":157515,"Correlation":{},"Execution":{"ProcessID":4,"ThreadID":2064},"Channel":"Security","Computer":"winterfell.north.sevenkingdoms.local"},"EventData":{"TargetUserName":"-","NewProcessId":"0xa84","SubjectLogonId":"0xcf03da","TargetUserSid":"S-1-0-0","TargetDomainName":"-","MandatoryLabel":"S-1-16-12288","ParentProcessName":"C:\\Windows\\System32\\cmd.exe","TokenElevationType":"%%1936","SubjectDomainName":"NORTH","SubjectUserName":"robb.stark","CommandLine":"","SubjectUserSid":"S-1-5-21-2431860994-719566178-239256710-1113","ProcessId":"0x1658","TargetLogonId":"0x0","NewProcessName":"C:\\Windows\\System32\\WindowsPowerShell\\v1.0\\powershell.exe"},"OpenWEC":{"IpAddress":"10.202.0.184","TimeReceived":"2023-12-08T15:44:00.586479166+00:00","Principal":"WINTERFELL$@NORTH.SEVENKINGDOMS.LOCAL","Subscription":{"Uuid":"CB04741B-9072-4E2D-B769-3570FA020BBD","Version":"6E053E8A-FE0D-45A0-A863-C501EEDB4011","Name":"anssi-subscription"}}}
{"System":{"Provider":{"Name":"Microsoft-Windows-Security-Auditing","Guid":"{54849625-5478-4994-a5ba-3e3b0328c30d}"},"EventID":4688,"Version":2,"Level":0,"Task":13312,"Opcode":0,"Keywords":"0x8020000000000000","TimeCreated":"2023-12-08T15:43:31.031609900Z","EventRecordID":157516,"Correlation":{},"Execution":{"ProcessID":4,"ThreadID":2064},"Channel":"Security","Computer":"winterfell.north.sevenkingdoms.local"},"EventData":{"SubjectUserSid":"S-1-5-21-2431860994-719566178-239256710-1113","SubjectDomainName":"NORTH","ParentProcessName":"C:\\Windows\\System32\\WindowsPowerShell\\v1.0\\powershell.exe","TargetUserSid":"S-1-0-0","CommandLine":"","TokenElevationType":"%%1936","ProcessId":"0xa84","TargetUserName":"-","SubjectUserName":"robb.stark","NewProcessId":"0x658","TargetLogonId":"0x0","TargetDomainName":"-","SubjectLogonId":"0xcf03da","NewProcessName":"C:\\Windows\\System32\\query.exe","MandatoryLabel":"S-1-16-12288"},"OpenWEC":{"IpAddress":"10.202.0.184","TimeReceived":"2023-12-08T15:44:00.586479166+00:00","Principal":"WINTERFELL$@NORTH.SEVENKINGDOMS.LOCAL","Subscription":{"Uuid":"CB04741B-9072-4E2D-B769-3570FA020BBD","Version":"6E053E8A-FE0D-45A0-A863-C501EEDB4011","Name":"anssi-subscription"}}}
{"System":{"Provider":{"Name":"Microsoft-Windows-Security-Auditing","Guid":"{54849625-5478-4994-a5ba-3e3b0328c30d}"},"EventID":4688,"Version":2,"Level":0,"Task":13312,"Opcode":0,"Keywords":"0x8020000000000000","TimeCreated":"2023-12-08T15:43:31.045948000Z","EventRecordID":157517,"Correlation":{},"Execution":{"ProcessID":4,"ThreadID":2064},"Channel":"Security","Computer":"winterfell.north.sevenkingdoms.local"},"EventData":{"TargetUserName":"-","TargetLogonId":"0x0","TokenElevationType":"%%1936","TargetDomainName":"-","CommandLine":"","MandatoryLabel":"S-1-16-12288","ProcessId":"0x658","SubjectUserSid":"S-1-5-21-2431860994-719566178-239256710-1113","SubjectUserName":"robb.stark","SubjectDomainName":"NORTH","ParentProcessName":"C:\\Windows\\System32\\query.exe","NewProcessName":"C:\\Windows\\System32\\qwinsta.exe","TargetUserSid":"S-1-0-0","SubjectLogonId":"0xcf03da","NewProcessId":"0xb58"},"OpenWEC":{"IpAddress":"10.202.0.184","TimeReceived":"2023-12-08T15:44:00.586479166+00:00","Principal":"WINTERFELL$@NORTH.SEVENKINGDOMS.LOCAL","Subscription":{"Uuid":"CB04741B-9072-4E2D-B769-3570FA020BBD","Version":"6E053E8A-FE0D-45A0-A863-C501EEDB4011","Name":"anssi-subscription"}}}
{"System":{"Provider":{"Name":"Microsoft-Windows-Sysmon","Guid":"{5770385f-c22a-43e0-bf4c-06f5698ffbd9}"},"EventID":22,"Version":5,"Level":4,"Task":22,"Opcode":0,"Keywords":"0x8000000000000000","TimeCreated":"2023-12-08T15:43:32.656215900Z","EventRecordID":10024,"Correlation":{},"Execution":{"ProcessID":3248,"ThreadID":3932},"Channel":"Microsoft-Windows-Sysmon/Operational","Computer":"winterfell.north.sevenkingdoms.local","UserID":"S-1-5-18"},"EventData":{"UtcTime":"2023-12-08 12:24:25.728","QueryStatus":"0","ProcessGuid":"{2b62dd35-54db-6573-1500-000000002300}","ProcessId":"896","QueryName":"castelblack","QueryResults":"::ffff:192.168.56.22;","User":"NT AUTHORITY\\LOCAL SERVICE","RuleName":"-","Image":"C:\\Windows\\System32\\svchost.exe"},"OpenWEC":{"IpAddress":"10.202.0.184","TimeReceived":"2023-12-08T15:44:00.586479166+00:00","Principal":"WINTERFELL$@NORTH.SEVENKINGDOMS.LOCAL","Subscription":{"Uuid":"CB04741B-9072-4E2D-B769-3570FA020BBD","Version":"6E053E8A-FE0D-45A0-A863-C501EEDB4011","Name":"anssi-subscription"}}}
{"System":{"Provider":{"Name":"Microsoft-Windows-Sysmon","Guid":"{5770385f-c22a-43e0-bf4c-06f5698ffbd9}"},"EventID":1,"Version":5,"Level":4,"Task":1,"Opcode":0,"Keywords":"0x8000000000000000","TimeCreated":"2023-12-08T15:43:52.201119400Z","EventRecordID":10025,"Correlation":{},"Execution":{"ProcessID":3248,"ThreadID":3876},"Channel":"Microsoft-Windows-Sysmon/Operational","Computer":"winterfell.north.sevenkingdoms.local","UserID":"S-1-5-18"},"EventData":{"FileVersion":"10.0.17763.1697 (WinBuild.160101.0800)","OriginalFileName":"mstsc.exe","Description":"Remote Desktop Connection","ParentImage":"C:\\Windows\\System32\\WindowsPowerShell\\v1.0\\powershell.exe","RuleName":"-","ParentProcessId":"2692","CurrentDirectory":"C:\\Windows\\system32\\","ParentProcessGuid":"{2b62dd35-39a2-6573-b407-000000002300}","Company":"Microsoft Corporation","LogonId":"0xcf03da","LogonGuid":"{2b62dd35-39a2-6573-da03-cf0000000000}","TerminalSessionId":"0","ParentCommandLine":"powershell  c:\\setup\\bot_rdp.ps1","User":"NORTH\\robb.stark","ParentUser":"NORTH\\robb.stark","CommandLine":"\"C:\\Windows\\system32\\mstsc.exe\" /v:castelblack","Hashes":"MD5=FECC0C4F37222679825054A1BE0AE8FD,SHA256=D7A69C4398AC1BE41F44477F58C9619D43A1C363D4833C32610AC848B269EDF0,IMPHASH=43D4C98DB4E05AF16115818C6E500A33","UtcTime":"2023-12-08 15:43:52.198","IntegrityLevel":"High","ProcessId":"2620","ProcessGuid":"{2b62dd35-39b8-6573-b707-000000002300}","Image":"C:\\Windows\\System32\\mstsc.exe","Product":"Microsoft® Windows® Operating System"},"OpenWEC":{"IpAddress":"10.202.0.184","TimeReceived":"2023-12-08T15:44:00.586479166+00:00","Principal":"WINTERFELL$@NORTH.SEVENKINGDOMS.LOCAL","Subscription":{"Uuid":"CB04741B-9072-4E2D-B769-3570FA020BBD","Version":"6E053E8A-FE0D-45A0-A863-C501EEDB4011","Name":"anssi-subscription"}}}
{"System":{"Provider":{"Name":"Microsoft-Windows-Security-Auditing","Guid":"{54849625-5478-4994-a5ba-3e3b0328c30d}"},"EventID":4688,"Version":2,"Level":0,"Task":13312,"Opcode":0,"Keywords":"0x8020000000000000","TimeCreated":"2023-12-08T15:43:52.198169900Z","EventRecordID":157518,"Correlation":{},"Execution":{"ProcessID":4,"ThreadID":2064},"Channel":"Security","Computer":"winterfell.north.sevenkingdoms.local"},"EventData":{"MandatoryLabel":"S-1-16-12288","TokenElevationType":"%%1936","NewProcessName":"C:\\Windows\\System32\\mstsc.exe","TargetLogonId":"0x0","ParentProcessName":"C:\\Windows\\System32\\WindowsPowerShell\\v1.0\\powershell.exe","SubjectUserName":"robb.stark","ProcessId":"0xa84","CommandLine":"","TargetUserSid":"S-1-0-0","TargetUserName":"-","SubjectUserSid":"S-1-5-21-2431860994-719566178-239256710-1113","TargetDomainName":"-","SubjectLogonId":"0xcf03da","NewProcessId":"0xa3c","SubjectDomainName":"NORTH"},"OpenWEC":{"IpAddress":"10.202.0.184","TimeReceived":"2023-12-08T15:44:00.586479166+00:00","Principal":"WINTERFELL$@NORTH.SEVENKINGDOMS.LOCAL","Subscription":{"Uuid":"CB04741B-9072-4E2D-B769-3570FA020BBD","Version":"6E053E8A-FE0D-45A0-A863-C501EEDB4011","Name":"anssi-subscription"}}}
