{"System":{"Provider":{"Name":"Microsoft-Windows-Sysmon","Guid":"{5770385f-c22a-43e0-bf4c-06f5698ffbd9}"},"EventID":10,"Version":3,"Level":4,"Task":10,"Opcode":0,"Keywords":"0x8000000000000000","TimeCreated":"2023-12-08T15:53:25.271920300Z","EventRecordID":10371,"Correlation":{},"Execution":{"ProcessID":3248,"ThreadID":3876},"Channel":"Microsoft-Windows-Sysmon/Operational","Computer":"winterfell.north.sevenkingdoms.local","UserID":"S-1-5-18"},"EventData":{"TargetImage":"C:\\Windows\\system32\\lsass.exe","CallTrace":"C:\\Windows\\SYSTEM32\\ntdll.dll+9feb4|C:\\Windows\\SYSTEM32\\ntdll.dll+7d367|C:\\Windows\\System32\\KERNEL32.DLL+1c5b4|C:\\Windows\\System32\\KERNEL32.DLL+237f8|C:\\Windows\\sysmon64.exe+ec5cd|C:\\Windows\\sysmon64.exe+edeb7|C:\\Windows\\sysmon64.exe+12e889|C:\\Windows\\sysmon64.exe+ee90e|C:\\Windows\\sysmon64.exe+eecd3|C:\\Windows\\sysmon64.exe+10bd88|C:\\Windows\\sysmon64.exe+e22d1|C:\\Windows\\sysmon64.exe+e2427|C:\\Windows\\System32\\sechost.dll+dc61|C:\\Windows\\System32\\sechost.dll+d9a9|C:\\Windows\\System32\\sechost.dll+13d4e|C:\\Windows\\sysmon64.exe+e25ba|C:\\Windows\\sysmon64.exe+1a9ad2|C:\\Windows\\System32\\KERNEL32.DLL+17974|C:\\Windows\\SYSTEM32\\ntdll.dll+5a2f1","SourceUser":"NT AUTHORITY\\SYSTEM","TargetUser":"NT AUTHORITY\\SYSTEM","TargetProcessId":"652","SourceImage":"C:\\Windows\\sysmon64.exe","GrantedAccess":"0x1fffff","RuleName":"-","SourceProcessGUID":"{2b62dd35-e477-6572-4e00-000000002300}","UtcTime":"2023-12-08 15:53:25.269","SourceProcessId":"3248","TargetProcessGUID":"{2b62dd35-54d9-6573-0c00-000000002300}","SourceThreadId":"3932"},"OpenWEC":{"IpAddress":"10.202.0.184","TimeReceived":"2023-12-08T15:53:46.776979070+00:00","Principal":"WINTERFELL$@NORTH.SEVENKINGDOMS.LOCAL","Subscription":{"Uuid":"CB04741B-9072-4E2D-B769-3570FA020BBD","Version":"6E053E8A-FE0D-45A0-A863-C501EEDB4011","Name":"anssi-subscription"}}}
{"System":{"Provider":{"Name":"Microsoft-Windows-Sysmon","Guid":"{5770385f-c22a-43e0-bf4c-06f5698ffbd9}"},"EventID":22,"Version":5,"Level":4,"Task":22,"Opcode":0,"Keywords":"0x8000000000000000","TimeCreated":"2023-12-08T15:53:26.274446100Z","EventRecordID":10372,"Correlation":{},"Execution":{"ProcessID":3248,"ThreadID":3932},"Channel":"Microsoft-Windows-Sysmon/Operational","Computer":"winterfell.north.sevenkingdoms.local","UserID":"S-1-5-18"},"EventData":{"RuleName":"-","UtcTime":"2023-12-08 12:34:19.197","ProcessGuid":"{2b62dd35-54db-6573-1500-000000002300}","ProcessId":"896","QueryResults":"fe80::da5c:a9be:fef:69f2;::ffff:10.202.0.195;","Image":"C:\\Windows\\System32\\svchost.exe","User":"NT AUTHORITY\\LOCAL SERVICE","QueryName":"Bravos","QueryStatus":"0"},"OpenWEC":{"IpAddress":"10.202.0.184","TimeReceived":"2023-12-08T15:53:46.776979070+00:00","Principal":"WINTERFELL$@NORTH.SEVENKINGDOMS.LOCAL","Subscription":{"Uuid":"CB04741B-9072-4E2D-B769-3570FA020BBD","Version":"6E053E8A-FE0D-45A0-A863-C501EEDB4011","Name":"anssi-subscription"}}}
{"System":{"Provider":{"Name":"Microsoft-Windows-Security-Auditing","Guid":"{54849625-5478-4994-a5ba-3e3b0328c30d}"},"EventID":4624,"Version":2,"Level":0,"Task":12544,"Opcode":0,"Keywords":"0x8020000000000000","TimeCreated":"2023-12-08T15:53:27.083928800Z","EventRecordID":157836,"Correlation":{},"Execution":{"ProcessID":652,"ThreadID":2812},"Channel":"Security","Computer":"winterfell.north.sevenkingdoms.local"},"EventData":{"RestrictedAdminMode":"-","KeyLength":"0","SubjectUserName":"-","LogonProcessName":"Kerberos","ProcessName":"-","LogonType":"3","TargetOutboundUserName":"-","TargetOutboundDomainName":"-","SubjectLogonId":"0x0","TransmittedServices":"-","WorkstationName":"-","IpAddress":"::1","ProcessId":"0x0","IpPort":"64754","VirtualAccount":"%%1843","ElevatedToken":"%%1842","TargetUserSid":"S-1-5-18","SubjectDomainName":"-","TargetLogonId":"0xd92e40","SubjectUserSid":"S-1-0-0","TargetLinkedLogonId":"0x0","TargetDomainName":"NORTH.SEVENKINGDOMS.LOCAL","AuthenticationPackageName":"Kerberos","LogonGuid":"{3f4b9425-1866-4469-9e0a-1c617a2b9ee7}","LmPackageName":"-","ImpersonationLevel":"%%1833","TargetUserName":"WINTERFELL$"},"OpenWEC":{"IpAddress":"10.202.0.184","TimeReceived":"2023-12-08T15:53:46.776979070+00:00","Principal":"WINTERFELL$@NORTH.SEVENKINGDOMS.LOCAL","Subscription":{"Uuid":"CB04741B-9072-4E2D-B769-3570FA020BBD","Version":"6E053E8A-FE0D-45A0-A863-C501EEDB4011","Name":"anssi-subscription"}}}
{"System":{"Provider":{"Name":"Microsoft-Windows-Sysmon","Guid":"{5770385f-c22a-43e0-bf4c-06f5698ffbd9}"},"EventID":22,"Version":5,"Level":4,"Task":22,"Opcode":0,"Keywords":"0x8000000000000000","TimeCreated":"2023-12-08T15:53:27.289039800Z","EventRecordID":10373,"Correlation":{},"Execution":{"ProcessID":3248,"ThreadID":3932},"Channel":"Microsoft-Windows-Sysmon/Operational","Computer":"winterfell.north.sevenkingdoms.local","UserID":"S-1-5-18"},"EventData":{"UtcTime":"2023-12-08 12:34:20.326","ProcessId":"896","RuleName":"-","QueryName":"Bravos","QueryResults":"fe80::da5c:a9be:fef:69f2;::ffff:10.202.0.195;","Image":"C:\\Windows\\System32\\svchost.exe","ProcessGuid":"{2b62dd35-54db-6573-1500-000000002300}","User":"NT AUTHORITY\\LOCAL SERVICE","QueryStatus":"0"},"OpenWEC":{"IpAddress":"10.202.0.184","TimeReceived":"2023-12-08T15:53:46.776979070+00:00","Principal":"WINTERFELL$@NORTH.SEVENKINGDOMS.LOCAL","Subscription":{"Uuid":"CB04741B-9072-4E2D-B769-3570FA020BBD","Version":"6E053E8A-FE0D-45A0-A863-C501EEDB4011","Name":"anssi-subscription"}}}
{"System":{"Provider":{"Name":"Microsoft-Windows-Sysmon","Guid":"{5770385f-c22a-43e0-bf4c-06f5698ffbd9}"},"EventID":10,"Version":3,"Level":4,"Task":10,"Opcode":0,"Keywords":"0x8000000000000000","TimeCreated":"2023-12-08T15:53:28.238896000Z","EventRecordID":10374,"Correlation":{},"Execution":{"ProcessID":3248,"ThreadID":3876},"Channel":"Microsoft-Windows-Sysmon/Operational","Computer":"winterfell.north.sevenkingdoms.local","UserID":"S-1-5-18"},"EventData":{"TargetProcessId":"652","TargetUser":"NT AUTHORITY\\SYSTEM","TargetProcessGUID":"{2b62dd35-54d9-6573-0c00-000000002300}","SourceUser":"NT AUTHORITY\\SYSTEM","SourceProcessGUID":"{2b62dd35-e477-6572-4e00-000000002300}","SourceProcessId":"3248","RuleName":"-","SourceThreadId":"3884","TargetImage":"C:\\Windows\\system32\\lsass.exe","GrantedAccess":"0x1fffff","UtcTime":"2023-12-08 15:53:28.238","CallTrace":"C:\\Windows\\SYSTEM32\\ntdll.dll+9feb4|C:\\Windows\\SYSTEM32\\ntdll.dll+7d367|C:\\Windows\\System32\\KERNEL32.DLL+1c5b4|C:\\Windows\\System32\\KERNEL32.DLL+237f8|C:\\Windows\\sysmon64.exe+ec5cd|C:\\Windows\\sysmon64.exe+edeb7|C:\\Windows\\sysmon64.exe+12e889|C:\\Windows\\sysmon64.exe+ee90e|C:\\Windows\\sysmon64.exe+eecd3|C:\\Windows\\sysmon64.exe+f3eea|C:\\Windows\\sysmon64.exe+fbc2c|C:\\Windows\\sysmon64.exe+10dc04|C:\\Windows\\sysmon64.exe+10dcc5|C:\\Windows\\sysmon64.exe+1a9ad2|C:\\Windows\\System32\\KERNEL32.DLL+17974|C:\\Windows\\SYSTEM32\\ntdll.dll+5a2f1","SourceImage":"C:\\Windows\\sysmon64.exe"},"OpenWEC":{"IpAddress":"10.202.0.184","TimeReceived":"2023-12-08T15:53:46.776979070+00:00","Principal":"WINTERFELL$@NORTH.SEVENKINGDOMS.LOCAL","Subscription":{"Uuid":"CB04741B-9072-4E2D-B769-3570FA020BBD","Version":"6E053E8A-FE0D-45A0-A863-C501EEDB4011","Name":"anssi-subscription"}}}
{"System":{"Provider":{"Name":"Microsoft-Windows-Sysmon","Guid":"{5770385f-c22a-43e0-bf4c-06f5698ffbd9}"},"EventID":22,"Version":5,"Level":4,"Task":22,"Opcode":0,"Keywords":"0x8000000000000000","TimeCreated":"2023-12-08T15:53:28.317272900Z","EventRecordID":10375,"Correlation":{},"Execution":{"ProcessID":3248,"ThreadID":3932},"Channel":"Microsoft-Windows-Sysmon/Operational","Computer":"winterfell.north.sevenkingdoms.local","UserID":"S-1-5-18"},"EventData":{"ProcessId":"896","UtcTime":"2023-12-08 12:34:21.450","RuleName":"-","QueryStatus":"0","User":"NT AUTHORITY\\LOCAL SERVICE","Image":"C:\\Windows\\System32\\svchost.exe","QueryResults":"fe80::da5c:a9be:fef:69f2;::ffff:10.202.0.195;","ProcessGuid":"{2b62dd35-54db-6573-1500-000000002300}","QueryName":"Bravos"},"OpenWEC":{"IpAddress":"10.202.0.184","TimeReceived":"2023-12-08T15:53:46.776979070+00:00","Principal":"WINTERFELL$@NORTH.SEVENKINGDOMS.LOCAL","Subscription":{"Uuid":"CB04741B-9072-4E2D-B769-3570FA020BBD","Version":"6E053E8A-FE0D-45A0-A863-C501EEDB4011","Name":"anssi-subscription"}}}
{"System":{"Provider":{"Name":"Microsoft-Windows-Security-Auditing","Guid":"{54849625-5478-4994-a5ba-3e3b0328c30d}"},"EventID":4648,"Version":0,"Level":0,"Task":12544,"Opcode":0,"Keywords":"0x8020000000000000","TimeCreated":"2023-12-08T15:53:30.881363600Z","EventRecordID":157841,"Correlation":{"ActivityID":"{82a8a277-29fd-0000-eca2-a882fd29da01}"},"Execution":{"ProcessID":652,"ThreadID":6040},"Channel":"Security","Computer":"winterfell.north.sevenkingdoms.local"},"EventData":{"LogonGuid":"{00000000-0000-0000-0000-000000000000}","SubjectDomainName":"NORTH","TargetServerName":"localhost","IpPort":"-","SubjectUserSid":"S-1-5-18","TargetUserName":"robb.stark","ProcessName":"C:\\Windows\\System32\\svchost.exe","SubjectLogonId":"0x3e7","TargetLogonGuid":"{f151e215-0f2f-7fdf-15bc-8985bc79b5ff}","TargetDomainName":"NORTH","SubjectUserName":"WINTERFELL$","TargetInfo":"localhost","ProcessId":"0x638","IpAddress":"-"},"OpenWEC":{"IpAddress":"10.202.0.184","TimeReceived":"2023-12-08T15:53:46.776979070+00:00","Principal":"WINTERFELL$@NORTH.SEVENKINGDOMS.LOCAL","Subscription":{"Uuid":"CB04741B-9072-4E2D-B769-3570FA020BBD","Version":"6E053E8A-FE0D-45A0-A863-C501EEDB4011","Name":"anssi-subscription"}}}
{"System":{"Provider":{"Name":"Microsoft-Windows-Security-Auditing","Guid":"{54849625-5478-4994-a5ba-3e3b0328c30d}"},"EventID":4624,"Version":2,"Level":0,"Task":12544,"Opcode":0,"Keywords":"0x8020000000000000","TimeCreated":"2023-12-08T15:53:30.881514500Z","EventRecordID":157842,"Correlation":{"ActivityID":"{82a8a277-29fd-0000-eca2-a882fd29da01}"},"Execution":{"ProcessID":652,"ThreadID":6040},"Channel":"Security","Computer":"winterfell.north.sevenkingdoms.local"},"EventData":{"SubjectDomainName":"NORTH","KeyLength":"0","LogonType":"4","TargetUserName":"robb.stark","ProcessName":"C:\\Windows\\System32\\svchost.exe","TargetLinkedLogonId":"0x0","ImpersonationLevel":"%%1833","AuthenticationPackageName":"Negotiate","LmPackageName":"-","IpPort":"-","LogonGuid":"{f151e215-0f2f-7fdf-15bc-8985bc79b5ff}","TargetOutboundDomainName":"-","ElevatedToken":"%%1842","IpAddress":"-","LogonProcessName":"Advapi  ","SubjectUserSid":"S-1-5-18","TargetLogonId":"0xd93528","SubjectUserName":"WINTERFELL$","TargetUserSid":"S-1-5-21-2431860994-719566178-239256710-1113","TargetDomainName":"NORTH","SubjectLogonId":"0x3e7","TransmittedServices":"-","ProcessId":"0x638","RestrictedAdminMode":"-","TargetOutboundUserName":"-","VirtualAccount":"%%1843","WorkstationName":"WINTERFELL"},"OpenWEC":{"IpAddress":"10.202.0.184","TimeReceived":"2023-12-08T15:53:46.776979070+00:00","Principal":"WINTERFELL$@NORTH.SEVENKINGDOMS.LOCAL","Subscription":{"Uuid":"CB04741B-9072-4E2D-B769-3570FA020BBD","Version":"6E053E8A-FE0D-45A0-A863-C501EEDB4011","Name":"anssi-subscription"}}}
{"System":{"Provider":{"Name":"Microsoft-Windows-Security-Auditing","Guid":"{54849625-5478-4994-a5ba-3e3b0328c30d}"},"EventID":4672,"Version":0,"Level":0,"Task":12548,"Opcode":0,"Keywords":"0x8020000000000000","TimeCreated":"2023-12-08T15:53:30.881520200Z","EventRecordID":157843,"Correlation":{"ActivityID":"{82a8a277-29fd-0000-eca2-a882fd29da01}"},"Execution":{"ProcessID":652,"ThreadID":6040},"Channel":"Security","Computer":"winterfell.north.sevenkingdoms.local"},"EventData":{"SubjectLogonId":"0xd93528","SubjectUserName":"robb.stark","SubjectDomainName":"NORTH","PrivilegeList":"SeSecurityPrivilege\n\t\t\tSeTakeOwnershipPrivilege\n\t\t\tSeLoadDriverPrivilege\n\t\t\tSeBackupPrivilege\n\t\t\tSeRestorePrivilege\n\t\t\tSeDebugPrivilege\n\t\t\tSeSystemEnvironmentPrivilege\n\t\t\tSeEnableDelegationPrivilege\n\t\t\tSeImpersonatePrivilege\n\t\t\tSeDelegateSessionUserImpersonatePrivilege","SubjectUserSid":"S-1-5-21-2431860994-719566178-239256710-1113"},"OpenWEC":{"IpAddress":"10.202.0.184","TimeReceived":"2023-12-08T15:53:46.776979070+00:00","Principal":"WINTERFELL$@NORTH.SEVENKINGDOMS.LOCAL","Subscription":{"Uuid":"CB04741B-9072-4E2D-B769-3570FA020BBD","Version":"6E053E8A-FE0D-45A0-A863-C501EEDB4011","Name":"anssi-subscription"}}}
{"System":{"Provider":{"Name":"Microsoft-Windows-Security-Auditing","Guid":"{54849625-5478-4994-a5ba-3e3b0328c30d}"},"EventID":4688,"Version":2,"Level":0,"Task":13312,"Opcode":0,"Keywords":"0x8020000000000000","TimeCreated":"2023-12-08T15:53:30.884980300Z","EventRecordID":157844,"Correlation":{},"Execution":{"ProcessID":4,"ThreadID":2556},"Channel":"Security","Computer":"winterfell.north.sevenkingdoms.local"},"EventData":{"TargetDomainName":"-","SubjectUserName":"WINTERFELL$","TargetUserName":"-","MandatoryLabel":"S-1-16-16384","SubjectUserSid":"S-1-5-18","ParentProcessName":"C:\\Windows\\System32\\svchost.exe","NewProcessId":"0xb64","TargetUserSid":"S-1-0-0","NewProcessName":"C:\\Windows\\System32\\dllhost.exe","CommandLine":"","SubjectLogonId":"0x3e7","TokenElevationType":"%%1936","ProcessId":"0x35c","TargetLogonId":"0x0","SubjectDomainName":"NORTH"},"OpenWEC":{"IpAddress":"10.202.0.184","TimeReceived":"2023-12-08T15:53:46.776979070+00:00","Principal":"WINTERFELL$@NORTH.SEVENKINGDOMS.LOCAL","Subscription":{"Uuid":"CB04741B-9072-4E2D-B769-3570FA020BBD","Version":"6E053E8A-FE0D-45A0-A863-C501EEDB4011","Name":"anssi-subscription"}}}
{"System":{"Provider":{"Name":"Microsoft-Windows-Security-Auditing","Guid":"{54849625-5478-4994-a5ba-3e3b0328c30d}"},"EventID":4688,"Version":2,"Level":0,"Task":13312,"Opcode":0,"Keywords":"0x8020000000000000","TimeCreated":"2023-12-08T15:53:30.900844900Z","EventRecordID":157845,"Correlation":{},"Execution":{"ProcessID":4,"ThreadID":2556},"Channel":"Security","Computer":"winterfell.north.sevenkingdoms.local"},"EventData":{"SubjectLogonId":"0x3e7","ProcessId":"0x638","SubjectUserSid":"S-1-5-18","CommandLine":"","NewProcessName":"C:\\Windows\\System32\\cmd.exe","TargetUserSid":"S-1-0-0","TokenElevationType":"%%1936","MandatoryLabel":"S-1-16-12288","TargetLogonId":"0xd93528","TargetDomainName":"NORTH","SubjectUserName":"WINTERFELL$","SubjectDomainName":"NORTH","TargetUserName":"robb.stark","NewProcessId":"0xc3c","ParentProcessName":"C:\\Windows\\System32\\svchost.exe"},"OpenWEC":{"IpAddress":"10.202.0.184","TimeReceived":"2023-12-08T15:53:46.776979070+00:00","Principal":"WINTERFELL$@NORTH.SEVENKINGDOMS.LOCAL","Subscription":{"Uuid":"CB04741B-9072-4E2D-B769-3570FA020BBD","Version":"6E053E8A-FE0D-45A0-A863-C501EEDB4011","Name":"anssi-subscription"}}}
{"System":{"Provider":{"Name":"Microsoft-Windows-Security-Auditing","Guid":"{54849625-5478-4994-a5ba-3e3b0328c30d}"},"EventID":4688,"Version":2,"Level":0,"Task":13312,"Opcode":0,"Keywords":"0x8020000000000000","TimeCreated":"2023-12-08T15:53:30.905892800Z","EventRecordID":157846,"Correlation":{},"Execution":{"ProcessID":4,"ThreadID":2556},"Channel":"Security","Computer":"winterfell.north.sevenkingdoms.local"},"EventData":{"TargetLogonId":"0x0","SubjectUserName":"robb.stark","TargetUserSid":"S-1-0-0","CommandLine":"","MandatoryLabel":"S-1-16-12288","TargetUserName":"-","ProcessId":"0xc3c","TokenElevationType":"%%1936","SubjectUserSid":"S-1-5-21-2431860994-719566178-239256710-1113","NewProcessId":"0xb7c","SubjectDomainName":"NORTH","NewProcessName":"C:\\Windows\\System32\\conhost.exe","ParentProcessName":"C:\\Windows\\System32\\cmd.exe","TargetDomainName":"-","SubjectLogonId":"0xd93528"},"OpenWEC":{"IpAddress":"10.202.0.184","TimeReceived":"2023-12-08T15:53:46.776979070+00:00","Principal":"WINTERFELL$@NORTH.SEVENKINGDOMS.LOCAL","Subscription":{"Uuid":"CB04741B-9072-4E2D-B769-3570FA020BBD","Version":"6E053E8A-FE0D-45A0-A863-C501EEDB4011","Name":"anssi-subscription"}}}
{"System":{"Provider":{"Name":"Microsoft-Windows-Security-Auditing","Guid":"{54849625-5478-4994-a5ba-3e3b0328c30d}"},"EventID":4688,"Version":2,"Level":0,"Task":13312,"Opcode":0,"Keywords":"0x8020000000000000","TimeCreated":"2023-12-08T15:53:30.937429800Z","EventRecordID":157847,"Correlation":{},"Execution":{"ProcessID":4,"ThreadID":2556},"Channel":"Security","Computer":"winterfell.north.sevenkingdoms.local"},"EventData":{"ProcessId":"0xc3c","TargetLogonId":"0x0","SubjectDomainName":"NORTH","ParentProcessName":"C:\\Windows\\System32\\cmd.exe","SubjectUserName":"robb.stark","NewProcessId":"0x824","CommandLine":"","MandatoryLabel":"S-1-16-12288","TokenElevationType":"%%1936","NewProcessName":"C:\\Windows\\System32\\WindowsPowerShell\\v1.0\\powershell.exe","SubjectLogonId":"0xd93528","TargetUserName":"-","SubjectUserSid":"S-1-5-21-2431860994-719566178-239256710-1113","TargetUserSid":"S-1-0-0","TargetDomainName":"-"},"OpenWEC":{"IpAddress":"10.202.0.184","TimeReceived":"2023-12-08T15:53:46.776979070+00:00","Principal":"WINTERFELL$@NORTH.SEVENKINGDOMS.LOCAL","Subscription":{"Uuid":"CB04741B-9072-4E2D-B769-3570FA020BBD","Version":"6E053E8A-FE0D-45A0-A863-C501EEDB4011","Name":"anssi-subscription"}}}
{"System":{"Provider":{"Name":"Microsoft-Windows-Security-Auditing","Guid":"{54849625-5478-4994-a5ba-3e3b0328c30d}"},"EventID":4688,"Version":2,"Level":0,"Task":13312,"Opcode":0,"Keywords":"0x8020000000000000","TimeCreated":"2023-12-08T15:53:31.104937400Z","EventRecordID":157848,"Correlation":{},"Execution":{"ProcessID":4,"ThreadID":2556},"Channel":"Security","Computer":"winterfell.north.sevenkingdoms.local"},"EventData":{"SubjectUserName":"robb.stark","SubjectDomainName":"NORTH","SubjectLogonId":"0xd93528","TokenElevationType":"%%1936","TargetLogonId":"0x0","NewProcessName":"C:\\Windows\\System32\\query.exe","CommandLine":"","TargetUserSid":"S-1-0-0","ParentProcessName":"C:\\Windows\\System32\\WindowsPowerShell\\v1.0\\powershell.exe","NewProcessId":"0x170c","ProcessId":"0x824","MandatoryLabel":"S-1-16-12288","TargetUserName":"-","TargetDomainName":"-","SubjectUserSid":"S-1-5-21-2431860994-719566178-239256710-1113"},"OpenWEC":{"IpAddress":"10.202.0.184","TimeReceived":"2023-12-08T15:53:46.776979070+00:00","Principal":"WINTERFELL$@NORTH.SEVENKINGDOMS.LOCAL","Subscription":{"Uuid":"CB04741B-9072-4E2D-B769-3570FA020BBD","Version":"6E053E8A-FE0D-45A0-A863-C501EEDB4011","Name":"anssi-subscription"}}}
{"System":{"Provider":{"Name":"Microsoft-Windows-Security-Auditing","Guid":"{54849625-5478-4994-a5ba-3e3b0328c30d}"},"EventID":4688,"Version":2,"Level":0,"Task":13312,"Opcode":0,"Keywords":"0x8020000000000000","TimeCreated":"2023-12-08T15:53:31.119247400Z","EventRecordID":157849,"Correlation":{},"Execution":{"ProcessID":4,"ThreadID":2556},"Channel":"Security","Computer":"winterfell.north.sevenkingdoms.local"},"EventData":{"SubjectUserName":"robb.stark","ProcessId":"0x170c","SubjectDomainName":"NORTH","TargetDomainName":"-","TargetLogonId":"0x0","TokenElevationType":"%%1936","TargetUserSid":"S-1-0-0","TargetUserName":"-","MandatoryLabel":"S-1-16-12288","SubjectLogonId":"0xd93528","NewProcessId":"0x1340","SubjectUserSid":"S-1-5-21-2431860994-719566178-239256710-1113","ParentProcessName":"C:\\Windows\\System32\\query.exe","CommandLine":"","NewProcessName":"C:\\Windows\\System32\\qwinsta.exe"},"OpenWEC":{"IpAddress":"10.202.0.184","TimeReceived":"2023-12-08T15:53:46.776979070+00:00","Principal":"WINTERFELL$@NORTH.SEVENKINGDOMS.LOCAL","Subscription":{"Uuid":"CB04741B-9072-4E2D-B769-3570FA020BBD","Version":"6E053E8A-FE0D-45A0-A863-C501EEDB4011","Name":"anssi-subscription"}}}
{"System":{"Provider":{"Name":"Microsoft-Windows-TaskScheduler","Guid":"{de7b24ea-73c8-4a09-985d-5bdadcfa9017}"},"EventID":107,"Version":0,"Level":4,"Task":107,"Opcode":0,"Keywords":"0x8000000000000000","TimeCreated":"2023-12-08T15:53:30.881792900Z","EventRecordID":49863,"Correlation":{"ActivityID":"{7837e3da-d54e-435e-a224-816761f54020}"},"Execution":{"ProcessID":1592,"ThreadID":5996},"Channel":"Microsoft-Windows-TaskScheduler/Operational","Computer":"winterfell.north.sevenkingdoms.local","UserID":"S-1-5-18"},"EventData":{"InstanceId":"{7837e3da-d54e-435e-a224-816761f54020}","TaskName":"\\connect_bot"},"OpenWEC":{"IpAddress":"10.202.0.184","TimeReceived":"2023-12-08T15:53:46.776979070+00:00","Principal":"WINTERFELL$@NORTH.SEVENKINGDOMS.LOCAL","Subscription":{"Uuid":"CB04741B-9072-4E2D-B769-3570FA020BBD","Version":"6E053E8A-FE0D-45A0-A863-C501EEDB4011","Name":"anssi-subscription"}}}
{"System":{"Provider":{"Name":"Microsoft-Windows-TaskScheduler","Guid":"{de7b24ea-73c8-4a09-985d-5bdadcfa9017}"},"EventID":129,"Version":0,"Level":4,"Task":129,"Opcode":0,"Keywords":"0x8000000000000000","TimeCreated":"2023-12-08T15:53:30.903028300Z","EventRecordID":49864,"Correlation":{},"Execution":{"ProcessID":1592,"ThreadID":5996},"Channel":"Microsoft-Windows-TaskScheduler/Operational","Computer":"winterfell.north.sevenkingdoms.local","UserID":"S-1-5-18"},"EventData":{"ProcessID":"3132","Path":"cmd.exe","Priority":"16384","TaskName":"\\connect_bot"},"OpenWEC":{"IpAddress":"10.202.0.184","TimeReceived":"2023-12-08T15:53:46.776979070+00:00","Principal":"WINTERFELL$@NORTH.SEVENKINGDOMS.LOCAL","Subscription":{"Uuid":"CB04741B-9072-4E2D-B769-3570FA020BBD","Version":"6E053E8A-FE0D-45A0-A863-C501EEDB4011","Name":"anssi-subscription"}}}
{"System":{"Provider":{"Name":"Microsoft-Windows-TaskScheduler","Guid":"{de7b24ea-73c8-4a09-985d-5bdadcfa9017}"},"EventID":100,"Version":0,"Level":4,"Task":100,"Opcode":1,"Keywords":"0x8000000000000001","TimeCreated":"2023-12-08T15:53:30.903226600Z","EventRecordID":49865,"Correlation":{"ActivityID":"{7837e3da-d54e-435e-a224-816761f54020}"},"Execution":{"ProcessID":1592,"ThreadID":5996},"Channel":"Microsoft-Windows-TaskScheduler/Operational","Computer":"winterfell.north.sevenkingdoms.local","UserID":"S-1-5-18"},"EventData":{"UserContext":"NORTH\\robb.stark","TaskName":"\\connect_bot","InstanceId":"{7837e3da-d54e-435e-a224-816761f54020}"},"OpenWEC":{"IpAddress":"10.202.0.184","TimeReceived":"2023-12-08T15:53:46.776979070+00:00","Principal":"WINTERFELL$@NORTH.SEVENKINGDOMS.LOCAL","Subscription":{"Uuid":"CB04741B-9072-4E2D-B769-3570FA020BBD","Version":"6E053E8A-FE0D-45A0-A863-C501EEDB4011","Name":"anssi-subscription"}}}
{"System":{"Provider":{"Name":"Microsoft-Windows-TaskScheduler","Guid":"{de7b24ea-73c8-4a09-985d-5bdadcfa9017}"},"EventID":200,"Version":1,"Level":4,"Task":200,"Opcode":1,"Keywords":"0x8000000000000000","TimeCreated":"2023-12-08T15:53:30.903228100Z","EventRecordID":49866,"Correlation":{"ActivityID":"{7837e3da-d54e-435e-a224-816761f54020}"},"Execution":{"ProcessID":1592,"ThreadID":5996},"Channel":"Microsoft-Windows-TaskScheduler/Operational","Computer":"winterfell.north.sevenkingdoms.local","UserID":"S-1-5-18"},"EventData":{"TaskInstanceId":"{7837e3da-d54e-435e-a224-816761f54020}","TaskName":"\\connect_bot","EnginePID":"3132","ActionName":"cmd.exe"},"OpenWEC":{"IpAddress":"10.202.0.184","TimeReceived":"2023-12-08T15:53:46.776979070+00:00","Principal":"WINTERFELL$@NORTH.SEVENKINGDOMS.LOCAL","Subscription":{"Uuid":"CB04741B-9072-4E2D-B769-3570FA020BBD","Version":"6E053E8A-FE0D-45A0-A863-C501EEDB4011","Name":"anssi-subscription"}}}
{"System":{"Provider":{"Name":"Microsoft-Windows-Sysmon","Guid":"{5770385f-c22a-43e0-bf4c-06f5698ffbd9}"},"EventID":10,"Version":3,"Level":4,"Task":10,"Opcode":0,"Keywords":"0x8000000000000000","TimeCreated":"2023-12-08T15:53:30.869592500Z","EventRecordID":10376,"Correlation":{},"Execution":{"ProcessID":3248,"ThreadID":3876},"Channel":"Microsoft-Windows-Sysmon/Operational","Computer":"winterfell.north.sevenkingdoms.local","UserID":"S-1-5-18"},"EventData":{"TargetImage":"C:\\Windows\\system32\\lsass.exe","SourceImage":"C:\\Windows\\system32\\svchost.exe","SourceProcessId":"948","CallTrace":"C:\\Windows\\SYSTEM32\\ntdll.dll+9feb4|C:\\Windows\\System32\\KERNELBASE.dll+6c2f5|c:\\windows\\system32\\lsm.dll+f397|c:\\windows\\system32\\lsm.dll+df54|C:\\Windows\\System32\\RPCRT4.dll+784a3|C:\\Windows\\System32\\RPCRT4.dll+d9f9a|C:\\Windows\\System32\\RPCRT4.dll+1ac60|C:\\Windows\\System32\\RPCRT4.dll+508e8|C:\\Windows\\System32\\RPCRT4.dll+3ad80|C:\\Windows\\System32\\RPCRT4.dll+3a72b|C:\\Windows\\System32\\RPCRT4.dll+2c9cf|C:\\Windows\\System32\\RPCRT4.dll+2be2a|C:\\Windows\\System32\\RPCRT4.dll+2b3f1|C:\\Windows\\System32\\RPCRT4.dll+2ae62|C:\\Windows\\System32\\RPCRT4.dll+218d5|C:\\Windows\\SYSTEM32\\ntdll.dll+69c20|C:\\Windows\\SYSTEM32\\ntdll.dll+166e8|C:\\Windows\\System32\\KERNEL32.DLL+17974|C:\\Windows\\SYSTEM32\\ntdll.dll+5a2f1","SourceUser":"NT AUTHORITY\\SYSTEM","RuleName":"-","GrantedAccess":"0x1000","TargetUser":"NT AUTHORITY\\SYSTEM","SourceThreadId":"5248","UtcTime":"2023-12-08 15:53:30.863","TargetProcessGUID":"{2b62dd35-54d9-6573-0c00-000000002300}","SourceProcessGUID":"{2b62dd35-54db-6573-1000-000000002300}","TargetProcessId":"652"},"OpenWEC":{"IpAddress":"10.202.0.184","TimeReceived":"2023-12-08T15:53:46.776979070+00:00","Principal":"WINTERFELL$@NORTH.SEVENKINGDOMS.LOCAL","Subscription":{"Uuid":"CB04741B-9072-4E2D-B769-3570FA020BBD","Version":"6E053E8A-FE0D-45A0-A863-C501EEDB4011","Name":"anssi-subscription"}}}
{"System":{"Provider":{"Name":"Microsoft-Windows-Sysmon","Guid":"{5770385f-c22a-43e0-bf4c-06f5698ffbd9}"},"EventID":10,"Version":3,"Level":4,"Task":10,"Opcode":0,"Keywords":"0x8000000000000000","TimeCreated":"2023-12-08T15:53:30.869793800Z","EventRecordID":10377,"Correlation":{},"Execution":{"ProcessID":3248,"ThreadID":3876},"Channel":"Microsoft-Windows-Sysmon/Operational","Computer":"winterfell.north.sevenkingdoms.local","UserID":"S-1-5-18"},"EventData":{"UtcTime":"2023-12-08 15:53:30.863","TargetImage":"C:\\Windows\\system32\\lsass.exe","SourceProcessId":"948","CallTrace":"C:\\Windows\\SYSTEM32\\ntdll.dll+9feb4|C:\\Windows\\System32\\KERNELBASE.dll+6c2f5|c:\\windows\\system32\\lsm.dll+e2ca|c:\\windows\\system32\\lsm.dll+e044|C:\\Windows\\System32\\RPCRT4.dll+784a3|C:\\Windows\\System32\\RPCRT4.dll+d9f9a|C:\\Windows\\System32\\RPCRT4.dll+1ac60|C:\\Windows\\System32\\RPCRT4.dll+508e8|C:\\Windows\\System32\\RPCRT4.dll+3ad80|C:\\Windows\\System32\\RPCRT4.dll+3a72b|C:\\Windows\\System32\\RPCRT4.dll+2c9cf|C:\\Windows\\System32\\RPCRT4.dll+2be2a|C:\\Windows\\System32\\RPCRT4.dll+2b3f1|C:\\Windows\\System32\\RPCRT4.dll+2ae62|C:\\Windows\\System32\\RPCRT4.dll+218d5|C:\\Windows\\SYSTEM32\\ntdll.dll+69c20|C:\\Windows\\SYSTEM32\\ntdll.dll+166e8|C:\\Windows\\System32\\KERNEL32.DLL+17974|C:\\Windows\\SYSTEM32\\ntdll.dll+5a2f1","SourceProcessGUID":"{2b62dd35-54db-6573-1000-000000002300}","SourceUser":"NT AUTHORITY\\SYSTEM","TargetUser":"NT AUTHORITY\\SYSTEM","SourceThreadId":"5248","RuleName":"-","TargetProcessGUID":"{2b62dd35-54d9-6573-0c00-000000002300}","GrantedAccess":"0x1000","TargetProcessId":"652","SourceImage":"C:\\Windows\\system32\\svchost.exe"},"OpenWEC":{"IpAddress":"10.202.0.184","TimeReceived":"2023-12-08T15:53:46.776979070+00:00","Principal":"WINTERFELL$@NORTH.SEVENKINGDOMS.LOCAL","Subscription":{"Uuid":"CB04741B-9072-4E2D-B769-3570FA020BBD","Version":"6E053E8A-FE0D-45A0-A863-C501EEDB4011","Name":"anssi-subscription"}}}
{"System":{"Provider":{"Name":"Microsoft-Windows-Sysmon","Guid":"{5770385f-c22a-43e0-bf4c-06f5698ffbd9}"},"EventID":1,"Version":5,"Level":4,"Task":1,"Opcode":0,"Keywords":"0x8000000000000000","TimeCreated":"2023-12-08T15:53:30.887109300Z","EventRecordID":10378,"Correlation":{},"Execution":{"ProcessID":3248,"ThreadID":3876},"Channel":"Microsoft-Windows-Sysmon/Operational","Computer":"winterfell.north.sevenkingdoms.local","UserID":"S-1-5-18"},"EventData":{"ParentImage":"-","ParentUser":"-","User":"NT AUTHORITY\\SYSTEM","ProcessGuid":"{2b62dd35-3bfa-6573-1608-000000002300}","RuleName":"-","CurrentDirectory":"C:\\Windows\\system32\\","IntegrityLevel":"System","FileVersion":"10.0.17763.1 (WinBuild.160101.0800)","CommandLine":"C:\\Windows\\system32\\DllHost.exe /Processid:{E10F6C3A-F1AE-4ADC-AA9D-2FE65525666E}","Image":"C:\\Windows\\System32\\dllhost.exe","LogonGuid":"{2b62dd35-54d9-6573-e703-000000000000}","LogonId":"0x3e7","Description":"COM Surrogate","ProcessId":"2916","TerminalSessionId":"0","UtcTime":"2023-12-08 15:53:30.884","Product":"Microsoft® Windows® Operating System","ParentCommandLine":"-","Company":"Microsoft Corporation","Hashes":"MD5=D2AB39EA2C0FCD172751F84BDA723A97,SHA256=C4E078607DB2784BE7761C86048DFFA6F3EF04B551354A32FCDEC3B6A3450905,IMPHASH=68E651F131674892AE7E46556EB24726","ParentProcessGuid":"{00000000-0000-0000-0000-000000000000}","ParentProcessId":"860","OriginalFileName":"dllhost.exe"},"OpenWEC":{"IpAddress":"10.202.0.184","TimeReceived":"2023-12-08T15:53:46.776979070+00:00","Principal":"WINTERFELL$@NORTH.SEVENKINGDOMS.LOCAL","Subscription":{"Uuid":"CB04741B-9072-4E2D-B769-3570FA020BBD","Version":"6E053E8A-FE0D-45A0-A863-C501EEDB4011","Name":"anssi-subscription"}}}
{"System":{"Provider":{"Name":"Microsoft-Windows-Sysmon","Guid":"{5770385f-c22a-43e0-bf4c-06f5698ffbd9}"},"EventID":1,"Version":5,"Level":4,"Task":1,"Opcode":0,"Keywords":"0x8000000000000000","TimeCreated":"2023-12-08T15:53:30.902489600Z","EventRecordID":10379,"Correlation":{},"Execution":{"ProcessID":3248,"ThreadID":3876},"Channel":"Microsoft-Windows-Sysmon/Operational","Computer":"winterfell.north.sevenkingdoms.local","UserID":"S-1-5-18"},"EventData":{"OriginalFileName":"Cmd.Exe","ProcessGuid":"{2b62dd35-3bfa-6573-1708-000000002300}","TerminalSessionId":"0","ProcessId":"3132","FileVersion":"10.0.17763.1697 (WinBuild.160101.0800)","User":"NORTH\\robb.stark","Product":"Microsoft® Windows® Operating System","UtcTime":"2023-12-08 15:53:30.900","IntegrityLevel":"High","ParentProcessId":"1592","LogonGuid":"{2b62dd35-3bfa-6573-2835-d90000000000}","Hashes":"MD5=911D039E71583A07320B32BDE22F8E22,SHA256=BC866CFCDDA37E24DC2634DC282C7A0E6F55209DA17A8FA105B07414C0E7C527,IMPHASH=272245E2988E1E430500B852C4FB5E18","ParentProcessGuid":"{00000000-0000-0000-0000-000000000000}","CommandLine":"cmd.exe /c powershell c:\\setup\\bot_rdp.ps1","LogonId":"0xd93528","ParentUser":"-","Company":"Microsoft Corporation","RuleName":"-","ParentImage":"-","CurrentDirectory":"C:\\Windows\\system32\\","Image":"C:\\Windows\\System32\\cmd.exe","ParentCommandLine":"-","Description":"Windows Command Processor"},"OpenWEC":{"IpAddress":"10.202.0.184","TimeReceived":"2023-12-08T15:53:46.776979070+00:00","Principal":"WINTERFELL$@NORTH.SEVENKINGDOMS.LOCAL","Subscription":{"Uuid":"CB04741B-9072-4E2D-B769-3570FA020BBD","Version":"6E053E8A-FE0D-45A0-A863-C501EEDB4011","Name":"anssi-subscription"}}}
{"System":{"Provider":{"Name":"Microsoft-Windows-Sysmon","Guid":"{5770385f-c22a-43e0-bf4c-06f5698ffbd9}"},"EventID":1,"Version":5,"Level":4,"Task":1,"Opcode":0,"Keywords":"0x8000000000000000","TimeCreated":"2023-12-08T15:53:30.942674400Z","EventRecordID":10380,"Correlation":{},"Execution":{"ProcessID":3248,"ThreadID":3876},"Channel":"Microsoft-Windows-Sysmon/Operational","Computer":"winterfell.north.sevenkingdoms.local","UserID":"S-1-5-18"},"EventData":{"ParentImage":"C:\\Windows\\System32\\cmd.exe","ProcessId":"2084","FileVersion":"10.0.17763.1 (WinBuild.160101.0800)","ParentCommandLine":"cmd.exe /c powershell c:\\setup\\bot_rdp.ps1","User":"NORTH\\robb.stark","CurrentDirectory":"C:\\Windows\\system32\\","CommandLine":"powershell  c:\\setup\\bot_rdp.ps1","LogonId":"0xd93528","ParentUser":"NORTH\\robb.stark","Image":"C:\\Windows\\System32\\WindowsPowerShell\\v1.0\\powershell.exe","Product":"Microsoft® Windows® Operating System","LogonGuid":"{2b62dd35-3bfa-6573-2835-d90000000000}","Description":"Windows PowerShell","Company":"Microsoft Corporation","TerminalSessionId":"0","RuleName":"-","IntegrityLevel":"High","Hashes":"MD5=7353F60B1739074EB17C5F4DDDEFE239,SHA256=DE96A6E69944335375DC1AC238336066889D9FFC7D73628EF4FE1B1B160AB32C,IMPHASH=741776AACCFC5B71FF59832DCDCACE0F","OriginalFileName":"PowerShell.EXE","ProcessGuid":"{2b62dd35-3bfa-6573-1908-000000002300}","ParentProcessGuid":"{2b62dd35-3bfa-6573-1708-000000002300}","UtcTime":"2023-12-08 15:53:30.937","ParentProcessId":"3132"},"OpenWEC":{"IpAddress":"10.202.0.184","TimeReceived":"2023-12-08T15:53:46.776979070+00:00","Principal":"WINTERFELL$@NORTH.SEVENKINGDOMS.LOCAL","Subscription":{"Uuid":"CB04741B-9072-4E2D-B769-3570FA020BBD","Version":"6E053E8A-FE0D-45A0-A863-C501EEDB4011","Name":"anssi-subscription"}}}
{"System":{"Provider":{"Name":"Microsoft-Windows-Sysmon","Guid":"{5770385f-c22a-43e0-bf4c-06f5698ffbd9}"},"EventID":11,"Version":2,"Level":4,"Task":11,"Opcode":0,"Keywords":"0x8000000000000000","TimeCreated":"2023-12-08T15:53:30.991717500Z","EventRecordID":10381,"Correlation":{},"Execution":{"ProcessID":3248,"ThreadID":3876},"Channel":"Microsoft-Windows-Sysmon/Operational","Computer":"winterfell.north.sevenkingdoms.local","UserID":"S-1-5-18"},"EventData":{"User":"NORTH\\robb.stark","TargetFilename":"C:\\Users\\robb.stark\\AppData\\Local\\Temp\\__PSScriptPolicyTest_qiiykgk2.wag.ps1","RuleName":"-","ProcessId":"2084","UtcTime":"2023-12-08 15:53:30.987","ProcessGuid":"{2b62dd35-3bfa-6573-1908-000000002300}","Image":"C:\\Windows\\System32\\WindowsPowerShell\\v1.0\\powershell.exe","CreationUtcTime":"2023-12-08 15:53:30.987"},"OpenWEC":{"IpAddress":"10.202.0.184","TimeReceived":"2023-12-08T15:53:46.776979070+00:00","Principal":"WINTERFELL$@NORTH.SEVENKINGDOMS.LOCAL","Subscription":{"Uuid":"CB04741B-9072-4E2D-B769-3570FA020BBD","Version":"6E053E8A-FE0D-45A0-A863-C501EEDB4011","Name":"anssi-subscription"}}}
{"System":{"Provider":{"Name":"Microsoft-Windows-Sysmon","Guid":"{5770385f-c22a-43e0-bf4c-06f5698ffbd9}"},"EventID":1,"Version":5,"Level":4,"Task":1,"Opcode":0,"Keywords":"0x8000000000000000","TimeCreated":"2023-12-08T15:53:31.108483100Z","EventRecordID":10382,"Correlation":{},"Execution":{"ProcessID":3248,"ThreadID":3876},"Channel":"Microsoft-Windows-Sysmon/Operational","Computer":"winterfell.north.sevenkingdoms.local","UserID":"S-1-5-18"},"EventData":{"OriginalFileName":"query.exe","User":"NORTH\\robb.stark","LogonGuid":"{2b62dd35-3bfa-6573-2835-d90000000000}","ParentProcessId":"2084","IntegrityLevel":"High","Product":"Microsoft® Windows® Operating System","Image":"C:\\Windows\\System32\\query.exe","Company":"Microsoft Corporation","Description":"MultiUser Query Utility","TerminalSessionId":"0","Hashes":"MD5=8A7520A6CC2A2968F4A8EE4DB946AD8D,SHA256=3369E8FEA09C3C226D636B13108DA357093D0D98214236417839A94F56D3BA02,IMPHASH=CCC9DA4A55E90DFE34CBCDB066D6A6B3","RuleName":"-","ProcessGuid":"{2b62dd35-3bfb-6573-1a08-000000002300}","ParentCommandLine":"powershell  c:\\setup\\bot_rdp.ps1","UtcTime":"2023-12-08 15:53:31.104","FileVersion":"10.0.17763.1 (WinBuild.160101.0800)","ProcessId":"5900","LogonId":"0xd93528","ParentUser":"NORTH\\robb.stark","CurrentDirectory":"C:\\Windows\\system32\\","ParentImage":"C:\\Windows\\System32\\WindowsPowerShell\\v1.0\\powershell.exe","CommandLine":"\"C:\\Windows\\system32\\query.exe\" session robb.stark /server:castelblack","ParentProcessGuid":"{2b62dd35-3bfa-6573-1908-000000002300}"},"OpenWEC":{"IpAddress":"10.202.0.184","TimeReceived":"2023-12-08T15:53:46.776979070+00:00","Principal":"WINTERFELL$@NORTH.SEVENKINGDOMS.LOCAL","Subscription":{"Uuid":"CB04741B-9072-4E2D-B769-3570FA020BBD","Version":"6E053E8A-FE0D-45A0-A863-C501EEDB4011","Name":"anssi-subscription"}}}
{"System":{"Provider":{"Name":"Microsoft-Windows-Sysmon","Guid":"{5770385f-c22a-43e0-bf4c-06f5698ffbd9}"},"EventID":10,"Version":3,"Level":4,"Task":10,"Opcode":0,"Keywords":"0x8000000000000000","TimeCreated":"2023-12-08T15:53:31.108858700Z","EventRecordID":10383,"Correlation":{},"Execution":{"ProcessID":3248,"ThreadID":3876},"Channel":"Microsoft-Windows-Sysmon/Operational","Computer":"winterfell.north.sevenkingdoms.local","UserID":"S-1-5-18"},"EventData":{"TargetProcessId":"5900","TargetProcessGUID":"{2b62dd35-3bfb-6573-1a08-000000002300}","SourceImage":"C:\\Windows\\System32\\WindowsPowerShell\\v1.0\\powershell.exe","UtcTime":"2023-12-08 15:53:31.097","SourceThreadId":"5656","SourceProcessGUID":"{2b62dd35-3bfa-6573-1908-000000002300}","GrantedAccess":"0x1fffff","SourceProcessId":"2084","TargetImage":"C:\\Windows\\system32\\query.exe","SourceUser":"NORTH\\robb.stark","TargetUser":"NORTH\\robb.stark","RuleName":"-","CallTrace":"C:\\Windows\\SYSTEM32\\ntdll.dll+a1244|C:\\Windows\\System32\\KERNELBASE.dll+485d2|C:\\Windows\\System32\\KERNELBASE.dll+45fc6|C:\\Windows\\System32\\KERNEL32.DLL+1c2e3|C:\\Windows\\assembly\\NativeImages_v4.0.30319_64\\System\\cb755e97e255f61e327a8001d4e05859\\System.ni.dll+3332f6|C:\\Windows\\assembly\\NativeImages_v4.0.30319_64\\System\\cb755e97e255f61e327a8001d4e05859\\System.ni.dll+2b5560|C:\\Windows\\assembly\\NativeImages_v4.0.30319_64\\System\\cb755e97e255f61e327a8001d4e05859\\System.ni.dll+2b4f07|C:\\Windows\\assembly\\NativeImages_v4.0.30319_64\\System.Manaa57fc8cc#\\da4031e77cd7d8b426cd99e749e0c982\\System.Management.Automation.ni.dll+f7fc6b|C:\\Windows\\assembly\\NativeImages_v4.0.30319_64\\System.Manaa57fc8cc#\\da4031e77cd7d8b426cd99e749e0c982\\System.Management.Automation.ni.dll+ed9fad|C:\\Windows\\assembly\\NativeImages_v4.0.30319_64\\System.Manaa57fc8cc#\\da4031e77cd7d8b426cd99e749e0c982\\System.Management.Automation.ni.dll+f5cb1e|C:\\Windows\\assembly\\NativeImages_v4.0.30319_64\\System.Manaa57fc8cc#\\da4031e77cd7d8b426cd99e749e0c982\\System.Management.Automation.ni.dll+f5c7fb|C:\\Windows\\assembly\\NativeImages_v4.0.30319_64\\System.Manaa57fc8cc#\\da4031e77cd7d8b426cd99e749e0c982\\System.Management.Automation.ni.dll+104fcb4|UNKNOWN(00007FF7D51B13C1)"},"OpenWEC":{"IpAddress":"10.202.0.184","TimeReceived":"2023-12-08T15:53:46.776979070+00:00","Principal":"WINTERFELL$@NORTH.SEVENKINGDOMS.LOCAL","Subscription":{"Uuid":"CB04741B-9072-4E2D-B769-3570FA020BBD","Version":"6E053E8A-FE0D-45A0-A863-C501EEDB4011","Name":"anssi-subscription"}}}
{"System":{"Provider":{"Name":"Microsoft-Windows-Sysmon","Guid":"{5770385f-c22a-43e0-bf4c-06f5698ffbd9}"},"EventID":1,"Version":5,"Level":4,"Task":1,"Opcode":0,"Keywords":"0x8000000000000000","TimeCreated":"2023-12-08T15:53:31.122455300Z","EventRecordID":10384,"Correlation":{},"Execution":{"ProcessID":3248,"ThreadID":3876},"Channel":"Microsoft-Windows-Sysmon/Operational","Computer":"winterfell.north.sevenkingdoms.local","UserID":"S-1-5-18"},"EventData":{"RuleName":"-","ParentProcessId":"5900","CommandLine":"\"C:\\Windows\\system32\\qwinsta.exe\" robb.stark /server:castelblack","LogonId":"0xd93528","TerminalSessionId":"0","CurrentDirectory":"C:\\Windows\\system32\\","FileVersion":"10.0.17763.1 (WinBuild.160101.0800)","Company":"Microsoft Corporation","UtcTime":"2023-12-08 15:53:31.119","OriginalFileName":"qwinsta.exe","LogonGuid":"{2b62dd35-3bfa-6573-2835-d90000000000}","ProcessGuid":"{2b62dd35-3bfb-6573-1b08-000000002300}","Hashes":"MD5=9322C72AB11E725B098552A5FAE0F655,SHA256=E1AE2EC83FEC0C8CF01B9E4C3DA910BE61ABF3071E56EDA834590C405E8E4E69,IMPHASH=45B4A06EB57D86287767753D3ED73862","ParentUser":"NORTH\\robb.stark","Product":"Microsoft® Windows® Operating System","IntegrityLevel":"High","User":"NORTH\\robb.stark","ParentImage":"C:\\Windows\\System32\\query.exe","ProcessId":"4928","ParentProcessGuid":"{2b62dd35-3bfb-6573-1a08-000000002300}","Description":"Query Session Utility","ParentCommandLine":"\"C:\\Windows\\system32\\query.exe\" session robb.stark /server:castelblack","Image":"C:\\Windows\\System32\\qwinsta.exe"},"OpenWEC":{"IpAddress":"10.202.0.184","TimeReceived":"2023-12-08T15:53:46.776979070+00:00","Principal":"WINTERFELL$@NORTH.SEVENKINGDOMS.LOCAL","Subscription":{"Uuid":"CB04741B-9072-4E2D-B769-3570FA020BBD","Version":"6E053E8A-FE0D-45A0-A863-C501EEDB4011","Name":"anssi-subscription"}}}
{"System":{"Provider":{"Name":"Microsoft-Windows-Sysmon","Guid":"{5770385f-c22a-43e0-bf4c-06f5698ffbd9}"},"EventID":10,"Version":3,"Level":4,"Task":10,"Opcode":0,"Keywords":"0x8000000000000000","TimeCreated":"2023-12-08T15:53:31.895584100Z","EventRecordID":10385,"Correlation":{},"Execution":{"ProcessID":3248,"ThreadID":3876},"Channel":"Microsoft-Windows-Sysmon/Operational","Computer":"winterfell.north.sevenkingdoms.local","UserID":"S-1-5-18"},"EventData":{"UtcTime":"2023-12-08 15:53:31.894","SourceProcessId":"3248","SourceProcessGUID":"{2b62dd35-e477-6572-4e00-000000002300}","SourceImage":"C:\\Windows\\sysmon64.exe","TargetProcessId":"652","SourceThreadId":"3932","GrantedAccess":"0x1fffff","TargetImage":"C:\\Windows\\system32\\lsass.exe","CallTrace":"C:\\Windows\\SYSTEM32\\ntdll.dll+9feb4|C:\\Windows\\SYSTEM32\\ntdll.dll+7d367|C:\\Windows\\System32\\KERNEL32.DLL+1c5b4|C:\\Windows\\System32\\KERNEL32.DLL+237f8|C:\\Windows\\sysmon64.exe+ec5cd|C:\\Windows\\sysmon64.exe+edeb7|C:\\Windows\\sysmon64.exe+12e889|C:\\Windows\\sysmon64.exe+ee90e|C:\\Windows\\sysmon64.exe+eecd3|C:\\Windows\\sysmon64.exe+10bd88|C:\\Windows\\sysmon64.exe+e22d1|C:\\Windows\\sysmon64.exe+e2427|C:\\Windows\\System32\\sechost.dll+dc61|C:\\Windows\\System32\\sechost.dll+d9a9|C:\\Windows\\System32\\sechost.dll+13d4e|C:\\Windows\\sysmon64.exe+e25ba|C:\\Windows\\sysmon64.exe+1a9ad2|C:\\Windows\\System32\\KERNEL32.DLL+17974|C:\\Windows\\SYSTEM32\\ntdll.dll+5a2f1","SourceUser":"NT AUTHORITY\\SYSTEM","TargetUser":"NT AUTHORITY\\SYSTEM","RuleName":"-","TargetProcessGUID":"{2b62dd35-54d9-6573-0c00-000000002300}"},"OpenWEC":{"IpAddress":"10.202.0.184","TimeReceived":"2023-12-08T15:53:46.776979070+00:00","Principal":"WINTERFELL$@NORTH.SEVENKINGDOMS.LOCAL","Subscription":{"Uuid":"CB04741B-9072-4E2D-B769-3570FA020BBD","Version":"6E053E8A-FE0D-45A0-A863-C501EEDB4011","Name":"anssi-subscription"}}}
{"System":{"Provider":{"Name":"Microsoft-Windows-Sysmon","Guid":"{5770385f-c22a-43e0-bf4c-06f5698ffbd9}"},"EventID":22,"Version":5,"Level":4,"Task":22,"Opcode":0,"Keywords":"0x8000000000000000","TimeCreated":"2023-12-08T15:53:31.896180800Z","EventRecordID":10386,"Correlation":{},"Execution":{"ProcessID":3248,"ThreadID":3932},"Channel":"Microsoft-Windows-Sysmon/Operational","Computer":"winterfell.north.sevenkingdoms.local","UserID":"S-1-5-18"},"EventData":{"Image":"C:\\Windows\\system32\\lsass.exe","QueryResults":"10.202.0.184;192.168.56.11;10.0.2.15;","ProcessId":"652","QueryStatus":"0","User":"NT AUTHORITY\\SYSTEM","ProcessGuid":"{2b62dd35-54d9-6573-0c00-000000002300}","QueryName":"winterfell","RuleName":"-","UtcTime":"2023-12-08 12:34:25.506"},"OpenWEC":{"IpAddress":"10.202.0.184","TimeReceived":"2023-12-08T15:53:46.776979070+00:00","Principal":"WINTERFELL$@NORTH.SEVENKINGDOMS.LOCAL","Subscription":{"Uuid":"CB04741B-9072-4E2D-B769-3570FA020BBD","Version":"6E053E8A-FE0D-45A0-A863-C501EEDB4011","Name":"anssi-subscription"}}}
{"System":{"Provider":{"Name":"Microsoft-Windows-Sysmon","Guid":"{5770385f-c22a-43e0-bf4c-06f5698ffbd9}"},"EventID":22,"Version":5,"Level":4,"Task":22,"Opcode":0,"Keywords":"0x8000000000000000","TimeCreated":"2023-12-08T15:53:31.896783400Z","EventRecordID":10387,"Correlation":{},"Execution":{"ProcessID":3248,"ThreadID":3932},"Channel":"Microsoft-Windows-Sysmon/Operational","Computer":"winterfell.north.sevenkingdoms.local","UserID":"S-1-5-18"},"EventData":{"QueryResults":"::ffff:192.168.56.22;","QueryName":"castelblack","RuleName":"-","Image":"C:\\Windows\\system32\\qwinsta.exe","ProcessGuid":"{2b62dd35-3bfb-6573-1b08-000000002300}","QueryStatus":"0","ProcessId":"4928","UtcTime":"2023-12-08 12:34:25.772","User":"NORTH\\robb.stark"},"OpenWEC":{"IpAddress":"10.202.0.184","TimeReceived":"2023-12-08T15:53:46.776979070+00:00","Principal":"WINTERFELL$@NORTH.SEVENKINGDOMS.LOCAL","Subscription":{"Uuid":"CB04741B-9072-4E2D-B769-3570FA020BBD","Version":"6E053E8A-FE0D-45A0-A863-C501EEDB4011","Name":"anssi-subscription"}}}
{"System":{"Provider":{"Name":"Microsoft-Windows-Sysmon","Guid":"{5770385f-c22a-43e0-bf4c-06f5698ffbd9}"},"EventID":22,"Version":5,"Level":4,"Task":22,"Opcode":0,"Keywords":"0x8000000000000000","TimeCreated":"2023-12-08T15:53:32.895551200Z","EventRecordID":10388,"Correlation":{},"Execution":{"ProcessID":3248,"ThreadID":3932},"Channel":"Microsoft-Windows-Sysmon/Operational","Computer":"winterfell.north.sevenkingdoms.local","UserID":"S-1-5-18"},"EventData":{"ProcessGuid":"{2b62dd35-54db-6573-1500-000000002300}","RuleName":"-","User":"NT AUTHORITY\\LOCAL SERVICE","ProcessId":"896","Image":"C:\\Windows\\System32\\svchost.exe","QueryName":"castelblack","QueryStatus":"0","QueryResults":"::ffff:192.168.56.22;","UtcTime":"2023-12-08 12:34:25.775"},"OpenWEC":{"IpAddress":"10.202.0.184","TimeReceived":"2023-12-08T15:53:46.776979070+00:00","Principal":"WINTERFELL$@NORTH.SEVENKINGDOMS.LOCAL","Subscription":{"Uuid":"CB04741B-9072-4E2D-B769-3570FA020BBD","Version":"6E053E8A-FE0D-45A0-A863-C501EEDB4011","Name":"anssi-subscription"}}}
{"System":{"Provider":{"Name":"Microsoft-Windows-Security-Auditing","Guid":"{54849625-5478-4994-a5ba-3e3b0328c30d}"},"EventID":4688,"Version":2,"Level":0,"Task":13312,"Opcode":0,"Keywords":"0x8020000000000000","TimeCreated":"2023-12-08T15:53:52.263017100Z","EventRecordID":157850,"Correlation":{},"Execution":{"ProcessID":4,"ThreadID":2700},"Channel":"Security","Computer":"winterfell.north.sevenkingdoms.local"},"EventData":{"TargetUserName":"-","NewProcessId":"0x10f0","ProcessId":"0x824","TargetLogonId":"0x0","SubjectUserSid":"S-1-5-21-2431860994-719566178-239256710-1113","NewProcessName":"C:\\Windows\\System32\\mstsc.exe","MandatoryLabel":"S-1-16-12288","ParentProcessName":"C:\\Windows\\System32\\WindowsPowerShell\\v1.0\\powershell.exe","SubjectUserName":"robb.stark","CommandLine":"","SubjectDomainName":"NORTH","TargetUserSid":"S-1-0-0","TargetDomainName":"-","SubjectLogonId":"0xd93528","TokenElevationType":"%%1936"},"OpenWEC":{"IpAddress":"10.202.0.184","TimeReceived":"2023-12-08T15:54:23.243404869+00:00","Principal":"WINTERFELL$@NORTH.SEVENKINGDOMS.LOCAL","Subscription":{"Uuid":"CB04741B-9072-4E2D-B769-3570FA020BBD","Version":"6E053E8A-FE0D-45A0-A863-C501EEDB4011","Name":"anssi-subscription"}}}
{"System":{"Provider":{"Name":"Microsoft-Windows-Sysmon","Guid":"{5770385f-c22a-43e0-bf4c-06f5698ffbd9}"},"EventID":1,"Version":5,"Level":4,"Task":1,"Opcode":0,"Keywords":"0x8000000000000000","TimeCreated":"2023-12-08T15:53:52.266720500Z","EventRecordID":10389,"Correlation":{},"Execution":{"ProcessID":3248,"ThreadID":3876},"Channel":"Microsoft-Windows-Sysmon/Operational","Computer":"winterfell.north.sevenkingdoms.local","UserID":"S-1-5-18"},"EventData":{"TerminalSessionId":"0","ProcessId":"4336","OriginalFileName":"mstsc.exe","Hashes":"MD5=FECC0C4F37222679825054A1BE0AE8FD,SHA256=D7A69C4398AC1BE41F44477F58C9619D43A1C363D4833C32610AC848B269EDF0,IMPHASH=43D4C98DB4E05AF16115818C6E500A33","ParentProcessId":"2084","ParentCommandLine":"powershell  c:\\setup\\bot_rdp.ps1","ParentUser":"NORTH\\robb.stark","CurrentDirectory":"C:\\Windows\\system32\\","IntegrityLevel":"High","Description":"Remote Desktop Connection","UtcTime":"2023-12-08 15:53:52.262","ProcessGuid":"{2b62dd35-3c10-6573-1c08-000000002300}","FileVersion":"10.0.17763.1697 (WinBuild.160101.0800)","Product":"Microsoft® Windows® Operating System","User":"NORTH\\robb.stark","LogonGuid":"{2b62dd35-3bfa-6573-2835-d90000000000}","Company":"Microsoft Corporation","RuleName":"-","LogonId":"0xd93528","ParentProcessGuid":"{2b62dd35-3bfa-6573-1908-000000002300}","Image":"C:\\Windows\\System32\\mstsc.exe","CommandLine":"\"C:\\Windows\\system32\\mstsc.exe\" /v:castelblack","ParentImage":"C:\\Windows\\System32\\WindowsPowerShell\\v1.0\\powershell.exe"},"OpenWEC":{"IpAddress":"10.202.0.184","TimeReceived":"2023-12-08T15:54:23.243404869+00:00","Principal":"WINTERFELL$@NORTH.SEVENKINGDOMS.LOCAL","Subscription":{"Uuid":"CB04741B-9072-4E2D-B769-3570FA020BBD","Version":"6E053E8A-FE0D-45A0-A863-C501EEDB4011","Name":"anssi-subscription"}}}
{"System":{"Provider":{"Name":"Microsoft-Windows-Sysmon","Guid":"{5770385f-c22a-43e0-bf4c-06f5698ffbd9}"},"EventID":10,"Version":3,"Level":4,"Task":10,"Opcode":0,"Keywords":"0x8000000000000000","TimeCreated":"2023-12-08T15:53:52.267005500Z","EventRecordID":10390,"Correlation":{},"Execution":{"ProcessID":3248,"ThreadID":3876},"Channel":"Microsoft-Windows-Sysmon/Operational","Computer":"winterfell.north.sevenkingdoms.local","UserID":"S-1-5-18"},"EventData":{"UtcTime":"2023-12-08 15:53:52.257","TargetProcessId":"4336","SourceImage":"C:\\Windows\\System32\\WindowsPowerShell\\v1.0\\powershell.exe","SourceThreadId":"5656","TargetImage":"C:\\Windows\\system32\\mstsc.exe","GrantedAccess":"0x1fffff","TargetUser":"NORTH\\robb.stark","SourceProcessGUID":"{2b62dd35-3bfa-6573-1908-000000002300}","CallTrace":"C:\\Windows\\SYSTEM32\\ntdll.dll+a1244|C:\\Windows\\System32\\KERNELBASE.dll+485d2|C:\\Windows\\System32\\KERNELBASE.dll+45fc6|C:\\Windows\\System32\\KERNEL32.DLL+1c2e3|C:\\Windows\\assembly\\NativeImages_v4.0.30319_64\\System\\cb755e97e255f61e327a8001d4e05859\\System.ni.dll+3332f6|C:\\Windows\\assembly\\NativeImages_v4.0.30319_64\\System\\cb755e97e255f61e327a8001d4e05859\\System.ni.dll+2b5560|C:\\Windows\\assembly\\NativeImages_v4.0.30319_64\\System\\cb755e97e255f61e327a8001d4e05859\\System.ni.dll+2b4f07|C:\\Windows\\assembly\\NativeImages_v4.0.30319_64\\System.Manaa57fc8cc#\\da4031e77cd7d8b426cd99e749e0c982\\System.Management.Automation.ni.dll+f7fc6b|C:\\Windows\\assembly\\NativeImages_v4.0.30319_64\\System.Manaa57fc8cc#\\da4031e77cd7d8b426cd99e749e0c982\\System.Management.Automation.ni.dll+ed9fad|C:\\Windows\\assembly\\NativeImages_v4.0.30319_64\\System.Manaa57fc8cc#\\da4031e77cd7d8b426cd99e749e0c982\\System.Management.Automation.ni.dll+f5cb1e|C:\\Windows\\assembly\\NativeImages_v4.0.30319_64\\System.Manaa57fc8cc#\\da4031e77cd7d8b426cd99e749e0c982\\System.Management.Automation.ni.dll+f5c7fb|C:\\Windows\\assembly\\NativeImages_v4.0.30319_64\\System.Manaa57fc8cc#\\da4031e77cd7d8b426cd99e749e0c982\\System.Management.Automation.ni.dll+104fcb4|UNKNOWN(00007FF7D51B13C1)","SourceProcessId":"2084","SourceUser":"NORTH\\robb.stark","RuleName":"-","TargetProcessGUID":"{2b62dd35-3c10-6573-1c08-000000002300}"},"OpenWEC":{"IpAddress":"10.202.0.184","TimeReceived":"2023-12-08T15:54:23.243404869+00:00","Principal":"WINTERFELL$@NORTH.SEVENKINGDOMS.LOCAL","Subscription":{"Uuid":"CB04741B-9072-4E2D-B769-3570FA020BBD","Version":"6E053E8A-FE0D-45A0-A863-C501EEDB4011","Name":"anssi-subscription"}}}
