{"System":{"Provider":{"Name":"Microsoft-Windows-Sysmon","Guid":"{5770385f-c22a-43e0-bf4c-06f5698ffbd9}"},"EventID":10,"Version":3,"Level":4,"Task":10,"Opcode":0,"Keywords":"0x8000000000000000","TimeCreated":"2023-12-08T15:49:24.205351500Z","EventRecordID":10238,"Correlation":{},"Execution":{"ProcessID":3248,"ThreadID":3876},"Channel":"Microsoft-Windows-Sysmon/Operational","Computer":"winterfell.north.sevenkingdoms.local","UserID":"S-1-5-18"},"EventData":{"SourceImage":"C:\\Windows\\system32\\svchost.exe","TargetProcessGUID":"{2b62dd35-54d9-6573-0c00-000000002300}","SourceProcessGUID":"{2b62dd35-54db-6573-1000-000000002300}","RuleName":"-","TargetImage":"C:\\Windows\\system32\\lsass.exe","UtcTime":"2023-12-08 15:49:24.198","CallTrace":"C:\\Windows\\SYSTEM32\\ntdll.dll+9feb4|C:\\Windows\\System32\\KERNELBASE.dll+6c2f5|c:\\windows\\system32\\lsm.dll+e2ca|c:\\windows\\system32\\lsm.dll+e044|C:\\Windows\\System32\\RPCRT4.dll+784a3|C:\\Windows\\System32\\RPCRT4.dll+d9f9a|C:\\Windows\\System32\\RPCRT4.dll+1ac60|C:\\Windows\\System32\\RPCRT4.dll+508e8|C:\\Windows\\System32\\RPCRT4.dll+3ad80|C:\\Windows\\System32\\RPCRT4.dll+3a72b|C:\\Windows\\System32\\RPCRT4.dll+2c9cf|C:\\Windows\\System32\\RPCRT4.dll+2be2a|C:\\Windows\\System32\\RPCRT4.dll+2b3f1|C:\\Windows\\System32\\RPCRT4.dll+2ae62|C:\\Windows\\System32\\RPCRT4.dll+218d5|C:\\Windows\\SYSTEM32\\ntdll.dll+69c20|C:\\Windows\\SYSTEM32\\ntdll.dll+166e8|C:\\Windows\\System32\\KERNEL32.DLL+17974|C:\\Windows\\SYSTEM32\\ntdll.dll+5a2f1","SourceUser":"NT AUTHORITY\\SYSTEM","GrantedAccess":"0x1000","TargetUser":"NT AUTHORITY\\SYSTEM","SourceProcessId":"948","SourceThreadId":"5248","TargetProcessId":"652"},"OpenWEC":{"IpAddress":"10.202.0.184","TimeReceived":"2023-12-08T15:49:25.612804565+00:00","Principal":"WINTERFELL$@NORTH.SEVENKINGDOMS.LOCAL","Subscription":{"Uuid":"CB04741B-9072-4E2D-B769-3570FA020BBD","Version":"6E053E8A-FE0D-45A0-A863-C501EEDB4011","Name":"anssi-subscription"}}}
{"System":{"Provider":{"Name":"Microsoft-Windows-Sysmon","Guid":"{5770385f-c22a-43e0-bf4c-06f5698ffbd9}"},"EventID":1,"Version":5,"Level":4,"Task":1,"Opcode":0,"Keywords":"0x8000000000000000","TimeCreated":"2023-12-08T15:49:24.222364200Z","EventRecordID":10239,"Correlation":{},"Execution":{"ProcessID":3248,"ThreadID":3876},"Channel":"Microsoft-Windows-Sysmon/Operational","Computer":"winterfell.north.sevenkingdoms.local","UserID":"S-1-5-18"},"EventData":{"ParentProcessId":"860","UtcTime":"2023-12-08 15:49:24.220","ProcessGuid":"{2b62dd35-3b04-6573-ea07-000000002300}","User":"NT AUTHORITY\\SYSTEM","LogonId":"0x3e7","LogonGuid":"{2b62dd35-54d9-6573-e703-000000000000}","TerminalSessionId":"0","ParentProcessGuid":"{00000000-0000-0000-0000-000000000000}","ParentImage":"-","FileVersion":"10.0.17763.1 (WinBuild.160101.0800)","ParentCommandLine":"-","RuleName":"-","Image":"C:\\Windows\\System32\\dllhost.exe","Company":"Microsoft Corporation","CommandLine":"C:\\Windows\\system32\\DllHost.exe /Processid:{E10F6C3A-F1AE-4ADC-AA9D-2FE65525666E}","Description":"COM Surrogate","CurrentDirectory":"C:\\Windows\\system32\\","IntegrityLevel":"System","Hashes":"MD5=D2AB39EA2C0FCD172751F84BDA723A97,SHA256=C4E078607DB2784BE7761C86048DFFA6F3EF04B551354A32FCDEC3B6A3450905,IMPHASH=68E651F131674892AE7E46556EB24726","ProcessId":"5380","Product":"Microsoft® Windows® Operating System","OriginalFileName":"dllhost.exe","ParentUser":"-"},"OpenWEC":{"IpAddress":"10.202.0.184","TimeReceived":"2023-12-08T15:49:25.612804565+00:00","Principal":"WINTERFELL$@NORTH.SEVENKINGDOMS.LOCAL","Subscription":{"Uuid":"CB04741B-9072-4E2D-B769-3570FA020BBD","Version":"6E053E8A-FE0D-45A0-A863-C501EEDB4011","Name":"anssi-subscription"}}}
{"System":{"Provider":{"Name":"Microsoft-Windows-Sysmon","Guid":"{5770385f-c22a-43e0-bf4c-06f5698ffbd9}"},"EventID":1,"Version":5,"Level":4,"Task":1,"Opcode":0,"Keywords":"0x8000000000000000","TimeCreated":"2023-12-08T15:49:24.239403300Z","EventRecordID":10240,"Correlation":{},"Execution":{"ProcessID":3248,"ThreadID":3876},"Channel":"Microsoft-Windows-Sysmon/Operational","Computer":"winterfell.north.sevenkingdoms.local","UserID":"S-1-5-18"},"EventData":{"ParentProcessId":"1592","LogonId":"0xd4ed09","LogonGuid":"{2b62dd35-3b04-6573-09ed-d40000000000}","FileVersion":"10.0.17763.1697 (WinBuild.160101.0800)","Company":"Microsoft Corporation","IntegrityLevel":"High","ProcessId":"2068","ProcessGuid":"{2b62dd35-3b04-6573-eb07-000000002300}","UtcTime":"2023-12-08 15:49:24.236","OriginalFileName":"Cmd.Exe","User":"NORTH\\robb.stark","CommandLine":"cmd.exe /c powershell New-PSDrive -Name \"Public\" -PSProvider \"FileSystem\" -Root \"\\\\Bravos\\private\"","Hashes":"MD5=911D039E71583A07320B32BDE22F8E22,SHA256=BC866CFCDDA37E24DC2634DC282C7A0E6F55209DA17A8FA105B07414C0E7C527,IMPHASH=272245E2988E1E430500B852C4FB5E18","ParentImage":"-","CurrentDirectory":"C:\\Windows\\system32\\","ParentCommandLine":"-","Image":"C:\\Windows\\System32\\cmd.exe","Product":"Microsoft® Windows® Operating System","Description":"Windows Command Processor","ParentProcessGuid":"{00000000-0000-0000-0000-000000000000}","RuleName":"-","TerminalSessionId":"0","ParentUser":"-"},"OpenWEC":{"IpAddress":"10.202.0.184","TimeReceived":"2023-12-08T15:49:25.612804565+00:00","Principal":"WINTERFELL$@NORTH.SEVENKINGDOMS.LOCAL","Subscription":{"Uuid":"CB04741B-9072-4E2D-B769-3570FA020BBD","Version":"6E053E8A-FE0D-45A0-A863-C501EEDB4011","Name":"anssi-subscription"}}}
{"System":{"Provider":{"Name":"Microsoft-Windows-Sysmon","Guid":"{5770385f-c22a-43e0-bf4c-06f5698ffbd9}"},"EventID":1,"Version":5,"Level":4,"Task":1,"Opcode":0,"Keywords":"0x8000000000000000","TimeCreated":"2023-12-08T15:49:24.276578000Z","EventRecordID":10241,"Correlation":{},"Execution":{"ProcessID":3248,"ThreadID":3876},"Channel":"Microsoft-Windows-Sysmon/Operational","Computer":"winterfell.north.sevenkingdoms.local","UserID":"S-1-5-18"},"EventData":{"ProcessGuid":"{2b62dd35-3b04-6573-ed07-000000002300}","LogonId":"0xd4ed09","LogonGuid":"{2b62dd35-3b04-6573-09ed-d40000000000}","ParentProcessGuid":"{2b62dd35-3b04-6573-eb07-000000002300}","ParentImage":"C:\\Windows\\System32\\cmd.exe","ParentCommandLine":"cmd.exe /c powershell New-PSDrive -Name \"Public\" -PSProvider \"FileSystem\" -Root \"\\\\Bravos\\private\"","TerminalSessionId":"0","ParentUser":"NORTH\\robb.stark","RuleName":"-","CurrentDirectory":"C:\\Windows\\system32\\","Hashes":"MD5=7353F60B1739074EB17C5F4DDDEFE239,SHA256=DE96A6E69944335375DC1AC238336066889D9FFC7D73628EF4FE1B1B160AB32C,IMPHASH=741776AACCFC5B71FF59832DCDCACE0F","Company":"Microsoft Corporation","UtcTime":"2023-12-08 15:49:24.271","FileVersion":"10.0.17763.1 (WinBuild.160101.0800)","CommandLine":"powershell  New-PSDrive -Name \"Public\" -PSProvider \"FileSystem\" -Root \"\\\\Bravos\\private\"","User":"NORTH\\robb.stark","IntegrityLevel":"High","Description":"Windows PowerShell","Product":"Microsoft® Windows® Operating System","ProcessId":"3120","Image":"C:\\Windows\\System32\\WindowsPowerShell\\v1.0\\powershell.exe","OriginalFileName":"PowerShell.EXE","ParentProcessId":"2068"},"OpenWEC":{"IpAddress":"10.202.0.184","TimeReceived":"2023-12-08T15:49:25.612804565+00:00","Principal":"WINTERFELL$@NORTH.SEVENKINGDOMS.LOCAL","Subscription":{"Uuid":"CB04741B-9072-4E2D-B769-3570FA020BBD","Version":"6E053E8A-FE0D-45A0-A863-C501EEDB4011","Name":"anssi-subscription"}}}
{"System":{"Provider":{"Name":"Microsoft-Windows-Sysmon","Guid":"{5770385f-c22a-43e0-bf4c-06f5698ffbd9}"},"EventID":11,"Version":2,"Level":4,"Task":11,"Opcode":0,"Keywords":"0x8000000000000000","TimeCreated":"2023-12-08T15:49:24.338858300Z","EventRecordID":10242,"Correlation":{},"Execution":{"ProcessID":3248,"ThreadID":3876},"Channel":"Microsoft-Windows-Sysmon/Operational","Computer":"winterfell.north.sevenkingdoms.local","UserID":"S-1-5-18"},"EventData":{"UtcTime":"2023-12-08 15:49:24.323","Image":"C:\\Windows\\System32\\WindowsPowerShell\\v1.0\\powershell.exe","ProcessGuid":"{2b62dd35-3b04-6573-ed07-000000002300}","ProcessId":"3120","CreationUtcTime":"2023-12-08 15:49:24.323","User":"NORTH\\robb.stark","RuleName":"-","TargetFilename":"C:\\Users\\robb.stark\\AppData\\Local\\Temp\\__PSScriptPolicyTest_iugh22d2.yhx.ps1"},"OpenWEC":{"IpAddress":"10.202.0.184","TimeReceived":"2023-12-08T15:49:25.612804565+00:00","Principal":"WINTERFELL$@NORTH.SEVENKINGDOMS.LOCAL","Subscription":{"Uuid":"CB04741B-9072-4E2D-B769-3570FA020BBD","Version":"6E053E8A-FE0D-45A0-A863-C501EEDB4011","Name":"anssi-subscription"}}}
{"System":{"Provider":{"Name":"Microsoft-Windows-TaskScheduler","Guid":"{de7b24ea-73c8-4a09-985d-5bdadcfa9017}"},"EventID":107,"Version":0,"Level":4,"Task":107,"Opcode":0,"Keywords":"0x8000000000000000","TimeCreated":"2023-12-08T15:49:24.216778300Z","EventRecordID":49815,"Correlation":{"ActivityID":"{c9ae0213-e6cd-46da-b716-fed24bd5c4ae}"},"Execution":{"ProcessID":1592,"ThreadID":4088},"Channel":"Microsoft-Windows-TaskScheduler/Operational","Computer":"winterfell.north.sevenkingdoms.local","UserID":"S-1-5-18"},"EventData":{"TaskName":"\\responder_bot","InstanceId":"{c9ae0213-e6cd-46da-b716-fed24bd5c4ae}"},"OpenWEC":{"IpAddress":"10.202.0.184","TimeReceived":"2023-12-08T15:49:25.612804565+00:00","Principal":"WINTERFELL$@NORTH.SEVENKINGDOMS.LOCAL","Subscription":{"Uuid":"CB04741B-9072-4E2D-B769-3570FA020BBD","Version":"6E053E8A-FE0D-45A0-A863-C501EEDB4011","Name":"anssi-subscription"}}}
{"System":{"Provider":{"Name":"Microsoft-Windows-Security-Auditing","Guid":"{54849625-5478-4994-a5ba-3e3b0328c30d}"},"EventID":4648,"Version":0,"Level":0,"Task":12544,"Opcode":0,"Keywords":"0x8020000000000000","TimeCreated":"2023-12-08T15:49:24.216465500Z","EventRecordID":157697,"Correlation":{"ActivityID":"{82a8a277-29fd-0000-eca2-a882fd29da01}"},"Execution":{"ProcessID":652,"ThreadID":4320},"Channel":"Security","Computer":"winterfell.north.sevenkingdoms.local"},"EventData":{"SubjectUserSid":"S-1-5-18","SubjectDomainName":"NORTH","SubjectLogonId":"0x3e7","TargetUserName":"robb.stark","TargetLogonGuid":"{b76e0a5f-ac73-bf0a-acb9-2579c442285d}","TargetInfo":"localhost","IpAddress":"-","ProcessId":"0x638","IpPort":"-","ProcessName":"C:\\Windows\\System32\\svchost.exe","TargetServerName":"localhost","TargetDomainName":"NORTH","SubjectUserName":"WINTERFELL$","LogonGuid":"{00000000-0000-0000-0000-000000000000}"},"OpenWEC":{"IpAddress":"10.202.0.184","TimeReceived":"2023-12-08T15:49:25.612804565+00:00","Principal":"WINTERFELL$@NORTH.SEVENKINGDOMS.LOCAL","Subscription":{"Uuid":"CB04741B-9072-4E2D-B769-3570FA020BBD","Version":"6E053E8A-FE0D-45A0-A863-C501EEDB4011","Name":"anssi-subscription"}}}
{"System":{"Provider":{"Name":"Microsoft-Windows-Security-Auditing","Guid":"{54849625-5478-4994-a5ba-3e3b0328c30d}"},"EventID":4624,"Version":2,"Level":0,"Task":12544,"Opcode":0,"Keywords":"0x8020000000000000","TimeCreated":"2023-12-08T15:49:24.216545200Z","EventRecordID":157698,"Correlation":{"ActivityID":"{82a8a277-29fd-0000-eca2-a882fd29da01}"},"Execution":{"ProcessID":652,"ThreadID":4320},"Channel":"Security","Computer":"winterfell.north.sevenkingdoms.local"},"EventData":{"ImpersonationLevel":"%%1833","RestrictedAdminMode":"-","LogonGuid":"{b76e0a5f-ac73-bf0a-acb9-2579c442285d}","TargetOutboundUserName":"-","TargetOutboundDomainName":"-","IpAddress":"-","TargetLogonId":"0xd4ed09","VirtualAccount":"%%1843","TargetLinkedLogonId":"0x0","KeyLength":"0","TargetUserName":"robb.stark","LogonProcessName":"Advapi  ","LmPackageName":"-","ProcessId":"0x638","ElevatedToken":"%%1842","ProcessName":"C:\\Windows\\System32\\svchost.exe","WorkstationName":"WINTERFELL","TargetUserSid":"S-1-5-21-2431860994-719566178-239256710-1113","SubjectDomainName":"NORTH","LogonType":"4","SubjectUserName":"WINTERFELL$","SubjectUserSid":"S-1-5-18","TransmittedServices":"-","AuthenticationPackageName":"Negotiate","SubjectLogonId":"0x3e7","IpPort":"-","TargetDomainName":"NORTH"},"OpenWEC":{"IpAddress":"10.202.0.184","TimeReceived":"2023-12-08T15:49:25.612804565+00:00","Principal":"WINTERFELL$@NORTH.SEVENKINGDOMS.LOCAL","Subscription":{"Uuid":"CB04741B-9072-4E2D-B769-3570FA020BBD","Version":"6E053E8A-FE0D-45A0-A863-C501EEDB4011","Name":"anssi-subscription"}}}
{"System":{"Provider":{"Name":"Microsoft-Windows-Security-Auditing","Guid":"{54849625-5478-4994-a5ba-3e3b0328c30d}"},"EventID":4672,"Version":0,"Level":0,"Task":12548,"Opcode":0,"Keywords":"0x8020000000000000","TimeCreated":"2023-12-08T15:49:24.216551200Z","EventRecordID":157699,"Correlation":{"ActivityID":"{82a8a277-29fd-0000-eca2-a882fd29da01}"},"Execution":{"ProcessID":652,"ThreadID":4320},"Channel":"Security","Computer":"winterfell.north.sevenkingdoms.local"},"EventData":{"SubjectLogonId":"0xd4ed09","SubjectDomainName":"NORTH","PrivilegeList":"SeSecurityPrivilege\n\t\t\tSeTakeOwnershipPrivilege\n\t\t\tSeLoadDriverPrivilege\n\t\t\tSeBackupPrivilege\n\t\t\tSeRestorePrivilege\n\t\t\tSeDebugPrivilege\n\t\t\tSeSystemEnvironmentPrivilege\n\t\t\tSeEnableDelegationPrivilege\n\t\t\tSeImpersonatePrivilege\n\t\t\tSeDelegateSessionUserImpersonatePrivilege","SubjectUserSid":"S-1-5-21-2431860994-719566178-239256710-1113","SubjectUserName":"robb.stark"},"OpenWEC":{"IpAddress":"10.202.0.184","TimeReceived":"2023-12-08T15:49:25.612804565+00:00","Principal":"WINTERFELL$@NORTH.SEVENKINGDOMS.LOCAL","Subscription":{"Uuid":"CB04741B-9072-4E2D-B769-3570FA020BBD","Version":"6E053E8A-FE0D-45A0-A863-C501EEDB4011","Name":"anssi-subscription"}}}
{"System":{"Provider":{"Name":"Microsoft-Windows-Security-Auditing","Guid":"{54849625-5478-4994-a5ba-3e3b0328c30d}"},"EventID":4688,"Version":2,"Level":0,"Task":13312,"Opcode":0,"Keywords":"0x8020000000000000","TimeCreated":"2023-12-08T15:49:24.220063900Z","EventRecordID":157700,"Correlation":{},"Execution":{"ProcessID":4,"ThreadID":1368},"Channel":"Security","Computer":"winterfell.north.sevenkingdoms.local"},"EventData":{"TargetLogonId":"0x0","SubjectUserName":"WINTERFELL$","SubjectDomainName":"NORTH","CommandLine":"","TargetUserSid":"S-1-0-0","NewProcessName":"C:\\Windows\\System32\\dllhost.exe","SubjectUserSid":"S-1-5-18","TokenElevationType":"%%1936","ProcessId":"0x35c","TargetDomainName":"-","ParentProcessName":"C:\\Windows\\System32\\svchost.exe","NewProcessId":"0x1504","MandatoryLabel":"S-1-16-16384","TargetUserName":"-","SubjectLogonId":"0x3e7"},"OpenWEC":{"IpAddress":"10.202.0.184","TimeReceived":"2023-12-08T15:49:25.612804565+00:00","Principal":"WINTERFELL$@NORTH.SEVENKINGDOMS.LOCAL","Subscription":{"Uuid":"CB04741B-9072-4E2D-B769-3570FA020BBD","Version":"6E053E8A-FE0D-45A0-A863-C501EEDB4011","Name":"anssi-subscription"}}}
{"System":{"Provider":{"Name":"Microsoft-Windows-Security-Auditing","Guid":"{54849625-5478-4994-a5ba-3e3b0328c30d}"},"EventID":4688,"Version":2,"Level":0,"Task":13312,"Opcode":0,"Keywords":"0x8020000000000000","TimeCreated":"2023-12-08T15:49:24.236630100Z","EventRecordID":157701,"Correlation":{},"Execution":{"ProcessID":4,"ThreadID":1368},"Channel":"Security","Computer":"winterfell.north.sevenkingdoms.local"},"EventData":{"TargetUserSid":"S-1-0-0","ParentProcessName":"C:\\Windows\\System32\\svchost.exe","SubjectUserName":"WINTERFELL$","NewProcessName":"C:\\Windows\\System32\\cmd.exe","TargetDomainName":"NORTH","SubjectDomainName":"NORTH","MandatoryLabel":"S-1-16-12288","TargetUserName":"robb.stark","SubjectUserSid":"S-1-5-18","SubjectLogonId":"0x3e7","NewProcessId":"0x814","CommandLine":"","TargetLogonId":"0xd4ed09","ProcessId":"0x638","TokenElevationType":"%%1936"},"OpenWEC":{"IpAddress":"10.202.0.184","TimeReceived":"2023-12-08T15:49:25.612804565+00:00","Principal":"WINTERFELL$@NORTH.SEVENKINGDOMS.LOCAL","Subscription":{"Uuid":"CB04741B-9072-4E2D-B769-3570FA020BBD","Version":"6E053E8A-FE0D-45A0-A863-C501EEDB4011","Name":"anssi-subscription"}}}
{"System":{"Provider":{"Name":"Microsoft-Windows-TaskScheduler","Guid":"{de7b24ea-73c8-4a09-985d-5bdadcfa9017}"},"EventID":129,"Version":0,"Level":4,"Task":129,"Opcode":0,"Keywords":"0x8000000000000000","TimeCreated":"2023-12-08T15:49:24.238384200Z","EventRecordID":49816,"Correlation":{},"Execution":{"ProcessID":1592,"ThreadID":4088},"Channel":"Microsoft-Windows-TaskScheduler/Operational","Computer":"winterfell.north.sevenkingdoms.local","UserID":"S-1-5-18"},"EventData":{"Priority":"16384","ProcessID":"2068","Path":"cmd.exe","TaskName":"\\responder_bot"},"OpenWEC":{"IpAddress":"10.202.0.184","TimeReceived":"2023-12-08T15:49:25.612804565+00:00","Principal":"WINTERFELL$@NORTH.SEVENKINGDOMS.LOCAL","Subscription":{"Uuid":"CB04741B-9072-4E2D-B769-3570FA020BBD","Version":"6E053E8A-FE0D-45A0-A863-C501EEDB4011","Name":"anssi-subscription"}}}
{"System":{"Provider":{"Name":"Microsoft-Windows-TaskScheduler","Guid":"{de7b24ea-73c8-4a09-985d-5bdadcfa9017}"},"EventID":100,"Version":0,"Level":4,"Task":100,"Opcode":1,"Keywords":"0x8000000000000001","TimeCreated":"2023-12-08T15:49:24.238653200Z","EventRecordID":49817,"Correlation":{"ActivityID":"{c9ae0213-e6cd-46da-b716-fed24bd5c4ae}"},"Execution":{"ProcessID":1592,"ThreadID":4088},"Channel":"Microsoft-Windows-TaskScheduler/Operational","Computer":"winterfell.north.sevenkingdoms.local","UserID":"S-1-5-18"},"EventData":{"UserContext":"NORTH\\robb.stark","TaskName":"\\responder_bot","InstanceId":"{c9ae0213-e6cd-46da-b716-fed24bd5c4ae}"},"OpenWEC":{"IpAddress":"10.202.0.184","TimeReceived":"2023-12-08T15:49:25.612804565+00:00","Principal":"WINTERFELL$@NORTH.SEVENKINGDOMS.LOCAL","Subscription":{"Uuid":"CB04741B-9072-4E2D-B769-3570FA020BBD","Version":"6E053E8A-FE0D-45A0-A863-C501EEDB4011","Name":"anssi-subscription"}}}
{"System":{"Provider":{"Name":"Microsoft-Windows-TaskScheduler","Guid":"{de7b24ea-73c8-4a09-985d-5bdadcfa9017}"},"EventID":200,"Version":1,"Level":4,"Task":200,"Opcode":1,"Keywords":"0x8000000000000000","TimeCreated":"2023-12-08T15:49:24.238654300Z","EventRecordID":49818,"Correlation":{"ActivityID":"{c9ae0213-e6cd-46da-b716-fed24bd5c4ae}"},"Execution":{"ProcessID":1592,"ThreadID":4088},"Channel":"Microsoft-Windows-TaskScheduler/Operational","Computer":"winterfell.north.sevenkingdoms.local","UserID":"S-1-5-18"},"EventData":{"ActionName":"cmd.exe","TaskName":"\\responder_bot","EnginePID":"2068","TaskInstanceId":"{c9ae0213-e6cd-46da-b716-fed24bd5c4ae}"},"OpenWEC":{"IpAddress":"10.202.0.184","TimeReceived":"2023-12-08T15:49:25.612804565+00:00","Principal":"WINTERFELL$@NORTH.SEVENKINGDOMS.LOCAL","Subscription":{"Uuid":"CB04741B-9072-4E2D-B769-3570FA020BBD","Version":"6E053E8A-FE0D-45A0-A863-C501EEDB4011","Name":"anssi-subscription"}}}
{"System":{"Provider":{"Name":"Microsoft-Windows-Security-Auditing","Guid":"{54849625-5478-4994-a5ba-3e3b0328c30d}"},"EventID":4688,"Version":2,"Level":0,"Task":13312,"Opcode":0,"Keywords":"0x8020000000000000","TimeCreated":"2023-12-08T15:49:24.241636700Z","EventRecordID":157702,"Correlation":{},"Execution":{"ProcessID":4,"ThreadID":1368},"Channel":"Security","Computer":"winterfell.north.sevenkingdoms.local"},"EventData":{"TargetLogonId":"0x0","CommandLine":"","TargetUserName":"-","ParentProcessName":"C:\\Windows\\System32\\cmd.exe","SubjectDomainName":"NORTH","TargetDomainName":"-","ProcessId":"0x814","SubjectUserName":"robb.stark","NewProcessName":"C:\\Windows\\System32\\conhost.exe","SubjectLogonId":"0xd4ed09","TargetUserSid":"S-1-0-0","MandatoryLabel":"S-1-16-12288","NewProcessId":"0x1674","TokenElevationType":"%%1936","SubjectUserSid":"S-1-5-21-2431860994-719566178-239256710-1113"},"OpenWEC":{"IpAddress":"10.202.0.184","TimeReceived":"2023-12-08T15:49:25.612804565+00:00","Principal":"WINTERFELL$@NORTH.SEVENKINGDOMS.LOCAL","Subscription":{"Uuid":"CB04741B-9072-4E2D-B769-3570FA020BBD","Version":"6E053E8A-FE0D-45A0-A863-C501EEDB4011","Name":"anssi-subscription"}}}
{"System":{"Provider":{"Name":"Microsoft-Windows-Security-Auditing","Guid":"{54849625-5478-4994-a5ba-3e3b0328c30d}"},"EventID":4688,"Version":2,"Level":0,"Task":13312,"Opcode":0,"Keywords":"0x8020000000000000","TimeCreated":"2023-12-08T15:49:24.271516400Z","EventRecordID":157703,"Correlation":{},"Execution":{"ProcessID":4,"ThreadID":1368},"Channel":"Security","Computer":"winterfell.north.sevenkingdoms.local"},"EventData":{"TokenElevationType":"%%1936","SubjectUserSid":"S-1-5-21-2431860994-719566178-239256710-1113","CommandLine":"","TargetUserName":"-","TargetUserSid":"S-1-0-0","MandatoryLabel":"S-1-16-12288","SubjectDomainName":"NORTH","SubjectLogonId":"0xd4ed09","NewProcessName":"C:\\Windows\\System32\\WindowsPowerShell\\v1.0\\powershell.exe","TargetDomainName":"-","TargetLogonId":"0x0","ParentProcessName":"C:\\Windows\\System32\\cmd.exe","ProcessId":"0x814","NewProcessId":"0xc30","SubjectUserName":"robb.stark"},"OpenWEC":{"IpAddress":"10.202.0.184","TimeReceived":"2023-12-08T15:49:25.612804565+00:00","Principal":"WINTERFELL$@NORTH.SEVENKINGDOMS.LOCAL","Subscription":{"Uuid":"CB04741B-9072-4E2D-B769-3570FA020BBD","Version":"6E053E8A-FE0D-45A0-A863-C501EEDB4011","Name":"anssi-subscription"}}}
{"System":{"Provider":{"Name":"Microsoft-Windows-Sysmon","Guid":"{5770385f-c22a-43e0-bf4c-06f5698ffbd9}"},"EventID":22,"Version":5,"Level":4,"Task":22,"Opcode":0,"Keywords":"0x8000000000000000","TimeCreated":"2023-12-08T15:49:25.262910900Z","EventRecordID":10243,"Correlation":{},"Execution":{"ProcessID":3248,"ThreadID":3932},"Channel":"Microsoft-Windows-Sysmon/Operational","Computer":"winterfell.north.sevenkingdoms.local","UserID":"S-1-5-18"},"EventData":{"QueryStatus":"0","RuleName":"-","ProcessGuid":"{2b62dd35-54d9-6573-0c00-000000002300}","QueryResults":"10.202.0.184;192.168.56.11;10.0.2.15;","User":"NT AUTHORITY\\SYSTEM","UtcTime":"2023-12-08 12:30:18.850","ProcessId":"652","Image":"C:\\Windows\\system32\\lsass.exe","QueryName":"winterfell"},"OpenWEC":{"IpAddress":"10.202.0.184","TimeReceived":"2023-12-08T15:49:56.287583097+00:00","Principal":"WINTERFELL$@NORTH.SEVENKINGDOMS.LOCAL","Subscription":{"Uuid":"CB04741B-9072-4E2D-B769-3570FA020BBD","Version":"6E053E8A-FE0D-45A0-A863-C501EEDB4011","Name":"anssi-subscription"}}}
{"System":{"Provider":{"Name":"Microsoft-Windows-Sysmon","Guid":"{5770385f-c22a-43e0-bf4c-06f5698ffbd9}"},"EventID":10,"Version":3,"Level":4,"Task":10,"Opcode":0,"Keywords":"0x8000000000000000","TimeCreated":"2023-12-08T15:49:25.263110800Z","EventRecordID":10244,"Correlation":{},"Execution":{"ProcessID":3248,"ThreadID":3876},"Channel":"Microsoft-Windows-Sysmon/Operational","Computer":"winterfell.north.sevenkingdoms.local","UserID":"S-1-5-18"},"EventData":{"SourceUser":"NT AUTHORITY\\SYSTEM","TargetImage":"C:\\Windows\\system32\\lsass.exe","UtcTime":"2023-12-08 15:49:25.260","SourceProcessGUID":"{2b62dd35-e477-6572-4e00-000000002300}","SourceImage":"C:\\Windows\\sysmon64.exe","CallTrace":"C:\\Windows\\SYSTEM32\\ntdll.dll+9feb4|C:\\Windows\\SYSTEM32\\ntdll.dll+7d367|C:\\Windows\\System32\\KERNEL32.DLL+1c5b4|C:\\Windows\\System32\\KERNEL32.DLL+237f8|C:\\Windows\\sysmon64.exe+ec5cd|C:\\Windows\\sysmon64.exe+edeb7|C:\\Windows\\sysmon64.exe+12e889|C:\\Windows\\sysmon64.exe+ee90e|C:\\Windows\\sysmon64.exe+eecd3|C:\\Windows\\sysmon64.exe+10bd88|C:\\Windows\\sysmon64.exe+e22d1|C:\\Windows\\sysmon64.exe+e2427|C:\\Windows\\System32\\sechost.dll+dc61|C:\\Windows\\System32\\sechost.dll+d9a9|C:\\Windows\\System32\\sechost.dll+13d4e|C:\\Windows\\sysmon64.exe+e25ba|C:\\Windows\\sysmon64.exe+1a9ad2|C:\\Windows\\System32\\KERNEL32.DLL+17974|C:\\Windows\\SYSTEM32\\ntdll.dll+5a2f1","TargetUser":"NT AUTHORITY\\SYSTEM","SourceProcessId":"3248","RuleName":"-","TargetProcessGUID":"{2b62dd35-54d9-6573-0c00-000000002300}","TargetProcessId":"652","SourceThreadId":"3932","GrantedAccess":"0x1fffff"},"OpenWEC":{"IpAddress":"10.202.0.184","TimeReceived":"2023-12-08T15:49:56.287583097+00:00","Principal":"WINTERFELL$@NORTH.SEVENKINGDOMS.LOCAL","Subscription":{"Uuid":"CB04741B-9072-4E2D-B769-3570FA020BBD","Version":"6E053E8A-FE0D-45A0-A863-C501EEDB4011","Name":"anssi-subscription"}}}
{"System":{"Provider":{"Name":"Microsoft-Windows-Sysmon","Guid":"{5770385f-c22a-43e0-bf4c-06f5698ffbd9}"},"EventID":22,"Version":5,"Level":4,"Task":22,"Opcode":0,"Keywords":"0x8000000000000000","TimeCreated":"2023-12-08T15:49:26.277549800Z","EventRecordID":10245,"Correlation":{},"Execution":{"ProcessID":3248,"ThreadID":3932},"Channel":"Microsoft-Windows-Sysmon/Operational","Computer":"winterfell.north.sevenkingdoms.local","UserID":"S-1-5-18"},"EventData":{"QueryResults":"fe80::da5c:a9be:fef:69f2;::ffff:10.202.0.195;","QueryStatus":"0","Image":"C:\\Windows\\System32\\svchost.exe","RuleName":"-","ProcessGuid":"{2b62dd35-54db-6573-1500-000000002300}","ProcessId":"896","QueryName":"Bravos","User":"NT AUTHORITY\\LOCAL SERVICE","UtcTime":"2023-12-08 12:30:19.104"},"OpenWEC":{"IpAddress":"10.202.0.184","TimeReceived":"2023-12-08T15:49:56.287583097+00:00","Principal":"WINTERFELL$@NORTH.SEVENKINGDOMS.LOCAL","Subscription":{"Uuid":"CB04741B-9072-4E2D-B769-3570FA020BBD","Version":"6E053E8A-FE0D-45A0-A863-C501EEDB4011","Name":"anssi-subscription"}}}
{"System":{"Provider":{"Name":"Microsoft-Windows-Security-Auditing","Guid":"{54849625-5478-4994-a5ba-3e3b0328c30d}"},"EventID":4624,"Version":2,"Level":0,"Task":12544,"Opcode":0,"Keywords":"0x8020000000000000","TimeCreated":"2023-12-08T15:49:27.012549800Z","EventRecordID":157705,"Correlation":{},"Execution":{"ProcessID":652,"ThreadID":2812},"Channel":"Security","Computer":"winterfell.north.sevenkingdoms.local"},"EventData":{"ElevatedToken":"%%1842","LogonProcessName":"Kerberos","VirtualAccount":"%%1843","TargetLinkedLogonId":"0x0","TargetOutboundDomainName":"-","TargetDomainName":"NORTH.SEVENKINGDOMS.LOCAL","ProcessName":"-","IpAddress":"::1","SubjectDomainName":"-","LogonType":"3","ImpersonationLevel":"%%1833","TargetUserSid":"S-1-5-18","SubjectUserSid":"S-1-0-0","TargetUserName":"WINTERFELL$","WorkstationName":"-","TargetLogonId":"0xd51c32","LogonGuid":"{3f4b9425-1866-4469-9e0a-1c617a2b9ee7}","LmPackageName":"-","SubjectUserName":"-","KeyLength":"0","ProcessId":"0x0","RestrictedAdminMode":"-","TargetOutboundUserName":"-","TransmittedServices":"-","AuthenticationPackageName":"Kerberos","SubjectLogonId":"0x0","IpPort":"64704"},"OpenWEC":{"IpAddress":"10.202.0.184","TimeReceived":"2023-12-08T15:49:56.287583097+00:00","Principal":"WINTERFELL$@NORTH.SEVENKINGDOMS.LOCAL","Subscription":{"Uuid":"CB04741B-9072-4E2D-B769-3570FA020BBD","Version":"6E053E8A-FE0D-45A0-A863-C501EEDB4011","Name":"anssi-subscription"}}}
{"System":{"Provider":{"Name":"Microsoft-Windows-Sysmon","Guid":"{5770385f-c22a-43e0-bf4c-06f5698ffbd9}"},"EventID":22,"Version":5,"Level":4,"Task":22,"Opcode":0,"Keywords":"0x8000000000000000","TimeCreated":"2023-12-08T15:49:27.293180800Z","EventRecordID":10246,"Correlation":{},"Execution":{"ProcessID":3248,"ThreadID":3932},"Channel":"Microsoft-Windows-Sysmon/Operational","Computer":"winterfell.north.sevenkingdoms.local","UserID":"S-1-5-18"},"EventData":{"ProcessId":"896","QueryName":"Bravos","QueryStatus":"0","ProcessGuid":"{2b62dd35-54db-6573-1500-000000002300}","Image":"C:\\Windows\\System32\\svchost.exe","User":"NT AUTHORITY\\LOCAL SERVICE","UtcTime":"2023-12-08 12:30:20.201","QueryResults":"fe80::da5c:a9be:fef:69f2;::ffff:10.202.0.195;","RuleName":"-"},"OpenWEC":{"IpAddress":"10.202.0.184","TimeReceived":"2023-12-08T15:49:56.287583097+00:00","Principal":"WINTERFELL$@NORTH.SEVENKINGDOMS.LOCAL","Subscription":{"Uuid":"CB04741B-9072-4E2D-B769-3570FA020BBD","Version":"6E053E8A-FE0D-45A0-A863-C501EEDB4011","Name":"anssi-subscription"}}}
{"System":{"Provider":{"Name":"Microsoft-Windows-Sysmon","Guid":"{5770385f-c22a-43e0-bf4c-06f5698ffbd9}"},"EventID":22,"Version":5,"Level":4,"Task":22,"Opcode":0,"Keywords":"0x8000000000000000","TimeCreated":"2023-12-08T15:49:27.293904300Z","EventRecordID":10247,"Correlation":{},"Execution":{"ProcessID":3248,"ThreadID":3932},"Channel":"Microsoft-Windows-Sysmon/Operational","Computer":"winterfell.north.sevenkingdoms.local","UserID":"S-1-5-18"},"EventData":{"QueryResults":"fe80::da5c:a9be:fef:69f2;::ffff:10.202.0.195;","User":"NT AUTHORITY\\LOCAL SERVICE","QueryName":"Bravos","ProcessId":"896","ProcessGuid":"{2b62dd35-54db-6573-1500-000000002300}","UtcTime":"2023-12-08 12:30:21.325","QueryStatus":"0","RuleName":"-","Image":"C:\\Windows\\System32\\svchost.exe"},"OpenWEC":{"IpAddress":"10.202.0.184","TimeReceived":"2023-12-08T15:49:56.287583097+00:00","Principal":"WINTERFELL$@NORTH.SEVENKINGDOMS.LOCAL","Subscription":{"Uuid":"CB04741B-9072-4E2D-B769-3570FA020BBD","Version":"6E053E8A-FE0D-45A0-A863-C501EEDB4011","Name":"anssi-subscription"}}}
{"System":{"Provider":{"Name":"Microsoft-Windows-Sysmon","Guid":"{5770385f-c22a-43e0-bf4c-06f5698ffbd9}"},"EventID":10,"Version":3,"Level":4,"Task":10,"Opcode":0,"Keywords":"0x8000000000000000","TimeCreated":"2023-12-08T15:49:28.034571400Z","EventRecordID":10248,"Correlation":{},"Execution":{"ProcessID":3248,"ThreadID":3876},"Channel":"Microsoft-Windows-Sysmon/Operational","Computer":"winterfell.north.sevenkingdoms.local","UserID":"S-1-5-18"},"EventData":{"UtcTime":"2023-12-08 15:49:28.029","TargetProcessGUID":"{2b62dd35-54d9-6573-0c00-000000002300}","CallTrace":"C:\\Windows\\SYSTEM32\\ntdll.dll+9feb4|C:\\Windows\\SYSTEM32\\ntdll.dll+7d367|C:\\Windows\\System32\\KERNEL32.DLL+1c5b4|C:\\Windows\\System32\\KERNEL32.DLL+237f8|C:\\Windows\\sysmon64.exe+ec5cd|C:\\Windows\\sysmon64.exe+edeb7|C:\\Windows\\sysmon64.exe+12e889|C:\\Windows\\sysmon64.exe+ee90e|C:\\Windows\\sysmon64.exe+eecd3|C:\\Windows\\sysmon64.exe+f3eea|C:\\Windows\\sysmon64.exe+fbc2c|C:\\Windows\\sysmon64.exe+10dc04|C:\\Windows\\sysmon64.exe+10dcc5|C:\\Windows\\sysmon64.exe+1a9ad2|C:\\Windows\\System32\\KERNEL32.DLL+17974|C:\\Windows\\SYSTEM32\\ntdll.dll+5a2f1","TargetProcessId":"652","SourceUser":"NT AUTHORITY\\SYSTEM","SourceImage":"C:\\Windows\\sysmon64.exe","TargetUser":"NT AUTHORITY\\SYSTEM","SourceProcessGUID":"{2b62dd35-e477-6572-4e00-000000002300}","RuleName":"-","TargetImage":"C:\\Windows\\system32\\lsass.exe","SourceProcessId":"3248","GrantedAccess":"0x1fffff","SourceThreadId":"3884"},"OpenWEC":{"IpAddress":"10.202.0.184","TimeReceived":"2023-12-08T15:49:56.287583097+00:00","Principal":"WINTERFELL$@NORTH.SEVENKINGDOMS.LOCAL","Subscription":{"Uuid":"CB04741B-9072-4E2D-B769-3570FA020BBD","Version":"6E053E8A-FE0D-45A0-A863-C501EEDB4011","Name":"anssi-subscription"}}}
{"System":{"Provider":{"Name":"Microsoft-Windows-Security-Auditing","Guid":"{54849625-5478-4994-a5ba-3e3b0328c30d}"},"EventID":4648,"Version":0,"Level":0,"Task":12544,"Opcode":0,"Keywords":"0x8020000000000000","TimeCreated":"2023-12-08T15:49:30.840458600Z","EventRecordID":157710,"Correlation":{"ActivityID":"{82a8a277-29fd-0000-eca2-a882fd29da01}"},"Execution":{"ProcessID":652,"ThreadID":900},"Channel":"Security","Computer":"winterfell.north.sevenkingdoms.local"},"EventData":{"TargetUserName":"robb.stark","TargetDomainName":"NORTH","SubjectDomainName":"NORTH","TargetServerName":"localhost","ProcessId":"0x638","LogonGuid":"{00000000-0000-0000-0000-000000000000}","SubjectLogonId":"0x3e7","ProcessName":"C:\\Windows\\System32\\svchost.exe","TargetLogonGuid":"{51ab02ff-ebf0-140b-52db-a1a67685b492}","IpAddress":"-","SubjectUserSid":"S-1-5-18","SubjectUserName":"WINTERFELL$","TargetInfo":"localhost","IpPort":"-"},"OpenWEC":{"IpAddress":"10.202.0.184","TimeReceived":"2023-12-08T15:49:56.287583097+00:00","Principal":"WINTERFELL$@NORTH.SEVENKINGDOMS.LOCAL","Subscription":{"Uuid":"CB04741B-9072-4E2D-B769-3570FA020BBD","Version":"6E053E8A-FE0D-45A0-A863-C501EEDB4011","Name":"anssi-subscription"}}}
{"System":{"Provider":{"Name":"Microsoft-Windows-Security-Auditing","Guid":"{54849625-5478-4994-a5ba-3e3b0328c30d}"},"EventID":4624,"Version":2,"Level":0,"Task":12544,"Opcode":0,"Keywords":"0x8020000000000000","TimeCreated":"2023-12-08T15:49:30.840545400Z","EventRecordID":157711,"Correlation":{"ActivityID":"{82a8a277-29fd-0000-eca2-a882fd29da01}"},"Execution":{"ProcessID":652,"ThreadID":900},"Channel":"Security","Computer":"winterfell.north.sevenkingdoms.local"},"EventData":{"TargetOutboundDomainName":"-","ProcessName":"C:\\Windows\\System32\\svchost.exe","SubjectUserSid":"S-1-5-18","LogonType":"4","LogonProcessName":"Advapi  ","VirtualAccount":"%%1843","TargetLinkedLogonId":"0x0","TargetLogonId":"0xd521c1","IpAddress":"-","TargetDomainName":"NORTH","ElevatedToken":"%%1842","WorkstationName":"WINTERFELL","IpPort":"-","SubjectLogonId":"0x3e7","TargetUserName":"robb.stark","SubjectUserName":"WINTERFELL$","AuthenticationPackageName":"Negotiate","TransmittedServices":"-","TargetUserSid":"S-1-5-21-2431860994-719566178-239256710-1113","KeyLength":"0","ImpersonationLevel":"%%1833","LogonGuid":"{51ab02ff-ebf0-140b-52db-a1a67685b492}","SubjectDomainName":"NORTH","RestrictedAdminMode":"-","LmPackageName":"-","ProcessId":"0x638","TargetOutboundUserName":"-"},"OpenWEC":{"IpAddress":"10.202.0.184","TimeReceived":"2023-12-08T15:49:56.287583097+00:00","Principal":"WINTERFELL$@NORTH.SEVENKINGDOMS.LOCAL","Subscription":{"Uuid":"CB04741B-9072-4E2D-B769-3570FA020BBD","Version":"6E053E8A-FE0D-45A0-A863-C501EEDB4011","Name":"anssi-subscription"}}}
{"System":{"Provider":{"Name":"Microsoft-Windows-Security-Auditing","Guid":"{54849625-5478-4994-a5ba-3e3b0328c30d}"},"EventID":4672,"Version":0,"Level":0,"Task":12548,"Opcode":0,"Keywords":"0x8020000000000000","TimeCreated":"2023-12-08T15:49:30.840550900Z","EventRecordID":157712,"Correlation":{"ActivityID":"{82a8a277-29fd-0000-eca2-a882fd29da01}"},"Execution":{"ProcessID":652,"ThreadID":900},"Channel":"Security","Computer":"winterfell.north.sevenkingdoms.local"},"EventData":{"SubjectDomainName":"NORTH","SubjectLogonId":"0xd521c1","SubjectUserSid":"S-1-5-21-2431860994-719566178-239256710-1113","SubjectUserName":"robb.stark","PrivilegeList":"SeSecurityPrivilege\n\t\t\tSeTakeOwnershipPrivilege\n\t\t\tSeLoadDriverPrivilege\n\t\t\tSeBackupPrivilege\n\t\t\tSeRestorePrivilege\n\t\t\tSeDebugPrivilege\n\t\t\tSeSystemEnvironmentPrivilege\n\t\t\tSeEnableDelegationPrivilege\n\t\t\tSeImpersonatePrivilege\n\t\t\tSeDelegateSessionUserImpersonatePrivilege"},"OpenWEC":{"IpAddress":"10.202.0.184","TimeReceived":"2023-12-08T15:49:56.287583097+00:00","Principal":"WINTERFELL$@NORTH.SEVENKINGDOMS.LOCAL","Subscription":{"Uuid":"CB04741B-9072-4E2D-B769-3570FA020BBD","Version":"6E053E8A-FE0D-45A0-A863-C501EEDB4011","Name":"anssi-subscription"}}}
{"System":{"Provider":{"Name":"Microsoft-Windows-Security-Auditing","Guid":"{54849625-5478-4994-a5ba-3e3b0328c30d}"},"EventID":4688,"Version":2,"Level":0,"Task":13312,"Opcode":0,"Keywords":"0x8020000000000000","TimeCreated":"2023-12-08T15:49:30.843758400Z","EventRecordID":157713,"Correlation":{},"Execution":{"ProcessID":4,"ThreadID":4068},"Channel":"Security","Computer":"winterfell.north.sevenkingdoms.local"},"EventData":{"SubjectUserName":"WINTERFELL$","TokenElevationType":"%%1936","TargetDomainName":"-","SubjectDomainName":"NORTH","TargetUserSid":"S-1-0-0","SubjectLogonId":"0x3e7","ProcessId":"0x35c","TargetUserName":"-","SubjectUserSid":"S-1-5-18","NewProcessId":"0xcb8","ParentProcessName":"C:\\Windows\\System32\\svchost.exe","CommandLine":"","NewProcessName":"C:\\Windows\\System32\\dllhost.exe","MandatoryLabel":"S-1-16-16384","TargetLogonId":"0x0"},"OpenWEC":{"IpAddress":"10.202.0.184","TimeReceived":"2023-12-08T15:49:56.287583097+00:00","Principal":"WINTERFELL$@NORTH.SEVENKINGDOMS.LOCAL","Subscription":{"Uuid":"CB04741B-9072-4E2D-B769-3570FA020BBD","Version":"6E053E8A-FE0D-45A0-A863-C501EEDB4011","Name":"anssi-subscription"}}}
{"System":{"Provider":{"Name":"Microsoft-Windows-Security-Auditing","Guid":"{54849625-5478-4994-a5ba-3e3b0328c30d}"},"EventID":4688,"Version":2,"Level":0,"Task":13312,"Opcode":0,"Keywords":"0x8020000000000000","TimeCreated":"2023-12-08T15:49:30.859000200Z","EventRecordID":157714,"Correlation":{},"Execution":{"ProcessID":4,"ThreadID":4068},"Channel":"Security","Computer":"winterfell.north.sevenkingdoms.local"},"EventData":{"SubjectUserName":"WINTERFELL$","SubjectLogonId":"0x3e7","TokenElevationType":"%%1936","ProcessId":"0x638","TargetLogonId":"0xd521c1","NewProcessId":"0x798","ParentProcessName":"C:\\Windows\\System32\\svchost.exe","MandatoryLabel":"S-1-16-12288","TargetUserSid":"S-1-0-0","SubjectDomainName":"NORTH","TargetUserName":"robb.stark","SubjectUserSid":"S-1-5-18","NewProcessName":"C:\\Windows\\System32\\cmd.exe","TargetDomainName":"NORTH","CommandLine":""},"OpenWEC":{"IpAddress":"10.202.0.184","TimeReceived":"2023-12-08T15:49:56.287583097+00:00","Principal":"WINTERFELL$@NORTH.SEVENKINGDOMS.LOCAL","Subscription":{"Uuid":"CB04741B-9072-4E2D-B769-3570FA020BBD","Version":"6E053E8A-FE0D-45A0-A863-C501EEDB4011","Name":"anssi-subscription"}}}
{"System":{"Provider":{"Name":"Microsoft-Windows-Security-Auditing","Guid":"{54849625-5478-4994-a5ba-3e3b0328c30d}"},"EventID":4688,"Version":2,"Level":0,"Task":13312,"Opcode":0,"Keywords":"0x8020000000000000","TimeCreated":"2023-12-08T15:49:30.863898000Z","EventRecordID":157715,"Correlation":{},"Execution":{"ProcessID":4,"ThreadID":4068},"Channel":"Security","Computer":"winterfell.north.sevenkingdoms.local"},"EventData":{"SubjectLogonId":"0xd521c1","ParentProcessName":"C:\\Windows\\System32\\cmd.exe","MandatoryLabel":"S-1-16-12288","NewProcessName":"C:\\Windows\\System32\\conhost.exe","ProcessId":"0x798","TargetUserName":"-","NewProcessId":"0x59c","TargetLogonId":"0x0","TokenElevationType":"%%1936","SubjectUserName":"robb.stark","TargetDomainName":"-","TargetUserSid":"S-1-0-0","SubjectDomainName":"NORTH","CommandLine":"","SubjectUserSid":"S-1-5-21-2431860994-719566178-239256710-1113"},"OpenWEC":{"IpAddress":"10.202.0.184","TimeReceived":"2023-12-08T15:49:56.287583097+00:00","Principal":"WINTERFELL$@NORTH.SEVENKINGDOMS.LOCAL","Subscription":{"Uuid":"CB04741B-9072-4E2D-B769-3570FA020BBD","Version":"6E053E8A-FE0D-45A0-A863-C501EEDB4011","Name":"anssi-subscription"}}}
{"System":{"Provider":{"Name":"Microsoft-Windows-Security-Auditing","Guid":"{54849625-5478-4994-a5ba-3e3b0328c30d}"},"EventID":4688,"Version":2,"Level":0,"Task":13312,"Opcode":0,"Keywords":"0x8020000000000000","TimeCreated":"2023-12-08T15:49:30.906501000Z","EventRecordID":157716,"Correlation":{},"Execution":{"ProcessID":4,"ThreadID":4068},"Channel":"Security","Computer":"winterfell.north.sevenkingdoms.local"},"EventData":{"ProcessId":"0x798","CommandLine":"","SubjectLogonId":"0xd521c1","TargetUserName":"-","SubjectDomainName":"NORTH","TokenElevationType":"%%1936","TargetUserSid":"S-1-0-0","NewProcessName":"C:\\Windows\\System32\\WindowsPowerShell\\v1.0\\powershell.exe","TargetLogonId":"0x0","ParentProcessName":"C:\\Windows\\System32\\cmd.exe","SubjectUserName":"robb.stark","NewProcessId":"0x11d8","MandatoryLabel":"S-1-16-12288","SubjectUserSid":"S-1-5-21-2431860994-719566178-239256710-1113","TargetDomainName":"-"},"OpenWEC":{"IpAddress":"10.202.0.184","TimeReceived":"2023-12-08T15:49:56.287583097+00:00","Principal":"WINTERFELL$@NORTH.SEVENKINGDOMS.LOCAL","Subscription":{"Uuid":"CB04741B-9072-4E2D-B769-3570FA020BBD","Version":"6E053E8A-FE0D-45A0-A863-C501EEDB4011","Name":"anssi-subscription"}}}
{"System":{"Provider":{"Name":"Microsoft-Windows-Security-Auditing","Guid":"{54849625-5478-4994-a5ba-3e3b0328c30d}"},"EventID":4688,"Version":2,"Level":0,"Task":13312,"Opcode":0,"Keywords":"0x8020000000000000","TimeCreated":"2023-12-08T15:49:31.061151500Z","EventRecordID":157717,"Correlation":{},"Execution":{"ProcessID":4,"ThreadID":2700},"Channel":"Security","Computer":"winterfell.north.sevenkingdoms.local"},"EventData":{"TargetUserName":"-","SubjectDomainName":"NORTH","TargetUserSid":"S-1-0-0","TargetDomainName":"-","SubjectUserSid":"S-1-5-21-2431860994-719566178-239256710-1113","MandatoryLabel":"S-1-16-12288","NewProcessName":"C:\\Windows\\System32\\query.exe","SubjectUserName":"robb.stark","NewProcessId":"0xd68","ProcessId":"0x11d8","CommandLine":"","TargetLogonId":"0x0","ParentProcessName":"C:\\Windows\\System32\\WindowsPowerShell\\v1.0\\powershell.exe","TokenElevationType":"%%1936","SubjectLogonId":"0xd521c1"},"OpenWEC":{"IpAddress":"10.202.0.184","TimeReceived":"2023-12-08T15:49:56.287583097+00:00","Principal":"WINTERFELL$@NORTH.SEVENKINGDOMS.LOCAL","Subscription":{"Uuid":"CB04741B-9072-4E2D-B769-3570FA020BBD","Version":"6E053E8A-FE0D-45A0-A863-C501EEDB4011","Name":"anssi-subscription"}}}
{"System":{"Provider":{"Name":"Microsoft-Windows-Security-Auditing","Guid":"{54849625-5478-4994-a5ba-3e3b0328c30d}"},"EventID":4688,"Version":2,"Level":0,"Task":13312,"Opcode":0,"Keywords":"0x8020000000000000","TimeCreated":"2023-12-08T15:49:31.073604800Z","EventRecordID":157718,"Correlation":{},"Execution":{"ProcessID":4,"ThreadID":2700},"Channel":"Security","Computer":"winterfell.north.sevenkingdoms.local"},"EventData":{"TokenElevationType":"%%1936","SubjectUserSid":"S-1-5-21-2431860994-719566178-239256710-1113","ProcessId":"0xd68","TargetUserName":"-","TargetDomainName":"-","CommandLine":"","TargetLogonId":"0x0","MandatoryLabel":"S-1-16-12288","TargetUserSid":"S-1-0-0","ParentProcessName":"C:\\Windows\\System32\\query.exe","NewProcessName":"C:\\Windows\\System32\\qwinsta.exe","SubjectLogonId":"0xd521c1","SubjectUserName":"robb.stark","SubjectDomainName":"NORTH","NewProcessId":"0x598"},"OpenWEC":{"IpAddress":"10.202.0.184","TimeReceived":"2023-12-08T15:49:56.287583097+00:00","Principal":"WINTERFELL$@NORTH.SEVENKINGDOMS.LOCAL","Subscription":{"Uuid":"CB04741B-9072-4E2D-B769-3570FA020BBD","Version":"6E053E8A-FE0D-45A0-A863-C501EEDB4011","Name":"anssi-subscription"}}}
{"System":{"Provider":{"Name":"Microsoft-Windows-TaskScheduler","Guid":"{de7b24ea-73c8-4a09-985d-5bdadcfa9017}"},"EventID":107,"Version":0,"Level":4,"Task":107,"Opcode":0,"Keywords":"0x8000000000000000","TimeCreated":"2023-12-08T15:49:30.840763900Z","EventRecordID":49821,"Correlation":{"ActivityID":"{05da1b32-cc3d-45ca-8753-cb0662f9acf0}"},"Execution":{"ProcessID":1592,"ThreadID":4088},"Channel":"Microsoft-Windows-TaskScheduler/Operational","Computer":"winterfell.north.sevenkingdoms.local","UserID":"S-1-5-18"},"EventData":{"InstanceId":"{05da1b32-cc3d-45ca-8753-cb0662f9acf0}","TaskName":"\\connect_bot"},"OpenWEC":{"IpAddress":"10.202.0.184","TimeReceived":"2023-12-08T15:49:56.287583097+00:00","Principal":"WINTERFELL$@NORTH.SEVENKINGDOMS.LOCAL","Subscription":{"Uuid":"CB04741B-9072-4E2D-B769-3570FA020BBD","Version":"6E053E8A-FE0D-45A0-A863-C501EEDB4011","Name":"anssi-subscription"}}}
{"System":{"Provider":{"Name":"Microsoft-Windows-TaskScheduler","Guid":"{de7b24ea-73c8-4a09-985d-5bdadcfa9017}"},"EventID":129,"Version":0,"Level":4,"Task":129,"Opcode":0,"Keywords":"0x8000000000000000","TimeCreated":"2023-12-08T15:49:30.861193500Z","EventRecordID":49822,"Correlation":{},"Execution":{"ProcessID":1592,"ThreadID":4088},"Channel":"Microsoft-Windows-TaskScheduler/Operational","Computer":"winterfell.north.sevenkingdoms.local","UserID":"S-1-5-18"},"EventData":{"ProcessID":"1944","Path":"cmd.exe","TaskName":"\\connect_bot","Priority":"16384"},"OpenWEC":{"IpAddress":"10.202.0.184","TimeReceived":"2023-12-08T15:49:56.287583097+00:00","Principal":"WINTERFELL$@NORTH.SEVENKINGDOMS.LOCAL","Subscription":{"Uuid":"CB04741B-9072-4E2D-B769-3570FA020BBD","Version":"6E053E8A-FE0D-45A0-A863-C501EEDB4011","Name":"anssi-subscription"}}}
{"System":{"Provider":{"Name":"Microsoft-Windows-TaskScheduler","Guid":"{de7b24ea-73c8-4a09-985d-5bdadcfa9017}"},"EventID":100,"Version":0,"Level":4,"Task":100,"Opcode":1,"Keywords":"0x8000000000000001","TimeCreated":"2023-12-08T15:49:30.861400200Z","EventRecordID":49823,"Correlation":{"ActivityID":"{05da1b32-cc3d-45ca-8753-cb0662f9acf0}"},"Execution":{"ProcessID":1592,"ThreadID":4088},"Channel":"Microsoft-Windows-TaskScheduler/Operational","Computer":"winterfell.north.sevenkingdoms.local","UserID":"S-1-5-18"},"EventData":{"InstanceId":"{05da1b32-cc3d-45ca-8753-cb0662f9acf0}","TaskName":"\\connect_bot","UserContext":"NORTH\\robb.stark"},"OpenWEC":{"IpAddress":"10.202.0.184","TimeReceived":"2023-12-08T15:49:56.287583097+00:00","Principal":"WINTERFELL$@NORTH.SEVENKINGDOMS.LOCAL","Subscription":{"Uuid":"CB04741B-9072-4E2D-B769-3570FA020BBD","Version":"6E053E8A-FE0D-45A0-A863-C501EEDB4011","Name":"anssi-subscription"}}}
{"System":{"Provider":{"Name":"Microsoft-Windows-TaskScheduler","Guid":"{de7b24ea-73c8-4a09-985d-5bdadcfa9017}"},"EventID":200,"Version":1,"Level":4,"Task":200,"Opcode":1,"Keywords":"0x8000000000000000","TimeCreated":"2023-12-08T15:49:30.861401300Z","EventRecordID":49824,"Correlation":{"ActivityID":"{05da1b32-cc3d-45ca-8753-cb0662f9acf0}"},"Execution":{"ProcessID":1592,"ThreadID":4088},"Channel":"Microsoft-Windows-TaskScheduler/Operational","Computer":"winterfell.north.sevenkingdoms.local","UserID":"S-1-5-18"},"EventData":{"TaskName":"\\connect_bot","ActionName":"cmd.exe","TaskInstanceId":"{05da1b32-cc3d-45ca-8753-cb0662f9acf0}","EnginePID":"1944"},"OpenWEC":{"IpAddress":"10.202.0.184","TimeReceived":"2023-12-08T15:49:56.287583097+00:00","Principal":"WINTERFELL$@NORTH.SEVENKINGDOMS.LOCAL","Subscription":{"Uuid":"CB04741B-9072-4E2D-B769-3570FA020BBD","Version":"6E053E8A-FE0D-45A0-A863-C501EEDB4011","Name":"anssi-subscription"}}}
{"System":{"Provider":{"Name":"Microsoft-Windows-Sysmon","Guid":"{5770385f-c22a-43e0-bf4c-06f5698ffbd9}"},"EventID":10,"Version":3,"Level":4,"Task":10,"Opcode":0,"Keywords":"0x8000000000000000","TimeCreated":"2023-12-08T15:49:30.829188000Z","EventRecordID":10249,"Correlation":{},"Execution":{"ProcessID":3248,"ThreadID":3876},"Channel":"Microsoft-Windows-Sysmon/Operational","Computer":"winterfell.north.sevenkingdoms.local","UserID":"S-1-5-18"},"EventData":{"SourceUser":"NT AUTHORITY\\SYSTEM","SourceProcessGUID":"{2b62dd35-54db-6573-1000-000000002300}","RuleName":"-","TargetProcessGUID":"{2b62dd35-54d9-6573-0c00-000000002300}","CallTrace":"C:\\Windows\\SYSTEM32\\ntdll.dll+9feb4|C:\\Windows\\System32\\KERNELBASE.dll+6c2f5|c:\\windows\\system32\\lsm.dll+f397|c:\\windows\\system32\\lsm.dll+df54|C:\\Windows\\System32\\RPCRT4.dll+784a3|C:\\Windows\\System32\\RPCRT4.dll+d9f9a|C:\\Windows\\System32\\RPCRT4.dll+1ac60|C:\\Windows\\System32\\RPCRT4.dll+508e8|C:\\Windows\\System32\\RPCRT4.dll+3ad80|C:\\Windows\\System32\\RPCRT4.dll+3a72b|C:\\Windows\\System32\\RPCRT4.dll+2c9cf|C:\\Windows\\System32\\RPCRT4.dll+2be2a|C:\\Windows\\System32\\RPCRT4.dll+2b3f1|C:\\Windows\\System32\\RPCRT4.dll+2ae62|C:\\Windows\\System32\\RPCRT4.dll+218d5|C:\\Windows\\SYSTEM32\\ntdll.dll+69c20|C:\\Windows\\SYSTEM32\\ntdll.dll+166e8|C:\\Windows\\System32\\KERNEL32.DLL+17974|C:\\Windows\\SYSTEM32\\ntdll.dll+5a2f1","SourceThreadId":"5248","TargetUser":"NT AUTHORITY\\SYSTEM","SourceImage":"C:\\Windows\\system32\\svchost.exe","TargetProcessId":"652","TargetImage":"C:\\Windows\\system32\\lsass.exe","UtcTime":"2023-12-08 15:49:30.822","GrantedAccess":"0x1000","SourceProcessId":"948"},"OpenWEC":{"IpAddress":"10.202.0.184","TimeReceived":"2023-12-08T15:49:56.287583097+00:00","Principal":"WINTERFELL$@NORTH.SEVENKINGDOMS.LOCAL","Subscription":{"Uuid":"CB04741B-9072-4E2D-B769-3570FA020BBD","Version":"6E053E8A-FE0D-45A0-A863-C501EEDB4011","Name":"anssi-subscription"}}}
{"System":{"Provider":{"Name":"Microsoft-Windows-Sysmon","Guid":"{5770385f-c22a-43e0-bf4c-06f5698ffbd9}"},"EventID":10,"Version":3,"Level":4,"Task":10,"Opcode":0,"Keywords":"0x8000000000000000","TimeCreated":"2023-12-08T15:49:30.829406600Z","EventRecordID":10250,"Correlation":{},"Execution":{"ProcessID":3248,"ThreadID":3876},"Channel":"Microsoft-Windows-Sysmon/Operational","Computer":"winterfell.north.sevenkingdoms.local","UserID":"S-1-5-18"},"EventData":{"SourceImage":"C:\\Windows\\system32\\svchost.exe","UtcTime":"2023-12-08 15:49:30.822","TargetImage":"C:\\Windows\\system32\\lsass.exe","GrantedAccess":"0x1000","TargetUser":"NT AUTHORITY\\SYSTEM","SourceProcessGUID":"{2b62dd35-54db-6573-1000-000000002300}","CallTrace":"C:\\Windows\\SYSTEM32\\ntdll.dll+9feb4|C:\\Windows\\System32\\KERNELBASE.dll+6c2f5|c:\\windows\\system32\\lsm.dll+e2ca|c:\\windows\\system32\\lsm.dll+e044|C:\\Windows\\System32\\RPCRT4.dll+784a3|C:\\Windows\\System32\\RPCRT4.dll+d9f9a|C:\\Windows\\System32\\RPCRT4.dll+1ac60|C:\\Windows\\System32\\RPCRT4.dll+508e8|C:\\Windows\\System32\\RPCRT4.dll+3ad80|C:\\Windows\\System32\\RPCRT4.dll+3a72b|C:\\Windows\\System32\\RPCRT4.dll+2c9cf|C:\\Windows\\System32\\RPCRT4.dll+2be2a|C:\\Windows\\System32\\RPCRT4.dll+2b3f1|C:\\Windows\\System32\\RPCRT4.dll+2ae62|C:\\Windows\\System32\\RPCRT4.dll+218d5|C:\\Windows\\SYSTEM32\\ntdll.dll+69c20|C:\\Windows\\SYSTEM32\\ntdll.dll+166e8|C:\\Windows\\System32\\KERNEL32.DLL+17974|C:\\Windows\\SYSTEM32\\ntdll.dll+5a2f1","SourceUser":"NT AUTHORITY\\SYSTEM","TargetProcessId":"652","RuleName":"-","TargetProcessGUID":"{2b62dd35-54d9-6573-0c00-000000002300}","SourceProcessId":"948","SourceThreadId":"5248"},"OpenWEC":{"IpAddress":"10.202.0.184","TimeReceived":"2023-12-08T15:49:56.287583097+00:00","Principal":"WINTERFELL$@NORTH.SEVENKINGDOMS.LOCAL","Subscription":{"Uuid":"CB04741B-9072-4E2D-B769-3570FA020BBD","Version":"6E053E8A-FE0D-45A0-A863-C501EEDB4011","Name":"anssi-subscription"}}}
