{"System":{"Provider":{"Name":"Microsoft-Windows-Sysmon","Guid":"{5770385f-c22a-43e0-bf4c-06f5698ffbd9}"},"EventID":1,"Version":5,"Level":4,"Task":1,"Opcode":0,"Keywords":"0x8000000000000000","TimeCreated":"2023-12-08T15:47:24.223941300Z","EventRecordID":10180,"Correlation":{},"Execution":{"ProcessID":3248,"ThreadID":3876},"Channel":"Microsoft-Windows-Sysmon/Operational","Computer":"winterfell.north.sevenkingdoms.local","UserID":"S-1-5-18"},"EventData":{"Hashes":"MD5=911D039E71583A07320B32BDE22F8E22,SHA256=BC866CFCDDA37E24DC2634DC282C7A0E6F55209DA17A8FA105B07414C0E7C527,IMPHASH=272245E2988E1E430500B852C4FB5E18","Image":"C:\\Windows\\System32\\cmd.exe","ParentImage":"-","ParentCommandLine":"-","ParentProcessGuid":"{00000000-0000-0000-0000-000000000000}","ProcessGuid":"{2b62dd35-3a8c-6573-d907-000000002300}","OriginalFileName":"Cmd.Exe","Product":"Microsoft® Windows® Operating System","ParentProcessId":"1592","User":"NORTH\\robb.stark","Description":"Windows Command Processor","ParentUser":"-","FileVersion":"10.0.17763.1697 (WinBuild.160101.0800)","CurrentDirectory":"C:\\Windows\\system32\\","LogonId":"0xd2f0ba","RuleName":"-","IntegrityLevel":"High","Company":"Microsoft Corporation","UtcTime":"2023-12-08 15:47:24.220","LogonGuid":"{2b62dd35-3a8c-6573-baf0-d20000000000}","TerminalSessionId":"0","ProcessId":"1224","CommandLine":"cmd.exe /c powershell New-PSDrive -Name \"Public\" -PSProvider \"FileSystem\" -Root \"\\\\Bravos\\private\""},"OpenWEC":{"IpAddress":"10.202.0.184","TimeReceived":"2023-12-08T15:47:40.775906523+00:00","Principal":"WINTERFELL$@NORTH.SEVENKINGDOMS.LOCAL","Subscription":{"Uuid":"CB04741B-9072-4E2D-B769-3570FA020BBD","Version":"6E053E8A-FE0D-45A0-A863-C501EEDB4011","Name":"anssi-subscription"}}}
{"System":{"Provider":{"Name":"Microsoft-Windows-Sysmon","Guid":"{5770385f-c22a-43e0-bf4c-06f5698ffbd9}"},"EventID":1,"Version":5,"Level":4,"Task":1,"Opcode":0,"Keywords":"0x8000000000000000","TimeCreated":"2023-12-08T15:47:24.270570100Z","EventRecordID":10181,"Correlation":{},"Execution":{"ProcessID":3248,"ThreadID":3876},"Channel":"Microsoft-Windows-Sysmon/Operational","Computer":"winterfell.north.sevenkingdoms.local","UserID":"S-1-5-18"},"EventData":{"ProcessGuid":"{2b62dd35-3a8c-6573-db07-000000002300}","RuleName":"-","FileVersion":"10.0.17763.1 (WinBuild.160101.0800)","User":"NORTH\\robb.stark","Hashes":"MD5=7353F60B1739074EB17C5F4DDDEFE239,SHA256=DE96A6E69944335375DC1AC238336066889D9FFC7D73628EF4FE1B1B160AB32C,IMPHASH=741776AACCFC5B71FF59832DCDCACE0F","Image":"C:\\Windows\\System32\\WindowsPowerShell\\v1.0\\powershell.exe","ParentProcessId":"1224","UtcTime":"2023-12-08 15:47:24.265","CurrentDirectory":"C:\\Windows\\system32\\","IntegrityLevel":"High","OriginalFileName":"PowerShell.EXE","LogonGuid":"{2b62dd35-3a8c-6573-baf0-d20000000000}","LogonId":"0xd2f0ba","TerminalSessionId":"0","Description":"Windows PowerShell","ParentImage":"C:\\Windows\\System32\\cmd.exe","ProcessId":"3768","ParentCommandLine":"cmd.exe /c powershell New-PSDrive -Name \"Public\" -PSProvider \"FileSystem\" -Root \"\\\\Bravos\\private\"","Product":"Microsoft® Windows® Operating System","Company":"Microsoft Corporation","CommandLine":"powershell  New-PSDrive -Name \"Public\" -PSProvider \"FileSystem\" -Root \"\\\\Bravos\\private\"","ParentProcessGuid":"{2b62dd35-3a8c-6573-d907-000000002300}","ParentUser":"NORTH\\robb.stark"},"OpenWEC":{"IpAddress":"10.202.0.184","TimeReceived":"2023-12-08T15:47:40.775906523+00:00","Principal":"WINTERFELL$@NORTH.SEVENKINGDOMS.LOCAL","Subscription":{"Uuid":"CB04741B-9072-4E2D-B769-3570FA020BBD","Version":"6E053E8A-FE0D-45A0-A863-C501EEDB4011","Name":"anssi-subscription"}}}
{"System":{"Provider":{"Name":"Microsoft-Windows-Sysmon","Guid":"{5770385f-c22a-43e0-bf4c-06f5698ffbd9}"},"EventID":11,"Version":2,"Level":4,"Task":11,"Opcode":0,"Keywords":"0x8000000000000000","TimeCreated":"2023-12-08T15:47:24.327022700Z","EventRecordID":10182,"Correlation":{},"Execution":{"ProcessID":3248,"ThreadID":3876},"Channel":"Microsoft-Windows-Sysmon/Operational","Computer":"winterfell.north.sevenkingdoms.local","UserID":"S-1-5-18"},"EventData":{"ProcessId":"3768","ProcessGuid":"{2b62dd35-3a8c-6573-db07-000000002300}","TargetFilename":"C:\\Users\\robb.stark\\AppData\\Local\\Temp\\__PSScriptPolicyTest_iahja11j.wnu.ps1","RuleName":"-","User":"NORTH\\robb.stark","CreationUtcTime":"2023-12-08 15:47:24.317","UtcTime":"2023-12-08 15:47:24.317","Image":"C:\\Windows\\System32\\WindowsPowerShell\\v1.0\\powershell.exe"},"OpenWEC":{"IpAddress":"10.202.0.184","TimeReceived":"2023-12-08T15:47:40.775906523+00:00","Principal":"WINTERFELL$@NORTH.SEVENKINGDOMS.LOCAL","Subscription":{"Uuid":"CB04741B-9072-4E2D-B769-3570FA020BBD","Version":"6E053E8A-FE0D-45A0-A863-C501EEDB4011","Name":"anssi-subscription"}}}
{"System":{"Provider":{"Name":"Microsoft-Windows-TaskScheduler","Guid":"{de7b24ea-73c8-4a09-985d-5bdadcfa9017}"},"EventID":107,"Version":0,"Level":4,"Task":107,"Opcode":0,"Keywords":"0x8000000000000000","TimeCreated":"2023-12-08T15:47:24.215392600Z","EventRecordID":49795,"Correlation":{"ActivityID":"{077182a7-d3d3-46a0-92e8-8d78f816e161}"},"Execution":{"ProcessID":1592,"ThreadID":5072},"Channel":"Microsoft-Windows-TaskScheduler/Operational","Computer":"winterfell.north.sevenkingdoms.local","UserID":"S-1-5-18"},"EventData":{"TaskName":"\\responder_bot","InstanceId":"{077182a7-d3d3-46a0-92e8-8d78f816e161}"},"OpenWEC":{"IpAddress":"10.202.0.184","TimeReceived":"2023-12-08T15:47:40.775906523+00:00","Principal":"WINTERFELL$@NORTH.SEVENKINGDOMS.LOCAL","Subscription":{"Uuid":"CB04741B-9072-4E2D-B769-3570FA020BBD","Version":"6E053E8A-FE0D-45A0-A863-C501EEDB4011","Name":"anssi-subscription"}}}
{"System":{"Provider":{"Name":"Microsoft-Windows-Security-Auditing","Guid":"{54849625-5478-4994-a5ba-3e3b0328c30d}"},"EventID":4648,"Version":0,"Level":0,"Task":12544,"Opcode":0,"Keywords":"0x8020000000000000","TimeCreated":"2023-12-08T15:47:24.214922600Z","EventRecordID":157625,"Correlation":{"ActivityID":"{82a8a277-29fd-0000-eca2-a882fd29da01}"},"Execution":{"ProcessID":652,"ThreadID":4320},"Channel":"Security","Computer":"winterfell.north.sevenkingdoms.local"},"EventData":{"SubjectUserSid":"S-1-5-18","SubjectDomainName":"NORTH","SubjectLogonId":"0x3e7","SubjectUserName":"WINTERFELL$","TargetInfo":"localhost","ProcessName":"C:\\Windows\\System32\\svchost.exe","TargetDomainName":"NORTH","TargetLogonGuid":"{16a3563a-f844-a1f4-5b19-ea0833dde32d}","LogonGuid":"{00000000-0000-0000-0000-000000000000}","IpAddress":"-","ProcessId":"0x638","IpPort":"-","TargetUserName":"robb.stark","TargetServerName":"localhost"},"OpenWEC":{"IpAddress":"10.202.0.184","TimeReceived":"2023-12-08T15:47:40.775906523+00:00","Principal":"WINTERFELL$@NORTH.SEVENKINGDOMS.LOCAL","Subscription":{"Uuid":"CB04741B-9072-4E2D-B769-3570FA020BBD","Version":"6E053E8A-FE0D-45A0-A863-C501EEDB4011","Name":"anssi-subscription"}}}
{"System":{"Provider":{"Name":"Microsoft-Windows-Security-Auditing","Guid":"{54849625-5478-4994-a5ba-3e3b0328c30d}"},"EventID":4624,"Version":2,"Level":0,"Task":12544,"Opcode":0,"Keywords":"0x8020000000000000","TimeCreated":"2023-12-08T15:47:24.215060400Z","EventRecordID":157626,"Correlation":{"ActivityID":"{82a8a277-29fd-0000-eca2-a882fd29da01}"},"Execution":{"ProcessID":652,"ThreadID":4320},"Channel":"Security","Computer":"winterfell.north.sevenkingdoms.local"},"EventData":{"TargetLinkedLogonId":"0x0","RestrictedAdminMode":"-","ProcessId":"0x638","LogonType":"4","IpPort":"-","SubjectDomainName":"NORTH","TargetUserSid":"S-1-5-21-2431860994-719566178-239256710-1113","TargetLogonId":"0xd2f0ba","KeyLength":"0","IpAddress":"-","VirtualAccount":"%%1843","TargetDomainName":"NORTH","ElevatedToken":"%%1842","LogonProcessName":"Advapi  ","AuthenticationPackageName":"Negotiate","LogonGuid":"{16a3563a-f844-a1f4-5b19-ea0833dde32d}","SubjectUserName":"WINTERFELL$","TargetUserName":"robb.stark","SubjectUserSid":"S-1-5-18","SubjectLogonId":"0x3e7","TransmittedServices":"-","LmPackageName":"-","WorkstationName":"WINTERFELL","ProcessName":"C:\\Windows\\System32\\svchost.exe","ImpersonationLevel":"%%1833","TargetOutboundUserName":"-","TargetOutboundDomainName":"-"},"OpenWEC":{"IpAddress":"10.202.0.184","TimeReceived":"2023-12-08T15:47:40.775906523+00:00","Principal":"WINTERFELL$@NORTH.SEVENKINGDOMS.LOCAL","Subscription":{"Uuid":"CB04741B-9072-4E2D-B769-3570FA020BBD","Version":"6E053E8A-FE0D-45A0-A863-C501EEDB4011","Name":"anssi-subscription"}}}
{"System":{"Provider":{"Name":"Microsoft-Windows-Security-Auditing","Guid":"{54849625-5478-4994-a5ba-3e3b0328c30d}"},"EventID":4672,"Version":0,"Level":0,"Task":12548,"Opcode":0,"Keywords":"0x8020000000000000","TimeCreated":"2023-12-08T15:47:24.215067300Z","EventRecordID":157627,"Correlation":{"ActivityID":"{82a8a277-29fd-0000-eca2-a882fd29da01}"},"Execution":{"ProcessID":652,"ThreadID":4320},"Channel":"Security","Computer":"winterfell.north.sevenkingdoms.local"},"EventData":{"SubjectUserName":"robb.stark","SubjectDomainName":"NORTH","SubjectUserSid":"S-1-5-21-2431860994-719566178-239256710-1113","SubjectLogonId":"0xd2f0ba","PrivilegeList":"SeSecurityPrivilege\n\t\t\tSeTakeOwnershipPrivilege\n\t\t\tSeLoadDriverPrivilege\n\t\t\tSeBackupPrivilege\n\t\t\tSeRestorePrivilege\n\t\t\tSeDebugPrivilege\n\t\t\tSeSystemEnvironmentPrivilege\n\t\t\tSeEnableDelegationPrivilege\n\t\t\tSeImpersonatePrivilege\n\t\t\tSeDelegateSessionUserImpersonatePrivilege"},"OpenWEC":{"IpAddress":"10.202.0.184","TimeReceived":"2023-12-08T15:47:40.775906523+00:00","Principal":"WINTERFELL$@NORTH.SEVENKINGDOMS.LOCAL","Subscription":{"Uuid":"CB04741B-9072-4E2D-B769-3570FA020BBD","Version":"6E053E8A-FE0D-45A0-A863-C501EEDB4011","Name":"anssi-subscription"}}}
{"System":{"Provider":{"Name":"Microsoft-Windows-Security-Auditing","Guid":"{54849625-5478-4994-a5ba-3e3b0328c30d}"},"EventID":4688,"Version":2,"Level":0,"Task":13312,"Opcode":0,"Keywords":"0x8020000000000000","TimeCreated":"2023-12-08T15:47:24.220771000Z","EventRecordID":157628,"Correlation":{},"Execution":{"ProcessID":4,"ThreadID":32},"Channel":"Security","Computer":"winterfell.north.sevenkingdoms.local"},"EventData":{"TargetLogonId":"0xd2f0ba","SubjectDomainName":"NORTH","TargetUserSid":"S-1-0-0","TargetUserName":"robb.stark","SubjectUserSid":"S-1-5-18","TargetDomainName":"NORTH","MandatoryLabel":"S-1-16-12288","SubjectUserName":"WINTERFELL$","NewProcessId":"0x4c8","ProcessId":"0x638","SubjectLogonId":"0x3e7","NewProcessName":"C:\\Windows\\System32\\cmd.exe","TokenElevationType":"%%1936","ParentProcessName":"C:\\Windows\\System32\\svchost.exe","CommandLine":""},"OpenWEC":{"IpAddress":"10.202.0.184","TimeReceived":"2023-12-08T15:47:40.775906523+00:00","Principal":"WINTERFELL$@NORTH.SEVENKINGDOMS.LOCAL","Subscription":{"Uuid":"CB04741B-9072-4E2D-B769-3570FA020BBD","Version":"6E053E8A-FE0D-45A0-A863-C501EEDB4011","Name":"anssi-subscription"}}}
{"System":{"Provider":{"Name":"Microsoft-Windows-TaskScheduler","Guid":"{de7b24ea-73c8-4a09-985d-5bdadcfa9017}"},"EventID":129,"Version":0,"Level":4,"Task":129,"Opcode":0,"Keywords":"0x8000000000000000","TimeCreated":"2023-12-08T15:47:24.222801200Z","EventRecordID":49796,"Correlation":{},"Execution":{"ProcessID":1592,"ThreadID":5072},"Channel":"Microsoft-Windows-TaskScheduler/Operational","Computer":"winterfell.north.sevenkingdoms.local","UserID":"S-1-5-18"},"EventData":{"TaskName":"\\responder_bot","ProcessID":"1224","Priority":"16384","Path":"cmd.exe"},"OpenWEC":{"IpAddress":"10.202.0.184","TimeReceived":"2023-12-08T15:47:40.775906523+00:00","Principal":"WINTERFELL$@NORTH.SEVENKINGDOMS.LOCAL","Subscription":{"Uuid":"CB04741B-9072-4E2D-B769-3570FA020BBD","Version":"6E053E8A-FE0D-45A0-A863-C501EEDB4011","Name":"anssi-subscription"}}}
{"System":{"Provider":{"Name":"Microsoft-Windows-TaskScheduler","Guid":"{de7b24ea-73c8-4a09-985d-5bdadcfa9017}"},"EventID":100,"Version":0,"Level":4,"Task":100,"Opcode":1,"Keywords":"0x8000000000000001","TimeCreated":"2023-12-08T15:47:24.223029300Z","EventRecordID":49797,"Correlation":{"ActivityID":"{077182a7-d3d3-46a0-92e8-8d78f816e161}"},"Execution":{"ProcessID":1592,"ThreadID":5072},"Channel":"Microsoft-Windows-TaskScheduler/Operational","Computer":"winterfell.north.sevenkingdoms.local","UserID":"S-1-5-18"},"EventData":{"InstanceId":"{077182a7-d3d3-46a0-92e8-8d78f816e161}","TaskName":"\\responder_bot","UserContext":"NORTH\\robb.stark"},"OpenWEC":{"IpAddress":"10.202.0.184","TimeReceived":"2023-12-08T15:47:40.775906523+00:00","Principal":"WINTERFELL$@NORTH.SEVENKINGDOMS.LOCAL","Subscription":{"Uuid":"CB04741B-9072-4E2D-B769-3570FA020BBD","Version":"6E053E8A-FE0D-45A0-A863-C501EEDB4011","Name":"anssi-subscription"}}}
{"System":{"Provider":{"Name":"Microsoft-Windows-TaskScheduler","Guid":"{de7b24ea-73c8-4a09-985d-5bdadcfa9017}"},"EventID":200,"Version":1,"Level":4,"Task":200,"Opcode":1,"Keywords":"0x8000000000000000","TimeCreated":"2023-12-08T15:47:24.223030500Z","EventRecordID":49798,"Correlation":{"ActivityID":"{077182a7-d3d3-46a0-92e8-8d78f816e161}"},"Execution":{"ProcessID":1592,"ThreadID":5072},"Channel":"Microsoft-Windows-TaskScheduler/Operational","Computer":"winterfell.north.sevenkingdoms.local","UserID":"S-1-5-18"},"EventData":{"TaskName":"\\responder_bot","EnginePID":"1224","TaskInstanceId":"{077182a7-d3d3-46a0-92e8-8d78f816e161}","ActionName":"cmd.exe"},"OpenWEC":{"IpAddress":"10.202.0.184","TimeReceived":"2023-12-08T15:47:40.775906523+00:00","Principal":"WINTERFELL$@NORTH.SEVENKINGDOMS.LOCAL","Subscription":{"Uuid":"CB04741B-9072-4E2D-B769-3570FA020BBD","Version":"6E053E8A-FE0D-45A0-A863-C501EEDB4011","Name":"anssi-subscription"}}}
{"System":{"Provider":{"Name":"Microsoft-Windows-Security-Auditing","Guid":"{54849625-5478-4994-a5ba-3e3b0328c30d}"},"EventID":4688,"Version":2,"Level":0,"Task":13312,"Opcode":0,"Keywords":"0x8020000000000000","TimeCreated":"2023-12-08T15:47:24.226741900Z","EventRecordID":157629,"Correlation":{},"Execution":{"ProcessID":4,"ThreadID":32},"Channel":"Security","Computer":"winterfell.north.sevenkingdoms.local"},"EventData":{"ProcessId":"0x4c8","NewProcessName":"C:\\Windows\\System32\\conhost.exe","SubjectUserSid":"S-1-5-21-2431860994-719566178-239256710-1113","SubjectLogonId":"0xd2f0ba","TargetUserSid":"S-1-0-0","TargetLogonId":"0x0","SubjectDomainName":"NORTH","ParentProcessName":"C:\\Windows\\System32\\cmd.exe","SubjectUserName":"robb.stark","MandatoryLabel":"S-1-16-12288","NewProcessId":"0x964","CommandLine":"","TargetUserName":"-","TargetDomainName":"-","TokenElevationType":"%%1936"},"OpenWEC":{"IpAddress":"10.202.0.184","TimeReceived":"2023-12-08T15:47:40.775906523+00:00","Principal":"WINTERFELL$@NORTH.SEVENKINGDOMS.LOCAL","Subscription":{"Uuid":"CB04741B-9072-4E2D-B769-3570FA020BBD","Version":"6E053E8A-FE0D-45A0-A863-C501EEDB4011","Name":"anssi-subscription"}}}
{"System":{"Provider":{"Name":"Microsoft-Windows-Security-Auditing","Guid":"{54849625-5478-4994-a5ba-3e3b0328c30d}"},"EventID":4688,"Version":2,"Level":0,"Task":13312,"Opcode":0,"Keywords":"0x8020000000000000","TimeCreated":"2023-12-08T15:47:24.265217900Z","EventRecordID":157630,"Correlation":{},"Execution":{"ProcessID":4,"ThreadID":32},"Channel":"Security","Computer":"winterfell.north.sevenkingdoms.local"},"EventData":{"MandatoryLabel":"S-1-16-12288","TargetLogonId":"0x0","TokenElevationType":"%%1936","ParentProcessName":"C:\\Windows\\System32\\cmd.exe","TargetDomainName":"-","SubjectUserSid":"S-1-5-21-2431860994-719566178-239256710-1113","ProcessId":"0x4c8","NewProcessName":"C:\\Windows\\System32\\WindowsPowerShell\\v1.0\\powershell.exe","SubjectDomainName":"NORTH","SubjectLogonId":"0xd2f0ba","SubjectUserName":"robb.stark","CommandLine":"","TargetUserSid":"S-1-0-0","TargetUserName":"-","NewProcessId":"0xeb8"},"OpenWEC":{"IpAddress":"10.202.0.184","TimeReceived":"2023-12-08T15:47:40.775906523+00:00","Principal":"WINTERFELL$@NORTH.SEVENKINGDOMS.LOCAL","Subscription":{"Uuid":"CB04741B-9072-4E2D-B769-3570FA020BBD","Version":"6E053E8A-FE0D-45A0-A863-C501EEDB4011","Name":"anssi-subscription"}}}
{"System":{"Provider":{"Name":"Microsoft-Windows-Sysmon","Guid":"{5770385f-c22a-43e0-bf4c-06f5698ffbd9}"},"EventID":22,"Version":5,"Level":4,"Task":22,"Opcode":0,"Keywords":"0x8000000000000000","TimeCreated":"2023-12-08T15:47:24.756948400Z","EventRecordID":10183,"Correlation":{},"Execution":{"ProcessID":3248,"ThreadID":3932},"Channel":"Microsoft-Windows-Sysmon/Operational","Computer":"winterfell.north.sevenkingdoms.local","UserID":"S-1-5-18"},"EventData":{"QueryName":"Meren","RuleName":"-","UtcTime":"2023-12-08 12:28:17.639","ProcessGuid":"{2b62dd35-54db-6573-1500-000000002300}","QueryResults":"fe80::da5c:a9be:fef:69f2;::ffff:10.202.0.195;","Image":"C:\\Windows\\System32\\svchost.exe","ProcessId":"896","QueryStatus":"0","User":"NT AUTHORITY\\LOCAL SERVICE"},"OpenWEC":{"IpAddress":"10.202.0.184","TimeReceived":"2023-12-08T15:47:40.775906523+00:00","Principal":"WINTERFELL$@NORTH.SEVENKINGDOMS.LOCAL","Subscription":{"Uuid":"CB04741B-9072-4E2D-B769-3570FA020BBD","Version":"6E053E8A-FE0D-45A0-A863-C501EEDB4011","Name":"anssi-subscription"}}}
{"System":{"Provider":{"Name":"Microsoft-Windows-Sysmon","Guid":"{5770385f-c22a-43e0-bf4c-06f5698ffbd9}"},"EventID":22,"Version":5,"Level":4,"Task":22,"Opcode":0,"Keywords":"0x8000000000000000","TimeCreated":"2023-12-08T15:47:24.757663900Z","EventRecordID":10184,"Correlation":{},"Execution":{"ProcessID":3248,"ThreadID":3932},"Channel":"Microsoft-Windows-Sysmon/Operational","Computer":"winterfell.north.sevenkingdoms.local","UserID":"S-1-5-18"},"EventData":{"Image":"C:\\Windows\\System32\\svchost.exe","UtcTime":"2023-12-08 12:28:18.747","RuleName":"-","ProcessGuid":"{2b62dd35-54db-6573-1500-000000002300}","User":"NT AUTHORITY\\LOCAL SERVICE","QueryResults":"fe80::da5c:a9be:fef:69f2;::ffff:10.202.0.195;","ProcessId":"896","QueryName":"Meren","QueryStatus":"0"},"OpenWEC":{"IpAddress":"10.202.0.184","TimeReceived":"2023-12-08T15:47:40.775906523+00:00","Principal":"WINTERFELL$@NORTH.SEVENKINGDOMS.LOCAL","Subscription":{"Uuid":"CB04741B-9072-4E2D-B769-3570FA020BBD","Version":"6E053E8A-FE0D-45A0-A863-C501EEDB4011","Name":"anssi-subscription"}}}
{"System":{"Provider":{"Name":"Microsoft-Windows-Sysmon","Guid":"{5770385f-c22a-43e0-bf4c-06f5698ffbd9}"},"EventID":10,"Version":3,"Level":4,"Task":10,"Opcode":0,"Keywords":"0x8000000000000000","TimeCreated":"2023-12-08T15:47:24.758082800Z","EventRecordID":10185,"Correlation":{},"Execution":{"ProcessID":3248,"ThreadID":3876},"Channel":"Microsoft-Windows-Sysmon/Operational","Computer":"winterfell.north.sevenkingdoms.local","UserID":"S-1-5-18"},"EventData":{"CallTrace":"C:\\Windows\\SYSTEM32\\ntdll.dll+9feb4|C:\\Windows\\SYSTEM32\\ntdll.dll+7d367|C:\\Windows\\System32\\KERNEL32.DLL+1c5b4|C:\\Windows\\System32\\KERNEL32.DLL+237f8|C:\\Windows\\sysmon64.exe+ec5cd|C:\\Windows\\sysmon64.exe+edeb7|C:\\Windows\\sysmon64.exe+12e889|C:\\Windows\\sysmon64.exe+ee90e|C:\\Windows\\sysmon64.exe+eecd3|C:\\Windows\\sysmon64.exe+10bd88|C:\\Windows\\sysmon64.exe+e22d1|C:\\Windows\\sysmon64.exe+e2427|C:\\Windows\\System32\\sechost.dll+dc61|C:\\Windows\\System32\\sechost.dll+d9a9|C:\\Windows\\System32\\sechost.dll+13d4e|C:\\Windows\\sysmon64.exe+e25ba|C:\\Windows\\sysmon64.exe+1a9ad2|C:\\Windows\\System32\\KERNEL32.DLL+17974|C:\\Windows\\SYSTEM32\\ntdll.dll+5a2f1","SourceThreadId":"3932","TargetImage":"C:\\Windows\\system32\\lsass.exe","SourceUser":"NT AUTHORITY\\SYSTEM","GrantedAccess":"0x1fffff","RuleName":"-","TargetProcessGUID":"{2b62dd35-54d9-6573-0c00-000000002300}","SourceProcessGUID":"{2b62dd35-e477-6572-4e00-000000002300}","SourceProcessId":"3248","TargetProcessId":"652","UtcTime":"2023-12-08 15:47:24.755","TargetUser":"NT AUTHORITY\\SYSTEM","SourceImage":"C:\\Windows\\sysmon64.exe"},"OpenWEC":{"IpAddress":"10.202.0.184","TimeReceived":"2023-12-08T15:47:40.775906523+00:00","Principal":"WINTERFELL$@NORTH.SEVENKINGDOMS.LOCAL","Subscription":{"Uuid":"CB04741B-9072-4E2D-B769-3570FA020BBD","Version":"6E053E8A-FE0D-45A0-A863-C501EEDB4011","Name":"anssi-subscription"}}}
{"System":{"Provider":{"Name":"Microsoft-Windows-Sysmon","Guid":"{5770385f-c22a-43e0-bf4c-06f5698ffbd9}"},"EventID":22,"Version":5,"Level":4,"Task":22,"Opcode":0,"Keywords":"0x8000000000000000","TimeCreated":"2023-12-08T15:47:24.759703200Z","EventRecordID":10186,"Correlation":{},"Execution":{"ProcessID":3248,"ThreadID":3932},"Channel":"Microsoft-Windows-Sysmon/Operational","Computer":"winterfell.north.sevenkingdoms.local","UserID":"S-1-5-18"},"EventData":{"Image":"C:\\Windows\\system32\\lsass.exe","RuleName":"-","UtcTime":"2023-12-08 12:28:18.854","ProcessId":"652","QueryName":"winterfell","QueryResults":"10.202.0.184;192.168.56.11;10.0.2.15;","User":"NT AUTHORITY\\SYSTEM","ProcessGuid":"{2b62dd35-54d9-6573-0c00-000000002300}","QueryStatus":"0"},"OpenWEC":{"IpAddress":"10.202.0.184","TimeReceived":"2023-12-08T15:47:40.775906523+00:00","Principal":"WINTERFELL$@NORTH.SEVENKINGDOMS.LOCAL","Subscription":{"Uuid":"CB04741B-9072-4E2D-B769-3570FA020BBD","Version":"6E053E8A-FE0D-45A0-A863-C501EEDB4011","Name":"anssi-subscription"}}}
{"System":{"Provider":{"Name":"Microsoft-Windows-Sysmon","Guid":"{5770385f-c22a-43e0-bf4c-06f5698ffbd9}"},"EventID":22,"Version":5,"Level":4,"Task":22,"Opcode":0,"Keywords":"0x8000000000000000","TimeCreated":"2023-12-08T15:47:25.771975500Z","EventRecordID":10187,"Correlation":{},"Execution":{"ProcessID":3248,"ThreadID":3932},"Channel":"Microsoft-Windows-Sysmon/Operational","Computer":"winterfell.north.sevenkingdoms.local","UserID":"S-1-5-18"},"EventData":{"RuleName":"-","Image":"C:\\Windows\\System32\\svchost.exe","UtcTime":"2023-12-08 12:28:19.124","QueryStatus":"0","ProcessId":"896","QueryName":"Bravos","User":"NT AUTHORITY\\LOCAL SERVICE","QueryResults":"fe80::da5c:a9be:fef:69f2;::ffff:10.202.0.195;","ProcessGuid":"{2b62dd35-54db-6573-1500-000000002300}"},"OpenWEC":{"IpAddress":"10.202.0.184","TimeReceived":"2023-12-08T15:47:40.775906523+00:00","Principal":"WINTERFELL$@NORTH.SEVENKINGDOMS.LOCAL","Subscription":{"Uuid":"CB04741B-9072-4E2D-B769-3570FA020BBD","Version":"6E053E8A-FE0D-45A0-A863-C501EEDB4011","Name":"anssi-subscription"}}}
{"System":{"Provider":{"Name":"Microsoft-Windows-Sysmon","Guid":"{5770385f-c22a-43e0-bf4c-06f5698ffbd9}"},"EventID":22,"Version":5,"Level":4,"Task":22,"Opcode":0,"Keywords":"0x8000000000000000","TimeCreated":"2023-12-08T15:47:25.772786000Z","EventRecordID":10188,"Correlation":{},"Execution":{"ProcessID":3248,"ThreadID":3932},"Channel":"Microsoft-Windows-Sysmon/Operational","Computer":"winterfell.north.sevenkingdoms.local","UserID":"S-1-5-18"},"EventData":{"QueryStatus":"0","ProcessId":"896","RuleName":"-","User":"NT AUTHORITY\\LOCAL SERVICE","QueryName":"Meren","ProcessGuid":"{2b62dd35-54db-6573-1500-000000002300}","UtcTime":"2023-12-08 12:28:19.888","QueryResults":"fe80::da5c:a9be:fef:69f2;::ffff:10.202.0.195;","Image":"C:\\Windows\\System32\\svchost.exe"},"OpenWEC":{"IpAddress":"10.202.0.184","TimeReceived":"2023-12-08T15:47:40.775906523+00:00","Principal":"WINTERFELL$@NORTH.SEVENKINGDOMS.LOCAL","Subscription":{"Uuid":"CB04741B-9072-4E2D-B769-3570FA020BBD","Version":"6E053E8A-FE0D-45A0-A863-C501EEDB4011","Name":"anssi-subscription"}}}
{"System":{"Provider":{"Name":"Microsoft-Windows-Security-Auditing","Guid":"{54849625-5478-4994-a5ba-3e3b0328c30d}"},"EventID":4624,"Version":2,"Level":0,"Task":12544,"Opcode":0,"Keywords":"0x8020000000000000","TimeCreated":"2023-12-08T15:47:26.976277800Z","EventRecordID":157633,"Correlation":{},"Execution":{"ProcessID":652,"ThreadID":2828},"Channel":"Security","Computer":"winterfell.north.sevenkingdoms.local"},"EventData":{"AuthenticationPackageName":"Kerberos","VirtualAccount":"%%1843","IpAddress":"::1","ElevatedToken":"%%1842","LmPackageName":"-","TargetOutboundDomainName":"-","TargetLinkedLogonId":"0x0","SubjectUserName":"-","TargetDomainName":"NORTH.SEVENKINGDOMS.LOCAL","ImpersonationLevel":"%%1833","SubjectDomainName":"-","TransmittedServices":"-","WorkstationName":"-","LogonType":"3","SubjectUserSid":"S-1-0-0","TargetLogonId":"0xd32430","ProcessId":"0x0","LogonGuid":"{3f4b9425-1866-4469-9e0a-1c617a2b9ee7}","ProcessName":"-","TargetUserName":"WINTERFELL$","SubjectLogonId":"0x0","TargetUserSid":"S-1-5-18","RestrictedAdminMode":"-","IpPort":"64683","KeyLength":"0","TargetOutboundUserName":"-","LogonProcessName":"Kerberos"},"OpenWEC":{"IpAddress":"10.202.0.184","TimeReceived":"2023-12-08T15:47:40.775906523+00:00","Principal":"WINTERFELL$@NORTH.SEVENKINGDOMS.LOCAL","Subscription":{"Uuid":"CB04741B-9072-4E2D-B769-3570FA020BBD","Version":"6E053E8A-FE0D-45A0-A863-C501EEDB4011","Name":"anssi-subscription"}}}
{"System":{"Provider":{"Name":"Microsoft-Windows-Sysmon","Guid":"{5770385f-c22a-43e0-bf4c-06f5698ffbd9}"},"EventID":22,"Version":5,"Level":4,"Task":22,"Opcode":0,"Keywords":"0x8000000000000000","TimeCreated":"2023-12-08T15:47:26.772428500Z","EventRecordID":10189,"Correlation":{},"Execution":{"ProcessID":3248,"ThreadID":3932},"Channel":"Microsoft-Windows-Sysmon/Operational","Computer":"winterfell.north.sevenkingdoms.local","UserID":"S-1-5-18"},"EventData":{"Image":"C:\\Windows\\System32\\svchost.exe","User":"NT AUTHORITY\\LOCAL SERVICE","QueryName":"Bravos","ProcessGuid":"{2b62dd35-54db-6573-1500-000000002300}","QueryResults":"fe80::da5c:a9be:fef:69f2;::ffff:10.202.0.195;","QueryStatus":"0","ProcessId":"896","RuleName":"-","UtcTime":"2023-12-08 12:28:20.264"},"OpenWEC":{"IpAddress":"10.202.0.184","TimeReceived":"2023-12-08T15:47:40.775906523+00:00","Principal":"WINTERFELL$@NORTH.SEVENKINGDOMS.LOCAL","Subscription":{"Uuid":"CB04741B-9072-4E2D-B769-3570FA020BBD","Version":"6E053E8A-FE0D-45A0-A863-C501EEDB4011","Name":"anssi-subscription"}}}
{"System":{"Provider":{"Name":"Microsoft-Windows-Sysmon","Guid":"{5770385f-c22a-43e0-bf4c-06f5698ffbd9}"},"EventID":10,"Version":3,"Level":4,"Task":10,"Opcode":0,"Keywords":"0x8000000000000000","TimeCreated":"2023-12-08T15:47:28.131139800Z","EventRecordID":10190,"Correlation":{},"Execution":{"ProcessID":3248,"ThreadID":3876},"Channel":"Microsoft-Windows-Sysmon/Operational","Computer":"winterfell.north.sevenkingdoms.local","UserID":"S-1-5-18"},"EventData":{"TargetUser":"NT AUTHORITY\\SYSTEM","TargetProcessGUID":"{2b62dd35-54d9-6573-0c00-000000002300}","TargetImage":"C:\\Windows\\system32\\lsass.exe","SourceImage":"C:\\Windows\\sysmon64.exe","GrantedAccess":"0x1fffff","SourceProcessId":"3248","SourceProcessGUID":"{2b62dd35-e477-6572-4e00-000000002300}","SourceUser":"NT AUTHORITY\\SYSTEM","CallTrace":"C:\\Windows\\SYSTEM32\\ntdll.dll+9feb4|C:\\Windows\\SYSTEM32\\ntdll.dll+7d367|C:\\Windows\\System32\\KERNEL32.DLL+1c5b4|C:\\Windows\\System32\\KERNEL32.DLL+237f8|C:\\Windows\\sysmon64.exe+ec5cd|C:\\Windows\\sysmon64.exe+edeb7|C:\\Windows\\sysmon64.exe+12e889|C:\\Windows\\sysmon64.exe+ee90e|C:\\Windows\\sysmon64.exe+eecd3|C:\\Windows\\sysmon64.exe+f3eea|C:\\Windows\\sysmon64.exe+fbc2c|C:\\Windows\\sysmon64.exe+10dc04|C:\\Windows\\sysmon64.exe+10dcc5|C:\\Windows\\sysmon64.exe+1a9ad2|C:\\Windows\\System32\\KERNEL32.DLL+17974|C:\\Windows\\SYSTEM32\\ntdll.dll+5a2f1","SourceThreadId":"3884","TargetProcessId":"652","UtcTime":"2023-12-08 15:47:28.130","RuleName":"-"},"OpenWEC":{"IpAddress":"10.202.0.184","TimeReceived":"2023-12-08T15:47:40.775906523+00:00","Principal":"WINTERFELL$@NORTH.SEVENKINGDOMS.LOCAL","Subscription":{"Uuid":"CB04741B-9072-4E2D-B769-3570FA020BBD","Version":"6E053E8A-FE0D-45A0-A863-C501EEDB4011","Name":"anssi-subscription"}}}
{"System":{"Provider":{"Name":"Microsoft-Windows-Sysmon","Guid":"{5770385f-c22a-43e0-bf4c-06f5698ffbd9}"},"EventID":22,"Version":5,"Level":4,"Task":22,"Opcode":0,"Keywords":"0x8000000000000000","TimeCreated":"2023-12-08T15:47:28.897547600Z","EventRecordID":10191,"Correlation":{},"Execution":{"ProcessID":3248,"ThreadID":3932},"Channel":"Microsoft-Windows-Sysmon/Operational","Computer":"winterfell.north.sevenkingdoms.local","UserID":"S-1-5-18"},"EventData":{"User":"NT AUTHORITY\\LOCAL SERVICE","RuleName":"-","ProcessGuid":"{2b62dd35-54db-6573-1500-000000002300}","QueryResults":"fe80::da5c:a9be:fef:69f2;::ffff:10.202.0.195;","UtcTime":"2023-12-08 12:28:21.419","Image":"C:\\Windows\\System32\\svchost.exe","QueryName":"Bravos","ProcessId":"896","QueryStatus":"0"},"OpenWEC":{"IpAddress":"10.202.0.184","TimeReceived":"2023-12-08T15:47:40.775906523+00:00","Principal":"WINTERFELL$@NORTH.SEVENKINGDOMS.LOCAL","Subscription":{"Uuid":"CB04741B-9072-4E2D-B769-3570FA020BBD","Version":"6E053E8A-FE0D-45A0-A863-C501EEDB4011","Name":"anssi-subscription"}}}
{"System":{"Provider":{"Name":"Microsoft-Windows-Security-Auditing","Guid":"{54849625-5478-4994-a5ba-3e3b0328c30d}"},"EventID":4648,"Version":0,"Level":0,"Task":12544,"Opcode":0,"Keywords":"0x8020000000000000","TimeCreated":"2023-12-08T15:47:30.822656900Z","EventRecordID":157638,"Correlation":{"ActivityID":"{82a8a277-29fd-0000-eca2-a882fd29da01}"},"Execution":{"ProcessID":652,"ThreadID":4320},"Channel":"Security","Computer":"winterfell.north.sevenkingdoms.local"},"EventData":{"IpPort":"-","TargetLogonGuid":"{939f1094-277e-3fdc-2ac6-bb6f1f2a0876}","SubjectUserSid":"S-1-5-18","SubjectUserName":"WINTERFELL$","SubjectDomainName":"NORTH","LogonGuid":"{00000000-0000-0000-0000-000000000000}","TargetUserName":"robb.stark","SubjectLogonId":"0x3e7","TargetServerName":"localhost","TargetInfo":"localhost","ProcessId":"0x638","IpAddress":"-","TargetDomainName":"NORTH","ProcessName":"C:\\Windows\\System32\\svchost.exe"},"OpenWEC":{"IpAddress":"10.202.0.184","TimeReceived":"2023-12-08T15:47:40.775906523+00:00","Principal":"WINTERFELL$@NORTH.SEVENKINGDOMS.LOCAL","Subscription":{"Uuid":"CB04741B-9072-4E2D-B769-3570FA020BBD","Version":"6E053E8A-FE0D-45A0-A863-C501EEDB4011","Name":"anssi-subscription"}}}
{"System":{"Provider":{"Name":"Microsoft-Windows-Security-Auditing","Guid":"{54849625-5478-4994-a5ba-3e3b0328c30d}"},"EventID":4624,"Version":2,"Level":0,"Task":12544,"Opcode":0,"Keywords":"0x8020000000000000","TimeCreated":"2023-12-08T15:47:30.822744100Z","EventRecordID":157639,"Correlation":{"ActivityID":"{82a8a277-29fd-0000-eca2-a882fd29da01}"},"Execution":{"ProcessID":652,"ThreadID":4320},"Channel":"Security","Computer":"winterfell.north.sevenkingdoms.local"},"EventData":{"WorkstationName":"WINTERFELL","KeyLength":"0","TargetOutboundDomainName":"-","ElevatedToken":"%%1842","SubjectUserName":"WINTERFELL$","TargetUserName":"robb.stark","TargetLogonId":"0xd335bd","LogonProcessName":"Advapi  ","IpAddress":"-","TransmittedServices":"-","LogonType":"4","ImpersonationLevel":"%%1833","TargetOutboundUserName":"-","AuthenticationPackageName":"Negotiate","ProcessId":"0x638","TargetUserSid":"S-1-5-21-2431860994-719566178-239256710-1113","ProcessName":"C:\\Windows\\System32\\svchost.exe","IpPort":"-","VirtualAccount":"%%1843","RestrictedAdminMode":"-","TargetDomainName":"NORTH","LogonGuid":"{939f1094-277e-3fdc-2ac6-bb6f1f2a0876}","SubjectUserSid":"S-1-5-18","SubjectDomainName":"NORTH","SubjectLogonId":"0x3e7","LmPackageName":"-","TargetLinkedLogonId":"0x0"},"OpenWEC":{"IpAddress":"10.202.0.184","TimeReceived":"2023-12-08T15:47:40.775906523+00:00","Principal":"WINTERFELL$@NORTH.SEVENKINGDOMS.LOCAL","Subscription":{"Uuid":"CB04741B-9072-4E2D-B769-3570FA020BBD","Version":"6E053E8A-FE0D-45A0-A863-C501EEDB4011","Name":"anssi-subscription"}}}
{"System":{"Provider":{"Name":"Microsoft-Windows-Security-Auditing","Guid":"{54849625-5478-4994-a5ba-3e3b0328c30d}"},"EventID":4672,"Version":0,"Level":0,"Task":12548,"Opcode":0,"Keywords":"0x8020000000000000","TimeCreated":"2023-12-08T15:47:30.822749200Z","EventRecordID":157640,"Correlation":{"ActivityID":"{82a8a277-29fd-0000-eca2-a882fd29da01}"},"Execution":{"ProcessID":652,"ThreadID":4320},"Channel":"Security","Computer":"winterfell.north.sevenkingdoms.local"},"EventData":{"SubjectLogonId":"0xd335bd","PrivilegeList":"SeSecurityPrivilege\n\t\t\tSeTakeOwnershipPrivilege\n\t\t\tSeLoadDriverPrivilege\n\t\t\tSeBackupPrivilege\n\t\t\tSeRestorePrivilege\n\t\t\tSeDebugPrivilege\n\t\t\tSeSystemEnvironmentPrivilege\n\t\t\tSeEnableDelegationPrivilege\n\t\t\tSeImpersonatePrivilege\n\t\t\tSeDelegateSessionUserImpersonatePrivilege","SubjectUserName":"robb.stark","SubjectUserSid":"S-1-5-21-2431860994-719566178-239256710-1113","SubjectDomainName":"NORTH"},"OpenWEC":{"IpAddress":"10.202.0.184","TimeReceived":"2023-12-08T15:47:40.775906523+00:00","Principal":"WINTERFELL$@NORTH.SEVENKINGDOMS.LOCAL","Subscription":{"Uuid":"CB04741B-9072-4E2D-B769-3570FA020BBD","Version":"6E053E8A-FE0D-45A0-A863-C501EEDB4011","Name":"anssi-subscription"}}}
{"System":{"Provider":{"Name":"Microsoft-Windows-Security-Auditing","Guid":"{54849625-5478-4994-a5ba-3e3b0328c30d}"},"EventID":4688,"Version":2,"Level":0,"Task":13312,"Opcode":0,"Keywords":"0x8020000000000000","TimeCreated":"2023-12-08T15:47:30.826238600Z","EventRecordID":157641,"Correlation":{},"Execution":{"ProcessID":4,"ThreadID":2064},"Channel":"Security","Computer":"winterfell.north.sevenkingdoms.local"},"EventData":{"TargetDomainName":"-","TargetUserSid":"S-1-0-0","CommandLine":"","SubjectUserSid":"S-1-5-18","TargetLogonId":"0x0","TokenElevationType":"%%1936","MandatoryLabel":"S-1-16-16384","SubjectUserName":"WINTERFELL$","NewProcessName":"C:\\Windows\\System32\\dllhost.exe","TargetUserName":"-","NewProcessId":"0x1468","SubjectDomainName":"NORTH","SubjectLogonId":"0x3e7","ParentProcessName":"C:\\Windows\\System32\\svchost.exe","ProcessId":"0x35c"},"OpenWEC":{"IpAddress":"10.202.0.184","TimeReceived":"2023-12-08T15:47:40.775906523+00:00","Principal":"WINTERFELL$@NORTH.SEVENKINGDOMS.LOCAL","Subscription":{"Uuid":"CB04741B-9072-4E2D-B769-3570FA020BBD","Version":"6E053E8A-FE0D-45A0-A863-C501EEDB4011","Name":"anssi-subscription"}}}
{"System":{"Provider":{"Name":"Microsoft-Windows-Security-Auditing","Guid":"{54849625-5478-4994-a5ba-3e3b0328c30d}"},"EventID":4688,"Version":2,"Level":0,"Task":13312,"Opcode":0,"Keywords":"0x8020000000000000","TimeCreated":"2023-12-08T15:47:30.844770600Z","EventRecordID":157642,"Correlation":{},"Execution":{"ProcessID":4,"ThreadID":2064},"Channel":"Security","Computer":"winterfell.north.sevenkingdoms.local"},"EventData":{"TargetLogonId":"0xd335bd","SubjectUserSid":"S-1-5-18","SubjectUserName":"WINTERFELL$","TargetUserName":"robb.stark","TokenElevationType":"%%1936","NewProcessName":"C:\\Windows\\System32\\cmd.exe","NewProcessId":"0x5f0","SubjectLogonId":"0x3e7","SubjectDomainName":"NORTH","TargetUserSid":"S-1-0-0","TargetDomainName":"NORTH","CommandLine":"","ParentProcessName":"C:\\Windows\\System32\\svchost.exe","ProcessId":"0x638","MandatoryLabel":"S-1-16-12288"},"OpenWEC":{"IpAddress":"10.202.0.184","TimeReceived":"2023-12-08T15:47:40.775906523+00:00","Principal":"WINTERFELL$@NORTH.SEVENKINGDOMS.LOCAL","Subscription":{"Uuid":"CB04741B-9072-4E2D-B769-3570FA020BBD","Version":"6E053E8A-FE0D-45A0-A863-C501EEDB4011","Name":"anssi-subscription"}}}
{"System":{"Provider":{"Name":"Microsoft-Windows-Security-Auditing","Guid":"{54849625-5478-4994-a5ba-3e3b0328c30d}"},"EventID":4688,"Version":2,"Level":0,"Task":13312,"Opcode":0,"Keywords":"0x8020000000000000","TimeCreated":"2023-12-08T15:47:30.850581900Z","EventRecordID":157643,"Correlation":{},"Execution":{"ProcessID":4,"ThreadID":2064},"Channel":"Security","Computer":"winterfell.north.sevenkingdoms.local"},"EventData":{"NewProcessId":"0x1738","TargetUserName":"-","MandatoryLabel":"S-1-16-12288","TargetUserSid":"S-1-0-0","SubjectLogonId":"0xd335bd","SubjectUserName":"robb.stark","SubjectUserSid":"S-1-5-21-2431860994-719566178-239256710-1113","TargetDomainName":"-","NewProcessName":"C:\\Windows\\System32\\conhost.exe","TokenElevationType":"%%1936","SubjectDomainName":"NORTH","ProcessId":"0x5f0","CommandLine":"","ParentProcessName":"C:\\Windows\\System32\\cmd.exe","TargetLogonId":"0x0"},"OpenWEC":{"IpAddress":"10.202.0.184","TimeReceived":"2023-12-08T15:47:40.775906523+00:00","Principal":"WINTERFELL$@NORTH.SEVENKINGDOMS.LOCAL","Subscription":{"Uuid":"CB04741B-9072-4E2D-B769-3570FA020BBD","Version":"6E053E8A-FE0D-45A0-A863-C501EEDB4011","Name":"anssi-subscription"}}}
{"System":{"Provider":{"Name":"Microsoft-Windows-Security-Auditing","Guid":"{54849625-5478-4994-a5ba-3e3b0328c30d}"},"EventID":4688,"Version":2,"Level":0,"Task":13312,"Opcode":0,"Keywords":"0x8020000000000000","TimeCreated":"2023-12-08T15:47:30.884745700Z","EventRecordID":157644,"Correlation":{},"Execution":{"ProcessID":4,"ThreadID":2064},"Channel":"Security","Computer":"winterfell.north.sevenkingdoms.local"},"EventData":{"CommandLine":"","SubjectLogonId":"0xd335bd","ProcessId":"0x5f0","SubjectUserName":"robb.stark","TargetLogonId":"0x0","TargetDomainName":"-","ParentProcessName":"C:\\Windows\\System32\\cmd.exe","TokenElevationType":"%%1936","TargetUserSid":"S-1-0-0","TargetUserName":"-","SubjectDomainName":"NORTH","NewProcessId":"0xa74","MandatoryLabel":"S-1-16-12288","SubjectUserSid":"S-1-5-21-2431860994-719566178-239256710-1113","NewProcessName":"C:\\Windows\\System32\\WindowsPowerShell\\v1.0\\powershell.exe"},"OpenWEC":{"IpAddress":"10.202.0.184","TimeReceived":"2023-12-08T15:47:40.775906523+00:00","Principal":"WINTERFELL$@NORTH.SEVENKINGDOMS.LOCAL","Subscription":{"Uuid":"CB04741B-9072-4E2D-B769-3570FA020BBD","Version":"6E053E8A-FE0D-45A0-A863-C501EEDB4011","Name":"anssi-subscription"}}}
{"System":{"Provider":{"Name":"Microsoft-Windows-Security-Auditing","Guid":"{54849625-5478-4994-a5ba-3e3b0328c30d}"},"EventID":4688,"Version":2,"Level":0,"Task":13312,"Opcode":0,"Keywords":"0x8020000000000000","TimeCreated":"2023-12-08T15:47:31.071944500Z","EventRecordID":157645,"Correlation":{},"Execution":{"ProcessID":4,"ThreadID":2064},"Channel":"Security","Computer":"winterfell.north.sevenkingdoms.local"},"EventData":{"TokenElevationType":"%%1936","TargetUserName":"-","TargetLogonId":"0x0","MandatoryLabel":"S-1-16-12288","NewProcessId":"0x564","NewProcessName":"C:\\Windows\\System32\\query.exe","TargetDomainName":"-","ParentProcessName":"C:\\Windows\\System32\\WindowsPowerShell\\v1.0\\powershell.exe","SubjectLogonId":"0xd335bd","ProcessId":"0xa74","CommandLine":"","SubjectUserSid":"S-1-5-21-2431860994-719566178-239256710-1113","SubjectUserName":"robb.stark","SubjectDomainName":"NORTH","TargetUserSid":"S-1-0-0"},"OpenWEC":{"IpAddress":"10.202.0.184","TimeReceived":"2023-12-08T15:47:40.775906523+00:00","Principal":"WINTERFELL$@NORTH.SEVENKINGDOMS.LOCAL","Subscription":{"Uuid":"CB04741B-9072-4E2D-B769-3570FA020BBD","Version":"6E053E8A-FE0D-45A0-A863-C501EEDB4011","Name":"anssi-subscription"}}}
{"System":{"Provider":{"Name":"Microsoft-Windows-Security-Auditing","Guid":"{54849625-5478-4994-a5ba-3e3b0328c30d}"},"EventID":4688,"Version":2,"Level":0,"Task":13312,"Opcode":0,"Keywords":"0x8020000000000000","TimeCreated":"2023-12-08T15:47:31.086713700Z","EventRecordID":157646,"Correlation":{},"Execution":{"ProcessID":4,"ThreadID":2064},"Channel":"Security","Computer":"winterfell.north.sevenkingdoms.local"},"EventData":{"NewProcessId":"0x173c","NewProcessName":"C:\\Windows\\System32\\qwinsta.exe","SubjectDomainName":"NORTH","TargetUserName":"-","TargetDomainName":"-","MandatoryLabel":"S-1-16-12288","TargetLogonId":"0x0","TargetUserSid":"S-1-0-0","ParentProcessName":"C:\\Windows\\System32\\query.exe","CommandLine":"","SubjectUserName":"robb.stark","TokenElevationType":"%%1936","ProcessId":"0x564","SubjectUserSid":"S-1-5-21-2431860994-719566178-239256710-1113","SubjectLogonId":"0xd335bd"},"OpenWEC":{"IpAddress":"10.202.0.184","TimeReceived":"2023-12-08T15:47:40.775906523+00:00","Principal":"WINTERFELL$@NORTH.SEVENKINGDOMS.LOCAL","Subscription":{"Uuid":"CB04741B-9072-4E2D-B769-3570FA020BBD","Version":"6E053E8A-FE0D-45A0-A863-C501EEDB4011","Name":"anssi-subscription"}}}
{"System":{"Provider":{"Name":"Microsoft-Windows-TaskScheduler","Guid":"{de7b24ea-73c8-4a09-985d-5bdadcfa9017}"},"EventID":107,"Version":0,"Level":4,"Task":107,"Opcode":0,"Keywords":"0x8000000000000000","TimeCreated":"2023-12-08T15:47:30.822995100Z","EventRecordID":49803,"Correlation":{"ActivityID":"{d0e85830-8337-45a2-bbea-7add69978c68}"},"Execution":{"ProcessID":1592,"ThreadID":5072},"Channel":"Microsoft-Windows-TaskScheduler/Operational","Computer":"winterfell.north.sevenkingdoms.local","UserID":"S-1-5-18"},"EventData":{"InstanceId":"{d0e85830-8337-45a2-bbea-7add69978c68}","TaskName":"\\connect_bot"},"OpenWEC":{"IpAddress":"10.202.0.184","TimeReceived":"2023-12-08T15:47:40.775906523+00:00","Principal":"WINTERFELL$@NORTH.SEVENKINGDOMS.LOCAL","Subscription":{"Uuid":"CB04741B-9072-4E2D-B769-3570FA020BBD","Version":"6E053E8A-FE0D-45A0-A863-C501EEDB4011","Name":"anssi-subscription"}}}
{"System":{"Provider":{"Name":"Microsoft-Windows-TaskScheduler","Guid":"{de7b24ea-73c8-4a09-985d-5bdadcfa9017}"},"EventID":129,"Version":0,"Level":4,"Task":129,"Opcode":0,"Keywords":"0x8000000000000000","TimeCreated":"2023-12-08T15:47:30.847356900Z","EventRecordID":49804,"Correlation":{},"Execution":{"ProcessID":1592,"ThreadID":5072},"Channel":"Microsoft-Windows-TaskScheduler/Operational","Computer":"winterfell.north.sevenkingdoms.local","UserID":"S-1-5-18"},"EventData":{"ProcessID":"1520","Priority":"16384","TaskName":"\\connect_bot","Path":"cmd.exe"},"OpenWEC":{"IpAddress":"10.202.0.184","TimeReceived":"2023-12-08T15:47:40.775906523+00:00","Principal":"WINTERFELL$@NORTH.SEVENKINGDOMS.LOCAL","Subscription":{"Uuid":"CB04741B-9072-4E2D-B769-3570FA020BBD","Version":"6E053E8A-FE0D-45A0-A863-C501EEDB4011","Name":"anssi-subscription"}}}
{"System":{"Provider":{"Name":"Microsoft-Windows-TaskScheduler","Guid":"{de7b24ea-73c8-4a09-985d-5bdadcfa9017}"},"EventID":100,"Version":0,"Level":4,"Task":100,"Opcode":1,"Keywords":"0x8000000000000001","TimeCreated":"2023-12-08T15:47:30.847585300Z","EventRecordID":49805,"Correlation":{"ActivityID":"{d0e85830-8337-45a2-bbea-7add69978c68}"},"Execution":{"ProcessID":1592,"ThreadID":5072},"Channel":"Microsoft-Windows-TaskScheduler/Operational","Computer":"winterfell.north.sevenkingdoms.local","UserID":"S-1-5-18"},"EventData":{"InstanceId":"{d0e85830-8337-45a2-bbea-7add69978c68}","TaskName":"\\connect_bot","UserContext":"NORTH\\robb.stark"},"OpenWEC":{"IpAddress":"10.202.0.184","TimeReceived":"2023-12-08T15:47:40.775906523+00:00","Principal":"WINTERFELL$@NORTH.SEVENKINGDOMS.LOCAL","Subscription":{"Uuid":"CB04741B-9072-4E2D-B769-3570FA020BBD","Version":"6E053E8A-FE0D-45A0-A863-C501EEDB4011","Name":"anssi-subscription"}}}
{"System":{"Provider":{"Name":"Microsoft-Windows-TaskScheduler","Guid":"{de7b24ea-73c8-4a09-985d-5bdadcfa9017}"},"EventID":200,"Version":1,"Level":4,"Task":200,"Opcode":1,"Keywords":"0x8000000000000000","TimeCreated":"2023-12-08T15:47:30.847586600Z","EventRecordID":49806,"Correlation":{"ActivityID":"{d0e85830-8337-45a2-bbea-7add69978c68}"},"Execution":{"ProcessID":1592,"ThreadID":5072},"Channel":"Microsoft-Windows-TaskScheduler/Operational","Computer":"winterfell.north.sevenkingdoms.local","UserID":"S-1-5-18"},"EventData":{"TaskName":"\\connect_bot","EnginePID":"1520","TaskInstanceId":"{d0e85830-8337-45a2-bbea-7add69978c68}","ActionName":"cmd.exe"},"OpenWEC":{"IpAddress":"10.202.0.184","TimeReceived":"2023-12-08T15:47:40.775906523+00:00","Principal":"WINTERFELL$@NORTH.SEVENKINGDOMS.LOCAL","Subscription":{"Uuid":"CB04741B-9072-4E2D-B769-3570FA020BBD","Version":"6E053E8A-FE0D-45A0-A863-C501EEDB4011","Name":"anssi-subscription"}}}
{"System":{"Provider":{"Name":"Microsoft-Windows-Sysmon","Guid":"{5770385f-c22a-43e0-bf4c-06f5698ffbd9}"},"EventID":10,"Version":3,"Level":4,"Task":10,"Opcode":0,"Keywords":"0x8000000000000000","TimeCreated":"2023-12-08T15:47:30.810003000Z","EventRecordID":10192,"Correlation":{},"Execution":{"ProcessID":3248,"ThreadID":3876},"Channel":"Microsoft-Windows-Sysmon/Operational","Computer":"winterfell.north.sevenkingdoms.local","UserID":"S-1-5-18"},"EventData":{"GrantedAccess":"0x1000","RuleName":"-","SourceImage":"C:\\Windows\\system32\\svchost.exe","TargetProcessGUID":"{2b62dd35-54d9-6573-0c00-000000002300}","TargetProcessId":"652","CallTrace":"C:\\Windows\\SYSTEM32\\ntdll.dll+9feb4|C:\\Windows\\System32\\KERNELBASE.dll+6c2f5|c:\\windows\\system32\\lsm.dll+f397|c:\\windows\\system32\\lsm.dll+df54|C:\\Windows\\System32\\RPCRT4.dll+784a3|C:\\Windows\\System32\\RPCRT4.dll+d9f9a|C:\\Windows\\System32\\RPCRT4.dll+1ac60|C:\\Windows\\System32\\RPCRT4.dll+508e8|C:\\Windows\\System32\\RPCRT4.dll+3ad80|C:\\Windows\\System32\\RPCRT4.dll+3a72b|C:\\Windows\\System32\\RPCRT4.dll+2c9cf|C:\\Windows\\System32\\RPCRT4.dll+2be2a|C:\\Windows\\System32\\RPCRT4.dll+2b3f1|C:\\Windows\\System32\\RPCRT4.dll+2ae62|C:\\Windows\\System32\\RPCRT4.dll+218d5|C:\\Windows\\SYSTEM32\\ntdll.dll+69c20|C:\\Windows\\SYSTEM32\\ntdll.dll+166e8|C:\\Windows\\System32\\KERNEL32.DLL+17974|C:\\Windows\\SYSTEM32\\ntdll.dll+5a2f1","UtcTime":"2023-12-08 15:47:30.802","SourceProcessGUID":"{2b62dd35-54db-6573-1000-000000002300}","SourceThreadId":"5248","TargetImage":"C:\\Windows\\system32\\lsass.exe","SourceUser":"NT AUTHORITY\\SYSTEM","TargetUser":"NT AUTHORITY\\SYSTEM","SourceProcessId":"948"},"OpenWEC":{"IpAddress":"10.202.0.184","TimeReceived":"2023-12-08T15:47:40.775906523+00:00","Principal":"WINTERFELL$@NORTH.SEVENKINGDOMS.LOCAL","Subscription":{"Uuid":"CB04741B-9072-4E2D-B769-3570FA020BBD","Version":"6E053E8A-FE0D-45A0-A863-C501EEDB4011","Name":"anssi-subscription"}}}
{"System":{"Provider":{"Name":"Microsoft-Windows-Sysmon","Guid":"{5770385f-c22a-43e0-bf4c-06f5698ffbd9}"},"EventID":10,"Version":3,"Level":4,"Task":10,"Opcode":0,"Keywords":"0x8000000000000000","TimeCreated":"2023-12-08T15:47:30.810241000Z","EventRecordID":10193,"Correlation":{},"Execution":{"ProcessID":3248,"ThreadID":3876},"Channel":"Microsoft-Windows-Sysmon/Operational","Computer":"winterfell.north.sevenkingdoms.local","UserID":"S-1-5-18"},"EventData":{"TargetProcessId":"652","TargetUser":"NT AUTHORITY\\SYSTEM","TargetImage":"C:\\Windows\\system32\\lsass.exe","UtcTime":"2023-12-08 15:47:30.802","RuleName":"-","SourceProcessGUID":"{2b62dd35-54db-6573-1000-000000002300}","SourceThreadId":"5248","TargetProcessGUID":"{2b62dd35-54d9-6573-0c00-000000002300}","CallTrace":"C:\\Windows\\SYSTEM32\\ntdll.dll+9feb4|C:\\Windows\\System32\\KERNELBASE.dll+6c2f5|c:\\windows\\system32\\lsm.dll+e2ca|c:\\windows\\system32\\lsm.dll+e044|C:\\Windows\\System32\\RPCRT4.dll+784a3|C:\\Windows\\System32\\RPCRT4.dll+d9f9a|C:\\Windows\\System32\\RPCRT4.dll+1ac60|C:\\Windows\\System32\\RPCRT4.dll+508e8|C:\\Windows\\System32\\RPCRT4.dll+3ad80|C:\\Windows\\System32\\RPCRT4.dll+3a72b|C:\\Windows\\System32\\RPCRT4.dll+2c9cf|C:\\Windows\\System32\\RPCRT4.dll+2be2a|C:\\Windows\\System32\\RPCRT4.dll+2b3f1|C:\\Windows\\System32\\RPCRT4.dll+2ae62|C:\\Windows\\System32\\RPCRT4.dll+218d5|C:\\Windows\\SYSTEM32\\ntdll.dll+69c20|C:\\Windows\\SYSTEM32\\ntdll.dll+166e8|C:\\Windows\\System32\\KERNEL32.DLL+17974|C:\\Windows\\SYSTEM32\\ntdll.dll+5a2f1","GrantedAccess":"0x1000","SourceProcessId":"948","SourceUser":"NT AUTHORITY\\SYSTEM","SourceImage":"C:\\Windows\\system32\\svchost.exe"},"OpenWEC":{"IpAddress":"10.202.0.184","TimeReceived":"2023-12-08T15:47:40.775906523+00:00","Principal":"WINTERFELL$@NORTH.SEVENKINGDOMS.LOCAL","Subscription":{"Uuid":"CB04741B-9072-4E2D-B769-3570FA020BBD","Version":"6E053E8A-FE0D-45A0-A863-C501EEDB4011","Name":"anssi-subscription"}}}
{"System":{"Provider":{"Name":"Microsoft-Windows-Sysmon","Guid":"{5770385f-c22a-43e0-bf4c-06f5698ffbd9}"},"EventID":1,"Version":5,"Level":4,"Task":1,"Opcode":0,"Keywords":"0x8000000000000000","TimeCreated":"2023-12-08T15:47:30.828543700Z","EventRecordID":10194,"Correlation":{},"Execution":{"ProcessID":3248,"ThreadID":3876},"Channel":"Microsoft-Windows-Sysmon/Operational","Computer":"winterfell.north.sevenkingdoms.local","UserID":"S-1-5-18"},"EventData":{"Image":"C:\\Windows\\System32\\dllhost.exe","CurrentDirectory":"C:\\Windows\\system32\\","Description":"COM Surrogate","Company":"Microsoft Corporation","LogonId":"0x3e7","ParentUser":"-","FileVersion":"10.0.17763.1 (WinBuild.160101.0800)","OriginalFileName":"dllhost.exe","Product":"Microsoft® Windows® Operating System","Hashes":"MD5=D2AB39EA2C0FCD172751F84BDA723A97,SHA256=C4E078607DB2784BE7761C86048DFFA6F3EF04B551354A32FCDEC3B6A3450905,IMPHASH=68E651F131674892AE7E46556EB24726","ParentProcessGuid":"{00000000-0000-0000-0000-000000000000}","ProcessId":"5224","TerminalSessionId":"0","ProcessGuid":"{2b62dd35-3a92-6573-dc07-000000002300}","CommandLine":"C:\\Windows\\system32\\DllHost.exe /Processid:{E10F6C3A-F1AE-4ADC-AA9D-2FE65525666E}","User":"NT AUTHORITY\\SYSTEM","ParentProcessId":"860","UtcTime":"2023-12-08 15:47:30.826","LogonGuid":"{2b62dd35-54d9-6573-e703-000000000000}","ParentCommandLine":"-","IntegrityLevel":"System","RuleName":"-","ParentImage":"-"},"OpenWEC":{"IpAddress":"10.202.0.184","TimeReceived":"2023-12-08T15:47:40.775906523+00:00","Principal":"WINTERFELL$@NORTH.SEVENKINGDOMS.LOCAL","Subscription":{"Uuid":"CB04741B-9072-4E2D-B769-3570FA020BBD","Version":"6E053E8A-FE0D-45A0-A863-C501EEDB4011","Name":"anssi-subscription"}}}
