{"System":{"Provider":{"Name":"Microsoft-Windows-Sysmon","Guid":"{5770385f-c22a-43e0-bf4c-06f5698ffbd9}"},"EventID":22,"Version":5,"Level":4,"Task":22,"Opcode":0,"Keywords":"0x8000000000000000","TimeCreated":"2023-12-08T15:55:26.289156700Z","EventRecordID":10431,"Correlation":{},"Execution":{"ProcessID":3248,"ThreadID":3932},"Channel":"Microsoft-Windows-Sysmon/Operational","Computer":"winterfell.north.sevenkingdoms.local","UserID":"S-1-5-18"},"EventData":{"QueryStatus":"0","Image":"C:\\Windows\\System32\\svchost.exe","QueryResults":"fe80::da5c:a9be:fef:69f2;::ffff:10.202.0.195;","ProcessId":"896","QueryName":"Bravos","User":"NT AUTHORITY\\LOCAL SERVICE","RuleName":"-","ProcessGuid":"{2b62dd35-54db-6573-1500-000000002300}","UtcTime":"2023-12-08 12:36:19.172"},"OpenWEC":{"IpAddress":"10.202.0.184","TimeReceived":"2023-12-08T15:55:55.233131936+00:00","Principal":"WINTERFELL$@NORTH.SEVENKINGDOMS.LOCAL","Subscription":{"Uuid":"CB04741B-9072-4E2D-B769-3570FA020BBD","Version":"6E053E8A-FE0D-45A0-A863-C501EEDB4011","Name":"anssi-subscription"}}}
{"System":{"Provider":{"Name":"Microsoft-Windows-Security-Auditing","Guid":"{54849625-5478-4994-a5ba-3e3b0328c30d}"},"EventID":4624,"Version":2,"Level":0,"Task":12544,"Opcode":0,"Keywords":"0x8020000000000000","TimeCreated":"2023-12-08T15:55:27.118411100Z","EventRecordID":157891,"Correlation":{},"Execution":{"ProcessID":652,"ThreadID":2812},"Channel":"Security","Computer":"winterfell.north.sevenkingdoms.local"},"EventData":{"TargetDomainName":"NORTH.SEVENKINGDOMS.LOCAL","LogonType":"3","IpPort":"64775","ImpersonationLevel":"%%1833","SubjectLogonId":"0x0","TargetOutboundDomainName":"-","TargetOutboundUserName":"-","ProcessName":"-","VirtualAccount":"%%1843","TargetUserName":"WINTERFELL$","TargetLinkedLogonId":"0x0","ElevatedToken":"%%1842","AuthenticationPackageName":"Kerberos","RestrictedAdminMode":"-","LogonGuid":"{3f4b9425-1866-4469-9e0a-1c617a2b9ee7}","SubjectDomainName":"-","TargetUserSid":"S-1-5-18","TargetLogonId":"0xdb16c5","LmPackageName":"-","KeyLength":"0","LogonProcessName":"Kerberos","ProcessId":"0x0","WorkstationName":"-","SubjectUserName":"-","IpAddress":"::1","TransmittedServices":"-","SubjectUserSid":"S-1-0-0"},"OpenWEC":{"IpAddress":"10.202.0.184","TimeReceived":"2023-12-08T15:55:55.233131936+00:00","Principal":"WINTERFELL$@NORTH.SEVENKINGDOMS.LOCAL","Subscription":{"Uuid":"CB04741B-9072-4E2D-B769-3570FA020BBD","Version":"6E053E8A-FE0D-45A0-A863-C501EEDB4011","Name":"anssi-subscription"}}}
{"System":{"Provider":{"Name":"Microsoft-Windows-Sysmon","Guid":"{5770385f-c22a-43e0-bf4c-06f5698ffbd9}"},"EventID":22,"Version":5,"Level":4,"Task":22,"Opcode":0,"Keywords":"0x8000000000000000","TimeCreated":"2023-12-08T15:55:27.305368500Z","EventRecordID":10432,"Correlation":{},"Execution":{"ProcessID":3248,"ThreadID":3932},"Channel":"Microsoft-Windows-Sysmon/Operational","Computer":"winterfell.north.sevenkingdoms.local","UserID":"S-1-5-18"},"EventData":{"ProcessGuid":"{2b62dd35-54db-6573-1500-000000002300}","QueryStatus":"0","ProcessId":"896","Image":"C:\\Windows\\System32\\svchost.exe","UtcTime":"2023-12-08 12:36:20.279","RuleName":"-","QueryName":"Bravos","User":"NT AUTHORITY\\LOCAL SERVICE","QueryResults":"fe80::da5c:a9be:fef:69f2;::ffff:10.202.0.195;"},"OpenWEC":{"IpAddress":"10.202.0.184","TimeReceived":"2023-12-08T15:55:55.233131936+00:00","Principal":"WINTERFELL$@NORTH.SEVENKINGDOMS.LOCAL","Subscription":{"Uuid":"CB04741B-9072-4E2D-B769-3570FA020BBD","Version":"6E053E8A-FE0D-45A0-A863-C501EEDB4011","Name":"anssi-subscription"}}}
{"System":{"Provider":{"Name":"Microsoft-Windows-Sysmon","Guid":"{5770385f-c22a-43e0-bf4c-06f5698ffbd9}"},"EventID":22,"Version":5,"Level":4,"Task":22,"Opcode":0,"Keywords":"0x8000000000000000","TimeCreated":"2023-12-08T15:55:27.306079500Z","EventRecordID":10433,"Correlation":{},"Execution":{"ProcessID":3248,"ThreadID":3932},"Channel":"Microsoft-Windows-Sysmon/Operational","Computer":"winterfell.north.sevenkingdoms.local","UserID":"S-1-5-18"},"EventData":{"UtcTime":"2023-12-08 12:36:21.403","QueryName":"Bravos","QueryResults":"fe80::da5c:a9be:fef:69f2;::ffff:10.202.0.195;","User":"NT AUTHORITY\\LOCAL SERVICE","ProcessId":"896","Image":"C:\\Windows\\System32\\svchost.exe","ProcessGuid":"{2b62dd35-54db-6573-1500-000000002300}","QueryStatus":"0","RuleName":"-"},"OpenWEC":{"IpAddress":"10.202.0.184","TimeReceived":"2023-12-08T15:55:55.233131936+00:00","Principal":"WINTERFELL$@NORTH.SEVENKINGDOMS.LOCAL","Subscription":{"Uuid":"CB04741B-9072-4E2D-B769-3570FA020BBD","Version":"6E053E8A-FE0D-45A0-A863-C501EEDB4011","Name":"anssi-subscription"}}}
{"System":{"Provider":{"Name":"Microsoft-Windows-Sysmon","Guid":"{5770385f-c22a-43e0-bf4c-06f5698ffbd9}"},"EventID":10,"Version":3,"Level":4,"Task":10,"Opcode":0,"Keywords":"0x8000000000000000","TimeCreated":"2023-12-08T15:55:28.320726100Z","EventRecordID":10434,"Correlation":{},"Execution":{"ProcessID":3248,"ThreadID":3876},"Channel":"Microsoft-Windows-Sysmon/Operational","Computer":"winterfell.north.sevenkingdoms.local","UserID":"S-1-5-18"},"EventData":{"SourceImage":"C:\\Windows\\sysmon64.exe","SourceProcessGUID":"{2b62dd35-e477-6572-4e00-000000002300}","RuleName":"-","TargetProcessGUID":"{2b62dd35-54d9-6573-0c00-000000002300}","TargetProcessId":"652","GrantedAccess":"0x1fffff","TargetUser":"NT AUTHORITY\\SYSTEM","SourceProcessId":"3248","UtcTime":"2023-12-08 15:55:28.319","SourceUser":"NT AUTHORITY\\SYSTEM","SourceThreadId":"3884","TargetImage":"C:\\Windows\\system32\\lsass.exe","CallTrace":"C:\\Windows\\SYSTEM32\\ntdll.dll+9feb4|C:\\Windows\\SYSTEM32\\ntdll.dll+7d367|C:\\Windows\\System32\\KERNEL32.DLL+1c5b4|C:\\Windows\\System32\\KERNEL32.DLL+237f8|C:\\Windows\\sysmon64.exe+ec5cd|C:\\Windows\\sysmon64.exe+edeb7|C:\\Windows\\sysmon64.exe+12e889|C:\\Windows\\sysmon64.exe+ee90e|C:\\Windows\\sysmon64.exe+eecd3|C:\\Windows\\sysmon64.exe+f3eea|C:\\Windows\\sysmon64.exe+fbc2c|C:\\Windows\\sysmon64.exe+10dc04|C:\\Windows\\sysmon64.exe+10dcc5|C:\\Windows\\sysmon64.exe+1a9ad2|C:\\Windows\\System32\\KERNEL32.DLL+17974|C:\\Windows\\SYSTEM32\\ntdll.dll+5a2f1"},"OpenWEC":{"IpAddress":"10.202.0.184","TimeReceived":"2023-12-08T15:55:55.233131936+00:00","Principal":"WINTERFELL$@NORTH.SEVENKINGDOMS.LOCAL","Subscription":{"Uuid":"CB04741B-9072-4E2D-B769-3570FA020BBD","Version":"6E053E8A-FE0D-45A0-A863-C501EEDB4011","Name":"anssi-subscription"}}}
{"System":{"Provider":{"Name":"Microsoft-Windows-TaskScheduler","Guid":"{de7b24ea-73c8-4a09-985d-5bdadcfa9017}"},"EventID":107,"Version":0,"Level":4,"Task":107,"Opcode":0,"Keywords":"0x8000000000000000","TimeCreated":"2023-12-08T15:55:30.885470300Z","EventRecordID":49881,"Correlation":{"ActivityID":"{f139cf52-2e4a-45da-9897-5bb6f3b70a86}"},"Execution":{"ProcessID":1592,"ThreadID":1052},"Channel":"Microsoft-Windows-TaskScheduler/Operational","Computer":"winterfell.north.sevenkingdoms.local","UserID":"S-1-5-18"},"EventData":{"TaskName":"\\connect_bot","InstanceId":"{f139cf52-2e4a-45da-9897-5bb6f3b70a86}"},"OpenWEC":{"IpAddress":"10.202.0.184","TimeReceived":"2023-12-08T15:55:55.233131936+00:00","Principal":"WINTERFELL$@NORTH.SEVENKINGDOMS.LOCAL","Subscription":{"Uuid":"CB04741B-9072-4E2D-B769-3570FA020BBD","Version":"6E053E8A-FE0D-45A0-A863-C501EEDB4011","Name":"anssi-subscription"}}}
{"System":{"Provider":{"Name":"Microsoft-Windows-Sysmon","Guid":"{5770385f-c22a-43e0-bf4c-06f5698ffbd9}"},"EventID":10,"Version":3,"Level":4,"Task":10,"Opcode":0,"Keywords":"0x8000000000000000","TimeCreated":"2023-12-08T15:55:30.873616600Z","EventRecordID":10435,"Correlation":{},"Execution":{"ProcessID":3248,"ThreadID":3876},"Channel":"Microsoft-Windows-Sysmon/Operational","Computer":"winterfell.north.sevenkingdoms.local","UserID":"S-1-5-18"},"EventData":{"TargetUser":"NT AUTHORITY\\SYSTEM","CallTrace":"C:\\Windows\\SYSTEM32\\ntdll.dll+9feb4|C:\\Windows\\System32\\KERNELBASE.dll+6c2f5|c:\\windows\\system32\\lsm.dll+f397|c:\\windows\\system32\\lsm.dll+df54|C:\\Windows\\System32\\RPCRT4.dll+784a3|C:\\Windows\\System32\\RPCRT4.dll+d9f9a|C:\\Windows\\System32\\RPCRT4.dll+1ac60|C:\\Windows\\System32\\RPCRT4.dll+508e8|C:\\Windows\\System32\\RPCRT4.dll+3ad80|C:\\Windows\\System32\\RPCRT4.dll+3a72b|C:\\Windows\\System32\\RPCRT4.dll+2c9cf|C:\\Windows\\System32\\RPCRT4.dll+2be2a|C:\\Windows\\System32\\RPCRT4.dll+2b3f1|C:\\Windows\\System32\\RPCRT4.dll+2ae62|C:\\Windows\\System32\\RPCRT4.dll+218d5|C:\\Windows\\SYSTEM32\\ntdll.dll+69c20|C:\\Windows\\SYSTEM32\\ntdll.dll+166e8|C:\\Windows\\System32\\KERNEL32.DLL+17974|C:\\Windows\\SYSTEM32\\ntdll.dll+5a2f1","SourceImage":"C:\\Windows\\system32\\svchost.exe","TargetProcessId":"652","UtcTime":"2023-12-08 15:55:30.866","SourceThreadId":"5248","TargetImage":"C:\\Windows\\system32\\lsass.exe","TargetProcessGUID":"{2b62dd35-54d9-6573-0c00-000000002300}","SourceProcessId":"948","SourceUser":"NT AUTHORITY\\SYSTEM","GrantedAccess":"0x1000","RuleName":"-","SourceProcessGUID":"{2b62dd35-54db-6573-1000-000000002300}"},"OpenWEC":{"IpAddress":"10.202.0.184","TimeReceived":"2023-12-08T15:55:55.233131936+00:00","Principal":"WINTERFELL$@NORTH.SEVENKINGDOMS.LOCAL","Subscription":{"Uuid":"CB04741B-9072-4E2D-B769-3570FA020BBD","Version":"6E053E8A-FE0D-45A0-A863-C501EEDB4011","Name":"anssi-subscription"}}}
{"System":{"Provider":{"Name":"Microsoft-Windows-Sysmon","Guid":"{5770385f-c22a-43e0-bf4c-06f5698ffbd9}"},"EventID":10,"Version":3,"Level":4,"Task":10,"Opcode":0,"Keywords":"0x8000000000000000","TimeCreated":"2023-12-08T15:55:30.873870800Z","EventRecordID":10436,"Correlation":{},"Execution":{"ProcessID":3248,"ThreadID":3876},"Channel":"Microsoft-Windows-Sysmon/Operational","Computer":"winterfell.north.sevenkingdoms.local","UserID":"S-1-5-18"},"EventData":{"SourceProcessGUID":"{2b62dd35-54db-6573-1000-000000002300}","SourceThreadId":"5248","TargetProcessGUID":"{2b62dd35-54d9-6573-0c00-000000002300}","CallTrace":"C:\\Windows\\SYSTEM32\\ntdll.dll+9feb4|C:\\Windows\\System32\\KERNELBASE.dll+6c2f5|c:\\windows\\system32\\lsm.dll+e2ca|c:\\windows\\system32\\lsm.dll+e044|C:\\Windows\\System32\\RPCRT4.dll+784a3|C:\\Windows\\System32\\RPCRT4.dll+d9f9a|C:\\Windows\\System32\\RPCRT4.dll+1ac60|C:\\Windows\\System32\\RPCRT4.dll+508e8|C:\\Windows\\System32\\RPCRT4.dll+3ad80|C:\\Windows\\System32\\RPCRT4.dll+3a72b|C:\\Windows\\System32\\RPCRT4.dll+2c9cf|C:\\Windows\\System32\\RPCRT4.dll+2be2a|C:\\Windows\\System32\\RPCRT4.dll+2b3f1|C:\\Windows\\System32\\RPCRT4.dll+2ae62|C:\\Windows\\System32\\RPCRT4.dll+218d5|C:\\Windows\\SYSTEM32\\ntdll.dll+69c20|C:\\Windows\\SYSTEM32\\ntdll.dll+166e8|C:\\Windows\\System32\\KERNEL32.DLL+17974|C:\\Windows\\SYSTEM32\\ntdll.dll+5a2f1","TargetUser":"NT AUTHORITY\\SYSTEM","GrantedAccess":"0x1000","SourceProcessId":"948","UtcTime":"2023-12-08 15:55:30.866","SourceImage":"C:\\Windows\\system32\\svchost.exe","RuleName":"-","TargetProcessId":"652","TargetImage":"C:\\Windows\\system32\\lsass.exe","SourceUser":"NT AUTHORITY\\SYSTEM"},"OpenWEC":{"IpAddress":"10.202.0.184","TimeReceived":"2023-12-08T15:55:55.233131936+00:00","Principal":"WINTERFELL$@NORTH.SEVENKINGDOMS.LOCAL","Subscription":{"Uuid":"CB04741B-9072-4E2D-B769-3570FA020BBD","Version":"6E053E8A-FE0D-45A0-A863-C501EEDB4011","Name":"anssi-subscription"}}}
{"System":{"Provider":{"Name":"Microsoft-Windows-Security-Auditing","Guid":"{54849625-5478-4994-a5ba-3e3b0328c30d}"},"EventID":4648,"Version":0,"Level":0,"Task":12544,"Opcode":0,"Keywords":"0x8020000000000000","TimeCreated":"2023-12-08T15:55:30.885112500Z","EventRecordID":157896,"Correlation":{"ActivityID":"{82a8a277-29fd-0000-eca2-a882fd29da01}"},"Execution":{"ProcessID":652,"ThreadID":6040},"Channel":"Security","Computer":"winterfell.north.sevenkingdoms.local"},"EventData":{"TargetUserName":"robb.stark","SubjectDomainName":"NORTH","TargetLogonGuid":"{829468a8-fb39-fb02-c0f6-6a189040346a}","TargetServerName":"localhost","IpPort":"-","SubjectUserName":"WINTERFELL$","TargetInfo":"localhost","LogonGuid":"{00000000-0000-0000-0000-000000000000}","ProcessName":"C:\\Windows\\System32\\svchost.exe","ProcessId":"0x638","SubjectLogonId":"0x3e7","IpAddress":"-","SubjectUserSid":"S-1-5-18","TargetDomainName":"NORTH"},"OpenWEC":{"IpAddress":"10.202.0.184","TimeReceived":"2023-12-08T15:55:55.233131936+00:00","Principal":"WINTERFELL$@NORTH.SEVENKINGDOMS.LOCAL","Subscription":{"Uuid":"CB04741B-9072-4E2D-B769-3570FA020BBD","Version":"6E053E8A-FE0D-45A0-A863-C501EEDB4011","Name":"anssi-subscription"}}}
{"System":{"Provider":{"Name":"Microsoft-Windows-Security-Auditing","Guid":"{54849625-5478-4994-a5ba-3e3b0328c30d}"},"EventID":4624,"Version":2,"Level":0,"Task":12544,"Opcode":0,"Keywords":"0x8020000000000000","TimeCreated":"2023-12-08T15:55:30.885201800Z","EventRecordID":157897,"Correlation":{"ActivityID":"{82a8a277-29fd-0000-eca2-a882fd29da01}"},"Execution":{"ProcessID":652,"ThreadID":6040},"Channel":"Security","Computer":"winterfell.north.sevenkingdoms.local"},"EventData":{"ProcessName":"C:\\Windows\\System32\\svchost.exe","TargetOutboundUserName":"-","IpPort":"-","TargetUserSid":"S-1-5-21-2431860994-719566178-239256710-1113","SubjectLogonId":"0x3e7","LogonGuid":"{829468a8-fb39-fb02-c0f6-6a189040346a}","TargetLogonId":"0xdb278d","TargetDomainName":"NORTH","KeyLength":"0","WorkstationName":"WINTERFELL","SubjectUserSid":"S-1-5-18","LogonType":"4","IpAddress":"-","TargetOutboundDomainName":"-","VirtualAccount":"%%1843","ElevatedToken":"%%1842","AuthenticationPackageName":"Negotiate","TransmittedServices":"-","TargetUserName":"robb.stark","SubjectUserName":"WINTERFELL$","RestrictedAdminMode":"-","ProcessId":"0x638","ImpersonationLevel":"%%1833","LogonProcessName":"Advapi  ","TargetLinkedLogonId":"0x0","SubjectDomainName":"NORTH","LmPackageName":"-"},"OpenWEC":{"IpAddress":"10.202.0.184","TimeReceived":"2023-12-08T15:55:55.233131936+00:00","Principal":"WINTERFELL$@NORTH.SEVENKINGDOMS.LOCAL","Subscription":{"Uuid":"CB04741B-9072-4E2D-B769-3570FA020BBD","Version":"6E053E8A-FE0D-45A0-A863-C501EEDB4011","Name":"anssi-subscription"}}}
{"System":{"Provider":{"Name":"Microsoft-Windows-Security-Auditing","Guid":"{54849625-5478-4994-a5ba-3e3b0328c30d}"},"EventID":4672,"Version":0,"Level":0,"Task":12548,"Opcode":0,"Keywords":"0x8020000000000000","TimeCreated":"2023-12-08T15:55:30.885207400Z","EventRecordID":157898,"Correlation":{"ActivityID":"{82a8a277-29fd-0000-eca2-a882fd29da01}"},"Execution":{"ProcessID":652,"ThreadID":6040},"Channel":"Security","Computer":"winterfell.north.sevenkingdoms.local"},"EventData":{"SubjectDomainName":"NORTH","SubjectUserName":"robb.stark","SubjectUserSid":"S-1-5-21-2431860994-719566178-239256710-1113","SubjectLogonId":"0xdb278d","PrivilegeList":"SeSecurityPrivilege\n\t\t\tSeTakeOwnershipPrivilege\n\t\t\tSeLoadDriverPrivilege\n\t\t\tSeBackupPrivilege\n\t\t\tSeRestorePrivilege\n\t\t\tSeDebugPrivilege\n\t\t\tSeSystemEnvironmentPrivilege\n\t\t\tSeEnableDelegationPrivilege\n\t\t\tSeImpersonatePrivilege\n\t\t\tSeDelegateSessionUserImpersonatePrivilege"},"OpenWEC":{"IpAddress":"10.202.0.184","TimeReceived":"2023-12-08T15:55:55.233131936+00:00","Principal":"WINTERFELL$@NORTH.SEVENKINGDOMS.LOCAL","Subscription":{"Uuid":"CB04741B-9072-4E2D-B769-3570FA020BBD","Version":"6E053E8A-FE0D-45A0-A863-C501EEDB4011","Name":"anssi-subscription"}}}
{"System":{"Provider":{"Name":"Microsoft-Windows-Security-Auditing","Guid":"{54849625-5478-4994-a5ba-3e3b0328c30d}"},"EventID":4688,"Version":2,"Level":0,"Task":13312,"Opcode":0,"Keywords":"0x8020000000000000","TimeCreated":"2023-12-08T15:55:30.888532900Z","EventRecordID":157899,"Correlation":{},"Execution":{"ProcessID":4,"ThreadID":2556},"Channel":"Security","Computer":"winterfell.north.sevenkingdoms.local"},"EventData":{"NewProcessName":"C:\\Windows\\System32\\dllhost.exe","TargetDomainName":"-","SubjectLogonId":"0x3e7","ProcessId":"0x35c","SubjectUserSid":"S-1-5-18","NewProcessId":"0xb6c","SubjectDomainName":"NORTH","CommandLine":"","MandatoryLabel":"S-1-16-16384","ParentProcessName":"C:\\Windows\\System32\\svchost.exe","TargetUserSid":"S-1-0-0","SubjectUserName":"WINTERFELL$","TargetLogonId":"0x0","TargetUserName":"-","TokenElevationType":"%%1936"},"OpenWEC":{"IpAddress":"10.202.0.184","TimeReceived":"2023-12-08T15:55:55.233131936+00:00","Principal":"WINTERFELL$@NORTH.SEVENKINGDOMS.LOCAL","Subscription":{"Uuid":"CB04741B-9072-4E2D-B769-3570FA020BBD","Version":"6E053E8A-FE0D-45A0-A863-C501EEDB4011","Name":"anssi-subscription"}}}
{"System":{"Provider":{"Name":"Microsoft-Windows-Sysmon","Guid":"{5770385f-c22a-43e0-bf4c-06f5698ffbd9}"},"EventID":1,"Version":5,"Level":4,"Task":1,"Opcode":0,"Keywords":"0x8000000000000000","TimeCreated":"2023-12-08T15:55:30.890596700Z","EventRecordID":10437,"Correlation":{},"Execution":{"ProcessID":3248,"ThreadID":3876},"Channel":"Microsoft-Windows-Sysmon/Operational","Computer":"winterfell.north.sevenkingdoms.local","UserID":"S-1-5-18"},"EventData":{"ParentCommandLine":"-","Product":"Microsoft® Windows® Operating System","ProcessGuid":"{2b62dd35-3c72-6573-2808-000000002300}","RuleName":"-","LogonGuid":"{2b62dd35-54d9-6573-e703-000000000000}","ParentProcessGuid":"{00000000-0000-0000-0000-000000000000}","OriginalFileName":"dllhost.exe","TerminalSessionId":"0","ParentUser":"-","Image":"C:\\Windows\\System32\\dllhost.exe","CommandLine":"C:\\Windows\\system32\\DllHost.exe /Processid:{E10F6C3A-F1AE-4ADC-AA9D-2FE65525666E}","CurrentDirectory":"C:\\Windows\\system32\\","LogonId":"0x3e7","Hashes":"MD5=D2AB39EA2C0FCD172751F84BDA723A97,SHA256=C4E078607DB2784BE7761C86048DFFA6F3EF04B551354A32FCDEC3B6A3450905,IMPHASH=68E651F131674892AE7E46556EB24726","ParentProcessId":"860","IntegrityLevel":"System","ParentImage":"-","ProcessId":"2924","UtcTime":"2023-12-08 15:55:30.888","User":"NT AUTHORITY\\SYSTEM","Description":"COM Surrogate","Company":"Microsoft Corporation","FileVersion":"10.0.17763.1 (WinBuild.160101.0800)"},"OpenWEC":{"IpAddress":"10.202.0.184","TimeReceived":"2023-12-08T15:55:55.233131936+00:00","Principal":"WINTERFELL$@NORTH.SEVENKINGDOMS.LOCAL","Subscription":{"Uuid":"CB04741B-9072-4E2D-B769-3570FA020BBD","Version":"6E053E8A-FE0D-45A0-A863-C501EEDB4011","Name":"anssi-subscription"}}}
{"System":{"Provider":{"Name":"Microsoft-Windows-Security-Auditing","Guid":"{54849625-5478-4994-a5ba-3e3b0328c30d}"},"EventID":4688,"Version":2,"Level":0,"Task":13312,"Opcode":0,"Keywords":"0x8020000000000000","TimeCreated":"2023-12-08T15:55:30.904243400Z","EventRecordID":157900,"Correlation":{},"Execution":{"ProcessID":4,"ThreadID":2556},"Channel":"Security","Computer":"winterfell.north.sevenkingdoms.local"},"EventData":{"TokenElevationType":"%%1936","TargetDomainName":"NORTH","MandatoryLabel":"S-1-16-12288","SubjectUserName":"WINTERFELL$","TargetLogonId":"0xdb278d","SubjectLogonId":"0x3e7","SubjectDomainName":"NORTH","NewProcessId":"0x3bc","TargetUserSid":"S-1-0-0","ProcessId":"0x638","CommandLine":"","SubjectUserSid":"S-1-5-18","ParentProcessName":"C:\\Windows\\System32\\svchost.exe","TargetUserName":"robb.stark","NewProcessName":"C:\\Windows\\System32\\cmd.exe"},"OpenWEC":{"IpAddress":"10.202.0.184","TimeReceived":"2023-12-08T15:55:55.233131936+00:00","Principal":"WINTERFELL$@NORTH.SEVENKINGDOMS.LOCAL","Subscription":{"Uuid":"CB04741B-9072-4E2D-B769-3570FA020BBD","Version":"6E053E8A-FE0D-45A0-A863-C501EEDB4011","Name":"anssi-subscription"}}}
{"System":{"Provider":{"Name":"Microsoft-Windows-Sysmon","Guid":"{5770385f-c22a-43e0-bf4c-06f5698ffbd9}"},"EventID":1,"Version":5,"Level":4,"Task":1,"Opcode":0,"Keywords":"0x8000000000000000","TimeCreated":"2023-12-08T15:55:30.905868500Z","EventRecordID":10438,"Correlation":{},"Execution":{"ProcessID":3248,"ThreadID":3876},"Channel":"Microsoft-Windows-Sysmon/Operational","Computer":"winterfell.north.sevenkingdoms.local","UserID":"S-1-5-18"},"EventData":{"CurrentDirectory":"C:\\Windows\\system32\\","FileVersion":"10.0.17763.1697 (WinBuild.160101.0800)","OriginalFileName":"Cmd.Exe","User":"NORTH\\robb.stark","LogonId":"0xdb278d","ParentUser":"-","ParentProcessId":"1592","Product":"Microsoft® Windows® Operating System","Company":"Microsoft Corporation","Description":"Windows Command Processor","TerminalSessionId":"0","IntegrityLevel":"High","Image":"C:\\Windows\\System32\\cmd.exe","Hashes":"MD5=911D039E71583A07320B32BDE22F8E22,SHA256=BC866CFCDDA37E24DC2634DC282C7A0E6F55209DA17A8FA105B07414C0E7C527,IMPHASH=272245E2988E1E430500B852C4FB5E18","UtcTime":"2023-12-08 15:55:30.904","ProcessGuid":"{2b62dd35-3c72-6573-2908-000000002300}","ParentCommandLine":"-","ProcessId":"956","CommandLine":"cmd.exe /c powershell c:\\setup\\bot_rdp.ps1","ParentProcessGuid":"{00000000-0000-0000-0000-000000000000}","ParentImage":"-","LogonGuid":"{2b62dd35-3c72-6573-8d27-db0000000000}","RuleName":"-"},"OpenWEC":{"IpAddress":"10.202.0.184","TimeReceived":"2023-12-08T15:55:55.233131936+00:00","Principal":"WINTERFELL$@NORTH.SEVENKINGDOMS.LOCAL","Subscription":{"Uuid":"CB04741B-9072-4E2D-B769-3570FA020BBD","Version":"6E053E8A-FE0D-45A0-A863-C501EEDB4011","Name":"anssi-subscription"}}}
{"System":{"Provider":{"Name":"Microsoft-Windows-TaskScheduler","Guid":"{de7b24ea-73c8-4a09-985d-5bdadcfa9017}"},"EventID":129,"Version":0,"Level":4,"Task":129,"Opcode":0,"Keywords":"0x8000000000000000","TimeCreated":"2023-12-08T15:55:30.906492700Z","EventRecordID":49882,"Correlation":{},"Execution":{"ProcessID":1592,"ThreadID":1052},"Channel":"Microsoft-Windows-TaskScheduler/Operational","Computer":"winterfell.north.sevenkingdoms.local","UserID":"S-1-5-18"},"EventData":{"Path":"cmd.exe","Priority":"16384","ProcessID":"956","TaskName":"\\connect_bot"},"OpenWEC":{"IpAddress":"10.202.0.184","TimeReceived":"2023-12-08T15:55:55.233131936+00:00","Principal":"WINTERFELL$@NORTH.SEVENKINGDOMS.LOCAL","Subscription":{"Uuid":"CB04741B-9072-4E2D-B769-3570FA020BBD","Version":"6E053E8A-FE0D-45A0-A863-C501EEDB4011","Name":"anssi-subscription"}}}
{"System":{"Provider":{"Name":"Microsoft-Windows-TaskScheduler","Guid":"{de7b24ea-73c8-4a09-985d-5bdadcfa9017}"},"EventID":100,"Version":0,"Level":4,"Task":100,"Opcode":1,"Keywords":"0x8000000000000001","TimeCreated":"2023-12-08T15:55:30.906717900Z","EventRecordID":49883,"Correlation":{"ActivityID":"{f139cf52-2e4a-45da-9897-5bb6f3b70a86}"},"Execution":{"ProcessID":1592,"ThreadID":1052},"Channel":"Microsoft-Windows-TaskScheduler/Operational","Computer":"winterfell.north.sevenkingdoms.local","UserID":"S-1-5-18"},"EventData":{"TaskName":"\\connect_bot","InstanceId":"{f139cf52-2e4a-45da-9897-5bb6f3b70a86}","UserContext":"NORTH\\robb.stark"},"OpenWEC":{"IpAddress":"10.202.0.184","TimeReceived":"2023-12-08T15:55:55.233131936+00:00","Principal":"WINTERFELL$@NORTH.SEVENKINGDOMS.LOCAL","Subscription":{"Uuid":"CB04741B-9072-4E2D-B769-3570FA020BBD","Version":"6E053E8A-FE0D-45A0-A863-C501EEDB4011","Name":"anssi-subscription"}}}
{"System":{"Provider":{"Name":"Microsoft-Windows-TaskScheduler","Guid":"{de7b24ea-73c8-4a09-985d-5bdadcfa9017}"},"EventID":200,"Version":1,"Level":4,"Task":200,"Opcode":1,"Keywords":"0x8000000000000000","TimeCreated":"2023-12-08T15:55:30.906719000Z","EventRecordID":49884,"Correlation":{"ActivityID":"{f139cf52-2e4a-45da-9897-5bb6f3b70a86}"},"Execution":{"ProcessID":1592,"ThreadID":1052},"Channel":"Microsoft-Windows-TaskScheduler/Operational","Computer":"winterfell.north.sevenkingdoms.local","UserID":"S-1-5-18"},"EventData":{"TaskInstanceId":"{f139cf52-2e4a-45da-9897-5bb6f3b70a86}","EnginePID":"956","TaskName":"\\connect_bot","ActionName":"cmd.exe"},"OpenWEC":{"IpAddress":"10.202.0.184","TimeReceived":"2023-12-08T15:55:55.233131936+00:00","Principal":"WINTERFELL$@NORTH.SEVENKINGDOMS.LOCAL","Subscription":{"Uuid":"CB04741B-9072-4E2D-B769-3570FA020BBD","Version":"6E053E8A-FE0D-45A0-A863-C501EEDB4011","Name":"anssi-subscription"}}}
{"System":{"Provider":{"Name":"Microsoft-Windows-Security-Auditing","Guid":"{54849625-5478-4994-a5ba-3e3b0328c30d}"},"EventID":4688,"Version":2,"Level":0,"Task":13312,"Opcode":0,"Keywords":"0x8020000000000000","TimeCreated":"2023-12-08T15:55:30.909402900Z","EventRecordID":157901,"Correlation":{},"Execution":{"ProcessID":4,"ThreadID":2556},"Channel":"Security","Computer":"winterfell.north.sevenkingdoms.local"},"EventData":{"NewProcessId":"0x126c","ParentProcessName":"C:\\Windows\\System32\\cmd.exe","SubjectUserSid":"S-1-5-21-2431860994-719566178-239256710-1113","SubjectDomainName":"NORTH","TargetUserName":"-","SubjectLogonId":"0xdb278d","ProcessId":"0x3bc","TargetUserSid":"S-1-0-0","MandatoryLabel":"S-1-16-12288","SubjectUserName":"robb.stark","TargetDomainName":"-","NewProcessName":"C:\\Windows\\System32\\conhost.exe","CommandLine":"","TargetLogonId":"0x0","TokenElevationType":"%%1936"},"OpenWEC":{"IpAddress":"10.202.0.184","TimeReceived":"2023-12-08T15:55:55.233131936+00:00","Principal":"WINTERFELL$@NORTH.SEVENKINGDOMS.LOCAL","Subscription":{"Uuid":"CB04741B-9072-4E2D-B769-3570FA020BBD","Version":"6E053E8A-FE0D-45A0-A863-C501EEDB4011","Name":"anssi-subscription"}}}
{"System":{"Provider":{"Name":"Microsoft-Windows-Security-Auditing","Guid":"{54849625-5478-4994-a5ba-3e3b0328c30d}"},"EventID":4688,"Version":2,"Level":0,"Task":13312,"Opcode":0,"Keywords":"0x8020000000000000","TimeCreated":"2023-12-08T15:55:30.939884900Z","EventRecordID":157902,"Correlation":{},"Execution":{"ProcessID":4,"ThreadID":2556},"Channel":"Security","Computer":"winterfell.north.sevenkingdoms.local"},"EventData":{"SubjectUserName":"robb.stark","SubjectLogonId":"0xdb278d","TargetUserSid":"S-1-0-0","TargetLogonId":"0x0","TargetDomainName":"-","TokenElevationType":"%%1936","TargetUserName":"-","SubjectDomainName":"NORTH","ParentProcessName":"C:\\Windows\\System32\\cmd.exe","NewProcessId":"0x11fc","ProcessId":"0x3bc","MandatoryLabel":"S-1-16-12288","NewProcessName":"C:\\Windows\\System32\\WindowsPowerShell\\v1.0\\powershell.exe","CommandLine":"","SubjectUserSid":"S-1-5-21-2431860994-719566178-239256710-1113"},"OpenWEC":{"IpAddress":"10.202.0.184","TimeReceived":"2023-12-08T15:55:55.233131936+00:00","Principal":"WINTERFELL$@NORTH.SEVENKINGDOMS.LOCAL","Subscription":{"Uuid":"CB04741B-9072-4E2D-B769-3570FA020BBD","Version":"6E053E8A-FE0D-45A0-A863-C501EEDB4011","Name":"anssi-subscription"}}}
{"System":{"Provider":{"Name":"Microsoft-Windows-Sysmon","Guid":"{5770385f-c22a-43e0-bf4c-06f5698ffbd9}"},"EventID":1,"Version":5,"Level":4,"Task":1,"Opcode":0,"Keywords":"0x8000000000000000","TimeCreated":"2023-12-08T15:55:30.944759900Z","EventRecordID":10439,"Correlation":{},"Execution":{"ProcessID":3248,"ThreadID":3876},"Channel":"Microsoft-Windows-Sysmon/Operational","Computer":"winterfell.north.sevenkingdoms.local","UserID":"S-1-5-18"},"EventData":{"Company":"Microsoft Corporation","Product":"Microsoft® Windows® Operating System","ParentImage":"C:\\Windows\\System32\\cmd.exe","ParentProcessId":"956","LogonId":"0xdb278d","ParentProcessGuid":"{2b62dd35-3c72-6573-2908-000000002300}","LogonGuid":"{2b62dd35-3c72-6573-8d27-db0000000000}","Image":"C:\\Windows\\System32\\WindowsPowerShell\\v1.0\\powershell.exe","TerminalSessionId":"0","UtcTime":"2023-12-08 15:55:30.939","CommandLine":"powershell  c:\\setup\\bot_rdp.ps1","Hashes":"MD5=7353F60B1739074EB17C5F4DDDEFE239,SHA256=DE96A6E69944335375DC1AC238336066889D9FFC7D73628EF4FE1B1B160AB32C,IMPHASH=741776AACCFC5B71FF59832DCDCACE0F","FileVersion":"10.0.17763.1 (WinBuild.160101.0800)","OriginalFileName":"PowerShell.EXE","Description":"Windows PowerShell","ProcessGuid":"{2b62dd35-3c72-6573-2b08-000000002300}","CurrentDirectory":"C:\\Windows\\system32\\","User":"NORTH\\robb.stark","IntegrityLevel":"High","RuleName":"-","ParentCommandLine":"cmd.exe /c powershell c:\\setup\\bot_rdp.ps1","ParentUser":"NORTH\\robb.stark","ProcessId":"4604"},"OpenWEC":{"IpAddress":"10.202.0.184","TimeReceived":"2023-12-08T15:55:55.233131936+00:00","Principal":"WINTERFELL$@NORTH.SEVENKINGDOMS.LOCAL","Subscription":{"Uuid":"CB04741B-9072-4E2D-B769-3570FA020BBD","Version":"6E053E8A-FE0D-45A0-A863-C501EEDB4011","Name":"anssi-subscription"}}}
{"System":{"Provider":{"Name":"Microsoft-Windows-Sysmon","Guid":"{5770385f-c22a-43e0-bf4c-06f5698ffbd9}"},"EventID":11,"Version":2,"Level":4,"Task":11,"Opcode":0,"Keywords":"0x8000000000000000","TimeCreated":"2023-12-08T15:55:31.001341000Z","EventRecordID":10440,"Correlation":{},"Execution":{"ProcessID":3248,"ThreadID":3876},"Channel":"Microsoft-Windows-Sysmon/Operational","Computer":"winterfell.north.sevenkingdoms.local","UserID":"S-1-5-18"},"EventData":{"UtcTime":"2023-12-08 15:55:30.991","User":"NORTH\\robb.stark","ProcessId":"4604","CreationUtcTime":"2023-12-08 15:55:30.991","RuleName":"-","ProcessGuid":"{2b62dd35-3c72-6573-2b08-000000002300}","TargetFilename":"C:\\Users\\robb.stark\\AppData\\Local\\Temp\\__PSScriptPolicyTest_igtmpfio.tfw.ps1","Image":"C:\\Windows\\System32\\WindowsPowerShell\\v1.0\\powershell.exe"},"OpenWEC":{"IpAddress":"10.202.0.184","TimeReceived":"2023-12-08T15:55:55.233131936+00:00","Principal":"WINTERFELL$@NORTH.SEVENKINGDOMS.LOCAL","Subscription":{"Uuid":"CB04741B-9072-4E2D-B769-3570FA020BBD","Version":"6E053E8A-FE0D-45A0-A863-C501EEDB4011","Name":"anssi-subscription"}}}
{"System":{"Provider":{"Name":"Microsoft-Windows-Security-Auditing","Guid":"{54849625-5478-4994-a5ba-3e3b0328c30d}"},"EventID":4688,"Version":2,"Level":0,"Task":13312,"Opcode":0,"Keywords":"0x8020000000000000","TimeCreated":"2023-12-08T15:55:31.097954600Z","EventRecordID":157903,"Correlation":{},"Execution":{"ProcessID":4,"ThreadID":2064},"Channel":"Security","Computer":"winterfell.north.sevenkingdoms.local"},"EventData":{"TargetLogonId":"0x0","SubjectUserSid":"S-1-5-21-2431860994-719566178-239256710-1113","SubjectUserName":"robb.stark","NewProcessId":"0xb74","ParentProcessName":"C:\\Windows\\System32\\WindowsPowerShell\\v1.0\\powershell.exe","TargetUserName":"-","ProcessId":"0x11fc","MandatoryLabel":"S-1-16-12288","SubjectLogonId":"0xdb278d","TargetUserSid":"S-1-0-0","TargetDomainName":"-","CommandLine":"","NewProcessName":"C:\\Windows\\System32\\query.exe","TokenElevationType":"%%1936","SubjectDomainName":"NORTH"},"OpenWEC":{"IpAddress":"10.202.0.184","TimeReceived":"2023-12-08T15:55:55.233131936+00:00","Principal":"WINTERFELL$@NORTH.SEVENKINGDOMS.LOCAL","Subscription":{"Uuid":"CB04741B-9072-4E2D-B769-3570FA020BBD","Version":"6E053E8A-FE0D-45A0-A863-C501EEDB4011","Name":"anssi-subscription"}}}
{"System":{"Provider":{"Name":"Microsoft-Windows-Sysmon","Guid":"{5770385f-c22a-43e0-bf4c-06f5698ffbd9}"},"EventID":1,"Version":5,"Level":4,"Task":1,"Opcode":0,"Keywords":"0x8000000000000000","TimeCreated":"2023-12-08T15:55:31.101015200Z","EventRecordID":10441,"Correlation":{},"Execution":{"ProcessID":3248,"ThreadID":3876},"Channel":"Microsoft-Windows-Sysmon/Operational","Computer":"winterfell.north.sevenkingdoms.local","UserID":"S-1-5-18"},"EventData":{"CommandLine":"\"C:\\Windows\\system32\\query.exe\" session robb.stark /server:castelblack","OriginalFileName":"query.exe","ProcessGuid":"{2b62dd35-3c73-6573-2c08-000000002300}","User":"NORTH\\robb.stark","TerminalSessionId":"0","ParentUser":"NORTH\\robb.stark","Product":"Microsoft® Windows® Operating System","UtcTime":"2023-12-08 15:55:31.097","LogonId":"0xdb278d","LogonGuid":"{2b62dd35-3c72-6573-8d27-db0000000000}","Image":"C:\\Windows\\System32\\query.exe","ParentImage":"C:\\Windows\\System32\\WindowsPowerShell\\v1.0\\powershell.exe","CurrentDirectory":"C:\\Windows\\system32\\","ProcessId":"2932","IntegrityLevel":"High","Hashes":"MD5=8A7520A6CC2A2968F4A8EE4DB946AD8D,SHA256=3369E8FEA09C3C226D636B13108DA357093D0D98214236417839A94F56D3BA02,IMPHASH=CCC9DA4A55E90DFE34CBCDB066D6A6B3","Description":"MultiUser Query Utility","ParentProcessId":"4604","RuleName":"-","FileVersion":"10.0.17763.1 (WinBuild.160101.0800)","Company":"Microsoft Corporation","ParentCommandLine":"powershell  c:\\setup\\bot_rdp.ps1","ParentProcessGuid":"{2b62dd35-3c72-6573-2b08-000000002300}"},"OpenWEC":{"IpAddress":"10.202.0.184","TimeReceived":"2023-12-08T15:55:55.233131936+00:00","Principal":"WINTERFELL$@NORTH.SEVENKINGDOMS.LOCAL","Subscription":{"Uuid":"CB04741B-9072-4E2D-B769-3570FA020BBD","Version":"6E053E8A-FE0D-45A0-A863-C501EEDB4011","Name":"anssi-subscription"}}}
{"System":{"Provider":{"Name":"Microsoft-Windows-Sysmon","Guid":"{5770385f-c22a-43e0-bf4c-06f5698ffbd9}"},"EventID":10,"Version":3,"Level":4,"Task":10,"Opcode":0,"Keywords":"0x8000000000000000","TimeCreated":"2023-12-08T15:55:31.101312800Z","EventRecordID":10442,"Correlation":{},"Execution":{"ProcessID":3248,"ThreadID":3876},"Channel":"Microsoft-Windows-Sysmon/Operational","Computer":"winterfell.north.sevenkingdoms.local","UserID":"S-1-5-18"},"EventData":{"SourceProcessId":"4604","SourceImage":"C:\\Windows\\System32\\WindowsPowerShell\\v1.0\\powershell.exe","UtcTime":"2023-12-08 15:55:31.085","TargetProcessId":"2932","SourceUser":"NORTH\\robb.stark","TargetUser":"NORTH\\robb.stark","RuleName":"-","SourceProcessGUID":"{2b62dd35-3c72-6573-2b08-000000002300}","TargetProcessGUID":"{2b62dd35-3c73-6573-2c08-000000002300}","TargetImage":"C:\\Windows\\system32\\query.exe","SourceThreadId":"4640","GrantedAccess":"0x1fffff","CallTrace":"C:\\Windows\\SYSTEM32\\ntdll.dll+a1244|C:\\Windows\\System32\\KERNELBASE.dll+485d2|C:\\Windows\\System32\\KERNELBASE.dll+45fc6|C:\\Windows\\System32\\KERNEL32.DLL+1c2e3|C:\\Windows\\assembly\\NativeImages_v4.0.30319_64\\System\\cb755e97e255f61e327a8001d4e05859\\System.ni.dll+3332f6|C:\\Windows\\assembly\\NativeImages_v4.0.30319_64\\System\\cb755e97e255f61e327a8001d4e05859\\System.ni.dll+2b5560|C:\\Windows\\assembly\\NativeImages_v4.0.30319_64\\System\\cb755e97e255f61e327a8001d4e05859\\System.ni.dll+2b4f07|C:\\Windows\\assembly\\NativeImages_v4.0.30319_64\\System.Manaa57fc8cc#\\da4031e77cd7d8b426cd99e749e0c982\\System.Management.Automation.ni.dll+f7fc6b|C:\\Windows\\assembly\\NativeImages_v4.0.30319_64\\System.Manaa57fc8cc#\\da4031e77cd7d8b426cd99e749e0c982\\System.Management.Automation.ni.dll+ed9fad|C:\\Windows\\assembly\\NativeImages_v4.0.30319_64\\System.Manaa57fc8cc#\\da4031e77cd7d8b426cd99e749e0c982\\System.Management.Automation.ni.dll+f5cb1e|C:\\Windows\\assembly\\NativeImages_v4.0.30319_64\\System.Manaa57fc8cc#\\da4031e77cd7d8b426cd99e749e0c982\\System.Management.Automation.ni.dll+f5c7fb|C:\\Windows\\assembly\\NativeImages_v4.0.30319_64\\System.Manaa57fc8cc#\\da4031e77cd7d8b426cd99e749e0c982\\System.Management.Automation.ni.dll+104fcb4|UNKNOWN(00007FF7D51B13C1)"},"OpenWEC":{"IpAddress":"10.202.0.184","TimeReceived":"2023-12-08T15:55:55.233131936+00:00","Principal":"WINTERFELL$@NORTH.SEVENKINGDOMS.LOCAL","Subscription":{"Uuid":"CB04741B-9072-4E2D-B769-3570FA020BBD","Version":"6E053E8A-FE0D-45A0-A863-C501EEDB4011","Name":"anssi-subscription"}}}
{"System":{"Provider":{"Name":"Microsoft-Windows-Security-Auditing","Guid":"{54849625-5478-4994-a5ba-3e3b0328c30d}"},"EventID":4688,"Version":2,"Level":0,"Task":13312,"Opcode":0,"Keywords":"0x8020000000000000","TimeCreated":"2023-12-08T15:55:31.112492900Z","EventRecordID":157904,"Correlation":{},"Execution":{"ProcessID":4,"ThreadID":2064},"Channel":"Security","Computer":"winterfell.north.sevenkingdoms.local"},"EventData":{"SubjectUserName":"robb.stark","SubjectLogonId":"0xdb278d","NewProcessName":"C:\\Windows\\System32\\qwinsta.exe","SubjectUserSid":"S-1-5-21-2431860994-719566178-239256710-1113","TargetLogonId":"0x0","TargetUserName":"-","TokenElevationType":"%%1936","CommandLine":"","ParentProcessName":"C:\\Windows\\System32\\query.exe","NewProcessId":"0x1698","SubjectDomainName":"NORTH","ProcessId":"0xb74","TargetUserSid":"S-1-0-0","TargetDomainName":"-","MandatoryLabel":"S-1-16-12288"},"OpenWEC":{"IpAddress":"10.202.0.184","TimeReceived":"2023-12-08T15:55:55.233131936+00:00","Principal":"WINTERFELL$@NORTH.SEVENKINGDOMS.LOCAL","Subscription":{"Uuid":"CB04741B-9072-4E2D-B769-3570FA020BBD","Version":"6E053E8A-FE0D-45A0-A863-C501EEDB4011","Name":"anssi-subscription"}}}
{"System":{"Provider":{"Name":"Microsoft-Windows-Sysmon","Guid":"{5770385f-c22a-43e0-bf4c-06f5698ffbd9}"},"EventID":1,"Version":5,"Level":4,"Task":1,"Opcode":0,"Keywords":"0x8000000000000000","TimeCreated":"2023-12-08T15:55:31.115760600Z","EventRecordID":10443,"Correlation":{},"Execution":{"ProcessID":3248,"ThreadID":3876},"Channel":"Microsoft-Windows-Sysmon/Operational","Computer":"winterfell.north.sevenkingdoms.local","UserID":"S-1-5-18"},"EventData":{"Hashes":"MD5=9322C72AB11E725B098552A5FAE0F655,SHA256=E1AE2EC83FEC0C8CF01B9E4C3DA910BE61ABF3071E56EDA834590C405E8E4E69,IMPHASH=45B4A06EB57D86287767753D3ED73862","ParentUser":"NORTH\\robb.stark","Company":"Microsoft Corporation","LogonGuid":"{2b62dd35-3c72-6573-8d27-db0000000000}","Description":"Query Session Utility","CommandLine":"\"C:\\Windows\\system32\\qwinsta.exe\" robb.stark /server:castelblack","User":"NORTH\\robb.stark","LogonId":"0xdb278d","TerminalSessionId":"0","Product":"Microsoft® Windows® Operating System","UtcTime":"2023-12-08 15:55:31.112","IntegrityLevel":"High","ParentProcessGuid":"{2b62dd35-3c73-6573-2c08-000000002300}","ParentImage":"C:\\Windows\\System32\\query.exe","ParentCommandLine":"\"C:\\Windows\\system32\\query.exe\" session robb.stark /server:castelblack","FileVersion":"10.0.17763.1 (WinBuild.160101.0800)","OriginalFileName":"qwinsta.exe","ParentProcessId":"2932","RuleName":"-","ProcessId":"5784","CurrentDirectory":"C:\\Windows\\system32\\","ProcessGuid":"{2b62dd35-3c73-6573-2d08-000000002300}","Image":"C:\\Windows\\System32\\qwinsta.exe"},"OpenWEC":{"IpAddress":"10.202.0.184","TimeReceived":"2023-12-08T15:55:55.233131936+00:00","Principal":"WINTERFELL$@NORTH.SEVENKINGDOMS.LOCAL","Subscription":{"Uuid":"CB04741B-9072-4E2D-B769-3570FA020BBD","Version":"6E053E8A-FE0D-45A0-A863-C501EEDB4011","Name":"anssi-subscription"}}}
{"System":{"Provider":{"Name":"Microsoft-Windows-Sysmon","Guid":"{5770385f-c22a-43e0-bf4c-06f5698ffbd9}"},"EventID":22,"Version":5,"Level":4,"Task":22,"Opcode":0,"Keywords":"0x8000000000000000","TimeCreated":"2023-12-08T15:55:31.885147800Z","EventRecordID":10444,"Correlation":{},"Execution":{"ProcessID":3248,"ThreadID":3932},"Channel":"Microsoft-Windows-Sysmon/Operational","Computer":"winterfell.north.sevenkingdoms.local","UserID":"S-1-5-18"},"EventData":{"QueryResults":"10.202.0.184;192.168.56.11;10.0.2.15;","UtcTime":"2023-12-08 12:36:25.506","RuleName":"-","ProcessGuid":"{2b62dd35-54d9-6573-0c00-000000002300}","QueryName":"winterfell","ProcessId":"652","Image":"C:\\Windows\\system32\\lsass.exe","User":"NT AUTHORITY\\SYSTEM","QueryStatus":"0"},"OpenWEC":{"IpAddress":"10.202.0.184","TimeReceived":"2023-12-08T15:55:55.233131936+00:00","Principal":"WINTERFELL$@NORTH.SEVENKINGDOMS.LOCAL","Subscription":{"Uuid":"CB04741B-9072-4E2D-B769-3570FA020BBD","Version":"6E053E8A-FE0D-45A0-A863-C501EEDB4011","Name":"anssi-subscription"}}}
{"System":{"Provider":{"Name":"Microsoft-Windows-Sysmon","Guid":"{5770385f-c22a-43e0-bf4c-06f5698ffbd9}"},"EventID":10,"Version":3,"Level":4,"Task":10,"Opcode":0,"Keywords":"0x8000000000000000","TimeCreated":"2023-12-08T15:55:31.885620300Z","EventRecordID":10445,"Correlation":{},"Execution":{"ProcessID":3248,"ThreadID":3876},"Channel":"Microsoft-Windows-Sysmon/Operational","Computer":"winterfell.north.sevenkingdoms.local","UserID":"S-1-5-18"},"EventData":{"RuleName":"-","TargetProcessId":"652","TargetProcessGUID":"{2b62dd35-54d9-6573-0c00-000000002300}","TargetImage":"C:\\Windows\\system32\\lsass.exe","SourceProcessGUID":"{2b62dd35-e477-6572-4e00-000000002300}","SourceProcessId":"3248","UtcTime":"2023-12-08 15:55:31.882","TargetUser":"NT AUTHORITY\\SYSTEM","CallTrace":"C:\\Windows\\SYSTEM32\\ntdll.dll+9feb4|C:\\Windows\\SYSTEM32\\ntdll.dll+7d367|C:\\Windows\\System32\\KERNEL32.DLL+1c5b4|C:\\Windows\\System32\\KERNEL32.DLL+237f8|C:\\Windows\\sysmon64.exe+ec5cd|C:\\Windows\\sysmon64.exe+edeb7|C:\\Windows\\sysmon64.exe+12e889|C:\\Windows\\sysmon64.exe+ee90e|C:\\Windows\\sysmon64.exe+eecd3|C:\\Windows\\sysmon64.exe+10bd88|C:\\Windows\\sysmon64.exe+e22d1|C:\\Windows\\sysmon64.exe+e2427|C:\\Windows\\System32\\sechost.dll+dc61|C:\\Windows\\System32\\sechost.dll+d9a9|C:\\Windows\\System32\\sechost.dll+13d4e|C:\\Windows\\sysmon64.exe+e25ba|C:\\Windows\\sysmon64.exe+1a9ad2|C:\\Windows\\System32\\KERNEL32.DLL+17974|C:\\Windows\\SYSTEM32\\ntdll.dll+5a2f1","SourceUser":"NT AUTHORITY\\SYSTEM","SourceThreadId":"3932","GrantedAccess":"0x1fffff","SourceImage":"C:\\Windows\\sysmon64.exe"},"OpenWEC":{"IpAddress":"10.202.0.184","TimeReceived":"2023-12-08T15:55:55.233131936+00:00","Principal":"WINTERFELL$@NORTH.SEVENKINGDOMS.LOCAL","Subscription":{"Uuid":"CB04741B-9072-4E2D-B769-3570FA020BBD","Version":"6E053E8A-FE0D-45A0-A863-C501EEDB4011","Name":"anssi-subscription"}}}
{"System":{"Provider":{"Name":"Microsoft-Windows-Sysmon","Guid":"{5770385f-c22a-43e0-bf4c-06f5698ffbd9}"},"EventID":22,"Version":5,"Level":4,"Task":22,"Opcode":0,"Keywords":"0x8000000000000000","TimeCreated":"2023-12-08T15:55:31.885892100Z","EventRecordID":10446,"Correlation":{},"Execution":{"ProcessID":3248,"ThreadID":3932},"Channel":"Microsoft-Windows-Sysmon/Operational","Computer":"winterfell.north.sevenkingdoms.local","UserID":"S-1-5-18"},"EventData":{"User":"NORTH\\robb.stark","UtcTime":"2023-12-08 12:36:25.762","ProcessGuid":"{2b62dd35-3c73-6573-2d08-000000002300}","QueryName":"castelblack","ProcessId":"5784","QueryStatus":"0","Image":"C:\\Windows\\system32\\qwinsta.exe","QueryResults":"::ffff:192.168.56.22;","RuleName":"-"},"OpenWEC":{"IpAddress":"10.202.0.184","TimeReceived":"2023-12-08T15:55:55.233131936+00:00","Principal":"WINTERFELL$@NORTH.SEVENKINGDOMS.LOCAL","Subscription":{"Uuid":"CB04741B-9072-4E2D-B769-3570FA020BBD","Version":"6E053E8A-FE0D-45A0-A863-C501EEDB4011","Name":"anssi-subscription"}}}
{"System":{"Provider":{"Name":"Microsoft-Windows-Sysmon","Guid":"{5770385f-c22a-43e0-bf4c-06f5698ffbd9}"},"EventID":22,"Version":5,"Level":4,"Task":22,"Opcode":0,"Keywords":"0x8000000000000000","TimeCreated":"2023-12-08T15:55:32.883645200Z","EventRecordID":10447,"Correlation":{},"Execution":{"ProcessID":3248,"ThreadID":3932},"Channel":"Microsoft-Windows-Sysmon/Operational","Computer":"winterfell.north.sevenkingdoms.local","UserID":"S-1-5-18"},"EventData":{"QueryResults":"::ffff:192.168.56.22;","UtcTime":"2023-12-08 12:36:25.765","Image":"C:\\Windows\\System32\\svchost.exe","QueryName":"castelblack","RuleName":"-","User":"NT AUTHORITY\\LOCAL SERVICE","QueryStatus":"0","ProcessGuid":"{2b62dd35-54db-6573-1500-000000002300}","ProcessId":"896"},"OpenWEC":{"IpAddress":"10.202.0.184","TimeReceived":"2023-12-08T15:55:55.233131936+00:00","Principal":"WINTERFELL$@NORTH.SEVENKINGDOMS.LOCAL","Subscription":{"Uuid":"CB04741B-9072-4E2D-B769-3570FA020BBD","Version":"6E053E8A-FE0D-45A0-A863-C501EEDB4011","Name":"anssi-subscription"}}}
{"System":{"Provider":{"Name":"Microsoft-Windows-Sysmon","Guid":"{5770385f-c22a-43e0-bf4c-06f5698ffbd9}"},"EventID":3,"Version":5,"Level":4,"Task":3,"Opcode":0,"Keywords":"0x8000000000000000","TimeCreated":"2023-12-08T15:55:40.807523400Z","EventRecordID":10448,"Correlation":{},"Execution":{"ProcessID":3248,"ThreadID":3884},"Channel":"Microsoft-Windows-Sysmon/Operational","Computer":"winterfell.north.sevenkingdoms.local","UserID":"S-1-5-18"},"EventData":{"Initiated":"true","Protocol":"tcp","DestinationPort":"5985","SourceIp":"10.202.0.184","SourcePortName":"-","User":"NT AUTHORITY\\NETWORK SERVICE","UtcTime":"2023-12-08 12:36:34.185","Image":"C:\\Windows\\System32\\svchost.exe","DestinationHostname":"-","SourceIsIpv6":"false","RuleName":"WinRM","ProcessGuid":"{2b62dd35-e477-6572-4d00-000000002300}","DestinationPortName":"-","SourceHostname":"winterfell.north.sevenkingdoms.local","SourcePort":"64779","DestinationIp":"10.202.0.154","DestinationIsIpv6":"false","ProcessId":"3228"},"OpenWEC":{"IpAddress":"10.202.0.184","TimeReceived":"2023-12-08T15:55:55.233131936+00:00","Principal":"WINTERFELL$@NORTH.SEVENKINGDOMS.LOCAL","Subscription":{"Uuid":"CB04741B-9072-4E2D-B769-3570FA020BBD","Version":"6E053E8A-FE0D-45A0-A863-C501EEDB4011","Name":"anssi-subscription"}}}
{"System":{"Provider":{"Name":"Microsoft-Windows-Security-Auditing","Guid":"{54849625-5478-4994-a5ba-3e3b0328c30d}"},"EventID":4688,"Version":2,"Level":0,"Task":13312,"Opcode":0,"Keywords":"0x8020000000000000","TimeCreated":"2023-12-08T15:55:52.244688900Z","EventRecordID":157905,"Correlation":{},"Execution":{"ProcessID":4,"ThreadID":2064},"Channel":"Security","Computer":"winterfell.north.sevenkingdoms.local"},"EventData":{"TargetUserSid":"S-1-0-0","SubjectDomainName":"NORTH","SubjectLogonId":"0xdb278d","NewProcessId":"0x14c0","CommandLine":"","ParentProcessName":"C:\\Windows\\System32\\WindowsPowerShell\\v1.0\\powershell.exe","TargetUserName":"-","TokenElevationType":"%%1936","SubjectUserName":"robb.stark","SubjectUserSid":"S-1-5-21-2431860994-719566178-239256710-1113","MandatoryLabel":"S-1-16-12288","TargetLogonId":"0x0","TargetDomainName":"-","NewProcessName":"C:\\Windows\\System32\\mstsc.exe","ProcessId":"0x11fc"},"OpenWEC":{"IpAddress":"10.202.0.184","TimeReceived":"2023-12-08T15:55:55.233131936+00:00","Principal":"WINTERFELL$@NORTH.SEVENKINGDOMS.LOCAL","Subscription":{"Uuid":"CB04741B-9072-4E2D-B769-3570FA020BBD","Version":"6E053E8A-FE0D-45A0-A863-C501EEDB4011","Name":"anssi-subscription"}}}
{"System":{"Provider":{"Name":"Microsoft-Windows-Sysmon","Guid":"{5770385f-c22a-43e0-bf4c-06f5698ffbd9}"},"EventID":1,"Version":5,"Level":4,"Task":1,"Opcode":0,"Keywords":"0x8000000000000000","TimeCreated":"2023-12-08T15:55:52.248230600Z","EventRecordID":10449,"Correlation":{},"Execution":{"ProcessID":3248,"ThreadID":3876},"Channel":"Microsoft-Windows-Sysmon/Operational","Computer":"winterfell.north.sevenkingdoms.local","UserID":"S-1-5-18"},"EventData":{"TerminalSessionId":"0","ParentUser":"NORTH\\robb.stark","ProcessId":"5312","OriginalFileName":"mstsc.exe","LogonGuid":"{2b62dd35-3c72-6573-8d27-db0000000000}","Hashes":"MD5=FECC0C4F37222679825054A1BE0AE8FD,SHA256=D7A69C4398AC1BE41F44477F58C9619D43A1C363D4833C32610AC848B269EDF0,IMPHASH=43D4C98DB4E05AF16115818C6E500A33","ParentProcessGuid":"{2b62dd35-3c72-6573-2b08-000000002300}","CommandLine":"\"C:\\Windows\\system32\\mstsc.exe\" /v:castelblack","LogonId":"0xdb278d","ParentProcessId":"4604","CurrentDirectory":"C:\\Windows\\system32\\","UtcTime":"2023-12-08 15:55:52.244","User":"NORTH\\robb.stark","Description":"Remote Desktop Connection","FileVersion":"10.0.17763.1697 (WinBuild.160101.0800)","Product":"Microsoft® Windows® Operating System","Image":"C:\\Windows\\System32\\mstsc.exe","ProcessGuid":"{2b62dd35-3c88-6573-2e08-000000002300}","Company":"Microsoft Corporation","IntegrityLevel":"High","ParentImage":"C:\\Windows\\System32\\WindowsPowerShell\\v1.0\\powershell.exe","RuleName":"-","ParentCommandLine":"powershell  c:\\setup\\bot_rdp.ps1"},"OpenWEC":{"IpAddress":"10.202.0.184","TimeReceived":"2023-12-08T15:55:55.233131936+00:00","Principal":"WINTERFELL$@NORTH.SEVENKINGDOMS.LOCAL","Subscription":{"Uuid":"CB04741B-9072-4E2D-B769-3570FA020BBD","Version":"6E053E8A-FE0D-45A0-A863-C501EEDB4011","Name":"anssi-subscription"}}}
{"System":{"Provider":{"Name":"Microsoft-Windows-Sysmon","Guid":"{5770385f-c22a-43e0-bf4c-06f5698ffbd9}"},"EventID":10,"Version":3,"Level":4,"Task":10,"Opcode":0,"Keywords":"0x8000000000000000","TimeCreated":"2023-12-08T15:55:52.248499700Z","EventRecordID":10450,"Correlation":{},"Execution":{"ProcessID":3248,"ThreadID":3876},"Channel":"Microsoft-Windows-Sysmon/Operational","Computer":"winterfell.north.sevenkingdoms.local","UserID":"S-1-5-18"},"EventData":{"TargetProcessId":"5312","TargetProcessGUID":"{2b62dd35-3c88-6573-2e08-000000002300}","SourceThreadId":"4640","CallTrace":"C:\\Windows\\SYSTEM32\\ntdll.dll+a1244|C:\\Windows\\System32\\KERNELBASE.dll+485d2|C:\\Windows\\System32\\KERNELBASE.dll+45fc6|C:\\Windows\\System32\\KERNEL32.DLL+1c2e3|C:\\Windows\\assembly\\NativeImages_v4.0.30319_64\\System\\cb755e97e255f61e327a8001d4e05859\\System.ni.dll+3332f6|C:\\Windows\\assembly\\NativeImages_v4.0.30319_64\\System\\cb755e97e255f61e327a8001d4e05859\\System.ni.dll+2b5560|C:\\Windows\\assembly\\NativeImages_v4.0.30319_64\\System\\cb755e97e255f61e327a8001d4e05859\\System.ni.dll+2b4f07|C:\\Windows\\assembly\\NativeImages_v4.0.30319_64\\System.Manaa57fc8cc#\\da4031e77cd7d8b426cd99e749e0c982\\System.Management.Automation.ni.dll+f7fc6b|C:\\Windows\\assembly\\NativeImages_v4.0.30319_64\\System.Manaa57fc8cc#\\da4031e77cd7d8b426cd99e749e0c982\\System.Management.Automation.ni.dll+ed9fad|C:\\Windows\\assembly\\NativeImages_v4.0.30319_64\\System.Manaa57fc8cc#\\da4031e77cd7d8b426cd99e749e0c982\\System.Management.Automation.ni.dll+f5cb1e|C:\\Windows\\assembly\\NativeImages_v4.0.30319_64\\System.Manaa57fc8cc#\\da4031e77cd7d8b426cd99e749e0c982\\System.Management.Automation.ni.dll+f5c7fb|C:\\Windows\\assembly\\NativeImages_v4.0.30319_64\\System.Manaa57fc8cc#\\da4031e77cd7d8b426cd99e749e0c982\\System.Management.Automation.ni.dll+104fcb4|UNKNOWN(00007FF7D51B13C1)","RuleName":"-","TargetUser":"NORTH\\robb.stark","SourceProcessId":"4604","SourceImage":"C:\\Windows\\System32\\WindowsPowerShell\\v1.0\\powershell.exe","GrantedAccess":"0x1fffff","TargetImage":"C:\\Windows\\system32\\mstsc.exe","SourceUser":"NORTH\\robb.stark","SourceProcessGUID":"{2b62dd35-3c72-6573-2b08-000000002300}","UtcTime":"2023-12-08 15:55:52.242"},"OpenWEC":{"IpAddress":"10.202.0.184","TimeReceived":"2023-12-08T15:55:55.233131936+00:00","Principal":"WINTERFELL$@NORTH.SEVENKINGDOMS.LOCAL","Subscription":{"Uuid":"CB04741B-9072-4E2D-B769-3570FA020BBD","Version":"6E053E8A-FE0D-45A0-A863-C501EEDB4011","Name":"anssi-subscription"}}}
