{"System":{"Provider":{"Name":"Microsoft-Windows-Sysmon","Guid":"{5770385f-c22a-43e0-bf4c-06f5698ffbd9}"},"EventID":10,"Version":3,"Level":4,"Task":10,"Opcode":0,"Keywords":"0x8000000000000000","TimeCreated":"2023-12-08T15:51:24.225364300Z","EventRecordID":10296,"Correlation":{},"Execution":{"ProcessID":3248,"ThreadID":3876},"Channel":"Microsoft-Windows-Sysmon/Operational","Computer":"winterfell.north.sevenkingdoms.local","UserID":"S-1-5-18"},"EventData":{"SourceThreadId":"5248","GrantedAccess":"0x1000","SourceProcessGUID":"{2b62dd35-54db-6573-1000-000000002300}","TargetProcessId":"652","SourceImage":"C:\\Windows\\system32\\svchost.exe","CallTrace":"C:\\Windows\\SYSTEM32\\ntdll.dll+9feb4|C:\\Windows\\System32\\KERNELBASE.dll+6c2f5|c:\\windows\\system32\\lsm.dll+e2ca|c:\\windows\\system32\\lsm.dll+e044|C:\\Windows\\System32\\RPCRT4.dll+784a3|C:\\Windows\\System32\\RPCRT4.dll+d9f9a|C:\\Windows\\System32\\RPCRT4.dll+1ac60|C:\\Windows\\System32\\RPCRT4.dll+508e8|C:\\Windows\\System32\\RPCRT4.dll+3ad80|C:\\Windows\\System32\\RPCRT4.dll+3a72b|C:\\Windows\\System32\\RPCRT4.dll+2c9cf|C:\\Windows\\System32\\RPCRT4.dll+2be2a|C:\\Windows\\System32\\RPCRT4.dll+2b3f1|C:\\Windows\\System32\\RPCRT4.dll+2ae62|C:\\Windows\\System32\\RPCRT4.dll+218d5|C:\\Windows\\SYSTEM32\\ntdll.dll+69c20|C:\\Windows\\SYSTEM32\\ntdll.dll+166e8|C:\\Windows\\System32\\KERNEL32.DLL+17974|C:\\Windows\\SYSTEM32\\ntdll.dll+5a2f1","RuleName":"-","SourceUser":"NT AUTHORITY\\SYSTEM","TargetImage":"C:\\Windows\\system32\\lsass.exe","UtcTime":"2023-12-08 15:51:24.217","TargetUser":"NT AUTHORITY\\SYSTEM","SourceProcessId":"948","TargetProcessGUID":"{2b62dd35-54d9-6573-0c00-000000002300}"},"OpenWEC":{"IpAddress":"10.202.0.184","TimeReceived":"2023-12-08T15:51:58.169824001+00:00","Principal":"WINTERFELL$@NORTH.SEVENKINGDOMS.LOCAL","Subscription":{"Uuid":"CB04741B-9072-4E2D-B769-3570FA020BBD","Version":"6E053E8A-FE0D-45A0-A863-C501EEDB4011","Name":"anssi-subscription"}}}
{"System":{"Provider":{"Name":"Microsoft-Windows-Security-Auditing","Guid":"{54849625-5478-4994-a5ba-3e3b0328c30d}"},"EventID":4624,"Version":2,"Level":0,"Task":12544,"Opcode":0,"Keywords":"0x8020000000000000","TimeCreated":"2023-12-08T15:51:24.238732800Z","EventRecordID":157752,"Correlation":{"ActivityID":"{82a8a277-29fd-0000-eca2-a882fd29da01}"},"Execution":{"ProcessID":652,"ThreadID":5224},"Channel":"Security","Computer":"winterfell.north.sevenkingdoms.local"},"EventData":{"LmPackageName":"-","TargetOutboundUserName":"-","SubjectDomainName":"NORTH","TargetUserSid":"S-1-5-21-2431860994-719566178-239256710-1113","AuthenticationPackageName":"Negotiate","WorkstationName":"WINTERFELL","LogonGuid":"{37979e73-0d66-c0e7-a4ef-4202025fb8c1}","TransmittedServices":"-","ImpersonationLevel":"%%1833","TargetLinkedLogonId":"0x0","TargetDomainName":"NORTH","KeyLength":"0","IpAddress":"-","ProcessId":"0x638","SubjectUserName":"WINTERFELL$","SubjectLogonId":"0x3e7","TargetUserName":"robb.stark","ProcessName":"C:\\Windows\\System32\\svchost.exe","RestrictedAdminMode":"-","SubjectUserSid":"S-1-5-18","LogonType":"4","LogonProcessName":"Advapi  ","IpPort":"-","TargetOutboundDomainName":"-","VirtualAccount":"%%1843","ElevatedToken":"%%1842","TargetLogonId":"0xd6df2f"},"OpenWEC":{"IpAddress":"10.202.0.184","TimeReceived":"2023-12-08T15:51:58.169824001+00:00","Principal":"WINTERFELL$@NORTH.SEVENKINGDOMS.LOCAL","Subscription":{"Uuid":"CB04741B-9072-4E2D-B769-3570FA020BBD","Version":"6E053E8A-FE0D-45A0-A863-C501EEDB4011","Name":"anssi-subscription"}}}
{"System":{"Provider":{"Name":"Microsoft-Windows-Security-Auditing","Guid":"{54849625-5478-4994-a5ba-3e3b0328c30d}"},"EventID":4672,"Version":0,"Level":0,"Task":12548,"Opcode":0,"Keywords":"0x8020000000000000","TimeCreated":"2023-12-08T15:51:24.238739500Z","EventRecordID":157753,"Correlation":{"ActivityID":"{82a8a277-29fd-0000-eca2-a882fd29da01}"},"Execution":{"ProcessID":652,"ThreadID":5224},"Channel":"Security","Computer":"winterfell.north.sevenkingdoms.local"},"EventData":{"SubjectUserSid":"S-1-5-21-2431860994-719566178-239256710-1113","SubjectUserName":"robb.stark","PrivilegeList":"SeSecurityPrivilege\n\t\t\tSeTakeOwnershipPrivilege\n\t\t\tSeLoadDriverPrivilege\n\t\t\tSeBackupPrivilege\n\t\t\tSeRestorePrivilege\n\t\t\tSeDebugPrivilege\n\t\t\tSeSystemEnvironmentPrivilege\n\t\t\tSeEnableDelegationPrivilege\n\t\t\tSeImpersonatePrivilege\n\t\t\tSeDelegateSessionUserImpersonatePrivilege","SubjectLogonId":"0xd6df2f","SubjectDomainName":"NORTH"},"OpenWEC":{"IpAddress":"10.202.0.184","TimeReceived":"2023-12-08T15:51:58.169824001+00:00","Principal":"WINTERFELL$@NORTH.SEVENKINGDOMS.LOCAL","Subscription":{"Uuid":"CB04741B-9072-4E2D-B769-3570FA020BBD","Version":"6E053E8A-FE0D-45A0-A863-C501EEDB4011","Name":"anssi-subscription"}}}
{"System":{"Provider":{"Name":"Microsoft-Windows-Security-Auditing","Guid":"{54849625-5478-4994-a5ba-3e3b0328c30d}"},"EventID":4688,"Version":2,"Level":0,"Task":13312,"Opcode":0,"Keywords":"0x8020000000000000","TimeCreated":"2023-12-08T15:51:24.242646800Z","EventRecordID":157754,"Correlation":{},"Execution":{"ProcessID":4,"ThreadID":1368},"Channel":"Security","Computer":"winterfell.north.sevenkingdoms.local"},"EventData":{"SubjectLogonId":"0x3e7","SubjectUserName":"WINTERFELL$","CommandLine":"","ParentProcessName":"C:\\Windows\\System32\\svchost.exe","TargetUserName":"-","SubjectDomainName":"NORTH","TokenElevationType":"%%1936","MandatoryLabel":"S-1-16-16384","NewProcessName":"C:\\Windows\\System32\\dllhost.exe","NewProcessId":"0x658","TargetDomainName":"-","SubjectUserSid":"S-1-5-18","TargetUserSid":"S-1-0-0","TargetLogonId":"0x0","ProcessId":"0x35c"},"OpenWEC":{"IpAddress":"10.202.0.184","TimeReceived":"2023-12-08T15:51:58.169824001+00:00","Principal":"WINTERFELL$@NORTH.SEVENKINGDOMS.LOCAL","Subscription":{"Uuid":"CB04741B-9072-4E2D-B769-3570FA020BBD","Version":"6E053E8A-FE0D-45A0-A863-C501EEDB4011","Name":"anssi-subscription"}}}
{"System":{"Provider":{"Name":"Microsoft-Windows-Sysmon","Guid":"{5770385f-c22a-43e0-bf4c-06f5698ffbd9}"},"EventID":1,"Version":5,"Level":4,"Task":1,"Opcode":0,"Keywords":"0x8000000000000000","TimeCreated":"2023-12-08T15:51:24.245508400Z","EventRecordID":10297,"Correlation":{},"Execution":{"ProcessID":3248,"ThreadID":3876},"Channel":"Microsoft-Windows-Sysmon/Operational","Computer":"winterfell.north.sevenkingdoms.local","UserID":"S-1-5-18"},"EventData":{"ParentProcessGuid":"{00000000-0000-0000-0000-000000000000}","IntegrityLevel":"System","FileVersion":"10.0.17763.1 (WinBuild.160101.0800)","ProcessId":"1624","Image":"C:\\Windows\\System32\\dllhost.exe","RuleName":"-","CommandLine":"C:\\Windows\\system32\\DllHost.exe /Processid:{E10F6C3A-F1AE-4ADC-AA9D-2FE65525666E}","User":"NT AUTHORITY\\SYSTEM","LogonGuid":"{2b62dd35-54d9-6573-e703-000000000000}","LogonId":"0x3e7","TerminalSessionId":"0","UtcTime":"2023-12-08 15:51:24.242","ParentCommandLine":"-","CurrentDirectory":"C:\\Windows\\system32\\","Description":"COM Surrogate","OriginalFileName":"dllhost.exe","ParentImage":"-","Hashes":"MD5=D2AB39EA2C0FCD172751F84BDA723A97,SHA256=C4E078607DB2784BE7761C86048DFFA6F3EF04B551354A32FCDEC3B6A3450905,IMPHASH=68E651F131674892AE7E46556EB24726","ProcessGuid":"{2b62dd35-3b7c-6573-fc07-000000002300}","Product":"Microsoft® Windows® Operating System","ParentProcessId":"860","ParentUser":"-","Company":"Microsoft Corporation"},"OpenWEC":{"IpAddress":"10.202.0.184","TimeReceived":"2023-12-08T15:51:58.169824001+00:00","Principal":"WINTERFELL$@NORTH.SEVENKINGDOMS.LOCAL","Subscription":{"Uuid":"CB04741B-9072-4E2D-B769-3570FA020BBD","Version":"6E053E8A-FE0D-45A0-A863-C501EEDB4011","Name":"anssi-subscription"}}}
{"System":{"Provider":{"Name":"Microsoft-Windows-Security-Auditing","Guid":"{54849625-5478-4994-a5ba-3e3b0328c30d}"},"EventID":4688,"Version":2,"Level":0,"Task":13312,"Opcode":0,"Keywords":"0x8020000000000000","TimeCreated":"2023-12-08T15:51:24.262301200Z","EventRecordID":157755,"Correlation":{},"Execution":{"ProcessID":4,"ThreadID":1368},"Channel":"Security","Computer":"winterfell.north.sevenkingdoms.local"},"EventData":{"SubjectLogonId":"0x3e7","ParentProcessName":"C:\\Windows\\System32\\svchost.exe","SubjectDomainName":"NORTH","MandatoryLabel":"S-1-16-12288","NewProcessId":"0x13bc","TargetDomainName":"NORTH","TargetUserSid":"S-1-0-0","SubjectUserName":"WINTERFELL$","SubjectUserSid":"S-1-5-18","TargetLogonId":"0xd6df2f","ProcessId":"0x638","TokenElevationType":"%%1936","NewProcessName":"C:\\Windows\\System32\\cmd.exe","CommandLine":"","TargetUserName":"robb.stark"},"OpenWEC":{"IpAddress":"10.202.0.184","TimeReceived":"2023-12-08T15:51:58.169824001+00:00","Principal":"WINTERFELL$@NORTH.SEVENKINGDOMS.LOCAL","Subscription":{"Uuid":"CB04741B-9072-4E2D-B769-3570FA020BBD","Version":"6E053E8A-FE0D-45A0-A863-C501EEDB4011","Name":"anssi-subscription"}}}
{"System":{"Provider":{"Name":"Microsoft-Windows-Sysmon","Guid":"{5770385f-c22a-43e0-bf4c-06f5698ffbd9}"},"EventID":1,"Version":5,"Level":4,"Task":1,"Opcode":0,"Keywords":"0x8000000000000000","TimeCreated":"2023-12-08T15:51:24.264210400Z","EventRecordID":10298,"Correlation":{},"Execution":{"ProcessID":3248,"ThreadID":3876},"Channel":"Microsoft-Windows-Sysmon/Operational","Computer":"winterfell.north.sevenkingdoms.local","UserID":"S-1-5-18"},"EventData":{"Product":"Microsoft® Windows® Operating System","RuleName":"-","CommandLine":"cmd.exe /c powershell New-PSDrive -Name \"Public\" -PSProvider \"FileSystem\" -Root \"\\\\Bravos\\private\"","Company":"Microsoft Corporation","User":"NORTH\\robb.stark","LogonGuid":"{2b62dd35-3b7c-6573-2fdf-d60000000000}","Hashes":"MD5=911D039E71583A07320B32BDE22F8E22,SHA256=BC866CFCDDA37E24DC2634DC282C7A0E6F55209DA17A8FA105B07414C0E7C527,IMPHASH=272245E2988E1E430500B852C4FB5E18","IntegrityLevel":"High","ProcessGuid":"{2b62dd35-3b7c-6573-fd07-000000002300}","Image":"C:\\Windows\\System32\\cmd.exe","CurrentDirectory":"C:\\Windows\\system32\\","ParentCommandLine":"-","ParentImage":"-","UtcTime":"2023-12-08 15:51:24.262","FileVersion":"10.0.17763.1697 (WinBuild.160101.0800)","ProcessId":"5052","ParentProcessGuid":"{00000000-0000-0000-0000-000000000000}","OriginalFileName":"Cmd.Exe","LogonId":"0xd6df2f","ParentProcessId":"1592","ParentUser":"-","TerminalSessionId":"0","Description":"Windows Command Processor"},"OpenWEC":{"IpAddress":"10.202.0.184","TimeReceived":"2023-12-08T15:51:58.169824001+00:00","Principal":"WINTERFELL$@NORTH.SEVENKINGDOMS.LOCAL","Subscription":{"Uuid":"CB04741B-9072-4E2D-B769-3570FA020BBD","Version":"6E053E8A-FE0D-45A0-A863-C501EEDB4011","Name":"anssi-subscription"}}}
{"System":{"Provider":{"Name":"Microsoft-Windows-Security-Auditing","Guid":"{54849625-5478-4994-a5ba-3e3b0328c30d}"},"EventID":4688,"Version":2,"Level":0,"Task":13312,"Opcode":0,"Keywords":"0x8020000000000000","TimeCreated":"2023-12-08T15:51:24.268546400Z","EventRecordID":157756,"Correlation":{},"Execution":{"ProcessID":4,"ThreadID":1368},"Channel":"Security","Computer":"winterfell.north.sevenkingdoms.local"},"EventData":{"TokenElevationType":"%%1936","TargetDomainName":"-","TargetUserName":"-","TargetUserSid":"S-1-0-0","ProcessId":"0x13bc","SubjectLogonId":"0xd6df2f","SubjectDomainName":"NORTH","TargetLogonId":"0x0","CommandLine":"","ParentProcessName":"C:\\Windows\\System32\\cmd.exe","NewProcessId":"0x744","SubjectUserName":"robb.stark","NewProcessName":"C:\\Windows\\System32\\conhost.exe","MandatoryLabel":"S-1-16-12288","SubjectUserSid":"S-1-5-21-2431860994-719566178-239256710-1113"},"OpenWEC":{"IpAddress":"10.202.0.184","TimeReceived":"2023-12-08T15:51:58.169824001+00:00","Principal":"WINTERFELL$@NORTH.SEVENKINGDOMS.LOCAL","Subscription":{"Uuid":"CB04741B-9072-4E2D-B769-3570FA020BBD","Version":"6E053E8A-FE0D-45A0-A863-C501EEDB4011","Name":"anssi-subscription"}}}
{"System":{"Provider":{"Name":"Microsoft-Windows-Security-Auditing","Guid":"{54849625-5478-4994-a5ba-3e3b0328c30d}"},"EventID":4688,"Version":2,"Level":0,"Task":13312,"Opcode":0,"Keywords":"0x8020000000000000","TimeCreated":"2023-12-08T15:51:24.303779600Z","EventRecordID":157757,"Correlation":{},"Execution":{"ProcessID":4,"ThreadID":1368},"Channel":"Security","Computer":"winterfell.north.sevenkingdoms.local"},"EventData":{"TargetUserSid":"S-1-0-0","ParentProcessName":"C:\\Windows\\System32\\cmd.exe","SubjectDomainName":"NORTH","CommandLine":"","SubjectLogonId":"0xd6df2f","NewProcessName":"C:\\Windows\\System32\\WindowsPowerShell\\v1.0\\powershell.exe","TokenElevationType":"%%1936","SubjectUserSid":"S-1-5-21-2431860994-719566178-239256710-1113","NewProcessId":"0xa58","TargetLogonId":"0x0","SubjectUserName":"robb.stark","TargetDomainName":"-","MandatoryLabel":"S-1-16-12288","ProcessId":"0x13bc","TargetUserName":"-"},"OpenWEC":{"IpAddress":"10.202.0.184","TimeReceived":"2023-12-08T15:51:58.169824001+00:00","Principal":"WINTERFELL$@NORTH.SEVENKINGDOMS.LOCAL","Subscription":{"Uuid":"CB04741B-9072-4E2D-B769-3570FA020BBD","Version":"6E053E8A-FE0D-45A0-A863-C501EEDB4011","Name":"anssi-subscription"}}}
{"System":{"Provider":{"Name":"Microsoft-Windows-Sysmon","Guid":"{5770385f-c22a-43e0-bf4c-06f5698ffbd9}"},"EventID":1,"Version":5,"Level":4,"Task":1,"Opcode":0,"Keywords":"0x8000000000000000","TimeCreated":"2023-12-08T15:51:24.309442600Z","EventRecordID":10299,"Correlation":{},"Execution":{"ProcessID":3248,"ThreadID":3876},"Channel":"Microsoft-Windows-Sysmon/Operational","Computer":"winterfell.north.sevenkingdoms.local","UserID":"S-1-5-18"},"EventData":{"ParentImage":"C:\\Windows\\System32\\cmd.exe","ParentProcessId":"5052","TerminalSessionId":"0","ParentCommandLine":"cmd.exe /c powershell New-PSDrive -Name \"Public\" -PSProvider \"FileSystem\" -Root \"\\\\Bravos\\private\"","Hashes":"MD5=7353F60B1739074EB17C5F4DDDEFE239,SHA256=DE96A6E69944335375DC1AC238336066889D9FFC7D73628EF4FE1B1B160AB32C,IMPHASH=741776AACCFC5B71FF59832DCDCACE0F","IntegrityLevel":"High","ParentUser":"NORTH\\robb.stark","ProcessId":"2648","ProcessGuid":"{2b62dd35-3b7c-6573-ff07-000000002300}","CommandLine":"powershell  New-PSDrive -Name \"Public\" -PSProvider \"FileSystem\" -Root \"\\\\Bravos\\private\"","Product":"Microsoft® Windows® Operating System","FileVersion":"10.0.17763.1 (WinBuild.160101.0800)","CurrentDirectory":"C:\\Windows\\system32\\","Image":"C:\\Windows\\System32\\WindowsPowerShell\\v1.0\\powershell.exe","UtcTime":"2023-12-08 15:51:24.303","User":"NORTH\\robb.stark","RuleName":"-","OriginalFileName":"PowerShell.EXE","Company":"Microsoft Corporation","LogonGuid":"{2b62dd35-3b7c-6573-2fdf-d60000000000}","Description":"Windows PowerShell","ParentProcessGuid":"{2b62dd35-3b7c-6573-fd07-000000002300}","LogonId":"0xd6df2f"},"OpenWEC":{"IpAddress":"10.202.0.184","TimeReceived":"2023-12-08T15:51:58.169824001+00:00","Principal":"WINTERFELL$@NORTH.SEVENKINGDOMS.LOCAL","Subscription":{"Uuid":"CB04741B-9072-4E2D-B769-3570FA020BBD","Version":"6E053E8A-FE0D-45A0-A863-C501EEDB4011","Name":"anssi-subscription"}}}
{"System":{"Provider":{"Name":"Microsoft-Windows-Sysmon","Guid":"{5770385f-c22a-43e0-bf4c-06f5698ffbd9}"},"EventID":11,"Version":2,"Level":4,"Task":11,"Opcode":0,"Keywords":"0x8000000000000000","TimeCreated":"2023-12-08T15:51:24.364347800Z","EventRecordID":10300,"Correlation":{},"Execution":{"ProcessID":3248,"ThreadID":3876},"Channel":"Microsoft-Windows-Sysmon/Operational","Computer":"winterfell.north.sevenkingdoms.local","UserID":"S-1-5-18"},"EventData":{"UtcTime":"2023-12-08 15:51:24.358","Image":"C:\\Windows\\System32\\WindowsPowerShell\\v1.0\\powershell.exe","RuleName":"-","ProcessGuid":"{2b62dd35-3b7c-6573-ff07-000000002300}","CreationUtcTime":"2023-12-08 15:51:24.358","ProcessId":"2648","TargetFilename":"C:\\Users\\robb.stark\\AppData\\Local\\Temp\\__PSScriptPolicyTest_ftdb4tgw.3hq.ps1","User":"NORTH\\robb.stark"},"OpenWEC":{"IpAddress":"10.202.0.184","TimeReceived":"2023-12-08T15:51:58.169824001+00:00","Principal":"WINTERFELL$@NORTH.SEVENKINGDOMS.LOCAL","Subscription":{"Uuid":"CB04741B-9072-4E2D-B769-3570FA020BBD","Version":"6E053E8A-FE0D-45A0-A863-C501EEDB4011","Name":"anssi-subscription"}}}
{"System":{"Provider":{"Name":"Microsoft-Windows-TaskScheduler","Guid":"{de7b24ea-73c8-4a09-985d-5bdadcfa9017}"},"EventID":107,"Version":0,"Level":4,"Task":107,"Opcode":0,"Keywords":"0x8000000000000000","TimeCreated":"2023-12-08T15:51:24.239051200Z","EventRecordID":49833,"Correlation":{"ActivityID":"{4c36fce9-53a9-4c35-b2e6-4f1629c38072}"},"Execution":{"ProcessID":1592,"ThreadID":1332},"Channel":"Microsoft-Windows-TaskScheduler/Operational","Computer":"winterfell.north.sevenkingdoms.local","UserID":"S-1-5-18"},"EventData":{"TaskName":"\\responder_bot","InstanceId":"{4c36fce9-53a9-4c35-b2e6-4f1629c38072}"},"OpenWEC":{"IpAddress":"10.202.0.184","TimeReceived":"2023-12-08T15:51:58.169824001+00:00","Principal":"WINTERFELL$@NORTH.SEVENKINGDOMS.LOCAL","Subscription":{"Uuid":"CB04741B-9072-4E2D-B769-3570FA020BBD","Version":"6E053E8A-FE0D-45A0-A863-C501EEDB4011","Name":"anssi-subscription"}}}
{"System":{"Provider":{"Name":"Microsoft-Windows-TaskScheduler","Guid":"{de7b24ea-73c8-4a09-985d-5bdadcfa9017}"},"EventID":129,"Version":0,"Level":4,"Task":129,"Opcode":0,"Keywords":"0x8000000000000000","TimeCreated":"2023-12-08T15:51:24.265050500Z","EventRecordID":49834,"Correlation":{},"Execution":{"ProcessID":1592,"ThreadID":1332},"Channel":"Microsoft-Windows-TaskScheduler/Operational","Computer":"winterfell.north.sevenkingdoms.local","UserID":"S-1-5-18"},"EventData":{"Path":"cmd.exe","Priority":"16384","TaskName":"\\responder_bot","ProcessID":"5052"},"OpenWEC":{"IpAddress":"10.202.0.184","TimeReceived":"2023-12-08T15:51:58.169824001+00:00","Principal":"WINTERFELL$@NORTH.SEVENKINGDOMS.LOCAL","Subscription":{"Uuid":"CB04741B-9072-4E2D-B769-3570FA020BBD","Version":"6E053E8A-FE0D-45A0-A863-C501EEDB4011","Name":"anssi-subscription"}}}
{"System":{"Provider":{"Name":"Microsoft-Windows-TaskScheduler","Guid":"{de7b24ea-73c8-4a09-985d-5bdadcfa9017}"},"EventID":100,"Version":0,"Level":4,"Task":100,"Opcode":1,"Keywords":"0x8000000000000001","TimeCreated":"2023-12-08T15:51:24.265287600Z","EventRecordID":49835,"Correlation":{"ActivityID":"{4c36fce9-53a9-4c35-b2e6-4f1629c38072}"},"Execution":{"ProcessID":1592,"ThreadID":1332},"Channel":"Microsoft-Windows-TaskScheduler/Operational","Computer":"winterfell.north.sevenkingdoms.local","UserID":"S-1-5-18"},"EventData":{"TaskName":"\\responder_bot","UserContext":"NORTH\\robb.stark","InstanceId":"{4c36fce9-53a9-4c35-b2e6-4f1629c38072}"},"OpenWEC":{"IpAddress":"10.202.0.184","TimeReceived":"2023-12-08T15:51:58.169824001+00:00","Principal":"WINTERFELL$@NORTH.SEVENKINGDOMS.LOCAL","Subscription":{"Uuid":"CB04741B-9072-4E2D-B769-3570FA020BBD","Version":"6E053E8A-FE0D-45A0-A863-C501EEDB4011","Name":"anssi-subscription"}}}
{"System":{"Provider":{"Name":"Microsoft-Windows-TaskScheduler","Guid":"{de7b24ea-73c8-4a09-985d-5bdadcfa9017}"},"EventID":200,"Version":1,"Level":4,"Task":200,"Opcode":1,"Keywords":"0x8000000000000000","TimeCreated":"2023-12-08T15:51:24.265289400Z","EventRecordID":49836,"Correlation":{"ActivityID":"{4c36fce9-53a9-4c35-b2e6-4f1629c38072}"},"Execution":{"ProcessID":1592,"ThreadID":1332},"Channel":"Microsoft-Windows-TaskScheduler/Operational","Computer":"winterfell.north.sevenkingdoms.local","UserID":"S-1-5-18"},"EventData":{"ActionName":"cmd.exe","TaskInstanceId":"{4c36fce9-53a9-4c35-b2e6-4f1629c38072}","EnginePID":"5052","TaskName":"\\responder_bot"},"OpenWEC":{"IpAddress":"10.202.0.184","TimeReceived":"2023-12-08T15:51:58.169824001+00:00","Principal":"WINTERFELL$@NORTH.SEVENKINGDOMS.LOCAL","Subscription":{"Uuid":"CB04741B-9072-4E2D-B769-3570FA020BBD","Version":"6E053E8A-FE0D-45A0-A863-C501EEDB4011","Name":"anssi-subscription"}}}
{"System":{"Provider":{"Name":"Microsoft-Windows-Sysmon","Guid":"{5770385f-c22a-43e0-bf4c-06f5698ffbd9}"},"EventID":10,"Version":3,"Level":4,"Task":10,"Opcode":0,"Keywords":"0x8000000000000000","TimeCreated":"2023-12-08T15:51:25.254061900Z","EventRecordID":10301,"Correlation":{},"Execution":{"ProcessID":3248,"ThreadID":3876},"Channel":"Microsoft-Windows-Sysmon/Operational","Computer":"winterfell.north.sevenkingdoms.local","UserID":"S-1-5-18"},"EventData":{"RuleName":"-","SourceUser":"NT AUTHORITY\\SYSTEM","TargetUser":"NT AUTHORITY\\SYSTEM","GrantedAccess":"0x1fffff","TargetProcessId":"652","UtcTime":"2023-12-08 15:51:25.252","SourceProcessGUID":"{2b62dd35-e477-6572-4e00-000000002300}","SourceProcessId":"3248","CallTrace":"C:\\Windows\\SYSTEM32\\ntdll.dll+9feb4|C:\\Windows\\SYSTEM32\\ntdll.dll+7d367|C:\\Windows\\System32\\KERNEL32.DLL+1c5b4|C:\\Windows\\System32\\KERNEL32.DLL+237f8|C:\\Windows\\sysmon64.exe+ec5cd|C:\\Windows\\sysmon64.exe+edeb7|C:\\Windows\\sysmon64.exe+12e889|C:\\Windows\\sysmon64.exe+ee90e|C:\\Windows\\sysmon64.exe+eecd3|C:\\Windows\\sysmon64.exe+10bd88|C:\\Windows\\sysmon64.exe+e22d1|C:\\Windows\\sysmon64.exe+e2427|C:\\Windows\\System32\\sechost.dll+dc61|C:\\Windows\\System32\\sechost.dll+d9a9|C:\\Windows\\System32\\sechost.dll+13d4e|C:\\Windows\\sysmon64.exe+e25ba|C:\\Windows\\sysmon64.exe+1a9ad2|C:\\Windows\\System32\\KERNEL32.DLL+17974|C:\\Windows\\SYSTEM32\\ntdll.dll+5a2f1","SourceImage":"C:\\Windows\\sysmon64.exe","TargetProcessGUID":"{2b62dd35-54d9-6573-0c00-000000002300}","TargetImage":"C:\\Windows\\system32\\lsass.exe","SourceThreadId":"3932"},"OpenWEC":{"IpAddress":"10.202.0.184","TimeReceived":"2023-12-08T15:51:58.169824001+00:00","Principal":"WINTERFELL$@NORTH.SEVENKINGDOMS.LOCAL","Subscription":{"Uuid":"CB04741B-9072-4E2D-B769-3570FA020BBD","Version":"6E053E8A-FE0D-45A0-A863-C501EEDB4011","Name":"anssi-subscription"}}}
{"System":{"Provider":{"Name":"Microsoft-Windows-Sysmon","Guid":"{5770385f-c22a-43e0-bf4c-06f5698ffbd9}"},"EventID":22,"Version":5,"Level":4,"Task":22,"Opcode":0,"Keywords":"0x8000000000000000","TimeCreated":"2023-12-08T15:51:25.254934300Z","EventRecordID":10302,"Correlation":{},"Execution":{"ProcessID":3248,"ThreadID":3932},"Channel":"Microsoft-Windows-Sysmon/Operational","Computer":"winterfell.north.sevenkingdoms.local","UserID":"S-1-5-18"},"EventData":{"ProcessId":"652","Image":"C:\\Windows\\system32\\lsass.exe","User":"NT AUTHORITY\\SYSTEM","ProcessGuid":"{2b62dd35-54d9-6573-0c00-000000002300}","QueryName":"winterfell","QueryStatus":"0","QueryResults":"10.202.0.184;192.168.56.11;10.0.2.15;","RuleName":"-","UtcTime":"2023-12-08 12:32:18.868"},"OpenWEC":{"IpAddress":"10.202.0.184","TimeReceived":"2023-12-08T15:51:58.169824001+00:00","Principal":"WINTERFELL$@NORTH.SEVENKINGDOMS.LOCAL","Subscription":{"Uuid":"CB04741B-9072-4E2D-B769-3570FA020BBD","Version":"6E053E8A-FE0D-45A0-A863-C501EEDB4011","Name":"anssi-subscription"}}}
{"System":{"Provider":{"Name":"Microsoft-Windows-Sysmon","Guid":"{5770385f-c22a-43e0-bf4c-06f5698ffbd9}"},"EventID":22,"Version":5,"Level":4,"Task":22,"Opcode":0,"Keywords":"0x8000000000000000","TimeCreated":"2023-12-08T15:51:26.267250200Z","EventRecordID":10303,"Correlation":{},"Execution":{"ProcessID":3248,"ThreadID":3932},"Channel":"Microsoft-Windows-Sysmon/Operational","Computer":"winterfell.north.sevenkingdoms.local","UserID":"S-1-5-18"},"EventData":{"QueryResults":"fe80::da5c:a9be:fef:69f2;::ffff:10.202.0.195;","ProcessGuid":"{2b62dd35-54db-6573-1500-000000002300}","User":"NT AUTHORITY\\LOCAL SERVICE","QueryStatus":"0","RuleName":"-","UtcTime":"2023-12-08 12:32:19.156","ProcessId":"896","QueryName":"Bravos","Image":"C:\\Windows\\System32\\svchost.exe"},"OpenWEC":{"IpAddress":"10.202.0.184","TimeReceived":"2023-12-08T15:51:58.169824001+00:00","Principal":"WINTERFELL$@NORTH.SEVENKINGDOMS.LOCAL","Subscription":{"Uuid":"CB04741B-9072-4E2D-B769-3570FA020BBD","Version":"6E053E8A-FE0D-45A0-A863-C501EEDB4011","Name":"anssi-subscription"}}}
{"System":{"Provider":{"Name":"Microsoft-Windows-Security-Auditing","Guid":"{54849625-5478-4994-a5ba-3e3b0328c30d}"},"EventID":4624,"Version":2,"Level":0,"Task":12544,"Opcode":0,"Keywords":"0x8020000000000000","TimeCreated":"2023-12-08T15:51:27.048197200Z","EventRecordID":157759,"Correlation":{},"Execution":{"ProcessID":652,"ThreadID":2828},"Channel":"Security","Computer":"winterfell.north.sevenkingdoms.local"},"EventData":{"KeyLength":"0","SubjectUserName":"-","ProcessId":"0x0","IpAddress":"::1","TargetDomainName":"NORTH.SEVENKINGDOMS.LOCAL","TargetOutboundDomainName":"-","SubjectLogonId":"0x0","SubjectDomainName":"-","TargetLogonId":"0xd70e51","WorkstationName":"-","LogonGuid":"{3f4b9425-1866-4469-9e0a-1c617a2b9ee7}","LogonProcessName":"Kerberos","ImpersonationLevel":"%%1833","LmPackageName":"-","RestrictedAdminMode":"-","TargetOutboundUserName":"-","IpPort":"64726","VirtualAccount":"%%1843","AuthenticationPackageName":"Kerberos","TransmittedServices":"-","TargetUserSid":"S-1-5-18","ElevatedToken":"%%1842","LogonType":"3","TargetLinkedLogonId":"0x0","SubjectUserSid":"S-1-0-0","ProcessName":"-","TargetUserName":"WINTERFELL$"},"OpenWEC":{"IpAddress":"10.202.0.184","TimeReceived":"2023-12-08T15:51:58.169824001+00:00","Principal":"WINTERFELL$@NORTH.SEVENKINGDOMS.LOCAL","Subscription":{"Uuid":"CB04741B-9072-4E2D-B769-3570FA020BBD","Version":"6E053E8A-FE0D-45A0-A863-C501EEDB4011","Name":"anssi-subscription"}}}
{"System":{"Provider":{"Name":"Microsoft-Windows-Sysmon","Guid":"{5770385f-c22a-43e0-bf4c-06f5698ffbd9}"},"EventID":22,"Version":5,"Level":4,"Task":22,"Opcode":0,"Keywords":"0x8000000000000000","TimeCreated":"2023-12-08T15:51:27.285030400Z","EventRecordID":10304,"Correlation":{},"Execution":{"ProcessID":3248,"ThreadID":3932},"Channel":"Microsoft-Windows-Sysmon/Operational","Computer":"winterfell.north.sevenkingdoms.local","UserID":"S-1-5-18"},"EventData":{"QueryName":"Bravos","UtcTime":"2023-12-08 12:32:20.264","ProcessGuid":"{2b62dd35-54db-6573-1500-000000002300}","ProcessId":"896","RuleName":"-","User":"NT AUTHORITY\\LOCAL SERVICE","Image":"C:\\Windows\\System32\\svchost.exe","QueryStatus":"0","QueryResults":"fe80::da5c:a9be:fef:69f2;::ffff:10.202.0.195;"},"OpenWEC":{"IpAddress":"10.202.0.184","TimeReceived":"2023-12-08T15:51:58.169824001+00:00","Principal":"WINTERFELL$@NORTH.SEVENKINGDOMS.LOCAL","Subscription":{"Uuid":"CB04741B-9072-4E2D-B769-3570FA020BBD","Version":"6E053E8A-FE0D-45A0-A863-C501EEDB4011","Name":"anssi-subscription"}}}
{"System":{"Provider":{"Name":"Microsoft-Windows-Sysmon","Guid":"{5770385f-c22a-43e0-bf4c-06f5698ffbd9}"},"EventID":10,"Version":3,"Level":4,"Task":10,"Opcode":0,"Keywords":"0x8000000000000000","TimeCreated":"2023-12-08T15:51:28.065704100Z","EventRecordID":10305,"Correlation":{},"Execution":{"ProcessID":3248,"ThreadID":3876},"Channel":"Microsoft-Windows-Sysmon/Operational","Computer":"winterfell.north.sevenkingdoms.local","UserID":"S-1-5-18"},"EventData":{"SourceUser":"NT AUTHORITY\\SYSTEM","TargetImage":"C:\\Windows\\system32\\lsass.exe","RuleName":"-","TargetProcessId":"652","TargetUser":"NT AUTHORITY\\SYSTEM","SourceProcessId":"3248","SourceThreadId":"3884","CallTrace":"C:\\Windows\\SYSTEM32\\ntdll.dll+9feb4|C:\\Windows\\SYSTEM32\\ntdll.dll+7d367|C:\\Windows\\System32\\KERNEL32.DLL+1c5b4|C:\\Windows\\System32\\KERNEL32.DLL+237f8|C:\\Windows\\sysmon64.exe+ec5cd|C:\\Windows\\sysmon64.exe+edeb7|C:\\Windows\\sysmon64.exe+12e889|C:\\Windows\\sysmon64.exe+ee90e|C:\\Windows\\sysmon64.exe+eecd3|C:\\Windows\\sysmon64.exe+f3eea|C:\\Windows\\sysmon64.exe+fbc2c|C:\\Windows\\sysmon64.exe+10dc04|C:\\Windows\\sysmon64.exe+10dcc5|C:\\Windows\\sysmon64.exe+1a9ad2|C:\\Windows\\System32\\KERNEL32.DLL+17974|C:\\Windows\\SYSTEM32\\ntdll.dll+5a2f1","GrantedAccess":"0x1fffff","SourceProcessGUID":"{2b62dd35-e477-6572-4e00-000000002300}","SourceImage":"C:\\Windows\\sysmon64.exe","TargetProcessGUID":"{2b62dd35-54d9-6573-0c00-000000002300}","UtcTime":"2023-12-08 15:51:28.064"},"OpenWEC":{"IpAddress":"10.202.0.184","TimeReceived":"2023-12-08T15:51:58.169824001+00:00","Principal":"WINTERFELL$@NORTH.SEVENKINGDOMS.LOCAL","Subscription":{"Uuid":"CB04741B-9072-4E2D-B769-3570FA020BBD","Version":"6E053E8A-FE0D-45A0-A863-C501EEDB4011","Name":"anssi-subscription"}}}
{"System":{"Provider":{"Name":"Microsoft-Windows-Sysmon","Guid":"{5770385f-c22a-43e0-bf4c-06f5698ffbd9}"},"EventID":22,"Version":5,"Level":4,"Task":22,"Opcode":0,"Keywords":"0x8000000000000000","TimeCreated":"2023-12-08T15:51:28.299628200Z","EventRecordID":10306,"Correlation":{},"Execution":{"ProcessID":3248,"ThreadID":3932},"Channel":"Microsoft-Windows-Sysmon/Operational","Computer":"winterfell.north.sevenkingdoms.local","UserID":"S-1-5-18"},"EventData":{"UtcTime":"2023-12-08 12:32:21.356","QueryResults":"fe80::da5c:a9be:fef:69f2;::ffff:10.202.0.195;","ProcessId":"896","ProcessGuid":"{2b62dd35-54db-6573-1500-000000002300}","User":"NT AUTHORITY\\LOCAL SERVICE","QueryStatus":"0","Image":"C:\\Windows\\System32\\svchost.exe","RuleName":"-","QueryName":"Bravos"},"OpenWEC":{"IpAddress":"10.202.0.184","TimeReceived":"2023-12-08T15:51:58.169824001+00:00","Principal":"WINTERFELL$@NORTH.SEVENKINGDOMS.LOCAL","Subscription":{"Uuid":"CB04741B-9072-4E2D-B769-3570FA020BBD","Version":"6E053E8A-FE0D-45A0-A863-C501EEDB4011","Name":"anssi-subscription"}}}
{"System":{"Provider":{"Name":"Microsoft-Windows-Sysmon","Guid":"{5770385f-c22a-43e0-bf4c-06f5698ffbd9}"},"EventID":10,"Version":3,"Level":4,"Task":10,"Opcode":0,"Keywords":"0x8000000000000000","TimeCreated":"2023-12-08T15:51:30.837334700Z","EventRecordID":10307,"Correlation":{},"Execution":{"ProcessID":3248,"ThreadID":3876},"Channel":"Microsoft-Windows-Sysmon/Operational","Computer":"winterfell.north.sevenkingdoms.local","UserID":"S-1-5-18"},"EventData":{"TargetImage":"C:\\Windows\\system32\\lsass.exe","SourceUser":"NT AUTHORITY\\SYSTEM","SourceImage":"C:\\Windows\\system32\\svchost.exe","SourceThreadId":"5248","SourceProcessId":"948","RuleName":"-","GrantedAccess":"0x1000","CallTrace":"C:\\Windows\\SYSTEM32\\ntdll.dll+9feb4|C:\\Windows\\System32\\KERNELBASE.dll+6c2f5|c:\\windows\\system32\\lsm.dll+f397|c:\\windows\\system32\\lsm.dll+df54|C:\\Windows\\System32\\RPCRT4.dll+784a3|C:\\Windows\\System32\\RPCRT4.dll+d9f9a|C:\\Windows\\System32\\RPCRT4.dll+1ac60|C:\\Windows\\System32\\RPCRT4.dll+508e8|C:\\Windows\\System32\\RPCRT4.dll+3ad80|C:\\Windows\\System32\\RPCRT4.dll+3a72b|C:\\Windows\\System32\\RPCRT4.dll+2c9cf|C:\\Windows\\System32\\RPCRT4.dll+2be2a|C:\\Windows\\System32\\RPCRT4.dll+2b3f1|C:\\Windows\\System32\\RPCRT4.dll+2ae62|C:\\Windows\\System32\\RPCRT4.dll+218d5|C:\\Windows\\SYSTEM32\\ntdll.dll+69c20|C:\\Windows\\SYSTEM32\\ntdll.dll+166e8|C:\\Windows\\System32\\KERNEL32.DLL+17974|C:\\Windows\\SYSTEM32\\ntdll.dll+5a2f1","TargetUser":"NT AUTHORITY\\SYSTEM","TargetProcessGUID":"{2b62dd35-54d9-6573-0c00-000000002300}","SourceProcessGUID":"{2b62dd35-54db-6573-1000-000000002300}","UtcTime":"2023-12-08 15:51:30.830","TargetProcessId":"652"},"OpenWEC":{"IpAddress":"10.202.0.184","TimeReceived":"2023-12-08T15:51:58.169824001+00:00","Principal":"WINTERFELL$@NORTH.SEVENKINGDOMS.LOCAL","Subscription":{"Uuid":"CB04741B-9072-4E2D-B769-3570FA020BBD","Version":"6E053E8A-FE0D-45A0-A863-C501EEDB4011","Name":"anssi-subscription"}}}
{"System":{"Provider":{"Name":"Microsoft-Windows-Sysmon","Guid":"{5770385f-c22a-43e0-bf4c-06f5698ffbd9}"},"EventID":10,"Version":3,"Level":4,"Task":10,"Opcode":0,"Keywords":"0x8000000000000000","TimeCreated":"2023-12-08T15:51:30.837569000Z","EventRecordID":10308,"Correlation":{},"Execution":{"ProcessID":3248,"ThreadID":3876},"Channel":"Microsoft-Windows-Sysmon/Operational","Computer":"winterfell.north.sevenkingdoms.local","UserID":"S-1-5-18"},"EventData":{"TargetProcessId":"652","GrantedAccess":"0x1000","SourceUser":"NT AUTHORITY\\SYSTEM","CallTrace":"C:\\Windows\\SYSTEM32\\ntdll.dll+9feb4|C:\\Windows\\System32\\KERNELBASE.dll+6c2f5|c:\\windows\\system32\\lsm.dll+e2ca|c:\\windows\\system32\\lsm.dll+e044|C:\\Windows\\System32\\RPCRT4.dll+784a3|C:\\Windows\\System32\\RPCRT4.dll+d9f9a|C:\\Windows\\System32\\RPCRT4.dll+1ac60|C:\\Windows\\System32\\RPCRT4.dll+508e8|C:\\Windows\\System32\\RPCRT4.dll+3ad80|C:\\Windows\\System32\\RPCRT4.dll+3a72b|C:\\Windows\\System32\\RPCRT4.dll+2c9cf|C:\\Windows\\System32\\RPCRT4.dll+2be2a|C:\\Windows\\System32\\RPCRT4.dll+2b3f1|C:\\Windows\\System32\\RPCRT4.dll+2ae62|C:\\Windows\\System32\\RPCRT4.dll+218d5|C:\\Windows\\SYSTEM32\\ntdll.dll+69c20|C:\\Windows\\SYSTEM32\\ntdll.dll+166e8|C:\\Windows\\System32\\KERNEL32.DLL+17974|C:\\Windows\\SYSTEM32\\ntdll.dll+5a2f1","SourceProcessId":"948","SourceProcessGUID":"{2b62dd35-54db-6573-1000-000000002300}","SourceImage":"C:\\Windows\\system32\\svchost.exe","UtcTime":"2023-12-08 15:51:30.830","TargetProcessGUID":"{2b62dd35-54d9-6573-0c00-000000002300}","TargetImage":"C:\\Windows\\system32\\lsass.exe","TargetUser":"NT AUTHORITY\\SYSTEM","SourceThreadId":"5248","RuleName":"-"},"OpenWEC":{"IpAddress":"10.202.0.184","TimeReceived":"2023-12-08T15:51:58.169824001+00:00","Principal":"WINTERFELL$@NORTH.SEVENKINGDOMS.LOCAL","Subscription":{"Uuid":"CB04741B-9072-4E2D-B769-3570FA020BBD","Version":"6E053E8A-FE0D-45A0-A863-C501EEDB4011","Name":"anssi-subscription"}}}
{"System":{"Provider":{"Name":"Microsoft-Windows-Sysmon","Guid":"{5770385f-c22a-43e0-bf4c-06f5698ffbd9}"},"EventID":1,"Version":5,"Level":4,"Task":1,"Opcode":0,"Keywords":"0x8000000000000000","TimeCreated":"2023-12-08T15:51:30.853903700Z","EventRecordID":10309,"Correlation":{},"Execution":{"ProcessID":3248,"ThreadID":3876},"Channel":"Microsoft-Windows-Sysmon/Operational","Computer":"winterfell.north.sevenkingdoms.local","UserID":"S-1-5-18"},"EventData":{"ParentProcessGuid":"{00000000-0000-0000-0000-000000000000}","ParentCommandLine":"-","Company":"Microsoft Corporation","OriginalFileName":"dllhost.exe","ParentImage":"-","Description":"COM Surrogate","CommandLine":"C:\\Windows\\system32\\DllHost.exe /Processid:{E10F6C3A-F1AE-4ADC-AA9D-2FE65525666E}","FileVersion":"10.0.17763.1 (WinBuild.160101.0800)","UtcTime":"2023-12-08 15:51:30.851","CurrentDirectory":"C:\\Windows\\system32\\","LogonId":"0x3e7","ProcessGuid":"{2b62dd35-3b82-6573-0008-000000002300}","TerminalSessionId":"0","ParentProcessId":"860","Image":"C:\\Windows\\System32\\dllhost.exe","RuleName":"-","Hashes":"MD5=D2AB39EA2C0FCD172751F84BDA723A97,SHA256=C4E078607DB2784BE7761C86048DFFA6F3EF04B551354A32FCDEC3B6A3450905,IMPHASH=68E651F131674892AE7E46556EB24726","ParentUser":"-","ProcessId":"1012","Product":"Microsoft® Windows® Operating System","User":"NT AUTHORITY\\SYSTEM","LogonGuid":"{2b62dd35-54d9-6573-e703-000000000000}","IntegrityLevel":"System"},"OpenWEC":{"IpAddress":"10.202.0.184","TimeReceived":"2023-12-08T15:51:58.169824001+00:00","Principal":"WINTERFELL$@NORTH.SEVENKINGDOMS.LOCAL","Subscription":{"Uuid":"CB04741B-9072-4E2D-B769-3570FA020BBD","Version":"6E053E8A-FE0D-45A0-A863-C501EEDB4011","Name":"anssi-subscription"}}}
{"System":{"Provider":{"Name":"Microsoft-Windows-Sysmon","Guid":"{5770385f-c22a-43e0-bf4c-06f5698ffbd9}"},"EventID":1,"Version":5,"Level":4,"Task":1,"Opcode":0,"Keywords":"0x8000000000000000","TimeCreated":"2023-12-08T15:51:30.870741900Z","EventRecordID":10310,"Correlation":{},"Execution":{"ProcessID":3248,"ThreadID":3876},"Channel":"Microsoft-Windows-Sysmon/Operational","Computer":"winterfell.north.sevenkingdoms.local","UserID":"S-1-5-18"},"EventData":{"CurrentDirectory":"C:\\Windows\\system32\\","OriginalFileName":"Cmd.Exe","ParentProcessGuid":"{00000000-0000-0000-0000-000000000000}","UtcTime":"2023-12-08 15:51:30.868","ProcessGuid":"{2b62dd35-3b82-6573-0108-000000002300}","User":"NORTH\\robb.stark","LogonGuid":"{2b62dd35-3b82-6573-f214-d70000000000}","IntegrityLevel":"High","Hashes":"MD5=911D039E71583A07320B32BDE22F8E22,SHA256=BC866CFCDDA37E24DC2634DC282C7A0E6F55209DA17A8FA105B07414C0E7C527,IMPHASH=272245E2988E1E430500B852C4FB5E18","ProcessId":"6028","Image":"C:\\Windows\\System32\\cmd.exe","FileVersion":"10.0.17763.1697 (WinBuild.160101.0800)","LogonId":"0xd714f2","ParentImage":"-","ParentCommandLine":"-","RuleName":"-","Product":"Microsoft® Windows® Operating System","ParentUser":"-","ParentProcessId":"1592","CommandLine":"cmd.exe /c powershell c:\\setup\\bot_rdp.ps1","Description":"Windows Command Processor","Company":"Microsoft Corporation","TerminalSessionId":"0"},"OpenWEC":{"IpAddress":"10.202.0.184","TimeReceived":"2023-12-08T15:51:58.169824001+00:00","Principal":"WINTERFELL$@NORTH.SEVENKINGDOMS.LOCAL","Subscription":{"Uuid":"CB04741B-9072-4E2D-B769-3570FA020BBD","Version":"6E053E8A-FE0D-45A0-A863-C501EEDB4011","Name":"anssi-subscription"}}}
{"System":{"Provider":{"Name":"Microsoft-Windows-Sysmon","Guid":"{5770385f-c22a-43e0-bf4c-06f5698ffbd9}"},"EventID":1,"Version":5,"Level":4,"Task":1,"Opcode":0,"Keywords":"0x8000000000000000","TimeCreated":"2023-12-08T15:51:30.907178700Z","EventRecordID":10311,"Correlation":{},"Execution":{"ProcessID":3248,"ThreadID":3876},"Channel":"Microsoft-Windows-Sysmon/Operational","Computer":"winterfell.north.sevenkingdoms.local","UserID":"S-1-5-18"},"EventData":{"RuleName":"-","User":"NORTH\\robb.stark","Product":"Microsoft® Windows® Operating System","Description":"Windows PowerShell","Image":"C:\\Windows\\System32\\WindowsPowerShell\\v1.0\\powershell.exe","ProcessGuid":"{2b62dd35-3b82-6573-0308-000000002300}","CommandLine":"powershell  c:\\setup\\bot_rdp.ps1","Hashes":"MD5=7353F60B1739074EB17C5F4DDDEFE239,SHA256=DE96A6E69944335375DC1AC238336066889D9FFC7D73628EF4FE1B1B160AB32C,IMPHASH=741776AACCFC5B71FF59832DCDCACE0F","ProcessId":"5416","ParentProcessGuid":"{2b62dd35-3b82-6573-0108-000000002300}","ParentProcessId":"6028","TerminalSessionId":"0","ParentImage":"C:\\Windows\\System32\\cmd.exe","IntegrityLevel":"High","FileVersion":"10.0.17763.1 (WinBuild.160101.0800)","UtcTime":"2023-12-08 15:51:30.902","ParentCommandLine":"cmd.exe /c powershell c:\\setup\\bot_rdp.ps1","ParentUser":"NORTH\\robb.stark","OriginalFileName":"PowerShell.EXE","CurrentDirectory":"C:\\Windows\\system32\\","LogonGuid":"{2b62dd35-3b82-6573-f214-d70000000000}","Company":"Microsoft Corporation","LogonId":"0xd714f2"},"OpenWEC":{"IpAddress":"10.202.0.184","TimeReceived":"2023-12-08T15:51:58.169824001+00:00","Principal":"WINTERFELL$@NORTH.SEVENKINGDOMS.LOCAL","Subscription":{"Uuid":"CB04741B-9072-4E2D-B769-3570FA020BBD","Version":"6E053E8A-FE0D-45A0-A863-C501EEDB4011","Name":"anssi-subscription"}}}
{"System":{"Provider":{"Name":"Microsoft-Windows-Sysmon","Guid":"{5770385f-c22a-43e0-bf4c-06f5698ffbd9}"},"EventID":11,"Version":2,"Level":4,"Task":11,"Opcode":0,"Keywords":"0x8000000000000000","TimeCreated":"2023-12-08T15:51:30.954688000Z","EventRecordID":10312,"Correlation":{},"Execution":{"ProcessID":3248,"ThreadID":3876},"Channel":"Microsoft-Windows-Sysmon/Operational","Computer":"winterfell.north.sevenkingdoms.local","UserID":"S-1-5-18"},"EventData":{"ProcessGuid":"{2b62dd35-3b82-6573-0308-000000002300}","Image":"C:\\Windows\\System32\\WindowsPowerShell\\v1.0\\powershell.exe","RuleName":"-","User":"NORTH\\robb.stark","UtcTime":"2023-12-08 15:51:30.952","CreationUtcTime":"2023-12-08 15:51:30.952","TargetFilename":"C:\\Users\\robb.stark\\AppData\\Local\\Temp\\__PSScriptPolicyTest_cjvqdjqm.xxe.ps1","ProcessId":"5416"},"OpenWEC":{"IpAddress":"10.202.0.184","TimeReceived":"2023-12-08T15:51:58.169824001+00:00","Principal":"WINTERFELL$@NORTH.SEVENKINGDOMS.LOCAL","Subscription":{"Uuid":"CB04741B-9072-4E2D-B769-3570FA020BBD","Version":"6E053E8A-FE0D-45A0-A863-C501EEDB4011","Name":"anssi-subscription"}}}
{"System":{"Provider":{"Name":"Microsoft-Windows-Sysmon","Guid":"{5770385f-c22a-43e0-bf4c-06f5698ffbd9}"},"EventID":1,"Version":5,"Level":4,"Task":1,"Opcode":0,"Keywords":"0x8000000000000000","TimeCreated":"2023-12-08T15:51:31.062064000Z","EventRecordID":10313,"Correlation":{},"Execution":{"ProcessID":3248,"ThreadID":3876},"Channel":"Microsoft-Windows-Sysmon/Operational","Computer":"winterfell.north.sevenkingdoms.local","UserID":"S-1-5-18"},"EventData":{"RuleName":"-","IntegrityLevel":"High","Description":"MultiUser Query Utility","UtcTime":"2023-12-08 15:51:31.059","ParentProcessId":"5416","Company":"Microsoft Corporation","ParentCommandLine":"powershell  c:\\setup\\bot_rdp.ps1","OriginalFileName":"query.exe","Image":"C:\\Windows\\System32\\query.exe","Product":"Microsoft® Windows® Operating System","ProcessGuid":"{2b62dd35-3b83-6573-0408-000000002300}","LogonId":"0xd714f2","TerminalSessionId":"0","CommandLine":"\"C:\\Windows\\system32\\query.exe\" session robb.stark /server:castelblack","ProcessId":"5524","CurrentDirectory":"C:\\Windows\\system32\\","User":"NORTH\\robb.stark","ParentProcessGuid":"{2b62dd35-3b82-6573-0308-000000002300}","ParentImage":"C:\\Windows\\System32\\WindowsPowerShell\\v1.0\\powershell.exe","FileVersion":"10.0.17763.1 (WinBuild.160101.0800)","ParentUser":"NORTH\\robb.stark","Hashes":"MD5=8A7520A6CC2A2968F4A8EE4DB946AD8D,SHA256=3369E8FEA09C3C226D636B13108DA357093D0D98214236417839A94F56D3BA02,IMPHASH=CCC9DA4A55E90DFE34CBCDB066D6A6B3","LogonGuid":"{2b62dd35-3b82-6573-f214-d70000000000}"},"OpenWEC":{"IpAddress":"10.202.0.184","TimeReceived":"2023-12-08T15:51:58.169824001+00:00","Principal":"WINTERFELL$@NORTH.SEVENKINGDOMS.LOCAL","Subscription":{"Uuid":"CB04741B-9072-4E2D-B769-3570FA020BBD","Version":"6E053E8A-FE0D-45A0-A863-C501EEDB4011","Name":"anssi-subscription"}}}
{"System":{"Provider":{"Name":"Microsoft-Windows-Sysmon","Guid":"{5770385f-c22a-43e0-bf4c-06f5698ffbd9}"},"EventID":10,"Version":3,"Level":4,"Task":10,"Opcode":0,"Keywords":"0x8000000000000000","TimeCreated":"2023-12-08T15:51:31.062304400Z","EventRecordID":10314,"Correlation":{},"Execution":{"ProcessID":3248,"ThreadID":3876},"Channel":"Microsoft-Windows-Sysmon/Operational","Computer":"winterfell.north.sevenkingdoms.local","UserID":"S-1-5-18"},"EventData":{"SourceProcessGUID":"{2b62dd35-3b82-6573-0308-000000002300}","TargetImage":"C:\\Windows\\system32\\query.exe","GrantedAccess":"0x1fffff","TargetProcessId":"5524","SourceProcessId":"5416","CallTrace":"C:\\Windows\\SYSTEM32\\ntdll.dll+a1244|C:\\Windows\\System32\\KERNELBASE.dll+485d2|C:\\Windows\\System32\\KERNELBASE.dll+45fc6|C:\\Windows\\System32\\KERNEL32.DLL+1c2e3|C:\\Windows\\assembly\\NativeImages_v4.0.30319_64\\System\\cb755e97e255f61e327a8001d4e05859\\System.ni.dll+3332f6|C:\\Windows\\assembly\\NativeImages_v4.0.30319_64\\System\\cb755e97e255f61e327a8001d4e05859\\System.ni.dll+2b5560|C:\\Windows\\assembly\\NativeImages_v4.0.30319_64\\System\\cb755e97e255f61e327a8001d4e05859\\System.ni.dll+2b4f07|C:\\Windows\\assembly\\NativeImages_v4.0.30319_64\\System.Manaa57fc8cc#\\da4031e77cd7d8b426cd99e749e0c982\\System.Management.Automation.ni.dll+f7fc6b|C:\\Windows\\assembly\\NativeImages_v4.0.30319_64\\System.Manaa57fc8cc#\\da4031e77cd7d8b426cd99e749e0c982\\System.Management.Automation.ni.dll+ed9fad|C:\\Windows\\assembly\\NativeImages_v4.0.30319_64\\System.Manaa57fc8cc#\\da4031e77cd7d8b426cd99e749e0c982\\System.Management.Automation.ni.dll+f5cb1e|C:\\Windows\\assembly\\NativeImages_v4.0.30319_64\\System.Manaa57fc8cc#\\da4031e77cd7d8b426cd99e749e0c982\\System.Management.Automation.ni.dll+f5c7fb|C:\\Windows\\assembly\\NativeImages_v4.0.30319_64\\System.Manaa57fc8cc#\\da4031e77cd7d8b426cd99e749e0c982\\System.Management.Automation.ni.dll+104fcb4|UNKNOWN(00007FF7D51C13C1)","SourceUser":"NORTH\\robb.stark","TargetUser":"NORTH\\robb.stark","SourceImage":"C:\\Windows\\System32\\WindowsPowerShell\\v1.0\\powershell.exe","SourceThreadId":"2788","TargetProcessGUID":"{2b62dd35-3b83-6573-0408-000000002300}","RuleName":"-","UtcTime":"2023-12-08 15:51:31.062"},"OpenWEC":{"IpAddress":"10.202.0.184","TimeReceived":"2023-12-08T15:51:58.169824001+00:00","Principal":"WINTERFELL$@NORTH.SEVENKINGDOMS.LOCAL","Subscription":{"Uuid":"CB04741B-9072-4E2D-B769-3570FA020BBD","Version":"6E053E8A-FE0D-45A0-A863-C501EEDB4011","Name":"anssi-subscription"}}}
{"System":{"Provider":{"Name":"Microsoft-Windows-Sysmon","Guid":"{5770385f-c22a-43e0-bf4c-06f5698ffbd9}"},"EventID":1,"Version":5,"Level":4,"Task":1,"Opcode":0,"Keywords":"0x8000000000000000","TimeCreated":"2023-12-08T15:51:31.074425700Z","EventRecordID":10315,"Correlation":{},"Execution":{"ProcessID":3248,"ThreadID":3876},"Channel":"Microsoft-Windows-Sysmon/Operational","Computer":"winterfell.north.sevenkingdoms.local","UserID":"S-1-5-18"},"EventData":{"CurrentDirectory":"C:\\Windows\\system32\\","UtcTime":"2023-12-08 15:51:31.071","Description":"Query Session Utility","LogonId":"0xd714f2","ParentProcessGuid":"{2b62dd35-3b83-6573-0408-000000002300}","ParentImage":"C:\\Windows\\System32\\query.exe","ParentUser":"NORTH\\robb.stark","ParentCommandLine":"\"C:\\Windows\\system32\\query.exe\" session robb.stark /server:castelblack","ParentProcessId":"5524","User":"NORTH\\robb.stark","Hashes":"MD5=9322C72AB11E725B098552A5FAE0F655,SHA256=E1AE2EC83FEC0C8CF01B9E4C3DA910BE61ABF3071E56EDA834590C405E8E4E69,IMPHASH=45B4A06EB57D86287767753D3ED73862","RuleName":"-","CommandLine":"\"C:\\Windows\\system32\\qwinsta.exe\" robb.stark /server:castelblack","TerminalSessionId":"0","OriginalFileName":"qwinsta.exe","Company":"Microsoft Corporation","ProcessGuid":"{2b62dd35-3b83-6573-0508-000000002300}","Product":"Microsoft® Windows® Operating System","LogonGuid":"{2b62dd35-3b82-6573-f214-d70000000000}","IntegrityLevel":"High","Image":"C:\\Windows\\System32\\qwinsta.exe","FileVersion":"10.0.17763.1 (WinBuild.160101.0800)","ProcessId":"3372"},"OpenWEC":{"IpAddress":"10.202.0.184","TimeReceived":"2023-12-08T15:51:58.169824001+00:00","Principal":"WINTERFELL$@NORTH.SEVENKINGDOMS.LOCAL","Subscription":{"Uuid":"CB04741B-9072-4E2D-B769-3570FA020BBD","Version":"6E053E8A-FE0D-45A0-A863-C501EEDB4011","Name":"anssi-subscription"}}}
{"System":{"Provider":{"Name":"Microsoft-Windows-TaskScheduler","Guid":"{de7b24ea-73c8-4a09-985d-5bdadcfa9017}"},"EventID":107,"Version":0,"Level":4,"Task":107,"Opcode":0,"Keywords":"0x8000000000000000","TimeCreated":"2023-12-08T15:51:30.849039200Z","EventRecordID":49839,"Correlation":{"ActivityID":"{226eb334-4f10-45b6-ba69-28c0f117bb78}"},"Execution":{"ProcessID":1592,"ThreadID":1332},"Channel":"Microsoft-Windows-TaskScheduler/Operational","Computer":"winterfell.north.sevenkingdoms.local","UserID":"S-1-5-18"},"EventData":{"TaskName":"\\connect_bot","InstanceId":"{226eb334-4f10-45b6-ba69-28c0f117bb78}"},"OpenWEC":{"IpAddress":"10.202.0.184","TimeReceived":"2023-12-08T15:51:58.169824001+00:00","Principal":"WINTERFELL$@NORTH.SEVENKINGDOMS.LOCAL","Subscription":{"Uuid":"CB04741B-9072-4E2D-B769-3570FA020BBD","Version":"6E053E8A-FE0D-45A0-A863-C501EEDB4011","Name":"anssi-subscription"}}}
{"System":{"Provider":{"Name":"Microsoft-Windows-Security-Auditing","Guid":"{54849625-5478-4994-a5ba-3e3b0328c30d}"},"EventID":4648,"Version":0,"Level":0,"Task":12544,"Opcode":0,"Keywords":"0x8020000000000000","TimeCreated":"2023-12-08T15:51:30.848715500Z","EventRecordID":157764,"Correlation":{"ActivityID":"{82a8a277-29fd-0000-eca2-a882fd29da01}"},"Execution":{"ProcessID":652,"ThreadID":900},"Channel":"Security","Computer":"winterfell.north.sevenkingdoms.local"},"EventData":{"TargetUserName":"robb.stark","SubjectUserName":"WINTERFELL$","SubjectDomainName":"NORTH","TargetLogonGuid":"{395585cd-0264-e5f6-b055-9854e36d0f3f}","ProcessName":"C:\\Windows\\System32\\svchost.exe","TargetDomainName":"NORTH","SubjectUserSid":"S-1-5-18","TargetServerName":"localhost","TargetInfo":"localhost","ProcessId":"0x638","IpAddress":"-","SubjectLogonId":"0x3e7","IpPort":"-","LogonGuid":"{00000000-0000-0000-0000-000000000000}"},"OpenWEC":{"IpAddress":"10.202.0.184","TimeReceived":"2023-12-08T15:51:58.169824001+00:00","Principal":"WINTERFELL$@NORTH.SEVENKINGDOMS.LOCAL","Subscription":{"Uuid":"CB04741B-9072-4E2D-B769-3570FA020BBD","Version":"6E053E8A-FE0D-45A0-A863-C501EEDB4011","Name":"anssi-subscription"}}}
{"System":{"Provider":{"Name":"Microsoft-Windows-Security-Auditing","Guid":"{54849625-5478-4994-a5ba-3e3b0328c30d}"},"EventID":4624,"Version":2,"Level":0,"Task":12544,"Opcode":0,"Keywords":"0x8020000000000000","TimeCreated":"2023-12-08T15:51:30.848797900Z","EventRecordID":157765,"Correlation":{"ActivityID":"{82a8a277-29fd-0000-eca2-a882fd29da01}"},"Execution":{"ProcessID":652,"ThreadID":900},"Channel":"Security","Computer":"winterfell.north.sevenkingdoms.local"},"EventData":{"LogonGuid":"{395585cd-0264-e5f6-b055-9854e36d0f3f}","TargetOutboundUserName":"-","KeyLength":"0","TargetDomainName":"NORTH","SubjectUserName":"WINTERFELL$","ProcessId":"0x638","WorkstationName":"WINTERFELL","SubjectUserSid":"S-1-5-18","LogonType":"4","LogonProcessName":"Advapi  ","AuthenticationPackageName":"Negotiate","TargetOutboundDomainName":"-","TargetUserName":"robb.stark","RestrictedAdminMode":"-","VirtualAccount":"%%1843","TargetLinkedLogonId":"0x0","ElevatedToken":"%%1842","SubjectDomainName":"NORTH","TransmittedServices":"-","TargetLogonId":"0xd714f2","TargetUserSid":"S-1-5-21-2431860994-719566178-239256710-1113","ProcessName":"C:\\Windows\\System32\\svchost.exe","IpAddress":"-","IpPort":"-","ImpersonationLevel":"%%1833","SubjectLogonId":"0x3e7","LmPackageName":"-"},"OpenWEC":{"IpAddress":"10.202.0.184","TimeReceived":"2023-12-08T15:51:58.169824001+00:00","Principal":"WINTERFELL$@NORTH.SEVENKINGDOMS.LOCAL","Subscription":{"Uuid":"CB04741B-9072-4E2D-B769-3570FA020BBD","Version":"6E053E8A-FE0D-45A0-A863-C501EEDB4011","Name":"anssi-subscription"}}}
