{"System":{"Provider":{"Name":"Microsoft-Windows-Sysmon","Guid":"{5770385f-c22a-43e0-bf4c-06f5698ffbd9}"},"EventID":22,"Version":5,"Level":4,"Task":22,"Opcode":0,"Keywords":"0x8000000000000000","TimeCreated":"2023-12-08T16:03:54.615799600Z","EventRecordID":10698,"Correlation":{},"Execution":{"ProcessID":3248,"ThreadID":3932},"Channel":"Microsoft-Windows-Sysmon/Operational","Computer":"winterfell.north.sevenkingdoms.local","UserID":"S-1-5-18"},"EventData":{"QueryResults":"::ffff:192.168.56.22;","ProcessGuid":"{2b62dd35-3e68-6573-7e08-000000002300}","QueryName":"castelblack","RuleName":"-","Image":"C:\\Windows\\system32\\mstsc.exe","QueryStatus":"0","User":"NORTH\\robb.stark","ProcessId":"3340","UtcTime":"2023-12-08 12:44:47.214"},"OpenWEC":{"IpAddress":"10.202.0.184","TimeReceived":"2023-12-08T16:04:01.888592509+00:00","Principal":"WINTERFELL$@NORTH.SEVENKINGDOMS.LOCAL","Subscription":{"Uuid":"CB04741B-9072-4E2D-B769-3570FA020BBD","Version":"6E053E8A-FE0D-45A0-A863-C501EEDB4011","Name":"anssi-subscription"}}}
{"System":{"Provider":{"Name":"Microsoft-Windows-Sysmon","Guid":"{5770385f-c22a-43e0-bf4c-06f5698ffbd9}"},"EventID":3,"Version":5,"Level":4,"Task":3,"Opcode":0,"Keywords":"0x8000000000000000","TimeCreated":"2023-12-08T16:04:11.848603700Z","EventRecordID":10699,"Correlation":{},"Execution":{"ProcessID":3248,"ThreadID":3884},"Channel":"Microsoft-Windows-Sysmon/Operational","Computer":"winterfell.north.sevenkingdoms.local","UserID":"S-1-5-18"},"EventData":{"DestinationPort":"5985","SourceHostname":"winterfell.north.sevenkingdoms.local","SourceIsIpv6":"false","DestinationPortName":"-","User":"NT AUTHORITY\\NETWORK SERVICE","RuleName":"WinRM","SourcePortName":"-","DestinationIp":"10.202.0.154","Image":"C:\\Windows\\System32\\svchost.exe","DestinationIsIpv6":"false","UtcTime":"2023-12-08 12:45:05.185","Initiated":"true","ProcessId":"3228","SourceIp":"10.202.0.184","DestinationHostname":"-","SourcePort":"64879","Protocol":"tcp","ProcessGuid":"{2b62dd35-e477-6572-4d00-000000002300}"},"OpenWEC":{"IpAddress":"10.202.0.184","TimeReceived":"2023-12-08T16:04:42.813415403+00:00","Principal":"WINTERFELL$@NORTH.SEVENKINGDOMS.LOCAL","Subscription":{"Uuid":"CB04741B-9072-4E2D-B769-3570FA020BBD","Version":"6E053E8A-FE0D-45A0-A863-C501EEDB4011","Name":"anssi-subscription"}}}
{"System":{"Provider":{"Name":"Microsoft-Windows-Security-Auditing","Guid":"{54849625-5478-4994-a5ba-3e3b0328c30d}"},"EventID":4624,"Version":2,"Level":0,"Task":12544,"Opcode":0,"Keywords":"0x8020000000000000","TimeCreated":"2023-12-08T16:04:27.195107400Z","EventRecordID":158182,"Correlation":{},"Execution":{"ProcessID":652,"ThreadID":2812},"Channel":"Security","Computer":"winterfell.north.sevenkingdoms.local"},"EventData":{"WorkstationName":"-","SubjectLogonId":"0x0","RestrictedAdminMode":"-","ProcessId":"0x0","TargetOutboundDomainName":"-","TargetDomainName":"NORTH.SEVENKINGDOMS.LOCAL","SubjectUserName":"-","SubjectDomainName":"-","LogonType":"3","TargetUserSid":"S-1-5-18","KeyLength":"0","TargetUserName":"WINTERFELL$","ProcessName":"-","IpPort":"64881","IpAddress":"::1","TargetOutboundUserName":"-","TransmittedServices":"-","TargetLinkedLogonId":"0x0","LmPackageName":"-","ElevatedToken":"%%1842","AuthenticationPackageName":"Kerberos","ImpersonationLevel":"%%1833","LogonProcessName":"Kerberos","VirtualAccount":"%%1843","SubjectUserSid":"S-1-0-0","TargetLogonId":"0xe4438e","LogonGuid":"{3f4b9425-1866-4469-9e0a-1c617a2b9ee7}"},"OpenWEC":{"IpAddress":"10.202.0.184","TimeReceived":"2023-12-08T16:04:42.813415403+00:00","Principal":"WINTERFELL$@NORTH.SEVENKINGDOMS.LOCAL","Subscription":{"Uuid":"CB04741B-9072-4E2D-B769-3570FA020BBD","Version":"6E053E8A-FE0D-45A0-A863-C501EEDB4011","Name":"anssi-subscription"}}}
{"System":{"Provider":{"Name":"Microsoft-Windows-Sysmon","Guid":"{5770385f-c22a-43e0-bf4c-06f5698ffbd9}"},"EventID":10,"Version":3,"Level":4,"Task":10,"Opcode":0,"Keywords":"0x8000000000000000","TimeCreated":"2023-12-08T16:04:28.242984700Z","EventRecordID":10700,"Correlation":{},"Execution":{"ProcessID":3248,"ThreadID":3876},"Channel":"Microsoft-Windows-Sysmon/Operational","Computer":"winterfell.north.sevenkingdoms.local","UserID":"S-1-5-18"},"EventData":{"UtcTime":"2023-12-08 16:04:28.242","SourceProcessGUID":"{2b62dd35-e477-6572-4e00-000000002300}","TargetImage":"C:\\Windows\\system32\\lsass.exe","TargetUser":"NT AUTHORITY\\SYSTEM","GrantedAccess":"0x1fffff","TargetProcessGUID":"{2b62dd35-54d9-6573-0c00-000000002300}","RuleName":"-","SourceProcessId":"3248","SourceThreadId":"3884","TargetProcessId":"652","CallTrace":"C:\\Windows\\SYSTEM32\\ntdll.dll+9feb4|C:\\Windows\\SYSTEM32\\ntdll.dll+7d367|C:\\Windows\\System32\\KERNEL32.DLL+1c5b4|C:\\Windows\\System32\\KERNEL32.DLL+237f8|C:\\Windows\\sysmon64.exe+ec5cd|C:\\Windows\\sysmon64.exe+edeb7|C:\\Windows\\sysmon64.exe+12e889|C:\\Windows\\sysmon64.exe+ee90e|C:\\Windows\\sysmon64.exe+eecd3|C:\\Windows\\sysmon64.exe+f3eea|C:\\Windows\\sysmon64.exe+fbc2c|C:\\Windows\\sysmon64.exe+10dc04|C:\\Windows\\sysmon64.exe+10dcc5|C:\\Windows\\sysmon64.exe+1a9ad2|C:\\Windows\\System32\\KERNEL32.DLL+17974|C:\\Windows\\SYSTEM32\\ntdll.dll+5a2f1","SourceUser":"NT AUTHORITY\\SYSTEM","SourceImage":"C:\\Windows\\sysmon64.exe"},"OpenWEC":{"IpAddress":"10.202.0.184","TimeReceived":"2023-12-08T16:04:42.813415403+00:00","Principal":"WINTERFELL$@NORTH.SEVENKINGDOMS.LOCAL","Subscription":{"Uuid":"CB04741B-9072-4E2D-B769-3570FA020BBD","Version":"6E053E8A-FE0D-45A0-A863-C501EEDB4011","Name":"anssi-subscription"}}}
{"System":{"Provider":{"Name":"Microsoft-Windows-TaskScheduler","Guid":"{de7b24ea-73c8-4a09-985d-5bdadcfa9017}"},"EventID":107,"Version":0,"Level":4,"Task":107,"Opcode":0,"Keywords":"0x8000000000000000","TimeCreated":"2023-12-08T16:04:30.950938700Z","EventRecordID":49972,"Correlation":{"ActivityID":"{1c06654d-a8a5-4d5b-897d-a5d517dc8869}"},"Execution":{"ProcessID":1592,"ThreadID":5112},"Channel":"Microsoft-Windows-TaskScheduler/Operational","Computer":"winterfell.north.sevenkingdoms.local","UserID":"S-1-5-18"},"EventData":{"InstanceId":"{1c06654d-a8a5-4d5b-897d-a5d517dc8869}","TaskName":"\\connect_bot"},"OpenWEC":{"IpAddress":"10.202.0.184","TimeReceived":"2023-12-08T16:04:42.813415403+00:00","Principal":"WINTERFELL$@NORTH.SEVENKINGDOMS.LOCAL","Subscription":{"Uuid":"CB04741B-9072-4E2D-B769-3570FA020BBD","Version":"6E053E8A-FE0D-45A0-A863-C501EEDB4011","Name":"anssi-subscription"}}}
{"System":{"Provider":{"Name":"Microsoft-Windows-Security-Auditing","Guid":"{54849625-5478-4994-a5ba-3e3b0328c30d}"},"EventID":4648,"Version":0,"Level":0,"Task":12544,"Opcode":0,"Keywords":"0x8020000000000000","TimeCreated":"2023-12-08T16:04:30.950608500Z","EventRecordID":158186,"Correlation":{"ActivityID":"{82a8a277-29fd-0000-eca2-a882fd29da01}"},"Execution":{"ProcessID":652,"ThreadID":3368},"Channel":"Security","Computer":"winterfell.north.sevenkingdoms.local"},"EventData":{"SubjectLogonId":"0x3e7","LogonGuid":"{00000000-0000-0000-0000-000000000000}","SubjectUserName":"WINTERFELL$","TargetInfo":"localhost","IpPort":"-","IpAddress":"-","ProcessName":"C:\\Windows\\System32\\svchost.exe","TargetDomainName":"NORTH","TargetServerName":"localhost","TargetLogonGuid":"{09cfaeb8-71fd-76ec-3d9a-ec4fdcb79074}","SubjectUserSid":"S-1-5-18","TargetUserName":"robb.stark","SubjectDomainName":"NORTH","ProcessId":"0x638"},"OpenWEC":{"IpAddress":"10.202.0.184","TimeReceived":"2023-12-08T16:04:42.813415403+00:00","Principal":"WINTERFELL$@NORTH.SEVENKINGDOMS.LOCAL","Subscription":{"Uuid":"CB04741B-9072-4E2D-B769-3570FA020BBD","Version":"6E053E8A-FE0D-45A0-A863-C501EEDB4011","Name":"anssi-subscription"}}}
{"System":{"Provider":{"Name":"Microsoft-Windows-Security-Auditing","Guid":"{54849625-5478-4994-a5ba-3e3b0328c30d}"},"EventID":4624,"Version":2,"Level":0,"Task":12544,"Opcode":0,"Keywords":"0x8020000000000000","TimeCreated":"2023-12-08T16:04:30.950701600Z","EventRecordID":158187,"Correlation":{"ActivityID":"{82a8a277-29fd-0000-eca2-a882fd29da01}"},"Execution":{"ProcessID":652,"ThreadID":3368},"Channel":"Security","Computer":"winterfell.north.sevenkingdoms.local"},"EventData":{"SubjectUserSid":"S-1-5-18","AuthenticationPackageName":"Negotiate","VirtualAccount":"%%1843","LogonType":"4","SubjectDomainName":"NORTH","LmPackageName":"-","TransmittedServices":"-","ImpersonationLevel":"%%1833","RestrictedAdminMode":"-","TargetLinkedLogonId":"0x0","TargetUserName":"robb.stark","ProcessId":"0x638","TargetOutboundDomainName":"-","ProcessName":"C:\\Windows\\System32\\svchost.exe","IpAddress":"-","SubjectLogonId":"0x3e7","SubjectUserName":"WINTERFELL$","TargetOutboundUserName":"-","WorkstationName":"WINTERFELL","KeyLength":"0","TargetLogonId":"0xe44fac","ElevatedToken":"%%1842","LogonProcessName":"Advapi  ","LogonGuid":"{09cfaeb8-71fd-76ec-3d9a-ec4fdcb79074}","IpPort":"-","TargetUserSid":"S-1-5-21-2431860994-719566178-239256710-1113","TargetDomainName":"NORTH"},"OpenWEC":{"IpAddress":"10.202.0.184","TimeReceived":"2023-12-08T16:04:42.813415403+00:00","Principal":"WINTERFELL$@NORTH.SEVENKINGDOMS.LOCAL","Subscription":{"Uuid":"CB04741B-9072-4E2D-B769-3570FA020BBD","Version":"6E053E8A-FE0D-45A0-A863-C501EEDB4011","Name":"anssi-subscription"}}}
{"System":{"Provider":{"Name":"Microsoft-Windows-Security-Auditing","Guid":"{54849625-5478-4994-a5ba-3e3b0328c30d}"},"EventID":4672,"Version":0,"Level":0,"Task":12548,"Opcode":0,"Keywords":"0x8020000000000000","TimeCreated":"2023-12-08T16:04:30.950707700Z","EventRecordID":158188,"Correlation":{"ActivityID":"{82a8a277-29fd-0000-eca2-a882fd29da01}"},"Execution":{"ProcessID":652,"ThreadID":3368},"Channel":"Security","Computer":"winterfell.north.sevenkingdoms.local"},"EventData":{"SubjectUserName":"robb.stark","SubjectDomainName":"NORTH","SubjectUserSid":"S-1-5-21-2431860994-719566178-239256710-1113","SubjectLogonId":"0xe44fac","PrivilegeList":"SeSecurityPrivilege\n\t\t\tSeTakeOwnershipPrivilege\n\t\t\tSeLoadDriverPrivilege\n\t\t\tSeBackupPrivilege\n\t\t\tSeRestorePrivilege\n\t\t\tSeDebugPrivilege\n\t\t\tSeSystemEnvironmentPrivilege\n\t\t\tSeEnableDelegationPrivilege\n\t\t\tSeImpersonatePrivilege\n\t\t\tSeDelegateSessionUserImpersonatePrivilege"},"OpenWEC":{"IpAddress":"10.202.0.184","TimeReceived":"2023-12-08T16:04:42.813415403+00:00","Principal":"WINTERFELL$@NORTH.SEVENKINGDOMS.LOCAL","Subscription":{"Uuid":"CB04741B-9072-4E2D-B769-3570FA020BBD","Version":"6E053E8A-FE0D-45A0-A863-C501EEDB4011","Name":"anssi-subscription"}}}
{"System":{"Provider":{"Name":"Microsoft-Windows-Security-Auditing","Guid":"{54849625-5478-4994-a5ba-3e3b0328c30d}"},"EventID":4688,"Version":2,"Level":0,"Task":13312,"Opcode":0,"Keywords":"0x8020000000000000","TimeCreated":"2023-12-08T16:04:30.954213800Z","EventRecordID":158189,"Correlation":{},"Execution":{"ProcessID":4,"ThreadID":4176},"Channel":"Security","Computer":"winterfell.north.sevenkingdoms.local"},"EventData":{"ProcessId":"0x35c","CommandLine":"","TargetDomainName":"-","NewProcessId":"0x9a0","MandatoryLabel":"S-1-16-16384","SubjectDomainName":"NORTH","NewProcessName":"C:\\Windows\\System32\\dllhost.exe","SubjectLogonId":"0x3e7","ParentProcessName":"C:\\Windows\\System32\\svchost.exe","TargetLogonId":"0x0","SubjectUserSid":"S-1-5-18","SubjectUserName":"WINTERFELL$","TokenElevationType":"%%1936","TargetUserSid":"S-1-0-0","TargetUserName":"-"},"OpenWEC":{"IpAddress":"10.202.0.184","TimeReceived":"2023-12-08T16:04:42.813415403+00:00","Principal":"WINTERFELL$@NORTH.SEVENKINGDOMS.LOCAL","Subscription":{"Uuid":"CB04741B-9072-4E2D-B769-3570FA020BBD","Version":"6E053E8A-FE0D-45A0-A863-C501EEDB4011","Name":"anssi-subscription"}}}
{"System":{"Provider":{"Name":"Microsoft-Windows-Security-Auditing","Guid":"{54849625-5478-4994-a5ba-3e3b0328c30d}"},"EventID":4688,"Version":2,"Level":0,"Task":13312,"Opcode":0,"Keywords":"0x8020000000000000","TimeCreated":"2023-12-08T16:04:30.972968400Z","EventRecordID":158190,"Correlation":{},"Execution":{"ProcessID":4,"ThreadID":4176},"Channel":"Security","Computer":"winterfell.north.sevenkingdoms.local"},"EventData":{"TargetLogonId":"0xe44fac","ParentProcessName":"C:\\Windows\\System32\\svchost.exe","SubjectLogonId":"0x3e7","TargetDomainName":"NORTH","NewProcessId":"0xae4","MandatoryLabel":"S-1-16-12288","TokenElevationType":"%%1936","NewProcessName":"C:\\Windows\\System32\\cmd.exe","TargetUserSid":"S-1-0-0","CommandLine":"","TargetUserName":"robb.stark","SubjectUserName":"WINTERFELL$","SubjectDomainName":"NORTH","SubjectUserSid":"S-1-5-18","ProcessId":"0x638"},"OpenWEC":{"IpAddress":"10.202.0.184","TimeReceived":"2023-12-08T16:04:42.813415403+00:00","Principal":"WINTERFELL$@NORTH.SEVENKINGDOMS.LOCAL","Subscription":{"Uuid":"CB04741B-9072-4E2D-B769-3570FA020BBD","Version":"6E053E8A-FE0D-45A0-A863-C501EEDB4011","Name":"anssi-subscription"}}}
{"System":{"Provider":{"Name":"Microsoft-Windows-TaskScheduler","Guid":"{de7b24ea-73c8-4a09-985d-5bdadcfa9017}"},"EventID":129,"Version":0,"Level":4,"Task":129,"Opcode":0,"Keywords":"0x8000000000000000","TimeCreated":"2023-12-08T16:04:30.975545800Z","EventRecordID":49973,"Correlation":{},"Execution":{"ProcessID":1592,"ThreadID":5112},"Channel":"Microsoft-Windows-TaskScheduler/Operational","Computer":"winterfell.north.sevenkingdoms.local","UserID":"S-1-5-18"},"EventData":{"ProcessID":"2788","TaskName":"\\connect_bot","Path":"cmd.exe","Priority":"16384"},"OpenWEC":{"IpAddress":"10.202.0.184","TimeReceived":"2023-12-08T16:04:42.813415403+00:00","Principal":"WINTERFELL$@NORTH.SEVENKINGDOMS.LOCAL","Subscription":{"Uuid":"CB04741B-9072-4E2D-B769-3570FA020BBD","Version":"6E053E8A-FE0D-45A0-A863-C501EEDB4011","Name":"anssi-subscription"}}}
{"System":{"Provider":{"Name":"Microsoft-Windows-TaskScheduler","Guid":"{de7b24ea-73c8-4a09-985d-5bdadcfa9017}"},"EventID":100,"Version":0,"Level":4,"Task":100,"Opcode":1,"Keywords":"0x8000000000000001","TimeCreated":"2023-12-08T16:04:30.975793000Z","EventRecordID":49974,"Correlation":{"ActivityID":"{1c06654d-a8a5-4d5b-897d-a5d517dc8869}"},"Execution":{"ProcessID":1592,"ThreadID":5112},"Channel":"Microsoft-Windows-TaskScheduler/Operational","Computer":"winterfell.north.sevenkingdoms.local","UserID":"S-1-5-18"},"EventData":{"InstanceId":"{1c06654d-a8a5-4d5b-897d-a5d517dc8869}","UserContext":"NORTH\\robb.stark","TaskName":"\\connect_bot"},"OpenWEC":{"IpAddress":"10.202.0.184","TimeReceived":"2023-12-08T16:04:42.813415403+00:00","Principal":"WINTERFELL$@NORTH.SEVENKINGDOMS.LOCAL","Subscription":{"Uuid":"CB04741B-9072-4E2D-B769-3570FA020BBD","Version":"6E053E8A-FE0D-45A0-A863-C501EEDB4011","Name":"anssi-subscription"}}}
{"System":{"Provider":{"Name":"Microsoft-Windows-TaskScheduler","Guid":"{de7b24ea-73c8-4a09-985d-5bdadcfa9017}"},"EventID":200,"Version":1,"Level":4,"Task":200,"Opcode":1,"Keywords":"0x8000000000000000","TimeCreated":"2023-12-08T16:04:30.975794300Z","EventRecordID":49975,"Correlation":{"ActivityID":"{1c06654d-a8a5-4d5b-897d-a5d517dc8869}"},"Execution":{"ProcessID":1592,"ThreadID":5112},"Channel":"Microsoft-Windows-TaskScheduler/Operational","Computer":"winterfell.north.sevenkingdoms.local","UserID":"S-1-5-18"},"EventData":{"ActionName":"cmd.exe","EnginePID":"2788","TaskName":"\\connect_bot","TaskInstanceId":"{1c06654d-a8a5-4d5b-897d-a5d517dc8869}"},"OpenWEC":{"IpAddress":"10.202.0.184","TimeReceived":"2023-12-08T16:04:42.813415403+00:00","Principal":"WINTERFELL$@NORTH.SEVENKINGDOMS.LOCAL","Subscription":{"Uuid":"CB04741B-9072-4E2D-B769-3570FA020BBD","Version":"6E053E8A-FE0D-45A0-A863-C501EEDB4011","Name":"anssi-subscription"}}}
{"System":{"Provider":{"Name":"Microsoft-Windows-Security-Auditing","Guid":"{54849625-5478-4994-a5ba-3e3b0328c30d}"},"EventID":4688,"Version":2,"Level":0,"Task":13312,"Opcode":0,"Keywords":"0x8020000000000000","TimeCreated":"2023-12-08T16:04:30.978989700Z","EventRecordID":158191,"Correlation":{},"Execution":{"ProcessID":4,"ThreadID":4176},"Channel":"Security","Computer":"winterfell.north.sevenkingdoms.local"},"EventData":{"NewProcessName":"C:\\Windows\\System32\\conhost.exe","TargetUserName":"-","ProcessId":"0xae4","MandatoryLabel":"S-1-16-12288","SubjectUserName":"robb.stark","TokenElevationType":"%%1936","ParentProcessName":"C:\\Windows\\System32\\cmd.exe","SubjectUserSid":"S-1-5-21-2431860994-719566178-239256710-1113","TargetDomainName":"-","TargetLogonId":"0x0","SubjectDomainName":"NORTH","TargetUserSid":"S-1-0-0","NewProcessId":"0x15ac","CommandLine":"","SubjectLogonId":"0xe44fac"},"OpenWEC":{"IpAddress":"10.202.0.184","TimeReceived":"2023-12-08T16:04:42.813415403+00:00","Principal":"WINTERFELL$@NORTH.SEVENKINGDOMS.LOCAL","Subscription":{"Uuid":"CB04741B-9072-4E2D-B769-3570FA020BBD","Version":"6E053E8A-FE0D-45A0-A863-C501EEDB4011","Name":"anssi-subscription"}}}
{"System":{"Provider":{"Name":"Microsoft-Windows-Security-Auditing","Guid":"{54849625-5478-4994-a5ba-3e3b0328c30d}"},"EventID":4688,"Version":2,"Level":0,"Task":13312,"Opcode":0,"Keywords":"0x8020000000000000","TimeCreated":"2023-12-08T16:04:31.014935900Z","EventRecordID":158192,"Correlation":{},"Execution":{"ProcessID":4,"ThreadID":4176},"Channel":"Security","Computer":"winterfell.north.sevenkingdoms.local"},"EventData":{"NewProcessName":"C:\\Windows\\System32\\WindowsPowerShell\\v1.0\\powershell.exe","ProcessId":"0xae4","TargetDomainName":"-","SubjectUserSid":"S-1-5-21-2431860994-719566178-239256710-1113","NewProcessId":"0xe7c","TargetUserSid":"S-1-0-0","SubjectDomainName":"NORTH","CommandLine":"","ParentProcessName":"C:\\Windows\\System32\\cmd.exe","SubjectUserName":"robb.stark","TokenElevationType":"%%1936","SubjectLogonId":"0xe44fac","MandatoryLabel":"S-1-16-12288","TargetLogonId":"0x0","TargetUserName":"-"},"OpenWEC":{"IpAddress":"10.202.0.184","TimeReceived":"2023-12-08T16:04:42.813415403+00:00","Principal":"WINTERFELL$@NORTH.SEVENKINGDOMS.LOCAL","Subscription":{"Uuid":"CB04741B-9072-4E2D-B769-3570FA020BBD","Version":"6E053E8A-FE0D-45A0-A863-C501EEDB4011","Name":"anssi-subscription"}}}
{"System":{"Provider":{"Name":"Microsoft-Windows-Security-Auditing","Guid":"{54849625-5478-4994-a5ba-3e3b0328c30d}"},"EventID":4688,"Version":2,"Level":0,"Task":13312,"Opcode":0,"Keywords":"0x8020000000000000","TimeCreated":"2023-12-08T16:04:31.217488400Z","EventRecordID":158193,"Correlation":{},"Execution":{"ProcessID":4,"ThreadID":4176},"Channel":"Security","Computer":"winterfell.north.sevenkingdoms.local"},"EventData":{"TargetUserSid":"S-1-0-0","SubjectDomainName":"NORTH","SubjectLogonId":"0xe44fac","CommandLine":"","TargetUserName":"-","SubjectUserSid":"S-1-5-21-2431860994-719566178-239256710-1113","TargetLogonId":"0x0","MandatoryLabel":"S-1-16-12288","TargetDomainName":"-","SubjectUserName":"robb.stark","ProcessId":"0xe7c","ParentProcessName":"C:\\Windows\\System32\\WindowsPowerShell\\v1.0\\powershell.exe","TokenElevationType":"%%1936","NewProcessId":"0xc7c","NewProcessName":"C:\\Windows\\System32\\query.exe"},"OpenWEC":{"IpAddress":"10.202.0.184","TimeReceived":"2023-12-08T16:04:42.813415403+00:00","Principal":"WINTERFELL$@NORTH.SEVENKINGDOMS.LOCAL","Subscription":{"Uuid":"CB04741B-9072-4E2D-B769-3570FA020BBD","Version":"6E053E8A-FE0D-45A0-A863-C501EEDB4011","Name":"anssi-subscription"}}}
{"System":{"Provider":{"Name":"Microsoft-Windows-Security-Auditing","Guid":"{54849625-5478-4994-a5ba-3e3b0328c30d}"},"EventID":4688,"Version":2,"Level":0,"Task":13312,"Opcode":0,"Keywords":"0x8020000000000000","TimeCreated":"2023-12-08T16:04:31.233217400Z","EventRecordID":158194,"Correlation":{},"Execution":{"ProcessID":4,"ThreadID":4176},"Channel":"Security","Computer":"winterfell.north.sevenkingdoms.local"},"EventData":{"NewProcessId":"0xa74","SubjectUserSid":"S-1-5-21-2431860994-719566178-239256710-1113","MandatoryLabel":"S-1-16-12288","ParentProcessName":"C:\\Windows\\System32\\query.exe","NewProcessName":"C:\\Windows\\System32\\qwinsta.exe","TargetDomainName":"-","TargetLogonId":"0x0","TokenElevationType":"%%1936","CommandLine":"","SubjectLogonId":"0xe44fac","ProcessId":"0xc7c","SubjectUserName":"robb.stark","SubjectDomainName":"NORTH","TargetUserName":"-","TargetUserSid":"S-1-0-0"},"OpenWEC":{"IpAddress":"10.202.0.184","TimeReceived":"2023-12-08T16:04:42.813415403+00:00","Principal":"WINTERFELL$@NORTH.SEVENKINGDOMS.LOCAL","Subscription":{"Uuid":"CB04741B-9072-4E2D-B769-3570FA020BBD","Version":"6E053E8A-FE0D-45A0-A863-C501EEDB4011","Name":"anssi-subscription"}}}
{"System":{"Provider":{"Name":"Microsoft-Windows-Sysmon","Guid":"{5770385f-c22a-43e0-bf4c-06f5698ffbd9}"},"EventID":10,"Version":3,"Level":4,"Task":10,"Opcode":0,"Keywords":"0x8000000000000000","TimeCreated":"2023-12-08T16:04:30.937708800Z","EventRecordID":10701,"Correlation":{},"Execution":{"ProcessID":3248,"ThreadID":3876},"Channel":"Microsoft-Windows-Sysmon/Operational","Computer":"winterfell.north.sevenkingdoms.local","UserID":"S-1-5-18"},"EventData":{"TargetUser":"NT AUTHORITY\\SYSTEM","SourceThreadId":"1200","SourceProcessId":"948","TargetProcessId":"652","GrantedAccess":"0x1000","SourceProcessGUID":"{2b62dd35-54db-6573-1000-000000002300}","TargetImage":"C:\\Windows\\system32\\lsass.exe","RuleName":"-","UtcTime":"2023-12-08 16:04:30.930","TargetProcessGUID":"{2b62dd35-54d9-6573-0c00-000000002300}","CallTrace":"C:\\Windows\\SYSTEM32\\ntdll.dll+9feb4|C:\\Windows\\System32\\KERNELBASE.dll+6c2f5|c:\\windows\\system32\\lsm.dll+f397|c:\\windows\\system32\\lsm.dll+df54|C:\\Windows\\System32\\RPCRT4.dll+784a3|C:\\Windows\\System32\\RPCRT4.dll+d9f9a|C:\\Windows\\System32\\RPCRT4.dll+1ac60|C:\\Windows\\System32\\RPCRT4.dll+508e8|C:\\Windows\\System32\\RPCRT4.dll+3ad80|C:\\Windows\\System32\\RPCRT4.dll+3a72b|C:\\Windows\\System32\\RPCRT4.dll+2c9cf|C:\\Windows\\System32\\RPCRT4.dll+2be2a|C:\\Windows\\System32\\RPCRT4.dll+2b3f1|C:\\Windows\\System32\\RPCRT4.dll+2ae62|C:\\Windows\\System32\\RPCRT4.dll+218d5|C:\\Windows\\SYSTEM32\\ntdll.dll+69c20|C:\\Windows\\SYSTEM32\\ntdll.dll+166e8|C:\\Windows\\System32\\KERNEL32.DLL+17974|C:\\Windows\\SYSTEM32\\ntdll.dll+5a2f1","SourceUser":"NT AUTHORITY\\SYSTEM","SourceImage":"C:\\Windows\\system32\\svchost.exe"},"OpenWEC":{"IpAddress":"10.202.0.184","TimeReceived":"2023-12-08T16:04:42.813415403+00:00","Principal":"WINTERFELL$@NORTH.SEVENKINGDOMS.LOCAL","Subscription":{"Uuid":"CB04741B-9072-4E2D-B769-3570FA020BBD","Version":"6E053E8A-FE0D-45A0-A863-C501EEDB4011","Name":"anssi-subscription"}}}
{"System":{"Provider":{"Name":"Microsoft-Windows-Sysmon","Guid":"{5770385f-c22a-43e0-bf4c-06f5698ffbd9}"},"EventID":10,"Version":3,"Level":4,"Task":10,"Opcode":0,"Keywords":"0x8000000000000000","TimeCreated":"2023-12-08T16:04:30.937937200Z","EventRecordID":10702,"Correlation":{},"Execution":{"ProcessID":3248,"ThreadID":3876},"Channel":"Microsoft-Windows-Sysmon/Operational","Computer":"winterfell.north.sevenkingdoms.local","UserID":"S-1-5-18"},"EventData":{"UtcTime":"2023-12-08 16:04:30.930","SourceProcessGUID":"{2b62dd35-54db-6573-1000-000000002300}","SourceProcessId":"948","SourceThreadId":"1200","SourceImage":"C:\\Windows\\system32\\svchost.exe","TargetImage":"C:\\Windows\\system32\\lsass.exe","CallTrace":"C:\\Windows\\SYSTEM32\\ntdll.dll+9feb4|C:\\Windows\\System32\\KERNELBASE.dll+6c2f5|c:\\windows\\system32\\lsm.dll+e2ca|c:\\windows\\system32\\lsm.dll+e044|C:\\Windows\\System32\\RPCRT4.dll+784a3|C:\\Windows\\System32\\RPCRT4.dll+d9f9a|C:\\Windows\\System32\\RPCRT4.dll+1ac60|C:\\Windows\\System32\\RPCRT4.dll+508e8|C:\\Windows\\System32\\RPCRT4.dll+3ad80|C:\\Windows\\System32\\RPCRT4.dll+3a72b|C:\\Windows\\System32\\RPCRT4.dll+2c9cf|C:\\Windows\\System32\\RPCRT4.dll+2be2a|C:\\Windows\\System32\\RPCRT4.dll+2b3f1|C:\\Windows\\System32\\RPCRT4.dll+2ae62|C:\\Windows\\System32\\RPCRT4.dll+218d5|C:\\Windows\\SYSTEM32\\ntdll.dll+69c20|C:\\Windows\\SYSTEM32\\ntdll.dll+166e8|C:\\Windows\\System32\\KERNEL32.DLL+17974|C:\\Windows\\SYSTEM32\\ntdll.dll+5a2f1","TargetUser":"NT AUTHORITY\\SYSTEM","SourceUser":"NT AUTHORITY\\SYSTEM","GrantedAccess":"0x1000","RuleName":"-","TargetProcessId":"652","TargetProcessGUID":"{2b62dd35-54d9-6573-0c00-000000002300}"},"OpenWEC":{"IpAddress":"10.202.0.184","TimeReceived":"2023-12-08T16:04:42.813415403+00:00","Principal":"WINTERFELL$@NORTH.SEVENKINGDOMS.LOCAL","Subscription":{"Uuid":"CB04741B-9072-4E2D-B769-3570FA020BBD","Version":"6E053E8A-FE0D-45A0-A863-C501EEDB4011","Name":"anssi-subscription"}}}
{"System":{"Provider":{"Name":"Microsoft-Windows-Sysmon","Guid":"{5770385f-c22a-43e0-bf4c-06f5698ffbd9}"},"EventID":1,"Version":5,"Level":4,"Task":1,"Opcode":0,"Keywords":"0x8000000000000000","TimeCreated":"2023-12-08T16:04:30.956680200Z","EventRecordID":10703,"Correlation":{},"Execution":{"ProcessID":3248,"ThreadID":3876},"Channel":"Microsoft-Windows-Sysmon/Operational","Computer":"winterfell.north.sevenkingdoms.local","UserID":"S-1-5-18"},"EventData":{"Hashes":"MD5=D2AB39EA2C0FCD172751F84BDA723A97,SHA256=C4E078607DB2784BE7761C86048DFFA6F3EF04B551354A32FCDEC3B6A3450905,IMPHASH=68E651F131674892AE7E46556EB24726","ProcessGuid":"{2b62dd35-3e8e-6573-7f08-000000002300}","ParentProcessGuid":"{00000000-0000-0000-0000-000000000000}","FileVersion":"10.0.17763.1 (WinBuild.160101.0800)","ParentUser":"-","CommandLine":"C:\\Windows\\system32\\DllHost.exe /Processid:{E10F6C3A-F1AE-4ADC-AA9D-2FE65525666E}","ParentProcessId":"860","RuleName":"-","Image":"C:\\Windows\\System32\\dllhost.exe","User":"NT AUTHORITY\\SYSTEM","ProcessId":"2464","ParentCommandLine":"-","ParentImage":"-","OriginalFileName":"dllhost.exe","LogonGuid":"{2b62dd35-54d9-6573-e703-000000000000}","Description":"COM Surrogate","UtcTime":"2023-12-08 16:04:30.954","Company":"Microsoft Corporation","TerminalSessionId":"0","Product":"Microsoft® Windows® Operating System","CurrentDirectory":"C:\\Windows\\system32\\","LogonId":"0x3e7","IntegrityLevel":"System"},"OpenWEC":{"IpAddress":"10.202.0.184","TimeReceived":"2023-12-08T16:04:42.813415403+00:00","Principal":"WINTERFELL$@NORTH.SEVENKINGDOMS.LOCAL","Subscription":{"Uuid":"CB04741B-9072-4E2D-B769-3570FA020BBD","Version":"6E053E8A-FE0D-45A0-A863-C501EEDB4011","Name":"anssi-subscription"}}}
{"System":{"Provider":{"Name":"Microsoft-Windows-Sysmon","Guid":"{5770385f-c22a-43e0-bf4c-06f5698ffbd9}"},"EventID":1,"Version":5,"Level":4,"Task":1,"Opcode":0,"Keywords":"0x8000000000000000","TimeCreated":"2023-12-08T16:04:30.974891000Z","EventRecordID":10704,"Correlation":{},"Execution":{"ProcessID":3248,"ThreadID":3876},"Channel":"Microsoft-Windows-Sysmon/Operational","Computer":"winterfell.north.sevenkingdoms.local","UserID":"S-1-5-18"},"EventData":{"ProcessGuid":"{2b62dd35-3e8e-6573-8008-000000002300}","CommandLine":"cmd.exe /c powershell c:\\setup\\bot_rdp.ps1","FileVersion":"10.0.17763.1697 (WinBuild.160101.0800)","OriginalFileName":"Cmd.Exe","CurrentDirectory":"C:\\Windows\\system32\\","Product":"Microsoft® Windows® Operating System","IntegrityLevel":"High","ParentImage":"-","ParentCommandLine":"-","ParentProcessGuid":"{00000000-0000-0000-0000-000000000000}","Company":"Microsoft Corporation","Image":"C:\\Windows\\System32\\cmd.exe","Hashes":"MD5=911D039E71583A07320B32BDE22F8E22,SHA256=BC866CFCDDA37E24DC2634DC282C7A0E6F55209DA17A8FA105B07414C0E7C527,IMPHASH=272245E2988E1E430500B852C4FB5E18","ProcessId":"2788","UtcTime":"2023-12-08 16:04:30.972","User":"NORTH\\robb.stark","LogonGuid":"{2b62dd35-3e8e-6573-ac4f-e40000000000}","Description":"Windows Command Processor","LogonId":"0xe44fac","TerminalSessionId":"0","RuleName":"-","ParentProcessId":"1592","ParentUser":"-"},"OpenWEC":{"IpAddress":"10.202.0.184","TimeReceived":"2023-12-08T16:04:42.813415403+00:00","Principal":"WINTERFELL$@NORTH.SEVENKINGDOMS.LOCAL","Subscription":{"Uuid":"CB04741B-9072-4E2D-B769-3570FA020BBD","Version":"6E053E8A-FE0D-45A0-A863-C501EEDB4011","Name":"anssi-subscription"}}}
{"System":{"Provider":{"Name":"Microsoft-Windows-Sysmon","Guid":"{5770385f-c22a-43e0-bf4c-06f5698ffbd9}"},"EventID":1,"Version":5,"Level":4,"Task":1,"Opcode":0,"Keywords":"0x8000000000000000","TimeCreated":"2023-12-08T16:04:31.022395400Z","EventRecordID":10705,"Correlation":{},"Execution":{"ProcessID":3248,"ThreadID":3876},"Channel":"Microsoft-Windows-Sysmon/Operational","Computer":"winterfell.north.sevenkingdoms.local","UserID":"S-1-5-18"},"EventData":{"ParentProcessId":"2788","IntegrityLevel":"High","UtcTime":"2023-12-08 16:04:31.014","CommandLine":"powershell  c:\\setup\\bot_rdp.ps1","LogonId":"0xe44fac","TerminalSessionId":"0","ParentImage":"C:\\Windows\\System32\\cmd.exe","Description":"Windows PowerShell","Product":"Microsoft® Windows® Operating System","ProcessId":"3708","Company":"Microsoft Corporation","RuleName":"-","ProcessGuid":"{2b62dd35-3e8f-6573-8208-000000002300}","ParentProcessGuid":"{2b62dd35-3e8e-6573-8008-000000002300}","Image":"C:\\Windows\\System32\\WindowsPowerShell\\v1.0\\powershell.exe","CurrentDirectory":"C:\\Windows\\system32\\","FileVersion":"10.0.17763.1 (WinBuild.160101.0800)","ParentUser":"NORTH\\robb.stark","ParentCommandLine":"cmd.exe /c powershell c:\\setup\\bot_rdp.ps1","Hashes":"MD5=7353F60B1739074EB17C5F4DDDEFE239,SHA256=DE96A6E69944335375DC1AC238336066889D9FFC7D73628EF4FE1B1B160AB32C,IMPHASH=741776AACCFC5B71FF59832DCDCACE0F","OriginalFileName":"PowerShell.EXE","User":"NORTH\\robb.stark","LogonGuid":"{2b62dd35-3e8e-6573-ac4f-e40000000000}"},"OpenWEC":{"IpAddress":"10.202.0.184","TimeReceived":"2023-12-08T16:04:42.813415403+00:00","Principal":"WINTERFELL$@NORTH.SEVENKINGDOMS.LOCAL","Subscription":{"Uuid":"CB04741B-9072-4E2D-B769-3570FA020BBD","Version":"6E053E8A-FE0D-45A0-A863-C501EEDB4011","Name":"anssi-subscription"}}}
{"System":{"Provider":{"Name":"Microsoft-Windows-Sysmon","Guid":"{5770385f-c22a-43e0-bf4c-06f5698ffbd9}"},"EventID":11,"Version":2,"Level":4,"Task":11,"Opcode":0,"Keywords":"0x8000000000000000","TimeCreated":"2023-12-08T16:04:31.098953700Z","EventRecordID":10706,"Correlation":{},"Execution":{"ProcessID":3248,"ThreadID":3876},"Channel":"Microsoft-Windows-Sysmon/Operational","Computer":"winterfell.north.sevenkingdoms.local","UserID":"S-1-5-18"},"EventData":{"User":"NORTH\\robb.stark","UtcTime":"2023-12-08 16:04:31.098","ProcessId":"3708","Image":"C:\\Windows\\System32\\WindowsPowerShell\\v1.0\\powershell.exe","TargetFilename":"C:\\Users\\robb.stark\\AppData\\Local\\Temp\\__PSScriptPolicyTest_etdoqpcs.me5.ps1","ProcessGuid":"{2b62dd35-3e8f-6573-8208-000000002300}","RuleName":"-","CreationUtcTime":"2023-12-08 16:04:31.097"},"OpenWEC":{"IpAddress":"10.202.0.184","TimeReceived":"2023-12-08T16:04:42.813415403+00:00","Principal":"WINTERFELL$@NORTH.SEVENKINGDOMS.LOCAL","Subscription":{"Uuid":"CB04741B-9072-4E2D-B769-3570FA020BBD","Version":"6E053E8A-FE0D-45A0-A863-C501EEDB4011","Name":"anssi-subscription"}}}
{"System":{"Provider":{"Name":"Microsoft-Windows-Sysmon","Guid":"{5770385f-c22a-43e0-bf4c-06f5698ffbd9}"},"EventID":1,"Version":5,"Level":4,"Task":1,"Opcode":0,"Keywords":"0x8000000000000000","TimeCreated":"2023-12-08T16:04:31.220966900Z","EventRecordID":10707,"Correlation":{},"Execution":{"ProcessID":3248,"ThreadID":3876},"Channel":"Microsoft-Windows-Sysmon/Operational","Computer":"winterfell.north.sevenkingdoms.local","UserID":"S-1-5-18"},"EventData":{"ParentProcessId":"3708","TerminalSessionId":"0","LogonId":"0xe44fac","UtcTime":"2023-12-08 16:04:31.217","ParentCommandLine":"powershell  c:\\setup\\bot_rdp.ps1","Image":"C:\\Windows\\System32\\query.exe","CurrentDirectory":"C:\\Windows\\system32\\","Company":"Microsoft Corporation","CommandLine":"\"C:\\Windows\\system32\\query.exe\" session robb.stark /server:castelblack","FileVersion":"10.0.17763.1 (WinBuild.160101.0800)","ParentImage":"C:\\Windows\\System32\\WindowsPowerShell\\v1.0\\powershell.exe","Product":"Microsoft® Windows® Operating System","RuleName":"-","User":"NORTH\\robb.stark","LogonGuid":"{2b62dd35-3e8e-6573-ac4f-e40000000000}","ProcessId":"3196","ProcessGuid":"{2b62dd35-3e8f-6573-8308-000000002300}","IntegrityLevel":"High","Hashes":"MD5=8A7520A6CC2A2968F4A8EE4DB946AD8D,SHA256=3369E8FEA09C3C226D636B13108DA357093D0D98214236417839A94F56D3BA02,IMPHASH=CCC9DA4A55E90DFE34CBCDB066D6A6B3","OriginalFileName":"query.exe","ParentProcessGuid":"{2b62dd35-3e8f-6573-8208-000000002300}","ParentUser":"NORTH\\robb.stark","Description":"MultiUser Query Utility"},"OpenWEC":{"IpAddress":"10.202.0.184","TimeReceived":"2023-12-08T16:04:42.813415403+00:00","Principal":"WINTERFELL$@NORTH.SEVENKINGDOMS.LOCAL","Subscription":{"Uuid":"CB04741B-9072-4E2D-B769-3570FA020BBD","Version":"6E053E8A-FE0D-45A0-A863-C501EEDB4011","Name":"anssi-subscription"}}}
{"System":{"Provider":{"Name":"Microsoft-Windows-Sysmon","Guid":"{5770385f-c22a-43e0-bf4c-06f5698ffbd9}"},"EventID":10,"Version":3,"Level":4,"Task":10,"Opcode":0,"Keywords":"0x8000000000000000","TimeCreated":"2023-12-08T16:04:31.221346000Z","EventRecordID":10708,"Correlation":{},"Execution":{"ProcessID":3248,"ThreadID":3876},"Channel":"Microsoft-Windows-Sysmon/Operational","Computer":"winterfell.north.sevenkingdoms.local","UserID":"S-1-5-18"},"EventData":{"CallTrace":"C:\\Windows\\SYSTEM32\\ntdll.dll+a1244|C:\\Windows\\System32\\KERNELBASE.dll+485d2|C:\\Windows\\System32\\KERNELBASE.dll+45fc6|C:\\Windows\\System32\\KERNEL32.DLL+1c2e3|C:\\Windows\\assembly\\NativeImages_v4.0.30319_64\\System\\cb755e97e255f61e327a8001d4e05859\\System.ni.dll+3332f6|C:\\Windows\\assembly\\NativeImages_v4.0.30319_64\\System\\cb755e97e255f61e327a8001d4e05859\\System.ni.dll+2b5560|C:\\Windows\\assembly\\NativeImages_v4.0.30319_64\\System\\cb755e97e255f61e327a8001d4e05859\\System.ni.dll+2b4f07|C:\\Windows\\assembly\\NativeImages_v4.0.30319_64\\System.Manaa57fc8cc#\\da4031e77cd7d8b426cd99e749e0c982\\System.Management.Automation.ni.dll+f7fc6b|C:\\Windows\\assembly\\NativeImages_v4.0.30319_64\\System.Manaa57fc8cc#\\da4031e77cd7d8b426cd99e749e0c982\\System.Management.Automation.ni.dll+ed9fad|C:\\Windows\\assembly\\NativeImages_v4.0.30319_64\\System.Manaa57fc8cc#\\da4031e77cd7d8b426cd99e749e0c982\\System.Management.Automation.ni.dll+f5cb1e|C:\\Windows\\assembly\\NativeImages_v4.0.30319_64\\System.Manaa57fc8cc#\\da4031e77cd7d8b426cd99e749e0c982\\System.Management.Automation.ni.dll+f5c7fb|C:\\Windows\\assembly\\NativeImages_v4.0.30319_64\\System.Manaa57fc8cc#\\da4031e77cd7d8b426cd99e749e0c982\\System.Management.Automation.ni.dll+104fcb4|UNKNOWN(00007FF7D51B13C1)","SourceThreadId":"2612","SourceProcessId":"3708","SourceUser":"NORTH\\robb.stark","RuleName":"-","SourceImage":"C:\\Windows\\System32\\WindowsPowerShell\\v1.0\\powershell.exe","TargetProcessId":"3196","TargetImage":"C:\\Windows\\system32\\query.exe","TargetUser":"NORTH\\robb.stark","SourceProcessGUID":"{2b62dd35-3e8f-6573-8208-000000002300}","TargetProcessGUID":"{2b62dd35-3e8f-6573-8308-000000002300}","GrantedAccess":"0x1fffff","UtcTime":"2023-12-08 16:04:31.209"},"OpenWEC":{"IpAddress":"10.202.0.184","TimeReceived":"2023-12-08T16:04:42.813415403+00:00","Principal":"WINTERFELL$@NORTH.SEVENKINGDOMS.LOCAL","Subscription":{"Uuid":"CB04741B-9072-4E2D-B769-3570FA020BBD","Version":"6E053E8A-FE0D-45A0-A863-C501EEDB4011","Name":"anssi-subscription"}}}
{"System":{"Provider":{"Name":"Microsoft-Windows-Sysmon","Guid":"{5770385f-c22a-43e0-bf4c-06f5698ffbd9}"},"EventID":1,"Version":5,"Level":4,"Task":1,"Opcode":0,"Keywords":"0x8000000000000000","TimeCreated":"2023-12-08T16:04:31.236494900Z","EventRecordID":10709,"Correlation":{},"Execution":{"ProcessID":3248,"ThreadID":3876},"Channel":"Microsoft-Windows-Sysmon/Operational","Computer":"winterfell.north.sevenkingdoms.local","UserID":"S-1-5-18"},"EventData":{"UtcTime":"2023-12-08 16:04:31.233","Company":"Microsoft Corporation","LogonId":"0xe44fac","TerminalSessionId":"0","ParentProcessGuid":"{2b62dd35-3e8f-6573-8308-000000002300}","FileVersion":"10.0.17763.1 (WinBuild.160101.0800)","Description":"Query Session Utility","CurrentDirectory":"C:\\Windows\\system32\\","RuleName":"-","CommandLine":"\"C:\\Windows\\system32\\qwinsta.exe\" robb.stark /server:castelblack","Image":"C:\\Windows\\System32\\qwinsta.exe","Product":"Microsoft® Windows® Operating System","IntegrityLevel":"High","Hashes":"MD5=9322C72AB11E725B098552A5FAE0F655,SHA256=E1AE2EC83FEC0C8CF01B9E4C3DA910BE61ABF3071E56EDA834590C405E8E4E69,IMPHASH=45B4A06EB57D86287767753D3ED73862","ProcessGuid":"{2b62dd35-3e8f-6573-8408-000000002300}","ParentCommandLine":"\"C:\\Windows\\system32\\query.exe\" session robb.stark /server:castelblack","LogonGuid":"{2b62dd35-3e8e-6573-ac4f-e40000000000}","ParentImage":"C:\\Windows\\System32\\query.exe","ProcessId":"2676","ParentUser":"NORTH\\robb.stark","User":"NORTH\\robb.stark","ParentProcessId":"3196","OriginalFileName":"qwinsta.exe"},"OpenWEC":{"IpAddress":"10.202.0.184","TimeReceived":"2023-12-08T16:04:42.813415403+00:00","Principal":"WINTERFELL$@NORTH.SEVENKINGDOMS.LOCAL","Subscription":{"Uuid":"CB04741B-9072-4E2D-B769-3570FA020BBD","Version":"6E053E8A-FE0D-45A0-A863-C501EEDB4011","Name":"anssi-subscription"}}}
{"System":{"Provider":{"Name":"Microsoft-Windows-Sysmon","Guid":"{5770385f-c22a-43e0-bf4c-06f5698ffbd9}"},"EventID":22,"Version":5,"Level":4,"Task":22,"Opcode":0,"Keywords":"0x8000000000000000","TimeCreated":"2023-12-08T16:04:31.960799000Z","EventRecordID":10710,"Correlation":{},"Execution":{"ProcessID":3248,"ThreadID":3932},"Channel":"Microsoft-Windows-Sysmon/Operational","Computer":"winterfell.north.sevenkingdoms.local","UserID":"S-1-5-18"},"EventData":{"QueryResults":"10.202.0.184;192.168.56.11;10.0.2.15;","QueryName":"winterfell","User":"NT AUTHORITY\\SYSTEM","ProcessId":"652","Image":"C:\\Windows\\system32\\lsass.exe","RuleName":"-","UtcTime":"2023-12-08 12:45:25.558","QueryStatus":"0","ProcessGuid":"{2b62dd35-54d9-6573-0c00-000000002300}"},"OpenWEC":{"IpAddress":"10.202.0.184","TimeReceived":"2023-12-08T16:04:42.813415403+00:00","Principal":"WINTERFELL$@NORTH.SEVENKINGDOMS.LOCAL","Subscription":{"Uuid":"CB04741B-9072-4E2D-B769-3570FA020BBD","Version":"6E053E8A-FE0D-45A0-A863-C501EEDB4011","Name":"anssi-subscription"}}}
{"System":{"Provider":{"Name":"Microsoft-Windows-Sysmon","Guid":"{5770385f-c22a-43e0-bf4c-06f5698ffbd9}"},"EventID":22,"Version":5,"Level":4,"Task":22,"Opcode":0,"Keywords":"0x8000000000000000","TimeCreated":"2023-12-08T16:04:31.961557100Z","EventRecordID":10711,"Correlation":{},"Execution":{"ProcessID":3248,"ThreadID":3932},"Channel":"Microsoft-Windows-Sysmon/Operational","Computer":"winterfell.north.sevenkingdoms.local","UserID":"S-1-5-18"},"EventData":{"QueryName":"castelblack","Image":"C:\\Windows\\system32\\qwinsta.exe","ProcessGuid":"{2b62dd35-3e8f-6573-8408-000000002300}","User":"NORTH\\robb.stark","QueryResults":"::ffff:192.168.56.22;","UtcTime":"2023-12-08 12:45:25.871","RuleName":"-","ProcessId":"2676","QueryStatus":"0"},"OpenWEC":{"IpAddress":"10.202.0.184","TimeReceived":"2023-12-08T16:04:42.813415403+00:00","Principal":"WINTERFELL$@NORTH.SEVENKINGDOMS.LOCAL","Subscription":{"Uuid":"CB04741B-9072-4E2D-B769-3570FA020BBD","Version":"6E053E8A-FE0D-45A0-A863-C501EEDB4011","Name":"anssi-subscription"}}}
{"System":{"Provider":{"Name":"Microsoft-Windows-Sysmon","Guid":"{5770385f-c22a-43e0-bf4c-06f5698ffbd9}"},"EventID":10,"Version":3,"Level":4,"Task":10,"Opcode":0,"Keywords":"0x8000000000000000","TimeCreated":"2023-12-08T16:04:31.961713200Z","EventRecordID":10712,"Correlation":{},"Execution":{"ProcessID":3248,"ThreadID":3876},"Channel":"Microsoft-Windows-Sysmon/Operational","Computer":"winterfell.north.sevenkingdoms.local","UserID":"S-1-5-18"},"EventData":{"GrantedAccess":"0x1fffff","CallTrace":"C:\\Windows\\SYSTEM32\\ntdll.dll+9feb4|C:\\Windows\\SYSTEM32\\ntdll.dll+7d367|C:\\Windows\\System32\\KERNEL32.DLL+1c5b4|C:\\Windows\\System32\\KERNEL32.DLL+237f8|C:\\Windows\\sysmon64.exe+ec5cd|C:\\Windows\\sysmon64.exe+edeb7|C:\\Windows\\sysmon64.exe+12e889|C:\\Windows\\sysmon64.exe+ee90e|C:\\Windows\\sysmon64.exe+eecd3|C:\\Windows\\sysmon64.exe+10bd88|C:\\Windows\\sysmon64.exe+e22d1|C:\\Windows\\sysmon64.exe+e2427|C:\\Windows\\System32\\sechost.dll+dc61|C:\\Windows\\System32\\sechost.dll+d9a9|C:\\Windows\\System32\\sechost.dll+13d4e|C:\\Windows\\sysmon64.exe+e25ba|C:\\Windows\\sysmon64.exe+1a9ad2|C:\\Windows\\System32\\KERNEL32.DLL+17974|C:\\Windows\\SYSTEM32\\ntdll.dll+5a2f1","RuleName":"-","SourceImage":"C:\\Windows\\sysmon64.exe","SourceThreadId":"3932","TargetProcessId":"652","SourceUser":"NT AUTHORITY\\SYSTEM","TargetUser":"NT AUTHORITY\\SYSTEM","UtcTime":"2023-12-08 16:04:31.958","TargetProcessGUID":"{2b62dd35-54d9-6573-0c00-000000002300}","SourceProcessId":"3248","SourceProcessGUID":"{2b62dd35-e477-6572-4e00-000000002300}","TargetImage":"C:\\Windows\\system32\\lsass.exe"},"OpenWEC":{"IpAddress":"10.202.0.184","TimeReceived":"2023-12-08T16:04:42.813415403+00:00","Principal":"WINTERFELL$@NORTH.SEVENKINGDOMS.LOCAL","Subscription":{"Uuid":"CB04741B-9072-4E2D-B769-3570FA020BBD","Version":"6E053E8A-FE0D-45A0-A863-C501EEDB4011","Name":"anssi-subscription"}}}
{"System":{"Provider":{"Name":"Microsoft-Windows-Sysmon","Guid":"{5770385f-c22a-43e0-bf4c-06f5698ffbd9}"},"EventID":22,"Version":5,"Level":4,"Task":22,"Opcode":0,"Keywords":"0x8000000000000000","TimeCreated":"2023-12-08T16:04:32.959752600Z","EventRecordID":10713,"Correlation":{},"Execution":{"ProcessID":3248,"ThreadID":3932},"Channel":"Microsoft-Windows-Sysmon/Operational","Computer":"winterfell.north.sevenkingdoms.local","UserID":"S-1-5-18"},"EventData":{"Image":"C:\\Windows\\System32\\svchost.exe","RuleName":"-","ProcessId":"896","ProcessGuid":"{2b62dd35-54db-6573-1500-000000002300}","QueryName":"castelblack","QueryStatus":"0","User":"NT AUTHORITY\\LOCAL SERVICE","UtcTime":"2023-12-08 12:45:25.874","QueryResults":"::ffff:192.168.56.22;"},"OpenWEC":{"IpAddress":"10.202.0.184","TimeReceived":"2023-12-08T16:04:42.813415403+00:00","Principal":"WINTERFELL$@NORTH.SEVENKINGDOMS.LOCAL","Subscription":{"Uuid":"CB04741B-9072-4E2D-B769-3570FA020BBD","Version":"6E053E8A-FE0D-45A0-A863-C501EEDB4011","Name":"anssi-subscription"}}}
{"System":{"Provider":{"Name":"Microsoft-Windows-Security-Auditing","Guid":"{54849625-5478-4994-a5ba-3e3b0328c30d}"},"EventID":4688,"Version":2,"Level":0,"Task":13312,"Opcode":0,"Keywords":"0x8020000000000000","TimeCreated":"2023-12-08T16:04:52.360257600Z","EventRecordID":158195,"Correlation":{},"Execution":{"ProcessID":4,"ThreadID":2512},"Channel":"Security","Computer":"winterfell.north.sevenkingdoms.local"},"EventData":{"TargetUserSid":"S-1-0-0","TargetUserName":"-","TargetLogonId":"0x0","ProcessId":"0xe7c","TargetDomainName":"-","SubjectLogonId":"0xe44fac","NewProcessId":"0x514","TokenElevationType":"%%1936","CommandLine":"","MandatoryLabel":"S-1-16-12288","SubjectUserSid":"S-1-5-21-2431860994-719566178-239256710-1113","SubjectUserName":"robb.stark","NewProcessName":"C:\\Windows\\System32\\mstsc.exe","ParentProcessName":"C:\\Windows\\System32\\WindowsPowerShell\\v1.0\\powershell.exe","SubjectDomainName":"NORTH"},"OpenWEC":{"IpAddress":"10.202.0.184","TimeReceived":"2023-12-08T16:05:23.324888553+00:00","Principal":"WINTERFELL$@NORTH.SEVENKINGDOMS.LOCAL","Subscription":{"Uuid":"CB04741B-9072-4E2D-B769-3570FA020BBD","Version":"6E053E8A-FE0D-45A0-A863-C501EEDB4011","Name":"anssi-subscription"}}}
{"System":{"Provider":{"Name":"Microsoft-Windows-Sysmon","Guid":"{5770385f-c22a-43e0-bf4c-06f5698ffbd9}"},"EventID":1,"Version":5,"Level":4,"Task":1,"Opcode":0,"Keywords":"0x8000000000000000","TimeCreated":"2023-12-08T16:04:52.363759800Z","EventRecordID":10714,"Correlation":{},"Execution":{"ProcessID":3248,"ThreadID":3876},"Channel":"Microsoft-Windows-Sysmon/Operational","Computer":"winterfell.north.sevenkingdoms.local","UserID":"S-1-5-18"},"EventData":{"Description":"Remote Desktop Connection","ParentProcessId":"3708","LogonId":"0xe44fac","ParentImage":"C:\\Windows\\System32\\WindowsPowerShell\\v1.0\\powershell.exe","CurrentDirectory":"C:\\Windows\\system32\\","Product":"Microsoft® Windows® Operating System","UtcTime":"2023-12-08 16:04:52.360","User":"NORTH\\robb.stark","CommandLine":"\"C:\\Windows\\system32\\mstsc.exe\" /v:castelblack","Company":"Microsoft Corporation","TerminalSessionId":"0","RuleName":"-","ProcessId":"1300","LogonGuid":"{2b62dd35-3e8e-6573-ac4f-e40000000000}","ParentUser":"NORTH\\robb.stark","FileVersion":"10.0.17763.1697 (WinBuild.160101.0800)","Image":"C:\\Windows\\System32\\mstsc.exe","IntegrityLevel":"High","ParentProcessGuid":"{2b62dd35-3e8f-6573-8208-000000002300}","Hashes":"MD5=FECC0C4F37222679825054A1BE0AE8FD,SHA256=D7A69C4398AC1BE41F44477F58C9619D43A1C363D4833C32610AC848B269EDF0,IMPHASH=43D4C98DB4E05AF16115818C6E500A33","OriginalFileName":"mstsc.exe","ParentCommandLine":"powershell  c:\\setup\\bot_rdp.ps1","ProcessGuid":"{2b62dd35-3ea4-6573-8508-000000002300}"},"OpenWEC":{"IpAddress":"10.202.0.184","TimeReceived":"2023-12-08T16:05:23.324888553+00:00","Principal":"WINTERFELL$@NORTH.SEVENKINGDOMS.LOCAL","Subscription":{"Uuid":"CB04741B-9072-4E2D-B769-3570FA020BBD","Version":"6E053E8A-FE0D-45A0-A863-C501EEDB4011","Name":"anssi-subscription"}}}
{"System":{"Provider":{"Name":"Microsoft-Windows-Sysmon","Guid":"{5770385f-c22a-43e0-bf4c-06f5698ffbd9}"},"EventID":10,"Version":3,"Level":4,"Task":10,"Opcode":0,"Keywords":"0x8000000000000000","TimeCreated":"2023-12-08T16:04:52.363986800Z","EventRecordID":10715,"Correlation":{},"Execution":{"ProcessID":3248,"ThreadID":3876},"Channel":"Microsoft-Windows-Sysmon/Operational","Computer":"winterfell.north.sevenkingdoms.local","UserID":"S-1-5-18"},"EventData":{"TargetProcessId":"1300","TargetImage":"C:\\Windows\\system32\\mstsc.exe","TargetProcessGUID":"{2b62dd35-3ea4-6573-8508-000000002300}","UtcTime":"2023-12-08 16:04:52.363","SourceImage":"C:\\Windows\\System32\\WindowsPowerShell\\v1.0\\powershell.exe","CallTrace":"C:\\Windows\\SYSTEM32\\ntdll.dll+a1244|C:\\Windows\\System32\\KERNELBASE.dll+485d2|C:\\Windows\\System32\\KERNELBASE.dll+45fc6|C:\\Windows\\System32\\KERNEL32.DLL+1c2e3|C:\\Windows\\assembly\\NativeImages_v4.0.30319_64\\System\\cb755e97e255f61e327a8001d4e05859\\System.ni.dll+3332f6|C:\\Windows\\assembly\\NativeImages_v4.0.30319_64\\System\\cb755e97e255f61e327a8001d4e05859\\System.ni.dll+2b5560|C:\\Windows\\assembly\\NativeImages_v4.0.30319_64\\System\\cb755e97e255f61e327a8001d4e05859\\System.ni.dll+2b4f07|C:\\Windows\\assembly\\NativeImages_v4.0.30319_64\\System.Manaa57fc8cc#\\da4031e77cd7d8b426cd99e749e0c982\\System.Management.Automation.ni.dll+f7fc6b|C:\\Windows\\assembly\\NativeImages_v4.0.30319_64\\System.Manaa57fc8cc#\\da4031e77cd7d8b426cd99e749e0c982\\System.Management.Automation.ni.dll+ed9fad|C:\\Windows\\assembly\\NativeImages_v4.0.30319_64\\System.Manaa57fc8cc#\\da4031e77cd7d8b426cd99e749e0c982\\System.Management.Automation.ni.dll+f5cb1e|C:\\Windows\\assembly\\NativeImages_v4.0.30319_64\\System.Manaa57fc8cc#\\da4031e77cd7d8b426cd99e749e0c982\\System.Management.Automation.ni.dll+f5c7fb|C:\\Windows\\assembly\\NativeImages_v4.0.30319_64\\System.Manaa57fc8cc#\\da4031e77cd7d8b426cd99e749e0c982\\System.Management.Automation.ni.dll+104fcb4|UNKNOWN(00007FF7D51B13C1)","SourceProcessId":"3708","SourceUser":"NORTH\\robb.stark","GrantedAccess":"0x1fffff","SourceProcessGUID":"{2b62dd35-3e8f-6573-8208-000000002300}","TargetUser":"NORTH\\robb.stark","RuleName":"-","SourceThreadId":"2612"},"OpenWEC":{"IpAddress":"10.202.0.184","TimeReceived":"2023-12-08T16:05:23.324888553+00:00","Principal":"WINTERFELL$@NORTH.SEVENKINGDOMS.LOCAL","Subscription":{"Uuid":"CB04741B-9072-4E2D-B769-3570FA020BBD","Version":"6E053E8A-FE0D-45A0-A863-C501EEDB4011","Name":"anssi-subscription"}}}
{"System":{"Provider":{"Name":"Microsoft-Windows-TerminalServices-ClientActiveXCore","Guid":"{28aa95bb-d444-4719-a36f-40462168127e}"},"EventID":1024,"Version":0,"Level":4,"Task":101,"Opcode":10,"Keywords":"0x4000000000000000","TimeCreated":"2023-12-08T16:04:52.724566700Z","EventRecordID":15252,"Correlation":{"ActivityID":"{e87c4f91-e518-4e7d-83e8-0584f19f0000}"},"Execution":{"ProcessID":1300,"ThreadID":5460},"Channel":"Microsoft-Windows-TerminalServices-RDPClient/Operational","Computer":"winterfell.north.sevenkingdoms.local","UserID":"S-1-5-21-2431860994-719566178-239256710-1113"},"EventData":{"Value":"castelblack","CustomLevel":"Info","Name":"Server Name"},"OpenWEC":{"IpAddress":"10.202.0.184","TimeReceived":"2023-12-08T16:05:23.324888553+00:00","Principal":"WINTERFELL$@NORTH.SEVENKINGDOMS.LOCAL","Subscription":{"Uuid":"CB04741B-9072-4E2D-B769-3570FA020BBD","Version":"6E053E8A-FE0D-45A0-A863-C501EEDB4011","Name":"anssi-subscription"}}}
{"System":{"Provider":{"Name":"Microsoft-Windows-Security-Auditing","Guid":"{54849625-5478-4994-a5ba-3e3b0328c30d}"},"EventID":4624,"Version":2,"Level":0,"Task":12544,"Opcode":0,"Keywords":"0x8020000000000000","TimeCreated":"2023-12-08T16:04:54.053322700Z","EventRecordID":158201,"Correlation":{},"Execution":{"ProcessID":652,"ThreadID":2828},"Channel":"Security","Computer":"winterfell.north.sevenkingdoms.local"},"EventData":{"SubjectLogonId":"0x0","LmPackageName":"-","LogonType":"3","IpAddress":"fe80::49d5:632e:746a:12ce","TargetOutboundUserName":"-","LogonGuid":"{3f4b9425-1866-4469-9e0a-1c617a2b9ee7}","RestrictedAdminMode":"-","TransmittedServices":"-","TargetUserSid":"S-1-5-18","ImpersonationLevel":"%%1833","SubjectUserSid":"S-1-0-0","AuthenticationPackageName":"Kerberos","TargetOutboundDomainName":"-","ProcessName":"-","TargetLinkedLogonId":"0x0","WorkstationName":"-","ElevatedToken":"%%1842","IpPort":"64886","VirtualAccount":"%%1843","LogonProcessName":"Kerberos","KeyLength":"0","SubjectUserName":"-","TargetUserName":"WINTERFELL$","SubjectDomainName":"-","TargetDomainName":"NORTH.SEVENKINGDOMS.LOCAL","TargetLogonId":"0xe4d4c3","ProcessId":"0x0"},"OpenWEC":{"IpAddress":"10.202.0.184","TimeReceived":"2023-12-08T16:05:23.324888553+00:00","Principal":"WINTERFELL$@NORTH.SEVENKINGDOMS.LOCAL","Subscription":{"Uuid":"CB04741B-9072-4E2D-B769-3570FA020BBD","Version":"6E053E8A-FE0D-45A0-A863-C501EEDB4011","Name":"anssi-subscription"}}}
