{"System":{"Provider":{"Name":"Microsoft-Windows-TaskScheduler","Guid":"{de7b24ea-73c8-4a09-985d-5bdadcfa9017}"},"EventID":200,"Version":1,"Level":4,"Task":200,"Opcode":1,"Keywords":"0x8000000000000000","TimeCreated":"2023-12-08T15:44:30.822154800Z","EventRecordID":49764,"Correlation":{"ActivityID":"{ab6d1351-4178-49a2-bf04-9c400e6b2959}"},"Execution":{"ProcessID":1592,"ThreadID":5964},"Channel":"Microsoft-Windows-TaskScheduler/Operational","Computer":"winterfell.north.sevenkingdoms.local","UserID":"S-1-5-18"},"EventData":{"TaskInstanceId":"{ab6d1351-4178-49a2-bf04-9c400e6b2959}","ActionName":"cmd.exe","TaskName":"\\connect_bot","EnginePID":"356"},"OpenWEC":{"IpAddress":"10.202.0.184","TimeReceived":"2023-12-08T15:44:38.420149300+00:00","Principal":"WINTERFELL$@NORTH.SEVENKINGDOMS.LOCAL","Subscription":{"Uuid":"CB04741B-9072-4E2D-B769-3570FA020BBD","Version":"6E053E8A-FE0D-45A0-A863-C501EEDB4011","Name":"anssi-subscription"}}}
{"System":{"Provider":{"Name":"Microsoft-Windows-Security-Auditing","Guid":"{54849625-5478-4994-a5ba-3e3b0328c30d}"},"EventID":4688,"Version":2,"Level":0,"Task":13312,"Opcode":0,"Keywords":"0x8020000000000000","TimeCreated":"2023-12-08T15:44:30.825557500Z","EventRecordID":157537,"Correlation":{},"Execution":{"ProcessID":4,"ThreadID":4176},"Channel":"Security","Computer":"winterfell.north.sevenkingdoms.local"},"EventData":{"SubjectLogonId":"0xcffb66","TokenElevationType":"%%1936","TargetDomainName":"-","SubjectUserSid":"S-1-5-21-2431860994-719566178-239256710-1113","SubjectUserName":"robb.stark","CommandLine":"","ParentProcessName":"C:\\Windows\\System32\\cmd.exe","TargetLogonId":"0x0","NewProcessId":"0x9bc","NewProcessName":"C:\\Windows\\System32\\conhost.exe","MandatoryLabel":"S-1-16-12288","ProcessId":"0x164","TargetUserName":"-","SubjectDomainName":"NORTH","TargetUserSid":"S-1-0-0"},"OpenWEC":{"IpAddress":"10.202.0.184","TimeReceived":"2023-12-08T15:44:38.420149300+00:00","Principal":"WINTERFELL$@NORTH.SEVENKINGDOMS.LOCAL","Subscription":{"Uuid":"CB04741B-9072-4E2D-B769-3570FA020BBD","Version":"6E053E8A-FE0D-45A0-A863-C501EEDB4011","Name":"anssi-subscription"}}}
{"System":{"Provider":{"Name":"Microsoft-Windows-Security-Auditing","Guid":"{54849625-5478-4994-a5ba-3e3b0328c30d}"},"EventID":4688,"Version":2,"Level":0,"Task":13312,"Opcode":0,"Keywords":"0x8020000000000000","TimeCreated":"2023-12-08T15:44:30.868591900Z","EventRecordID":157538,"Correlation":{},"Execution":{"ProcessID":4,"ThreadID":4176},"Channel":"Security","Computer":"winterfell.north.sevenkingdoms.local"},"EventData":{"SubjectLogonId":"0xcffb66","SubjectUserName":"robb.stark","TargetUserName":"-","NewProcessId":"0xaa8","NewProcessName":"C:\\Windows\\System32\\WindowsPowerShell\\v1.0\\powershell.exe","CommandLine":"","TokenElevationType":"%%1936","SubjectDomainName":"NORTH","ParentProcessName":"C:\\Windows\\System32\\cmd.exe","SubjectUserSid":"S-1-5-21-2431860994-719566178-239256710-1113","TargetUserSid":"S-1-0-0","TargetLogonId":"0x0","TargetDomainName":"-","MandatoryLabel":"S-1-16-12288","ProcessId":"0x164"},"OpenWEC":{"IpAddress":"10.202.0.184","TimeReceived":"2023-12-08T15:44:38.420149300+00:00","Principal":"WINTERFELL$@NORTH.SEVENKINGDOMS.LOCAL","Subscription":{"Uuid":"CB04741B-9072-4E2D-B769-3570FA020BBD","Version":"6E053E8A-FE0D-45A0-A863-C501EEDB4011","Name":"anssi-subscription"}}}
{"System":{"Provider":{"Name":"Microsoft-Windows-Security-Auditing","Guid":"{54849625-5478-4994-a5ba-3e3b0328c30d}"},"EventID":4688,"Version":2,"Level":0,"Task":13312,"Opcode":0,"Keywords":"0x8020000000000000","TimeCreated":"2023-12-08T15:44:31.068216600Z","EventRecordID":157539,"Correlation":{},"Execution":{"ProcessID":4,"ThreadID":4176},"Channel":"Security","Computer":"winterfell.north.sevenkingdoms.local"},"EventData":{"TokenElevationType":"%%1936","CommandLine":"","SubjectUserName":"robb.stark","SubjectLogonId":"0xcffb66","TargetUserSid":"S-1-0-0","NewProcessId":"0x45c","MandatoryLabel":"S-1-16-12288","TargetDomainName":"-","NewProcessName":"C:\\Windows\\System32\\query.exe","TargetUserName":"-","SubjectUserSid":"S-1-5-21-2431860994-719566178-239256710-1113","ParentProcessName":"C:\\Windows\\System32\\WindowsPowerShell\\v1.0\\powershell.exe","TargetLogonId":"0x0","SubjectDomainName":"NORTH","ProcessId":"0xaa8"},"OpenWEC":{"IpAddress":"10.202.0.184","TimeReceived":"2023-12-08T15:44:38.420149300+00:00","Principal":"WINTERFELL$@NORTH.SEVENKINGDOMS.LOCAL","Subscription":{"Uuid":"CB04741B-9072-4E2D-B769-3570FA020BBD","Version":"6E053E8A-FE0D-45A0-A863-C501EEDB4011","Name":"anssi-subscription"}}}
{"System":{"Provider":{"Name":"Microsoft-Windows-Security-Auditing","Guid":"{54849625-5478-4994-a5ba-3e3b0328c30d}"},"EventID":4688,"Version":2,"Level":0,"Task":13312,"Opcode":0,"Keywords":"0x8020000000000000","TimeCreated":"2023-12-08T15:44:31.083220700Z","EventRecordID":157540,"Correlation":{},"Execution":{"ProcessID":4,"ThreadID":4176},"Channel":"Security","Computer":"winterfell.north.sevenkingdoms.local"},"EventData":{"TargetDomainName":"-","NewProcessId":"0xd98","SubjectUserName":"robb.stark","SubjectDomainName":"NORTH","TargetUserSid":"S-1-0-0","CommandLine":"","SubjectUserSid":"S-1-5-21-2431860994-719566178-239256710-1113","SubjectLogonId":"0xcffb66","TargetLogonId":"0x0","TargetUserName":"-","ProcessId":"0x45c","ParentProcessName":"C:\\Windows\\System32\\query.exe","TokenElevationType":"%%1936","MandatoryLabel":"S-1-16-12288","NewProcessName":"C:\\Windows\\System32\\qwinsta.exe"},"OpenWEC":{"IpAddress":"10.202.0.184","TimeReceived":"2023-12-08T15:44:38.420149300+00:00","Principal":"WINTERFELL$@NORTH.SEVENKINGDOMS.LOCAL","Subscription":{"Uuid":"CB04741B-9072-4E2D-B769-3570FA020BBD","Version":"6E053E8A-FE0D-45A0-A863-C501EEDB4011","Name":"anssi-subscription"}}}
{"System":{"Provider":{"Name":"Microsoft-Windows-Sysmon","Guid":"{5770385f-c22a-43e0-bf4c-06f5698ffbd9}"},"EventID":10,"Version":3,"Level":4,"Task":10,"Opcode":0,"Keywords":"0x8000000000000000","TimeCreated":"2023-12-08T15:44:30.786926500Z","EventRecordID":10078,"Correlation":{},"Execution":{"ProcessID":3248,"ThreadID":3876},"Channel":"Microsoft-Windows-Sysmon/Operational","Computer":"winterfell.north.sevenkingdoms.local","UserID":"S-1-5-18"},"EventData":{"CallTrace":"C:\\Windows\\SYSTEM32\\ntdll.dll+9feb4|C:\\Windows\\System32\\KERNELBASE.dll+6c2f5|c:\\windows\\system32\\lsm.dll+f397|c:\\windows\\system32\\lsm.dll+df54|C:\\Windows\\System32\\RPCRT4.dll+784a3|C:\\Windows\\System32\\RPCRT4.dll+d9f9a|C:\\Windows\\System32\\RPCRT4.dll+1ac60|C:\\Windows\\System32\\RPCRT4.dll+508e8|C:\\Windows\\System32\\RPCRT4.dll+3ad80|C:\\Windows\\System32\\RPCRT4.dll+3a72b|C:\\Windows\\System32\\RPCRT4.dll+2c9cf|C:\\Windows\\System32\\RPCRT4.dll+2be2a|C:\\Windows\\System32\\RPCRT4.dll+2b3f1|C:\\Windows\\System32\\RPCRT4.dll+2ae62|C:\\Windows\\System32\\RPCRT4.dll+218d5|C:\\Windows\\SYSTEM32\\ntdll.dll+69c20|C:\\Windows\\SYSTEM32\\ntdll.dll+166e8|C:\\Windows\\System32\\KERNEL32.DLL+17974|C:\\Windows\\SYSTEM32\\ntdll.dll+5a2f1","SourceUser":"NT AUTHORITY\\SYSTEM","SourceThreadId":"5248","TargetProcessGUID":"{2b62dd35-54d9-6573-0c00-000000002300}","UtcTime":"2023-12-08 15:44:30.779","SourceImage":"C:\\Windows\\system32\\svchost.exe","TargetUser":"NT AUTHORITY\\SYSTEM","RuleName":"-","SourceProcessGUID":"{2b62dd35-54db-6573-1000-000000002300}","SourceProcessId":"948","TargetProcessId":"652","TargetImage":"C:\\Windows\\system32\\lsass.exe","GrantedAccess":"0x1000"},"OpenWEC":{"IpAddress":"10.202.0.184","TimeReceived":"2023-12-08T15:44:38.420149300+00:00","Principal":"WINTERFELL$@NORTH.SEVENKINGDOMS.LOCAL","Subscription":{"Uuid":"CB04741B-9072-4E2D-B769-3570FA020BBD","Version":"6E053E8A-FE0D-45A0-A863-C501EEDB4011","Name":"anssi-subscription"}}}
{"System":{"Provider":{"Name":"Microsoft-Windows-Sysmon","Guid":"{5770385f-c22a-43e0-bf4c-06f5698ffbd9}"},"EventID":10,"Version":3,"Level":4,"Task":10,"Opcode":0,"Keywords":"0x8000000000000000","TimeCreated":"2023-12-08T15:44:30.787192200Z","EventRecordID":10079,"Correlation":{},"Execution":{"ProcessID":3248,"ThreadID":3876},"Channel":"Microsoft-Windows-Sysmon/Operational","Computer":"winterfell.north.sevenkingdoms.local","UserID":"S-1-5-18"},"EventData":{"TargetImage":"C:\\Windows\\system32\\lsass.exe","GrantedAccess":"0x1000","SourceImage":"C:\\Windows\\system32\\svchost.exe","SourceProcessId":"948","CallTrace":"C:\\Windows\\SYSTEM32\\ntdll.dll+9feb4|C:\\Windows\\System32\\KERNELBASE.dll+6c2f5|c:\\windows\\system32\\lsm.dll+e2ca|c:\\windows\\system32\\lsm.dll+e044|C:\\Windows\\System32\\RPCRT4.dll+784a3|C:\\Windows\\System32\\RPCRT4.dll+d9f9a|C:\\Windows\\System32\\RPCRT4.dll+1ac60|C:\\Windows\\System32\\RPCRT4.dll+508e8|C:\\Windows\\System32\\RPCRT4.dll+3ad80|C:\\Windows\\System32\\RPCRT4.dll+3a72b|C:\\Windows\\System32\\RPCRT4.dll+2c9cf|C:\\Windows\\System32\\RPCRT4.dll+2be2a|C:\\Windows\\System32\\RPCRT4.dll+2b3f1|C:\\Windows\\System32\\RPCRT4.dll+2ae62|C:\\Windows\\System32\\RPCRT4.dll+218d5|C:\\Windows\\SYSTEM32\\ntdll.dll+69c20|C:\\Windows\\SYSTEM32\\ntdll.dll+166e8|C:\\Windows\\System32\\KERNEL32.DLL+17974|C:\\Windows\\SYSTEM32\\ntdll.dll+5a2f1","RuleName":"-","TargetUser":"NT AUTHORITY\\SYSTEM","TargetProcessGUID":"{2b62dd35-54d9-6573-0c00-000000002300}","SourceProcessGUID":"{2b62dd35-54db-6573-1000-000000002300}","UtcTime":"2023-12-08 15:44:30.779","SourceUser":"NT AUTHORITY\\SYSTEM","TargetProcessId":"652","SourceThreadId":"5248"},"OpenWEC":{"IpAddress":"10.202.0.184","TimeReceived":"2023-12-08T15:44:38.420149300+00:00","Principal":"WINTERFELL$@NORTH.SEVENKINGDOMS.LOCAL","Subscription":{"Uuid":"CB04741B-9072-4E2D-B769-3570FA020BBD","Version":"6E053E8A-FE0D-45A0-A863-C501EEDB4011","Name":"anssi-subscription"}}}
{"System":{"Provider":{"Name":"Microsoft-Windows-Sysmon","Guid":"{5770385f-c22a-43e0-bf4c-06f5698ffbd9}"},"EventID":1,"Version":5,"Level":4,"Task":1,"Opcode":0,"Keywords":"0x8000000000000000","TimeCreated":"2023-12-08T15:44:30.805149300Z","EventRecordID":10080,"Correlation":{},"Execution":{"ProcessID":3248,"ThreadID":3876},"Channel":"Microsoft-Windows-Sysmon/Operational","Computer":"winterfell.north.sevenkingdoms.local","UserID":"S-1-5-18"},"EventData":{"RuleName":"-","FileVersion":"10.0.17763.1 (WinBuild.160101.0800)","OriginalFileName":"dllhost.exe","CommandLine":"C:\\Windows\\system32\\DllHost.exe /Processid:{E10F6C3A-F1AE-4ADC-AA9D-2FE65525666E}","Product":"Microsoft® Windows® Operating System","ParentCommandLine":"-","User":"NT AUTHORITY\\SYSTEM","LogonGuid":"{2b62dd35-54d9-6573-e703-000000000000}","LogonId":"0x3e7","ProcessId":"2344","Image":"C:\\Windows\\System32\\dllhost.exe","IntegrityLevel":"System","ParentProcessId":"860","ProcessGuid":"{2b62dd35-39de-6573-b907-000000002300}","Company":"Microsoft Corporation","ParentProcessGuid":"{00000000-0000-0000-0000-000000000000}","ParentImage":"-","CurrentDirectory":"C:\\Windows\\system32\\","UtcTime":"2023-12-08 15:44:30.802","Description":"COM Surrogate","Hashes":"MD5=D2AB39EA2C0FCD172751F84BDA723A97,SHA256=C4E078607DB2784BE7761C86048DFFA6F3EF04B551354A32FCDEC3B6A3450905,IMPHASH=68E651F131674892AE7E46556EB24726","ParentUser":"-","TerminalSessionId":"0"},"OpenWEC":{"IpAddress":"10.202.0.184","TimeReceived":"2023-12-08T15:44:38.420149300+00:00","Principal":"WINTERFELL$@NORTH.SEVENKINGDOMS.LOCAL","Subscription":{"Uuid":"CB04741B-9072-4E2D-B769-3570FA020BBD","Version":"6E053E8A-FE0D-45A0-A863-C501EEDB4011","Name":"anssi-subscription"}}}
{"System":{"Provider":{"Name":"Microsoft-Windows-Sysmon","Guid":"{5770385f-c22a-43e0-bf4c-06f5698ffbd9}"},"EventID":1,"Version":5,"Level":4,"Task":1,"Opcode":0,"Keywords":"0x8000000000000000","TimeCreated":"2023-12-08T15:44:30.821108000Z","EventRecordID":10081,"Correlation":{},"Execution":{"ProcessID":3248,"ThreadID":3876},"Channel":"Microsoft-Windows-Sysmon/Operational","Computer":"winterfell.north.sevenkingdoms.local","UserID":"S-1-5-18"},"EventData":{"LogonId":"0xcffb66","Product":"Microsoft® Windows® Operating System","ParentProcessGuid":"{00000000-0000-0000-0000-000000000000}","ParentProcessId":"1592","ParentImage":"-","ParentCommandLine":"-","Description":"Windows Command Processor","User":"NORTH\\robb.stark","RuleName":"-","CommandLine":"cmd.exe /c powershell c:\\setup\\bot_rdp.ps1","TerminalSessionId":"0","Image":"C:\\Windows\\System32\\cmd.exe","IntegrityLevel":"High","ProcessGuid":"{2b62dd35-39de-6573-ba07-000000002300}","UtcTime":"2023-12-08 15:44:30.819","LogonGuid":"{2b62dd35-39de-6573-66fb-cf0000000000}","FileVersion":"10.0.17763.1697 (WinBuild.160101.0800)","Company":"Microsoft Corporation","Hashes":"MD5=911D039E71583A07320B32BDE22F8E22,SHA256=BC866CFCDDA37E24DC2634DC282C7A0E6F55209DA17A8FA105B07414C0E7C527,IMPHASH=272245E2988E1E430500B852C4FB5E18","CurrentDirectory":"C:\\Windows\\system32\\","ParentUser":"-","ProcessId":"356","OriginalFileName":"Cmd.Exe"},"OpenWEC":{"IpAddress":"10.202.0.184","TimeReceived":"2023-12-08T15:44:38.420149300+00:00","Principal":"WINTERFELL$@NORTH.SEVENKINGDOMS.LOCAL","Subscription":{"Uuid":"CB04741B-9072-4E2D-B769-3570FA020BBD","Version":"6E053E8A-FE0D-45A0-A863-C501EEDB4011","Name":"anssi-subscription"}}}
{"System":{"Provider":{"Name":"Microsoft-Windows-Sysmon","Guid":"{5770385f-c22a-43e0-bf4c-06f5698ffbd9}"},"EventID":1,"Version":5,"Level":4,"Task":1,"Opcode":0,"Keywords":"0x8000000000000000","TimeCreated":"2023-12-08T15:44:30.877618500Z","EventRecordID":10082,"Correlation":{},"Execution":{"ProcessID":3248,"ThreadID":3876},"Channel":"Microsoft-Windows-Sysmon/Operational","Computer":"winterfell.north.sevenkingdoms.local","UserID":"S-1-5-18"},"EventData":{"IntegrityLevel":"High","Description":"Windows PowerShell","Image":"C:\\Windows\\System32\\WindowsPowerShell\\v1.0\\powershell.exe","Company":"Microsoft Corporation","User":"NORTH\\robb.stark","TerminalSessionId":"0","CommandLine":"powershell  c:\\setup\\bot_rdp.ps1","CurrentDirectory":"C:\\Windows\\system32\\","LogonId":"0xcffb66","ParentImage":"C:\\Windows\\System32\\cmd.exe","OriginalFileName":"PowerShell.EXE","Product":"Microsoft® Windows® Operating System","ParentUser":"NORTH\\robb.stark","ProcessId":"2728","ProcessGuid":"{2b62dd35-39de-6573-bc07-000000002300}","UtcTime":"2023-12-08 15:44:30.868","FileVersion":"10.0.17763.1 (WinBuild.160101.0800)","Hashes":"MD5=7353F60B1739074EB17C5F4DDDEFE239,SHA256=DE96A6E69944335375DC1AC238336066889D9FFC7D73628EF4FE1B1B160AB32C,IMPHASH=741776AACCFC5B71FF59832DCDCACE0F","LogonGuid":"{2b62dd35-39de-6573-66fb-cf0000000000}","ParentProcessId":"356","ParentCommandLine":"cmd.exe /c powershell c:\\setup\\bot_rdp.ps1","RuleName":"-","ParentProcessGuid":"{2b62dd35-39de-6573-ba07-000000002300}"},"OpenWEC":{"IpAddress":"10.202.0.184","TimeReceived":"2023-12-08T15:44:38.420149300+00:00","Principal":"WINTERFELL$@NORTH.SEVENKINGDOMS.LOCAL","Subscription":{"Uuid":"CB04741B-9072-4E2D-B769-3570FA020BBD","Version":"6E053E8A-FE0D-45A0-A863-C501EEDB4011","Name":"anssi-subscription"}}}
{"System":{"Provider":{"Name":"Microsoft-Windows-Sysmon","Guid":"{5770385f-c22a-43e0-bf4c-06f5698ffbd9}"},"EventID":11,"Version":2,"Level":4,"Task":11,"Opcode":0,"Keywords":"0x8000000000000000","TimeCreated":"2023-12-08T15:44:30.936255200Z","EventRecordID":10083,"Correlation":{},"Execution":{"ProcessID":3248,"ThreadID":3876},"Channel":"Microsoft-Windows-Sysmon/Operational","Computer":"winterfell.north.sevenkingdoms.local","UserID":"S-1-5-18"},"EventData":{"RuleName":"-","ProcessId":"2728","ProcessGuid":"{2b62dd35-39de-6573-bc07-000000002300}","User":"NORTH\\robb.stark","UtcTime":"2023-12-08 15:44:30.920","TargetFilename":"C:\\Users\\robb.stark\\AppData\\Local\\Temp\\__PSScriptPolicyTest_kg5ttzah.cdm.ps1","CreationUtcTime":"2023-12-08 15:44:30.920","Image":"C:\\Windows\\System32\\WindowsPowerShell\\v1.0\\powershell.exe"},"OpenWEC":{"IpAddress":"10.202.0.184","TimeReceived":"2023-12-08T15:44:38.420149300+00:00","Principal":"WINTERFELL$@NORTH.SEVENKINGDOMS.LOCAL","Subscription":{"Uuid":"CB04741B-9072-4E2D-B769-3570FA020BBD","Version":"6E053E8A-FE0D-45A0-A863-C501EEDB4011","Name":"anssi-subscription"}}}
{"System":{"Provider":{"Name":"Microsoft-Windows-Sysmon","Guid":"{5770385f-c22a-43e0-bf4c-06f5698ffbd9}"},"EventID":1,"Version":5,"Level":4,"Task":1,"Opcode":0,"Keywords":"0x8000000000000000","TimeCreated":"2023-12-08T15:44:31.072013300Z","EventRecordID":10084,"Correlation":{},"Execution":{"ProcessID":3248,"ThreadID":3876},"Channel":"Microsoft-Windows-Sysmon/Operational","Computer":"winterfell.north.sevenkingdoms.local","UserID":"S-1-5-18"},"EventData":{"ParentProcessGuid":"{2b62dd35-39de-6573-bc07-000000002300}","IntegrityLevel":"High","CommandLine":"\"C:\\Windows\\system32\\query.exe\" session robb.stark /server:castelblack","FileVersion":"10.0.17763.1 (WinBuild.160101.0800)","RuleName":"-","ProcessId":"1116","ProcessGuid":"{2b62dd35-39df-6573-bd07-000000002300}","OriginalFileName":"query.exe","ParentCommandLine":"powershell  c:\\setup\\bot_rdp.ps1","Description":"MultiUser Query Utility","TerminalSessionId":"0","Image":"C:\\Windows\\System32\\query.exe","User":"NORTH\\robb.stark","UtcTime":"2023-12-08 15:44:31.068","CurrentDirectory":"C:\\Windows\\system32\\","Company":"Microsoft Corporation","ParentProcessId":"2728","ParentImage":"C:\\Windows\\System32\\WindowsPowerShell\\v1.0\\powershell.exe","ParentUser":"NORTH\\robb.stark","LogonGuid":"{2b62dd35-39de-6573-66fb-cf0000000000}","Hashes":"MD5=8A7520A6CC2A2968F4A8EE4DB946AD8D,SHA256=3369E8FEA09C3C226D636B13108DA357093D0D98214236417839A94F56D3BA02,IMPHASH=CCC9DA4A55E90DFE34CBCDB066D6A6B3","Product":"Microsoft® Windows® Operating System","LogonId":"0xcffb66"},"OpenWEC":{"IpAddress":"10.202.0.184","TimeReceived":"2023-12-08T15:44:38.420149300+00:00","Principal":"WINTERFELL$@NORTH.SEVENKINGDOMS.LOCAL","Subscription":{"Uuid":"CB04741B-9072-4E2D-B769-3570FA020BBD","Version":"6E053E8A-FE0D-45A0-A863-C501EEDB4011","Name":"anssi-subscription"}}}
{"System":{"Provider":{"Name":"Microsoft-Windows-Sysmon","Guid":"{5770385f-c22a-43e0-bf4c-06f5698ffbd9}"},"EventID":10,"Version":3,"Level":4,"Task":10,"Opcode":0,"Keywords":"0x8000000000000000","TimeCreated":"2023-12-08T15:44:31.072417900Z","EventRecordID":10085,"Correlation":{},"Execution":{"ProcessID":3248,"ThreadID":3876},"Channel":"Microsoft-Windows-Sysmon/Operational","Computer":"winterfell.north.sevenkingdoms.local","UserID":"S-1-5-18"},"EventData":{"SourceProcessId":"2728","RuleName":"-","TargetProcessId":"1116","SourceProcessGUID":"{2b62dd35-39de-6573-bc07-000000002300}","GrantedAccess":"0x1fffff","SourceUser":"NORTH\\robb.stark","TargetProcessGUID":"{2b62dd35-39df-6573-bd07-000000002300}","UtcTime":"2023-12-08 15:44:31.061","SourceImage":"C:\\Windows\\System32\\WindowsPowerShell\\v1.0\\powershell.exe","TargetUser":"NORTH\\robb.stark","TargetImage":"C:\\Windows\\system32\\query.exe","CallTrace":"C:\\Windows\\SYSTEM32\\ntdll.dll+a1244|C:\\Windows\\System32\\KERNELBASE.dll+485d2|C:\\Windows\\System32\\KERNELBASE.dll+45fc6|C:\\Windows\\System32\\KERNEL32.DLL+1c2e3|C:\\Windows\\assembly\\NativeImages_v4.0.30319_64\\System\\cb755e97e255f61e327a8001d4e05859\\System.ni.dll+3332f6|C:\\Windows\\assembly\\NativeImages_v4.0.30319_64\\System\\cb755e97e255f61e327a8001d4e05859\\System.ni.dll+2b5560|C:\\Windows\\assembly\\NativeImages_v4.0.30319_64\\System\\cb755e97e255f61e327a8001d4e05859\\System.ni.dll+2b4f07|C:\\Windows\\assembly\\NativeImages_v4.0.30319_64\\System.Manaa57fc8cc#\\da4031e77cd7d8b426cd99e749e0c982\\System.Management.Automation.ni.dll+f7fc6b|C:\\Windows\\assembly\\NativeImages_v4.0.30319_64\\System.Manaa57fc8cc#\\da4031e77cd7d8b426cd99e749e0c982\\System.Management.Automation.ni.dll+ed9fad|C:\\Windows\\assembly\\NativeImages_v4.0.30319_64\\System.Manaa57fc8cc#\\da4031e77cd7d8b426cd99e749e0c982\\System.Management.Automation.ni.dll+f5cb1e|C:\\Windows\\assembly\\NativeImages_v4.0.30319_64\\System.Manaa57fc8cc#\\da4031e77cd7d8b426cd99e749e0c982\\System.Management.Automation.ni.dll+f5c7fb|C:\\Windows\\assembly\\NativeImages_v4.0.30319_64\\System.Manaa57fc8cc#\\da4031e77cd7d8b426cd99e749e0c982\\System.Management.Automation.ni.dll+104fcb4|UNKNOWN(00007FF7D51A13C1)","SourceThreadId":"5736"},"OpenWEC":{"IpAddress":"10.202.0.184","TimeReceived":"2023-12-08T15:44:38.420149300+00:00","Principal":"WINTERFELL$@NORTH.SEVENKINGDOMS.LOCAL","Subscription":{"Uuid":"CB04741B-9072-4E2D-B769-3570FA020BBD","Version":"6E053E8A-FE0D-45A0-A863-C501EEDB4011","Name":"anssi-subscription"}}}
{"System":{"Provider":{"Name":"Microsoft-Windows-Sysmon","Guid":"{5770385f-c22a-43e0-bf4c-06f5698ffbd9}"},"EventID":1,"Version":5,"Level":4,"Task":1,"Opcode":0,"Keywords":"0x8000000000000000","TimeCreated":"2023-12-08T15:44:31.086609900Z","EventRecordID":10086,"Correlation":{},"Execution":{"ProcessID":3248,"ThreadID":3876},"Channel":"Microsoft-Windows-Sysmon/Operational","Computer":"winterfell.north.sevenkingdoms.local","UserID":"S-1-5-18"},"EventData":{"ParentCommandLine":"\"C:\\Windows\\system32\\query.exe\" session robb.stark /server:castelblack","ParentProcessId":"1116","ParentUser":"NORTH\\robb.stark","ProcessGuid":"{2b62dd35-39df-6573-be07-000000002300}","ProcessId":"3480","LogonId":"0xcffb66","RuleName":"-","LogonGuid":"{2b62dd35-39de-6573-66fb-cf0000000000}","ParentImage":"C:\\Windows\\System32\\query.exe","CommandLine":"\"C:\\Windows\\system32\\qwinsta.exe\" robb.stark /server:castelblack","TerminalSessionId":"0","Image":"C:\\Windows\\System32\\qwinsta.exe","User":"NORTH\\robb.stark","Company":"Microsoft Corporation","Product":"Microsoft® Windows® Operating System","CurrentDirectory":"C:\\Windows\\system32\\","Hashes":"MD5=9322C72AB11E725B098552A5FAE0F655,SHA256=E1AE2EC83FEC0C8CF01B9E4C3DA910BE61ABF3071E56EDA834590C405E8E4E69,IMPHASH=45B4A06EB57D86287767753D3ED73862","Description":"Query Session Utility","ParentProcessGuid":"{2b62dd35-39df-6573-bd07-000000002300}","OriginalFileName":"qwinsta.exe","UtcTime":"2023-12-08 15:44:31.083","IntegrityLevel":"High","FileVersion":"10.0.17763.1 (WinBuild.160101.0800)"},"OpenWEC":{"IpAddress":"10.202.0.184","TimeReceived":"2023-12-08T15:44:38.420149300+00:00","Principal":"WINTERFELL$@NORTH.SEVENKINGDOMS.LOCAL","Subscription":{"Uuid":"CB04741B-9072-4E2D-B769-3570FA020BBD","Version":"6E053E8A-FE0D-45A0-A863-C501EEDB4011","Name":"anssi-subscription"}}}
{"System":{"Provider":{"Name":"Microsoft-Windows-Sysmon","Guid":"{5770385f-c22a-43e0-bf4c-06f5698ffbd9}"},"EventID":10,"Version":3,"Level":4,"Task":10,"Opcode":0,"Keywords":"0x8000000000000000","TimeCreated":"2023-12-08T15:44:31.796748200Z","EventRecordID":10087,"Correlation":{},"Execution":{"ProcessID":3248,"ThreadID":3876},"Channel":"Microsoft-Windows-Sysmon/Operational","Computer":"winterfell.north.sevenkingdoms.local","UserID":"S-1-5-18"},"EventData":{"SourceThreadId":"3932","SourceImage":"C:\\Windows\\sysmon64.exe","SourceProcessGUID":"{2b62dd35-e477-6572-4e00-000000002300}","UtcTime":"2023-12-08 15:44:31.795","TargetImage":"C:\\Windows\\system32\\lsass.exe","TargetProcessGUID":"{2b62dd35-54d9-6573-0c00-000000002300}","GrantedAccess":"0x1fffff","CallTrace":"C:\\Windows\\SYSTEM32\\ntdll.dll+9feb4|C:\\Windows\\SYSTEM32\\ntdll.dll+7d367|C:\\Windows\\System32\\KERNEL32.DLL+1c5b4|C:\\Windows\\System32\\KERNEL32.DLL+237f8|C:\\Windows\\sysmon64.exe+ec5cd|C:\\Windows\\sysmon64.exe+edeb7|C:\\Windows\\sysmon64.exe+12e889|C:\\Windows\\sysmon64.exe+ee90e|C:\\Windows\\sysmon64.exe+eecd3|C:\\Windows\\sysmon64.exe+10bd88|C:\\Windows\\sysmon64.exe+e22d1|C:\\Windows\\sysmon64.exe+e2427|C:\\Windows\\System32\\sechost.dll+dc61|C:\\Windows\\System32\\sechost.dll+d9a9|C:\\Windows\\System32\\sechost.dll+13d4e|C:\\Windows\\sysmon64.exe+e25ba|C:\\Windows\\sysmon64.exe+1a9ad2|C:\\Windows\\System32\\KERNEL32.DLL+17974|C:\\Windows\\SYSTEM32\\ntdll.dll+5a2f1","SourceUser":"NT AUTHORITY\\SYSTEM","TargetUser":"NT AUTHORITY\\SYSTEM","RuleName":"-","SourceProcessId":"3248","TargetProcessId":"652"},"OpenWEC":{"IpAddress":"10.202.0.184","TimeReceived":"2023-12-08T15:44:38.420149300+00:00","Principal":"WINTERFELL$@NORTH.SEVENKINGDOMS.LOCAL","Subscription":{"Uuid":"CB04741B-9072-4E2D-B769-3570FA020BBD","Version":"6E053E8A-FE0D-45A0-A863-C501EEDB4011","Name":"anssi-subscription"}}}
{"System":{"Provider":{"Name":"Microsoft-Windows-Sysmon","Guid":"{5770385f-c22a-43e0-bf4c-06f5698ffbd9}"},"EventID":22,"Version":5,"Level":4,"Task":22,"Opcode":0,"Keywords":"0x8000000000000000","TimeCreated":"2023-12-08T15:44:31.797078200Z","EventRecordID":10088,"Correlation":{},"Execution":{"ProcessID":3248,"ThreadID":3932},"Channel":"Microsoft-Windows-Sysmon/Operational","Computer":"winterfell.north.sevenkingdoms.local","UserID":"S-1-5-18"},"EventData":{"ProcessGuid":"{2b62dd35-54d9-6573-0c00-000000002300}","QueryResults":"10.202.0.184;192.168.56.11;10.0.2.15;","RuleName":"-","Image":"C:\\Windows\\system32\\lsass.exe","User":"NT AUTHORITY\\SYSTEM","ProcessId":"652","QueryStatus":"0","QueryName":"winterfell","UtcTime":"2023-12-08 12:25:25.445"},"OpenWEC":{"IpAddress":"10.202.0.184","TimeReceived":"2023-12-08T15:44:38.420149300+00:00","Principal":"WINTERFELL$@NORTH.SEVENKINGDOMS.LOCAL","Subscription":{"Uuid":"CB04741B-9072-4E2D-B769-3570FA020BBD","Version":"6E053E8A-FE0D-45A0-A863-C501EEDB4011","Name":"anssi-subscription"}}}
{"System":{"Provider":{"Name":"Microsoft-Windows-Sysmon","Guid":"{5770385f-c22a-43e0-bf4c-06f5698ffbd9}"},"EventID":22,"Version":5,"Level":4,"Task":22,"Opcode":0,"Keywords":"0x8000000000000000","TimeCreated":"2023-12-08T15:44:31.797735900Z","EventRecordID":10089,"Correlation":{},"Execution":{"ProcessID":3248,"ThreadID":3932},"Channel":"Microsoft-Windows-Sysmon/Operational","Computer":"winterfell.north.sevenkingdoms.local","UserID":"S-1-5-18"},"EventData":{"ProcessId":"3480","QueryStatus":"0","UtcTime":"2023-12-08 12:25:25.758","QueryName":"castelblack","RuleName":"-","QueryResults":"::ffff:192.168.56.22;","Image":"C:\\Windows\\system32\\qwinsta.exe","User":"NORTH\\robb.stark","ProcessGuid":"{2b62dd35-39df-6573-be07-000000002300}"},"OpenWEC":{"IpAddress":"10.202.0.184","TimeReceived":"2023-12-08T15:44:38.420149300+00:00","Principal":"WINTERFELL$@NORTH.SEVENKINGDOMS.LOCAL","Subscription":{"Uuid":"CB04741B-9072-4E2D-B769-3570FA020BBD","Version":"6E053E8A-FE0D-45A0-A863-C501EEDB4011","Name":"anssi-subscription"}}}
{"System":{"Provider":{"Name":"Microsoft-Windows-Sysmon","Guid":"{5770385f-c22a-43e0-bf4c-06f5698ffbd9}"},"EventID":22,"Version":5,"Level":4,"Task":22,"Opcode":0,"Keywords":"0x8000000000000000","TimeCreated":"2023-12-08T15:44:32.811538700Z","EventRecordID":10090,"Correlation":{},"Execution":{"ProcessID":3248,"ThreadID":3932},"Channel":"Microsoft-Windows-Sysmon/Operational","Computer":"winterfell.north.sevenkingdoms.local","UserID":"S-1-5-18"},"EventData":{"RuleName":"-","QueryResults":"::ffff:192.168.56.22;","ProcessGuid":"{2b62dd35-54db-6573-1500-000000002300}","UtcTime":"2023-12-08 12:25:25.761","QueryName":"castelblack","QueryStatus":"0","ProcessId":"896","Image":"C:\\Windows\\System32\\svchost.exe","User":"NT AUTHORITY\\LOCAL SERVICE"},"OpenWEC":{"IpAddress":"10.202.0.184","TimeReceived":"2023-12-08T15:44:38.420149300+00:00","Principal":"WINTERFELL$@NORTH.SEVENKINGDOMS.LOCAL","Subscription":{"Uuid":"CB04741B-9072-4E2D-B769-3570FA020BBD","Version":"6E053E8A-FE0D-45A0-A863-C501EEDB4011","Name":"anssi-subscription"}}}
{"System":{"Provider":{"Name":"Microsoft-Windows-TaskScheduler","Guid":"{de7b24ea-73c8-4a09-985d-5bdadcfa9017}"},"EventID":129,"Version":0,"Level":4,"Task":129,"Opcode":0,"Keywords":"0x8000000000000000","TimeCreated":"2023-12-08T15:44:43.457640800Z","EventRecordID":49766,"Correlation":{},"Execution":{"ProcessID":1592,"ThreadID":5964},"Channel":"Microsoft-Windows-TaskScheduler/Operational","Computer":"winterfell.north.sevenkingdoms.local","UserID":"S-1-5-18"},"EventData":{"Path":"%SystemRoot%\\System32\\dsregcmd.exe","TaskName":"\\Microsoft\\Windows\\Workplace Join\\Automatic-Device-Join","Priority":"16384","ProcessID":"4060"},"OpenWEC":{"IpAddress":"10.202.0.184","TimeReceived":"2023-12-08T15:45:13.553391464+00:00","Principal":"WINTERFELL$@NORTH.SEVENKINGDOMS.LOCAL","Subscription":{"Uuid":"CB04741B-9072-4E2D-B769-3570FA020BBD","Version":"6E053E8A-FE0D-45A0-A863-C501EEDB4011","Name":"anssi-subscription"}}}
{"System":{"Provider":{"Name":"Microsoft-Windows-TaskScheduler","Guid":"{de7b24ea-73c8-4a09-985d-5bdadcfa9017}"},"EventID":100,"Version":0,"Level":4,"Task":100,"Opcode":1,"Keywords":"0x8000000000000001","TimeCreated":"2023-12-08T15:44:43.457804400Z","EventRecordID":49767,"Correlation":{"ActivityID":"{bb122820-2acb-4c0c-b2e1-2aed61e9cb1c}"},"Execution":{"ProcessID":1592,"ThreadID":5964},"Channel":"Microsoft-Windows-TaskScheduler/Operational","Computer":"winterfell.north.sevenkingdoms.local","UserID":"S-1-5-18"},"EventData":{"TaskName":"\\Microsoft\\Windows\\Workplace Join\\Automatic-Device-Join","UserContext":"NT AUTHORITY\\SYSTEM","InstanceId":"{bb122820-2acb-4c0c-b2e1-2aed61e9cb1c}"},"OpenWEC":{"IpAddress":"10.202.0.184","TimeReceived":"2023-12-08T15:45:13.553391464+00:00","Principal":"WINTERFELL$@NORTH.SEVENKINGDOMS.LOCAL","Subscription":{"Uuid":"CB04741B-9072-4E2D-B769-3570FA020BBD","Version":"6E053E8A-FE0D-45A0-A863-C501EEDB4011","Name":"anssi-subscription"}}}
{"System":{"Provider":{"Name":"Microsoft-Windows-TaskScheduler","Guid":"{de7b24ea-73c8-4a09-985d-5bdadcfa9017}"},"EventID":200,"Version":1,"Level":4,"Task":200,"Opcode":1,"Keywords":"0x8000000000000000","TimeCreated":"2023-12-08T15:44:43.457805700Z","EventRecordID":49768,"Correlation":{"ActivityID":"{bb122820-2acb-4c0c-b2e1-2aed61e9cb1c}"},"Execution":{"ProcessID":1592,"ThreadID":5964},"Channel":"Microsoft-Windows-TaskScheduler/Operational","Computer":"winterfell.north.sevenkingdoms.local","UserID":"S-1-5-18"},"EventData":{"ActionName":"%SystemRoot%\\System32\\dsregcmd.exe","TaskName":"\\Microsoft\\Windows\\Workplace Join\\Automatic-Device-Join","TaskInstanceId":"{bb122820-2acb-4c0c-b2e1-2aed61e9cb1c}","EnginePID":"4060"},"OpenWEC":{"IpAddress":"10.202.0.184","TimeReceived":"2023-12-08T15:45:13.553391464+00:00","Principal":"WINTERFELL$@NORTH.SEVENKINGDOMS.LOCAL","Subscription":{"Uuid":"CB04741B-9072-4E2D-B769-3570FA020BBD","Version":"6E053E8A-FE0D-45A0-A863-C501EEDB4011","Name":"anssi-subscription"}}}
{"System":{"Provider":{"Name":"Microsoft-Windows-Security-Auditing","Guid":"{54849625-5478-4994-a5ba-3e3b0328c30d}"},"EventID":4688,"Version":2,"Level":0,"Task":13312,"Opcode":0,"Keywords":"0x8020000000000000","TimeCreated":"2023-12-08T15:44:43.455498900Z","EventRecordID":157541,"Correlation":{},"Execution":{"ProcessID":4,"ThreadID":2512},"Channel":"Security","Computer":"winterfell.north.sevenkingdoms.local"},"EventData":{"CommandLine":"","SubjectUserSid":"S-1-5-18","ParentProcessName":"C:\\Windows\\System32\\svchost.exe","TokenElevationType":"%%1936","TargetUserName":"-","NewProcessName":"C:\\Windows\\System32\\dsregcmd.exe","SubjectUserName":"WINTERFELL$","TargetDomainName":"-","TargetUserSid":"S-1-0-0","MandatoryLabel":"S-1-16-16384","SubjectLogonId":"0x3e7","ProcessId":"0x638","NewProcessId":"0xfdc","TargetLogonId":"0x0","SubjectDomainName":"NORTH"},"OpenWEC":{"IpAddress":"10.202.0.184","TimeReceived":"2023-12-08T15:45:13.553391464+00:00","Principal":"WINTERFELL$@NORTH.SEVENKINGDOMS.LOCAL","Subscription":{"Uuid":"CB04741B-9072-4E2D-B769-3570FA020BBD","Version":"6E053E8A-FE0D-45A0-A863-C501EEDB4011","Name":"anssi-subscription"}}}
{"System":{"Provider":{"Name":"Microsoft-Windows-Sysmon","Guid":"{5770385f-c22a-43e0-bf4c-06f5698ffbd9}"},"EventID":1,"Version":5,"Level":4,"Task":1,"Opcode":0,"Keywords":"0x8000000000000000","TimeCreated":"2023-12-08T15:44:43.458347900Z","EventRecordID":10091,"Correlation":{},"Execution":{"ProcessID":3248,"ThreadID":3876},"Channel":"Microsoft-Windows-Sysmon/Operational","Computer":"winterfell.north.sevenkingdoms.local","UserID":"S-1-5-18"},"EventData":{"Image":"C:\\Windows\\System32\\dsregcmd.exe","Description":"DSREG commandline tool","TerminalSessionId":"0","ProcessGuid":"{2b62dd35-39eb-6573-bf07-000000002300}","FileVersion":"10.0.17763.1911 (WinBuild.160101.0800)","CurrentDirectory":"C:\\Windows\\system32\\","LogonGuid":"{2b62dd35-54d9-6573-e703-000000000000}","ParentImage":"-","ProcessId":"4060","LogonId":"0x3e7","Product":"Microsoft® Windows® Operating System","ParentUser":"-","ParentProcessId":"1592","UtcTime":"2023-12-08 15:44:43.455","ParentCommandLine":"-","RuleName":"-","User":"NT AUTHORITY\\SYSTEM","ParentProcessGuid":"{00000000-0000-0000-0000-000000000000}","Hashes":"MD5=2FE3104AAC69FE4CCC70D1541E61E077,SHA256=A26EA3689CA899DBD52D86B244AB9D1BFEDF9F5EB41386B41A1A8352C0D75903,IMPHASH=382C77BFA0EEE2BA2BA8671D108AD9A3","Company":"Microsoft Corporation","IntegrityLevel":"System","OriginalFileName":"dsregcmd.exe","CommandLine":"C:\\Windows\\System32\\dsregcmd.exe $(Arg0) $(Arg1) $(Arg2)"},"OpenWEC":{"IpAddress":"10.202.0.184","TimeReceived":"2023-12-08T15:45:13.553391464+00:00","Principal":"WINTERFELL$@NORTH.SEVENKINGDOMS.LOCAL","Subscription":{"Uuid":"CB04741B-9072-4E2D-B769-3570FA020BBD","Version":"6E053E8A-FE0D-45A0-A863-C501EEDB4011","Name":"anssi-subscription"}}}
{"System":{"Provider":{"Name":"Microsoft-Windows-Security-Auditing","Guid":"{54849625-5478-4994-a5ba-3e3b0328c30d}"},"EventID":4688,"Version":2,"Level":0,"Task":13312,"Opcode":0,"Keywords":"0x8020000000000000","TimeCreated":"2023-12-08T15:44:43.461894000Z","EventRecordID":157542,"Correlation":{},"Execution":{"ProcessID":4,"ThreadID":2512},"Channel":"Security","Computer":"winterfell.north.sevenkingdoms.local"},"EventData":{"SubjectUserName":"WINTERFELL$","NewProcessId":"0x1530","CommandLine":"","TokenElevationType":"%%1936","TargetLogonId":"0x0","ProcessId":"0xfdc","SubjectUserSid":"S-1-5-18","SubjectDomainName":"NORTH","SubjectLogonId":"0x3e7","TargetDomainName":"-","MandatoryLabel":"S-1-16-16384","ParentProcessName":"C:\\Windows\\System32\\dsregcmd.exe","TargetUserName":"-","NewProcessName":"C:\\Windows\\System32\\conhost.exe","TargetUserSid":"S-1-0-0"},"OpenWEC":{"IpAddress":"10.202.0.184","TimeReceived":"2023-12-08T15:45:13.553391464+00:00","Principal":"WINTERFELL$@NORTH.SEVENKINGDOMS.LOCAL","Subscription":{"Uuid":"CB04741B-9072-4E2D-B769-3570FA020BBD","Version":"6E053E8A-FE0D-45A0-A863-C501EEDB4011","Name":"anssi-subscription"}}}
{"System":{"Provider":{"Name":"Microsoft-Windows-Security-Auditing","Guid":"{54849625-5478-4994-a5ba-3e3b0328c30d}"},"EventID":4624,"Version":2,"Level":0,"Task":12544,"Opcode":0,"Keywords":"0x8020000000000000","TimeCreated":"2023-12-08T15:44:43.534988200Z","EventRecordID":157544,"Correlation":{},"Execution":{"ProcessID":652,"ThreadID":900},"Channel":"Security","Computer":"winterfell.north.sevenkingdoms.local"},"EventData":{"LogonGuid":"{f01627c3-b208-4111-64fa-65a621d6172f}","SubjectUserSid":"S-1-0-0","ElevatedToken":"%%1842","TargetOutboundDomainName":"-","SubjectUserName":"-","TargetOutboundUserName":"-","TargetUserName":"WINTERFELL$","TargetDomainName":"NORTH.SEVENKINGDOMS.LOCAL","IpAddress":"fe80::49d5:632e:746a:12ce","KeyLength":"0","WorkstationName":"-","IpPort":"64643","VirtualAccount":"%%1843","AuthenticationPackageName":"Kerberos","TargetLogonId":"0xd0480e","LogonType":"3","LmPackageName":"-","LogonProcessName":"Kerberos","ProcessId":"0x0","TransmittedServices":"-","ProcessName":"-","SubjectDomainName":"-","ImpersonationLevel":"%%1833","RestrictedAdminMode":"-","SubjectLogonId":"0x0","TargetUserSid":"S-1-5-18","TargetLinkedLogonId":"0x0"},"OpenWEC":{"IpAddress":"10.202.0.184","TimeReceived":"2023-12-08T15:45:13.553391464+00:00","Principal":"WINTERFELL$@NORTH.SEVENKINGDOMS.LOCAL","Subscription":{"Uuid":"CB04741B-9072-4E2D-B769-3570FA020BBD","Version":"6E053E8A-FE0D-45A0-A863-C501EEDB4011","Name":"anssi-subscription"}}}
{"System":{"Provider":{"Name":"Microsoft-Windows-Security-Auditing","Guid":"{54849625-5478-4994-a5ba-3e3b0328c30d}"},"EventID":4624,"Version":2,"Level":0,"Task":12544,"Opcode":0,"Keywords":"0x8020000000000000","TimeCreated":"2023-12-08T15:44:43.543778500Z","EventRecordID":157546,"Correlation":{},"Execution":{"ProcessID":652,"ThreadID":2812},"Channel":"Security","Computer":"winterfell.north.sevenkingdoms.local"},"EventData":{"IpPort":"64644","SubjectDomainName":"-","SubjectUserSid":"S-1-0-0","VirtualAccount":"%%1843","TargetLinkedLogonId":"0x0","ElevatedToken":"%%1842","SubjectLogonId":"0x0","TargetDomainName":"NORTH.SEVENKINGDOMS.LOCAL","KeyLength":"0","LogonGuid":"{3f4b9425-1866-4469-9e0a-1c617a2b9ee7}","SubjectUserName":"-","TargetUserName":"WINTERFELL$","LmPackageName":"-","ImpersonationLevel":"%%1833","ProcessId":"0x0","LogonProcessName":"Kerberos","WorkstationName":"-","TargetOutboundUserName":"-","TargetOutboundDomainName":"-","TargetUserSid":"S-1-5-18","LogonType":"3","IpAddress":"::1","AuthenticationPackageName":"Kerberos","ProcessName":"-","RestrictedAdminMode":"-","TargetLogonId":"0xd048b5","TransmittedServices":"-"},"OpenWEC":{"IpAddress":"10.202.0.184","TimeReceived":"2023-12-08T15:45:13.553391464+00:00","Principal":"WINTERFELL$@NORTH.SEVENKINGDOMS.LOCAL","Subscription":{"Uuid":"CB04741B-9072-4E2D-B769-3570FA020BBD","Version":"6E053E8A-FE0D-45A0-A863-C501EEDB4011","Name":"anssi-subscription"}}}
{"System":{"Provider":{"Name":"Microsoft-Windows-Sysmon","Guid":"{5770385f-c22a-43e0-bf4c-06f5698ffbd9}"},"EventID":22,"Version":5,"Level":4,"Task":22,"Opcode":0,"Keywords":"0x8000000000000000","TimeCreated":"2023-12-08T15:44:43.548572600Z","EventRecordID":10092,"Correlation":{},"Execution":{"ProcessID":3248,"ThreadID":3932},"Channel":"Microsoft-Windows-Sysmon/Operational","Computer":"winterfell.north.sevenkingdoms.local","UserID":"S-1-5-18"},"EventData":{"Image":"C:\\Windows\\system32\\lsass.exe","ProcessGuid":"{2b62dd35-54d9-6573-0c00-000000002300}","RuleName":"-","ProcessId":"652","QueryResults":"10.202.0.184;192.168.56.11;10.0.2.15;","UtcTime":"2023-12-08 12:25:38.162","QueryStatus":"0","QueryName":"winterfell","User":"NT AUTHORITY\\SYSTEM"},"OpenWEC":{"IpAddress":"10.202.0.184","TimeReceived":"2023-12-08T15:45:13.553391464+00:00","Principal":"WINTERFELL$@NORTH.SEVENKINGDOMS.LOCAL","Subscription":{"Uuid":"CB04741B-9072-4E2D-B769-3570FA020BBD","Version":"6E053E8A-FE0D-45A0-A863-C501EEDB4011","Name":"anssi-subscription"}}}
{"System":{"Provider":{"Name":"Microsoft-Windows-Sysmon","Guid":"{5770385f-c22a-43e0-bf4c-06f5698ffbd9}"},"EventID":22,"Version":5,"Level":4,"Task":22,"Opcode":0,"Keywords":"0x8000000000000000","TimeCreated":"2023-12-08T15:44:43.551078100Z","EventRecordID":10093,"Correlation":{},"Execution":{"ProcessID":3248,"ThreadID":3932},"Channel":"Microsoft-Windows-Sysmon/Operational","Computer":"winterfell.north.sevenkingdoms.local","UserID":"S-1-5-18"},"EventData":{"QueryName":"winterfell","UtcTime":"2023-12-08 12:25:38.165","QueryResults":"10.202.0.184;192.168.56.11;10.0.2.15;","User":"NT AUTHORITY\\SYSTEM","ProcessId":"652","QueryStatus":"0","ProcessGuid":"{2b62dd35-54d9-6573-0c00-000000002300}","RuleName":"-","Image":"C:\\Windows\\system32\\lsass.exe"},"OpenWEC":{"IpAddress":"10.202.0.184","TimeReceived":"2023-12-08T15:45:13.553391464+00:00","Principal":"WINTERFELL$@NORTH.SEVENKINGDOMS.LOCAL","Subscription":{"Uuid":"CB04741B-9072-4E2D-B769-3570FA020BBD","Version":"6E053E8A-FE0D-45A0-A863-C501EEDB4011","Name":"anssi-subscription"}}}
{"System":{"Provider":{"Name":"Microsoft-Windows-Sysmon","Guid":"{5770385f-c22a-43e0-bf4c-06f5698ffbd9}"},"EventID":22,"Version":5,"Level":4,"Task":22,"Opcode":0,"Keywords":"0x8000000000000000","TimeCreated":"2023-12-08T15:44:43.552103900Z","EventRecordID":10094,"Correlation":{},"Execution":{"ProcessID":3248,"ThreadID":3932},"Channel":"Microsoft-Windows-Sysmon/Operational","Computer":"winterfell.north.sevenkingdoms.local","UserID":"S-1-5-18"},"EventData":{"Image":"C:\\Windows\\System32\\dsregcmd.exe","UtcTime":"2023-12-08 12:25:38.173","User":"NT AUTHORITY\\SYSTEM","QueryName":"winterfell.north.sevenkingdoms.local","RuleName":"-","QueryResults":"fe80::49d5:632e:746a:12ce;fe80::41c0:2bbe:f5a4:9751;fe80::21a6:3c09:2274:fe63;::ffff:10.202.0.184;::ffff:192.168.56.11;::ffff:10.0.2.15;","ProcessGuid":"{2b62dd35-39eb-6573-bf07-000000002300}","ProcessId":"4060","QueryStatus":"0"},"OpenWEC":{"IpAddress":"10.202.0.184","TimeReceived":"2023-12-08T15:45:13.553391464+00:00","Principal":"WINTERFELL$@NORTH.SEVENKINGDOMS.LOCAL","Subscription":{"Uuid":"CB04741B-9072-4E2D-B769-3570FA020BBD","Version":"6E053E8A-FE0D-45A0-A863-C501EEDB4011","Name":"anssi-subscription"}}}
{"System":{"Provider":{"Name":"Microsoft-Windows-Sysmon","Guid":"{5770385f-c22a-43e0-bf4c-06f5698ffbd9}"},"EventID":22,"Version":5,"Level":4,"Task":22,"Opcode":0,"Keywords":"0x8000000000000000","TimeCreated":"2023-12-08T15:44:43.553145200Z","EventRecordID":10095,"Correlation":{},"Execution":{"ProcessID":3248,"ThreadID":3932},"Channel":"Microsoft-Windows-Sysmon/Operational","Computer":"winterfell.north.sevenkingdoms.local","UserID":"S-1-5-18"},"EventData":{"ProcessGuid":"{2b62dd35-39eb-6573-bf07-000000002300}","RuleName":"-","QueryStatus":"0","QueryName":"winterfell.north.sevenkingdoms.local","Image":"C:\\Windows\\System32\\dsregcmd.exe","User":"NT AUTHORITY\\SYSTEM","QueryResults":"fe80::49d5:632e:746a:12ce;fe80::41c0:2bbe:f5a4:9751;fe80::21a6:3c09:2274:fe63;::ffff:10.202.0.184;::ffff:192.168.56.11;::ffff:10.0.2.15;","UtcTime":"2023-12-08 12:25:38.178","ProcessId":"4060"},"OpenWEC":{"IpAddress":"10.202.0.184","TimeReceived":"2023-12-08T15:45:13.553391464+00:00","Principal":"WINTERFELL$@NORTH.SEVENKINGDOMS.LOCAL","Subscription":{"Uuid":"CB04741B-9072-4E2D-B769-3570FA020BBD","Version":"6E053E8A-FE0D-45A0-A863-C501EEDB4011","Name":"anssi-subscription"}}}
{"System":{"Provider":{"Name":"Microsoft-Windows-Security-Auditing","Guid":"{54849625-5478-4994-a5ba-3e3b0328c30d}"},"EventID":4624,"Version":2,"Level":0,"Task":12544,"Opcode":0,"Keywords":"0x8020000000000000","TimeCreated":"2023-12-08T15:44:43.555474100Z","EventRecordID":157548,"Correlation":{},"Execution":{"ProcessID":652,"ThreadID":2828},"Channel":"Security","Computer":"winterfell.north.sevenkingdoms.local"},"EventData":{"KeyLength":"0","TargetOutboundUserName":"-","VirtualAccount":"%%1843","IpAddress":"10.0.2.15","ElevatedToken":"%%1842","SubjectUserSid":"S-1-0-0","TransmittedServices":"-","LmPackageName":"-","LogonType":"3","ProcessName":"-","TargetOutboundDomainName":"-","TargetLogonId":"0xd0497c","TargetLinkedLogonId":"0x0","LogonProcessName":"Kerberos","LogonGuid":"{f01627c3-b208-4111-64fa-65a621d6172f}","ImpersonationLevel":"%%1833","SubjectUserName":"-","WorkstationName":"-","SubjectDomainName":"-","AuthenticationPackageName":"Kerberos","IpPort":"64645","TargetUserSid":"S-1-5-18","RestrictedAdminMode":"-","TargetUserName":"WINTERFELL$","ProcessId":"0x0","TargetDomainName":"NORTH.SEVENKINGDOMS.LOCAL","SubjectLogonId":"0x0"},"OpenWEC":{"IpAddress":"10.202.0.184","TimeReceived":"2023-12-08T15:45:13.553391464+00:00","Principal":"WINTERFELL$@NORTH.SEVENKINGDOMS.LOCAL","Subscription":{"Uuid":"CB04741B-9072-4E2D-B769-3570FA020BBD","Version":"6E053E8A-FE0D-45A0-A863-C501EEDB4011","Name":"anssi-subscription"}}}
{"System":{"Provider":{"Name":"Microsoft-Windows-Sysmon","Guid":"{5770385f-c22a-43e0-bf4c-06f5698ffbd9}"},"EventID":10,"Version":3,"Level":4,"Task":10,"Opcode":0,"Keywords":"0x8000000000000000","TimeCreated":"2023-12-08T15:44:43.555829200Z","EventRecordID":10096,"Correlation":{},"Execution":{"ProcessID":3248,"ThreadID":3876},"Channel":"Microsoft-Windows-Sysmon/Operational","Computer":"winterfell.north.sevenkingdoms.local","UserID":"S-1-5-18"},"EventData":{"SourceUser":"NT AUTHORITY\\SYSTEM","RuleName":"-","GrantedAccess":"0x1fffff","SourceImage":"C:\\Windows\\sysmon64.exe","CallTrace":"C:\\Windows\\SYSTEM32\\ntdll.dll+9feb4|C:\\Windows\\SYSTEM32\\ntdll.dll+7d367|C:\\Windows\\System32\\KERNEL32.DLL+1c5b4|C:\\Windows\\System32\\KERNEL32.DLL+237f8|C:\\Windows\\sysmon64.exe+ec5cd|C:\\Windows\\sysmon64.exe+edeb7|C:\\Windows\\sysmon64.exe+12e889|C:\\Windows\\sysmon64.exe+ee90e|C:\\Windows\\sysmon64.exe+eecd3|C:\\Windows\\sysmon64.exe+10bd88|C:\\Windows\\sysmon64.exe+e22d1|C:\\Windows\\sysmon64.exe+e2427|C:\\Windows\\System32\\sechost.dll+dc61|C:\\Windows\\System32\\sechost.dll+d9a9|C:\\Windows\\System32\\sechost.dll+13d4e|C:\\Windows\\sysmon64.exe+e25ba|C:\\Windows\\sysmon64.exe+1a9ad2|C:\\Windows\\System32\\KERNEL32.DLL+17974|C:\\Windows\\SYSTEM32\\ntdll.dll+5a2f1","SourceThreadId":"3932","TargetImage":"C:\\Windows\\system32\\lsass.exe","TargetUser":"NT AUTHORITY\\SYSTEM","SourceProcessGUID":"{2b62dd35-e477-6572-4e00-000000002300}","SourceProcessId":"3248","TargetProcessGUID":"{2b62dd35-54d9-6573-0c00-000000002300}","UtcTime":"2023-12-08 15:44:43.545","TargetProcessId":"652"},"OpenWEC":{"IpAddress":"10.202.0.184","TimeReceived":"2023-12-08T15:45:13.553391464+00:00","Principal":"WINTERFELL$@NORTH.SEVENKINGDOMS.LOCAL","Subscription":{"Uuid":"CB04741B-9072-4E2D-B769-3570FA020BBD","Version":"6E053E8A-FE0D-45A0-A863-C501EEDB4011","Name":"anssi-subscription"}}}
{"System":{"Provider":{"Name":"Microsoft-Windows-Sysmon","Guid":"{5770385f-c22a-43e0-bf4c-06f5698ffbd9}"},"EventID":10,"Version":3,"Level":4,"Task":10,"Opcode":0,"Keywords":"0x8000000000000000","TimeCreated":"2023-12-08T15:44:43.556329700Z","EventRecordID":10097,"Correlation":{},"Execution":{"ProcessID":3248,"ThreadID":3876},"Channel":"Microsoft-Windows-Sysmon/Operational","Computer":"winterfell.north.sevenkingdoms.local","UserID":"S-1-5-18"},"EventData":{"SourceImage":"C:\\Windows\\sysmon64.exe","SourceUser":"NT AUTHORITY\\SYSTEM","UtcTime":"2023-12-08 15:44:43.545","SourceProcessId":"3248","TargetUser":"NT AUTHORITY\\SYSTEM","TargetProcessGUID":"{2b62dd35-54d9-6573-0c00-000000002300}","TargetProcessId":"652","CallTrace":"C:\\Windows\\SYSTEM32\\ntdll.dll+9feb4|C:\\Windows\\SYSTEM32\\ntdll.dll+7d367|C:\\Windows\\System32\\KERNEL32.DLL+1c5b4|C:\\Windows\\System32\\KERNEL32.DLL+237f8|C:\\Windows\\sysmon64.exe+ec5cd|C:\\Windows\\sysmon64.exe+edeb7|C:\\Windows\\sysmon64.exe+12e889|C:\\Windows\\sysmon64.exe+ee90e|C:\\Windows\\sysmon64.exe+eecd3|C:\\Windows\\sysmon64.exe+10bd88|C:\\Windows\\sysmon64.exe+e22d1|C:\\Windows\\sysmon64.exe+e2427|C:\\Windows\\System32\\sechost.dll+dc61|C:\\Windows\\System32\\sechost.dll+d9a9|C:\\Windows\\System32\\sechost.dll+13d4e|C:\\Windows\\sysmon64.exe+e25ba|C:\\Windows\\sysmon64.exe+1a9ad2|C:\\Windows\\System32\\KERNEL32.DLL+17974|C:\\Windows\\SYSTEM32\\ntdll.dll+5a2f1","SourceThreadId":"3932","TargetImage":"C:\\Windows\\system32\\lsass.exe","GrantedAccess":"0x1fffff","SourceProcessGUID":"{2b62dd35-e477-6572-4e00-000000002300}","RuleName":"-"},"OpenWEC":{"IpAddress":"10.202.0.184","TimeReceived":"2023-12-08T15:45:13.553391464+00:00","Principal":"WINTERFELL$@NORTH.SEVENKINGDOMS.LOCAL","Subscription":{"Uuid":"CB04741B-9072-4E2D-B769-3570FA020BBD","Version":"6E053E8A-FE0D-45A0-A863-C501EEDB4011","Name":"anssi-subscription"}}}
{"System":{"Provider":{"Name":"Microsoft-Windows-Sysmon","Guid":"{5770385f-c22a-43e0-bf4c-06f5698ffbd9}"},"EventID":3,"Version":5,"Level":4,"Task":3,"Opcode":0,"Keywords":"0x8000000000000000","TimeCreated":"2023-12-08T15:44:43.720327400Z","EventRecordID":10098,"Correlation":{},"Execution":{"ProcessID":3248,"ThreadID":3884},"Channel":"Microsoft-Windows-Sysmon/Operational","Computer":"winterfell.north.sevenkingdoms.local","UserID":"S-1-5-18"},"EventData":{"SourcePortName":"-","RuleName":"WinRM","UtcTime":"2023-12-08 12:25:37.172","DestinationIp":"10.202.0.154","ProcessId":"3228","Protocol":"tcp","Initiated":"true","ProcessGuid":"{2b62dd35-e477-6572-4d00-000000002300}","User":"NT AUTHORITY\\NETWORK SERVICE","DestinationIsIpv6":"false","DestinationPortName":"-","SourcePort":"64641","SourceHostname":"winterfell.north.sevenkingdoms.local","DestinationPort":"5985","SourceIsIpv6":"false","SourceIp":"10.202.0.184","Image":"C:\\Windows\\System32\\svchost.exe","DestinationHostname":"-"},"OpenWEC":{"IpAddress":"10.202.0.184","TimeReceived":"2023-12-08T15:45:13.553391464+00:00","Principal":"WINTERFELL$@NORTH.SEVENKINGDOMS.LOCAL","Subscription":{"Uuid":"CB04741B-9072-4E2D-B769-3570FA020BBD","Version":"6E053E8A-FE0D-45A0-A863-C501EEDB4011","Name":"anssi-subscription"}}}
{"System":{"Provider":{"Name":"Microsoft-Windows-Sysmon","Guid":"{5770385f-c22a-43e0-bf4c-06f5698ffbd9}"},"EventID":10,"Version":3,"Level":4,"Task":10,"Opcode":0,"Keywords":"0x8000000000000000","TimeCreated":"2023-12-08T15:44:44.624474600Z","EventRecordID":10099,"Correlation":{},"Execution":{"ProcessID":3248,"ThreadID":3876},"Channel":"Microsoft-Windows-Sysmon/Operational","Computer":"winterfell.north.sevenkingdoms.local","UserID":"S-1-5-18"},"EventData":{"TargetUser":"NT AUTHORITY\\SYSTEM","SourceProcessGUID":"{2b62dd35-e477-6572-4e00-000000002300}","RuleName":"-","GrantedAccess":"0x1fffff","SourceThreadId":"3932","TargetProcessGUID":"{2b62dd35-54d9-6573-0c00-000000002300}","SourceProcessId":"3248","TargetProcessId":"652","SourceImage":"C:\\Windows\\sysmon64.exe","TargetImage":"C:\\Windows\\system32\\lsass.exe","CallTrace":"C:\\Windows\\SYSTEM32\\ntdll.dll+9feb4|C:\\Windows\\SYSTEM32\\ntdll.dll+7d367|C:\\Windows\\System32\\KERNEL32.DLL+1c5b4|C:\\Windows\\System32\\KERNEL32.DLL+237f8|C:\\Windows\\sysmon64.exe+ec5cd|C:\\Windows\\sysmon64.exe+edeb7|C:\\Windows\\sysmon64.exe+12e889|C:\\Windows\\sysmon64.exe+ee90e|C:\\Windows\\sysmon64.exe+eecd3|C:\\Windows\\sysmon64.exe+10bd88|C:\\Windows\\sysmon64.exe+e22d1|C:\\Windows\\sysmon64.exe+e2427|C:\\Windows\\System32\\sechost.dll+dc61|C:\\Windows\\System32\\sechost.dll+d9a9|C:\\Windows\\System32\\sechost.dll+13d4e|C:\\Windows\\sysmon64.exe+e25ba|C:\\Windows\\sysmon64.exe+1a9ad2|C:\\Windows\\System32\\KERNEL32.DLL+17974|C:\\Windows\\SYSTEM32\\ntdll.dll+5a2f1","SourceUser":"NT AUTHORITY\\SYSTEM","UtcTime":"2023-12-08 15:44:44.623"},"OpenWEC":{"IpAddress":"10.202.0.184","TimeReceived":"2023-12-08T15:45:13.553391464+00:00","Principal":"WINTERFELL$@NORTH.SEVENKINGDOMS.LOCAL","Subscription":{"Uuid":"CB04741B-9072-4E2D-B769-3570FA020BBD","Version":"6E053E8A-FE0D-45A0-A863-C501EEDB4011","Name":"anssi-subscription"}}}
