{"System":{"Provider":{"Name":"Microsoft-Windows-Security-Auditing","Guid":"{54849625-5478-4994-a5ba-3e3b0328c30d}"},"EventID":4624,"Version":2,"Level":0,"Task":12544,"Opcode":0,"Keywords":"0x8020000000000000","TimeCreated":"2023-12-08T15:57:38.883205600Z","EventRecordID":157968,"Correlation":{},"Execution":{"ProcessID":652,"ThreadID":2812},"Channel":"Security","Computer":"winterfell.north.sevenkingdoms.local"},"EventData":{"TargetDomainName":"NORTH.SEVENKINGDOMS.LOCAL","TargetUserName":"WINTERFELL$","ImpersonationLevel":"%%1833","TargetLinkedLogonId":"0x0","TransmittedServices":"-","ElevatedToken":"%%1842","TargetUserSid":"S-1-5-18","TargetOutboundUserName":"-","WorkstationName":"-","IpAddress":"10.0.2.15","LogonType":"3","LogonProcessName":"Kerberos","AuthenticationPackageName":"Kerberos","SubjectUserSid":"S-1-0-0","SubjectLogonId":"0x0","SubjectDomainName":"-","SubjectUserName":"-","ProcessId":"0x0","KeyLength":"0","RestrictedAdminMode":"-","LogonGuid":"{f01627c3-b208-4111-64fa-65a621d6172f}","ProcessName":"-","VirtualAccount":"%%1843","LmPackageName":"-","TargetLogonId":"0xdd7b3f","IpPort":"64806","TargetOutboundDomainName":"-"},"OpenWEC":{"IpAddress":"10.202.0.184","TimeReceived":"2023-12-08T15:57:52.550404096+00:00","Principal":"WINTERFELL$@NORTH.SEVENKINGDOMS.LOCAL","Subscription":{"Uuid":"CB04741B-9072-4E2D-B769-3570FA020BBD","Version":"6E053E8A-FE0D-45A0-A863-C501EEDB4011","Name":"anssi-subscription"}}}
{"System":{"Provider":{"Name":"Microsoft-Windows-Security-Auditing","Guid":"{54849625-5478-4994-a5ba-3e3b0328c30d}"},"EventID":4624,"Version":2,"Level":0,"Task":12544,"Opcode":0,"Keywords":"0x8020000000000000","TimeCreated":"2023-12-08T15:57:38.986275600Z","EventRecordID":157970,"Correlation":{"ActivityID":"{82a8a277-29fd-0000-eca2-a882fd29da01}"},"Execution":{"ProcessID":652,"ThreadID":2156},"Channel":"Security","Computer":"winterfell.north.sevenkingdoms.local"},"EventData":{"TargetUserSid":"S-1-5-18","AuthenticationPackageName":"Kerberos","TargetLogonId":"0xdd7bdf","LmPackageName":"-","ProcessName":"-","ProcessId":"0x0","RestrictedAdminMode":"-","SubjectUserName":"-","LogonGuid":"{a155fed4-306a-067d-3778-05668931b036}","VirtualAccount":"%%1843","IpPort":"64807","TargetUserName":"WINTERFELL$","ImpersonationLevel":"%%1840","TargetOutboundDomainName":"-","SubjectUserSid":"S-1-0-0","IpAddress":"fe80::49d5:632e:746a:12ce","TargetOutboundUserName":"-","TargetDomainName":"NORTH.SEVENKINGDOMS.LOCAL","SubjectLogonId":"0x0","SubjectDomainName":"-","WorkstationName":"-","TransmittedServices":"-","KeyLength":"0","TargetLinkedLogonId":"0x0","ElevatedToken":"%%1842","LogonType":"3","LogonProcessName":"Kerberos"},"OpenWEC":{"IpAddress":"10.202.0.184","TimeReceived":"2023-12-08T15:57:52.550404096+00:00","Principal":"WINTERFELL$@NORTH.SEVENKINGDOMS.LOCAL","Subscription":{"Uuid":"CB04741B-9072-4E2D-B769-3570FA020BBD","Version":"6E053E8A-FE0D-45A0-A863-C501EEDB4011","Name":"anssi-subscription"}}}
{"System":{"Provider":{"Name":"Microsoft-Windows-Security-Auditing","Guid":"{54849625-5478-4994-a5ba-3e3b0328c30d}"},"EventID":5140,"Version":1,"Level":0,"Task":12808,"Opcode":0,"Keywords":"0x8020000000000000","TimeCreated":"2023-12-08T15:57:38.986689500Z","EventRecordID":157971,"Correlation":{},"Execution":{"ProcessID":4,"ThreadID":180},"Channel":"Security","Computer":"winterfell.north.sevenkingdoms.local"},"EventData":{"ShareName":"\\\\*\\SYSVOL","SubjectUserName":"WINTERFELL$","SubjectDomainName":"NORTH","IpAddress":"fe80::49d5:632e:746a:12ce","AccessList":"%%4416\n\t\t\t\t","ObjectType":"File","SubjectUserSid":"S-1-5-18","SubjectLogonId":"0xdd7bdf","IpPort":"64807","AccessMask":"0x1","ShareLocalPath":"\\??\\C:\\Windows\\SYSVOL\\sysvol"},"OpenWEC":{"IpAddress":"10.202.0.184","TimeReceived":"2023-12-08T15:57:52.550404096+00:00","Principal":"WINTERFELL$@NORTH.SEVENKINGDOMS.LOCAL","Subscription":{"Uuid":"CB04741B-9072-4E2D-B769-3570FA020BBD","Version":"6E053E8A-FE0D-45A0-A863-C501EEDB4011","Name":"anssi-subscription"}}}
{"System":{"Provider":{"Name":"Microsoft-Windows-Sysmon","Guid":"{5770385f-c22a-43e0-bf4c-06f5698ffbd9}"},"EventID":10,"Version":3,"Level":4,"Task":10,"Opcode":0,"Keywords":"0x8000000000000000","TimeCreated":"2023-12-08T15:57:39.887177200Z","EventRecordID":10506,"Correlation":{},"Execution":{"ProcessID":3248,"ThreadID":3876},"Channel":"Microsoft-Windows-Sysmon/Operational","Computer":"winterfell.north.sevenkingdoms.local","UserID":"S-1-5-18"},"EventData":{"TargetImage":"C:\\Windows\\system32\\lsass.exe","GrantedAccess":"0x1fffff","CallTrace":"C:\\Windows\\SYSTEM32\\ntdll.dll+9feb4|C:\\Windows\\SYSTEM32\\ntdll.dll+7d367|C:\\Windows\\System32\\KERNEL32.DLL+1c5b4|C:\\Windows\\System32\\KERNEL32.DLL+237f8|C:\\Windows\\sysmon64.exe+ec5cd|C:\\Windows\\sysmon64.exe+edeb7|C:\\Windows\\sysmon64.exe+12e889|C:\\Windows\\sysmon64.exe+ee90e|C:\\Windows\\sysmon64.exe+eecd3|C:\\Windows\\sysmon64.exe+10bd88|C:\\Windows\\sysmon64.exe+e22d1|C:\\Windows\\sysmon64.exe+e2427|C:\\Windows\\System32\\sechost.dll+dc61|C:\\Windows\\System32\\sechost.dll+d9a9|C:\\Windows\\System32\\sechost.dll+13d4e|C:\\Windows\\sysmon64.exe+e25ba|C:\\Windows\\sysmon64.exe+1a9ad2|C:\\Windows\\System32\\KERNEL32.DLL+17974|C:\\Windows\\SYSTEM32\\ntdll.dll+5a2f1","SourceUser":"NT AUTHORITY\\SYSTEM","TargetUser":"NT AUTHORITY\\SYSTEM","UtcTime":"2023-12-08 15:57:39.886","SourceThreadId":"3932","SourceImage":"C:\\Windows\\sysmon64.exe","RuleName":"-","SourceProcessId":"3248","SourceProcessGUID":"{2b62dd35-e477-6572-4e00-000000002300}","TargetProcessGUID":"{2b62dd35-54d9-6573-0c00-000000002300}","TargetProcessId":"652"},"OpenWEC":{"IpAddress":"10.202.0.184","TimeReceived":"2023-12-08T15:57:52.550404096+00:00","Principal":"WINTERFELL$@NORTH.SEVENKINGDOMS.LOCAL","Subscription":{"Uuid":"CB04741B-9072-4E2D-B769-3570FA020BBD","Version":"6E053E8A-FE0D-45A0-A863-C501EEDB4011","Name":"anssi-subscription"}}}
{"System":{"Provider":{"Name":"Microsoft-Windows-Sysmon","Guid":"{5770385f-c22a-43e0-bf4c-06f5698ffbd9}"},"EventID":22,"Version":5,"Level":4,"Task":22,"Opcode":0,"Keywords":"0x8000000000000000","TimeCreated":"2023-12-08T15:57:39.888193200Z","EventRecordID":10507,"Correlation":{},"Execution":{"ProcessID":3248,"ThreadID":3932},"Channel":"Microsoft-Windows-Sysmon/Operational","Computer":"winterfell.north.sevenkingdoms.local","UserID":"S-1-5-18"},"EventData":{"ProcessGuid":"{2b62dd35-54d9-6573-0c00-000000002300}","QueryStatus":"0","ProcessId":"652","RuleName":"-","QueryResults":"10.202.0.184;192.168.56.11;10.0.2.15;","UtcTime":"2023-12-08 12:38:33.489","QueryName":"winterfell","Image":"C:\\Windows\\system32\\lsass.exe","User":"NT AUTHORITY\\SYSTEM"},"OpenWEC":{"IpAddress":"10.202.0.184","TimeReceived":"2023-12-08T15:57:52.550404096+00:00","Principal":"WINTERFELL$@NORTH.SEVENKINGDOMS.LOCAL","Subscription":{"Uuid":"CB04741B-9072-4E2D-B769-3570FA020BBD","Version":"6E053E8A-FE0D-45A0-A863-C501EEDB4011","Name":"anssi-subscription"}}}
{"System":{"Provider":{"Name":"Microsoft-Windows-Sysmon","Guid":"{5770385f-c22a-43e0-bf4c-06f5698ffbd9}"},"EventID":22,"Version":5,"Level":4,"Task":22,"Opcode":0,"Keywords":"0x8000000000000000","TimeCreated":"2023-12-08T15:57:39.888982900Z","EventRecordID":10508,"Correlation":{},"Execution":{"ProcessID":3248,"ThreadID":3932},"Channel":"Microsoft-Windows-Sysmon/Operational","Computer":"winterfell.north.sevenkingdoms.local","UserID":"S-1-5-18"},"EventData":{"User":"NT AUTHORITY\\SYSTEM","QueryName":"winterfell.north.sevenkingdoms.local","QueryStatus":"0","ProcessId":"1396","UtcTime":"2023-12-08 12:38:33.489","RuleName":"-","QueryResults":"fe80::49d5:632e:746a:12ce;fe80::41c0:2bbe:f5a4:9751;fe80::21a6:3c09:2274:fe63;::ffff:10.202.0.184;::ffff:192.168.56.11;::ffff:10.0.2.15;","ProcessGuid":"{2b62dd35-54db-6573-1e00-000000002300}","Image":"C:\\Windows\\system32\\svchost.exe"},"OpenWEC":{"IpAddress":"10.202.0.184","TimeReceived":"2023-12-08T15:57:52.550404096+00:00","Principal":"WINTERFELL$@NORTH.SEVENKINGDOMS.LOCAL","Subscription":{"Uuid":"CB04741B-9072-4E2D-B769-3570FA020BBD","Version":"6E053E8A-FE0D-45A0-A863-C501EEDB4011","Name":"anssi-subscription"}}}
{"System":{"Provider":{"Name":"Microsoft-Windows-Sysmon","Guid":"{5770385f-c22a-43e0-bf4c-06f5698ffbd9}"},"EventID":22,"Version":5,"Level":4,"Task":22,"Opcode":0,"Keywords":"0x8000000000000000","TimeCreated":"2023-12-08T15:57:39.889731100Z","EventRecordID":10509,"Correlation":{},"Execution":{"ProcessID":3248,"ThreadID":3932},"Channel":"Microsoft-Windows-Sysmon/Operational","Computer":"winterfell.north.sevenkingdoms.local","UserID":"S-1-5-18"},"EventData":{"RuleName":"-","QueryName":"winterfell.north.sevenkingdoms.local","QueryResults":"fe80::49d5:632e:746a:12ce;fe80::41c0:2bbe:f5a4:9751;fe80::21a6:3c09:2274:fe63;::ffff:10.202.0.184;::ffff:192.168.56.11;::ffff:10.0.2.15;","UtcTime":"2023-12-08 12:38:33.491","ProcessGuid":"{2b62dd35-54db-6573-1e00-000000002300}","ProcessId":"1396","QueryStatus":"0","Image":"C:\\Windows\\system32\\svchost.exe","User":"NT AUTHORITY\\SYSTEM"},"OpenWEC":{"IpAddress":"10.202.0.184","TimeReceived":"2023-12-08T15:57:52.550404096+00:00","Principal":"WINTERFELL$@NORTH.SEVENKINGDOMS.LOCAL","Subscription":{"Uuid":"CB04741B-9072-4E2D-B769-3570FA020BBD","Version":"6E053E8A-FE0D-45A0-A863-C501EEDB4011","Name":"anssi-subscription"}}}
{"System":{"Provider":{"Name":"Microsoft-Windows-Sysmon","Guid":"{5770385f-c22a-43e0-bf4c-06f5698ffbd9}"},"EventID":10,"Version":3,"Level":4,"Task":10,"Opcode":0,"Keywords":"0x8000000000000000","TimeCreated":"2023-12-08T15:57:39.890853000Z","EventRecordID":10510,"Correlation":{},"Execution":{"ProcessID":3248,"ThreadID":3876},"Channel":"Microsoft-Windows-Sysmon/Operational","Computer":"winterfell.north.sevenkingdoms.local","UserID":"S-1-5-18"},"EventData":{"RuleName":"-","SourceProcessGUID":"{2b62dd35-e477-6572-4e00-000000002300}","SourceUser":"NT AUTHORITY\\SYSTEM","SourceProcessId":"3248","TargetProcessGUID":"{2b62dd35-54d9-6573-0c00-000000002300}","UtcTime":"2023-12-08 15:57:39.886","CallTrace":"C:\\Windows\\SYSTEM32\\ntdll.dll+9feb4|C:\\Windows\\SYSTEM32\\ntdll.dll+7d367|C:\\Windows\\System32\\KERNEL32.DLL+1c5b4|C:\\Windows\\System32\\KERNEL32.DLL+237f8|C:\\Windows\\sysmon64.exe+ec5cd|C:\\Windows\\sysmon64.exe+edeb7|C:\\Windows\\sysmon64.exe+12e889|C:\\Windows\\sysmon64.exe+ee90e|C:\\Windows\\sysmon64.exe+eecd3|C:\\Windows\\sysmon64.exe+10bd88|C:\\Windows\\sysmon64.exe+e22d1|C:\\Windows\\sysmon64.exe+e2427|C:\\Windows\\System32\\sechost.dll+dc61|C:\\Windows\\System32\\sechost.dll+d9a9|C:\\Windows\\System32\\sechost.dll+13d4e|C:\\Windows\\sysmon64.exe+e25ba|C:\\Windows\\sysmon64.exe+1a9ad2|C:\\Windows\\System32\\KERNEL32.DLL+17974|C:\\Windows\\SYSTEM32\\ntdll.dll+5a2f1","TargetProcessId":"652","TargetImage":"C:\\Windows\\system32\\lsass.exe","SourceThreadId":"3932","SourceImage":"C:\\Windows\\sysmon64.exe","GrantedAccess":"0x1fffff","TargetUser":"NT AUTHORITY\\SYSTEM"},"OpenWEC":{"IpAddress":"10.202.0.184","TimeReceived":"2023-12-08T15:57:52.550404096+00:00","Principal":"WINTERFELL$@NORTH.SEVENKINGDOMS.LOCAL","Subscription":{"Uuid":"CB04741B-9072-4E2D-B769-3570FA020BBD","Version":"6E053E8A-FE0D-45A0-A863-C501EEDB4011","Name":"anssi-subscription"}}}
{"System":{"Provider":{"Name":"Microsoft-Windows-Sysmon","Guid":"{5770385f-c22a-43e0-bf4c-06f5698ffbd9}"},"EventID":22,"Version":5,"Level":4,"Task":22,"Opcode":0,"Keywords":"0x8000000000000000","TimeCreated":"2023-12-08T15:57:39.891489900Z","EventRecordID":10511,"Correlation":{},"Execution":{"ProcessID":3248,"ThreadID":3932},"Channel":"Microsoft-Windows-Sysmon/Operational","Computer":"winterfell.north.sevenkingdoms.local","UserID":"S-1-5-18"},"EventData":{"ProcessId":"652","Image":"C:\\Windows\\system32\\lsass.exe","QueryResults":"10.202.0.184;192.168.56.11;10.0.2.15;","QueryName":"winterfell","UtcTime":"2023-12-08 12:38:33.499","User":"NT AUTHORITY\\SYSTEM","ProcessGuid":"{2b62dd35-54d9-6573-0c00-000000002300}","RuleName":"-","QueryStatus":"0"},"OpenWEC":{"IpAddress":"10.202.0.184","TimeReceived":"2023-12-08T15:57:52.550404096+00:00","Principal":"WINTERFELL$@NORTH.SEVENKINGDOMS.LOCAL","Subscription":{"Uuid":"CB04741B-9072-4E2D-B769-3570FA020BBD","Version":"6E053E8A-FE0D-45A0-A863-C501EEDB4011","Name":"anssi-subscription"}}}
{"System":{"Provider":{"Name":"Microsoft-Windows-Sysmon","Guid":"{5770385f-c22a-43e0-bf4c-06f5698ffbd9}"},"EventID":22,"Version":5,"Level":4,"Task":22,"Opcode":0,"Keywords":"0x8000000000000000","TimeCreated":"2023-12-08T15:57:39.892281500Z","EventRecordID":10512,"Correlation":{},"Execution":{"ProcessID":3248,"ThreadID":3932},"Channel":"Microsoft-Windows-Sysmon/Operational","Computer":"winterfell.north.sevenkingdoms.local","UserID":"S-1-5-18"},"EventData":{"QueryName":"winterfell.north.sevenkingdoms.local","ProcessId":"1396","QueryResults":"fe80::49d5:632e:746a:12ce;fe80::41c0:2bbe:f5a4:9751;fe80::21a6:3c09:2274:fe63;::ffff:10.202.0.184;::ffff:192.168.56.11;::ffff:10.0.2.15;","QueryStatus":"0","User":"NT AUTHORITY\\SYSTEM","ProcessGuid":"{2b62dd35-54db-6573-1e00-000000002300}","Image":"C:\\Windows\\system32\\svchost.exe","RuleName":"-","UtcTime":"2023-12-08 12:38:33.499"},"OpenWEC":{"IpAddress":"10.202.0.184","TimeReceived":"2023-12-08T15:57:52.550404096+00:00","Principal":"WINTERFELL$@NORTH.SEVENKINGDOMS.LOCAL","Subscription":{"Uuid":"CB04741B-9072-4E2D-B769-3570FA020BBD","Version":"6E053E8A-FE0D-45A0-A863-C501EEDB4011","Name":"anssi-subscription"}}}
{"System":{"Provider":{"Name":"Microsoft-Windows-Sysmon","Guid":"{5770385f-c22a-43e0-bf4c-06f5698ffbd9}"},"EventID":22,"Version":5,"Level":4,"Task":22,"Opcode":0,"Keywords":"0x8000000000000000","TimeCreated":"2023-12-08T15:57:39.893940300Z","EventRecordID":10513,"Correlation":{},"Execution":{"ProcessID":3248,"ThreadID":3932},"Channel":"Microsoft-Windows-Sysmon/Operational","Computer":"winterfell.north.sevenkingdoms.local","UserID":"S-1-5-18"},"EventData":{"Image":"C:\\Windows\\system32\\lsass.exe","QueryStatus":"0","QueryName":"winterfell","UtcTime":"2023-12-08 12:38:33.600","QueryResults":"10.202.0.184;192.168.56.11;10.0.2.15;","User":"NT AUTHORITY\\SYSTEM","RuleName":"-","ProcessGuid":"{2b62dd35-54d9-6573-0c00-000000002300}","ProcessId":"652"},"OpenWEC":{"IpAddress":"10.202.0.184","TimeReceived":"2023-12-08T15:57:52.550404096+00:00","Principal":"WINTERFELL$@NORTH.SEVENKINGDOMS.LOCAL","Subscription":{"Uuid":"CB04741B-9072-4E2D-B769-3570FA020BBD","Version":"6E053E8A-FE0D-45A0-A863-C501EEDB4011","Name":"anssi-subscription"}}}
{"System":{"Provider":{"Name":"Microsoft-Windows-Sysmon","Guid":"{5770385f-c22a-43e0-bf4c-06f5698ffbd9}"},"EventID":10,"Version":3,"Level":4,"Task":10,"Opcode":0,"Keywords":"0x8000000000000000","TimeCreated":"2023-12-08T15:57:39.897872400Z","EventRecordID":10514,"Correlation":{},"Execution":{"ProcessID":3248,"ThreadID":3876},"Channel":"Microsoft-Windows-Sysmon/Operational","Computer":"winterfell.north.sevenkingdoms.local","UserID":"S-1-5-18"},"EventData":{"RuleName":"-","TargetProcessGUID":"{2b62dd35-54d9-6573-0c00-000000002300}","TargetImage":"C:\\Windows\\system32\\lsass.exe","SourceUser":"NT AUTHORITY\\SYSTEM","SourceImage":"C:\\Windows\\sysmon64.exe","SourceProcessGUID":"{2b62dd35-e477-6572-4e00-000000002300}","SourceThreadId":"3932","UtcTime":"2023-12-08 15:57:39.886","GrantedAccess":"0x1fffff","CallTrace":"C:\\Windows\\SYSTEM32\\ntdll.dll+9feb4|C:\\Windows\\SYSTEM32\\ntdll.dll+7d367|C:\\Windows\\System32\\KERNEL32.DLL+1c5b4|C:\\Windows\\System32\\KERNEL32.DLL+237f8|C:\\Windows\\sysmon64.exe+ec5cd|C:\\Windows\\sysmon64.exe+edeb7|C:\\Windows\\sysmon64.exe+12e889|C:\\Windows\\sysmon64.exe+ee90e|C:\\Windows\\sysmon64.exe+eecd3|C:\\Windows\\sysmon64.exe+10bd88|C:\\Windows\\sysmon64.exe+e22d1|C:\\Windows\\sysmon64.exe+e2427|C:\\Windows\\System32\\sechost.dll+dc61|C:\\Windows\\System32\\sechost.dll+d9a9|C:\\Windows\\System32\\sechost.dll+13d4e|C:\\Windows\\sysmon64.exe+e25ba|C:\\Windows\\sysmon64.exe+1a9ad2|C:\\Windows\\System32\\KERNEL32.DLL+17974|C:\\Windows\\SYSTEM32\\ntdll.dll+5a2f1","SourceProcessId":"3248","TargetProcessId":"652","TargetUser":"NT AUTHORITY\\SYSTEM"},"OpenWEC":{"IpAddress":"10.202.0.184","TimeReceived":"2023-12-08T15:57:52.550404096+00:00","Principal":"WINTERFELL$@NORTH.SEVENKINGDOMS.LOCAL","Subscription":{"Uuid":"CB04741B-9072-4E2D-B769-3570FA020BBD","Version":"6E053E8A-FE0D-45A0-A863-C501EEDB4011","Name":"anssi-subscription"}}}
{"System":{"Provider":{"Name":"Microsoft-Windows-Sysmon","Guid":"{5770385f-c22a-43e0-bf4c-06f5698ffbd9}"},"EventID":10,"Version":3,"Level":4,"Task":10,"Opcode":0,"Keywords":"0x8000000000000000","TimeCreated":"2023-12-08T15:57:40.028011100Z","EventRecordID":10515,"Correlation":{},"Execution":{"ProcessID":3248,"ThreadID":3876},"Channel":"Microsoft-Windows-Sysmon/Operational","Computer":"winterfell.north.sevenkingdoms.local","UserID":"S-1-5-18"},"EventData":{"TargetProcessGUID":"{2b62dd35-54d9-6573-0c00-000000002300}","SourceImage":"C:\\Windows\\sysmon64.exe","SourceUser":"NT AUTHORITY\\SYSTEM","CallTrace":"C:\\Windows\\SYSTEM32\\ntdll.dll+9feb4|C:\\Windows\\SYSTEM32\\ntdll.dll+7d367|C:\\Windows\\System32\\KERNEL32.DLL+1c5b4|C:\\Windows\\System32\\KERNEL32.DLL+237f8|C:\\Windows\\sysmon64.exe+ec5cd|C:\\Windows\\sysmon64.exe+edeb7|C:\\Windows\\sysmon64.exe+12e889|C:\\Windows\\sysmon64.exe+ee90e|C:\\Windows\\sysmon64.exe+eecd3|C:\\Windows\\sysmon64.exe+f3eea|C:\\Windows\\sysmon64.exe+fbc2c|C:\\Windows\\sysmon64.exe+10dc04|C:\\Windows\\sysmon64.exe+10dcc5|C:\\Windows\\sysmon64.exe+1a9ad2|C:\\Windows\\System32\\KERNEL32.DLL+17974|C:\\Windows\\SYSTEM32\\ntdll.dll+5a2f1","TargetUser":"NT AUTHORITY\\SYSTEM","SourceProcessId":"3248","SourceThreadId":"3884","GrantedAccess":"0x1fffff","UtcTime":"2023-12-08 15:57:40.026","RuleName":"-","SourceProcessGUID":"{2b62dd35-e477-6572-4e00-000000002300}","TargetImage":"C:\\Windows\\system32\\lsass.exe","TargetProcessId":"652"},"OpenWEC":{"IpAddress":"10.202.0.184","TimeReceived":"2023-12-08T15:57:52.550404096+00:00","Principal":"WINTERFELL$@NORTH.SEVENKINGDOMS.LOCAL","Subscription":{"Uuid":"CB04741B-9072-4E2D-B769-3570FA020BBD","Version":"6E053E8A-FE0D-45A0-A863-C501EEDB4011","Name":"anssi-subscription"}}}
{"System":{"Provider":{"Name":"Microsoft-Windows-Sysmon","Guid":"{5770385f-c22a-43e0-bf4c-06f5698ffbd9}"},"EventID":10,"Version":3,"Level":4,"Task":10,"Opcode":0,"Keywords":"0x8000000000000000","TimeCreated":"2023-12-08T15:57:40.036231900Z","EventRecordID":10516,"Correlation":{},"Execution":{"ProcessID":3248,"ThreadID":3876},"Channel":"Microsoft-Windows-Sysmon/Operational","Computer":"winterfell.north.sevenkingdoms.local","UserID":"S-1-5-18"},"EventData":{"SourceThreadId":"3884","GrantedAccess":"0x1fffff","CallTrace":"C:\\Windows\\SYSTEM32\\ntdll.dll+9feb4|C:\\Windows\\SYSTEM32\\ntdll.dll+7d367|C:\\Windows\\System32\\KERNEL32.DLL+1c5b4|C:\\Windows\\System32\\KERNEL32.DLL+237f8|C:\\Windows\\sysmon64.exe+ec5cd|C:\\Windows\\sysmon64.exe+edeb7|C:\\Windows\\sysmon64.exe+12e889|C:\\Windows\\sysmon64.exe+ee90e|C:\\Windows\\sysmon64.exe+eecd3|C:\\Windows\\sysmon64.exe+f3eea|C:\\Windows\\sysmon64.exe+fbc2c|C:\\Windows\\sysmon64.exe+10dc04|C:\\Windows\\sysmon64.exe+10dcc5|C:\\Windows\\sysmon64.exe+1a9ad2|C:\\Windows\\System32\\KERNEL32.DLL+17974|C:\\Windows\\SYSTEM32\\ntdll.dll+5a2f1","SourceUser":"NT AUTHORITY\\SYSTEM","TargetProcessGUID":"{2b62dd35-54d9-6573-0c00-000000002300}","TargetUser":"NT AUTHORITY\\SYSTEM","TargetProcessId":"652","SourceProcessId":"3248","RuleName":"-","UtcTime":"2023-12-08 15:57:40.026","SourceImage":"C:\\Windows\\sysmon64.exe","SourceProcessGUID":"{2b62dd35-e477-6572-4e00-000000002300}","TargetImage":"C:\\Windows\\system32\\lsass.exe"},"OpenWEC":{"IpAddress":"10.202.0.184","TimeReceived":"2023-12-08T15:57:52.550404096+00:00","Principal":"WINTERFELL$@NORTH.SEVENKINGDOMS.LOCAL","Subscription":{"Uuid":"CB04741B-9072-4E2D-B769-3570FA020BBD","Version":"6E053E8A-FE0D-45A0-A863-C501EEDB4011","Name":"anssi-subscription"}}}
{"System":{"Provider":{"Name":"Microsoft-Windows-Sysmon","Guid":"{5770385f-c22a-43e0-bf4c-06f5698ffbd9}"},"EventID":22,"Version":5,"Level":4,"Task":22,"Opcode":0,"Keywords":"0x8000000000000000","TimeCreated":"2023-12-08T15:57:41.040928000Z","EventRecordID":10517,"Correlation":{},"Execution":{"ProcessID":3248,"ThreadID":3932},"Channel":"Microsoft-Windows-Sysmon/Operational","Computer":"winterfell.north.sevenkingdoms.local","UserID":"S-1-5-18"},"EventData":{"ProcessId":"896","QueryStatus":"0","QueryResults":"fe80::49d5:632e:746a:12ce;fe80::41c0:2bbe:f5a4:9751;fe80::21a6:3c09:2274:fe63;::ffff:10.202.0.184;::ffff:192.168.56.11;::ffff:10.0.2.15;","QueryName":"winterfell.north.sevenkingdoms.local","UtcTime":"2023-12-08 12:38:33.600","RuleName":"-","User":"NT AUTHORITY\\LOCAL SERVICE","ProcessGuid":"{2b62dd35-54db-6573-1500-000000002300}","Image":"C:\\Windows\\System32\\svchost.exe"},"OpenWEC":{"IpAddress":"10.202.0.184","TimeReceived":"2023-12-08T15:57:52.550404096+00:00","Principal":"WINTERFELL$@NORTH.SEVENKINGDOMS.LOCAL","Subscription":{"Uuid":"CB04741B-9072-4E2D-B769-3570FA020BBD","Version":"6E053E8A-FE0D-45A0-A863-C501EEDB4011","Name":"anssi-subscription"}}}
{"System":{"Provider":{"Name":"Microsoft-Windows-Security-Auditing","Guid":"{54849625-5478-4994-a5ba-3e3b0328c30d}"},"EventID":4688,"Version":2,"Level":0,"Task":13312,"Opcode":0,"Keywords":"0x8020000000000000","TimeCreated":"2023-12-08T15:57:52.298661000Z","EventRecordID":157981,"Correlation":{},"Execution":{"ProcessID":4,"ThreadID":2064},"Channel":"Security","Computer":"winterfell.north.sevenkingdoms.local"},"EventData":{"SubjectLogonId":"0xdd39ad","SubjectUserSid":"S-1-5-21-2431860994-719566178-239256710-1113","ProcessId":"0x11d4","TargetLogonId":"0x0","TargetDomainName":"-","NewProcessId":"0x15cc","TargetUserSid":"S-1-0-0","SubjectDomainName":"NORTH","TargetUserName":"-","NewProcessName":"C:\\Windows\\System32\\mstsc.exe","MandatoryLabel":"S-1-16-12288","SubjectUserName":"robb.stark","ParentProcessName":"C:\\Windows\\System32\\WindowsPowerShell\\v1.0\\powershell.exe","TokenElevationType":"%%1936","CommandLine":""},"OpenWEC":{"IpAddress":"10.202.0.184","TimeReceived":"2023-12-08T15:58:23.278002488+00:00","Principal":"WINTERFELL$@NORTH.SEVENKINGDOMS.LOCAL","Subscription":{"Uuid":"CB04741B-9072-4E2D-B769-3570FA020BBD","Version":"6E053E8A-FE0D-45A0-A863-C501EEDB4011","Name":"anssi-subscription"}}}
{"System":{"Provider":{"Name":"Microsoft-Windows-Sysmon","Guid":"{5770385f-c22a-43e0-bf4c-06f5698ffbd9}"},"EventID":1,"Version":5,"Level":4,"Task":1,"Opcode":0,"Keywords":"0x8000000000000000","TimeCreated":"2023-12-08T15:57:52.302062000Z","EventRecordID":10518,"Correlation":{},"Execution":{"ProcessID":3248,"ThreadID":3876},"Channel":"Microsoft-Windows-Sysmon/Operational","Computer":"winterfell.north.sevenkingdoms.local","UserID":"S-1-5-18"},"EventData":{"ProcessGuid":"{2b62dd35-3d00-6573-4308-000000002300}","Company":"Microsoft Corporation","OriginalFileName":"mstsc.exe","Hashes":"MD5=FECC0C4F37222679825054A1BE0AE8FD,SHA256=D7A69C4398AC1BE41F44477F58C9619D43A1C363D4833C32610AC848B269EDF0,IMPHASH=43D4C98DB4E05AF16115818C6E500A33","TerminalSessionId":"0","ParentProcessGuid":"{2b62dd35-3cea-6573-4008-000000002300}","ParentProcessId":"4564","FileVersion":"10.0.17763.1697 (WinBuild.160101.0800)","CurrentDirectory":"C:\\Windows\\system32\\","LogonGuid":"{2b62dd35-3cea-6573-ad39-dd0000000000}","CommandLine":"\"C:\\Windows\\system32\\mstsc.exe\" /v:castelblack","IntegrityLevel":"High","UtcTime":"2023-12-08 15:57:52.298","Product":"Microsoft® Windows® Operating System","ParentCommandLine":"powershell  c:\\setup\\bot_rdp.ps1","User":"NORTH\\robb.stark","ParentUser":"NORTH\\robb.stark","ProcessId":"5580","Description":"Remote Desktop Connection","Image":"C:\\Windows\\System32\\mstsc.exe","LogonId":"0xdd39ad","ParentImage":"C:\\Windows\\System32\\WindowsPowerShell\\v1.0\\powershell.exe","RuleName":"-"},"OpenWEC":{"IpAddress":"10.202.0.184","TimeReceived":"2023-12-08T15:58:23.278002488+00:00","Principal":"WINTERFELL$@NORTH.SEVENKINGDOMS.LOCAL","Subscription":{"Uuid":"CB04741B-9072-4E2D-B769-3570FA020BBD","Version":"6E053E8A-FE0D-45A0-A863-C501EEDB4011","Name":"anssi-subscription"}}}
{"System":{"Provider":{"Name":"Microsoft-Windows-Sysmon","Guid":"{5770385f-c22a-43e0-bf4c-06f5698ffbd9}"},"EventID":10,"Version":3,"Level":4,"Task":10,"Opcode":0,"Keywords":"0x8000000000000000","TimeCreated":"2023-12-08T15:57:52.302245000Z","EventRecordID":10519,"Correlation":{},"Execution":{"ProcessID":3248,"ThreadID":3876},"Channel":"Microsoft-Windows-Sysmon/Operational","Computer":"winterfell.north.sevenkingdoms.local","UserID":"S-1-5-18"},"EventData":{"UtcTime":"2023-12-08 15:57:52.292","CallTrace":"C:\\Windows\\SYSTEM32\\ntdll.dll+a1244|C:\\Windows\\System32\\KERNELBASE.dll+485d2|C:\\Windows\\System32\\KERNELBASE.dll+45fc6|C:\\Windows\\System32\\KERNEL32.DLL+1c2e3|C:\\Windows\\assembly\\NativeImages_v4.0.30319_64\\System\\cb755e97e255f61e327a8001d4e05859\\System.ni.dll+3332f6|C:\\Windows\\assembly\\NativeImages_v4.0.30319_64\\System\\cb755e97e255f61e327a8001d4e05859\\System.ni.dll+2b5560|C:\\Windows\\assembly\\NativeImages_v4.0.30319_64\\System\\cb755e97e255f61e327a8001d4e05859\\System.ni.dll+2b4f07|C:\\Windows\\assembly\\NativeImages_v4.0.30319_64\\System.Manaa57fc8cc#\\da4031e77cd7d8b426cd99e749e0c982\\System.Management.Automation.ni.dll+f7fc6b|C:\\Windows\\assembly\\NativeImages_v4.0.30319_64\\System.Manaa57fc8cc#\\da4031e77cd7d8b426cd99e749e0c982\\System.Management.Automation.ni.dll+ed9fad|C:\\Windows\\assembly\\NativeImages_v4.0.30319_64\\System.Manaa57fc8cc#\\da4031e77cd7d8b426cd99e749e0c982\\System.Management.Automation.ni.dll+f5cb1e|C:\\Windows\\assembly\\NativeImages_v4.0.30319_64\\System.Manaa57fc8cc#\\da4031e77cd7d8b426cd99e749e0c982\\System.Management.Automation.ni.dll+f5c7fb|C:\\Windows\\assembly\\NativeImages_v4.0.30319_64\\System.Manaa57fc8cc#\\da4031e77cd7d8b426cd99e749e0c982\\System.Management.Automation.ni.dll+104fcb4|UNKNOWN(00007FF7D51C13C1)","SourceImage":"C:\\Windows\\System32\\WindowsPowerShell\\v1.0\\powershell.exe","TargetUser":"NORTH\\robb.stark","GrantedAccess":"0x1fffff","TargetProcessGUID":"{2b62dd35-3d00-6573-4308-000000002300}","TargetProcessId":"5580","SourceThreadId":"4896","SourceProcessGUID":"{2b62dd35-3cea-6573-4008-000000002300}","RuleName":"-","SourceProcessId":"4564","TargetImage":"C:\\Windows\\system32\\mstsc.exe","SourceUser":"NORTH\\robb.stark"},"OpenWEC":{"IpAddress":"10.202.0.184","TimeReceived":"2023-12-08T15:58:23.278002488+00:00","Principal":"WINTERFELL$@NORTH.SEVENKINGDOMS.LOCAL","Subscription":{"Uuid":"CB04741B-9072-4E2D-B769-3570FA020BBD","Version":"6E053E8A-FE0D-45A0-A863-C501EEDB4011","Name":"anssi-subscription"}}}
{"System":{"Provider":{"Name":"Microsoft-Windows-TerminalServices-ClientActiveXCore","Guid":"{28aa95bb-d444-4719-a36f-40462168127e}"},"EventID":1024,"Version":0,"Level":4,"Task":101,"Opcode":10,"Keywords":"0x4000000000000000","TimeCreated":"2023-12-08T15:57:52.676769000Z","EventRecordID":15224,"Correlation":{"ActivityID":"{967e6f2c-ff18-4196-a42c-8c4b0bdf0000}"},"Execution":{"ProcessID":5580,"ThreadID":3680},"Channel":"Microsoft-Windows-TerminalServices-RDPClient/Operational","Computer":"winterfell.north.sevenkingdoms.local","UserID":"S-1-5-21-2431860994-719566178-239256710-1113"},"EventData":{"CustomLevel":"Info","Value":"castelblack","Name":"Server Name"},"OpenWEC":{"IpAddress":"10.202.0.184","TimeReceived":"2023-12-08T15:58:23.278002488+00:00","Principal":"WINTERFELL$@NORTH.SEVENKINGDOMS.LOCAL","Subscription":{"Uuid":"CB04741B-9072-4E2D-B769-3570FA020BBD","Version":"6E053E8A-FE0D-45A0-A863-C501EEDB4011","Name":"anssi-subscription"}}}
{"System":{"Provider":{"Name":"Microsoft-Windows-Sysmon","Guid":"{5770385f-c22a-43e0-bf4c-06f5698ffbd9}"},"EventID":22,"Version":5,"Level":4,"Task":22,"Opcode":0,"Keywords":"0x8000000000000000","TimeCreated":"2023-12-08T15:57:54.682887500Z","EventRecordID":10520,"Correlation":{},"Execution":{"ProcessID":3248,"ThreadID":3932},"Channel":"Microsoft-Windows-Sysmon/Operational","Computer":"winterfell.north.sevenkingdoms.local","UserID":"S-1-5-18"},"EventData":{"RuleName":"-","ProcessId":"5580","Image":"C:\\Windows\\system32\\mstsc.exe","UtcTime":"2023-12-08 12:38:47.299","ProcessGuid":"{2b62dd35-3d00-6573-4308-000000002300}","User":"NORTH\\robb.stark","QueryStatus":"0","QueryResults":"::ffff:192.168.56.22;","QueryName":"castelblack"},"OpenWEC":{"IpAddress":"10.202.0.184","TimeReceived":"2023-12-08T15:58:23.278002488+00:00","Principal":"WINTERFELL$@NORTH.SEVENKINGDOMS.LOCAL","Subscription":{"Uuid":"CB04741B-9072-4E2D-B769-3570FA020BBD","Version":"6E053E8A-FE0D-45A0-A863-C501EEDB4011","Name":"anssi-subscription"}}}
{"System":{"Provider":{"Name":"Microsoft-Windows-Sysmon","Guid":"{5770385f-c22a-43e0-bf4c-06f5698ffbd9}"},"EventID":3,"Version":5,"Level":4,"Task":3,"Opcode":0,"Keywords":"0x8000000000000000","TimeCreated":"2023-12-08T15:58:06.637237900Z","EventRecordID":10521,"Correlation":{},"Execution":{"ProcessID":3248,"ThreadID":3884},"Channel":"Microsoft-Windows-Sysmon/Operational","Computer":"winterfell.north.sevenkingdoms.local","UserID":"S-1-5-18"},"EventData":{"DestinationHostname":"-","Protocol":"tcp","ProcessGuid":"{2b62dd35-e477-6572-4d00-000000002300}","RuleName":"WinRM","Image":"C:\\Windows\\System32\\svchost.exe","DestinationIsIpv6":"false","SourceHostname":"winterfell.north.sevenkingdoms.local","DestinationIp":"10.202.0.154","UtcTime":"2023-12-08 12:39:00.188","SourceIsIpv6":"false","User":"NT AUTHORITY\\NETWORK SERVICE","SourceIp":"10.202.0.184","DestinationPort":"5985","ProcessId":"3228","SourcePort":"64810","DestinationPortName":"-","SourcePortName":"-","Initiated":"true"},"OpenWEC":{"IpAddress":"10.202.0.184","TimeReceived":"2023-12-08T15:58:23.278002488+00:00","Principal":"WINTERFELL$@NORTH.SEVENKINGDOMS.LOCAL","Subscription":{"Uuid":"CB04741B-9072-4E2D-B769-3570FA020BBD","Version":"6E053E8A-FE0D-45A0-A863-C501EEDB4011","Name":"anssi-subscription"}}}
{"System":{"Provider":{"Name":"Microsoft-Windows-Security-Auditing","Guid":"{54849625-5478-4994-a5ba-3e3b0328c30d}"},"EventID":4624,"Version":2,"Level":0,"Task":12544,"Opcode":0,"Keywords":"0x8020000000000000","TimeCreated":"2023-12-08T15:58:27.137841400Z","EventRecordID":157987,"Correlation":{},"Execution":{"ProcessID":652,"ThreadID":2828},"Channel":"Security","Computer":"winterfell.north.sevenkingdoms.local"},"EventData":{"SubjectUserSid":"S-1-0-0","TargetOutboundUserName":"-","ElevatedToken":"%%1842","SubjectUserName":"-","SubjectLogonId":"0x0","KeyLength":"0","TargetDomainName":"NORTH.SEVENKINGDOMS.LOCAL","WorkstationName":"-","LogonGuid":"{3f4b9425-1866-4469-9e0a-1c617a2b9ee7}","TargetOutboundDomainName":"-","RestrictedAdminMode":"-","TargetLinkedLogonId":"0x0","ImpersonationLevel":"%%1833","TargetLogonId":"0xde1753","ProcessName":"-","TransmittedServices":"-","IpPort":"64811","AuthenticationPackageName":"Kerberos","LogonType":"3","LmPackageName":"-","VirtualAccount":"%%1843","LogonProcessName":"Kerberos","SubjectDomainName":"-","TargetUserName":"WINTERFELL$","ProcessId":"0x0","IpAddress":"::1","TargetUserSid":"S-1-5-18"},"OpenWEC":{"IpAddress":"10.202.0.184","TimeReceived":"2023-12-08T15:58:58.123475949+00:00","Principal":"WINTERFELL$@NORTH.SEVENKINGDOMS.LOCAL","Subscription":{"Uuid":"CB04741B-9072-4E2D-B769-3570FA020BBD","Version":"6E053E8A-FE0D-45A0-A863-C501EEDB4011","Name":"anssi-subscription"}}}
{"System":{"Provider":{"Name":"Microsoft-Windows-Sysmon","Guid":"{5770385f-c22a-43e0-bf4c-06f5698ffbd9}"},"EventID":10,"Version":3,"Level":4,"Task":10,"Opcode":0,"Keywords":"0x8000000000000000","TimeCreated":"2023-12-08T15:58:28.200907000Z","EventRecordID":10522,"Correlation":{},"Execution":{"ProcessID":3248,"ThreadID":3876},"Channel":"Microsoft-Windows-Sysmon/Operational","Computer":"winterfell.north.sevenkingdoms.local","UserID":"S-1-5-18"},"EventData":{"SourceUser":"NT AUTHORITY\\SYSTEM","TargetProcessId":"652","GrantedAccess":"0x1fffff","RuleName":"-","TargetUser":"NT AUTHORITY\\SYSTEM","TargetProcessGUID":"{2b62dd35-54d9-6573-0c00-000000002300}","UtcTime":"2023-12-08 15:58:28.200","SourceThreadId":"3884","CallTrace":"C:\\Windows\\SYSTEM32\\ntdll.dll+9feb4|C:\\Windows\\SYSTEM32\\ntdll.dll+7d367|C:\\Windows\\System32\\KERNEL32.DLL+1c5b4|C:\\Windows\\System32\\KERNEL32.DLL+237f8|C:\\Windows\\sysmon64.exe+ec5cd|C:\\Windows\\sysmon64.exe+edeb7|C:\\Windows\\sysmon64.exe+12e889|C:\\Windows\\sysmon64.exe+ee90e|C:\\Windows\\sysmon64.exe+eecd3|C:\\Windows\\sysmon64.exe+f3eea|C:\\Windows\\sysmon64.exe+fbc2c|C:\\Windows\\sysmon64.exe+10dc04|C:\\Windows\\sysmon64.exe+10dcc5|C:\\Windows\\sysmon64.exe+1a9ad2|C:\\Windows\\System32\\KERNEL32.DLL+17974|C:\\Windows\\SYSTEM32\\ntdll.dll+5a2f1","SourceImage":"C:\\Windows\\sysmon64.exe","TargetImage":"C:\\Windows\\system32\\lsass.exe","SourceProcessId":"3248","SourceProcessGUID":"{2b62dd35-e477-6572-4e00-000000002300}"},"OpenWEC":{"IpAddress":"10.202.0.184","TimeReceived":"2023-12-08T15:58:58.123475949+00:00","Principal":"WINTERFELL$@NORTH.SEVENKINGDOMS.LOCAL","Subscription":{"Uuid":"CB04741B-9072-4E2D-B769-3570FA020BBD","Version":"6E053E8A-FE0D-45A0-A863-C501EEDB4011","Name":"anssi-subscription"}}}
{"System":{"Provider":{"Name":"Microsoft-Windows-Sysmon","Guid":"{5770385f-c22a-43e0-bf4c-06f5698ffbd9}"},"EventID":10,"Version":3,"Level":4,"Task":10,"Opcode":0,"Keywords":"0x8000000000000000","TimeCreated":"2023-12-08T15:58:30.909643900Z","EventRecordID":10523,"Correlation":{},"Execution":{"ProcessID":3248,"ThreadID":3876},"Channel":"Microsoft-Windows-Sysmon/Operational","Computer":"winterfell.north.sevenkingdoms.local","UserID":"S-1-5-18"},"EventData":{"SourceThreadId":"1200","TargetImage":"C:\\Windows\\system32\\lsass.exe","CallTrace":"C:\\Windows\\SYSTEM32\\ntdll.dll+9feb4|C:\\Windows\\System32\\KERNELBASE.dll+6c2f5|c:\\windows\\system32\\lsm.dll+f397|c:\\windows\\system32\\lsm.dll+df54|C:\\Windows\\System32\\RPCRT4.dll+784a3|C:\\Windows\\System32\\RPCRT4.dll+d9f9a|C:\\Windows\\System32\\RPCRT4.dll+1ac60|C:\\Windows\\System32\\RPCRT4.dll+508e8|C:\\Windows\\System32\\RPCRT4.dll+3ad80|C:\\Windows\\System32\\RPCRT4.dll+3a72b|C:\\Windows\\System32\\RPCRT4.dll+2c9cf|C:\\Windows\\System32\\RPCRT4.dll+2be2a|C:\\Windows\\System32\\RPCRT4.dll+2b3f1|C:\\Windows\\System32\\RPCRT4.dll+2ae62|C:\\Windows\\System32\\RPCRT4.dll+218d5|C:\\Windows\\SYSTEM32\\ntdll.dll+69c20|C:\\Windows\\SYSTEM32\\ntdll.dll+166e8|C:\\Windows\\System32\\KERNEL32.DLL+17974|C:\\Windows\\SYSTEM32\\ntdll.dll+5a2f1","SourceUser":"NT AUTHORITY\\SYSTEM","TargetProcessGUID":"{2b62dd35-54d9-6573-0c00-000000002300}","UtcTime":"2023-12-08 15:58:30.903","SourceProcessGUID":"{2b62dd35-54db-6573-1000-000000002300}","SourceImage":"C:\\Windows\\system32\\svchost.exe","SourceProcessId":"948","RuleName":"-","TargetUser":"NT AUTHORITY\\SYSTEM","TargetProcessId":"652","GrantedAccess":"0x1000"},"OpenWEC":{"IpAddress":"10.202.0.184","TimeReceived":"2023-12-08T15:58:58.123475949+00:00","Principal":"WINTERFELL$@NORTH.SEVENKINGDOMS.LOCAL","Subscription":{"Uuid":"CB04741B-9072-4E2D-B769-3570FA020BBD","Version":"6E053E8A-FE0D-45A0-A863-C501EEDB4011","Name":"anssi-subscription"}}}
{"System":{"Provider":{"Name":"Microsoft-Windows-Sysmon","Guid":"{5770385f-c22a-43e0-bf4c-06f5698ffbd9}"},"EventID":10,"Version":3,"Level":4,"Task":10,"Opcode":0,"Keywords":"0x8000000000000000","TimeCreated":"2023-12-08T15:58:30.909853400Z","EventRecordID":10524,"Correlation":{},"Execution":{"ProcessID":3248,"ThreadID":3876},"Channel":"Microsoft-Windows-Sysmon/Operational","Computer":"winterfell.north.sevenkingdoms.local","UserID":"S-1-5-18"},"EventData":{"RuleName":"-","UtcTime":"2023-12-08 15:58:30.903","SourceThreadId":"1200","TargetProcessGUID":"{2b62dd35-54d9-6573-0c00-000000002300}","TargetProcessId":"652","SourceImage":"C:\\Windows\\system32\\svchost.exe","SourceProcessGUID":"{2b62dd35-54db-6573-1000-000000002300}","SourceProcessId":"948","TargetImage":"C:\\Windows\\system32\\lsass.exe","GrantedAccess":"0x1000","CallTrace":"C:\\Windows\\SYSTEM32\\ntdll.dll+9feb4|C:\\Windows\\System32\\KERNELBASE.dll+6c2f5|c:\\windows\\system32\\lsm.dll+e2ca|c:\\windows\\system32\\lsm.dll+e044|C:\\Windows\\System32\\RPCRT4.dll+784a3|C:\\Windows\\System32\\RPCRT4.dll+d9f9a|C:\\Windows\\System32\\RPCRT4.dll+1ac60|C:\\Windows\\System32\\RPCRT4.dll+508e8|C:\\Windows\\System32\\RPCRT4.dll+3ad80|C:\\Windows\\System32\\RPCRT4.dll+3a72b|C:\\Windows\\System32\\RPCRT4.dll+2c9cf|C:\\Windows\\System32\\RPCRT4.dll+2be2a|C:\\Windows\\System32\\RPCRT4.dll+2b3f1|C:\\Windows\\System32\\RPCRT4.dll+2ae62|C:\\Windows\\System32\\RPCRT4.dll+218d5|C:\\Windows\\SYSTEM32\\ntdll.dll+69c20|C:\\Windows\\SYSTEM32\\ntdll.dll+166e8|C:\\Windows\\System32\\KERNEL32.DLL+17974|C:\\Windows\\SYSTEM32\\ntdll.dll+5a2f1","SourceUser":"NT AUTHORITY\\SYSTEM","TargetUser":"NT AUTHORITY\\SYSTEM"},"OpenWEC":{"IpAddress":"10.202.0.184","TimeReceived":"2023-12-08T15:58:58.123475949+00:00","Principal":"WINTERFELL$@NORTH.SEVENKINGDOMS.LOCAL","Subscription":{"Uuid":"CB04741B-9072-4E2D-B769-3570FA020BBD","Version":"6E053E8A-FE0D-45A0-A863-C501EEDB4011","Name":"anssi-subscription"}}}
{"System":{"Provider":{"Name":"Microsoft-Windows-Sysmon","Guid":"{5770385f-c22a-43e0-bf4c-06f5698ffbd9}"},"EventID":1,"Version":5,"Level":4,"Task":1,"Opcode":0,"Keywords":"0x8000000000000000","TimeCreated":"2023-12-08T15:58:30.926387200Z","EventRecordID":10525,"Correlation":{},"Execution":{"ProcessID":3248,"ThreadID":3876},"Channel":"Microsoft-Windows-Sysmon/Operational","Computer":"winterfell.north.sevenkingdoms.local","UserID":"S-1-5-18"},"EventData":{"FileVersion":"10.0.17763.1 (WinBuild.160101.0800)","UtcTime":"2023-12-08 15:58:30.924","Image":"C:\\Windows\\System32\\dllhost.exe","Product":"Microsoft® Windows® Operating System","ParentProcessId":"860","ParentProcessGuid":"{00000000-0000-0000-0000-000000000000}","ParentImage":"-","Description":"COM Surrogate","TerminalSessionId":"0","ParentUser":"-","Company":"Microsoft Corporation","User":"NT AUTHORITY\\SYSTEM","ProcessGuid":"{2b62dd35-3d26-6573-4408-000000002300}","CommandLine":"C:\\Windows\\system32\\DllHost.exe /Processid:{E10F6C3A-F1AE-4ADC-AA9D-2FE65525666E}","OriginalFileName":"dllhost.exe","LogonId":"0x3e7","Hashes":"MD5=D2AB39EA2C0FCD172751F84BDA723A97,SHA256=C4E078607DB2784BE7761C86048DFFA6F3EF04B551354A32FCDEC3B6A3450905,IMPHASH=68E651F131674892AE7E46556EB24726","IntegrityLevel":"System","LogonGuid":"{2b62dd35-54d9-6573-e703-000000000000}","ParentCommandLine":"-","RuleName":"-","ProcessId":"1416","CurrentDirectory":"C:\\Windows\\system32\\"},"OpenWEC":{"IpAddress":"10.202.0.184","TimeReceived":"2023-12-08T15:58:58.123475949+00:00","Principal":"WINTERFELL$@NORTH.SEVENKINGDOMS.LOCAL","Subscription":{"Uuid":"CB04741B-9072-4E2D-B769-3570FA020BBD","Version":"6E053E8A-FE0D-45A0-A863-C501EEDB4011","Name":"anssi-subscription"}}}
{"System":{"Provider":{"Name":"Microsoft-Windows-Sysmon","Guid":"{5770385f-c22a-43e0-bf4c-06f5698ffbd9}"},"EventID":1,"Version":5,"Level":4,"Task":1,"Opcode":0,"Keywords":"0x8000000000000000","TimeCreated":"2023-12-08T15:58:30.943109400Z","EventRecordID":10526,"Correlation":{},"Execution":{"ProcessID":3248,"ThreadID":3876},"Channel":"Microsoft-Windows-Sysmon/Operational","Computer":"winterfell.north.sevenkingdoms.local","UserID":"S-1-5-18"},"EventData":{"ParentCommandLine":"-","Company":"Microsoft Corporation","IntegrityLevel":"High","ParentUser":"-","RuleName":"-","OriginalFileName":"Cmd.Exe","ParentProcessGuid":"{00000000-0000-0000-0000-000000000000}","UtcTime":"2023-12-08 15:58:30.940","ParentProcessId":"1592","Image":"C:\\Windows\\System32\\cmd.exe","Product":"Microsoft® Windows® Operating System","CurrentDirectory":"C:\\Windows\\system32\\","FileVersion":"10.0.17763.1697 (WinBuild.160101.0800)","ProcessGuid":"{2b62dd35-3d26-6573-4508-000000002300}","ProcessId":"2824","LogonGuid":"{2b62dd35-3d26-6573-8c23-de0000000000}","Description":"Windows Command Processor","LogonId":"0xde238c","Hashes":"MD5=911D039E71583A07320B32BDE22F8E22,SHA256=BC866CFCDDA37E24DC2634DC282C7A0E6F55209DA17A8FA105B07414C0E7C527,IMPHASH=272245E2988E1E430500B852C4FB5E18","CommandLine":"cmd.exe /c powershell c:\\setup\\bot_rdp.ps1","TerminalSessionId":"0","User":"NORTH\\robb.stark","ParentImage":"-"},"OpenWEC":{"IpAddress":"10.202.0.184","TimeReceived":"2023-12-08T15:58:58.123475949+00:00","Principal":"WINTERFELL$@NORTH.SEVENKINGDOMS.LOCAL","Subscription":{"Uuid":"CB04741B-9072-4E2D-B769-3570FA020BBD","Version":"6E053E8A-FE0D-45A0-A863-C501EEDB4011","Name":"anssi-subscription"}}}
{"System":{"Provider":{"Name":"Microsoft-Windows-Sysmon","Guid":"{5770385f-c22a-43e0-bf4c-06f5698ffbd9}"},"EventID":1,"Version":5,"Level":4,"Task":1,"Opcode":0,"Keywords":"0x8000000000000000","TimeCreated":"2023-12-08T15:58:30.979936800Z","EventRecordID":10527,"Correlation":{},"Execution":{"ProcessID":3248,"ThreadID":3876},"Channel":"Microsoft-Windows-Sysmon/Operational","Computer":"winterfell.north.sevenkingdoms.local","UserID":"S-1-5-18"},"EventData":{"UtcTime":"2023-12-08 15:58:30.974","FileVersion":"10.0.17763.1 (WinBuild.160101.0800)","LogonId":"0xde238c","ProcessId":"4720","ParentCommandLine":"cmd.exe /c powershell c:\\setup\\bot_rdp.ps1","ParentUser":"NORTH\\robb.stark","ProcessGuid":"{2b62dd35-3d26-6573-4708-000000002300}","Image":"C:\\Windows\\System32\\WindowsPowerShell\\v1.0\\powershell.exe","OriginalFileName":"PowerShell.EXE","ParentProcessGuid":"{2b62dd35-3d26-6573-4508-000000002300}","CurrentDirectory":"C:\\Windows\\system32\\","Description":"Windows PowerShell","TerminalSessionId":"0","Product":"Microsoft® Windows® Operating System","ParentImage":"C:\\Windows\\System32\\cmd.exe","ParentProcessId":"2824","RuleName":"-","CommandLine":"powershell  c:\\setup\\bot_rdp.ps1","User":"NORTH\\robb.stark","IntegrityLevel":"High","LogonGuid":"{2b62dd35-3d26-6573-8c23-de0000000000}","Company":"Microsoft Corporation","Hashes":"MD5=7353F60B1739074EB17C5F4DDDEFE239,SHA256=DE96A6E69944335375DC1AC238336066889D9FFC7D73628EF4FE1B1B160AB32C,IMPHASH=741776AACCFC5B71FF59832DCDCACE0F"},"OpenWEC":{"IpAddress":"10.202.0.184","TimeReceived":"2023-12-08T15:58:58.123475949+00:00","Principal":"WINTERFELL$@NORTH.SEVENKINGDOMS.LOCAL","Subscription":{"Uuid":"CB04741B-9072-4E2D-B769-3570FA020BBD","Version":"6E053E8A-FE0D-45A0-A863-C501EEDB4011","Name":"anssi-subscription"}}}
{"System":{"Provider":{"Name":"Microsoft-Windows-Sysmon","Guid":"{5770385f-c22a-43e0-bf4c-06f5698ffbd9}"},"EventID":11,"Version":2,"Level":4,"Task":11,"Opcode":0,"Keywords":"0x8000000000000000","TimeCreated":"2023-12-08T15:58:31.027567400Z","EventRecordID":10528,"Correlation":{},"Execution":{"ProcessID":3248,"ThreadID":3876},"Channel":"Microsoft-Windows-Sysmon/Operational","Computer":"winterfell.north.sevenkingdoms.local","UserID":"S-1-5-18"},"EventData":{"TargetFilename":"C:\\Users\\robb.stark\\AppData\\Local\\Temp\\__PSScriptPolicyTest_pzmuzkdx.r3f.ps1","Image":"C:\\Windows\\System32\\WindowsPowerShell\\v1.0\\powershell.exe","CreationUtcTime":"2023-12-08 15:58:31.012","User":"NORTH\\robb.stark","ProcessId":"4720","ProcessGuid":"{2b62dd35-3d26-6573-4708-000000002300}","UtcTime":"2023-12-08 15:58:31.012","RuleName":"-"},"OpenWEC":{"IpAddress":"10.202.0.184","TimeReceived":"2023-12-08T15:58:58.123475949+00:00","Principal":"WINTERFELL$@NORTH.SEVENKINGDOMS.LOCAL","Subscription":{"Uuid":"CB04741B-9072-4E2D-B769-3570FA020BBD","Version":"6E053E8A-FE0D-45A0-A863-C501EEDB4011","Name":"anssi-subscription"}}}
{"System":{"Provider":{"Name":"Microsoft-Windows-Sysmon","Guid":"{5770385f-c22a-43e0-bf4c-06f5698ffbd9}"},"EventID":1,"Version":5,"Level":4,"Task":1,"Opcode":0,"Keywords":"0x8000000000000000","TimeCreated":"2023-12-08T15:58:31.134537100Z","EventRecordID":10529,"Correlation":{},"Execution":{"ProcessID":3248,"ThreadID":3876},"Channel":"Microsoft-Windows-Sysmon/Operational","Computer":"winterfell.north.sevenkingdoms.local","UserID":"S-1-5-18"},"EventData":{"Product":"Microsoft® Windows® Operating System","Image":"C:\\Windows\\System32\\query.exe","ParentImage":"C:\\Windows\\System32\\WindowsPowerShell\\v1.0\\powershell.exe","ProcessId":"5616","CommandLine":"\"C:\\Windows\\system32\\query.exe\" session robb.stark /server:castelblack","LogonGuid":"{2b62dd35-3d26-6573-8c23-de0000000000}","Company":"Microsoft Corporation","User":"NORTH\\robb.stark","TerminalSessionId":"0","ParentProcessGuid":"{2b62dd35-3d26-6573-4708-000000002300}","OriginalFileName":"query.exe","ParentCommandLine":"powershell  c:\\setup\\bot_rdp.ps1","ParentUser":"NORTH\\robb.stark","ProcessGuid":"{2b62dd35-3d27-6573-4808-000000002300}","Hashes":"MD5=8A7520A6CC2A2968F4A8EE4DB946AD8D,SHA256=3369E8FEA09C3C226D636B13108DA357093D0D98214236417839A94F56D3BA02,IMPHASH=CCC9DA4A55E90DFE34CBCDB066D6A6B3","RuleName":"-","FileVersion":"10.0.17763.1 (WinBuild.160101.0800)","UtcTime":"2023-12-08 15:58:31.131","LogonId":"0xde238c","IntegrityLevel":"High","Description":"MultiUser Query Utility","CurrentDirectory":"C:\\Windows\\system32\\","ParentProcessId":"4720"},"OpenWEC":{"IpAddress":"10.202.0.184","TimeReceived":"2023-12-08T15:58:58.123475949+00:00","Principal":"WINTERFELL$@NORTH.SEVENKINGDOMS.LOCAL","Subscription":{"Uuid":"CB04741B-9072-4E2D-B769-3570FA020BBD","Version":"6E053E8A-FE0D-45A0-A863-C501EEDB4011","Name":"anssi-subscription"}}}
{"System":{"Provider":{"Name":"Microsoft-Windows-Sysmon","Guid":"{5770385f-c22a-43e0-bf4c-06f5698ffbd9}"},"EventID":10,"Version":3,"Level":4,"Task":10,"Opcode":0,"Keywords":"0x8000000000000000","TimeCreated":"2023-12-08T15:58:31.134843000Z","EventRecordID":10530,"Correlation":{},"Execution":{"ProcessID":3248,"ThreadID":3876},"Channel":"Microsoft-Windows-Sysmon/Operational","Computer":"winterfell.north.sevenkingdoms.local","UserID":"S-1-5-18"},"EventData":{"RuleName":"-","SourceThreadId":"1876","SourceUser":"NORTH\\robb.stark","UtcTime":"2023-12-08 15:58:31.121","SourceProcessId":"4720","TargetImage":"C:\\Windows\\system32\\query.exe","TargetUser":"NORTH\\robb.stark","SourceImage":"C:\\Windows\\System32\\WindowsPowerShell\\v1.0\\powershell.exe","TargetProcessGUID":"{2b62dd35-3d27-6573-4808-000000002300}","SourceProcessGUID":"{2b62dd35-3d26-6573-4708-000000002300}","TargetProcessId":"5616","CallTrace":"C:\\Windows\\SYSTEM32\\ntdll.dll+a1244|C:\\Windows\\System32\\KERNELBASE.dll+485d2|C:\\Windows\\System32\\KERNELBASE.dll+45fc6|C:\\Windows\\System32\\KERNEL32.DLL+1c2e3|C:\\Windows\\assembly\\NativeImages_v4.0.30319_64\\System\\cb755e97e255f61e327a8001d4e05859\\System.ni.dll+3332f6|C:\\Windows\\assembly\\NativeImages_v4.0.30319_64\\System\\cb755e97e255f61e327a8001d4e05859\\System.ni.dll+2b5560|C:\\Windows\\assembly\\NativeImages_v4.0.30319_64\\System\\cb755e97e255f61e327a8001d4e05859\\System.ni.dll+2b4f07|C:\\Windows\\assembly\\NativeImages_v4.0.30319_64\\System.Manaa57fc8cc#\\da4031e77cd7d8b426cd99e749e0c982\\System.Management.Automation.ni.dll+f7fc6b|C:\\Windows\\assembly\\NativeImages_v4.0.30319_64\\System.Manaa57fc8cc#\\da4031e77cd7d8b426cd99e749e0c982\\System.Management.Automation.ni.dll+ed9fad|C:\\Windows\\assembly\\NativeImages_v4.0.30319_64\\System.Manaa57fc8cc#\\da4031e77cd7d8b426cd99e749e0c982\\System.Management.Automation.ni.dll+f5cb1e|C:\\Windows\\assembly\\NativeImages_v4.0.30319_64\\System.Manaa57fc8cc#\\da4031e77cd7d8b426cd99e749e0c982\\System.Management.Automation.ni.dll+f5c7fb|C:\\Windows\\assembly\\NativeImages_v4.0.30319_64\\System.Manaa57fc8cc#\\da4031e77cd7d8b426cd99e749e0c982\\System.Management.Automation.ni.dll+104fcb4|UNKNOWN(00007FF7D51C13C1)","GrantedAccess":"0x1fffff"},"OpenWEC":{"IpAddress":"10.202.0.184","TimeReceived":"2023-12-08T15:58:58.123475949+00:00","Principal":"WINTERFELL$@NORTH.SEVENKINGDOMS.LOCAL","Subscription":{"Uuid":"CB04741B-9072-4E2D-B769-3570FA020BBD","Version":"6E053E8A-FE0D-45A0-A863-C501EEDB4011","Name":"anssi-subscription"}}}
{"System":{"Provider":{"Name":"Microsoft-Windows-Sysmon","Guid":"{5770385f-c22a-43e0-bf4c-06f5698ffbd9}"},"EventID":1,"Version":5,"Level":4,"Task":1,"Opcode":0,"Keywords":"0x8000000000000000","TimeCreated":"2023-12-08T15:58:31.147342700Z","EventRecordID":10531,"Correlation":{},"Execution":{"ProcessID":3248,"ThreadID":3876},"Channel":"Microsoft-Windows-Sysmon/Operational","Computer":"winterfell.north.sevenkingdoms.local","UserID":"S-1-5-18"},"EventData":{"ParentImage":"C:\\Windows\\System32\\query.exe","FileVersion":"10.0.17763.1 (WinBuild.160101.0800)","CurrentDirectory":"C:\\Windows\\system32\\","TerminalSessionId":"0","ParentCommandLine":"\"C:\\Windows\\system32\\query.exe\" session robb.stark /server:castelblack","ParentProcessId":"5616","ParentUser":"NORTH\\robb.stark","UtcTime":"2023-12-08 15:58:31.144","LogonId":"0xde238c","RuleName":"-","Company":"Microsoft Corporation","ProcessId":"3696","ProcessGuid":"{2b62dd35-3d27-6573-4908-000000002300}","Image":"C:\\Windows\\System32\\qwinsta.exe","Product":"Microsoft® Windows® Operating System","OriginalFileName":"qwinsta.exe","IntegrityLevel":"High","Description":"Query Session Utility","User":"NORTH\\robb.stark","LogonGuid":"{2b62dd35-3d26-6573-8c23-de0000000000}","CommandLine":"\"C:\\Windows\\system32\\qwinsta.exe\" robb.stark /server:castelblack","Hashes":"MD5=9322C72AB11E725B098552A5FAE0F655,SHA256=E1AE2EC83FEC0C8CF01B9E4C3DA910BE61ABF3071E56EDA834590C405E8E4E69,IMPHASH=45B4A06EB57D86287767753D3ED73862","ParentProcessGuid":"{2b62dd35-3d27-6573-4808-000000002300}"},"OpenWEC":{"IpAddress":"10.202.0.184","TimeReceived":"2023-12-08T15:58:58.123475949+00:00","Principal":"WINTERFELL$@NORTH.SEVENKINGDOMS.LOCAL","Subscription":{"Uuid":"CB04741B-9072-4E2D-B769-3570FA020BBD","Version":"6E053E8A-FE0D-45A0-A863-C501EEDB4011","Name":"anssi-subscription"}}}
