{"System":{"Provider":{"Name":"Microsoft-Windows-Sysmon","Guid":"{5770385f-c22a-43e0-bf4c-06f5698ffbd9}"},"EventID":10,"Version":3,"Level":4,"Task":10,"Opcode":0,"Keywords":"0x8000000000000000","TimeCreated":"2023-12-08T16:06:30.967582500Z","EventRecordID":10757,"Correlation":{},"Execution":{"ProcessID":3248,"ThreadID":3876},"Channel":"Microsoft-Windows-Sysmon/Operational","Computer":"winterfell.north.sevenkingdoms.local","UserID":"S-1-5-18"},"EventData":{"CallTrace":"C:\\Windows\\SYSTEM32\\ntdll.dll+9feb4|C:\\Windows\\System32\\KERNELBASE.dll+6c2f5|c:\\windows\\system32\\lsm.dll+f397|c:\\windows\\system32\\lsm.dll+df54|C:\\Windows\\System32\\RPCRT4.dll+784a3|C:\\Windows\\System32\\RPCRT4.dll+d9f9a|C:\\Windows\\System32\\RPCRT4.dll+1ac60|C:\\Windows\\System32\\RPCRT4.dll+508e8|C:\\Windows\\System32\\RPCRT4.dll+3ad80|C:\\Windows\\System32\\RPCRT4.dll+3a72b|C:\\Windows\\System32\\RPCRT4.dll+2c9cf|C:\\Windows\\System32\\RPCRT4.dll+2be2a|C:\\Windows\\System32\\RPCRT4.dll+2b3f1|C:\\Windows\\System32\\RPCRT4.dll+2ae62|C:\\Windows\\System32\\RPCRT4.dll+218d5|C:\\Windows\\SYSTEM32\\ntdll.dll+69c20|C:\\Windows\\SYSTEM32\\ntdll.dll+166e8|C:\\Windows\\System32\\KERNEL32.DLL+17974|C:\\Windows\\SYSTEM32\\ntdll.dll+5a2f1","TargetProcessGUID":"{2b62dd35-54d9-6573-0c00-000000002300}","RuleName":"-","SourceProcessId":"948","TargetProcessId":"652","TargetUser":"NT AUTHORITY\\SYSTEM","SourceThreadId":"5248","SourceUser":"NT AUTHORITY\\SYSTEM","SourceProcessGUID":"{2b62dd35-54db-6573-1000-000000002300}","GrantedAccess":"0x1000","UtcTime":"2023-12-08 16:06:30.960","SourceImage":"C:\\Windows\\system32\\svchost.exe","TargetImage":"C:\\Windows\\system32\\lsass.exe"},"OpenWEC":{"IpAddress":"10.202.0.184","TimeReceived":"2023-12-08T16:06:58.200858032+00:00","Principal":"WINTERFELL$@NORTH.SEVENKINGDOMS.LOCAL","Subscription":{"Uuid":"CB04741B-9072-4E2D-B769-3570FA020BBD","Version":"6E053E8A-FE0D-45A0-A863-C501EEDB4011","Name":"anssi-subscription"}}}
{"System":{"Provider":{"Name":"Microsoft-Windows-Sysmon","Guid":"{5770385f-c22a-43e0-bf4c-06f5698ffbd9}"},"EventID":10,"Version":3,"Level":4,"Task":10,"Opcode":0,"Keywords":"0x8000000000000000","TimeCreated":"2023-12-08T16:06:30.967809600Z","EventRecordID":10758,"Correlation":{},"Execution":{"ProcessID":3248,"ThreadID":3876},"Channel":"Microsoft-Windows-Sysmon/Operational","Computer":"winterfell.north.sevenkingdoms.local","UserID":"S-1-5-18"},"EventData":{"CallTrace":"C:\\Windows\\SYSTEM32\\ntdll.dll+9feb4|C:\\Windows\\System32\\KERNELBASE.dll+6c2f5|c:\\windows\\system32\\lsm.dll+e2ca|c:\\windows\\system32\\lsm.dll+e044|C:\\Windows\\System32\\RPCRT4.dll+784a3|C:\\Windows\\System32\\RPCRT4.dll+d9f9a|C:\\Windows\\System32\\RPCRT4.dll+1ac60|C:\\Windows\\System32\\RPCRT4.dll+508e8|C:\\Windows\\System32\\RPCRT4.dll+3ad80|C:\\Windows\\System32\\RPCRT4.dll+3a72b|C:\\Windows\\System32\\RPCRT4.dll+2c9cf|C:\\Windows\\System32\\RPCRT4.dll+2be2a|C:\\Windows\\System32\\RPCRT4.dll+2b3f1|C:\\Windows\\System32\\RPCRT4.dll+2ae62|C:\\Windows\\System32\\RPCRT4.dll+218d5|C:\\Windows\\SYSTEM32\\ntdll.dll+69c20|C:\\Windows\\SYSTEM32\\ntdll.dll+166e8|C:\\Windows\\System32\\KERNEL32.DLL+17974|C:\\Windows\\SYSTEM32\\ntdll.dll+5a2f1","TargetUser":"NT AUTHORITY\\SYSTEM","TargetProcessGUID":"{2b62dd35-54d9-6573-0c00-000000002300}","SourceProcessId":"948","SourceImage":"C:\\Windows\\system32\\svchost.exe","RuleName":"-","UtcTime":"2023-12-08 16:06:30.960","SourceThreadId":"5248","TargetProcessId":"652","SourceUser":"NT AUTHORITY\\SYSTEM","TargetImage":"C:\\Windows\\system32\\lsass.exe","GrantedAccess":"0x1000","SourceProcessGUID":"{2b62dd35-54db-6573-1000-000000002300}"},"OpenWEC":{"IpAddress":"10.202.0.184","TimeReceived":"2023-12-08T16:06:58.200858032+00:00","Principal":"WINTERFELL$@NORTH.SEVENKINGDOMS.LOCAL","Subscription":{"Uuid":"CB04741B-9072-4E2D-B769-3570FA020BBD","Version":"6E053E8A-FE0D-45A0-A863-C501EEDB4011","Name":"anssi-subscription"}}}
{"System":{"Provider":{"Name":"Microsoft-Windows-Sysmon","Guid":"{5770385f-c22a-43e0-bf4c-06f5698ffbd9}"},"EventID":1,"Version":5,"Level":4,"Task":1,"Opcode":0,"Keywords":"0x8000000000000000","TimeCreated":"2023-12-08T16:06:30.986643600Z","EventRecordID":10759,"Correlation":{},"Execution":{"ProcessID":3248,"ThreadID":3876},"Channel":"Microsoft-Windows-Sysmon/Operational","Computer":"winterfell.north.sevenkingdoms.local","UserID":"S-1-5-18"},"EventData":{"ProcessId":"5800","ParentImage":"-","OriginalFileName":"dllhost.exe","ProcessGuid":"{2b62dd35-3f06-6573-9108-000000002300}","IntegrityLevel":"System","Description":"COM Surrogate","Hashes":"MD5=D2AB39EA2C0FCD172751F84BDA723A97,SHA256=C4E078607DB2784BE7761C86048DFFA6F3EF04B551354A32FCDEC3B6A3450905,IMPHASH=68E651F131674892AE7E46556EB24726","FileVersion":"10.0.17763.1 (WinBuild.160101.0800)","ParentProcessGuid":"{00000000-0000-0000-0000-000000000000}","RuleName":"-","UtcTime":"2023-12-08 16:06:30.984","LogonGuid":"{2b62dd35-54d9-6573-e703-000000000000}","TerminalSessionId":"0","LogonId":"0x3e7","ParentCommandLine":"-","ParentUser":"-","Product":"Microsoft® Windows® Operating System","CommandLine":"C:\\Windows\\system32\\DllHost.exe /Processid:{E10F6C3A-F1AE-4ADC-AA9D-2FE65525666E}","User":"NT AUTHORITY\\SYSTEM","CurrentDirectory":"C:\\Windows\\system32\\","Company":"Microsoft Corporation","ParentProcessId":"860","Image":"C:\\Windows\\System32\\dllhost.exe"},"OpenWEC":{"IpAddress":"10.202.0.184","TimeReceived":"2023-12-08T16:06:58.200858032+00:00","Principal":"WINTERFELL$@NORTH.SEVENKINGDOMS.LOCAL","Subscription":{"Uuid":"CB04741B-9072-4E2D-B769-3570FA020BBD","Version":"6E053E8A-FE0D-45A0-A863-C501EEDB4011","Name":"anssi-subscription"}}}
{"System":{"Provider":{"Name":"Microsoft-Windows-Sysmon","Guid":"{5770385f-c22a-43e0-bf4c-06f5698ffbd9}"},"EventID":1,"Version":5,"Level":4,"Task":1,"Opcode":0,"Keywords":"0x8000000000000000","TimeCreated":"2023-12-08T16:06:31.005385100Z","EventRecordID":10760,"Correlation":{},"Execution":{"ProcessID":3248,"ThreadID":3876},"Channel":"Microsoft-Windows-Sysmon/Operational","Computer":"winterfell.north.sevenkingdoms.local","UserID":"S-1-5-18"},"EventData":{"LogonGuid":"{2b62dd35-3f06-6573-7b40-e60000000000}","Hashes":"MD5=911D039E71583A07320B32BDE22F8E22,SHA256=BC866CFCDDA37E24DC2634DC282C7A0E6F55209DA17A8FA105B07414C0E7C527,IMPHASH=272245E2988E1E430500B852C4FB5E18","ParentImage":"-","ProcessGuid":"{2b62dd35-3f07-6573-9208-000000002300}","ProcessId":"2112","RuleName":"-","User":"NORTH\\robb.stark","ParentProcessGuid":"{00000000-0000-0000-0000-000000000000}","Product":"Microsoft® Windows® Operating System","ParentCommandLine":"-","Description":"Windows Command Processor","ParentUser":"-","UtcTime":"2023-12-08 16:06:31.003","CurrentDirectory":"C:\\Windows\\system32\\","LogonId":"0xe6407b","Company":"Microsoft Corporation","ParentProcessId":"1592","CommandLine":"cmd.exe /c powershell c:\\setup\\bot_rdp.ps1","FileVersion":"10.0.17763.1697 (WinBuild.160101.0800)","TerminalSessionId":"0","IntegrityLevel":"High","OriginalFileName":"Cmd.Exe","Image":"C:\\Windows\\System32\\cmd.exe"},"OpenWEC":{"IpAddress":"10.202.0.184","TimeReceived":"2023-12-08T16:06:58.200858032+00:00","Principal":"WINTERFELL$@NORTH.SEVENKINGDOMS.LOCAL","Subscription":{"Uuid":"CB04741B-9072-4E2D-B769-3570FA020BBD","Version":"6E053E8A-FE0D-45A0-A863-C501EEDB4011","Name":"anssi-subscription"}}}
{"System":{"Provider":{"Name":"Microsoft-Windows-Sysmon","Guid":"{5770385f-c22a-43e0-bf4c-06f5698ffbd9}"},"EventID":1,"Version":5,"Level":4,"Task":1,"Opcode":0,"Keywords":"0x8000000000000000","TimeCreated":"2023-12-08T16:06:31.052044800Z","EventRecordID":10761,"Correlation":{},"Execution":{"ProcessID":3248,"ThreadID":3876},"Channel":"Microsoft-Windows-Sysmon/Operational","Computer":"winterfell.north.sevenkingdoms.local","UserID":"S-1-5-18"},"EventData":{"OriginalFileName":"PowerShell.EXE","RuleName":"-","ParentCommandLine":"cmd.exe /c powershell c:\\setup\\bot_rdp.ps1","Description":"Windows PowerShell","TerminalSessionId":"0","CurrentDirectory":"C:\\Windows\\system32\\","FileVersion":"10.0.17763.1 (WinBuild.160101.0800)","User":"NORTH\\robb.stark","IntegrityLevel":"High","Company":"Microsoft Corporation","CommandLine":"powershell  c:\\setup\\bot_rdp.ps1","ProcessGuid":"{2b62dd35-3f07-6573-9408-000000002300}","ParentProcessId":"2112","ParentImage":"C:\\Windows\\System32\\cmd.exe","Image":"C:\\Windows\\System32\\WindowsPowerShell\\v1.0\\powershell.exe","ParentProcessGuid":"{2b62dd35-3f07-6573-9208-000000002300}","LogonGuid":"{2b62dd35-3f06-6573-7b40-e60000000000}","Hashes":"MD5=7353F60B1739074EB17C5F4DDDEFE239,SHA256=DE96A6E69944335375DC1AC238336066889D9FFC7D73628EF4FE1B1B160AB32C,IMPHASH=741776AACCFC5B71FF59832DCDCACE0F","ProcessId":"2824","ParentUser":"NORTH\\robb.stark","LogonId":"0xe6407b","UtcTime":"2023-12-08 16:06:31.045","Product":"Microsoft® Windows® Operating System"},"OpenWEC":{"IpAddress":"10.202.0.184","TimeReceived":"2023-12-08T16:06:58.200858032+00:00","Principal":"WINTERFELL$@NORTH.SEVENKINGDOMS.LOCAL","Subscription":{"Uuid":"CB04741B-9072-4E2D-B769-3570FA020BBD","Version":"6E053E8A-FE0D-45A0-A863-C501EEDB4011","Name":"anssi-subscription"}}}
{"System":{"Provider":{"Name":"Microsoft-Windows-Sysmon","Guid":"{5770385f-c22a-43e0-bf4c-06f5698ffbd9}"},"EventID":11,"Version":2,"Level":4,"Task":11,"Opcode":0,"Keywords":"0x8000000000000000","TimeCreated":"2023-12-08T16:06:31.111710700Z","EventRecordID":10762,"Correlation":{},"Execution":{"ProcessID":3248,"ThreadID":3876},"Channel":"Microsoft-Windows-Sysmon/Operational","Computer":"winterfell.north.sevenkingdoms.local","UserID":"S-1-5-18"},"EventData":{"TargetFilename":"C:\\Users\\robb.stark\\AppData\\Local\\Temp\\__PSScriptPolicyTest_vrvhm05t.zyo.ps1","ProcessGuid":"{2b62dd35-3f07-6573-9408-000000002300}","Image":"C:\\Windows\\System32\\WindowsPowerShell\\v1.0\\powershell.exe","User":"NORTH\\robb.stark","CreationUtcTime":"2023-12-08 16:06:31.101","RuleName":"-","UtcTime":"2023-12-08 16:06:31.101","ProcessId":"2824"},"OpenWEC":{"IpAddress":"10.202.0.184","TimeReceived":"2023-12-08T16:06:58.200858032+00:00","Principal":"WINTERFELL$@NORTH.SEVENKINGDOMS.LOCAL","Subscription":{"Uuid":"CB04741B-9072-4E2D-B769-3570FA020BBD","Version":"6E053E8A-FE0D-45A0-A863-C501EEDB4011","Name":"anssi-subscription"}}}
{"System":{"Provider":{"Name":"Microsoft-Windows-Sysmon","Guid":"{5770385f-c22a-43e0-bf4c-06f5698ffbd9}"},"EventID":1,"Version":5,"Level":4,"Task":1,"Opcode":0,"Keywords":"0x8000000000000000","TimeCreated":"2023-12-08T16:06:31.246232100Z","EventRecordID":10763,"Correlation":{},"Execution":{"ProcessID":3248,"ThreadID":3876},"Channel":"Microsoft-Windows-Sysmon/Operational","Computer":"winterfell.north.sevenkingdoms.local","UserID":"S-1-5-18"},"EventData":{"FileVersion":"10.0.17763.1 (WinBuild.160101.0800)","RuleName":"-","ParentProcessGuid":"{2b62dd35-3f07-6573-9408-000000002300}","UtcTime":"2023-12-08 16:06:31.242","Image":"C:\\Windows\\System32\\query.exe","CurrentDirectory":"C:\\Windows\\system32\\","TerminalSessionId":"0","ParentCommandLine":"powershell  c:\\setup\\bot_rdp.ps1","ParentProcessId":"2824","Hashes":"MD5=8A7520A6CC2A2968F4A8EE4DB946AD8D,SHA256=3369E8FEA09C3C226D636B13108DA357093D0D98214236417839A94F56D3BA02,IMPHASH=CCC9DA4A55E90DFE34CBCDB066D6A6B3","Product":"Microsoft® Windows® Operating System","User":"NORTH\\robb.stark","Description":"MultiUser Query Utility","Company":"Microsoft Corporation","LogonGuid":"{2b62dd35-3f06-6573-7b40-e60000000000}","LogonId":"0xe6407b","ParentUser":"NORTH\\robb.stark","ProcessGuid":"{2b62dd35-3f07-6573-9508-000000002300}","ProcessId":"4124","OriginalFileName":"query.exe","CommandLine":"\"C:\\Windows\\system32\\query.exe\" session robb.stark /server:castelblack","IntegrityLevel":"High","ParentImage":"C:\\Windows\\System32\\WindowsPowerShell\\v1.0\\powershell.exe"},"OpenWEC":{"IpAddress":"10.202.0.184","TimeReceived":"2023-12-08T16:06:58.200858032+00:00","Principal":"WINTERFELL$@NORTH.SEVENKINGDOMS.LOCAL","Subscription":{"Uuid":"CB04741B-9072-4E2D-B769-3570FA020BBD","Version":"6E053E8A-FE0D-45A0-A863-C501EEDB4011","Name":"anssi-subscription"}}}
{"System":{"Provider":{"Name":"Microsoft-Windows-Sysmon","Guid":"{5770385f-c22a-43e0-bf4c-06f5698ffbd9}"},"EventID":10,"Version":3,"Level":4,"Task":10,"Opcode":0,"Keywords":"0x8000000000000000","TimeCreated":"2023-12-08T16:06:31.246605800Z","EventRecordID":10764,"Correlation":{},"Execution":{"ProcessID":3248,"ThreadID":3876},"Channel":"Microsoft-Windows-Sysmon/Operational","Computer":"winterfell.north.sevenkingdoms.local","UserID":"S-1-5-18"},"EventData":{"SourceProcessGUID":"{2b62dd35-3f07-6573-9408-000000002300}","SourceImage":"C:\\Windows\\System32\\WindowsPowerShell\\v1.0\\powershell.exe","TargetProcessId":"4124","TargetProcessGUID":"{2b62dd35-3f07-6573-9508-000000002300}","RuleName":"-","GrantedAccess":"0x1fffff","SourceUser":"NORTH\\robb.stark","TargetImage":"C:\\Windows\\system32\\query.exe","SourceProcessId":"2824","TargetUser":"NORTH\\robb.stark","CallTrace":"C:\\Windows\\SYSTEM32\\ntdll.dll+a1244|C:\\Windows\\System32\\KERNELBASE.dll+485d2|C:\\Windows\\System32\\KERNELBASE.dll+45fc6|C:\\Windows\\System32\\KERNEL32.DLL+1c2e3|C:\\Windows\\assembly\\NativeImages_v4.0.30319_64\\System\\cb755e97e255f61e327a8001d4e05859\\System.ni.dll+3332f6|C:\\Windows\\assembly\\NativeImages_v4.0.30319_64\\System\\cb755e97e255f61e327a8001d4e05859\\System.ni.dll+2b5560|C:\\Windows\\assembly\\NativeImages_v4.0.30319_64\\System\\cb755e97e255f61e327a8001d4e05859\\System.ni.dll+2b4f07|C:\\Windows\\assembly\\NativeImages_v4.0.30319_64\\System.Manaa57fc8cc#\\da4031e77cd7d8b426cd99e749e0c982\\System.Management.Automation.ni.dll+f7fc6b|C:\\Windows\\assembly\\NativeImages_v4.0.30319_64\\System.Manaa57fc8cc#\\da4031e77cd7d8b426cd99e749e0c982\\System.Management.Automation.ni.dll+ed9fad|C:\\Windows\\assembly\\NativeImages_v4.0.30319_64\\System.Manaa57fc8cc#\\da4031e77cd7d8b426cd99e749e0c982\\System.Management.Automation.ni.dll+f5cb1e|C:\\Windows\\assembly\\NativeImages_v4.0.30319_64\\System.Manaa57fc8cc#\\da4031e77cd7d8b426cd99e749e0c982\\System.Management.Automation.ni.dll+f5c7fb|C:\\Windows\\assembly\\NativeImages_v4.0.30319_64\\System.Manaa57fc8cc#\\da4031e77cd7d8b426cd99e749e0c982\\System.Management.Automation.ni.dll+104fcb4|UNKNOWN(00007FF7D51D13C1)","UtcTime":"2023-12-08 16:06:31.242","SourceThreadId":"2460"},"OpenWEC":{"IpAddress":"10.202.0.184","TimeReceived":"2023-12-08T16:06:58.200858032+00:00","Principal":"WINTERFELL$@NORTH.SEVENKINGDOMS.LOCAL","Subscription":{"Uuid":"CB04741B-9072-4E2D-B769-3570FA020BBD","Version":"6E053E8A-FE0D-45A0-A863-C501EEDB4011","Name":"anssi-subscription"}}}
{"System":{"Provider":{"Name":"Microsoft-Windows-Sysmon","Guid":"{5770385f-c22a-43e0-bf4c-06f5698ffbd9}"},"EventID":1,"Version":5,"Level":4,"Task":1,"Opcode":0,"Keywords":"0x8000000000000000","TimeCreated":"2023-12-08T16:06:31.263012500Z","EventRecordID":10765,"Correlation":{},"Execution":{"ProcessID":3248,"ThreadID":3876},"Channel":"Microsoft-Windows-Sysmon/Operational","Computer":"winterfell.north.sevenkingdoms.local","UserID":"S-1-5-18"},"EventData":{"ProcessGuid":"{2b62dd35-3f07-6573-9608-000000002300}","Description":"Query Session Utility","RuleName":"-","CommandLine":"\"C:\\Windows\\system32\\qwinsta.exe\" robb.stark /server:castelblack","User":"NORTH\\robb.stark","LogonId":"0xe6407b","LogonGuid":"{2b62dd35-3f06-6573-7b40-e60000000000}","UtcTime":"2023-12-08 16:06:31.259","FileVersion":"10.0.17763.1 (WinBuild.160101.0800)","OriginalFileName":"qwinsta.exe","ParentProcessGuid":"{2b62dd35-3f07-6573-9508-000000002300}","Product":"Microsoft® Windows® Operating System","ParentImage":"C:\\Windows\\System32\\query.exe","ParentUser":"NORTH\\robb.stark","ParentProcessId":"4124","CurrentDirectory":"C:\\Windows\\system32\\","IntegrityLevel":"High","Hashes":"MD5=9322C72AB11E725B098552A5FAE0F655,SHA256=E1AE2EC83FEC0C8CF01B9E4C3DA910BE61ABF3071E56EDA834590C405E8E4E69,IMPHASH=45B4A06EB57D86287767753D3ED73862","ParentCommandLine":"\"C:\\Windows\\system32\\query.exe\" session robb.stark /server:castelblack","Image":"C:\\Windows\\System32\\qwinsta.exe","ProcessId":"5256","Company":"Microsoft Corporation","TerminalSessionId":"0"},"OpenWEC":{"IpAddress":"10.202.0.184","TimeReceived":"2023-12-08T16:06:58.200858032+00:00","Principal":"WINTERFELL$@NORTH.SEVENKINGDOMS.LOCAL","Subscription":{"Uuid":"CB04741B-9072-4E2D-B769-3570FA020BBD","Version":"6E053E8A-FE0D-45A0-A863-C501EEDB4011","Name":"anssi-subscription"}}}
{"System":{"Provider":{"Name":"Microsoft-Windows-TaskScheduler","Guid":"{de7b24ea-73c8-4a09-985d-5bdadcfa9017}"},"EventID":107,"Version":0,"Level":4,"Task":107,"Opcode":0,"Keywords":"0x8000000000000000","TimeCreated":"2023-12-08T16:06:30.980785400Z","EventRecordID":49990,"Correlation":{"ActivityID":"{037a280b-cee1-4f51-9804-03f2a4d353d5}"},"Execution":{"ProcessID":1592,"ThreadID":1176},"Channel":"Microsoft-Windows-TaskScheduler/Operational","Computer":"winterfell.north.sevenkingdoms.local","UserID":"S-1-5-18"},"EventData":{"TaskName":"\\connect_bot","InstanceId":"{037a280b-cee1-4f51-9804-03f2a4d353d5}"},"OpenWEC":{"IpAddress":"10.202.0.184","TimeReceived":"2023-12-08T16:06:58.200858032+00:00","Principal":"WINTERFELL$@NORTH.SEVENKINGDOMS.LOCAL","Subscription":{"Uuid":"CB04741B-9072-4E2D-B769-3570FA020BBD","Version":"6E053E8A-FE0D-45A0-A863-C501EEDB4011","Name":"anssi-subscription"}}}
{"System":{"Provider":{"Name":"Microsoft-Windows-Security-Auditing","Guid":"{54849625-5478-4994-a5ba-3e3b0328c30d}"},"EventID":4648,"Version":0,"Level":0,"Task":12544,"Opcode":0,"Keywords":"0x8020000000000000","TimeCreated":"2023-12-08T16:06:30.980472500Z","EventRecordID":158240,"Correlation":{"ActivityID":"{82a8a277-29fd-0000-eca2-a882fd29da01}"},"Execution":{"ProcessID":652,"ThreadID":5912},"Channel":"Security","Computer":"winterfell.north.sevenkingdoms.local"},"EventData":{"SubjectUserName":"WINTERFELL$","IpAddress":"-","TargetServerName":"localhost","TargetLogonGuid":"{10bdf8a1-fad1-d771-b613-bb345dde01a7}","TargetInfo":"localhost","TargetDomainName":"NORTH","SubjectUserSid":"S-1-5-18","SubjectDomainName":"NORTH","SubjectLogonId":"0x3e7","ProcessId":"0x638","LogonGuid":"{00000000-0000-0000-0000-000000000000}","ProcessName":"C:\\Windows\\System32\\svchost.exe","IpPort":"-","TargetUserName":"robb.stark"},"OpenWEC":{"IpAddress":"10.202.0.184","TimeReceived":"2023-12-08T16:06:58.200858032+00:00","Principal":"WINTERFELL$@NORTH.SEVENKINGDOMS.LOCAL","Subscription":{"Uuid":"CB04741B-9072-4E2D-B769-3570FA020BBD","Version":"6E053E8A-FE0D-45A0-A863-C501EEDB4011","Name":"anssi-subscription"}}}
{"System":{"Provider":{"Name":"Microsoft-Windows-Security-Auditing","Guid":"{54849625-5478-4994-a5ba-3e3b0328c30d}"},"EventID":4624,"Version":2,"Level":0,"Task":12544,"Opcode":0,"Keywords":"0x8020000000000000","TimeCreated":"2023-12-08T16:06:30.980562100Z","EventRecordID":158241,"Correlation":{"ActivityID":"{82a8a277-29fd-0000-eca2-a882fd29da01}"},"Execution":{"ProcessID":652,"ThreadID":5912},"Channel":"Security","Computer":"winterfell.north.sevenkingdoms.local"},"EventData":{"IpPort":"-","TargetOutboundDomainName":"-","AuthenticationPackageName":"Negotiate","TransmittedServices":"-","IpAddress":"-","ProcessName":"C:\\Windows\\System32\\svchost.exe","ImpersonationLevel":"%%1833","LogonGuid":"{10bdf8a1-fad1-d771-b613-bb345dde01a7}","TargetLogonId":"0xe6407b","RestrictedAdminMode":"-","ElevatedToken":"%%1842","TargetUserSid":"S-1-5-21-2431860994-719566178-239256710-1113","SubjectUserSid":"S-1-5-18","WorkstationName":"WINTERFELL","TargetDomainName":"NORTH","LogonProcessName":"Advapi  ","KeyLength":"0","ProcessId":"0x638","TargetOutboundUserName":"-","VirtualAccount":"%%1843","SubjectUserName":"WINTERFELL$","TargetUserName":"robb.stark","TargetLinkedLogonId":"0x0","SubjectDomainName":"NORTH","LogonType":"4","SubjectLogonId":"0x3e7","LmPackageName":"-"},"OpenWEC":{"IpAddress":"10.202.0.184","TimeReceived":"2023-12-08T16:06:58.200858032+00:00","Principal":"WINTERFELL$@NORTH.SEVENKINGDOMS.LOCAL","Subscription":{"Uuid":"CB04741B-9072-4E2D-B769-3570FA020BBD","Version":"6E053E8A-FE0D-45A0-A863-C501EEDB4011","Name":"anssi-subscription"}}}
{"System":{"Provider":{"Name":"Microsoft-Windows-Security-Auditing","Guid":"{54849625-5478-4994-a5ba-3e3b0328c30d}"},"EventID":4672,"Version":0,"Level":0,"Task":12548,"Opcode":0,"Keywords":"0x8020000000000000","TimeCreated":"2023-12-08T16:06:30.980567900Z","EventRecordID":158242,"Correlation":{"ActivityID":"{82a8a277-29fd-0000-eca2-a882fd29da01}"},"Execution":{"ProcessID":652,"ThreadID":5912},"Channel":"Security","Computer":"winterfell.north.sevenkingdoms.local"},"EventData":{"PrivilegeList":"SeSecurityPrivilege\n\t\t\tSeTakeOwnershipPrivilege\n\t\t\tSeLoadDriverPrivilege\n\t\t\tSeBackupPrivilege\n\t\t\tSeRestorePrivilege\n\t\t\tSeDebugPrivilege\n\t\t\tSeSystemEnvironmentPrivilege\n\t\t\tSeEnableDelegationPrivilege\n\t\t\tSeImpersonatePrivilege\n\t\t\tSeDelegateSessionUserImpersonatePrivilege","SubjectUserName":"robb.stark","SubjectUserSid":"S-1-5-21-2431860994-719566178-239256710-1113","SubjectLogonId":"0xe6407b","SubjectDomainName":"NORTH"},"OpenWEC":{"IpAddress":"10.202.0.184","TimeReceived":"2023-12-08T16:06:58.200858032+00:00","Principal":"WINTERFELL$@NORTH.SEVENKINGDOMS.LOCAL","Subscription":{"Uuid":"CB04741B-9072-4E2D-B769-3570FA020BBD","Version":"6E053E8A-FE0D-45A0-A863-C501EEDB4011","Name":"anssi-subscription"}}}
{"System":{"Provider":{"Name":"Microsoft-Windows-Security-Auditing","Guid":"{54849625-5478-4994-a5ba-3e3b0328c30d}"},"EventID":4688,"Version":2,"Level":0,"Task":13312,"Opcode":0,"Keywords":"0x8020000000000000","TimeCreated":"2023-12-08T16:06:30.984099700Z","EventRecordID":158243,"Correlation":{},"Execution":{"ProcessID":4,"ThreadID":180},"Channel":"Security","Computer":"winterfell.north.sevenkingdoms.local"},"EventData":{"SubjectUserName":"WINTERFELL$","TargetLogonId":"0x0","SubjectLogonId":"0x3e7","NewProcessId":"0x16a8","CommandLine":"","NewProcessName":"C:\\Windows\\System32\\dllhost.exe","TargetDomainName":"-","TokenElevationType":"%%1936","ParentProcessName":"C:\\Windows\\System32\\svchost.exe","ProcessId":"0x35c","MandatoryLabel":"S-1-16-16384","SubjectDomainName":"NORTH","TargetUserSid":"S-1-0-0","SubjectUserSid":"S-1-5-18","TargetUserName":"-"},"OpenWEC":{"IpAddress":"10.202.0.184","TimeReceived":"2023-12-08T16:06:58.200858032+00:00","Principal":"WINTERFELL$@NORTH.SEVENKINGDOMS.LOCAL","Subscription":{"Uuid":"CB04741B-9072-4E2D-B769-3570FA020BBD","Version":"6E053E8A-FE0D-45A0-A863-C501EEDB4011","Name":"anssi-subscription"}}}
{"System":{"Provider":{"Name":"Microsoft-Windows-Security-Auditing","Guid":"{54849625-5478-4994-a5ba-3e3b0328c30d}"},"EventID":4688,"Version":2,"Level":0,"Task":13312,"Opcode":0,"Keywords":"0x8020000000000000","TimeCreated":"2023-12-08T16:06:31.003643500Z","EventRecordID":158244,"Correlation":{},"Execution":{"ProcessID":4,"ThreadID":180},"Channel":"Security","Computer":"winterfell.north.sevenkingdoms.local"},"EventData":{"TargetUserName":"robb.stark","TokenElevationType":"%%1936","NewProcessName":"C:\\Windows\\System32\\cmd.exe","TargetDomainName":"NORTH","TargetUserSid":"S-1-0-0","SubjectUserSid":"S-1-5-18","NewProcessId":"0x840","ParentProcessName":"C:\\Windows\\System32\\svchost.exe","ProcessId":"0x638","SubjectDomainName":"NORTH","SubjectUserName":"WINTERFELL$","SubjectLogonId":"0x3e7","MandatoryLabel":"S-1-16-12288","CommandLine":"","TargetLogonId":"0xe6407b"},"OpenWEC":{"IpAddress":"10.202.0.184","TimeReceived":"2023-12-08T16:06:58.200858032+00:00","Principal":"WINTERFELL$@NORTH.SEVENKINGDOMS.LOCAL","Subscription":{"Uuid":"CB04741B-9072-4E2D-B769-3570FA020BBD","Version":"6E053E8A-FE0D-45A0-A863-C501EEDB4011","Name":"anssi-subscription"}}}
{"System":{"Provider":{"Name":"Microsoft-Windows-TaskScheduler","Guid":"{de7b24ea-73c8-4a09-985d-5bdadcfa9017}"},"EventID":129,"Version":0,"Level":4,"Task":129,"Opcode":0,"Keywords":"0x8000000000000000","TimeCreated":"2023-12-08T16:06:31.005999500Z","EventRecordID":49991,"Correlation":{},"Execution":{"ProcessID":1592,"ThreadID":1176},"Channel":"Microsoft-Windows-TaskScheduler/Operational","Computer":"winterfell.north.sevenkingdoms.local","UserID":"S-1-5-18"},"EventData":{"ProcessID":"2112","TaskName":"\\connect_bot","Priority":"16384","Path":"cmd.exe"},"OpenWEC":{"IpAddress":"10.202.0.184","TimeReceived":"2023-12-08T16:06:58.200858032+00:00","Principal":"WINTERFELL$@NORTH.SEVENKINGDOMS.LOCAL","Subscription":{"Uuid":"CB04741B-9072-4E2D-B769-3570FA020BBD","Version":"6E053E8A-FE0D-45A0-A863-C501EEDB4011","Name":"anssi-subscription"}}}
{"System":{"Provider":{"Name":"Microsoft-Windows-TaskScheduler","Guid":"{de7b24ea-73c8-4a09-985d-5bdadcfa9017}"},"EventID":100,"Version":0,"Level":4,"Task":100,"Opcode":1,"Keywords":"0x8000000000000001","TimeCreated":"2023-12-08T16:06:31.006240700Z","EventRecordID":49992,"Correlation":{"ActivityID":"{037a280b-cee1-4f51-9804-03f2a4d353d5}"},"Execution":{"ProcessID":1592,"ThreadID":1176},"Channel":"Microsoft-Windows-TaskScheduler/Operational","Computer":"winterfell.north.sevenkingdoms.local","UserID":"S-1-5-18"},"EventData":{"TaskName":"\\connect_bot","UserContext":"NORTH\\robb.stark","InstanceId":"{037a280b-cee1-4f51-9804-03f2a4d353d5}"},"OpenWEC":{"IpAddress":"10.202.0.184","TimeReceived":"2023-12-08T16:06:58.200858032+00:00","Principal":"WINTERFELL$@NORTH.SEVENKINGDOMS.LOCAL","Subscription":{"Uuid":"CB04741B-9072-4E2D-B769-3570FA020BBD","Version":"6E053E8A-FE0D-45A0-A863-C501EEDB4011","Name":"anssi-subscription"}}}
{"System":{"Provider":{"Name":"Microsoft-Windows-TaskScheduler","Guid":"{de7b24ea-73c8-4a09-985d-5bdadcfa9017}"},"EventID":200,"Version":1,"Level":4,"Task":200,"Opcode":1,"Keywords":"0x8000000000000000","TimeCreated":"2023-12-08T16:06:31.006242000Z","EventRecordID":49993,"Correlation":{"ActivityID":"{037a280b-cee1-4f51-9804-03f2a4d353d5}"},"Execution":{"ProcessID":1592,"ThreadID":1176},"Channel":"Microsoft-Windows-TaskScheduler/Operational","Computer":"winterfell.north.sevenkingdoms.local","UserID":"S-1-5-18"},"EventData":{"TaskName":"\\connect_bot","EnginePID":"2112","TaskInstanceId":"{037a280b-cee1-4f51-9804-03f2a4d353d5}","ActionName":"cmd.exe"},"OpenWEC":{"IpAddress":"10.202.0.184","TimeReceived":"2023-12-08T16:06:58.200858032+00:00","Principal":"WINTERFELL$@NORTH.SEVENKINGDOMS.LOCAL","Subscription":{"Uuid":"CB04741B-9072-4E2D-B769-3570FA020BBD","Version":"6E053E8A-FE0D-45A0-A863-C501EEDB4011","Name":"anssi-subscription"}}}
{"System":{"Provider":{"Name":"Microsoft-Windows-Security-Auditing","Guid":"{54849625-5478-4994-a5ba-3e3b0328c30d}"},"EventID":4688,"Version":2,"Level":0,"Task":13312,"Opcode":0,"Keywords":"0x8020000000000000","TimeCreated":"2023-12-08T16:06:31.009370300Z","EventRecordID":158245,"Correlation":{},"Execution":{"ProcessID":4,"ThreadID":180},"Channel":"Security","Computer":"winterfell.north.sevenkingdoms.local"},"EventData":{"SubjectUserName":"robb.stark","TokenElevationType":"%%1936","ProcessId":"0x840","NewProcessId":"0x12c8","TargetUserSid":"S-1-0-0","TargetDomainName":"-","SubjectUserSid":"S-1-5-21-2431860994-719566178-239256710-1113","SubjectDomainName":"NORTH","MandatoryLabel":"S-1-16-12288","SubjectLogonId":"0xe6407b","CommandLine":"","TargetLogonId":"0x0","TargetUserName":"-","ParentProcessName":"C:\\Windows\\System32\\cmd.exe","NewProcessName":"C:\\Windows\\System32\\conhost.exe"},"OpenWEC":{"IpAddress":"10.202.0.184","TimeReceived":"2023-12-08T16:06:58.200858032+00:00","Principal":"WINTERFELL$@NORTH.SEVENKINGDOMS.LOCAL","Subscription":{"Uuid":"CB04741B-9072-4E2D-B769-3570FA020BBD","Version":"6E053E8A-FE0D-45A0-A863-C501EEDB4011","Name":"anssi-subscription"}}}
{"System":{"Provider":{"Name":"Microsoft-Windows-Security-Auditing","Guid":"{54849625-5478-4994-a5ba-3e3b0328c30d}"},"EventID":4688,"Version":2,"Level":0,"Task":13312,"Opcode":0,"Keywords":"0x8020000000000000","TimeCreated":"2023-12-08T16:06:31.045255900Z","EventRecordID":158246,"Correlation":{},"Execution":{"ProcessID":4,"ThreadID":180},"Channel":"Security","Computer":"winterfell.north.sevenkingdoms.local"},"EventData":{"SubjectUserName":"robb.stark","ProcessId":"0x840","ParentProcessName":"C:\\Windows\\System32\\cmd.exe","SubjectDomainName":"NORTH","SubjectLogonId":"0xe6407b","SubjectUserSid":"S-1-5-21-2431860994-719566178-239256710-1113","TargetUserSid":"S-1-0-0","CommandLine":"","TokenElevationType":"%%1936","NewProcessId":"0xb08","NewProcessName":"C:\\Windows\\System32\\WindowsPowerShell\\v1.0\\powershell.exe","TargetUserName":"-","TargetDomainName":"-","TargetLogonId":"0x0","MandatoryLabel":"S-1-16-12288"},"OpenWEC":{"IpAddress":"10.202.0.184","TimeReceived":"2023-12-08T16:06:58.200858032+00:00","Principal":"WINTERFELL$@NORTH.SEVENKINGDOMS.LOCAL","Subscription":{"Uuid":"CB04741B-9072-4E2D-B769-3570FA020BBD","Version":"6E053E8A-FE0D-45A0-A863-C501EEDB4011","Name":"anssi-subscription"}}}
{"System":{"Provider":{"Name":"Microsoft-Windows-Security-Auditing","Guid":"{54849625-5478-4994-a5ba-3e3b0328c30d}"},"EventID":4688,"Version":2,"Level":0,"Task":13312,"Opcode":0,"Keywords":"0x8020000000000000","TimeCreated":"2023-12-08T16:06:31.242326700Z","EventRecordID":158247,"Correlation":{},"Execution":{"ProcessID":4,"ThreadID":180},"Channel":"Security","Computer":"winterfell.north.sevenkingdoms.local"},"EventData":{"MandatoryLabel":"S-1-16-12288","ParentProcessName":"C:\\Windows\\System32\\WindowsPowerShell\\v1.0\\powershell.exe","CommandLine":"","TargetUserName":"-","TargetLogonId":"0x0","TokenElevationType":"%%1936","SubjectLogonId":"0xe6407b","NewProcessId":"0x101c","TargetDomainName":"-","SubjectDomainName":"NORTH","ProcessId":"0xb08","SubjectUserName":"robb.stark","TargetUserSid":"S-1-0-0","NewProcessName":"C:\\Windows\\System32\\query.exe","SubjectUserSid":"S-1-5-21-2431860994-719566178-239256710-1113"},"OpenWEC":{"IpAddress":"10.202.0.184","TimeReceived":"2023-12-08T16:06:58.200858032+00:00","Principal":"WINTERFELL$@NORTH.SEVENKINGDOMS.LOCAL","Subscription":{"Uuid":"CB04741B-9072-4E2D-B769-3570FA020BBD","Version":"6E053E8A-FE0D-45A0-A863-C501EEDB4011","Name":"anssi-subscription"}}}
{"System":{"Provider":{"Name":"Microsoft-Windows-Security-Auditing","Guid":"{54849625-5478-4994-a5ba-3e3b0328c30d}"},"EventID":4688,"Version":2,"Level":0,"Task":13312,"Opcode":0,"Keywords":"0x8020000000000000","TimeCreated":"2023-12-08T16:06:31.259379600Z","EventRecordID":158248,"Correlation":{},"Execution":{"ProcessID":4,"ThreadID":180},"Channel":"Security","Computer":"winterfell.north.sevenkingdoms.local"},"EventData":{"MandatoryLabel":"S-1-16-12288","TargetDomainName":"-","SubjectUserSid":"S-1-5-21-2431860994-719566178-239256710-1113","SubjectUserName":"robb.stark","SubjectLogonId":"0xe6407b","TargetUserName":"-","ParentProcessName":"C:\\Windows\\System32\\query.exe","SubjectDomainName":"NORTH","NewProcessName":"C:\\Windows\\System32\\qwinsta.exe","NewProcessId":"0x1488","TargetLogonId":"0x0","TokenElevationType":"%%1936","CommandLine":"","TargetUserSid":"S-1-0-0","ProcessId":"0x101c"},"OpenWEC":{"IpAddress":"10.202.0.184","TimeReceived":"2023-12-08T16:06:58.200858032+00:00","Principal":"WINTERFELL$@NORTH.SEVENKINGDOMS.LOCAL","Subscription":{"Uuid":"CB04741B-9072-4E2D-B769-3570FA020BBD","Version":"6E053E8A-FE0D-45A0-A863-C501EEDB4011","Name":"anssi-subscription"}}}
{"System":{"Provider":{"Name":"Microsoft-Windows-Sysmon","Guid":"{5770385f-c22a-43e0-bf4c-06f5698ffbd9}"},"EventID":22,"Version":5,"Level":4,"Task":22,"Opcode":0,"Keywords":"0x8000000000000000","TimeCreated":"2023-12-08T16:06:32.041226500Z","EventRecordID":10766,"Correlation":{},"Execution":{"ProcessID":3248,"ThreadID":3932},"Channel":"Microsoft-Windows-Sysmon/Operational","Computer":"winterfell.north.sevenkingdoms.local","UserID":"S-1-5-18"},"EventData":{"QueryResults":"10.202.0.184;192.168.56.11;10.0.2.15;","ProcessId":"652","Image":"C:\\Windows\\system32\\lsass.exe","QueryName":"winterfell","UtcTime":"2023-12-08 12:47:25.585","User":"NT AUTHORITY\\SYSTEM","QueryStatus":"0","ProcessGuid":"{2b62dd35-54d9-6573-0c00-000000002300}","RuleName":"-"},"OpenWEC":{"IpAddress":"10.202.0.184","TimeReceived":"2023-12-08T16:06:58.200858032+00:00","Principal":"WINTERFELL$@NORTH.SEVENKINGDOMS.LOCAL","Subscription":{"Uuid":"CB04741B-9072-4E2D-B769-3570FA020BBD","Version":"6E053E8A-FE0D-45A0-A863-C501EEDB4011","Name":"anssi-subscription"}}}
{"System":{"Provider":{"Name":"Microsoft-Windows-Sysmon","Guid":"{5770385f-c22a-43e0-bf4c-06f5698ffbd9}"},"EventID":22,"Version":5,"Level":4,"Task":22,"Opcode":0,"Keywords":"0x8000000000000000","TimeCreated":"2023-12-08T16:06:32.041808600Z","EventRecordID":10767,"Correlation":{},"Execution":{"ProcessID":3248,"ThreadID":3932},"Channel":"Microsoft-Windows-Sysmon/Operational","Computer":"winterfell.north.sevenkingdoms.local","UserID":"S-1-5-18"},"EventData":{"Image":"C:\\Windows\\system32\\qwinsta.exe","ProcessGuid":"{2b62dd35-3f07-6573-9608-000000002300}","UtcTime":"2023-12-08 12:47:25.899","User":"NORTH\\robb.stark","QueryStatus":"0","QueryName":"castelblack","RuleName":"-","ProcessId":"5256","QueryResults":"::ffff:192.168.56.22;"},"OpenWEC":{"IpAddress":"10.202.0.184","TimeReceived":"2023-12-08T16:06:58.200858032+00:00","Principal":"WINTERFELL$@NORTH.SEVENKINGDOMS.LOCAL","Subscription":{"Uuid":"CB04741B-9072-4E2D-B769-3570FA020BBD","Version":"6E053E8A-FE0D-45A0-A863-C501EEDB4011","Name":"anssi-subscription"}}}
{"System":{"Provider":{"Name":"Microsoft-Windows-Sysmon","Guid":"{5770385f-c22a-43e0-bf4c-06f5698ffbd9}"},"EventID":10,"Version":3,"Level":4,"Task":10,"Opcode":0,"Keywords":"0x8000000000000000","TimeCreated":"2023-12-08T16:06:32.041984400Z","EventRecordID":10768,"Correlation":{},"Execution":{"ProcessID":3248,"ThreadID":3876},"Channel":"Microsoft-Windows-Sysmon/Operational","Computer":"winterfell.north.sevenkingdoms.local","UserID":"S-1-5-18"},"EventData":{"CallTrace":"C:\\Windows\\SYSTEM32\\ntdll.dll+9feb4|C:\\Windows\\SYSTEM32\\ntdll.dll+7d367|C:\\Windows\\System32\\KERNEL32.DLL+1c5b4|C:\\Windows\\System32\\KERNEL32.DLL+237f8|C:\\Windows\\sysmon64.exe+ec5cd|C:\\Windows\\sysmon64.exe+edeb7|C:\\Windows\\sysmon64.exe+12e889|C:\\Windows\\sysmon64.exe+ee90e|C:\\Windows\\sysmon64.exe+eecd3|C:\\Windows\\sysmon64.exe+10bd88|C:\\Windows\\sysmon64.exe+e22d1|C:\\Windows\\sysmon64.exe+e2427|C:\\Windows\\System32\\sechost.dll+dc61|C:\\Windows\\System32\\sechost.dll+d9a9|C:\\Windows\\System32\\sechost.dll+13d4e|C:\\Windows\\sysmon64.exe+e25ba|C:\\Windows\\sysmon64.exe+1a9ad2|C:\\Windows\\System32\\KERNEL32.DLL+17974|C:\\Windows\\SYSTEM32\\ntdll.dll+5a2f1","GrantedAccess":"0x1fffff","SourceProcessId":"3248","SourceUser":"NT AUTHORITY\\SYSTEM","TargetUser":"NT AUTHORITY\\SYSTEM","SourceImage":"C:\\Windows\\sysmon64.exe","UtcTime":"2023-12-08 16:06:32.038","TargetImage":"C:\\Windows\\system32\\lsass.exe","SourceProcessGUID":"{2b62dd35-e477-6572-4e00-000000002300}","SourceThreadId":"3932","TargetProcessGUID":"{2b62dd35-54d9-6573-0c00-000000002300}","TargetProcessId":"652","RuleName":"-"},"OpenWEC":{"IpAddress":"10.202.0.184","TimeReceived":"2023-12-08T16:06:58.200858032+00:00","Principal":"WINTERFELL$@NORTH.SEVENKINGDOMS.LOCAL","Subscription":{"Uuid":"CB04741B-9072-4E2D-B769-3570FA020BBD","Version":"6E053E8A-FE0D-45A0-A863-C501EEDB4011","Name":"anssi-subscription"}}}
{"System":{"Provider":{"Name":"Microsoft-Windows-Sysmon","Guid":"{5770385f-c22a-43e0-bf4c-06f5698ffbd9}"},"EventID":22,"Version":5,"Level":4,"Task":22,"Opcode":0,"Keywords":"0x8000000000000000","TimeCreated":"2023-12-08T16:06:33.040100000Z","EventRecordID":10769,"Correlation":{},"Execution":{"ProcessID":3248,"ThreadID":3932},"Channel":"Microsoft-Windows-Sysmon/Operational","Computer":"winterfell.north.sevenkingdoms.local","UserID":"S-1-5-18"},"EventData":{"ProcessId":"896","QueryResults":"::ffff:192.168.56.22;","RuleName":"-","QueryName":"castelblack","QueryStatus":"0","UtcTime":"2023-12-08 12:47:25.903","Image":"C:\\Windows\\System32\\svchost.exe","User":"NT AUTHORITY\\LOCAL SERVICE","ProcessGuid":"{2b62dd35-54db-6573-1500-000000002300}"},"OpenWEC":{"IpAddress":"10.202.0.184","TimeReceived":"2023-12-08T16:06:58.200858032+00:00","Principal":"WINTERFELL$@NORTH.SEVENKINGDOMS.LOCAL","Subscription":{"Uuid":"CB04741B-9072-4E2D-B769-3570FA020BBD","Version":"6E053E8A-FE0D-45A0-A863-C501EEDB4011","Name":"anssi-subscription"}}}
{"System":{"Provider":{"Name":"Microsoft-Windows-Sysmon","Guid":"{5770385f-c22a-43e0-bf4c-06f5698ffbd9}"},"EventID":3,"Version":5,"Level":4,"Task":3,"Opcode":0,"Keywords":"0x8000000000000000","TimeCreated":"2023-12-08T16:06:37.835979100Z","EventRecordID":10770,"Correlation":{},"Execution":{"ProcessID":3248,"ThreadID":3884},"Channel":"Microsoft-Windows-Sysmon/Operational","Computer":"winterfell.north.sevenkingdoms.local","UserID":"S-1-5-18"},"EventData":{"Initiated":"true","SourcePort":"64903","RuleName":"WinRM","ProcessId":"3228","DestinationPort":"5985","Protocol":"tcp","DestinationIsIpv6":"false","SourceIsIpv6":"false","SourceIp":"10.202.0.184","DestinationPortName":"-","SourcePortName":"-","ProcessGuid":"{2b62dd35-e477-6572-4d00-000000002300}","SourceHostname":"winterfell.north.sevenkingdoms.local","DestinationIp":"10.202.0.154","Image":"C:\\Windows\\System32\\svchost.exe","UtcTime":"2023-12-08 12:47:31.185","User":"NT AUTHORITY\\NETWORK SERVICE","DestinationHostname":"-"},"OpenWEC":{"IpAddress":"10.202.0.184","TimeReceived":"2023-12-08T16:06:58.200858032+00:00","Principal":"WINTERFELL$@NORTH.SEVENKINGDOMS.LOCAL","Subscription":{"Uuid":"CB04741B-9072-4E2D-B769-3570FA020BBD","Version":"6E053E8A-FE0D-45A0-A863-C501EEDB4011","Name":"anssi-subscription"}}}
{"System":{"Provider":{"Name":"Microsoft-Windows-Sysmon","Guid":"{5770385f-c22a-43e0-bf4c-06f5698ffbd9}"},"EventID":1,"Version":5,"Level":4,"Task":1,"Opcode":0,"Keywords":"0x8000000000000000","TimeCreated":"2023-12-08T16:06:52.418037500Z","EventRecordID":10771,"Correlation":{},"Execution":{"ProcessID":3248,"ThreadID":3876},"Channel":"Microsoft-Windows-Sysmon/Operational","Computer":"winterfell.north.sevenkingdoms.local","UserID":"S-1-5-18"},"EventData":{"CurrentDirectory":"C:\\Windows\\system32\\","Image":"C:\\Windows\\System32\\mstsc.exe","ParentProcessId":"2824","ParentImage":"C:\\Windows\\System32\\WindowsPowerShell\\v1.0\\powershell.exe","FileVersion":"10.0.17763.1697 (WinBuild.160101.0800)","CommandLine":"\"C:\\Windows\\system32\\mstsc.exe\" /v:castelblack","ProcessId":"4592","User":"NORTH\\robb.stark","Company":"Microsoft Corporation","OriginalFileName":"mstsc.exe","LogonGuid":"{2b62dd35-3f06-6573-7b40-e60000000000}","Description":"Remote Desktop Connection","UtcTime":"2023-12-08 16:06:52.411","Product":"Microsoft® Windows® Operating System","RuleName":"-","LogonId":"0xe6407b","Hashes":"MD5=FECC0C4F37222679825054A1BE0AE8FD,SHA256=D7A69C4398AC1BE41F44477F58C9619D43A1C363D4833C32610AC848B269EDF0,IMPHASH=43D4C98DB4E05AF16115818C6E500A33","ParentUser":"NORTH\\robb.stark","TerminalSessionId":"0","ParentCommandLine":"powershell  c:\\setup\\bot_rdp.ps1","ProcessGuid":"{2b62dd35-3f1c-6573-9708-000000002300}","IntegrityLevel":"High","ParentProcessGuid":"{2b62dd35-3f07-6573-9408-000000002300}"},"OpenWEC":{"IpAddress":"10.202.0.184","TimeReceived":"2023-12-08T16:06:58.200858032+00:00","Principal":"WINTERFELL$@NORTH.SEVENKINGDOMS.LOCAL","Subscription":{"Uuid":"CB04741B-9072-4E2D-B769-3570FA020BBD","Version":"6E053E8A-FE0D-45A0-A863-C501EEDB4011","Name":"anssi-subscription"}}}
{"System":{"Provider":{"Name":"Microsoft-Windows-Security-Auditing","Guid":"{54849625-5478-4994-a5ba-3e3b0328c30d}"},"EventID":4688,"Version":2,"Level":0,"Task":13312,"Opcode":0,"Keywords":"0x8020000000000000","TimeCreated":"2023-12-08T16:06:52.411676400Z","EventRecordID":158249,"Correlation":{},"Execution":{"ProcessID":4,"ThreadID":2556},"Channel":"Security","Computer":"winterfell.north.sevenkingdoms.local"},"EventData":{"SubjectUserName":"robb.stark","NewProcessName":"C:\\Windows\\System32\\mstsc.exe","CommandLine":"","MandatoryLabel":"S-1-16-12288","SubjectDomainName":"NORTH","ParentProcessName":"C:\\Windows\\System32\\WindowsPowerShell\\v1.0\\powershell.exe","NewProcessId":"0x11f0","SubjectLogonId":"0xe6407b","SubjectUserSid":"S-1-5-21-2431860994-719566178-239256710-1113","ProcessId":"0xb08","TargetUserSid":"S-1-0-0","TargetUserName":"-","TargetLogonId":"0x0","TokenElevationType":"%%1936","TargetDomainName":"-"},"OpenWEC":{"IpAddress":"10.202.0.184","TimeReceived":"2023-12-08T16:06:58.200858032+00:00","Principal":"WINTERFELL$@NORTH.SEVENKINGDOMS.LOCAL","Subscription":{"Uuid":"CB04741B-9072-4E2D-B769-3570FA020BBD","Version":"6E053E8A-FE0D-45A0-A863-C501EEDB4011","Name":"anssi-subscription"}}}
{"System":{"Provider":{"Name":"Microsoft-Windows-Sysmon","Guid":"{5770385f-c22a-43e0-bf4c-06f5698ffbd9}"},"EventID":10,"Version":3,"Level":4,"Task":10,"Opcode":0,"Keywords":"0x8000000000000000","TimeCreated":"2023-12-08T16:06:52.418317400Z","EventRecordID":10772,"Correlation":{},"Execution":{"ProcessID":3248,"ThreadID":3876},"Channel":"Microsoft-Windows-Sysmon/Operational","Computer":"winterfell.north.sevenkingdoms.local","UserID":"S-1-5-18"},"EventData":{"RuleName":"-","SourceUser":"NORTH\\robb.stark","TargetUser":"NORTH\\robb.stark","SourceImage":"C:\\Windows\\System32\\WindowsPowerShell\\v1.0\\powershell.exe","TargetProcessId":"4592","CallTrace":"C:\\Windows\\SYSTEM32\\ntdll.dll+a1244|C:\\Windows\\System32\\KERNELBASE.dll+485d2|C:\\Windows\\System32\\KERNELBASE.dll+45fc6|C:\\Windows\\System32\\KERNEL32.DLL+1c2e3|C:\\Windows\\assembly\\NativeImages_v4.0.30319_64\\System\\cb755e97e255f61e327a8001d4e05859\\System.ni.dll+3332f6|C:\\Windows\\assembly\\NativeImages_v4.0.30319_64\\System\\cb755e97e255f61e327a8001d4e05859\\System.ni.dll+2b5560|C:\\Windows\\assembly\\NativeImages_v4.0.30319_64\\System\\cb755e97e255f61e327a8001d4e05859\\System.ni.dll+2b4f07|C:\\Windows\\assembly\\NativeImages_v4.0.30319_64\\System.Manaa57fc8cc#\\da4031e77cd7d8b426cd99e749e0c982\\System.Management.Automation.ni.dll+f7fc6b|C:\\Windows\\assembly\\NativeImages_v4.0.30319_64\\System.Manaa57fc8cc#\\da4031e77cd7d8b426cd99e749e0c982\\System.Management.Automation.ni.dll+ed9fad|C:\\Windows\\assembly\\NativeImages_v4.0.30319_64\\System.Manaa57fc8cc#\\da4031e77cd7d8b426cd99e749e0c982\\System.Management.Automation.ni.dll+f5cb1e|C:\\Windows\\assembly\\NativeImages_v4.0.30319_64\\System.Manaa57fc8cc#\\da4031e77cd7d8b426cd99e749e0c982\\System.Management.Automation.ni.dll+f5c7fb|C:\\Windows\\assembly\\NativeImages_v4.0.30319_64\\System.Manaa57fc8cc#\\da4031e77cd7d8b426cd99e749e0c982\\System.Management.Automation.ni.dll+104fcb4|UNKNOWN(00007FF7D51D13C1)","TargetProcessGUID":"{2b62dd35-3f1c-6573-9708-000000002300}","SourceProcessId":"2824","UtcTime":"2023-12-08 16:06:52.417","SourceThreadId":"2460","SourceProcessGUID":"{2b62dd35-3f07-6573-9408-000000002300}","TargetImage":"C:\\Windows\\system32\\mstsc.exe","GrantedAccess":"0x1fffff"},"OpenWEC":{"IpAddress":"10.202.0.184","TimeReceived":"2023-12-08T16:06:58.200858032+00:00","Principal":"WINTERFELL$@NORTH.SEVENKINGDOMS.LOCAL","Subscription":{"Uuid":"CB04741B-9072-4E2D-B769-3570FA020BBD","Version":"6E053E8A-FE0D-45A0-A863-C501EEDB4011","Name":"anssi-subscription"}}}
{"System":{"Provider":{"Name":"Microsoft-Windows-TerminalServices-ClientActiveXCore","Guid":"{28aa95bb-d444-4719-a36f-40462168127e}"},"EventID":1024,"Version":0,"Level":4,"Task":101,"Opcode":10,"Keywords":"0x4000000000000000","TimeCreated":"2023-12-08T16:06:52.798065400Z","EventRecordID":15260,"Correlation":{"ActivityID":"{474e014a-c048-430f-b9ef-c740c2950000}"},"Execution":{"ProcessID":4592,"ThreadID":2436},"Channel":"Microsoft-Windows-TerminalServices-RDPClient/Operational","Computer":"winterfell.north.sevenkingdoms.local","UserID":"S-1-5-21-2431860994-719566178-239256710-1113"},"EventData":{"CustomLevel":"Info","Name":"Server Name","Value":"castelblack"},"OpenWEC":{"IpAddress":"10.202.0.184","TimeReceived":"2023-12-08T16:06:58.200858032+00:00","Principal":"WINTERFELL$@NORTH.SEVENKINGDOMS.LOCAL","Subscription":{"Uuid":"CB04741B-9072-4E2D-B769-3570FA020BBD","Version":"6E053E8A-FE0D-45A0-A863-C501EEDB4011","Name":"anssi-subscription"}}}
{"System":{"Provider":{"Name":"Microsoft-Windows-Sysmon","Guid":"{5770385f-c22a-43e0-bf4c-06f5698ffbd9}"},"EventID":22,"Version":5,"Level":4,"Task":22,"Opcode":0,"Keywords":"0x8000000000000000","TimeCreated":"2023-12-08T16:06:54.997157800Z","EventRecordID":10773,"Correlation":{},"Execution":{"ProcessID":3248,"ThreadID":3932},"Channel":"Microsoft-Windows-Sysmon/Operational","Computer":"winterfell.north.sevenkingdoms.local","UserID":"S-1-5-18"},"EventData":{"ProcessGuid":"{2b62dd35-3f1c-6573-9708-000000002300}","QueryStatus":"0","ProcessId":"4592","UtcTime":"2023-12-08 12:47:47.410","Image":"C:\\Windows\\system32\\mstsc.exe","QueryResults":"::ffff:192.168.56.22;","QueryName":"castelblack","User":"NORTH\\robb.stark","RuleName":"-"},"OpenWEC":{"IpAddress":"10.202.0.184","TimeReceived":"2023-12-08T16:06:58.200858032+00:00","Principal":"WINTERFELL$@NORTH.SEVENKINGDOMS.LOCAL","Subscription":{"Uuid":"CB04741B-9072-4E2D-B769-3570FA020BBD","Version":"6E053E8A-FE0D-45A0-A863-C501EEDB4011","Name":"anssi-subscription"}}}
{"System":{"Provider":{"Name":"Microsoft-Windows-Security-Auditing","Guid":"{54849625-5478-4994-a5ba-3e3b0328c30d}"},"EventID":4648,"Version":0,"Level":0,"Task":12544,"Opcode":0,"Keywords":"0x8020000000000000","TimeCreated":"2023-12-08T16:07:21.604355300Z","EventRecordID":158256,"Correlation":{"ActivityID":"{82a8a277-29fd-0000-eca2-a882fd29da01}"},"Execution":{"ProcessID":652,"ThreadID":5912},"Channel":"Security","Computer":"winterfell.north.sevenkingdoms.local"},"EventData":{"SubjectUserSid":"S-1-5-18","TargetDomainName":"NORTH","TargetLogonGuid":"{d49b5349-2bf3-018b-c4da-44574107c055}","TargetServerName":"localhost","SubjectDomainName":"NORTH","LogonGuid":"{00000000-0000-0000-0000-000000000000}","TargetInfo":"localhost","ProcessName":"C:\\Windows\\System32\\svchost.exe","IpAddress":"-","SubjectUserName":"WINTERFELL$","IpPort":"-","SubjectLogonId":"0x3e7","TargetUserName":"eddard.stark","ProcessId":"0x638"},"OpenWEC":{"IpAddress":"10.202.0.184","TimeReceived":"2023-12-08T16:07:52.548835991+00:00","Principal":"WINTERFELL$@NORTH.SEVENKINGDOMS.LOCAL","Subscription":{"Uuid":"CB04741B-9072-4E2D-B769-3570FA020BBD","Version":"6E053E8A-FE0D-45A0-A863-C501EEDB4011","Name":"anssi-subscription"}}}
{"System":{"Provider":{"Name":"Microsoft-Windows-Sysmon","Guid":"{5770385f-c22a-43e0-bf4c-06f5698ffbd9}"},"EventID":10,"Version":3,"Level":4,"Task":10,"Opcode":0,"Keywords":"0x8000000000000000","TimeCreated":"2023-12-08T16:07:21.593036200Z","EventRecordID":10774,"Correlation":{},"Execution":{"ProcessID":3248,"ThreadID":3876},"Channel":"Microsoft-Windows-Sysmon/Operational","Computer":"winterfell.north.sevenkingdoms.local","UserID":"S-1-5-18"},"EventData":{"TargetUser":"NT AUTHORITY\\SYSTEM","SourceProcessGUID":"{2b62dd35-54db-6573-1000-000000002300}","SourceProcessId":"948","SourceThreadId":"5248","UtcTime":"2023-12-08 16:07:21.586","CallTrace":"C:\\Windows\\SYSTEM32\\ntdll.dll+9feb4|C:\\Windows\\System32\\KERNELBASE.dll+6c2f5|c:\\windows\\system32\\lsm.dll+f397|c:\\windows\\system32\\lsm.dll+df54|C:\\Windows\\System32\\RPCRT4.dll+784a3|C:\\Windows\\System32\\RPCRT4.dll+d9f9a|C:\\Windows\\System32\\RPCRT4.dll+1ac60|C:\\Windows\\System32\\RPCRT4.dll+508e8|C:\\Windows\\System32\\RPCRT4.dll+3ad80|C:\\Windows\\System32\\RPCRT4.dll+3a72b|C:\\Windows\\System32\\RPCRT4.dll+2c9cf|C:\\Windows\\System32\\RPCRT4.dll+2be2a|C:\\Windows\\System32\\RPCRT4.dll+2b3f1|C:\\Windows\\System32\\RPCRT4.dll+2ae62|C:\\Windows\\System32\\RPCRT4.dll+218d5|C:\\Windows\\SYSTEM32\\ntdll.dll+69c20|C:\\Windows\\SYSTEM32\\ntdll.dll+166e8|C:\\Windows\\System32\\KERNEL32.DLL+17974|C:\\Windows\\SYSTEM32\\ntdll.dll+5a2f1","SourceImage":"C:\\Windows\\system32\\svchost.exe","TargetProcessGUID":"{2b62dd35-54d9-6573-0c00-000000002300}","SourceUser":"NT AUTHORITY\\SYSTEM","RuleName":"-","TargetImage":"C:\\Windows\\system32\\lsass.exe","TargetProcessId":"652","GrantedAccess":"0x1000"},"OpenWEC":{"IpAddress":"10.202.0.184","TimeReceived":"2023-12-08T16:07:52.548835991+00:00","Principal":"WINTERFELL$@NORTH.SEVENKINGDOMS.LOCAL","Subscription":{"Uuid":"CB04741B-9072-4E2D-B769-3570FA020BBD","Version":"6E053E8A-FE0D-45A0-A863-C501EEDB4011","Name":"anssi-subscription"}}}
{"System":{"Provider":{"Name":"Microsoft-Windows-Sysmon","Guid":"{5770385f-c22a-43e0-bf4c-06f5698ffbd9}"},"EventID":10,"Version":3,"Level":4,"Task":10,"Opcode":0,"Keywords":"0x8000000000000000","TimeCreated":"2023-12-08T16:07:21.593261100Z","EventRecordID":10775,"Correlation":{},"Execution":{"ProcessID":3248,"ThreadID":3876},"Channel":"Microsoft-Windows-Sysmon/Operational","Computer":"winterfell.north.sevenkingdoms.local","UserID":"S-1-5-18"},"EventData":{"SourceUser":"NT AUTHORITY\\SYSTEM","GrantedAccess":"0x1000","SourceThreadId":"5248","RuleName":"-","SourceProcessId":"948","UtcTime":"2023-12-08 16:07:21.586","SourceImage":"C:\\Windows\\system32\\svchost.exe","TargetProcessGUID":"{2b62dd35-54d9-6573-0c00-000000002300}","TargetUser":"NT AUTHORITY\\SYSTEM","CallTrace":"C:\\Windows\\SYSTEM32\\ntdll.dll+9feb4|C:\\Windows\\System32\\KERNELBASE.dll+6c2f5|c:\\windows\\system32\\lsm.dll+e2ca|c:\\windows\\system32\\lsm.dll+e044|C:\\Windows\\System32\\RPCRT4.dll+784a3|C:\\Windows\\System32\\RPCRT4.dll+d9f9a|C:\\Windows\\System32\\RPCRT4.dll+1ac60|C:\\Windows\\System32\\RPCRT4.dll+508e8|C:\\Windows\\System32\\RPCRT4.dll+3ad80|C:\\Windows\\System32\\RPCRT4.dll+3a72b|C:\\Windows\\System32\\RPCRT4.dll+2c9cf|C:\\Windows\\System32\\RPCRT4.dll+2be2a|C:\\Windows\\System32\\RPCRT4.dll+2b3f1|C:\\Windows\\System32\\RPCRT4.dll+2ae62|C:\\Windows\\System32\\RPCRT4.dll+218d5|C:\\Windows\\SYSTEM32\\ntdll.dll+69c20|C:\\Windows\\SYSTEM32\\ntdll.dll+166e8|C:\\Windows\\System32\\KERNEL32.DLL+17974|C:\\Windows\\SYSTEM32\\ntdll.dll+5a2f1","SourceProcessGUID":"{2b62dd35-54db-6573-1000-000000002300}","TargetProcessId":"652","TargetImage":"C:\\Windows\\system32\\lsass.exe"},"OpenWEC":{"IpAddress":"10.202.0.184","TimeReceived":"2023-12-08T16:07:52.548835991+00:00","Principal":"WINTERFELL$@NORTH.SEVENKINGDOMS.LOCAL","Subscription":{"Uuid":"CB04741B-9072-4E2D-B769-3570FA020BBD","Version":"6E053E8A-FE0D-45A0-A863-C501EEDB4011","Name":"anssi-subscription"}}}
