{"System":{"Provider":{"Name":"Microsoft-Windows-Sysmon","Guid":"{5770385f-c22a-43e0-bf4c-06f5698ffbd9}"},"EventID":1,"Version":5,"Level":4,"Task":1,"Opcode":0,"Keywords":"0x8000000000000000","TimeCreated":"2023-12-08T15:59:31.205645900Z","EventRecordID":10566,"Correlation":{},"Execution":{"ProcessID":3248,"ThreadID":3876},"Channel":"Microsoft-Windows-Sysmon/Operational","Computer":"winterfell.north.sevenkingdoms.local","UserID":"S-1-5-18"},"EventData":{"RuleName":"-","Description":"Query Session Utility","LogonGuid":"{2b62dd35-3d62-6573-ff56-df0000000000}","Product":"Microsoft® Windows® Operating System","Image":"C:\\Windows\\System32\\qwinsta.exe","TerminalSessionId":"0","ParentImage":"C:\\Windows\\System32\\query.exe","Company":"Microsoft Corporation","User":"NORTH\\robb.stark","UtcTime":"2023-12-08 15:59:31.201","IntegrityLevel":"High","CommandLine":"\"C:\\Windows\\system32\\qwinsta.exe\" robb.stark /server:castelblack","CurrentDirectory":"C:\\Windows\\system32\\","ParentProcessGuid":"{2b62dd35-3d63-6573-5408-000000002300}","ProcessId":"5564","FileVersion":"10.0.17763.1 (WinBuild.160101.0800)","OriginalFileName":"qwinsta.exe","ProcessGuid":"{2b62dd35-3d63-6573-5508-000000002300}","Hashes":"MD5=9322C72AB11E725B098552A5FAE0F655,SHA256=E1AE2EC83FEC0C8CF01B9E4C3DA910BE61ABF3071E56EDA834590C405E8E4E69,IMPHASH=45B4A06EB57D86287767753D3ED73862","ParentCommandLine":"\"C:\\Windows\\system32\\query.exe\" session robb.stark /server:castelblack","ParentUser":"NORTH\\robb.stark","LogonId":"0xdf56ff","ParentProcessId":"3356"},"OpenWEC":{"IpAddress":"10.202.0.184","TimeReceived":"2023-12-08T15:59:46.328359863+00:00","Principal":"WINTERFELL$@NORTH.SEVENKINGDOMS.LOCAL","Subscription":{"Uuid":"CB04741B-9072-4E2D-B769-3570FA020BBD","Version":"6E053E8A-FE0D-45A0-A863-C501EEDB4011","Name":"anssi-subscription"}}}
{"System":{"Provider":{"Name":"Microsoft-Windows-Security-Auditing","Guid":"{54849625-5478-4994-a5ba-3e3b0328c30d}"},"EventID":4688,"Version":2,"Level":0,"Task":13312,"Opcode":0,"Keywords":"0x8020000000000000","TimeCreated":"2023-12-08T15:59:30.925850000Z","EventRecordID":158038,"Correlation":{},"Execution":{"ProcessID":4,"ThreadID":2556},"Channel":"Security","Computer":"winterfell.north.sevenkingdoms.local"},"EventData":{"SubjectUserSid":"S-1-5-18","CommandLine":"","SubjectUserName":"WINTERFELL$","ParentProcessName":"C:\\Windows\\System32\\svchost.exe","TargetUserSid":"S-1-0-0","ProcessId":"0x35c","TargetLogonId":"0x0","SubjectLogonId":"0x3e7","SubjectDomainName":"NORTH","NewProcessId":"0x15b8","TargetDomainName":"-","TokenElevationType":"%%1936","NewProcessName":"C:\\Windows\\System32\\dllhost.exe","TargetUserName":"-","MandatoryLabel":"S-1-16-16384"},"OpenWEC":{"IpAddress":"10.202.0.184","TimeReceived":"2023-12-08T15:59:46.328359863+00:00","Principal":"WINTERFELL$@NORTH.SEVENKINGDOMS.LOCAL","Subscription":{"Uuid":"CB04741B-9072-4E2D-B769-3570FA020BBD","Version":"6E053E8A-FE0D-45A0-A863-C501EEDB4011","Name":"anssi-subscription"}}}
{"System":{"Provider":{"Name":"Microsoft-Windows-Security-Auditing","Guid":"{54849625-5478-4994-a5ba-3e3b0328c30d}"},"EventID":4688,"Version":2,"Level":0,"Task":13312,"Opcode":0,"Keywords":"0x8020000000000000","TimeCreated":"2023-12-08T15:59:30.942356400Z","EventRecordID":158039,"Correlation":{},"Execution":{"ProcessID":4,"ThreadID":2556},"Channel":"Security","Computer":"winterfell.north.sevenkingdoms.local"},"EventData":{"SubjectUserName":"WINTERFELL$","CommandLine":"","TargetUserSid":"S-1-0-0","TargetDomainName":"NORTH","ParentProcessName":"C:\\Windows\\System32\\svchost.exe","SubjectLogonId":"0x3e7","TokenElevationType":"%%1936","SubjectDomainName":"NORTH","SubjectUserSid":"S-1-5-18","TargetLogonId":"0xdf56ff","TargetUserName":"robb.stark","ProcessId":"0x638","NewProcessName":"C:\\Windows\\System32\\cmd.exe","NewProcessId":"0x818","MandatoryLabel":"S-1-16-12288"},"OpenWEC":{"IpAddress":"10.202.0.184","TimeReceived":"2023-12-08T15:59:46.328359863+00:00","Principal":"WINTERFELL$@NORTH.SEVENKINGDOMS.LOCAL","Subscription":{"Uuid":"CB04741B-9072-4E2D-B769-3570FA020BBD","Version":"6E053E8A-FE0D-45A0-A863-C501EEDB4011","Name":"anssi-subscription"}}}
{"System":{"Provider":{"Name":"Microsoft-Windows-Security-Auditing","Guid":"{54849625-5478-4994-a5ba-3e3b0328c30d}"},"EventID":4688,"Version":2,"Level":0,"Task":13312,"Opcode":0,"Keywords":"0x8020000000000000","TimeCreated":"2023-12-08T15:59:30.946801300Z","EventRecordID":158040,"Correlation":{},"Execution":{"ProcessID":4,"ThreadID":2556},"Channel":"Security","Computer":"winterfell.north.sevenkingdoms.local"},"EventData":{"TargetLogonId":"0x0","NewProcessId":"0xd14","TokenElevationType":"%%1936","SubjectUserName":"robb.stark","TargetUserName":"-","ParentProcessName":"C:\\Windows\\System32\\cmd.exe","SubjectLogonId":"0xdf56ff","SubjectUserSid":"S-1-5-21-2431860994-719566178-239256710-1113","NewProcessName":"C:\\Windows\\System32\\conhost.exe","SubjectDomainName":"NORTH","ProcessId":"0x818","TargetDomainName":"-","TargetUserSid":"S-1-0-0","CommandLine":"","MandatoryLabel":"S-1-16-12288"},"OpenWEC":{"IpAddress":"10.202.0.184","TimeReceived":"2023-12-08T15:59:46.328359863+00:00","Principal":"WINTERFELL$@NORTH.SEVENKINGDOMS.LOCAL","Subscription":{"Uuid":"CB04741B-9072-4E2D-B769-3570FA020BBD","Version":"6E053E8A-FE0D-45A0-A863-C501EEDB4011","Name":"anssi-subscription"}}}
{"System":{"Provider":{"Name":"Microsoft-Windows-Security-Auditing","Guid":"{54849625-5478-4994-a5ba-3e3b0328c30d}"},"EventID":4688,"Version":2,"Level":0,"Task":13312,"Opcode":0,"Keywords":"0x8020000000000000","TimeCreated":"2023-12-08T15:59:30.976670500Z","EventRecordID":158041,"Correlation":{},"Execution":{"ProcessID":4,"ThreadID":180},"Channel":"Security","Computer":"winterfell.north.sevenkingdoms.local"},"EventData":{"SubjectUserSid":"S-1-5-21-2431860994-719566178-239256710-1113","SubjectDomainName":"NORTH","TokenElevationType":"%%1936","ParentProcessName":"C:\\Windows\\System32\\cmd.exe","TargetUserSid":"S-1-0-0","SubjectUserName":"robb.stark","TargetUserName":"-","MandatoryLabel":"S-1-16-12288","TargetLogonId":"0x0","NewProcessName":"C:\\Windows\\System32\\WindowsPowerShell\\v1.0\\powershell.exe","ProcessId":"0x818","SubjectLogonId":"0xdf56ff","NewProcessId":"0x29c","CommandLine":"","TargetDomainName":"-"},"OpenWEC":{"IpAddress":"10.202.0.184","TimeReceived":"2023-12-08T15:59:46.328359863+00:00","Principal":"WINTERFELL$@NORTH.SEVENKINGDOMS.LOCAL","Subscription":{"Uuid":"CB04741B-9072-4E2D-B769-3570FA020BBD","Version":"6E053E8A-FE0D-45A0-A863-C501EEDB4011","Name":"anssi-subscription"}}}
{"System":{"Provider":{"Name":"Microsoft-Windows-Security-Auditing","Guid":"{54849625-5478-4994-a5ba-3e3b0328c30d}"},"EventID":4688,"Version":2,"Level":0,"Task":13312,"Opcode":0,"Keywords":"0x8020000000000000","TimeCreated":"2023-12-08T15:59:31.160022900Z","EventRecordID":158042,"Correlation":{},"Execution":{"ProcessID":4,"ThreadID":180},"Channel":"Security","Computer":"winterfell.north.sevenkingdoms.local"},"EventData":{"TargetLogonId":"0x0","TargetDomainName":"-","SubjectUserName":"robb.stark","SubjectLogonId":"0xdf56ff","ProcessId":"0x29c","SubjectDomainName":"NORTH","TokenElevationType":"%%1936","ParentProcessName":"C:\\Windows\\System32\\WindowsPowerShell\\v1.0\\powershell.exe","TargetUserName":"-","MandatoryLabel":"S-1-16-12288","CommandLine":"","NewProcessId":"0xd1c","SubjectUserSid":"S-1-5-21-2431860994-719566178-239256710-1113","TargetUserSid":"S-1-0-0","NewProcessName":"C:\\Windows\\System32\\query.exe"},"OpenWEC":{"IpAddress":"10.202.0.184","TimeReceived":"2023-12-08T15:59:46.328359863+00:00","Principal":"WINTERFELL$@NORTH.SEVENKINGDOMS.LOCAL","Subscription":{"Uuid":"CB04741B-9072-4E2D-B769-3570FA020BBD","Version":"6E053E8A-FE0D-45A0-A863-C501EEDB4011","Name":"anssi-subscription"}}}
{"System":{"Provider":{"Name":"Microsoft-Windows-Security-Auditing","Guid":"{54849625-5478-4994-a5ba-3e3b0328c30d}"},"EventID":4688,"Version":2,"Level":0,"Task":13312,"Opcode":0,"Keywords":"0x8020000000000000","TimeCreated":"2023-12-08T15:59:31.201794500Z","EventRecordID":158043,"Correlation":{},"Execution":{"ProcessID":4,"ThreadID":2556},"Channel":"Security","Computer":"winterfell.north.sevenkingdoms.local"},"EventData":{"CommandLine":"","NewProcessName":"C:\\Windows\\System32\\qwinsta.exe","NewProcessId":"0x15bc","TokenElevationType":"%%1936","TargetLogonId":"0x0","SubjectUserName":"robb.stark","MandatoryLabel":"S-1-16-12288","SubjectUserSid":"S-1-5-21-2431860994-719566178-239256710-1113","ParentProcessName":"C:\\Windows\\System32\\query.exe","TargetUserSid":"S-1-0-0","ProcessId":"0xd1c","SubjectLogonId":"0xdf56ff","TargetDomainName":"-","SubjectDomainName":"NORTH","TargetUserName":"-"},"OpenWEC":{"IpAddress":"10.202.0.184","TimeReceived":"2023-12-08T15:59:46.328359863+00:00","Principal":"WINTERFELL$@NORTH.SEVENKINGDOMS.LOCAL","Subscription":{"Uuid":"CB04741B-9072-4E2D-B769-3570FA020BBD","Version":"6E053E8A-FE0D-45A0-A863-C501EEDB4011","Name":"anssi-subscription"}}}
{"System":{"Provider":{"Name":"Microsoft-Windows-TaskScheduler","Guid":"{de7b24ea-73c8-4a09-985d-5bdadcfa9017}"},"EventID":107,"Version":0,"Level":4,"Task":107,"Opcode":0,"Keywords":"0x8000000000000000","TimeCreated":"2023-12-08T15:59:30.922793400Z","EventRecordID":49923,"Correlation":{"ActivityID":"{68f826e1-50c8-4663-85bb-695b18ebcf32}"},"Execution":{"ProcessID":1592,"ThreadID":5996},"Channel":"Microsoft-Windows-TaskScheduler/Operational","Computer":"winterfell.north.sevenkingdoms.local","UserID":"S-1-5-18"},"EventData":{"InstanceId":"{68f826e1-50c8-4663-85bb-695b18ebcf32}","TaskName":"\\connect_bot"},"OpenWEC":{"IpAddress":"10.202.0.184","TimeReceived":"2023-12-08T15:59:46.328359863+00:00","Principal":"WINTERFELL$@NORTH.SEVENKINGDOMS.LOCAL","Subscription":{"Uuid":"CB04741B-9072-4E2D-B769-3570FA020BBD","Version":"6E053E8A-FE0D-45A0-A863-C501EEDB4011","Name":"anssi-subscription"}}}
{"System":{"Provider":{"Name":"Microsoft-Windows-TaskScheduler","Guid":"{de7b24ea-73c8-4a09-985d-5bdadcfa9017}"},"EventID":129,"Version":0,"Level":4,"Task":129,"Opcode":0,"Keywords":"0x8000000000000000","TimeCreated":"2023-12-08T15:59:30.943874900Z","EventRecordID":49924,"Correlation":{},"Execution":{"ProcessID":1592,"ThreadID":5996},"Channel":"Microsoft-Windows-TaskScheduler/Operational","Computer":"winterfell.north.sevenkingdoms.local","UserID":"S-1-5-18"},"EventData":{"Path":"cmd.exe","TaskName":"\\connect_bot","Priority":"16384","ProcessID":"2072"},"OpenWEC":{"IpAddress":"10.202.0.184","TimeReceived":"2023-12-08T15:59:46.328359863+00:00","Principal":"WINTERFELL$@NORTH.SEVENKINGDOMS.LOCAL","Subscription":{"Uuid":"CB04741B-9072-4E2D-B769-3570FA020BBD","Version":"6E053E8A-FE0D-45A0-A863-C501EEDB4011","Name":"anssi-subscription"}}}
{"System":{"Provider":{"Name":"Microsoft-Windows-TaskScheduler","Guid":"{de7b24ea-73c8-4a09-985d-5bdadcfa9017}"},"EventID":100,"Version":0,"Level":4,"Task":100,"Opcode":1,"Keywords":"0x8000000000000001","TimeCreated":"2023-12-08T15:59:30.944063200Z","EventRecordID":49925,"Correlation":{"ActivityID":"{68f826e1-50c8-4663-85bb-695b18ebcf32}"},"Execution":{"ProcessID":1592,"ThreadID":5996},"Channel":"Microsoft-Windows-TaskScheduler/Operational","Computer":"winterfell.north.sevenkingdoms.local","UserID":"S-1-5-18"},"EventData":{"UserContext":"NORTH\\robb.stark","InstanceId":"{68f826e1-50c8-4663-85bb-695b18ebcf32}","TaskName":"\\connect_bot"},"OpenWEC":{"IpAddress":"10.202.0.184","TimeReceived":"2023-12-08T15:59:46.328359863+00:00","Principal":"WINTERFELL$@NORTH.SEVENKINGDOMS.LOCAL","Subscription":{"Uuid":"CB04741B-9072-4E2D-B769-3570FA020BBD","Version":"6E053E8A-FE0D-45A0-A863-C501EEDB4011","Name":"anssi-subscription"}}}
{"System":{"Provider":{"Name":"Microsoft-Windows-TaskScheduler","Guid":"{de7b24ea-73c8-4a09-985d-5bdadcfa9017}"},"EventID":200,"Version":1,"Level":4,"Task":200,"Opcode":1,"Keywords":"0x8000000000000000","TimeCreated":"2023-12-08T15:59:30.944064300Z","EventRecordID":49926,"Correlation":{"ActivityID":"{68f826e1-50c8-4663-85bb-695b18ebcf32}"},"Execution":{"ProcessID":1592,"ThreadID":5996},"Channel":"Microsoft-Windows-TaskScheduler/Operational","Computer":"winterfell.north.sevenkingdoms.local","UserID":"S-1-5-18"},"EventData":{"TaskInstanceId":"{68f826e1-50c8-4663-85bb-695b18ebcf32}","EnginePID":"2072","TaskName":"\\connect_bot","ActionName":"cmd.exe"},"OpenWEC":{"IpAddress":"10.202.0.184","TimeReceived":"2023-12-08T15:59:46.328359863+00:00","Principal":"WINTERFELL$@NORTH.SEVENKINGDOMS.LOCAL","Subscription":{"Uuid":"CB04741B-9072-4E2D-B769-3570FA020BBD","Version":"6E053E8A-FE0D-45A0-A863-C501EEDB4011","Name":"anssi-subscription"}}}
{"System":{"Provider":{"Name":"Microsoft-Windows-Sysmon","Guid":"{5770385f-c22a-43e0-bf4c-06f5698ffbd9}"},"EventID":10,"Version":3,"Level":4,"Task":10,"Opcode":0,"Keywords":"0x8000000000000000","TimeCreated":"2023-12-08T15:59:31.940043100Z","EventRecordID":10567,"Correlation":{},"Execution":{"ProcessID":3248,"ThreadID":3876},"Channel":"Microsoft-Windows-Sysmon/Operational","Computer":"winterfell.north.sevenkingdoms.local","UserID":"S-1-5-18"},"EventData":{"CallTrace":"C:\\Windows\\SYSTEM32\\ntdll.dll+9feb4|C:\\Windows\\SYSTEM32\\ntdll.dll+7d367|C:\\Windows\\System32\\KERNEL32.DLL+1c5b4|C:\\Windows\\System32\\KERNEL32.DLL+237f8|C:\\Windows\\sysmon64.exe+ec5cd|C:\\Windows\\sysmon64.exe+edeb7|C:\\Windows\\sysmon64.exe+12e889|C:\\Windows\\sysmon64.exe+ee90e|C:\\Windows\\sysmon64.exe+eecd3|C:\\Windows\\sysmon64.exe+10bd88|C:\\Windows\\sysmon64.exe+e22d1|C:\\Windows\\sysmon64.exe+e2427|C:\\Windows\\System32\\sechost.dll+dc61|C:\\Windows\\System32\\sechost.dll+d9a9|C:\\Windows\\System32\\sechost.dll+13d4e|C:\\Windows\\sysmon64.exe+e25ba|C:\\Windows\\sysmon64.exe+1a9ad2|C:\\Windows\\System32\\KERNEL32.DLL+17974|C:\\Windows\\SYSTEM32\\ntdll.dll+5a2f1","SourceThreadId":"3932","TargetUser":"NT AUTHORITY\\SYSTEM","UtcTime":"2023-12-08 15:59:31.938","SourceImage":"C:\\Windows\\sysmon64.exe","TargetProcessGUID":"{2b62dd35-54d9-6573-0c00-000000002300}","TargetProcessId":"652","GrantedAccess":"0x1fffff","SourceUser":"NT AUTHORITY\\SYSTEM","RuleName":"-","SourceProcessId":"3248","SourceProcessGUID":"{2b62dd35-e477-6572-4e00-000000002300}","TargetImage":"C:\\Windows\\system32\\lsass.exe"},"OpenWEC":{"IpAddress":"10.202.0.184","TimeReceived":"2023-12-08T15:59:46.328359863+00:00","Principal":"WINTERFELL$@NORTH.SEVENKINGDOMS.LOCAL","Subscription":{"Uuid":"CB04741B-9072-4E2D-B769-3570FA020BBD","Version":"6E053E8A-FE0D-45A0-A863-C501EEDB4011","Name":"anssi-subscription"}}}
{"System":{"Provider":{"Name":"Microsoft-Windows-Sysmon","Guid":"{5770385f-c22a-43e0-bf4c-06f5698ffbd9}"},"EventID":22,"Version":5,"Level":4,"Task":22,"Opcode":0,"Keywords":"0x8000000000000000","TimeCreated":"2023-12-08T15:59:31.940660900Z","EventRecordID":10568,"Correlation":{},"Execution":{"ProcessID":3248,"ThreadID":3932},"Channel":"Microsoft-Windows-Sysmon/Operational","Computer":"winterfell.north.sevenkingdoms.local","UserID":"S-1-5-18"},"EventData":{"QueryName":"winterfell","Image":"C:\\Windows\\system32\\lsass.exe","RuleName":"-","User":"NT AUTHORITY\\SYSTEM","ProcessGuid":"{2b62dd35-54d9-6573-0c00-000000002300}","UtcTime":"2023-12-08 12:40:25.537","QueryStatus":"0","QueryResults":"10.202.0.184;192.168.56.11;10.0.2.15;","ProcessId":"652"},"OpenWEC":{"IpAddress":"10.202.0.184","TimeReceived":"2023-12-08T15:59:46.328359863+00:00","Principal":"WINTERFELL$@NORTH.SEVENKINGDOMS.LOCAL","Subscription":{"Uuid":"CB04741B-9072-4E2D-B769-3570FA020BBD","Version":"6E053E8A-FE0D-45A0-A863-C501EEDB4011","Name":"anssi-subscription"}}}
{"System":{"Provider":{"Name":"Microsoft-Windows-Sysmon","Guid":"{5770385f-c22a-43e0-bf4c-06f5698ffbd9}"},"EventID":22,"Version":5,"Level":4,"Task":22,"Opcode":0,"Keywords":"0x8000000000000000","TimeCreated":"2023-12-08T15:59:32.952821400Z","EventRecordID":10569,"Correlation":{},"Execution":{"ProcessID":3248,"ThreadID":3932},"Channel":"Microsoft-Windows-Sysmon/Operational","Computer":"winterfell.north.sevenkingdoms.local","UserID":"S-1-5-18"},"EventData":{"ProcessId":"5564","RuleName":"-","User":"NORTH\\robb.stark","Image":"C:\\Windows\\system32\\qwinsta.exe","ProcessGuid":"{2b62dd35-3d63-6573-5508-000000002300}","QueryStatus":"0","UtcTime":"2023-12-08 12:40:25.846","QueryName":"castelblack","QueryResults":"::ffff:192.168.56.22;"},"OpenWEC":{"IpAddress":"10.202.0.184","TimeReceived":"2023-12-08T15:59:46.328359863+00:00","Principal":"WINTERFELL$@NORTH.SEVENKINGDOMS.LOCAL","Subscription":{"Uuid":"CB04741B-9072-4E2D-B769-3570FA020BBD","Version":"6E053E8A-FE0D-45A0-A863-C501EEDB4011","Name":"anssi-subscription"}}}
{"System":{"Provider":{"Name":"Microsoft-Windows-Sysmon","Guid":"{5770385f-c22a-43e0-bf4c-06f5698ffbd9}"},"EventID":22,"Version":5,"Level":4,"Task":22,"Opcode":0,"Keywords":"0x8000000000000000","TimeCreated":"2023-12-08T15:59:32.953633200Z","EventRecordID":10570,"Correlation":{},"Execution":{"ProcessID":3248,"ThreadID":3932},"Channel":"Microsoft-Windows-Sysmon/Operational","Computer":"winterfell.north.sevenkingdoms.local","UserID":"S-1-5-18"},"EventData":{"QueryResults":"::ffff:192.168.56.22;","UtcTime":"2023-12-08 12:40:25.851","ProcessId":"896","QueryName":"castelblack","QueryStatus":"0","RuleName":"-","ProcessGuid":"{2b62dd35-54db-6573-1500-000000002300}","Image":"C:\\Windows\\System32\\svchost.exe","User":"NT AUTHORITY\\LOCAL SERVICE"},"OpenWEC":{"IpAddress":"10.202.0.184","TimeReceived":"2023-12-08T15:59:46.328359863+00:00","Principal":"WINTERFELL$@NORTH.SEVENKINGDOMS.LOCAL","Subscription":{"Uuid":"CB04741B-9072-4E2D-B769-3570FA020BBD","Version":"6E053E8A-FE0D-45A0-A863-C501EEDB4011","Name":"anssi-subscription"}}}
{"System":{"Provider":{"Name":"Microsoft-Windows-TaskScheduler","Guid":"{de7b24ea-73c8-4a09-985d-5bdadcfa9017}"},"EventID":140,"Version":0,"Level":4,"Task":140,"Opcode":0,"Keywords":"0x8000000000000000","TimeCreated":"2023-12-08T15:59:45.683516800Z","EventRecordID":49927,"Correlation":{},"Execution":{"ProcessID":1592,"ThreadID":5996},"Channel":"Microsoft-Windows-TaskScheduler/Operational","Computer":"winterfell.north.sevenkingdoms.local","UserID":"S-1-5-18"},"EventData":{"UserName":"NORTH\\WINTERFELL$","TaskName":"\\Microsoft\\Windows\\SoftwareProtectionPlatform\\SvcRestartTask"},"OpenWEC":{"IpAddress":"10.202.0.184","TimeReceived":"2023-12-08T16:00:16.653482981+00:00","Principal":"WINTERFELL$@NORTH.SEVENKINGDOMS.LOCAL","Subscription":{"Uuid":"CB04741B-9072-4E2D-B769-3570FA020BBD","Version":"6E053E8A-FE0D-45A0-A863-C501EEDB4011","Name":"anssi-subscription"}}}
{"System":{"Provider":{"Name":"Microsoft-Windows-Security-Auditing","Guid":"{54849625-5478-4994-a5ba-3e3b0328c30d}"},"EventID":4702,"Version":1,"Level":0,"Task":12804,"Opcode":0,"Keywords":"0x8020000000000000","TimeCreated":"2023-12-08T15:59:45.683774800Z","EventRecordID":158044,"Correlation":{"ActivityID":"{82a8a277-29fd-0000-eca2-a882fd29da01}"},"Execution":{"ProcessID":652,"ThreadID":900},"Channel":"Security","Computer":"winterfell.north.sevenkingdoms.local"},"EventData":{"SubjectUserSid":"S-1-5-20","TaskName":"\\Microsoft\\Windows\\SoftwareProtectionPlatform\\SvcRestartTask","ClientProcessStartKey":"9851624184875083","RpcCallClientLocality":"0","SubjectLogonId":"0x3e4","ClientProcessId":"4348","SubjectDomainName":"NORTH","TaskContentNew":"<?xml version=\"1.0\" encoding=\"UTF-16\"?>\n<Task version=\"1.6\" xmlns=\"http://schemas.microsoft.com/windows/2004/02/mit/task\">\n  <RegistrationInfo>\n    <Source>$(@%systemroot%\\system32\\sppc.dll,-200)</Source>\n    <Author>$(@%systemroot%\\system32\\sppc.dll,-200)</Author>\n    <Version>1.0</Version>\n    <Description>$(@%systemroot%\\system32\\sppc.dll,-201)</Description>\n    <URI>\\Microsoft\\Windows\\SoftwareProtectionPlatform\\SvcRestartTask</URI>\n    <SecurityDescriptor>D:P(A;;FA;;;SY)(A;;FA;;;BA)(A;;FA;;;S-1-5-80-123231216-2592883651-3715271367-3753151631-4175906628)(A;;FR;;;S-1-5-87-2912274048-3994893941-1669128114-1310430903-1263774323)</SecurityDescriptor>\n  </RegistrationInfo>\n  <Triggers>\n    <CalendarTrigger>\n      <StartBoundary>2024-04-20T16:06:45Z</StartBoundary>\n      <Enabled>true</Enabled>\n      <ScheduleByDay>\n        <DaysInterval>1</DaysInterval>\n      </ScheduleByDay>\n    </CalendarTrigger>\n  </Triggers>\n  <Principals>\n    <Principal id=\"NetworkService\">\n      <UserId>S-1-5-20</UserId>\n      <RunLevel>LeastPrivilege</RunLevel>\n    </Principal>\n  </Principals>\n  <Settings>\n    <MultipleInstancesPolicy>IgnoreNew</MultipleInstancesPolicy>\n    <DisallowStartIfOnBatteries>false</DisallowStartIfOnBatteries>\n    <StopIfGoingOnBatteries>false</StopIfGoingOnBatteries>\n    <AllowHardTerminate>false</AllowHardTerminate>\n    <StartWhenAvailable>true</StartWhenAvailable>\n    <RunOnlyIfNetworkAvailable>false</RunOnlyIfNetworkAvailable>\n    <IdleSettings>\n      <StopOnIdleEnd>true</StopOnIdleEnd>\n      <RestartOnIdle>false</RestartOnIdle>\n    </IdleSettings>\n    <AllowStartOnDemand>true</AllowStartOnDemand>\n    <Enabled>true</Enabled>\n    <Hidden>true</Hidden>\n    <RunOnlyIfIdle>false</RunOnlyIfIdle>\n    <DisallowStartOnRemoteAppSession>false</DisallowStartOnRemoteAppSession>\n    <UseUnifiedSchedulingEngine>true</UseUnifiedSchedulingEngine>\n    <WakeToRun>false</WakeToRun>\n    <ExecutionTimeLimit>PT0S</ExecutionTimeLimit>\n    <Priority>7</Priority>\n    <RestartOnFailure>\n      <Interval>PT1M</Interval>\n      <Count>3</Count>\n    </RestartOnFailure>\n  </Settings>\n  <Actions Context=\"NetworkService\">\n    <ComHandler>\n      <ClassId>{B1AEBB5D-EAD9-4476-B375-9C3ED9F32AFC}</ClassId>\n      <Data><![CDATA[timer]]></Data>\n    </ComHandler>\n  </Actions>\n</Task>","FQDN":"winterfell.north.sevenkingdoms.local","ParentProcessId":"632","SubjectUserName":"WINTERFELL$"},"OpenWEC":{"IpAddress":"10.202.0.184","TimeReceived":"2023-12-08T16:00:16.653482981+00:00","Principal":"WINTERFELL$@NORTH.SEVENKINGDOMS.LOCAL","Subscription":{"Uuid":"CB04741B-9072-4E2D-B769-3570FA020BBD","Version":"6E053E8A-FE0D-45A0-A863-C501EEDB4011","Name":"anssi-subscription"}}}
{"System":{"Provider":{"Name":"Microsoft-Windows-Security-Auditing","Guid":"{54849625-5478-4994-a5ba-3e3b0328c30d}"},"EventID":4688,"Version":2,"Level":0,"Task":13312,"Opcode":0,"Keywords":"0x8020000000000000","TimeCreated":"2023-12-08T15:59:52.320879800Z","EventRecordID":158045,"Correlation":{},"Execution":{"ProcessID":4,"ThreadID":180},"Channel":"Security","Computer":"winterfell.north.sevenkingdoms.local"},"EventData":{"SubjectDomainName":"NORTH","TokenElevationType":"%%1936","TargetDomainName":"-","SubjectUserName":"robb.stark","CommandLine":"","ProcessId":"0x29c","ParentProcessName":"C:\\Windows\\System32\\WindowsPowerShell\\v1.0\\powershell.exe","TargetUserName":"-","TargetUserSid":"S-1-0-0","TargetLogonId":"0x0","SubjectUserSid":"S-1-5-21-2431860994-719566178-239256710-1113","SubjectLogonId":"0xdf56ff","NewProcessId":"0xedc","NewProcessName":"C:\\Windows\\System32\\mstsc.exe","MandatoryLabel":"S-1-16-12288"},"OpenWEC":{"IpAddress":"10.202.0.184","TimeReceived":"2023-12-08T16:00:16.653482981+00:00","Principal":"WINTERFELL$@NORTH.SEVENKINGDOMS.LOCAL","Subscription":{"Uuid":"CB04741B-9072-4E2D-B769-3570FA020BBD","Version":"6E053E8A-FE0D-45A0-A863-C501EEDB4011","Name":"anssi-subscription"}}}
{"System":{"Provider":{"Name":"Microsoft-Windows-Sysmon","Guid":"{5770385f-c22a-43e0-bf4c-06f5698ffbd9}"},"EventID":1,"Version":5,"Level":4,"Task":1,"Opcode":0,"Keywords":"0x8000000000000000","TimeCreated":"2023-12-08T15:59:52.323736000Z","EventRecordID":10571,"Correlation":{},"Execution":{"ProcessID":3248,"ThreadID":3876},"Channel":"Microsoft-Windows-Sysmon/Operational","Computer":"winterfell.north.sevenkingdoms.local","UserID":"S-1-5-18"},"EventData":{"TerminalSessionId":"0","IntegrityLevel":"High","Hashes":"MD5=FECC0C4F37222679825054A1BE0AE8FD,SHA256=D7A69C4398AC1BE41F44477F58C9619D43A1C363D4833C32610AC848B269EDF0,IMPHASH=43D4C98DB4E05AF16115818C6E500A33","ParentProcessGuid":"{2b62dd35-3d62-6573-5308-000000002300}","ProcessId":"3804","ParentCommandLine":"powershell  c:\\setup\\bot_rdp.ps1","OriginalFileName":"mstsc.exe","Product":"Microsoft® Windows® Operating System","UtcTime":"2023-12-08 15:59:52.320","ProcessGuid":"{2b62dd35-3d78-6573-5608-000000002300}","Description":"Remote Desktop Connection","LogonId":"0xdf56ff","CurrentDirectory":"C:\\Windows\\system32\\","ParentProcessId":"668","Company":"Microsoft Corporation","ParentImage":"C:\\Windows\\System32\\WindowsPowerShell\\v1.0\\powershell.exe","ParentUser":"NORTH\\robb.stark","Image":"C:\\Windows\\System32\\mstsc.exe","LogonGuid":"{2b62dd35-3d62-6573-ff56-df0000000000}","CommandLine":"\"C:\\Windows\\system32\\mstsc.exe\" /v:castelblack","FileVersion":"10.0.17763.1697 (WinBuild.160101.0800)","User":"NORTH\\robb.stark","RuleName":"-"},"OpenWEC":{"IpAddress":"10.202.0.184","TimeReceived":"2023-12-08T16:00:16.653482981+00:00","Principal":"WINTERFELL$@NORTH.SEVENKINGDOMS.LOCAL","Subscription":{"Uuid":"CB04741B-9072-4E2D-B769-3570FA020BBD","Version":"6E053E8A-FE0D-45A0-A863-C501EEDB4011","Name":"anssi-subscription"}}}
{"System":{"Provider":{"Name":"Microsoft-Windows-Sysmon","Guid":"{5770385f-c22a-43e0-bf4c-06f5698ffbd9}"},"EventID":10,"Version":3,"Level":4,"Task":10,"Opcode":0,"Keywords":"0x8000000000000000","TimeCreated":"2023-12-08T15:59:52.323899700Z","EventRecordID":10572,"Correlation":{},"Execution":{"ProcessID":3248,"ThreadID":3876},"Channel":"Microsoft-Windows-Sysmon/Operational","Computer":"winterfell.north.sevenkingdoms.local","UserID":"S-1-5-18"},"EventData":{"SourceProcessGUID":"{2b62dd35-3d62-6573-5308-000000002300}","SourceThreadId":"4460","TargetImage":"C:\\Windows\\system32\\mstsc.exe","UtcTime":"2023-12-08 15:59:52.311","TargetProcessId":"3804","RuleName":"-","CallTrace":"C:\\Windows\\SYSTEM32\\ntdll.dll+a1244|C:\\Windows\\System32\\KERNELBASE.dll+485d2|C:\\Windows\\System32\\KERNELBASE.dll+45fc6|C:\\Windows\\System32\\KERNEL32.DLL+1c2e3|C:\\Windows\\assembly\\NativeImages_v4.0.30319_64\\System\\cb755e97e255f61e327a8001d4e05859\\System.ni.dll+3332f6|C:\\Windows\\assembly\\NativeImages_v4.0.30319_64\\System\\cb755e97e255f61e327a8001d4e05859\\System.ni.dll+2b5560|C:\\Windows\\assembly\\NativeImages_v4.0.30319_64\\System\\cb755e97e255f61e327a8001d4e05859\\System.ni.dll+2b4f07|C:\\Windows\\assembly\\NativeImages_v4.0.30319_64\\System.Manaa57fc8cc#\\da4031e77cd7d8b426cd99e749e0c982\\System.Management.Automation.ni.dll+f7fc6b|C:\\Windows\\assembly\\NativeImages_v4.0.30319_64\\System.Manaa57fc8cc#\\da4031e77cd7d8b426cd99e749e0c982\\System.Management.Automation.ni.dll+ed9fad|C:\\Windows\\assembly\\NativeImages_v4.0.30319_64\\System.Manaa57fc8cc#\\da4031e77cd7d8b426cd99e749e0c982\\System.Management.Automation.ni.dll+f5cb1e|C:\\Windows\\assembly\\NativeImages_v4.0.30319_64\\System.Manaa57fc8cc#\\da4031e77cd7d8b426cd99e749e0c982\\System.Management.Automation.ni.dll+f5c7fb|C:\\Windows\\assembly\\NativeImages_v4.0.30319_64\\System.Manaa57fc8cc#\\da4031e77cd7d8b426cd99e749e0c982\\System.Management.Automation.ni.dll+104fcb4|UNKNOWN(00007FF7D51B13C1)","SourceUser":"NORTH\\robb.stark","TargetUser":"NORTH\\robb.stark","GrantedAccess":"0x1fffff","SourceImage":"C:\\Windows\\System32\\WindowsPowerShell\\v1.0\\powershell.exe","SourceProcessId":"668","TargetProcessGUID":"{2b62dd35-3d78-6573-5608-000000002300}"},"OpenWEC":{"IpAddress":"10.202.0.184","TimeReceived":"2023-12-08T16:00:16.653482981+00:00","Principal":"WINTERFELL$@NORTH.SEVENKINGDOMS.LOCAL","Subscription":{"Uuid":"CB04741B-9072-4E2D-B769-3570FA020BBD","Version":"6E053E8A-FE0D-45A0-A863-C501EEDB4011","Name":"anssi-subscription"}}}
{"System":{"Provider":{"Name":"Microsoft-Windows-TerminalServices-ClientActiveXCore","Guid":"{28aa95bb-d444-4719-a36f-40462168127e}"},"EventID":1024,"Version":0,"Level":4,"Task":101,"Opcode":10,"Keywords":"0x4000000000000000","TimeCreated":"2023-12-08T15:59:52.830922200Z","EventRecordID":15232,"Correlation":{"ActivityID":"{85190615-64c9-4b18-a078-739ef1b50000}"},"Execution":{"ProcessID":3804,"ThreadID":1088},"Channel":"Microsoft-Windows-TerminalServices-RDPClient/Operational","Computer":"winterfell.north.sevenkingdoms.local","UserID":"S-1-5-21-2431860994-719566178-239256710-1113"},"EventData":{"Name":"Server Name","CustomLevel":"Info","Value":"castelblack"},"OpenWEC":{"IpAddress":"10.202.0.184","TimeReceived":"2023-12-08T16:00:16.653482981+00:00","Principal":"WINTERFELL$@NORTH.SEVENKINGDOMS.LOCAL","Subscription":{"Uuid":"CB04741B-9072-4E2D-B769-3570FA020BBD","Version":"6E053E8A-FE0D-45A0-A863-C501EEDB4011","Name":"anssi-subscription"}}}
{"System":{"Provider":{"Name":"Microsoft-Windows-Security-Auditing","Guid":"{54849625-5478-4994-a5ba-3e3b0328c30d}"},"EventID":4624,"Version":2,"Level":0,"Task":12544,"Opcode":0,"Keywords":"0x8020000000000000","TimeCreated":"2023-12-08T15:59:53.377815600Z","EventRecordID":158051,"Correlation":{},"Execution":{"ProcessID":652,"ThreadID":2828},"Channel":"Security","Computer":"winterfell.north.sevenkingdoms.local"},"EventData":{"ElevatedToken":"%%1842","SubjectDomainName":"-","RestrictedAdminMode":"-","KeyLength":"0","SubjectUserSid":"S-1-0-0","SubjectLogonId":"0x0","LogonProcessName":"Kerberos","ImpersonationLevel":"%%1833","SubjectUserName":"-","LogonGuid":"{3f4b9425-1866-4469-9e0a-1c617a2b9ee7}","TransmittedServices":"-","TargetUserSid":"S-1-5-18","AuthenticationPackageName":"Kerberos","LmPackageName":"-","ProcessId":"0x0","TargetOutboundUserName":"-","TargetOutboundDomainName":"-","TargetLinkedLogonId":"0x0","TargetLogonId":"0xdfdf79","VirtualAccount":"%%1843","WorkstationName":"-","TargetDomainName":"NORTH.SEVENKINGDOMS.LOCAL","TargetUserName":"WINTERFELL$","LogonType":"3","ProcessName":"-","IpAddress":"fe80::49d5:632e:746a:12ce","IpPort":"64830"},"OpenWEC":{"IpAddress":"10.202.0.184","TimeReceived":"2023-12-08T16:00:16.653482981+00:00","Principal":"WINTERFELL$@NORTH.SEVENKINGDOMS.LOCAL","Subscription":{"Uuid":"CB04741B-9072-4E2D-B769-3570FA020BBD","Version":"6E053E8A-FE0D-45A0-A863-C501EEDB4011","Name":"anssi-subscription"}}}
{"System":{"Provider":{"Name":"Microsoft-Windows-Security-Auditing","Guid":"{54849625-5478-4994-a5ba-3e3b0328c30d}"},"EventID":4624,"Version":2,"Level":0,"Task":12544,"Opcode":0,"Keywords":"0x8020000000000000","TimeCreated":"2023-12-08T15:59:53.383971400Z","EventRecordID":158054,"Correlation":{},"Execution":{"ProcessID":652,"ThreadID":2828},"Channel":"Security","Computer":"winterfell.north.sevenkingdoms.local"},"EventData":{"TargetOutboundDomainName":"-","TargetUserName":"WINTERFELL$","TargetDomainName":"NORTH.SEVENKINGDOMS.LOCAL","SubjectUserName":"-","LogonProcessName":"Kerberos","TargetLogonId":"0xdfdfe8","ProcessId":"0x0","ProcessName":"-","WorkstationName":"-","LmPackageName":"-","IpPort":"64831","TargetOutboundUserName":"-","VirtualAccount":"%%1843","ElevatedToken":"%%1842","LogonGuid":"{3f4b9425-1866-4469-9e0a-1c617a2b9ee7}","TargetUserSid":"S-1-5-18","LogonType":"3","SubjectLogonId":"0x0","TransmittedServices":"-","SubjectDomainName":"-","ImpersonationLevel":"%%1833","AuthenticationPackageName":"Kerberos","KeyLength":"0","SubjectUserSid":"S-1-0-0","IpAddress":"fe80::49d5:632e:746a:12ce","RestrictedAdminMode":"-","TargetLinkedLogonId":"0x0"},"OpenWEC":{"IpAddress":"10.202.0.184","TimeReceived":"2023-12-08T16:00:16.653482981+00:00","Principal":"WINTERFELL$@NORTH.SEVENKINGDOMS.LOCAL","Subscription":{"Uuid":"CB04741B-9072-4E2D-B769-3570FA020BBD","Version":"6E053E8A-FE0D-45A0-A863-C501EEDB4011","Name":"anssi-subscription"}}}
{"System":{"Provider":{"Name":"Microsoft-Windows-Sysmon","Guid":"{5770385f-c22a-43e0-bf4c-06f5698ffbd9}"},"EventID":22,"Version":5,"Level":4,"Task":22,"Opcode":0,"Keywords":"0x8000000000000000","TimeCreated":"2023-12-08T15:59:53.985238700Z","EventRecordID":10573,"Correlation":{},"Execution":{"ProcessID":3248,"ThreadID":3932},"Channel":"Microsoft-Windows-Sysmon/Operational","Computer":"winterfell.north.sevenkingdoms.local","UserID":"S-1-5-18"},"EventData":{"UtcTime":"2023-12-08 12:40:47.452","QueryName":"castelblack","ProcessId":"3804","ProcessGuid":"{2b62dd35-3d78-6573-5608-000000002300}","User":"NORTH\\robb.stark","RuleName":"-","Image":"C:\\Windows\\system32\\mstsc.exe","QueryResults":"::ffff:192.168.56.22;","QueryStatus":"0"},"OpenWEC":{"IpAddress":"10.202.0.184","TimeReceived":"2023-12-08T16:00:16.653482981+00:00","Principal":"WINTERFELL$@NORTH.SEVENKINGDOMS.LOCAL","Subscription":{"Uuid":"CB04741B-9072-4E2D-B769-3570FA020BBD","Version":"6E053E8A-FE0D-45A0-A863-C501EEDB4011","Name":"anssi-subscription"}}}
{"System":{"Provider":{"Name":"Microsoft-Windows-Sysmon","Guid":"{5770385f-c22a-43e0-bf4c-06f5698ffbd9}"},"EventID":22,"Version":5,"Level":4,"Task":22,"Opcode":0,"Keywords":"0x8000000000000000","TimeCreated":"2023-12-08T15:59:53.987006300Z","EventRecordID":10574,"Correlation":{},"Execution":{"ProcessID":3248,"ThreadID":3932},"Channel":"Microsoft-Windows-Sysmon/Operational","Computer":"winterfell.north.sevenkingdoms.local","UserID":"S-1-5-18"},"EventData":{"RuleName":"-","Image":"C:\\Windows\\system32\\lsass.exe","QueryResults":"10.202.0.184;192.168.56.11;10.0.2.15;","UtcTime":"2023-12-08 12:40:47.973","User":"NT AUTHORITY\\SYSTEM","QueryName":"winterfell","ProcessId":"652","QueryStatus":"0","ProcessGuid":"{2b62dd35-54d9-6573-0c00-000000002300}"},"OpenWEC":{"IpAddress":"10.202.0.184","TimeReceived":"2023-12-08T16:00:16.653482981+00:00","Principal":"WINTERFELL$@NORTH.SEVENKINGDOMS.LOCAL","Subscription":{"Uuid":"CB04741B-9072-4E2D-B769-3570FA020BBD","Version":"6E053E8A-FE0D-45A0-A863-C501EEDB4011","Name":"anssi-subscription"}}}
{"System":{"Provider":{"Name":"Microsoft-Windows-Sysmon","Guid":"{5770385f-c22a-43e0-bf4c-06f5698ffbd9}"},"EventID":10,"Version":3,"Level":4,"Task":10,"Opcode":0,"Keywords":"0x8000000000000000","TimeCreated":"2023-12-08T15:59:53.987823000Z","EventRecordID":10575,"Correlation":{},"Execution":{"ProcessID":3248,"ThreadID":3876},"Channel":"Microsoft-Windows-Sysmon/Operational","Computer":"winterfell.north.sevenkingdoms.local","UserID":"S-1-5-18"},"EventData":{"SourceUser":"NT AUTHORITY\\SYSTEM","SourceImage":"C:\\Windows\\sysmon64.exe","RuleName":"-","SourceProcessGUID":"{2b62dd35-e477-6572-4e00-000000002300}","TargetProcessId":"652","TargetImage":"C:\\Windows\\system32\\lsass.exe","UtcTime":"2023-12-08 15:59:53.983","SourceProcessId":"3248","GrantedAccess":"0x1fffff","CallTrace":"C:\\Windows\\SYSTEM32\\ntdll.dll+9feb4|C:\\Windows\\SYSTEM32\\ntdll.dll+7d367|C:\\Windows\\System32\\KERNEL32.DLL+1c5b4|C:\\Windows\\System32\\KERNEL32.DLL+237f8|C:\\Windows\\sysmon64.exe+ec5cd|C:\\Windows\\sysmon64.exe+edeb7|C:\\Windows\\sysmon64.exe+12e889|C:\\Windows\\sysmon64.exe+ee90e|C:\\Windows\\sysmon64.exe+eecd3|C:\\Windows\\sysmon64.exe+10bd88|C:\\Windows\\sysmon64.exe+e22d1|C:\\Windows\\sysmon64.exe+e2427|C:\\Windows\\System32\\sechost.dll+dc61|C:\\Windows\\System32\\sechost.dll+d9a9|C:\\Windows\\System32\\sechost.dll+13d4e|C:\\Windows\\sysmon64.exe+e25ba|C:\\Windows\\sysmon64.exe+1a9ad2|C:\\Windows\\System32\\KERNEL32.DLL+17974|C:\\Windows\\SYSTEM32\\ntdll.dll+5a2f1","TargetUser":"NT AUTHORITY\\SYSTEM","TargetProcessGUID":"{2b62dd35-54d9-6573-0c00-000000002300}","SourceThreadId":"3932"},"OpenWEC":{"IpAddress":"10.202.0.184","TimeReceived":"2023-12-08T16:00:16.653482981+00:00","Principal":"WINTERFELL$@NORTH.SEVENKINGDOMS.LOCAL","Subscription":{"Uuid":"CB04741B-9072-4E2D-B769-3570FA020BBD","Version":"6E053E8A-FE0D-45A0-A863-C501EEDB4011","Name":"anssi-subscription"}}}
{"System":{"Provider":{"Name":"Microsoft-Windows-Sysmon","Guid":"{5770385f-c22a-43e0-bf4c-06f5698ffbd9}"},"EventID":10,"Version":3,"Level":4,"Task":10,"Opcode":0,"Keywords":"0x8000000000000000","TimeCreated":"2023-12-08T15:59:54.520188000Z","EventRecordID":10576,"Correlation":{},"Execution":{"ProcessID":3248,"ThreadID":3876},"Channel":"Microsoft-Windows-Sysmon/Operational","Computer":"winterfell.north.sevenkingdoms.local","UserID":"S-1-5-18"},"EventData":{"UtcTime":"2023-12-08 15:59:54.514","SourceProcessGUID":"{2b62dd35-e477-6572-4e00-000000002300}","TargetImage":"C:\\Windows\\system32\\lsass.exe","SourceThreadId":"3884","TargetProcessId":"652","TargetUser":"NT AUTHORITY\\SYSTEM","SourceImage":"C:\\Windows\\sysmon64.exe","TargetProcessGUID":"{2b62dd35-54d9-6573-0c00-000000002300}","GrantedAccess":"0x1fffff","SourceUser":"NT AUTHORITY\\SYSTEM","RuleName":"-","SourceProcessId":"3248","CallTrace":"C:\\Windows\\SYSTEM32\\ntdll.dll+9feb4|C:\\Windows\\SYSTEM32\\ntdll.dll+7d367|C:\\Windows\\System32\\KERNEL32.DLL+1c5b4|C:\\Windows\\System32\\KERNEL32.DLL+237f8|C:\\Windows\\sysmon64.exe+ec5cd|C:\\Windows\\sysmon64.exe+edeb7|C:\\Windows\\sysmon64.exe+12e889|C:\\Windows\\sysmon64.exe+ee90e|C:\\Windows\\sysmon64.exe+eecd3|C:\\Windows\\sysmon64.exe+f3eea|C:\\Windows\\sysmon64.exe+fbc2c|C:\\Windows\\sysmon64.exe+10dc04|C:\\Windows\\sysmon64.exe+10dcc5|C:\\Windows\\sysmon64.exe+1a9ad2|C:\\Windows\\System32\\KERNEL32.DLL+17974|C:\\Windows\\SYSTEM32\\ntdll.dll+5a2f1"},"OpenWEC":{"IpAddress":"10.202.0.184","TimeReceived":"2023-12-08T16:00:16.653482981+00:00","Principal":"WINTERFELL$@NORTH.SEVENKINGDOMS.LOCAL","Subscription":{"Uuid":"CB04741B-9072-4E2D-B769-3570FA020BBD","Version":"6E053E8A-FE0D-45A0-A863-C501EEDB4011","Name":"anssi-subscription"}}}
{"System":{"Provider":{"Name":"Microsoft-Windows-Sysmon","Guid":"{5770385f-c22a-43e0-bf4c-06f5698ffbd9}"},"EventID":10,"Version":3,"Level":4,"Task":10,"Opcode":0,"Keywords":"0x8000000000000000","TimeCreated":"2023-12-08T15:59:54.536019600Z","EventRecordID":10577,"Correlation":{},"Execution":{"ProcessID":3248,"ThreadID":3876},"Channel":"Microsoft-Windows-Sysmon/Operational","Computer":"winterfell.north.sevenkingdoms.local","UserID":"S-1-5-18"},"EventData":{"SourceProcessGUID":"{2b62dd35-e477-6572-4e00-000000002300}","GrantedAccess":"0x1fffff","SourceUser":"NT AUTHORITY\\SYSTEM","SourceProcessId":"3248","SourceImage":"C:\\Windows\\sysmon64.exe","TargetProcessId":"652","TargetUser":"NT AUTHORITY\\SYSTEM","SourceThreadId":"3884","TargetProcessGUID":"{2b62dd35-54d9-6573-0c00-000000002300}","TargetImage":"C:\\Windows\\system32\\lsass.exe","RuleName":"-","UtcTime":"2023-12-08 15:59:54.514","CallTrace":"C:\\Windows\\SYSTEM32\\ntdll.dll+9feb4|C:\\Windows\\SYSTEM32\\ntdll.dll+7d367|C:\\Windows\\System32\\KERNEL32.DLL+1c5b4|C:\\Windows\\System32\\KERNEL32.DLL+237f8|C:\\Windows\\sysmon64.exe+ec5cd|C:\\Windows\\sysmon64.exe+edeb7|C:\\Windows\\sysmon64.exe+12e889|C:\\Windows\\sysmon64.exe+ee90e|C:\\Windows\\sysmon64.exe+eecd3|C:\\Windows\\sysmon64.exe+f3eea|C:\\Windows\\sysmon64.exe+fbc2c|C:\\Windows\\sysmon64.exe+10dc04|C:\\Windows\\sysmon64.exe+10dcc5|C:\\Windows\\sysmon64.exe+1a9ad2|C:\\Windows\\System32\\KERNEL32.DLL+17974|C:\\Windows\\SYSTEM32\\ntdll.dll+5a2f1"},"OpenWEC":{"IpAddress":"10.202.0.184","TimeReceived":"2023-12-08T16:00:16.653482981+00:00","Principal":"WINTERFELL$@NORTH.SEVENKINGDOMS.LOCAL","Subscription":{"Uuid":"CB04741B-9072-4E2D-B769-3570FA020BBD","Version":"6E053E8A-FE0D-45A0-A863-C501EEDB4011","Name":"anssi-subscription"}}}
{"System":{"Provider":{"Name":"Microsoft-Windows-Sysmon","Guid":"{5770385f-c22a-43e0-bf4c-06f5698ffbd9}"},"EventID":10,"Version":3,"Level":4,"Task":10,"Opcode":0,"Keywords":"0x8000000000000000","TimeCreated":"2023-12-08T15:59:55.032176700Z","EventRecordID":10578,"Correlation":{},"Execution":{"ProcessID":3248,"ThreadID":3876},"Channel":"Microsoft-Windows-Sysmon/Operational","Computer":"winterfell.north.sevenkingdoms.local","UserID":"S-1-5-18"},"EventData":{"SourceImage":"C:\\Windows\\sysmon64.exe","CallTrace":"C:\\Windows\\SYSTEM32\\ntdll.dll+9feb4|C:\\Windows\\SYSTEM32\\ntdll.dll+7d367|C:\\Windows\\System32\\KERNEL32.DLL+1c5b4|C:\\Windows\\System32\\KERNEL32.DLL+237f8|C:\\Windows\\sysmon64.exe+ec5cd|C:\\Windows\\sysmon64.exe+edeb7|C:\\Windows\\sysmon64.exe+12e889|C:\\Windows\\sysmon64.exe+ee90e|C:\\Windows\\sysmon64.exe+eecd3|C:\\Windows\\sysmon64.exe+10bd88|C:\\Windows\\sysmon64.exe+e22d1|C:\\Windows\\sysmon64.exe+e2427|C:\\Windows\\System32\\sechost.dll+dc61|C:\\Windows\\System32\\sechost.dll+d9a9|C:\\Windows\\System32\\sechost.dll+13d4e|C:\\Windows\\sysmon64.exe+e25ba|C:\\Windows\\sysmon64.exe+1a9ad2|C:\\Windows\\System32\\KERNEL32.DLL+17974|C:\\Windows\\SYSTEM32\\ntdll.dll+5a2f1","TargetProcessId":"652","TargetProcessGUID":"{2b62dd35-54d9-6573-0c00-000000002300}","SourceUser":"NT AUTHORITY\\SYSTEM","UtcTime":"2023-12-08 15:59:55.030","RuleName":"-","SourceProcessGUID":"{2b62dd35-e477-6572-4e00-000000002300}","TargetUser":"NT AUTHORITY\\SYSTEM","GrantedAccess":"0x1fffff","SourceThreadId":"3932","TargetImage":"C:\\Windows\\system32\\lsass.exe","SourceProcessId":"3248"},"OpenWEC":{"IpAddress":"10.202.0.184","TimeReceived":"2023-12-08T16:00:16.653482981+00:00","Principal":"WINTERFELL$@NORTH.SEVENKINGDOMS.LOCAL","Subscription":{"Uuid":"CB04741B-9072-4E2D-B769-3570FA020BBD","Version":"6E053E8A-FE0D-45A0-A863-C501EEDB4011","Name":"anssi-subscription"}}}
{"System":{"Provider":{"Name":"Microsoft-Windows-Sysmon","Guid":"{5770385f-c22a-43e0-bf4c-06f5698ffbd9}"},"EventID":22,"Version":5,"Level":4,"Task":22,"Opcode":0,"Keywords":"0x8000000000000000","TimeCreated":"2023-12-08T15:59:55.032996500Z","EventRecordID":10579,"Correlation":{},"Execution":{"ProcessID":3248,"ThreadID":3932},"Channel":"Microsoft-Windows-Sysmon/Operational","Computer":"winterfell.north.sevenkingdoms.local","UserID":"S-1-5-18"},"EventData":{"UtcTime":"2023-12-08 12:40:47.992","User":"NT AUTHORITY\\SYSTEM","QueryResults":"10.202.0.184;192.168.56.11;10.0.2.15;","ProcessGuid":"{2b62dd35-54d9-6573-0c00-000000002300}","QueryStatus":"0","ProcessId":"652","QueryName":"winterfell","Image":"C:\\Windows\\system32\\lsass.exe","RuleName":"-"},"OpenWEC":{"IpAddress":"10.202.0.184","TimeReceived":"2023-12-08T16:00:16.653482981+00:00","Principal":"WINTERFELL$@NORTH.SEVENKINGDOMS.LOCAL","Subscription":{"Uuid":"CB04741B-9072-4E2D-B769-3570FA020BBD","Version":"6E053E8A-FE0D-45A0-A863-C501EEDB4011","Name":"anssi-subscription"}}}
{"System":{"Provider":{"Name":"Microsoft-Windows-Sysmon","Guid":"{5770385f-c22a-43e0-bf4c-06f5698ffbd9}"},"EventID":22,"Version":5,"Level":4,"Task":22,"Opcode":0,"Keywords":"0x8000000000000000","TimeCreated":"2023-12-08T15:59:55.034796800Z","EventRecordID":10580,"Correlation":{},"Execution":{"ProcessID":3248,"ThreadID":3932},"Channel":"Microsoft-Windows-Sysmon/Operational","Computer":"winterfell.north.sevenkingdoms.local","UserID":"S-1-5-18"},"EventData":{"Image":"C:\\Windows\\system32\\lsass.exe","QueryResults":"10.202.0.184;192.168.56.11;10.0.2.15;","ProcessGuid":"{2b62dd35-54d9-6573-0c00-000000002300}","QueryStatus":"0","UtcTime":"2023-12-08 12:40:47.998","ProcessId":"652","User":"NT AUTHORITY\\SYSTEM","RuleName":"-","QueryName":"winterfell"},"OpenWEC":{"IpAddress":"10.202.0.184","TimeReceived":"2023-12-08T16:00:16.653482981+00:00","Principal":"WINTERFELL$@NORTH.SEVENKINGDOMS.LOCAL","Subscription":{"Uuid":"CB04741B-9072-4E2D-B769-3570FA020BBD","Version":"6E053E8A-FE0D-45A0-A863-C501EEDB4011","Name":"anssi-subscription"}}}
{"System":{"Provider":{"Name":"Microsoft-Windows-Sysmon","Guid":"{5770385f-c22a-43e0-bf4c-06f5698ffbd9}"},"EventID":10,"Version":3,"Level":4,"Task":10,"Opcode":0,"Keywords":"0x8000000000000000","TimeCreated":"2023-12-08T15:59:55.038147800Z","EventRecordID":10581,"Correlation":{},"Execution":{"ProcessID":3248,"ThreadID":3876},"Channel":"Microsoft-Windows-Sysmon/Operational","Computer":"winterfell.north.sevenkingdoms.local","UserID":"S-1-5-18"},"EventData":{"SourceThreadId":"3932","GrantedAccess":"0x1fffff","TargetUser":"NT AUTHORITY\\SYSTEM","TargetProcessGUID":"{2b62dd35-54d9-6573-0c00-000000002300}","UtcTime":"2023-12-08 15:59:55.030","SourceImage":"C:\\Windows\\sysmon64.exe","SourceProcessId":"3248","RuleName":"-","SourceProcessGUID":"{2b62dd35-e477-6572-4e00-000000002300}","TargetProcessId":"652","TargetImage":"C:\\Windows\\system32\\lsass.exe","CallTrace":"C:\\Windows\\SYSTEM32\\ntdll.dll+9feb4|C:\\Windows\\SYSTEM32\\ntdll.dll+7d367|C:\\Windows\\System32\\KERNEL32.DLL+1c5b4|C:\\Windows\\System32\\KERNEL32.DLL+237f8|C:\\Windows\\sysmon64.exe+ec5cd|C:\\Windows\\sysmon64.exe+edeb7|C:\\Windows\\sysmon64.exe+12e889|C:\\Windows\\sysmon64.exe+ee90e|C:\\Windows\\sysmon64.exe+eecd3|C:\\Windows\\sysmon64.exe+10bd88|C:\\Windows\\sysmon64.exe+e22d1|C:\\Windows\\sysmon64.exe+e2427|C:\\Windows\\System32\\sechost.dll+dc61|C:\\Windows\\System32\\sechost.dll+d9a9|C:\\Windows\\System32\\sechost.dll+13d4e|C:\\Windows\\sysmon64.exe+e25ba|C:\\Windows\\sysmon64.exe+1a9ad2|C:\\Windows\\System32\\KERNEL32.DLL+17974|C:\\Windows\\SYSTEM32\\ntdll.dll+5a2f1","SourceUser":"NT AUTHORITY\\SYSTEM"},"OpenWEC":{"IpAddress":"10.202.0.184","TimeReceived":"2023-12-08T16:00:16.653482981+00:00","Principal":"WINTERFELL$@NORTH.SEVENKINGDOMS.LOCAL","Subscription":{"Uuid":"CB04741B-9072-4E2D-B769-3570FA020BBD","Version":"6E053E8A-FE0D-45A0-A863-C501EEDB4011","Name":"anssi-subscription"}}}
{"System":{"Provider":{"Name":"Microsoft-Windows-Sysmon","Guid":"{5770385f-c22a-43e0-bf4c-06f5698ffbd9}"},"EventID":22,"Version":5,"Level":4,"Task":22,"Opcode":0,"Keywords":"0x8000000000000000","TimeCreated":"2023-12-08T15:59:56.060841000Z","EventRecordID":10582,"Correlation":{},"Execution":{"ProcessID":3248,"ThreadID":3932},"Channel":"Microsoft-Windows-Sysmon/Operational","Computer":"winterfell.north.sevenkingdoms.local","UserID":"S-1-5-18"},"EventData":{"QueryStatus":"0","QueryName":"winterfell","QueryResults":"10.202.0.184;192.168.56.11;10.0.2.15;","Image":"C:\\Windows\\system32\\lsass.exe","ProcessGuid":"{2b62dd35-54d9-6573-0c00-000000002300}","UtcTime":"2023-12-08 12:40:48.988","ProcessId":"652","RuleName":"-","User":"NT AUTHORITY\\SYSTEM"},"OpenWEC":{"IpAddress":"10.202.0.184","TimeReceived":"2023-12-08T16:00:16.653482981+00:00","Principal":"WINTERFELL$@NORTH.SEVENKINGDOMS.LOCAL","Subscription":{"Uuid":"CB04741B-9072-4E2D-B769-3570FA020BBD","Version":"6E053E8A-FE0D-45A0-A863-C501EEDB4011","Name":"anssi-subscription"}}}
{"System":{"Provider":{"Name":"Microsoft-Windows-Sysmon","Guid":"{5770385f-c22a-43e0-bf4c-06f5698ffbd9}"},"EventID":10,"Version":3,"Level":4,"Task":10,"Opcode":0,"Keywords":"0x8000000000000000","TimeCreated":"2023-12-08T15:59:56.063000400Z","EventRecordID":10583,"Correlation":{},"Execution":{"ProcessID":3248,"ThreadID":3876},"Channel":"Microsoft-Windows-Sysmon/Operational","Computer":"winterfell.north.sevenkingdoms.local","UserID":"S-1-5-18"},"EventData":{"SourceUser":"NT AUTHORITY\\SYSTEM","SourceProcessGUID":"{2b62dd35-e477-6572-4e00-000000002300}","RuleName":"-","SourceThreadId":"3932","TargetProcessGUID":"{2b62dd35-54d9-6573-0c00-000000002300}","SourceProcessId":"3248","UtcTime":"2023-12-08 15:59:56.058","TargetProcessId":"652","GrantedAccess":"0x1fffff","SourceImage":"C:\\Windows\\sysmon64.exe","CallTrace":"C:\\Windows\\SYSTEM32\\ntdll.dll+9feb4|C:\\Windows\\SYSTEM32\\ntdll.dll+7d367|C:\\Windows\\System32\\KERNEL32.DLL+1c5b4|C:\\Windows\\System32\\KERNEL32.DLL+237f8|C:\\Windows\\sysmon64.exe+ec5cd|C:\\Windows\\sysmon64.exe+edeb7|C:\\Windows\\sysmon64.exe+12e889|C:\\Windows\\sysmon64.exe+ee90e|C:\\Windows\\sysmon64.exe+eecd3|C:\\Windows\\sysmon64.exe+10bd88|C:\\Windows\\sysmon64.exe+e22d1|C:\\Windows\\sysmon64.exe+e2427|C:\\Windows\\System32\\sechost.dll+dc61|C:\\Windows\\System32\\sechost.dll+d9a9|C:\\Windows\\System32\\sechost.dll+13d4e|C:\\Windows\\sysmon64.exe+e25ba|C:\\Windows\\sysmon64.exe+1a9ad2|C:\\Windows\\System32\\KERNEL32.DLL+17974|C:\\Windows\\SYSTEM32\\ntdll.dll+5a2f1","TargetImage":"C:\\Windows\\system32\\lsass.exe","TargetUser":"NT AUTHORITY\\SYSTEM"},"OpenWEC":{"IpAddress":"10.202.0.184","TimeReceived":"2023-12-08T16:00:16.653482981+00:00","Principal":"WINTERFELL$@NORTH.SEVENKINGDOMS.LOCAL","Subscription":{"Uuid":"CB04741B-9072-4E2D-B769-3570FA020BBD","Version":"6E053E8A-FE0D-45A0-A863-C501EEDB4011","Name":"anssi-subscription"}}}
{"System":{"Provider":{"Name":"Microsoft-Windows-Security-Auditing","Guid":"{54849625-5478-4994-a5ba-3e3b0328c30d}"},"EventID":4624,"Version":2,"Level":0,"Task":12544,"Opcode":0,"Keywords":"0x8020000000000000","TimeCreated":"2023-12-08T16:00:27.143565800Z","EventRecordID":158057,"Correlation":{},"Execution":{"ProcessID":652,"ThreadID":2812},"Channel":"Security","Computer":"winterfell.north.sevenkingdoms.local"},"EventData":{"LogonProcessName":"Kerberos","SubjectUserSid":"S-1-0-0","TargetLogonId":"0xe03741","TargetDomainName":"NORTH.SEVENKINGDOMS.LOCAL","AuthenticationPackageName":"Kerberos","WorkstationName":"-","TransmittedServices":"-","SubjectLogonId":"0x0","ImpersonationLevel":"%%1833","RestrictedAdminMode":"-","TargetOutboundUserName":"-","TargetUserName":"WINTERFELL$","KeyLength":"0","TargetOutboundDomainName":"-","TargetLinkedLogonId":"0x0","SubjectDomainName":"-","TargetUserSid":"S-1-5-18","LogonGuid":"{3f4b9425-1866-4469-9e0a-1c617a2b9ee7}","ProcessId":"0x0","IpPort":"64833","VirtualAccount":"%%1843","ElevatedToken":"%%1842","LogonType":"3","LmPackageName":"-","SubjectUserName":"-","ProcessName":"-","IpAddress":"::1"},"OpenWEC":{"IpAddress":"10.202.0.184","TimeReceived":"2023-12-08T16:00:58.201484788+00:00","Principal":"WINTERFELL$@NORTH.SEVENKINGDOMS.LOCAL","Subscription":{"Uuid":"CB04741B-9072-4E2D-B769-3570FA020BBD","Version":"6E053E8A-FE0D-45A0-A863-C501EEDB4011","Name":"anssi-subscription"}}}
