{"System":{"Provider":{"Name":"Microsoft-Windows-Sysmon","Guid":"{5770385f-c22a-43e0-bf4c-06f5698ffbd9}"},"EventID":10,"Version":3,"Level":4,"Task":10,"Opcode":0,"Keywords":"0x8000000000000000","TimeCreated":"2023-12-08T15:59:24.271990700Z","EventRecordID":10547,"Correlation":{},"Execution":{"ProcessID":3248,"ThreadID":3876},"Channel":"Microsoft-Windows-Sysmon/Operational","Computer":"winterfell.north.sevenkingdoms.local","UserID":"S-1-5-18"},"EventData":{"SourceImage":"C:\\Windows\\system32\\svchost.exe","TargetProcessGUID":"{2b62dd35-54d9-6573-0c00-000000002300}","SourceThreadId":"1200","TargetImage":"C:\\Windows\\system32\\lsass.exe","GrantedAccess":"0x1000","SourceProcessGUID":"{2b62dd35-54db-6573-1000-000000002300}","TargetProcessId":"652","SourceProcessId":"948","UtcTime":"2023-12-08 15:59:24.263","RuleName":"-","CallTrace":"C:\\Windows\\SYSTEM32\\ntdll.dll+9feb4|C:\\Windows\\System32\\KERNELBASE.dll+6c2f5|c:\\windows\\system32\\lsm.dll+e2ca|c:\\windows\\system32\\lsm.dll+e044|C:\\Windows\\System32\\RPCRT4.dll+784a3|C:\\Windows\\System32\\RPCRT4.dll+d9f9a|C:\\Windows\\System32\\RPCRT4.dll+1ac60|C:\\Windows\\System32\\RPCRT4.dll+508e8|C:\\Windows\\System32\\RPCRT4.dll+3ad80|C:\\Windows\\System32\\RPCRT4.dll+3a72b|C:\\Windows\\System32\\RPCRT4.dll+2c9cf|C:\\Windows\\System32\\RPCRT4.dll+2be2a|C:\\Windows\\System32\\RPCRT4.dll+2b3f1|C:\\Windows\\System32\\RPCRT4.dll+2ae62|C:\\Windows\\System32\\RPCRT4.dll+218d5|C:\\Windows\\SYSTEM32\\ntdll.dll+69c20|C:\\Windows\\SYSTEM32\\ntdll.dll+166e8|C:\\Windows\\System32\\KERNEL32.DLL+17974|C:\\Windows\\SYSTEM32\\ntdll.dll+5a2f1","SourceUser":"NT AUTHORITY\\SYSTEM","TargetUser":"NT AUTHORITY\\SYSTEM"},"OpenWEC":{"IpAddress":"10.202.0.184","TimeReceived":"2023-12-08T15:59:46.328359863+00:00","Principal":"WINTERFELL$@NORTH.SEVENKINGDOMS.LOCAL","Subscription":{"Uuid":"CB04741B-9072-4E2D-B769-3570FA020BBD","Version":"6E053E8A-FE0D-45A0-A863-C501EEDB4011","Name":"anssi-subscription"}}}
{"System":{"Provider":{"Name":"Microsoft-Windows-Sysmon","Guid":"{5770385f-c22a-43e0-bf4c-06f5698ffbd9}"},"EventID":1,"Version":5,"Level":4,"Task":1,"Opcode":0,"Keywords":"0x8000000000000000","TimeCreated":"2023-12-08T15:59:24.292577300Z","EventRecordID":10548,"Correlation":{},"Execution":{"ProcessID":3248,"ThreadID":3876},"Channel":"Microsoft-Windows-Sysmon/Operational","Computer":"winterfell.north.sevenkingdoms.local","UserID":"S-1-5-18"},"EventData":{"Product":"Microsoft® Windows® Operating System","LogonGuid":"{2b62dd35-54d9-6573-e703-000000000000}","Description":"COM Surrogate","Company":"Microsoft Corporation","ParentProcessId":"860","ParentUser":"-","User":"NT AUTHORITY\\SYSTEM","ProcessId":"1000","ParentCommandLine":"-","ProcessGuid":"{2b62dd35-3d5c-6573-4c08-000000002300}","CurrentDirectory":"C:\\Windows\\system32\\","TerminalSessionId":"0","UtcTime":"2023-12-08 15:59:24.290","IntegrityLevel":"System","ParentImage":"-","OriginalFileName":"dllhost.exe","FileVersion":"10.0.17763.1 (WinBuild.160101.0800)","CommandLine":"C:\\Windows\\system32\\DllHost.exe /Processid:{E10F6C3A-F1AE-4ADC-AA9D-2FE65525666E}","LogonId":"0x3e7","ParentProcessGuid":"{00000000-0000-0000-0000-000000000000}","Hashes":"MD5=D2AB39EA2C0FCD172751F84BDA723A97,SHA256=C4E078607DB2784BE7761C86048DFFA6F3EF04B551354A32FCDEC3B6A3450905,IMPHASH=68E651F131674892AE7E46556EB24726","Image":"C:\\Windows\\System32\\dllhost.exe","RuleName":"-"},"OpenWEC":{"IpAddress":"10.202.0.184","TimeReceived":"2023-12-08T15:59:46.328359863+00:00","Principal":"WINTERFELL$@NORTH.SEVENKINGDOMS.LOCAL","Subscription":{"Uuid":"CB04741B-9072-4E2D-B769-3570FA020BBD","Version":"6E053E8A-FE0D-45A0-A863-C501EEDB4011","Name":"anssi-subscription"}}}
{"System":{"Provider":{"Name":"Microsoft-Windows-Sysmon","Guid":"{5770385f-c22a-43e0-bf4c-06f5698ffbd9}"},"EventID":1,"Version":5,"Level":4,"Task":1,"Opcode":0,"Keywords":"0x8000000000000000","TimeCreated":"2023-12-08T15:59:24.312856400Z","EventRecordID":10549,"Correlation":{},"Execution":{"ProcessID":3248,"ThreadID":3876},"Channel":"Microsoft-Windows-Sysmon/Operational","Computer":"winterfell.north.sevenkingdoms.local","UserID":"S-1-5-18"},"EventData":{"ParentProcessGuid":"{00000000-0000-0000-0000-000000000000}","IntegrityLevel":"High","ParentProcessId":"1592","ParentImage":"-","FileVersion":"10.0.17763.1697 (WinBuild.160101.0800)","CommandLine":"cmd.exe /c powershell New-PSDrive -Name \"Public\" -PSProvider \"FileSystem\" -Root \"\\\\Bravos\\private\"","CurrentDirectory":"C:\\Windows\\system32\\","RuleName":"-","UtcTime":"2023-12-08 15:59:24.310","LogonGuid":"{2b62dd35-3d5c-6573-1b1b-df0000000000}","Hashes":"MD5=911D039E71583A07320B32BDE22F8E22,SHA256=BC866CFCDDA37E24DC2634DC282C7A0E6F55209DA17A8FA105B07414C0E7C527,IMPHASH=272245E2988E1E430500B852C4FB5E18","Product":"Microsoft® Windows® Operating System","OriginalFileName":"Cmd.Exe","ProcessId":"5772","Image":"C:\\Windows\\System32\\cmd.exe","LogonId":"0xdf1b1b","Description":"Windows Command Processor","ParentCommandLine":"-","ParentUser":"-","User":"NORTH\\robb.stark","ProcessGuid":"{2b62dd35-3d5c-6573-4d08-000000002300}","Company":"Microsoft Corporation","TerminalSessionId":"0"},"OpenWEC":{"IpAddress":"10.202.0.184","TimeReceived":"2023-12-08T15:59:46.328359863+00:00","Principal":"WINTERFELL$@NORTH.SEVENKINGDOMS.LOCAL","Subscription":{"Uuid":"CB04741B-9072-4E2D-B769-3570FA020BBD","Version":"6E053E8A-FE0D-45A0-A863-C501EEDB4011","Name":"anssi-subscription"}}}
{"System":{"Provider":{"Name":"Microsoft-Windows-Sysmon","Guid":"{5770385f-c22a-43e0-bf4c-06f5698ffbd9}"},"EventID":1,"Version":5,"Level":4,"Task":1,"Opcode":0,"Keywords":"0x8000000000000000","TimeCreated":"2023-12-08T15:59:24.369959400Z","EventRecordID":10550,"Correlation":{},"Execution":{"ProcessID":3248,"ThreadID":3876},"Channel":"Microsoft-Windows-Sysmon/Operational","Computer":"winterfell.north.sevenkingdoms.local","UserID":"S-1-5-18"},"EventData":{"Description":"Windows PowerShell","OriginalFileName":"PowerShell.EXE","IntegrityLevel":"High","Company":"Microsoft Corporation","TerminalSessionId":"0","CommandLine":"powershell  New-PSDrive -Name \"Public\" -PSProvider \"FileSystem\" -Root \"\\\\Bravos\\private\"","RuleName":"-","Image":"C:\\Windows\\System32\\WindowsPowerShell\\v1.0\\powershell.exe","FileVersion":"10.0.17763.1 (WinBuild.160101.0800)","UtcTime":"2023-12-08 15:59:24.363","LogonId":"0xdf1b1b","ParentProcessGuid":"{2b62dd35-3d5c-6573-4d08-000000002300}","ProcessGuid":"{2b62dd35-3d5c-6573-4f08-000000002300}","Hashes":"MD5=7353F60B1739074EB17C5F4DDDEFE239,SHA256=DE96A6E69944335375DC1AC238336066889D9FFC7D73628EF4FE1B1B160AB32C,IMPHASH=741776AACCFC5B71FF59832DCDCACE0F","ParentImage":"C:\\Windows\\System32\\cmd.exe","Product":"Microsoft® Windows® Operating System","ProcessId":"2460","CurrentDirectory":"C:\\Windows\\system32\\","LogonGuid":"{2b62dd35-3d5c-6573-1b1b-df0000000000}","ParentProcessId":"5772","ParentUser":"NORTH\\robb.stark","User":"NORTH\\robb.stark","ParentCommandLine":"cmd.exe /c powershell New-PSDrive -Name \"Public\" -PSProvider \"FileSystem\" -Root \"\\\\Bravos\\private\""},"OpenWEC":{"IpAddress":"10.202.0.184","TimeReceived":"2023-12-08T15:59:46.328359863+00:00","Principal":"WINTERFELL$@NORTH.SEVENKINGDOMS.LOCAL","Subscription":{"Uuid":"CB04741B-9072-4E2D-B769-3570FA020BBD","Version":"6E053E8A-FE0D-45A0-A863-C501EEDB4011","Name":"anssi-subscription"}}}
{"System":{"Provider":{"Name":"Microsoft-Windows-Sysmon","Guid":"{5770385f-c22a-43e0-bf4c-06f5698ffbd9}"},"EventID":11,"Version":2,"Level":4,"Task":11,"Opcode":0,"Keywords":"0x8000000000000000","TimeCreated":"2023-12-08T15:59:24.471709100Z","EventRecordID":10551,"Correlation":{},"Execution":{"ProcessID":3248,"ThreadID":3876},"Channel":"Microsoft-Windows-Sysmon/Operational","Computer":"winterfell.north.sevenkingdoms.local","UserID":"S-1-5-18"},"EventData":{"UtcTime":"2023-12-08 15:59:24.467","TargetFilename":"C:\\Users\\robb.stark\\AppData\\Local\\Temp\\__PSScriptPolicyTest_cnxrzyat.00t.ps1","CreationUtcTime":"2023-12-08 15:59:24.467","ProcessId":"2460","RuleName":"-","User":"NORTH\\robb.stark","ProcessGuid":"{2b62dd35-3d5c-6573-4f08-000000002300}","Image":"C:\\Windows\\System32\\WindowsPowerShell\\v1.0\\powershell.exe"},"OpenWEC":{"IpAddress":"10.202.0.184","TimeReceived":"2023-12-08T15:59:46.328359863+00:00","Principal":"WINTERFELL$@NORTH.SEVENKINGDOMS.LOCAL","Subscription":{"Uuid":"CB04741B-9072-4E2D-B769-3570FA020BBD","Version":"6E053E8A-FE0D-45A0-A863-C501EEDB4011","Name":"anssi-subscription"}}}
{"System":{"Provider":{"Name":"Microsoft-Windows-Security-Auditing","Guid":"{54849625-5478-4994-a5ba-3e3b0328c30d}"},"EventID":4648,"Version":0,"Level":0,"Task":12544,"Opcode":0,"Keywords":"0x8020000000000000","TimeCreated":"2023-12-08T15:59:24.285808100Z","EventRecordID":158022,"Correlation":{"ActivityID":"{82a8a277-29fd-0000-eca2-a882fd29da01}"},"Execution":{"ProcessID":652,"ThreadID":2156},"Channel":"Security","Computer":"winterfell.north.sevenkingdoms.local"},"EventData":{"SubjectUserName":"WINTERFELL$","ProcessId":"0x638","SubjectDomainName":"NORTH","SubjectUserSid":"S-1-5-18","SubjectLogonId":"0x3e7","LogonGuid":"{00000000-0000-0000-0000-000000000000}","TargetUserName":"robb.stark","TargetServerName":"localhost","TargetLogonGuid":"{49e390d7-3f78-7323-5baa-cf9a1897f1b8}","TargetInfo":"localhost","IpPort":"-","TargetDomainName":"NORTH","ProcessName":"C:\\Windows\\System32\\svchost.exe","IpAddress":"-"},"OpenWEC":{"IpAddress":"10.202.0.184","TimeReceived":"2023-12-08T15:59:46.328359863+00:00","Principal":"WINTERFELL$@NORTH.SEVENKINGDOMS.LOCAL","Subscription":{"Uuid":"CB04741B-9072-4E2D-B769-3570FA020BBD","Version":"6E053E8A-FE0D-45A0-A863-C501EEDB4011","Name":"anssi-subscription"}}}
{"System":{"Provider":{"Name":"Microsoft-Windows-Security-Auditing","Guid":"{54849625-5478-4994-a5ba-3e3b0328c30d}"},"EventID":4624,"Version":2,"Level":0,"Task":12544,"Opcode":0,"Keywords":"0x8020000000000000","TimeCreated":"2023-12-08T15:59:24.285923500Z","EventRecordID":158023,"Correlation":{"ActivityID":"{82a8a277-29fd-0000-eca2-a882fd29da01}"},"Execution":{"ProcessID":652,"ThreadID":2156},"Channel":"Security","Computer":"winterfell.north.sevenkingdoms.local"},"EventData":{"TargetUserSid":"S-1-5-21-2431860994-719566178-239256710-1113","TargetDomainName":"NORTH","ImpersonationLevel":"%%1833","SubjectUserSid":"S-1-5-18","SubjectUserName":"WINTERFELL$","WorkstationName":"WINTERFELL","LogonProcessName":"Advapi  ","ProcessName":"C:\\Windows\\System32\\svchost.exe","VirtualAccount":"%%1843","AuthenticationPackageName":"Negotiate","TargetLinkedLogonId":"0x0","TargetOutboundUserName":"-","TransmittedServices":"-","TargetLogonId":"0xdf1b1b","TargetUserName":"robb.stark","LogonType":"4","LmPackageName":"-","SubjectLogonId":"0x3e7","IpAddress":"-","IpPort":"-","TargetOutboundDomainName":"-","ElevatedToken":"%%1842","SubjectDomainName":"NORTH","KeyLength":"0","LogonGuid":"{49e390d7-3f78-7323-5baa-cf9a1897f1b8}","ProcessId":"0x638","RestrictedAdminMode":"-"},"OpenWEC":{"IpAddress":"10.202.0.184","TimeReceived":"2023-12-08T15:59:46.328359863+00:00","Principal":"WINTERFELL$@NORTH.SEVENKINGDOMS.LOCAL","Subscription":{"Uuid":"CB04741B-9072-4E2D-B769-3570FA020BBD","Version":"6E053E8A-FE0D-45A0-A863-C501EEDB4011","Name":"anssi-subscription"}}}
{"System":{"Provider":{"Name":"Microsoft-Windows-Security-Auditing","Guid":"{54849625-5478-4994-a5ba-3e3b0328c30d}"},"EventID":4672,"Version":0,"Level":0,"Task":12548,"Opcode":0,"Keywords":"0x8020000000000000","TimeCreated":"2023-12-08T15:59:24.285930600Z","EventRecordID":158024,"Correlation":{"ActivityID":"{82a8a277-29fd-0000-eca2-a882fd29da01}"},"Execution":{"ProcessID":652,"ThreadID":2156},"Channel":"Security","Computer":"winterfell.north.sevenkingdoms.local"},"EventData":{"SubjectDomainName":"NORTH","SubjectLogonId":"0xdf1b1b","PrivilegeList":"SeSecurityPrivilege\n\t\t\tSeTakeOwnershipPrivilege\n\t\t\tSeLoadDriverPrivilege\n\t\t\tSeBackupPrivilege\n\t\t\tSeRestorePrivilege\n\t\t\tSeDebugPrivilege\n\t\t\tSeSystemEnvironmentPrivilege\n\t\t\tSeEnableDelegationPrivilege\n\t\t\tSeImpersonatePrivilege\n\t\t\tSeDelegateSessionUserImpersonatePrivilege","SubjectUserName":"robb.stark","SubjectUserSid":"S-1-5-21-2431860994-719566178-239256710-1113"},"OpenWEC":{"IpAddress":"10.202.0.184","TimeReceived":"2023-12-08T15:59:46.328359863+00:00","Principal":"WINTERFELL$@NORTH.SEVENKINGDOMS.LOCAL","Subscription":{"Uuid":"CB04741B-9072-4E2D-B769-3570FA020BBD","Version":"6E053E8A-FE0D-45A0-A863-C501EEDB4011","Name":"anssi-subscription"}}}
{"System":{"Provider":{"Name":"Microsoft-Windows-Security-Auditing","Guid":"{54849625-5478-4994-a5ba-3e3b0328c30d}"},"EventID":4688,"Version":2,"Level":0,"Task":13312,"Opcode":0,"Keywords":"0x8020000000000000","TimeCreated":"2023-12-08T15:59:24.290361700Z","EventRecordID":158025,"Correlation":{},"Execution":{"ProcessID":4,"ThreadID":2556},"Channel":"Security","Computer":"winterfell.north.sevenkingdoms.local"},"EventData":{"TargetLogonId":"0x0","NewProcessName":"C:\\Windows\\System32\\dllhost.exe","ParentProcessName":"C:\\Windows\\System32\\svchost.exe","MandatoryLabel":"S-1-16-16384","NewProcessId":"0x3e8","SubjectUserSid":"S-1-5-18","TargetDomainName":"-","ProcessId":"0x35c","CommandLine":"","TokenElevationType":"%%1936","SubjectDomainName":"NORTH","TargetUserSid":"S-1-0-0","SubjectLogonId":"0x3e7","TargetUserName":"-","SubjectUserName":"WINTERFELL$"},"OpenWEC":{"IpAddress":"10.202.0.184","TimeReceived":"2023-12-08T15:59:46.328359863+00:00","Principal":"WINTERFELL$@NORTH.SEVENKINGDOMS.LOCAL","Subscription":{"Uuid":"CB04741B-9072-4E2D-B769-3570FA020BBD","Version":"6E053E8A-FE0D-45A0-A863-C501EEDB4011","Name":"anssi-subscription"}}}
{"System":{"Provider":{"Name":"Microsoft-Windows-Security-Auditing","Guid":"{54849625-5478-4994-a5ba-3e3b0328c30d}"},"EventID":4688,"Version":2,"Level":0,"Task":13312,"Opcode":0,"Keywords":"0x8020000000000000","TimeCreated":"2023-12-08T15:59:24.310300300Z","EventRecordID":158026,"Correlation":{},"Execution":{"ProcessID":4,"ThreadID":2556},"Channel":"Security","Computer":"winterfell.north.sevenkingdoms.local"},"EventData":{"SubjectDomainName":"NORTH","NewProcessId":"0x168c","TokenElevationType":"%%1936","ProcessId":"0x638","SubjectLogonId":"0x3e7","TargetDomainName":"NORTH","NewProcessName":"C:\\Windows\\System32\\cmd.exe","TargetUserName":"robb.stark","ParentProcessName":"C:\\Windows\\System32\\svchost.exe","CommandLine":"","SubjectUserSid":"S-1-5-18","TargetUserSid":"S-1-0-0","TargetLogonId":"0xdf1b1b","SubjectUserName":"WINTERFELL$","MandatoryLabel":"S-1-16-12288"},"OpenWEC":{"IpAddress":"10.202.0.184","TimeReceived":"2023-12-08T15:59:46.328359863+00:00","Principal":"WINTERFELL$@NORTH.SEVENKINGDOMS.LOCAL","Subscription":{"Uuid":"CB04741B-9072-4E2D-B769-3570FA020BBD","Version":"6E053E8A-FE0D-45A0-A863-C501EEDB4011","Name":"anssi-subscription"}}}
{"System":{"Provider":{"Name":"Microsoft-Windows-Security-Auditing","Guid":"{54849625-5478-4994-a5ba-3e3b0328c30d}"},"EventID":4688,"Version":2,"Level":0,"Task":13312,"Opcode":0,"Keywords":"0x8020000000000000","TimeCreated":"2023-12-08T15:59:24.316948300Z","EventRecordID":158027,"Correlation":{},"Execution":{"ProcessID":4,"ThreadID":2556},"Channel":"Security","Computer":"winterfell.north.sevenkingdoms.local"},"EventData":{"TokenElevationType":"%%1936","TargetDomainName":"-","SubjectUserName":"robb.stark","NewProcessName":"C:\\Windows\\System32\\conhost.exe","SubjectDomainName":"NORTH","SubjectUserSid":"S-1-5-21-2431860994-719566178-239256710-1113","SubjectLogonId":"0xdf1b1b","NewProcessId":"0x1760","TargetUserSid":"S-1-0-0","CommandLine":"","TargetUserName":"-","ProcessId":"0x168c","ParentProcessName":"C:\\Windows\\System32\\cmd.exe","TargetLogonId":"0x0","MandatoryLabel":"S-1-16-12288"},"OpenWEC":{"IpAddress":"10.202.0.184","TimeReceived":"2023-12-08T15:59:46.328359863+00:00","Principal":"WINTERFELL$@NORTH.SEVENKINGDOMS.LOCAL","Subscription":{"Uuid":"CB04741B-9072-4E2D-B769-3570FA020BBD","Version":"6E053E8A-FE0D-45A0-A863-C501EEDB4011","Name":"anssi-subscription"}}}
{"System":{"Provider":{"Name":"Microsoft-Windows-Security-Auditing","Guid":"{54849625-5478-4994-a5ba-3e3b0328c30d}"},"EventID":4688,"Version":2,"Level":0,"Task":13312,"Opcode":0,"Keywords":"0x8020000000000000","TimeCreated":"2023-12-08T15:59:24.363386100Z","EventRecordID":158028,"Correlation":{},"Execution":{"ProcessID":4,"ThreadID":2556},"Channel":"Security","Computer":"winterfell.north.sevenkingdoms.local"},"EventData":{"NewProcessName":"C:\\Windows\\System32\\WindowsPowerShell\\v1.0\\powershell.exe","SubjectLogonId":"0xdf1b1b","TargetLogonId":"0x0","CommandLine":"","TokenElevationType":"%%1936","TargetDomainName":"-","SubjectUserName":"robb.stark","TargetUserSid":"S-1-0-0","NewProcessId":"0x99c","TargetUserName":"-","ProcessId":"0x168c","ParentProcessName":"C:\\Windows\\System32\\cmd.exe","SubjectUserSid":"S-1-5-21-2431860994-719566178-239256710-1113","SubjectDomainName":"NORTH","MandatoryLabel":"S-1-16-12288"},"OpenWEC":{"IpAddress":"10.202.0.184","TimeReceived":"2023-12-08T15:59:46.328359863+00:00","Principal":"WINTERFELL$@NORTH.SEVENKINGDOMS.LOCAL","Subscription":{"Uuid":"CB04741B-9072-4E2D-B769-3570FA020BBD","Version":"6E053E8A-FE0D-45A0-A863-C501EEDB4011","Name":"anssi-subscription"}}}
{"System":{"Provider":{"Name":"Microsoft-Windows-TaskScheduler","Guid":"{de7b24ea-73c8-4a09-985d-5bdadcfa9017}"},"EventID":107,"Version":0,"Level":4,"Task":107,"Opcode":0,"Keywords":"0x8000000000000000","TimeCreated":"2023-12-08T15:59:24.286262700Z","EventRecordID":49917,"Correlation":{"ActivityID":"{61f2cb9c-c6a3-4899-adba-d25c59b890bb}"},"Execution":{"ProcessID":1592,"ThreadID":5996},"Channel":"Microsoft-Windows-TaskScheduler/Operational","Computer":"winterfell.north.sevenkingdoms.local","UserID":"S-1-5-18"},"EventData":{"TaskName":"\\responder_bot","InstanceId":"{61f2cb9c-c6a3-4899-adba-d25c59b890bb}"},"OpenWEC":{"IpAddress":"10.202.0.184","TimeReceived":"2023-12-08T15:59:46.328359863+00:00","Principal":"WINTERFELL$@NORTH.SEVENKINGDOMS.LOCAL","Subscription":{"Uuid":"CB04741B-9072-4E2D-B769-3570FA020BBD","Version":"6E053E8A-FE0D-45A0-A863-C501EEDB4011","Name":"anssi-subscription"}}}
{"System":{"Provider":{"Name":"Microsoft-Windows-TaskScheduler","Guid":"{de7b24ea-73c8-4a09-985d-5bdadcfa9017}"},"EventID":129,"Version":0,"Level":4,"Task":129,"Opcode":0,"Keywords":"0x8000000000000000","TimeCreated":"2023-12-08T15:59:24.312300500Z","EventRecordID":49918,"Correlation":{},"Execution":{"ProcessID":1592,"ThreadID":5996},"Channel":"Microsoft-Windows-TaskScheduler/Operational","Computer":"winterfell.north.sevenkingdoms.local","UserID":"S-1-5-18"},"EventData":{"TaskName":"\\responder_bot","Path":"cmd.exe","ProcessID":"5772","Priority":"16384"},"OpenWEC":{"IpAddress":"10.202.0.184","TimeReceived":"2023-12-08T15:59:46.328359863+00:00","Principal":"WINTERFELL$@NORTH.SEVENKINGDOMS.LOCAL","Subscription":{"Uuid":"CB04741B-9072-4E2D-B769-3570FA020BBD","Version":"6E053E8A-FE0D-45A0-A863-C501EEDB4011","Name":"anssi-subscription"}}}
{"System":{"Provider":{"Name":"Microsoft-Windows-TaskScheduler","Guid":"{de7b24ea-73c8-4a09-985d-5bdadcfa9017}"},"EventID":100,"Version":0,"Level":4,"Task":100,"Opcode":1,"Keywords":"0x8000000000000001","TimeCreated":"2023-12-08T15:59:24.313109900Z","EventRecordID":49919,"Correlation":{"ActivityID":"{61f2cb9c-c6a3-4899-adba-d25c59b890bb}"},"Execution":{"ProcessID":1592,"ThreadID":5996},"Channel":"Microsoft-Windows-TaskScheduler/Operational","Computer":"winterfell.north.sevenkingdoms.local","UserID":"S-1-5-18"},"EventData":{"TaskName":"\\responder_bot","UserContext":"NORTH\\robb.stark","InstanceId":"{61f2cb9c-c6a3-4899-adba-d25c59b890bb}"},"OpenWEC":{"IpAddress":"10.202.0.184","TimeReceived":"2023-12-08T15:59:46.328359863+00:00","Principal":"WINTERFELL$@NORTH.SEVENKINGDOMS.LOCAL","Subscription":{"Uuid":"CB04741B-9072-4E2D-B769-3570FA020BBD","Version":"6E053E8A-FE0D-45A0-A863-C501EEDB4011","Name":"anssi-subscription"}}}
{"System":{"Provider":{"Name":"Microsoft-Windows-TaskScheduler","Guid":"{de7b24ea-73c8-4a09-985d-5bdadcfa9017}"},"EventID":200,"Version":1,"Level":4,"Task":200,"Opcode":1,"Keywords":"0x8000000000000000","TimeCreated":"2023-12-08T15:59:24.313111300Z","EventRecordID":49920,"Correlation":{"ActivityID":"{61f2cb9c-c6a3-4899-adba-d25c59b890bb}"},"Execution":{"ProcessID":1592,"ThreadID":5996},"Channel":"Microsoft-Windows-TaskScheduler/Operational","Computer":"winterfell.north.sevenkingdoms.local","UserID":"S-1-5-18"},"EventData":{"TaskInstanceId":"{61f2cb9c-c6a3-4899-adba-d25c59b890bb}","EnginePID":"5772","ActionName":"cmd.exe","TaskName":"\\responder_bot"},"OpenWEC":{"IpAddress":"10.202.0.184","TimeReceived":"2023-12-08T15:59:46.328359863+00:00","Principal":"WINTERFELL$@NORTH.SEVENKINGDOMS.LOCAL","Subscription":{"Uuid":"CB04741B-9072-4E2D-B769-3570FA020BBD","Version":"6E053E8A-FE0D-45A0-A863-C501EEDB4011","Name":"anssi-subscription"}}}
{"System":{"Provider":{"Name":"Microsoft-Windows-Sysmon","Guid":"{5770385f-c22a-43e0-bf4c-06f5698ffbd9}"},"EventID":22,"Version":5,"Level":4,"Task":22,"Opcode":0,"Keywords":"0x8000000000000000","TimeCreated":"2023-12-08T15:59:25.282241900Z","EventRecordID":10552,"Correlation":{},"Execution":{"ProcessID":3248,"ThreadID":3932},"Channel":"Microsoft-Windows-Sysmon/Operational","Computer":"winterfell.north.sevenkingdoms.local","UserID":"S-1-5-18"},"EventData":{"QueryStatus":"0","QueryName":"winterfell","User":"NT AUTHORITY\\SYSTEM","ProcessId":"652","UtcTime":"2023-12-08 12:40:18.900","Image":"C:\\Windows\\system32\\lsass.exe","RuleName":"-","ProcessGuid":"{2b62dd35-54d9-6573-0c00-000000002300}","QueryResults":"10.202.0.184;192.168.56.11;10.0.2.15;"},"OpenWEC":{"IpAddress":"10.202.0.184","TimeReceived":"2023-12-08T15:59:46.328359863+00:00","Principal":"WINTERFELL$@NORTH.SEVENKINGDOMS.LOCAL","Subscription":{"Uuid":"CB04741B-9072-4E2D-B769-3570FA020BBD","Version":"6E053E8A-FE0D-45A0-A863-C501EEDB4011","Name":"anssi-subscription"}}}
{"System":{"Provider":{"Name":"Microsoft-Windows-Sysmon","Guid":"{5770385f-c22a-43e0-bf4c-06f5698ffbd9}"},"EventID":10,"Version":3,"Level":4,"Task":10,"Opcode":0,"Keywords":"0x8000000000000000","TimeCreated":"2023-12-08T15:59:25.282277000Z","EventRecordID":10553,"Correlation":{},"Execution":{"ProcessID":3248,"ThreadID":3876},"Channel":"Microsoft-Windows-Sysmon/Operational","Computer":"winterfell.north.sevenkingdoms.local","UserID":"S-1-5-18"},"EventData":{"GrantedAccess":"0x1fffff","SourceProcessGUID":"{2b62dd35-e477-6572-4e00-000000002300}","CallTrace":"C:\\Windows\\SYSTEM32\\ntdll.dll+9feb4|C:\\Windows\\SYSTEM32\\ntdll.dll+7d367|C:\\Windows\\System32\\KERNEL32.DLL+1c5b4|C:\\Windows\\System32\\KERNEL32.DLL+237f8|C:\\Windows\\sysmon64.exe+ec5cd|C:\\Windows\\sysmon64.exe+edeb7|C:\\Windows\\sysmon64.exe+12e889|C:\\Windows\\sysmon64.exe+ee90e|C:\\Windows\\sysmon64.exe+eecd3|C:\\Windows\\sysmon64.exe+10bd88|C:\\Windows\\sysmon64.exe+e22d1|C:\\Windows\\sysmon64.exe+e2427|C:\\Windows\\System32\\sechost.dll+dc61|C:\\Windows\\System32\\sechost.dll+d9a9|C:\\Windows\\System32\\sechost.dll+13d4e|C:\\Windows\\sysmon64.exe+e25ba|C:\\Windows\\sysmon64.exe+1a9ad2|C:\\Windows\\System32\\KERNEL32.DLL+17974|C:\\Windows\\SYSTEM32\\ntdll.dll+5a2f1","UtcTime":"2023-12-08 15:59:25.279","TargetUser":"NT AUTHORITY\\SYSTEM","TargetProcessGUID":"{2b62dd35-54d9-6573-0c00-000000002300}","SourceImage":"C:\\Windows\\sysmon64.exe","TargetProcessId":"652","SourceUser":"NT AUTHORITY\\SYSTEM","RuleName":"-","SourceProcessId":"3248","SourceThreadId":"3932","TargetImage":"C:\\Windows\\system32\\lsass.exe"},"OpenWEC":{"IpAddress":"10.202.0.184","TimeReceived":"2023-12-08T15:59:46.328359863+00:00","Principal":"WINTERFELL$@NORTH.SEVENKINGDOMS.LOCAL","Subscription":{"Uuid":"CB04741B-9072-4E2D-B769-3570FA020BBD","Version":"6E053E8A-FE0D-45A0-A863-C501EEDB4011","Name":"anssi-subscription"}}}
{"System":{"Provider":{"Name":"Microsoft-Windows-Sysmon","Guid":"{5770385f-c22a-43e0-bf4c-06f5698ffbd9}"},"EventID":22,"Version":5,"Level":4,"Task":22,"Opcode":0,"Keywords":"0x8000000000000000","TimeCreated":"2023-12-08T15:59:26.327329900Z","EventRecordID":10554,"Correlation":{},"Execution":{"ProcessID":3248,"ThreadID":3932},"Channel":"Microsoft-Windows-Sysmon/Operational","Computer":"winterfell.north.sevenkingdoms.local","UserID":"S-1-5-18"},"EventData":{"ProcessId":"896","ProcessGuid":"{2b62dd35-54db-6573-1500-000000002300}","RuleName":"-","UtcTime":"2023-12-08 12:40:19.316","User":"NT AUTHORITY\\LOCAL SERVICE","QueryStatus":"0","QueryName":"Bravos","Image":"C:\\Windows\\System32\\svchost.exe","QueryResults":"fe80::da5c:a9be:fef:69f2;::ffff:10.202.0.195;"},"OpenWEC":{"IpAddress":"10.202.0.184","TimeReceived":"2023-12-08T15:59:46.328359863+00:00","Principal":"WINTERFELL$@NORTH.SEVENKINGDOMS.LOCAL","Subscription":{"Uuid":"CB04741B-9072-4E2D-B769-3570FA020BBD","Version":"6E053E8A-FE0D-45A0-A863-C501EEDB4011","Name":"anssi-subscription"}}}
{"System":{"Provider":{"Name":"Microsoft-Windows-Security-Auditing","Guid":"{54849625-5478-4994-a5ba-3e3b0328c30d}"},"EventID":4624,"Version":2,"Level":0,"Task":12544,"Opcode":0,"Keywords":"0x8020000000000000","TimeCreated":"2023-12-08T15:59:27.141229600Z","EventRecordID":158030,"Correlation":{},"Execution":{"ProcessID":652,"ThreadID":2812},"Channel":"Security","Computer":"winterfell.north.sevenkingdoms.local"},"EventData":{"TargetDomainName":"NORTH.SEVENKINGDOMS.LOCAL","SubjectUserSid":"S-1-0-0","RestrictedAdminMode":"-","VirtualAccount":"%%1843","IpAddress":"::1","SubjectDomainName":"-","TargetUserSid":"S-1-5-18","ProcessId":"0x0","TargetOutboundDomainName":"-","LogonType":"3","LmPackageName":"-","TargetLinkedLogonId":"0x0","ElevatedToken":"%%1842","TargetUserName":"WINTERFELL$","TargetLogonId":"0xdf43a7","LogonGuid":"{3f4b9425-1866-4469-9e0a-1c617a2b9ee7}","WorkstationName":"-","SubjectLogonId":"0x0","IpPort":"64824","TargetOutboundUserName":"-","LogonProcessName":"Kerberos","TransmittedServices":"-","ProcessName":"-","KeyLength":"0","ImpersonationLevel":"%%1833","AuthenticationPackageName":"Kerberos","SubjectUserName":"-"},"OpenWEC":{"IpAddress":"10.202.0.184","TimeReceived":"2023-12-08T15:59:46.328359863+00:00","Principal":"WINTERFELL$@NORTH.SEVENKINGDOMS.LOCAL","Subscription":{"Uuid":"CB04741B-9072-4E2D-B769-3570FA020BBD","Version":"6E053E8A-FE0D-45A0-A863-C501EEDB4011","Name":"anssi-subscription"}}}
{"System":{"Provider":{"Name":"Microsoft-Windows-Sysmon","Guid":"{5770385f-c22a-43e0-bf4c-06f5698ffbd9}"},"EventID":22,"Version":5,"Level":4,"Task":22,"Opcode":0,"Keywords":"0x8000000000000000","TimeCreated":"2023-12-08T15:59:27.358391600Z","EventRecordID":10555,"Correlation":{},"Execution":{"ProcessID":3248,"ThreadID":3932},"Channel":"Microsoft-Windows-Sysmon/Operational","Computer":"winterfell.north.sevenkingdoms.local","UserID":"S-1-5-18"},"EventData":{"UtcTime":"2023-12-08 12:40:20.434","ProcessId":"896","QueryResults":"fe80::da5c:a9be:fef:69f2;::ffff:10.202.0.195;","ProcessGuid":"{2b62dd35-54db-6573-1500-000000002300}","Image":"C:\\Windows\\System32\\svchost.exe","QueryName":"Bravos","QueryStatus":"0","User":"NT AUTHORITY\\LOCAL SERVICE","RuleName":"-"},"OpenWEC":{"IpAddress":"10.202.0.184","TimeReceived":"2023-12-08T15:59:46.328359863+00:00","Principal":"WINTERFELL$@NORTH.SEVENKINGDOMS.LOCAL","Subscription":{"Uuid":"CB04741B-9072-4E2D-B769-3570FA020BBD","Version":"6E053E8A-FE0D-45A0-A863-C501EEDB4011","Name":"anssi-subscription"}}}
{"System":{"Provider":{"Name":"Microsoft-Windows-Sysmon","Guid":"{5770385f-c22a-43e0-bf4c-06f5698ffbd9}"},"EventID":22,"Version":5,"Level":4,"Task":22,"Opcode":0,"Keywords":"0x8000000000000000","TimeCreated":"2023-12-08T15:59:27.359025900Z","EventRecordID":10556,"Correlation":{},"Execution":{"ProcessID":3248,"ThreadID":3932},"Channel":"Microsoft-Windows-Sysmon/Operational","Computer":"winterfell.north.sevenkingdoms.local","UserID":"S-1-5-18"},"EventData":{"UtcTime":"2023-12-08 12:40:21.544","User":"NT AUTHORITY\\LOCAL SERVICE","QueryName":"Bravos","RuleName":"-","Image":"C:\\Windows\\System32\\svchost.exe","QueryStatus":"0","QueryResults":"fe80::da5c:a9be:fef:69f2;::ffff:10.202.0.195;","ProcessGuid":"{2b62dd35-54db-6573-1500-000000002300}","ProcessId":"896"},"OpenWEC":{"IpAddress":"10.202.0.184","TimeReceived":"2023-12-08T15:59:46.328359863+00:00","Principal":"WINTERFELL$@NORTH.SEVENKINGDOMS.LOCAL","Subscription":{"Uuid":"CB04741B-9072-4E2D-B769-3570FA020BBD","Version":"6E053E8A-FE0D-45A0-A863-C501EEDB4011","Name":"anssi-subscription"}}}
{"System":{"Provider":{"Name":"Microsoft-Windows-Sysmon","Guid":"{5770385f-c22a-43e0-bf4c-06f5698ffbd9}"},"EventID":10,"Version":3,"Level":4,"Task":10,"Opcode":0,"Keywords":"0x8000000000000000","TimeCreated":"2023-12-08T15:59:28.311650500Z","EventRecordID":10557,"Correlation":{},"Execution":{"ProcessID":3248,"ThreadID":3876},"Channel":"Microsoft-Windows-Sysmon/Operational","Computer":"winterfell.north.sevenkingdoms.local","UserID":"S-1-5-18"},"EventData":{"TargetImage":"C:\\Windows\\system32\\lsass.exe","GrantedAccess":"0x1fffff","CallTrace":"C:\\Windows\\SYSTEM32\\ntdll.dll+9feb4|C:\\Windows\\SYSTEM32\\ntdll.dll+7d367|C:\\Windows\\System32\\KERNEL32.DLL+1c5b4|C:\\Windows\\System32\\KERNEL32.DLL+237f8|C:\\Windows\\sysmon64.exe+ec5cd|C:\\Windows\\sysmon64.exe+edeb7|C:\\Windows\\sysmon64.exe+12e889|C:\\Windows\\sysmon64.exe+ee90e|C:\\Windows\\sysmon64.exe+eecd3|C:\\Windows\\sysmon64.exe+f3eea|C:\\Windows\\sysmon64.exe+fbc2c|C:\\Windows\\sysmon64.exe+10dc04|C:\\Windows\\sysmon64.exe+10dcc5|C:\\Windows\\sysmon64.exe+1a9ad2|C:\\Windows\\System32\\KERNEL32.DLL+17974|C:\\Windows\\SYSTEM32\\ntdll.dll+5a2f1","SourceImage":"C:\\Windows\\sysmon64.exe","SourceUser":"NT AUTHORITY\\SYSTEM","SourceProcessId":"3248","UtcTime":"2023-12-08 15:59:28.310","TargetProcessId":"652","TargetUser":"NT AUTHORITY\\SYSTEM","TargetProcessGUID":"{2b62dd35-54d9-6573-0c00-000000002300}","RuleName":"-","SourceThreadId":"3884","SourceProcessGUID":"{2b62dd35-e477-6572-4e00-000000002300}"},"OpenWEC":{"IpAddress":"10.202.0.184","TimeReceived":"2023-12-08T15:59:46.328359863+00:00","Principal":"WINTERFELL$@NORTH.SEVENKINGDOMS.LOCAL","Subscription":{"Uuid":"CB04741B-9072-4E2D-B769-3570FA020BBD","Version":"6E053E8A-FE0D-45A0-A863-C501EEDB4011","Name":"anssi-subscription"}}}
{"System":{"Provider":{"Name":"Microsoft-Windows-Security-Auditing","Guid":"{54849625-5478-4994-a5ba-3e3b0328c30d}"},"EventID":4648,"Version":0,"Level":0,"Task":12544,"Opcode":0,"Keywords":"0x8020000000000000","TimeCreated":"2023-12-08T15:59:30.922463300Z","EventRecordID":158035,"Correlation":{"ActivityID":"{82a8a277-29fd-0000-eca2-a882fd29da01}"},"Execution":{"ProcessID":652,"ThreadID":2156},"Channel":"Security","Computer":"winterfell.north.sevenkingdoms.local"},"EventData":{"LogonGuid":"{00000000-0000-0000-0000-000000000000}","TargetServerName":"localhost","SubjectLogonId":"0x3e7","ProcessId":"0x638","SubjectUserName":"WINTERFELL$","IpAddress":"-","SubjectDomainName":"NORTH","TargetInfo":"localhost","TargetUserName":"robb.stark","IpPort":"-","TargetLogonGuid":"{78df5945-0a79-7620-9b71-3778efb75801}","ProcessName":"C:\\Windows\\System32\\svchost.exe","TargetDomainName":"NORTH","SubjectUserSid":"S-1-5-18"},"OpenWEC":{"IpAddress":"10.202.0.184","TimeReceived":"2023-12-08T15:59:46.328359863+00:00","Principal":"WINTERFELL$@NORTH.SEVENKINGDOMS.LOCAL","Subscription":{"Uuid":"CB04741B-9072-4E2D-B769-3570FA020BBD","Version":"6E053E8A-FE0D-45A0-A863-C501EEDB4011","Name":"anssi-subscription"}}}
{"System":{"Provider":{"Name":"Microsoft-Windows-Sysmon","Guid":"{5770385f-c22a-43e0-bf4c-06f5698ffbd9}"},"EventID":10,"Version":3,"Level":4,"Task":10,"Opcode":0,"Keywords":"0x8000000000000000","TimeCreated":"2023-12-08T15:59:30.910859700Z","EventRecordID":10558,"Correlation":{},"Execution":{"ProcessID":3248,"ThreadID":3876},"Channel":"Microsoft-Windows-Sysmon/Operational","Computer":"winterfell.north.sevenkingdoms.local","UserID":"S-1-5-18"},"EventData":{"UtcTime":"2023-12-08 15:59:30.904","TargetProcessId":"652","SourceUser":"NT AUTHORITY\\SYSTEM","SourceProcessGUID":"{2b62dd35-54db-6573-1000-000000002300}","SourceThreadId":"1200","SourceImage":"C:\\Windows\\system32\\svchost.exe","TargetUser":"NT AUTHORITY\\SYSTEM","GrantedAccess":"0x1000","SourceProcessId":"948","TargetImage":"C:\\Windows\\system32\\lsass.exe","RuleName":"-","CallTrace":"C:\\Windows\\SYSTEM32\\ntdll.dll+9feb4|C:\\Windows\\System32\\KERNELBASE.dll+6c2f5|c:\\windows\\system32\\lsm.dll+f397|c:\\windows\\system32\\lsm.dll+df54|C:\\Windows\\System32\\RPCRT4.dll+784a3|C:\\Windows\\System32\\RPCRT4.dll+d9f9a|C:\\Windows\\System32\\RPCRT4.dll+1ac60|C:\\Windows\\System32\\RPCRT4.dll+508e8|C:\\Windows\\System32\\RPCRT4.dll+3ad80|C:\\Windows\\System32\\RPCRT4.dll+3a72b|C:\\Windows\\System32\\RPCRT4.dll+2c9cf|C:\\Windows\\System32\\RPCRT4.dll+2be2a|C:\\Windows\\System32\\RPCRT4.dll+2b3f1|C:\\Windows\\System32\\RPCRT4.dll+2ae62|C:\\Windows\\System32\\RPCRT4.dll+218d5|C:\\Windows\\SYSTEM32\\ntdll.dll+69c20|C:\\Windows\\SYSTEM32\\ntdll.dll+166e8|C:\\Windows\\System32\\KERNEL32.DLL+17974|C:\\Windows\\SYSTEM32\\ntdll.dll+5a2f1","TargetProcessGUID":"{2b62dd35-54d9-6573-0c00-000000002300}"},"OpenWEC":{"IpAddress":"10.202.0.184","TimeReceived":"2023-12-08T15:59:46.328359863+00:00","Principal":"WINTERFELL$@NORTH.SEVENKINGDOMS.LOCAL","Subscription":{"Uuid":"CB04741B-9072-4E2D-B769-3570FA020BBD","Version":"6E053E8A-FE0D-45A0-A863-C501EEDB4011","Name":"anssi-subscription"}}}
{"System":{"Provider":{"Name":"Microsoft-Windows-Sysmon","Guid":"{5770385f-c22a-43e0-bf4c-06f5698ffbd9}"},"EventID":10,"Version":3,"Level":4,"Task":10,"Opcode":0,"Keywords":"0x8000000000000000","TimeCreated":"2023-12-08T15:59:30.911140100Z","EventRecordID":10559,"Correlation":{},"Execution":{"ProcessID":3248,"ThreadID":3876},"Channel":"Microsoft-Windows-Sysmon/Operational","Computer":"winterfell.north.sevenkingdoms.local","UserID":"S-1-5-18"},"EventData":{"CallTrace":"C:\\Windows\\SYSTEM32\\ntdll.dll+9feb4|C:\\Windows\\System32\\KERNELBASE.dll+6c2f5|c:\\windows\\system32\\lsm.dll+e2ca|c:\\windows\\system32\\lsm.dll+e044|C:\\Windows\\System32\\RPCRT4.dll+784a3|C:\\Windows\\System32\\RPCRT4.dll+d9f9a|C:\\Windows\\System32\\RPCRT4.dll+1ac60|C:\\Windows\\System32\\RPCRT4.dll+508e8|C:\\Windows\\System32\\RPCRT4.dll+3ad80|C:\\Windows\\System32\\RPCRT4.dll+3a72b|C:\\Windows\\System32\\RPCRT4.dll+2c9cf|C:\\Windows\\System32\\RPCRT4.dll+2be2a|C:\\Windows\\System32\\RPCRT4.dll+2b3f1|C:\\Windows\\System32\\RPCRT4.dll+2ae62|C:\\Windows\\System32\\RPCRT4.dll+218d5|C:\\Windows\\SYSTEM32\\ntdll.dll+69c20|C:\\Windows\\SYSTEM32\\ntdll.dll+166e8|C:\\Windows\\System32\\KERNEL32.DLL+17974|C:\\Windows\\SYSTEM32\\ntdll.dll+5a2f1","SourceProcessGUID":"{2b62dd35-54db-6573-1000-000000002300}","SourceThreadId":"1200","GrantedAccess":"0x1000","RuleName":"-","SourceProcessId":"948","TargetProcessId":"652","SourceUser":"NT AUTHORITY\\SYSTEM","TargetUser":"NT AUTHORITY\\SYSTEM","TargetImage":"C:\\Windows\\system32\\lsass.exe","SourceImage":"C:\\Windows\\system32\\svchost.exe","TargetProcessGUID":"{2b62dd35-54d9-6573-0c00-000000002300}","UtcTime":"2023-12-08 15:59:30.904"},"OpenWEC":{"IpAddress":"10.202.0.184","TimeReceived":"2023-12-08T15:59:46.328359863+00:00","Principal":"WINTERFELL$@NORTH.SEVENKINGDOMS.LOCAL","Subscription":{"Uuid":"CB04741B-9072-4E2D-B769-3570FA020BBD","Version":"6E053E8A-FE0D-45A0-A863-C501EEDB4011","Name":"anssi-subscription"}}}
{"System":{"Provider":{"Name":"Microsoft-Windows-Security-Auditing","Guid":"{54849625-5478-4994-a5ba-3e3b0328c30d}"},"EventID":4624,"Version":2,"Level":0,"Task":12544,"Opcode":0,"Keywords":"0x8020000000000000","TimeCreated":"2023-12-08T15:59:30.922552700Z","EventRecordID":158036,"Correlation":{"ActivityID":"{82a8a277-29fd-0000-eca2-a882fd29da01}"},"Execution":{"ProcessID":652,"ThreadID":2156},"Channel":"Security","Computer":"winterfell.north.sevenkingdoms.local"},"EventData":{"IpAddress":"-","LogonGuid":"{78df5945-0a79-7620-9b71-3778efb75801}","ProcessId":"0x638","SubjectDomainName":"NORTH","TargetUserName":"robb.stark","TargetUserSid":"S-1-5-21-2431860994-719566178-239256710-1113","TransmittedServices":"-","ProcessName":"C:\\Windows\\System32\\svchost.exe","RestrictedAdminMode":"-","TargetOutboundUserName":"-","LogonType":"4","LogonProcessName":"Advapi  ","TargetLinkedLogonId":"0x0","ImpersonationLevel":"%%1833","TargetLogonId":"0xdf56ff","SubjectLogonId":"0x3e7","IpPort":"-","SubjectUserSid":"S-1-5-18","LmPackageName":"-","SubjectUserName":"WINTERFELL$","WorkstationName":"WINTERFELL","TargetDomainName":"NORTH","AuthenticationPackageName":"Negotiate","TargetOutboundDomainName":"-","KeyLength":"0","VirtualAccount":"%%1843","ElevatedToken":"%%1842"},"OpenWEC":{"IpAddress":"10.202.0.184","TimeReceived":"2023-12-08T15:59:46.328359863+00:00","Principal":"WINTERFELL$@NORTH.SEVENKINGDOMS.LOCAL","Subscription":{"Uuid":"CB04741B-9072-4E2D-B769-3570FA020BBD","Version":"6E053E8A-FE0D-45A0-A863-C501EEDB4011","Name":"anssi-subscription"}}}
{"System":{"Provider":{"Name":"Microsoft-Windows-Security-Auditing","Guid":"{54849625-5478-4994-a5ba-3e3b0328c30d}"},"EventID":4672,"Version":0,"Level":0,"Task":12548,"Opcode":0,"Keywords":"0x8020000000000000","TimeCreated":"2023-12-08T15:59:30.922557900Z","EventRecordID":158037,"Correlation":{"ActivityID":"{82a8a277-29fd-0000-eca2-a882fd29da01}"},"Execution":{"ProcessID":652,"ThreadID":2156},"Channel":"Security","Computer":"winterfell.north.sevenkingdoms.local"},"EventData":{"SubjectDomainName":"NORTH","SubjectUserSid":"S-1-5-21-2431860994-719566178-239256710-1113","SubjectLogonId":"0xdf56ff","SubjectUserName":"robb.stark","PrivilegeList":"SeSecurityPrivilege\n\t\t\tSeTakeOwnershipPrivilege\n\t\t\tSeLoadDriverPrivilege\n\t\t\tSeBackupPrivilege\n\t\t\tSeRestorePrivilege\n\t\t\tSeDebugPrivilege\n\t\t\tSeSystemEnvironmentPrivilege\n\t\t\tSeEnableDelegationPrivilege\n\t\t\tSeImpersonatePrivilege\n\t\t\tSeDelegateSessionUserImpersonatePrivilege"},"OpenWEC":{"IpAddress":"10.202.0.184","TimeReceived":"2023-12-08T15:59:46.328359863+00:00","Principal":"WINTERFELL$@NORTH.SEVENKINGDOMS.LOCAL","Subscription":{"Uuid":"CB04741B-9072-4E2D-B769-3570FA020BBD","Version":"6E053E8A-FE0D-45A0-A863-C501EEDB4011","Name":"anssi-subscription"}}}
{"System":{"Provider":{"Name":"Microsoft-Windows-Sysmon","Guid":"{5770385f-c22a-43e0-bf4c-06f5698ffbd9}"},"EventID":1,"Version":5,"Level":4,"Task":1,"Opcode":0,"Keywords":"0x8000000000000000","TimeCreated":"2023-12-08T15:59:30.928380100Z","EventRecordID":10560,"Correlation":{},"Execution":{"ProcessID":3248,"ThreadID":3876},"Channel":"Microsoft-Windows-Sysmon/Operational","Computer":"winterfell.north.sevenkingdoms.local","UserID":"S-1-5-18"},"EventData":{"ParentUser":"-","FileVersion":"10.0.17763.1 (WinBuild.160101.0800)","Product":"Microsoft® Windows® Operating System","ParentProcessId":"860","Company":"Microsoft Corporation","Image":"C:\\Windows\\System32\\dllhost.exe","ParentProcessGuid":"{00000000-0000-0000-0000-000000000000}","LogonGuid":"{2b62dd35-54d9-6573-e703-000000000000}","ProcessGuid":"{2b62dd35-3d62-6573-5008-000000002300}","UtcTime":"2023-12-08 15:59:30.925","User":"NT AUTHORITY\\SYSTEM","CommandLine":"C:\\Windows\\system32\\DllHost.exe /Processid:{E10F6C3A-F1AE-4ADC-AA9D-2FE65525666E}","LogonId":"0x3e7","Description":"COM Surrogate","TerminalSessionId":"0","CurrentDirectory":"C:\\Windows\\system32\\","IntegrityLevel":"System","Hashes":"MD5=D2AB39EA2C0FCD172751F84BDA723A97,SHA256=C4E078607DB2784BE7761C86048DFFA6F3EF04B551354A32FCDEC3B6A3450905,IMPHASH=68E651F131674892AE7E46556EB24726","ProcessId":"5560","ParentCommandLine":"-","OriginalFileName":"dllhost.exe","ParentImage":"-","RuleName":"-"},"OpenWEC":{"IpAddress":"10.202.0.184","TimeReceived":"2023-12-08T15:59:46.328359863+00:00","Principal":"WINTERFELL$@NORTH.SEVENKINGDOMS.LOCAL","Subscription":{"Uuid":"CB04741B-9072-4E2D-B769-3570FA020BBD","Version":"6E053E8A-FE0D-45A0-A863-C501EEDB4011","Name":"anssi-subscription"}}}
{"System":{"Provider":{"Name":"Microsoft-Windows-Sysmon","Guid":"{5770385f-c22a-43e0-bf4c-06f5698ffbd9}"},"EventID":1,"Version":5,"Level":4,"Task":1,"Opcode":0,"Keywords":"0x8000000000000000","TimeCreated":"2023-12-08T15:59:30.944731600Z","EventRecordID":10561,"Correlation":{},"Execution":{"ProcessID":3248,"ThreadID":3876},"Channel":"Microsoft-Windows-Sysmon/Operational","Computer":"winterfell.north.sevenkingdoms.local","UserID":"S-1-5-18"},"EventData":{"LogonId":"0xdf56ff","Image":"C:\\Windows\\System32\\cmd.exe","FileVersion":"10.0.17763.1697 (WinBuild.160101.0800)","Hashes":"MD5=911D039E71583A07320B32BDE22F8E22,SHA256=BC866CFCDDA37E24DC2634DC282C7A0E6F55209DA17A8FA105B07414C0E7C527,IMPHASH=272245E2988E1E430500B852C4FB5E18","ProcessGuid":"{2b62dd35-3d62-6573-5108-000000002300}","ParentProcessId":"1592","ProcessId":"2072","Description":"Windows Command Processor","CommandLine":"cmd.exe /c powershell c:\\setup\\bot_rdp.ps1","User":"NORTH\\robb.stark","LogonGuid":"{2b62dd35-3d62-6573-ff56-df0000000000}","Product":"Microsoft® Windows® Operating System","UtcTime":"2023-12-08 15:59:30.942","TerminalSessionId":"0","CurrentDirectory":"C:\\Windows\\system32\\","IntegrityLevel":"High","ParentImage":"-","ParentUser":"-","ParentCommandLine":"-","ParentProcessGuid":"{00000000-0000-0000-0000-000000000000}","RuleName":"-","OriginalFileName":"Cmd.Exe","Company":"Microsoft Corporation"},"OpenWEC":{"IpAddress":"10.202.0.184","TimeReceived":"2023-12-08T15:59:46.328359863+00:00","Principal":"WINTERFELL$@NORTH.SEVENKINGDOMS.LOCAL","Subscription":{"Uuid":"CB04741B-9072-4E2D-B769-3570FA020BBD","Version":"6E053E8A-FE0D-45A0-A863-C501EEDB4011","Name":"anssi-subscription"}}}
{"System":{"Provider":{"Name":"Microsoft-Windows-Sysmon","Guid":"{5770385f-c22a-43e0-bf4c-06f5698ffbd9}"},"EventID":1,"Version":5,"Level":4,"Task":1,"Opcode":0,"Keywords":"0x8000000000000000","TimeCreated":"2023-12-08T15:59:30.981759900Z","EventRecordID":10562,"Correlation":{},"Execution":{"ProcessID":3248,"ThreadID":3876},"Channel":"Microsoft-Windows-Sysmon/Operational","Computer":"winterfell.north.sevenkingdoms.local","UserID":"S-1-5-18"},"EventData":{"IntegrityLevel":"High","ParentCommandLine":"cmd.exe /c powershell c:\\setup\\bot_rdp.ps1","CommandLine":"powershell  c:\\setup\\bot_rdp.ps1","LogonGuid":"{2b62dd35-3d62-6573-ff56-df0000000000}","TerminalSessionId":"0","ProcessGuid":"{2b62dd35-3d62-6573-5308-000000002300}","Product":"Microsoft® Windows® Operating System","Description":"Windows PowerShell","Company":"Microsoft Corporation","ProcessId":"668","LogonId":"0xdf56ff","ParentProcessGuid":"{2b62dd35-3d62-6573-5108-000000002300}","CurrentDirectory":"C:\\Windows\\system32\\","UtcTime":"2023-12-08 15:59:30.976","Image":"C:\\Windows\\System32\\WindowsPowerShell\\v1.0\\powershell.exe","RuleName":"-","OriginalFileName":"PowerShell.EXE","ParentImage":"C:\\Windows\\System32\\cmd.exe","ParentProcessId":"2072","FileVersion":"10.0.17763.1 (WinBuild.160101.0800)","Hashes":"MD5=7353F60B1739074EB17C5F4DDDEFE239,SHA256=DE96A6E69944335375DC1AC238336066889D9FFC7D73628EF4FE1B1B160AB32C,IMPHASH=741776AACCFC5B71FF59832DCDCACE0F","ParentUser":"NORTH\\robb.stark","User":"NORTH\\robb.stark"},"OpenWEC":{"IpAddress":"10.202.0.184","TimeReceived":"2023-12-08T15:59:46.328359863+00:00","Principal":"WINTERFELL$@NORTH.SEVENKINGDOMS.LOCAL","Subscription":{"Uuid":"CB04741B-9072-4E2D-B769-3570FA020BBD","Version":"6E053E8A-FE0D-45A0-A863-C501EEDB4011","Name":"anssi-subscription"}}}
{"System":{"Provider":{"Name":"Microsoft-Windows-Sysmon","Guid":"{5770385f-c22a-43e0-bf4c-06f5698ffbd9}"},"EventID":11,"Version":2,"Level":4,"Task":11,"Opcode":0,"Keywords":"0x8000000000000000","TimeCreated":"2023-12-08T15:59:31.032937700Z","EventRecordID":10563,"Correlation":{},"Execution":{"ProcessID":3248,"ThreadID":3876},"Channel":"Microsoft-Windows-Sysmon/Operational","Computer":"winterfell.north.sevenkingdoms.local","UserID":"S-1-5-18"},"EventData":{"User":"NORTH\\robb.stark","CreationUtcTime":"2023-12-08 15:59:31.014","TargetFilename":"C:\\Users\\robb.stark\\AppData\\Local\\Temp\\__PSScriptPolicyTest_fmvplblb.tqh.ps1","ProcessId":"668","Image":"C:\\Windows\\System32\\WindowsPowerShell\\v1.0\\powershell.exe","ProcessGuid":"{2b62dd35-3d62-6573-5308-000000002300}","RuleName":"-","UtcTime":"2023-12-08 15:59:31.014"},"OpenWEC":{"IpAddress":"10.202.0.184","TimeReceived":"2023-12-08T15:59:46.328359863+00:00","Principal":"WINTERFELL$@NORTH.SEVENKINGDOMS.LOCAL","Subscription":{"Uuid":"CB04741B-9072-4E2D-B769-3570FA020BBD","Version":"6E053E8A-FE0D-45A0-A863-C501EEDB4011","Name":"anssi-subscription"}}}
{"System":{"Provider":{"Name":"Microsoft-Windows-Sysmon","Guid":"{5770385f-c22a-43e0-bf4c-06f5698ffbd9}"},"EventID":1,"Version":5,"Level":4,"Task":1,"Opcode":0,"Keywords":"0x8000000000000000","TimeCreated":"2023-12-08T15:59:31.163320400Z","EventRecordID":10564,"Correlation":{},"Execution":{"ProcessID":3248,"ThreadID":3876},"Channel":"Microsoft-Windows-Sysmon/Operational","Computer":"winterfell.north.sevenkingdoms.local","UserID":"S-1-5-18"},"EventData":{"FileVersion":"10.0.17763.1 (WinBuild.160101.0800)","OriginalFileName":"query.exe","IntegrityLevel":"High","ProcessId":"3356","User":"NORTH\\robb.stark","ParentCommandLine":"powershell  c:\\setup\\bot_rdp.ps1","LogonGuid":"{2b62dd35-3d62-6573-ff56-df0000000000}","CurrentDirectory":"C:\\Windows\\system32\\","Product":"Microsoft® Windows® Operating System","Hashes":"MD5=8A7520A6CC2A2968F4A8EE4DB946AD8D,SHA256=3369E8FEA09C3C226D636B13108DA357093D0D98214236417839A94F56D3BA02,IMPHASH=CCC9DA4A55E90DFE34CBCDB066D6A6B3","ParentProcessGuid":"{2b62dd35-3d62-6573-5308-000000002300}","RuleName":"-","LogonId":"0xdf56ff","UtcTime":"2023-12-08 15:59:31.159","TerminalSessionId":"0","ProcessGuid":"{2b62dd35-3d63-6573-5408-000000002300}","Image":"C:\\Windows\\System32\\query.exe","ParentUser":"NORTH\\robb.stark","ParentImage":"C:\\Windows\\System32\\WindowsPowerShell\\v1.0\\powershell.exe","ParentProcessId":"668","Company":"Microsoft Corporation","Description":"MultiUser Query Utility","CommandLine":"\"C:\\Windows\\system32\\query.exe\" session robb.stark /server:castelblack"},"OpenWEC":{"IpAddress":"10.202.0.184","TimeReceived":"2023-12-08T15:59:46.328359863+00:00","Principal":"WINTERFELL$@NORTH.SEVENKINGDOMS.LOCAL","Subscription":{"Uuid":"CB04741B-9072-4E2D-B769-3570FA020BBD","Version":"6E053E8A-FE0D-45A0-A863-C501EEDB4011","Name":"anssi-subscription"}}}
{"System":{"Provider":{"Name":"Microsoft-Windows-Sysmon","Guid":"{5770385f-c22a-43e0-bf4c-06f5698ffbd9}"},"EventID":10,"Version":3,"Level":4,"Task":10,"Opcode":0,"Keywords":"0x8000000000000000","TimeCreated":"2023-12-08T15:59:31.163682700Z","EventRecordID":10565,"Correlation":{},"Execution":{"ProcessID":3248,"ThreadID":3876},"Channel":"Microsoft-Windows-Sysmon/Operational","Computer":"winterfell.north.sevenkingdoms.local","UserID":"S-1-5-18"},"EventData":{"SourceUser":"NORTH\\robb.stark","SourceImage":"C:\\Windows\\System32\\WindowsPowerShell\\v1.0\\powershell.exe","TargetUser":"NORTH\\robb.stark","SourceProcessGUID":"{2b62dd35-3d62-6573-5308-000000002300}","SourceProcessId":"668","TargetProcessGUID":"{2b62dd35-3d63-6573-5408-000000002300}","TargetImage":"C:\\Windows\\system32\\query.exe","GrantedAccess":"0x1fffff","RuleName":"-","TargetProcessId":"3356","CallTrace":"C:\\Windows\\SYSTEM32\\ntdll.dll+a1244|C:\\Windows\\System32\\KERNELBASE.dll+485d2|C:\\Windows\\System32\\KERNELBASE.dll+45fc6|C:\\Windows\\System32\\KERNEL32.DLL+1c2e3|C:\\Windows\\assembly\\NativeImages_v4.0.30319_64\\System\\cb755e97e255f61e327a8001d4e05859\\System.ni.dll+3332f6|C:\\Windows\\assembly\\NativeImages_v4.0.30319_64\\System\\cb755e97e255f61e327a8001d4e05859\\System.ni.dll+2b5560|C:\\Windows\\assembly\\NativeImages_v4.0.30319_64\\System\\cb755e97e255f61e327a8001d4e05859\\System.ni.dll+2b4f07|C:\\Windows\\assembly\\NativeImages_v4.0.30319_64\\System.Manaa57fc8cc#\\da4031e77cd7d8b426cd99e749e0c982\\System.Management.Automation.ni.dll+f7fc6b|C:\\Windows\\assembly\\NativeImages_v4.0.30319_64\\System.Manaa57fc8cc#\\da4031e77cd7d8b426cd99e749e0c982\\System.Management.Automation.ni.dll+ed9fad|C:\\Windows\\assembly\\NativeImages_v4.0.30319_64\\System.Manaa57fc8cc#\\da4031e77cd7d8b426cd99e749e0c982\\System.Management.Automation.ni.dll+f5cb1e|C:\\Windows\\assembly\\NativeImages_v4.0.30319_64\\System.Manaa57fc8cc#\\da4031e77cd7d8b426cd99e749e0c982\\System.Management.Automation.ni.dll+f5c7fb|C:\\Windows\\assembly\\NativeImages_v4.0.30319_64\\System.Manaa57fc8cc#\\da4031e77cd7d8b426cd99e749e0c982\\System.Management.Automation.ni.dll+104fcb4|UNKNOWN(00007FF7D51B13C1)","SourceThreadId":"4460","UtcTime":"2023-12-08 15:59:31.154"},"OpenWEC":{"IpAddress":"10.202.0.184","TimeReceived":"2023-12-08T15:59:46.328359863+00:00","Principal":"WINTERFELL$@NORTH.SEVENKINGDOMS.LOCAL","Subscription":{"Uuid":"CB04741B-9072-4E2D-B769-3570FA020BBD","Version":"6E053E8A-FE0D-45A0-A863-C501EEDB4011","Name":"anssi-subscription"}}}
