{"System":{"Provider":{"Name":"Microsoft-Windows-TaskScheduler","Guid":"{de7b24ea-73c8-4a09-985d-5bdadcfa9017}"},"EventID":129,"Version":0,"Level":4,"Task":129,"Opcode":0,"Keywords":"0x8000000000000000","TimeCreated":"2023-12-08T15:57:24.272556700Z","EventRecordID":49898,"Correlation":{},"Execution":{"ProcessID":1592,"ThreadID":1052},"Channel":"Microsoft-Windows-TaskScheduler/Operational","Computer":"winterfell.north.sevenkingdoms.local","UserID":"S-1-5-18"},"EventData":{"ProcessID":"1236","Priority":"16384","Path":"cmd.exe","TaskName":"\\responder_bot"},"OpenWEC":{"IpAddress":"10.202.0.184","TimeReceived":"2023-12-08T15:57:52.550404096+00:00","Principal":"WINTERFELL$@NORTH.SEVENKINGDOMS.LOCAL","Subscription":{"Uuid":"CB04741B-9072-4E2D-B769-3570FA020BBD","Version":"6E053E8A-FE0D-45A0-A863-C501EEDB4011","Name":"anssi-subscription"}}}
{"System":{"Provider":{"Name":"Microsoft-Windows-TaskScheduler","Guid":"{de7b24ea-73c8-4a09-985d-5bdadcfa9017}"},"EventID":100,"Version":0,"Level":4,"Task":100,"Opcode":1,"Keywords":"0x8000000000000001","TimeCreated":"2023-12-08T15:57:24.272739700Z","EventRecordID":49899,"Correlation":{"ActivityID":"{1ea36030-744e-4396-af5d-90dd61118abe}"},"Execution":{"ProcessID":1592,"ThreadID":1052},"Channel":"Microsoft-Windows-TaskScheduler/Operational","Computer":"winterfell.north.sevenkingdoms.local","UserID":"S-1-5-18"},"EventData":{"TaskName":"\\responder_bot","UserContext":"NORTH\\robb.stark","InstanceId":"{1ea36030-744e-4396-af5d-90dd61118abe}"},"OpenWEC":{"IpAddress":"10.202.0.184","TimeReceived":"2023-12-08T15:57:52.550404096+00:00","Principal":"WINTERFELL$@NORTH.SEVENKINGDOMS.LOCAL","Subscription":{"Uuid":"CB04741B-9072-4E2D-B769-3570FA020BBD","Version":"6E053E8A-FE0D-45A0-A863-C501EEDB4011","Name":"anssi-subscription"}}}
{"System":{"Provider":{"Name":"Microsoft-Windows-TaskScheduler","Guid":"{de7b24ea-73c8-4a09-985d-5bdadcfa9017}"},"EventID":200,"Version":1,"Level":4,"Task":200,"Opcode":1,"Keywords":"0x8000000000000000","TimeCreated":"2023-12-08T15:57:24.272740900Z","EventRecordID":49900,"Correlation":{"ActivityID":"{1ea36030-744e-4396-af5d-90dd61118abe}"},"Execution":{"ProcessID":1592,"ThreadID":1052},"Channel":"Microsoft-Windows-TaskScheduler/Operational","Computer":"winterfell.north.sevenkingdoms.local","UserID":"S-1-5-18"},"EventData":{"ActionName":"cmd.exe","TaskInstanceId":"{1ea36030-744e-4396-af5d-90dd61118abe}","EnginePID":"1236","TaskName":"\\responder_bot"},"OpenWEC":{"IpAddress":"10.202.0.184","TimeReceived":"2023-12-08T15:57:52.550404096+00:00","Principal":"WINTERFELL$@NORTH.SEVENKINGDOMS.LOCAL","Subscription":{"Uuid":"CB04741B-9072-4E2D-B769-3570FA020BBD","Version":"6E053E8A-FE0D-45A0-A863-C501EEDB4011","Name":"anssi-subscription"}}}
{"System":{"Provider":{"Name":"Microsoft-Windows-Sysmon","Guid":"{5770385f-c22a-43e0-bf4c-06f5698ffbd9}"},"EventID":22,"Version":5,"Level":4,"Task":22,"Opcode":0,"Keywords":"0x8000000000000000","TimeCreated":"2023-12-08T15:57:25.605379600Z","EventRecordID":10488,"Correlation":{},"Execution":{"ProcessID":3248,"ThreadID":3932},"Channel":"Microsoft-Windows-Sysmon/Operational","Computer":"winterfell.north.sevenkingdoms.local","UserID":"S-1-5-18"},"EventData":{"UtcTime":"2023-12-08 12:38:19.145","ProcessGuid":"{2b62dd35-54db-6573-1500-000000002300}","Image":"C:\\Windows\\System32\\svchost.exe","QueryResults":"fe80::da5c:a9be:fef:69f2;::ffff:10.202.0.195;","QueryName":"Bravos","User":"NT AUTHORITY\\LOCAL SERVICE","RuleName":"-","ProcessId":"896","QueryStatus":"0"},"OpenWEC":{"IpAddress":"10.202.0.184","TimeReceived":"2023-12-08T15:57:52.550404096+00:00","Principal":"WINTERFELL$@NORTH.SEVENKINGDOMS.LOCAL","Subscription":{"Uuid":"CB04741B-9072-4E2D-B769-3570FA020BBD","Version":"6E053E8A-FE0D-45A0-A863-C501EEDB4011","Name":"anssi-subscription"}}}
{"System":{"Provider":{"Name":"Microsoft-Windows-Security-Auditing","Guid":"{54849625-5478-4994-a5ba-3e3b0328c30d}"},"EventID":4624,"Version":2,"Level":0,"Task":12544,"Opcode":0,"Keywords":"0x8020000000000000","TimeCreated":"2023-12-08T15:57:27.122397400Z","EventRecordID":157949,"Correlation":{},"Execution":{"ProcessID":652,"ThreadID":2812},"Channel":"Security","Computer":"winterfell.north.sevenkingdoms.local"},"EventData":{"SubjectDomainName":"-","WorkstationName":"-","TargetUserSid":"S-1-5-18","LmPackageName":"-","KeyLength":"0","ProcessId":"0x0","ProcessName":"-","TargetDomainName":"NORTH.SEVENKINGDOMS.LOCAL","IpPort":"64799","ImpersonationLevel":"%%1833","ElevatedToken":"%%1842","TargetOutboundUserName":"-","VirtualAccount":"%%1843","RestrictedAdminMode":"-","TargetLinkedLogonId":"0x0","IpAddress":"::1","LogonProcessName":"Kerberos","LogonType":"3","SubjectUserSid":"S-1-0-0","TransmittedServices":"-","TargetOutboundDomainName":"-","AuthenticationPackageName":"Kerberos","TargetUserName":"WINTERFELL$","SubjectUserName":"-","SubjectLogonId":"0x0","LogonGuid":"{3f4b9425-1866-4469-9e0a-1c617a2b9ee7}","TargetLogonId":"0xdd266c"},"OpenWEC":{"IpAddress":"10.202.0.184","TimeReceived":"2023-12-08T15:57:52.550404096+00:00","Principal":"WINTERFELL$@NORTH.SEVENKINGDOMS.LOCAL","Subscription":{"Uuid":"CB04741B-9072-4E2D-B769-3570FA020BBD","Version":"6E053E8A-FE0D-45A0-A863-C501EEDB4011","Name":"anssi-subscription"}}}
{"System":{"Provider":{"Name":"Microsoft-Windows-Sysmon","Guid":"{5770385f-c22a-43e0-bf4c-06f5698ffbd9}"},"EventID":22,"Version":5,"Level":4,"Task":22,"Opcode":0,"Keywords":"0x8000000000000000","TimeCreated":"2023-12-08T15:57:27.714650600Z","EventRecordID":10489,"Correlation":{},"Execution":{"ProcessID":3248,"ThreadID":3932},"Channel":"Microsoft-Windows-Sysmon/Operational","Computer":"winterfell.north.sevenkingdoms.local","UserID":"S-1-5-18"},"EventData":{"Image":"C:\\Windows\\System32\\svchost.exe","ProcessGuid":"{2b62dd35-54db-6573-1500-000000002300}","QueryResults":"fe80::da5c:a9be:fef:69f2;::ffff:10.202.0.195;","QueryStatus":"0","UtcTime":"2023-12-08 12:38:20.248","ProcessId":"896","User":"NT AUTHORITY\\LOCAL SERVICE","QueryName":"Bravos","RuleName":"-"},"OpenWEC":{"IpAddress":"10.202.0.184","TimeReceived":"2023-12-08T15:57:52.550404096+00:00","Principal":"WINTERFELL$@NORTH.SEVENKINGDOMS.LOCAL","Subscription":{"Uuid":"CB04741B-9072-4E2D-B769-3570FA020BBD","Version":"6E053E8A-FE0D-45A0-A863-C501EEDB4011","Name":"anssi-subscription"}}}
{"System":{"Provider":{"Name":"Microsoft-Windows-Sysmon","Guid":"{5770385f-c22a-43e0-bf4c-06f5698ffbd9}"},"EventID":22,"Version":5,"Level":4,"Task":22,"Opcode":0,"Keywords":"0x8000000000000000","TimeCreated":"2023-12-08T15:57:27.715533900Z","EventRecordID":10490,"Correlation":{},"Execution":{"ProcessID":3248,"ThreadID":3932},"Channel":"Microsoft-Windows-Sysmon/Operational","Computer":"winterfell.north.sevenkingdoms.local","UserID":"S-1-5-18"},"EventData":{"ProcessId":"896","User":"NT AUTHORITY\\LOCAL SERVICE","QueryStatus":"0","RuleName":"-","ProcessGuid":"{2b62dd35-54db-6573-1500-000000002300}","QueryResults":"fe80::da5c:a9be:fef:69f2;::ffff:10.202.0.195;","Image":"C:\\Windows\\System32\\svchost.exe","QueryName":"Bravos","UtcTime":"2023-12-08 12:38:21.375"},"OpenWEC":{"IpAddress":"10.202.0.184","TimeReceived":"2023-12-08T15:57:52.550404096+00:00","Principal":"WINTERFELL$@NORTH.SEVENKINGDOMS.LOCAL","Subscription":{"Uuid":"CB04741B-9072-4E2D-B769-3570FA020BBD","Version":"6E053E8A-FE0D-45A0-A863-C501EEDB4011","Name":"anssi-subscription"}}}
{"System":{"Provider":{"Name":"Microsoft-Windows-Sysmon","Guid":"{5770385f-c22a-43e0-bf4c-06f5698ffbd9}"},"EventID":10,"Version":3,"Level":4,"Task":10,"Opcode":0,"Keywords":"0x8000000000000000","TimeCreated":"2023-12-08T15:57:28.167652000Z","EventRecordID":10491,"Correlation":{},"Execution":{"ProcessID":3248,"ThreadID":3876},"Channel":"Microsoft-Windows-Sysmon/Operational","Computer":"winterfell.north.sevenkingdoms.local","UserID":"S-1-5-18"},"EventData":{"RuleName":"-","TargetUser":"NT AUTHORITY\\SYSTEM","TargetImage":"C:\\Windows\\system32\\lsass.exe","SourceUser":"NT AUTHORITY\\SYSTEM","SourceProcessGUID":"{2b62dd35-e477-6572-4e00-000000002300}","TargetProcessId":"652","TargetProcessGUID":"{2b62dd35-54d9-6573-0c00-000000002300}","GrantedAccess":"0x1fffff","UtcTime":"2023-12-08 15:57:28.167","SourceProcessId":"3248","SourceThreadId":"3884","SourceImage":"C:\\Windows\\sysmon64.exe","CallTrace":"C:\\Windows\\SYSTEM32\\ntdll.dll+9feb4|C:\\Windows\\SYSTEM32\\ntdll.dll+7d367|C:\\Windows\\System32\\KERNEL32.DLL+1c5b4|C:\\Windows\\System32\\KERNEL32.DLL+237f8|C:\\Windows\\sysmon64.exe+ec5cd|C:\\Windows\\sysmon64.exe+edeb7|C:\\Windows\\sysmon64.exe+12e889|C:\\Windows\\sysmon64.exe+ee90e|C:\\Windows\\sysmon64.exe+eecd3|C:\\Windows\\sysmon64.exe+f3eea|C:\\Windows\\sysmon64.exe+fbc2c|C:\\Windows\\sysmon64.exe+10dc04|C:\\Windows\\sysmon64.exe+10dcc5|C:\\Windows\\sysmon64.exe+1a9ad2|C:\\Windows\\System32\\KERNEL32.DLL+17974|C:\\Windows\\SYSTEM32\\ntdll.dll+5a2f1"},"OpenWEC":{"IpAddress":"10.202.0.184","TimeReceived":"2023-12-08T15:57:52.550404096+00:00","Principal":"WINTERFELL$@NORTH.SEVENKINGDOMS.LOCAL","Subscription":{"Uuid":"CB04741B-9072-4E2D-B769-3570FA020BBD","Version":"6E053E8A-FE0D-45A0-A863-C501EEDB4011","Name":"anssi-subscription"}}}
{"System":{"Provider":{"Name":"Microsoft-Windows-Sysmon","Guid":"{5770385f-c22a-43e0-bf4c-06f5698ffbd9}"},"EventID":22,"Version":5,"Level":4,"Task":22,"Opcode":0,"Keywords":"0x8000000000000000","TimeCreated":"2023-12-08T15:57:29.826327200Z","EventRecordID":10492,"Correlation":{},"Execution":{"ProcessID":3248,"ThreadID":3932},"Channel":"Microsoft-Windows-Sysmon/Operational","Computer":"winterfell.north.sevenkingdoms.local","UserID":"S-1-5-18"},"EventData":{"ProcessId":"896","QueryName":"Bravos","QueryStatus":"0","ProcessGuid":"{2b62dd35-54db-6573-1500-000000002300}","QueryResults":"fe80::da5c:a9be:fef:69f2;::ffff:10.202.0.195;","Image":"C:\\Windows\\System32\\svchost.exe","User":"NT AUTHORITY\\LOCAL SERVICE","RuleName":"-","UtcTime":"2023-12-08 12:38:22.482"},"OpenWEC":{"IpAddress":"10.202.0.184","TimeReceived":"2023-12-08T15:57:52.550404096+00:00","Principal":"WINTERFELL$@NORTH.SEVENKINGDOMS.LOCAL","Subscription":{"Uuid":"CB04741B-9072-4E2D-B769-3570FA020BBD","Version":"6E053E8A-FE0D-45A0-A863-C501EEDB4011","Name":"anssi-subscription"}}}
{"System":{"Provider":{"Name":"Microsoft-Windows-Sysmon","Guid":"{5770385f-c22a-43e0-bf4c-06f5698ffbd9}"},"EventID":10,"Version":3,"Level":4,"Task":10,"Opcode":0,"Keywords":"0x8000000000000000","TimeCreated":"2023-12-08T15:57:30.908028000Z","EventRecordID":10493,"Correlation":{},"Execution":{"ProcessID":3248,"ThreadID":3876},"Channel":"Microsoft-Windows-Sysmon/Operational","Computer":"winterfell.north.sevenkingdoms.local","UserID":"S-1-5-18"},"EventData":{"TargetProcessGUID":"{2b62dd35-54d9-6573-0c00-000000002300}","GrantedAccess":"0x1000","TargetProcessId":"652","SourceUser":"NT AUTHORITY\\SYSTEM","SourceProcessId":"948","UtcTime":"2023-12-08 15:57:30.901","RuleName":"-","SourceProcessGUID":"{2b62dd35-54db-6573-1000-000000002300}","TargetImage":"C:\\Windows\\system32\\lsass.exe","SourceThreadId":"1200","CallTrace":"C:\\Windows\\SYSTEM32\\ntdll.dll+9feb4|C:\\Windows\\System32\\KERNELBASE.dll+6c2f5|c:\\windows\\system32\\lsm.dll+f397|c:\\windows\\system32\\lsm.dll+df54|C:\\Windows\\System32\\RPCRT4.dll+784a3|C:\\Windows\\System32\\RPCRT4.dll+d9f9a|C:\\Windows\\System32\\RPCRT4.dll+1ac60|C:\\Windows\\System32\\RPCRT4.dll+508e8|C:\\Windows\\System32\\RPCRT4.dll+3ad80|C:\\Windows\\System32\\RPCRT4.dll+3a72b|C:\\Windows\\System32\\RPCRT4.dll+2c9cf|C:\\Windows\\System32\\RPCRT4.dll+2be2a|C:\\Windows\\System32\\RPCRT4.dll+2b3f1|C:\\Windows\\System32\\RPCRT4.dll+2ae62|C:\\Windows\\System32\\RPCRT4.dll+218d5|C:\\Windows\\SYSTEM32\\ntdll.dll+69c20|C:\\Windows\\SYSTEM32\\ntdll.dll+166e8|C:\\Windows\\System32\\KERNEL32.DLL+17974|C:\\Windows\\SYSTEM32\\ntdll.dll+5a2f1","SourceImage":"C:\\Windows\\system32\\svchost.exe","TargetUser":"NT AUTHORITY\\SYSTEM"},"OpenWEC":{"IpAddress":"10.202.0.184","TimeReceived":"2023-12-08T15:57:52.550404096+00:00","Principal":"WINTERFELL$@NORTH.SEVENKINGDOMS.LOCAL","Subscription":{"Uuid":"CB04741B-9072-4E2D-B769-3570FA020BBD","Version":"6E053E8A-FE0D-45A0-A863-C501EEDB4011","Name":"anssi-subscription"}}}
{"System":{"Provider":{"Name":"Microsoft-Windows-Sysmon","Guid":"{5770385f-c22a-43e0-bf4c-06f5698ffbd9}"},"EventID":10,"Version":3,"Level":4,"Task":10,"Opcode":0,"Keywords":"0x8000000000000000","TimeCreated":"2023-12-08T15:57:30.908231400Z","EventRecordID":10494,"Correlation":{},"Execution":{"ProcessID":3248,"ThreadID":3876},"Channel":"Microsoft-Windows-Sysmon/Operational","Computer":"winterfell.north.sevenkingdoms.local","UserID":"S-1-5-18"},"EventData":{"CallTrace":"C:\\Windows\\SYSTEM32\\ntdll.dll+9feb4|C:\\Windows\\System32\\KERNELBASE.dll+6c2f5|c:\\windows\\system32\\lsm.dll+e2ca|c:\\windows\\system32\\lsm.dll+e044|C:\\Windows\\System32\\RPCRT4.dll+784a3|C:\\Windows\\System32\\RPCRT4.dll+d9f9a|C:\\Windows\\System32\\RPCRT4.dll+1ac60|C:\\Windows\\System32\\RPCRT4.dll+508e8|C:\\Windows\\System32\\RPCRT4.dll+3ad80|C:\\Windows\\System32\\RPCRT4.dll+3a72b|C:\\Windows\\System32\\RPCRT4.dll+2c9cf|C:\\Windows\\System32\\RPCRT4.dll+2be2a|C:\\Windows\\System32\\RPCRT4.dll+2b3f1|C:\\Windows\\System32\\RPCRT4.dll+2ae62|C:\\Windows\\System32\\RPCRT4.dll+218d5|C:\\Windows\\SYSTEM32\\ntdll.dll+69c20|C:\\Windows\\SYSTEM32\\ntdll.dll+166e8|C:\\Windows\\System32\\KERNEL32.DLL+17974|C:\\Windows\\SYSTEM32\\ntdll.dll+5a2f1","SourceImage":"C:\\Windows\\system32\\svchost.exe","SourceThreadId":"1200","TargetUser":"NT AUTHORITY\\SYSTEM","TargetImage":"C:\\Windows\\system32\\lsass.exe","RuleName":"-","TargetProcessGUID":"{2b62dd35-54d9-6573-0c00-000000002300}","UtcTime":"2023-12-08 15:57:30.901","SourceProcessGUID":"{2b62dd35-54db-6573-1000-000000002300}","SourceProcessId":"948","GrantedAccess":"0x1000","SourceUser":"NT AUTHORITY\\SYSTEM","TargetProcessId":"652"},"OpenWEC":{"IpAddress":"10.202.0.184","TimeReceived":"2023-12-08T15:57:52.550404096+00:00","Principal":"WINTERFELL$@NORTH.SEVENKINGDOMS.LOCAL","Subscription":{"Uuid":"CB04741B-9072-4E2D-B769-3570FA020BBD","Version":"6E053E8A-FE0D-45A0-A863-C501EEDB4011","Name":"anssi-subscription"}}}
{"System":{"Provider":{"Name":"Microsoft-Windows-Security-Auditing","Guid":"{54849625-5478-4994-a5ba-3e3b0328c30d}"},"EventID":4648,"Version":0,"Level":0,"Task":12544,"Opcode":0,"Keywords":"0x8020000000000000","TimeCreated":"2023-12-08T15:57:30.919362900Z","EventRecordID":157954,"Correlation":{"ActivityID":"{82a8a277-29fd-0000-eca2-a882fd29da01}"},"Execution":{"ProcessID":652,"ThreadID":2156},"Channel":"Security","Computer":"winterfell.north.sevenkingdoms.local"},"EventData":{"SubjectLogonId":"0x3e7","ProcessId":"0x638","SubjectDomainName":"NORTH","LogonGuid":"{00000000-0000-0000-0000-000000000000}","TargetDomainName":"NORTH","TargetUserName":"robb.stark","SubjectUserName":"WINTERFELL$","SubjectUserSid":"S-1-5-18","TargetLogonGuid":"{3d700831-653d-8309-b8c0-d4b005b8f527}","TargetServerName":"localhost","TargetInfo":"localhost","ProcessName":"C:\\Windows\\System32\\svchost.exe","IpAddress":"-","IpPort":"-"},"OpenWEC":{"IpAddress":"10.202.0.184","TimeReceived":"2023-12-08T15:57:52.550404096+00:00","Principal":"WINTERFELL$@NORTH.SEVENKINGDOMS.LOCAL","Subscription":{"Uuid":"CB04741B-9072-4E2D-B769-3570FA020BBD","Version":"6E053E8A-FE0D-45A0-A863-C501EEDB4011","Name":"anssi-subscription"}}}
{"System":{"Provider":{"Name":"Microsoft-Windows-Security-Auditing","Guid":"{54849625-5478-4994-a5ba-3e3b0328c30d}"},"EventID":4624,"Version":2,"Level":0,"Task":12544,"Opcode":0,"Keywords":"0x8020000000000000","TimeCreated":"2023-12-08T15:57:30.919449200Z","EventRecordID":157955,"Correlation":{"ActivityID":"{82a8a277-29fd-0000-eca2-a882fd29da01}"},"Execution":{"ProcessID":652,"ThreadID":2156},"Channel":"Security","Computer":"winterfell.north.sevenkingdoms.local"},"EventData":{"TargetLogonId":"0xdd39ad","TargetOutboundDomainName":"-","TargetLinkedLogonId":"0x0","ElevatedToken":"%%1842","TargetUserName":"robb.stark","WorkstationName":"WINTERFELL","ProcessId":"0x638","TargetUserSid":"S-1-5-21-2431860994-719566178-239256710-1113","TransmittedServices":"-","TargetDomainName":"NORTH","KeyLength":"0","LogonType":"4","IpAddress":"-","ImpersonationLevel":"%%1833","ProcessName":"C:\\Windows\\System32\\svchost.exe","TargetOutboundUserName":"-","SubjectUserSid":"S-1-5-18","VirtualAccount":"%%1843","LogonGuid":"{3d700831-653d-8309-b8c0-d4b005b8f527}","SubjectLogonId":"0x3e7","SubjectUserName":"WINTERFELL$","LogonProcessName":"Advapi  ","AuthenticationPackageName":"Negotiate","LmPackageName":"-","SubjectDomainName":"NORTH","IpPort":"-","RestrictedAdminMode":"-"},"OpenWEC":{"IpAddress":"10.202.0.184","TimeReceived":"2023-12-08T15:57:52.550404096+00:00","Principal":"WINTERFELL$@NORTH.SEVENKINGDOMS.LOCAL","Subscription":{"Uuid":"CB04741B-9072-4E2D-B769-3570FA020BBD","Version":"6E053E8A-FE0D-45A0-A863-C501EEDB4011","Name":"anssi-subscription"}}}
{"System":{"Provider":{"Name":"Microsoft-Windows-Security-Auditing","Guid":"{54849625-5478-4994-a5ba-3e3b0328c30d}"},"EventID":4672,"Version":0,"Level":0,"Task":12548,"Opcode":0,"Keywords":"0x8020000000000000","TimeCreated":"2023-12-08T15:57:30.919455100Z","EventRecordID":157956,"Correlation":{"ActivityID":"{82a8a277-29fd-0000-eca2-a882fd29da01}"},"Execution":{"ProcessID":652,"ThreadID":2156},"Channel":"Security","Computer":"winterfell.north.sevenkingdoms.local"},"EventData":{"SubjectUserSid":"S-1-5-21-2431860994-719566178-239256710-1113","SubjectLogonId":"0xdd39ad","PrivilegeList":"SeSecurityPrivilege\n\t\t\tSeTakeOwnershipPrivilege\n\t\t\tSeLoadDriverPrivilege\n\t\t\tSeBackupPrivilege\n\t\t\tSeRestorePrivilege\n\t\t\tSeDebugPrivilege\n\t\t\tSeSystemEnvironmentPrivilege\n\t\t\tSeEnableDelegationPrivilege\n\t\t\tSeImpersonatePrivilege\n\t\t\tSeDelegateSessionUserImpersonatePrivilege","SubjectUserName":"robb.stark","SubjectDomainName":"NORTH"},"OpenWEC":{"IpAddress":"10.202.0.184","TimeReceived":"2023-12-08T15:57:52.550404096+00:00","Principal":"WINTERFELL$@NORTH.SEVENKINGDOMS.LOCAL","Subscription":{"Uuid":"CB04741B-9072-4E2D-B769-3570FA020BBD","Version":"6E053E8A-FE0D-45A0-A863-C501EEDB4011","Name":"anssi-subscription"}}}
{"System":{"Provider":{"Name":"Microsoft-Windows-Security-Auditing","Guid":"{54849625-5478-4994-a5ba-3e3b0328c30d}"},"EventID":4688,"Version":2,"Level":0,"Task":13312,"Opcode":0,"Keywords":"0x8020000000000000","TimeCreated":"2023-12-08T15:57:30.922689600Z","EventRecordID":157957,"Correlation":{},"Execution":{"ProcessID":4,"ThreadID":4176},"Channel":"Security","Computer":"winterfell.north.sevenkingdoms.local"},"EventData":{"TargetDomainName":"-","TargetUserName":"-","SubjectDomainName":"NORTH","SubjectUserName":"WINTERFELL$","NewProcessName":"C:\\Windows\\System32\\dllhost.exe","TargetUserSid":"S-1-0-0","TokenElevationType":"%%1936","MandatoryLabel":"S-1-16-16384","NewProcessId":"0x1578","CommandLine":"","TargetLogonId":"0x0","ProcessId":"0x35c","ParentProcessName":"C:\\Windows\\System32\\svchost.exe","SubjectLogonId":"0x3e7","SubjectUserSid":"S-1-5-18"},"OpenWEC":{"IpAddress":"10.202.0.184","TimeReceived":"2023-12-08T15:57:52.550404096+00:00","Principal":"WINTERFELL$@NORTH.SEVENKINGDOMS.LOCAL","Subscription":{"Uuid":"CB04741B-9072-4E2D-B769-3570FA020BBD","Version":"6E053E8A-FE0D-45A0-A863-C501EEDB4011","Name":"anssi-subscription"}}}
{"System":{"Provider":{"Name":"Microsoft-Windows-Sysmon","Guid":"{5770385f-c22a-43e0-bf4c-06f5698ffbd9}"},"EventID":1,"Version":5,"Level":4,"Task":1,"Opcode":0,"Keywords":"0x8000000000000000","TimeCreated":"2023-12-08T15:57:30.924359300Z","EventRecordID":10495,"Correlation":{},"Execution":{"ProcessID":3248,"ThreadID":3876},"Channel":"Microsoft-Windows-Sysmon/Operational","Computer":"winterfell.north.sevenkingdoms.local","UserID":"S-1-5-18"},"EventData":{"FileVersion":"10.0.17763.1 (WinBuild.160101.0800)","Company":"Microsoft Corporation","TerminalSessionId":"0","ParentProcessGuid":"{00000000-0000-0000-0000-000000000000}","ParentProcessId":"860","Image":"C:\\Windows\\System32\\dllhost.exe","Product":"Microsoft® Windows® Operating System","CurrentDirectory":"C:\\Windows\\system32\\","IntegrityLevel":"System","ParentUser":"-","CommandLine":"C:\\Windows\\system32\\DllHost.exe /Processid:{E10F6C3A-F1AE-4ADC-AA9D-2FE65525666E}","User":"NT AUTHORITY\\SYSTEM","RuleName":"-","LogonId":"0x3e7","UtcTime":"2023-12-08 15:57:30.922","Description":"COM Surrogate","ParentCommandLine":"-","ParentImage":"-","ProcessGuid":"{2b62dd35-3cea-6573-3d08-000000002300}","Hashes":"MD5=D2AB39EA2C0FCD172751F84BDA723A97,SHA256=C4E078607DB2784BE7761C86048DFFA6F3EF04B551354A32FCDEC3B6A3450905,IMPHASH=68E651F131674892AE7E46556EB24726","LogonGuid":"{2b62dd35-54d9-6573-e703-000000000000}","ProcessId":"5496","OriginalFileName":"dllhost.exe"},"OpenWEC":{"IpAddress":"10.202.0.184","TimeReceived":"2023-12-08T15:57:52.550404096+00:00","Principal":"WINTERFELL$@NORTH.SEVENKINGDOMS.LOCAL","Subscription":{"Uuid":"CB04741B-9072-4E2D-B769-3570FA020BBD","Version":"6E053E8A-FE0D-45A0-A863-C501EEDB4011","Name":"anssi-subscription"}}}
{"System":{"Provider":{"Name":"Microsoft-Windows-Security-Auditing","Guid":"{54849625-5478-4994-a5ba-3e3b0328c30d}"},"EventID":4688,"Version":2,"Level":0,"Task":13312,"Opcode":0,"Keywords":"0x8020000000000000","TimeCreated":"2023-12-08T15:57:30.937851000Z","EventRecordID":157958,"Correlation":{},"Execution":{"ProcessID":4,"ThreadID":4176},"Channel":"Security","Computer":"winterfell.north.sevenkingdoms.local"},"EventData":{"SubjectLogonId":"0x3e7","NewProcessId":"0x1510","MandatoryLabel":"S-1-16-12288","SubjectUserName":"WINTERFELL$","TokenElevationType":"%%1936","ProcessId":"0x638","SubjectUserSid":"S-1-5-18","TargetLogonId":"0xdd39ad","NewProcessName":"C:\\Windows\\System32\\cmd.exe","ParentProcessName":"C:\\Windows\\System32\\svchost.exe","SubjectDomainName":"NORTH","TargetUserName":"robb.stark","TargetDomainName":"NORTH","CommandLine":"","TargetUserSid":"S-1-0-0"},"OpenWEC":{"IpAddress":"10.202.0.184","TimeReceived":"2023-12-08T15:57:52.550404096+00:00","Principal":"WINTERFELL$@NORTH.SEVENKINGDOMS.LOCAL","Subscription":{"Uuid":"CB04741B-9072-4E2D-B769-3570FA020BBD","Version":"6E053E8A-FE0D-45A0-A863-C501EEDB4011","Name":"anssi-subscription"}}}
{"System":{"Provider":{"Name":"Microsoft-Windows-Sysmon","Guid":"{5770385f-c22a-43e0-bf4c-06f5698ffbd9}"},"EventID":1,"Version":5,"Level":4,"Task":1,"Opcode":0,"Keywords":"0x8000000000000000","TimeCreated":"2023-12-08T15:57:30.939522600Z","EventRecordID":10496,"Correlation":{},"Execution":{"ProcessID":3248,"ThreadID":3876},"Channel":"Microsoft-Windows-Sysmon/Operational","Computer":"winterfell.north.sevenkingdoms.local","UserID":"S-1-5-18"},"EventData":{"TerminalSessionId":"0","LogonGuid":"{2b62dd35-3cea-6573-ad39-dd0000000000}","ParentImage":"-","CommandLine":"cmd.exe /c powershell c:\\setup\\bot_rdp.ps1","ParentProcessGuid":"{00000000-0000-0000-0000-000000000000}","LogonId":"0xdd39ad","Product":"Microsoft® Windows® Operating System","User":"NORTH\\robb.stark","Hashes":"MD5=911D039E71583A07320B32BDE22F8E22,SHA256=BC866CFCDDA37E24DC2634DC282C7A0E6F55209DA17A8FA105B07414C0E7C527,IMPHASH=272245E2988E1E430500B852C4FB5E18","ProcessId":"5392","ProcessGuid":"{2b62dd35-3cea-6573-3e08-000000002300}","RuleName":"-","CurrentDirectory":"C:\\Windows\\system32\\","Image":"C:\\Windows\\System32\\cmd.exe","ParentCommandLine":"-","OriginalFileName":"Cmd.Exe","ParentUser":"-","Company":"Microsoft Corporation","IntegrityLevel":"High","FileVersion":"10.0.17763.1697 (WinBuild.160101.0800)","Description":"Windows Command Processor","UtcTime":"2023-12-08 15:57:30.937","ParentProcessId":"1592"},"OpenWEC":{"IpAddress":"10.202.0.184","TimeReceived":"2023-12-08T15:57:52.550404096+00:00","Principal":"WINTERFELL$@NORTH.SEVENKINGDOMS.LOCAL","Subscription":{"Uuid":"CB04741B-9072-4E2D-B769-3570FA020BBD","Version":"6E053E8A-FE0D-45A0-A863-C501EEDB4011","Name":"anssi-subscription"}}}
{"System":{"Provider":{"Name":"Microsoft-Windows-Security-Auditing","Guid":"{54849625-5478-4994-a5ba-3e3b0328c30d}"},"EventID":4688,"Version":2,"Level":0,"Task":13312,"Opcode":0,"Keywords":"0x8020000000000000","TimeCreated":"2023-12-08T15:57:30.943512100Z","EventRecordID":157959,"Correlation":{},"Execution":{"ProcessID":4,"ThreadID":4176},"Channel":"Security","Computer":"winterfell.north.sevenkingdoms.local"},"EventData":{"NewProcessId":"0xf30","TokenElevationType":"%%1936","TargetDomainName":"-","NewProcessName":"C:\\Windows\\System32\\conhost.exe","TargetUserSid":"S-1-0-0","TargetUserName":"-","SubjectUserName":"robb.stark","TargetLogonId":"0x0","SubjectDomainName":"NORTH","SubjectUserSid":"S-1-5-21-2431860994-719566178-239256710-1113","SubjectLogonId":"0xdd39ad","ProcessId":"0x1510","CommandLine":"","ParentProcessName":"C:\\Windows\\System32\\cmd.exe","MandatoryLabel":"S-1-16-12288"},"OpenWEC":{"IpAddress":"10.202.0.184","TimeReceived":"2023-12-08T15:57:52.550404096+00:00","Principal":"WINTERFELL$@NORTH.SEVENKINGDOMS.LOCAL","Subscription":{"Uuid":"CB04741B-9072-4E2D-B769-3570FA020BBD","Version":"6E053E8A-FE0D-45A0-A863-C501EEDB4011","Name":"anssi-subscription"}}}
{"System":{"Provider":{"Name":"Microsoft-Windows-Security-Auditing","Guid":"{54849625-5478-4994-a5ba-3e3b0328c30d}"},"EventID":4688,"Version":2,"Level":0,"Task":13312,"Opcode":0,"Keywords":"0x8020000000000000","TimeCreated":"2023-12-08T15:57:30.974807700Z","EventRecordID":157960,"Correlation":{},"Execution":{"ProcessID":4,"ThreadID":4176},"Channel":"Security","Computer":"winterfell.north.sevenkingdoms.local"},"EventData":{"MandatoryLabel":"S-1-16-12288","TargetLogonId":"0x0","ParentProcessName":"C:\\Windows\\System32\\cmd.exe","TargetUserSid":"S-1-0-0","SubjectUserName":"robb.stark","SubjectUserSid":"S-1-5-21-2431860994-719566178-239256710-1113","NewProcessId":"0x11d4","NewProcessName":"C:\\Windows\\System32\\WindowsPowerShell\\v1.0\\powershell.exe","TokenElevationType":"%%1936","TargetUserName":"-","CommandLine":"","TargetDomainName":"-","ProcessId":"0x1510","SubjectLogonId":"0xdd39ad","SubjectDomainName":"NORTH"},"OpenWEC":{"IpAddress":"10.202.0.184","TimeReceived":"2023-12-08T15:57:52.550404096+00:00","Principal":"WINTERFELL$@NORTH.SEVENKINGDOMS.LOCAL","Subscription":{"Uuid":"CB04741B-9072-4E2D-B769-3570FA020BBD","Version":"6E053E8A-FE0D-45A0-A863-C501EEDB4011","Name":"anssi-subscription"}}}
{"System":{"Provider":{"Name":"Microsoft-Windows-Sysmon","Guid":"{5770385f-c22a-43e0-bf4c-06f5698ffbd9}"},"EventID":1,"Version":5,"Level":4,"Task":1,"Opcode":0,"Keywords":"0x8000000000000000","TimeCreated":"2023-12-08T15:57:30.979778300Z","EventRecordID":10497,"Correlation":{},"Execution":{"ProcessID":3248,"ThreadID":3876},"Channel":"Microsoft-Windows-Sysmon/Operational","Computer":"winterfell.north.sevenkingdoms.local","UserID":"S-1-5-18"},"EventData":{"Description":"Windows PowerShell","Company":"Microsoft Corporation","ParentProcessGuid":"{2b62dd35-3cea-6573-3e08-000000002300}","ParentProcessId":"5392","UtcTime":"2023-12-08 15:57:30.974","ParentCommandLine":"cmd.exe /c powershell c:\\setup\\bot_rdp.ps1","TerminalSessionId":"0","Product":"Microsoft® Windows® Operating System","LogonGuid":"{2b62dd35-3cea-6573-ad39-dd0000000000}","CurrentDirectory":"C:\\Windows\\system32\\","IntegrityLevel":"High","ProcessGuid":"{2b62dd35-3cea-6573-4008-000000002300}","LogonId":"0xdd39ad","Image":"C:\\Windows\\System32\\WindowsPowerShell\\v1.0\\powershell.exe","User":"NORTH\\robb.stark","Hashes":"MD5=7353F60B1739074EB17C5F4DDDEFE239,SHA256=DE96A6E69944335375DC1AC238336066889D9FFC7D73628EF4FE1B1B160AB32C,IMPHASH=741776AACCFC5B71FF59832DCDCACE0F","FileVersion":"10.0.17763.1 (WinBuild.160101.0800)","ParentImage":"C:\\Windows\\System32\\cmd.exe","ParentUser":"NORTH\\robb.stark","ProcessId":"4564","RuleName":"-","OriginalFileName":"PowerShell.EXE","CommandLine":"powershell  c:\\setup\\bot_rdp.ps1"},"OpenWEC":{"IpAddress":"10.202.0.184","TimeReceived":"2023-12-08T15:57:52.550404096+00:00","Principal":"WINTERFELL$@NORTH.SEVENKINGDOMS.LOCAL","Subscription":{"Uuid":"CB04741B-9072-4E2D-B769-3570FA020BBD","Version":"6E053E8A-FE0D-45A0-A863-C501EEDB4011","Name":"anssi-subscription"}}}
{"System":{"Provider":{"Name":"Microsoft-Windows-Sysmon","Guid":"{5770385f-c22a-43e0-bf4c-06f5698ffbd9}"},"EventID":11,"Version":2,"Level":4,"Task":11,"Opcode":0,"Keywords":"0x8000000000000000","TimeCreated":"2023-12-08T15:57:31.028075200Z","EventRecordID":10498,"Correlation":{},"Execution":{"ProcessID":3248,"ThreadID":3876},"Channel":"Microsoft-Windows-Sysmon/Operational","Computer":"winterfell.north.sevenkingdoms.local","UserID":"S-1-5-18"},"EventData":{"ProcessGuid":"{2b62dd35-3cea-6573-4008-000000002300}","UtcTime":"2023-12-08 15:57:31.026","CreationUtcTime":"2023-12-08 15:57:31.026","RuleName":"-","ProcessId":"4564","User":"NORTH\\robb.stark","Image":"C:\\Windows\\System32\\WindowsPowerShell\\v1.0\\powershell.exe","TargetFilename":"C:\\Users\\robb.stark\\AppData\\Local\\Temp\\__PSScriptPolicyTest_kcl1irvx.c1q.ps1"},"OpenWEC":{"IpAddress":"10.202.0.184","TimeReceived":"2023-12-08T15:57:52.550404096+00:00","Principal":"WINTERFELL$@NORTH.SEVENKINGDOMS.LOCAL","Subscription":{"Uuid":"CB04741B-9072-4E2D-B769-3570FA020BBD","Version":"6E053E8A-FE0D-45A0-A863-C501EEDB4011","Name":"anssi-subscription"}}}
{"System":{"Provider":{"Name":"Microsoft-Windows-Security-Auditing","Guid":"{54849625-5478-4994-a5ba-3e3b0328c30d}"},"EventID":4688,"Version":2,"Level":0,"Task":13312,"Opcode":0,"Keywords":"0x8020000000000000","TimeCreated":"2023-12-08T15:57:31.135467600Z","EventRecordID":157961,"Correlation":{},"Execution":{"ProcessID":4,"ThreadID":4176},"Channel":"Security","Computer":"winterfell.north.sevenkingdoms.local"},"EventData":{"TargetUserSid":"S-1-0-0","SubjectLogonId":"0xdd39ad","NewProcessName":"C:\\Windows\\System32\\query.exe","ProcessId":"0x11d4","TargetDomainName":"-","SubjectUserSid":"S-1-5-21-2431860994-719566178-239256710-1113","SubjectUserName":"robb.stark","NewProcessId":"0x4a8","ParentProcessName":"C:\\Windows\\System32\\WindowsPowerShell\\v1.0\\powershell.exe","TokenElevationType":"%%1936","TargetUserName":"-","SubjectDomainName":"NORTH","TargetLogonId":"0x0","MandatoryLabel":"S-1-16-12288","CommandLine":""},"OpenWEC":{"IpAddress":"10.202.0.184","TimeReceived":"2023-12-08T15:57:52.550404096+00:00","Principal":"WINTERFELL$@NORTH.SEVENKINGDOMS.LOCAL","Subscription":{"Uuid":"CB04741B-9072-4E2D-B769-3570FA020BBD","Version":"6E053E8A-FE0D-45A0-A863-C501EEDB4011","Name":"anssi-subscription"}}}
{"System":{"Provider":{"Name":"Microsoft-Windows-Sysmon","Guid":"{5770385f-c22a-43e0-bf4c-06f5698ffbd9}"},"EventID":1,"Version":5,"Level":4,"Task":1,"Opcode":0,"Keywords":"0x8000000000000000","TimeCreated":"2023-12-08T15:57:31.138448700Z","EventRecordID":10499,"Correlation":{},"Execution":{"ProcessID":3248,"ThreadID":3876},"Channel":"Microsoft-Windows-Sysmon/Operational","Computer":"winterfell.north.sevenkingdoms.local","UserID":"S-1-5-18"},"EventData":{"RuleName":"-","Hashes":"MD5=8A7520A6CC2A2968F4A8EE4DB946AD8D,SHA256=3369E8FEA09C3C226D636B13108DA357093D0D98214236417839A94F56D3BA02,IMPHASH=CCC9DA4A55E90DFE34CBCDB066D6A6B3","ParentImage":"C:\\Windows\\System32\\WindowsPowerShell\\v1.0\\powershell.exe","ParentProcessId":"4564","User":"NORTH\\robb.stark","Description":"MultiUser Query Utility","FileVersion":"10.0.17763.1 (WinBuild.160101.0800)","UtcTime":"2023-12-08 15:57:31.135","ProcessGuid":"{2b62dd35-3ceb-6573-4108-000000002300}","OriginalFileName":"query.exe","CurrentDirectory":"C:\\Windows\\system32\\","ProcessId":"1192","Image":"C:\\Windows\\System32\\query.exe","CommandLine":"\"C:\\Windows\\system32\\query.exe\" session robb.stark /server:castelblack","LogonId":"0xdd39ad","ParentCommandLine":"powershell  c:\\setup\\bot_rdp.ps1","Company":"Microsoft Corporation","TerminalSessionId":"0","Product":"Microsoft® Windows® Operating System","ParentUser":"NORTH\\robb.stark","ParentProcessGuid":"{2b62dd35-3cea-6573-4008-000000002300}","LogonGuid":"{2b62dd35-3cea-6573-ad39-dd0000000000}","IntegrityLevel":"High"},"OpenWEC":{"IpAddress":"10.202.0.184","TimeReceived":"2023-12-08T15:57:52.550404096+00:00","Principal":"WINTERFELL$@NORTH.SEVENKINGDOMS.LOCAL","Subscription":{"Uuid":"CB04741B-9072-4E2D-B769-3570FA020BBD","Version":"6E053E8A-FE0D-45A0-A863-C501EEDB4011","Name":"anssi-subscription"}}}
{"System":{"Provider":{"Name":"Microsoft-Windows-Sysmon","Guid":"{5770385f-c22a-43e0-bf4c-06f5698ffbd9}"},"EventID":10,"Version":3,"Level":4,"Task":10,"Opcode":0,"Keywords":"0x8000000000000000","TimeCreated":"2023-12-08T15:57:31.138639300Z","EventRecordID":10500,"Correlation":{},"Execution":{"ProcessID":3248,"ThreadID":3876},"Channel":"Microsoft-Windows-Sysmon/Operational","Computer":"winterfell.north.sevenkingdoms.local","UserID":"S-1-5-18"},"EventData":{"SourceImage":"C:\\Windows\\System32\\WindowsPowerShell\\v1.0\\powershell.exe","SourceUser":"NORTH\\robb.stark","UtcTime":"2023-12-08 15:57:31.136","RuleName":"-","CallTrace":"C:\\Windows\\SYSTEM32\\ntdll.dll+a1244|C:\\Windows\\System32\\KERNELBASE.dll+485d2|C:\\Windows\\System32\\KERNELBASE.dll+45fc6|C:\\Windows\\System32\\KERNEL32.DLL+1c2e3|C:\\Windows\\assembly\\NativeImages_v4.0.30319_64\\System\\cb755e97e255f61e327a8001d4e05859\\System.ni.dll+3332f6|C:\\Windows\\assembly\\NativeImages_v4.0.30319_64\\System\\cb755e97e255f61e327a8001d4e05859\\System.ni.dll+2b5560|C:\\Windows\\assembly\\NativeImages_v4.0.30319_64\\System\\cb755e97e255f61e327a8001d4e05859\\System.ni.dll+2b4f07|C:\\Windows\\assembly\\NativeImages_v4.0.30319_64\\System.Manaa57fc8cc#\\da4031e77cd7d8b426cd99e749e0c982\\System.Management.Automation.ni.dll+f7fc6b|C:\\Windows\\assembly\\NativeImages_v4.0.30319_64\\System.Manaa57fc8cc#\\da4031e77cd7d8b426cd99e749e0c982\\System.Management.Automation.ni.dll+ed9fad|C:\\Windows\\assembly\\NativeImages_v4.0.30319_64\\System.Manaa57fc8cc#\\da4031e77cd7d8b426cd99e749e0c982\\System.Management.Automation.ni.dll+f5cb1e|C:\\Windows\\assembly\\NativeImages_v4.0.30319_64\\System.Manaa57fc8cc#\\da4031e77cd7d8b426cd99e749e0c982\\System.Management.Automation.ni.dll+f5c7fb|C:\\Windows\\assembly\\NativeImages_v4.0.30319_64\\System.Manaa57fc8cc#\\da4031e77cd7d8b426cd99e749e0c982\\System.Management.Automation.ni.dll+104fcb4|UNKNOWN(00007FF7D51C13C1)","TargetProcessGUID":"{2b62dd35-3ceb-6573-4108-000000002300}","SourceProcessGUID":"{2b62dd35-3cea-6573-4008-000000002300}","TargetImage":"C:\\Windows\\system32\\query.exe","SourceProcessId":"4564","GrantedAccess":"0x1fffff","TargetUser":"NORTH\\robb.stark","SourceThreadId":"4896","TargetProcessId":"1192"},"OpenWEC":{"IpAddress":"10.202.0.184","TimeReceived":"2023-12-08T15:57:52.550404096+00:00","Principal":"WINTERFELL$@NORTH.SEVENKINGDOMS.LOCAL","Subscription":{"Uuid":"CB04741B-9072-4E2D-B769-3570FA020BBD","Version":"6E053E8A-FE0D-45A0-A863-C501EEDB4011","Name":"anssi-subscription"}}}
{"System":{"Provider":{"Name":"Microsoft-Windows-Security-Auditing","Guid":"{54849625-5478-4994-a5ba-3e3b0328c30d}"},"EventID":4688,"Version":2,"Level":0,"Task":13312,"Opcode":0,"Keywords":"0x8020000000000000","TimeCreated":"2023-12-08T15:57:31.149825800Z","EventRecordID":157962,"Correlation":{},"Execution":{"ProcessID":4,"ThreadID":4176},"Channel":"Security","Computer":"winterfell.north.sevenkingdoms.local"},"EventData":{"TargetDomainName":"-","MandatoryLabel":"S-1-16-12288","NewProcessId":"0x10b8","SubjectLogonId":"0xdd39ad","ProcessId":"0x4a8","NewProcessName":"C:\\Windows\\System32\\qwinsta.exe","TargetUserSid":"S-1-0-0","TargetUserName":"-","TargetLogonId":"0x0","SubjectUserSid":"S-1-5-21-2431860994-719566178-239256710-1113","CommandLine":"","TokenElevationType":"%%1936","ParentProcessName":"C:\\Windows\\System32\\query.exe","SubjectUserName":"robb.stark","SubjectDomainName":"NORTH"},"OpenWEC":{"IpAddress":"10.202.0.184","TimeReceived":"2023-12-08T15:57:52.550404096+00:00","Principal":"WINTERFELL$@NORTH.SEVENKINGDOMS.LOCAL","Subscription":{"Uuid":"CB04741B-9072-4E2D-B769-3570FA020BBD","Version":"6E053E8A-FE0D-45A0-A863-C501EEDB4011","Name":"anssi-subscription"}}}
{"System":{"Provider":{"Name":"Microsoft-Windows-Sysmon","Guid":"{5770385f-c22a-43e0-bf4c-06f5698ffbd9}"},"EventID":1,"Version":5,"Level":4,"Task":1,"Opcode":0,"Keywords":"0x8000000000000000","TimeCreated":"2023-12-08T15:57:31.153278500Z","EventRecordID":10501,"Correlation":{},"Execution":{"ProcessID":3248,"ThreadID":3876},"Channel":"Microsoft-Windows-Sysmon/Operational","Computer":"winterfell.north.sevenkingdoms.local","UserID":"S-1-5-18"},"EventData":{"IntegrityLevel":"High","ParentProcessGuid":"{2b62dd35-3ceb-6573-4108-000000002300}","Product":"Microsoft® Windows® Operating System","Company":"Microsoft Corporation","Hashes":"MD5=9322C72AB11E725B098552A5FAE0F655,SHA256=E1AE2EC83FEC0C8CF01B9E4C3DA910BE61ABF3071E56EDA834590C405E8E4E69,IMPHASH=45B4A06EB57D86287767753D3ED73862","ProcessGuid":"{2b62dd35-3ceb-6573-4208-000000002300}","RuleName":"-","ParentProcessId":"1192","ParentImage":"C:\\Windows\\System32\\query.exe","Description":"Query Session Utility","UtcTime":"2023-12-08 15:57:31.149","User":"NORTH\\robb.stark","FileVersion":"10.0.17763.1 (WinBuild.160101.0800)","CommandLine":"\"C:\\Windows\\system32\\qwinsta.exe\" robb.stark /server:castelblack","OriginalFileName":"qwinsta.exe","ParentUser":"NORTH\\robb.stark","TerminalSessionId":"0","LogonGuid":"{2b62dd35-3cea-6573-ad39-dd0000000000}","ParentCommandLine":"\"C:\\Windows\\system32\\query.exe\" session robb.stark /server:castelblack","Image":"C:\\Windows\\System32\\qwinsta.exe","LogonId":"0xdd39ad","ProcessId":"4280","CurrentDirectory":"C:\\Windows\\system32\\"},"OpenWEC":{"IpAddress":"10.202.0.184","TimeReceived":"2023-12-08T15:57:52.550404096+00:00","Principal":"WINTERFELL$@NORTH.SEVENKINGDOMS.LOCAL","Subscription":{"Uuid":"CB04741B-9072-4E2D-B769-3570FA020BBD","Version":"6E053E8A-FE0D-45A0-A863-C501EEDB4011","Name":"anssi-subscription"}}}
{"System":{"Provider":{"Name":"Microsoft-Windows-TaskScheduler","Guid":"{de7b24ea-73c8-4a09-985d-5bdadcfa9017}"},"EventID":107,"Version":0,"Level":4,"Task":107,"Opcode":0,"Keywords":"0x8000000000000000","TimeCreated":"2023-12-08T15:57:30.919702000Z","EventRecordID":49905,"Correlation":{"ActivityID":"{5c622f66-97e9-44de-b2bf-e7c86c32ab42}"},"Execution":{"ProcessID":1592,"ThreadID":5996},"Channel":"Microsoft-Windows-TaskScheduler/Operational","Computer":"winterfell.north.sevenkingdoms.local","UserID":"S-1-5-18"},"EventData":{"TaskName":"\\connect_bot","InstanceId":"{5c622f66-97e9-44de-b2bf-e7c86c32ab42}"},"OpenWEC":{"IpAddress":"10.202.0.184","TimeReceived":"2023-12-08T15:57:52.550404096+00:00","Principal":"WINTERFELL$@NORTH.SEVENKINGDOMS.LOCAL","Subscription":{"Uuid":"CB04741B-9072-4E2D-B769-3570FA020BBD","Version":"6E053E8A-FE0D-45A0-A863-C501EEDB4011","Name":"anssi-subscription"}}}
{"System":{"Provider":{"Name":"Microsoft-Windows-TaskScheduler","Guid":"{de7b24ea-73c8-4a09-985d-5bdadcfa9017}"},"EventID":129,"Version":0,"Level":4,"Task":129,"Opcode":0,"Keywords":"0x8000000000000000","TimeCreated":"2023-12-08T15:57:30.940143300Z","EventRecordID":49906,"Correlation":{},"Execution":{"ProcessID":1592,"ThreadID":5996},"Channel":"Microsoft-Windows-TaskScheduler/Operational","Computer":"winterfell.north.sevenkingdoms.local","UserID":"S-1-5-18"},"EventData":{"TaskName":"\\connect_bot","ProcessID":"5392","Priority":"16384","Path":"cmd.exe"},"OpenWEC":{"IpAddress":"10.202.0.184","TimeReceived":"2023-12-08T15:57:52.550404096+00:00","Principal":"WINTERFELL$@NORTH.SEVENKINGDOMS.LOCAL","Subscription":{"Uuid":"CB04741B-9072-4E2D-B769-3570FA020BBD","Version":"6E053E8A-FE0D-45A0-A863-C501EEDB4011","Name":"anssi-subscription"}}}
{"System":{"Provider":{"Name":"Microsoft-Windows-TaskScheduler","Guid":"{de7b24ea-73c8-4a09-985d-5bdadcfa9017}"},"EventID":100,"Version":0,"Level":4,"Task":100,"Opcode":1,"Keywords":"0x8000000000000001","TimeCreated":"2023-12-08T15:57:30.940406600Z","EventRecordID":49907,"Correlation":{"ActivityID":"{5c622f66-97e9-44de-b2bf-e7c86c32ab42}"},"Execution":{"ProcessID":1592,"ThreadID":5996},"Channel":"Microsoft-Windows-TaskScheduler/Operational","Computer":"winterfell.north.sevenkingdoms.local","UserID":"S-1-5-18"},"EventData":{"InstanceId":"{5c622f66-97e9-44de-b2bf-e7c86c32ab42}","TaskName":"\\connect_bot","UserContext":"NORTH\\robb.stark"},"OpenWEC":{"IpAddress":"10.202.0.184","TimeReceived":"2023-12-08T15:57:52.550404096+00:00","Principal":"WINTERFELL$@NORTH.SEVENKINGDOMS.LOCAL","Subscription":{"Uuid":"CB04741B-9072-4E2D-B769-3570FA020BBD","Version":"6E053E8A-FE0D-45A0-A863-C501EEDB4011","Name":"anssi-subscription"}}}
{"System":{"Provider":{"Name":"Microsoft-Windows-TaskScheduler","Guid":"{de7b24ea-73c8-4a09-985d-5bdadcfa9017}"},"EventID":200,"Version":1,"Level":4,"Task":200,"Opcode":1,"Keywords":"0x8000000000000000","TimeCreated":"2023-12-08T15:57:30.940408000Z","EventRecordID":49908,"Correlation":{"ActivityID":"{5c622f66-97e9-44de-b2bf-e7c86c32ab42}"},"Execution":{"ProcessID":1592,"ThreadID":5996},"Channel":"Microsoft-Windows-TaskScheduler/Operational","Computer":"winterfell.north.sevenkingdoms.local","UserID":"S-1-5-18"},"EventData":{"TaskInstanceId":"{5c622f66-97e9-44de-b2bf-e7c86c32ab42}","ActionName":"cmd.exe","TaskName":"\\connect_bot","EnginePID":"5392"},"OpenWEC":{"IpAddress":"10.202.0.184","TimeReceived":"2023-12-08T15:57:52.550404096+00:00","Principal":"WINTERFELL$@NORTH.SEVENKINGDOMS.LOCAL","Subscription":{"Uuid":"CB04741B-9072-4E2D-B769-3570FA020BBD","Version":"6E053E8A-FE0D-45A0-A863-C501EEDB4011","Name":"anssi-subscription"}}}
{"System":{"Provider":{"Name":"Microsoft-Windows-Sysmon","Guid":"{5770385f-c22a-43e0-bf4c-06f5698ffbd9}"},"EventID":10,"Version":3,"Level":4,"Task":10,"Opcode":0,"Keywords":"0x8000000000000000","TimeCreated":"2023-12-08T15:57:32.027681600Z","EventRecordID":10502,"Correlation":{},"Execution":{"ProcessID":3248,"ThreadID":3876},"Channel":"Microsoft-Windows-Sysmon/Operational","Computer":"winterfell.north.sevenkingdoms.local","UserID":"S-1-5-18"},"EventData":{"UtcTime":"2023-12-08 15:57:32.026","TargetImage":"C:\\Windows\\system32\\lsass.exe","CallTrace":"C:\\Windows\\SYSTEM32\\ntdll.dll+9feb4|C:\\Windows\\SYSTEM32\\ntdll.dll+7d367|C:\\Windows\\System32\\KERNEL32.DLL+1c5b4|C:\\Windows\\System32\\KERNEL32.DLL+237f8|C:\\Windows\\sysmon64.exe+ec5cd|C:\\Windows\\sysmon64.exe+edeb7|C:\\Windows\\sysmon64.exe+12e889|C:\\Windows\\sysmon64.exe+ee90e|C:\\Windows\\sysmon64.exe+eecd3|C:\\Windows\\sysmon64.exe+10bd88|C:\\Windows\\sysmon64.exe+e22d1|C:\\Windows\\sysmon64.exe+e2427|C:\\Windows\\System32\\sechost.dll+dc61|C:\\Windows\\System32\\sechost.dll+d9a9|C:\\Windows\\System32\\sechost.dll+13d4e|C:\\Windows\\sysmon64.exe+e25ba|C:\\Windows\\sysmon64.exe+1a9ad2|C:\\Windows\\System32\\KERNEL32.DLL+17974|C:\\Windows\\SYSTEM32\\ntdll.dll+5a2f1","SourceThreadId":"3932","SourceProcessId":"3248","SourceImage":"C:\\Windows\\sysmon64.exe","GrantedAccess":"0x1fffff","SourceProcessGUID":"{2b62dd35-e477-6572-4e00-000000002300}","TargetUser":"NT AUTHORITY\\SYSTEM","SourceUser":"NT AUTHORITY\\SYSTEM","TargetProcessId":"652","TargetProcessGUID":"{2b62dd35-54d9-6573-0c00-000000002300}","RuleName":"-"},"OpenWEC":{"IpAddress":"10.202.0.184","TimeReceived":"2023-12-08T15:57:52.550404096+00:00","Principal":"WINTERFELL$@NORTH.SEVENKINGDOMS.LOCAL","Subscription":{"Uuid":"CB04741B-9072-4E2D-B769-3570FA020BBD","Version":"6E053E8A-FE0D-45A0-A863-C501EEDB4011","Name":"anssi-subscription"}}}
{"System":{"Provider":{"Name":"Microsoft-Windows-Sysmon","Guid":"{5770385f-c22a-43e0-bf4c-06f5698ffbd9}"},"EventID":22,"Version":5,"Level":4,"Task":22,"Opcode":0,"Keywords":"0x8000000000000000","TimeCreated":"2023-12-08T15:57:32.028172200Z","EventRecordID":10503,"Correlation":{},"Execution":{"ProcessID":3248,"ThreadID":3932},"Channel":"Microsoft-Windows-Sysmon/Operational","Computer":"winterfell.north.sevenkingdoms.local","UserID":"S-1-5-18"},"EventData":{"ProcessId":"652","RuleName":"-","UtcTime":"2023-12-08 12:38:25.537","QueryStatus":"0","Image":"C:\\Windows\\system32\\lsass.exe","ProcessGuid":"{2b62dd35-54d9-6573-0c00-000000002300}","QueryResults":"10.202.0.184;192.168.56.11;10.0.2.15;","User":"NT AUTHORITY\\SYSTEM","QueryName":"winterfell"},"OpenWEC":{"IpAddress":"10.202.0.184","TimeReceived":"2023-12-08T15:57:52.550404096+00:00","Principal":"WINTERFELL$@NORTH.SEVENKINGDOMS.LOCAL","Subscription":{"Uuid":"CB04741B-9072-4E2D-B769-3570FA020BBD","Version":"6E053E8A-FE0D-45A0-A863-C501EEDB4011","Name":"anssi-subscription"}}}
{"System":{"Provider":{"Name":"Microsoft-Windows-Sysmon","Guid":"{5770385f-c22a-43e0-bf4c-06f5698ffbd9}"},"EventID":22,"Version":5,"Level":4,"Task":22,"Opcode":0,"Keywords":"0x8000000000000000","TimeCreated":"2023-12-08T15:57:32.028757900Z","EventRecordID":10504,"Correlation":{},"Execution":{"ProcessID":3248,"ThreadID":3932},"Channel":"Microsoft-Windows-Sysmon/Operational","Computer":"winterfell.north.sevenkingdoms.local","UserID":"S-1-5-18"},"EventData":{"QueryName":"castelblack","QueryResults":"::ffff:192.168.56.22;","QueryStatus":"0","RuleName":"-","ProcessGuid":"{2b62dd35-3ceb-6573-4208-000000002300}","User":"NORTH\\robb.stark","Image":"C:\\Windows\\system32\\qwinsta.exe","ProcessId":"4280","UtcTime":"2023-12-08 12:38:25.796"},"OpenWEC":{"IpAddress":"10.202.0.184","TimeReceived":"2023-12-08T15:57:52.550404096+00:00","Principal":"WINTERFELL$@NORTH.SEVENKINGDOMS.LOCAL","Subscription":{"Uuid":"CB04741B-9072-4E2D-B769-3570FA020BBD","Version":"6E053E8A-FE0D-45A0-A863-C501EEDB4011","Name":"anssi-subscription"}}}
{"System":{"Provider":{"Name":"Microsoft-Windows-Sysmon","Guid":"{5770385f-c22a-43e0-bf4c-06f5698ffbd9}"},"EventID":22,"Version":5,"Level":4,"Task":22,"Opcode":0,"Keywords":"0x8000000000000000","TimeCreated":"2023-12-08T15:57:33.027394200Z","EventRecordID":10505,"Correlation":{},"Execution":{"ProcessID":3248,"ThreadID":3932},"Channel":"Microsoft-Windows-Sysmon/Operational","Computer":"winterfell.north.sevenkingdoms.local","UserID":"S-1-5-18"},"EventData":{"ProcessGuid":"{2b62dd35-54db-6573-1500-000000002300}","UtcTime":"2023-12-08 12:38:25.799","RuleName":"-","ProcessId":"896","QueryStatus":"0","QueryName":"castelblack","QueryResults":"::ffff:192.168.56.22;","Image":"C:\\Windows\\System32\\svchost.exe","User":"NT AUTHORITY\\LOCAL SERVICE"},"OpenWEC":{"IpAddress":"10.202.0.184","TimeReceived":"2023-12-08T15:57:52.550404096+00:00","Principal":"WINTERFELL$@NORTH.SEVENKINGDOMS.LOCAL","Subscription":{"Uuid":"CB04741B-9072-4E2D-B769-3570FA020BBD","Version":"6E053E8A-FE0D-45A0-A863-C501EEDB4011","Name":"anssi-subscription"}}}
{"System":{"Provider":{"Name":"Microsoft-Windows-Security-Auditing","Guid":"{54849625-5478-4994-a5ba-3e3b0328c30d}"},"EventID":4624,"Version":2,"Level":0,"Task":12544,"Opcode":0,"Keywords":"0x8020000000000000","TimeCreated":"2023-12-08T15:57:38.875741600Z","EventRecordID":157964,"Correlation":{},"Execution":{"ProcessID":652,"ThreadID":2828},"Channel":"Security","Computer":"winterfell.north.sevenkingdoms.local"},"EventData":{"SubjectUserSid":"S-1-0-0","TargetUserSid":"S-1-5-18","SubjectUserName":"-","LogonProcessName":"Kerberos","AuthenticationPackageName":"Kerberos","ProcessName":"-","ImpersonationLevel":"%%1833","SubjectDomainName":"-","WorkstationName":"-","ProcessId":"0x0","LogonGuid":"{f01627c3-b208-4111-64fa-65a621d6172f}","TargetLogonId":"0xdd79f3","TargetUserName":"WINTERFELL$","IpAddress":"fe80::49d5:632e:746a:12ce","IpPort":"64805","TargetOutboundUserName":"-","TargetOutboundDomainName":"-","TargetLinkedLogonId":"0x0","ElevatedToken":"%%1842","SubjectLogonId":"0x0","LmPackageName":"-","RestrictedAdminMode":"-","VirtualAccount":"%%1843","TargetDomainName":"NORTH.SEVENKINGDOMS.LOCAL","LogonType":"3","KeyLength":"0","TransmittedServices":"-"},"OpenWEC":{"IpAddress":"10.202.0.184","TimeReceived":"2023-12-08T15:57:52.550404096+00:00","Principal":"WINTERFELL$@NORTH.SEVENKINGDOMS.LOCAL","Subscription":{"Uuid":"CB04741B-9072-4E2D-B769-3570FA020BBD","Version":"6E053E8A-FE0D-45A0-A863-C501EEDB4011","Name":"anssi-subscription"}}}
{"System":{"Provider":{"Name":"Microsoft-Windows-Security-Auditing","Guid":"{54849625-5478-4994-a5ba-3e3b0328c30d}"},"EventID":4624,"Version":2,"Level":0,"Task":12544,"Opcode":0,"Keywords":"0x8020000000000000","TimeCreated":"2023-12-08T15:57:38.881073500Z","EventRecordID":157966,"Correlation":{"ActivityID":"{82a8a277-29fd-0000-eca2-a882fd29da01}"},"Execution":{"ProcessID":652,"ThreadID":2156},"Channel":"Security","Computer":"winterfell.north.sevenkingdoms.local"},"EventData":{"TransmittedServices":"-","TargetDomainName":"NORTH.SEVENKINGDOMS.LOCAL","ProcessName":"-","VirtualAccount":"%%1843","LogonGuid":"{1ddf8114-ccb2-32e8-577c-254f9f8028e5}","IpPort":"0","LogonProcessName":"Kerberos","TargetLogonId":"0xdd7af3","SubjectDomainName":"-","SubjectUserSid":"S-1-0-0","TargetUserSid":"S-1-5-18","TargetUserName":"WINTERFELL$","LogonType":"3","LmPackageName":"-","AuthenticationPackageName":"Kerberos","ImpersonationLevel":"%%1833","RestrictedAdminMode":"-","KeyLength":"0","ProcessId":"0x0","SubjectLogonId":"0x0","IpAddress":"::1","SubjectUserName":"-","TargetOutboundDomainName":"-","TargetOutboundUserName":"-","TargetLinkedLogonId":"0x0","ElevatedToken":"%%1842","WorkstationName":"-"},"OpenWEC":{"IpAddress":"10.202.0.184","TimeReceived":"2023-12-08T15:57:52.550404096+00:00","Principal":"WINTERFELL$@NORTH.SEVENKINGDOMS.LOCAL","Subscription":{"Uuid":"CB04741B-9072-4E2D-B769-3570FA020BBD","Version":"6E053E8A-FE0D-45A0-A863-C501EEDB4011","Name":"anssi-subscription"}}}
