{"System":{"Provider":{"Name":"Microsoft-Windows-TerminalServices-ClientActiveXCore","Guid":"{28aa95bb-d444-4719-a36f-40462168127e}"},"EventID":1024,"Version":0,"Level":4,"Task":101,"Opcode":10,"Keywords":"0x4000000000000000","TimeCreated":"2023-12-08T15:55:52.568406500Z","EventRecordID":15216,"Correlation":{"ActivityID":"{624699be-abc4-4622-b774-bf37e9aa0000}"},"Execution":{"ProcessID":5312,"ThreadID":5292},"Channel":"Microsoft-Windows-TerminalServices-RDPClient/Operational","Computer":"winterfell.north.sevenkingdoms.local","UserID":"S-1-5-21-2431860994-719566178-239256710-1113"},"EventData":{"Value":"castelblack","Name":"Server Name","CustomLevel":"Info"},"OpenWEC":{"IpAddress":"10.202.0.184","TimeReceived":"2023-12-08T15:55:55.233131936+00:00","Principal":"WINTERFELL$@NORTH.SEVENKINGDOMS.LOCAL","Subscription":{"Uuid":"CB04741B-9072-4E2D-B769-3570FA020BBD","Version":"6E053E8A-FE0D-45A0-A863-C501EEDB4011","Name":"anssi-subscription"}}}
{"System":{"Provider":{"Name":"Microsoft-Windows-Sysmon","Guid":"{5770385f-c22a-43e0-bf4c-06f5698ffbd9}"},"EventID":22,"Version":5,"Level":4,"Task":22,"Opcode":0,"Keywords":"0x8000000000000000","TimeCreated":"2023-12-08T15:55:54.790414200Z","EventRecordID":10451,"Correlation":{},"Execution":{"ProcessID":3248,"ThreadID":3932},"Channel":"Microsoft-Windows-Sysmon/Operational","Computer":"winterfell.north.sevenkingdoms.local","UserID":"S-1-5-18"},"EventData":{"Image":"C:\\Windows\\system32\\mstsc.exe","User":"NORTH\\robb.stark","ProcessGuid":"{2b62dd35-3c88-6573-2e08-000000002300}","QueryResults":"::ffff:192.168.56.22;","QueryStatus":"0","RuleName":"-","ProcessId":"5312","QueryName":"castelblack","UtcTime":"2023-12-08 12:36:47.195"},"OpenWEC":{"IpAddress":"10.202.0.184","TimeReceived":"2023-12-08T15:56:25.774715206+00:00","Principal":"WINTERFELL$@NORTH.SEVENKINGDOMS.LOCAL","Subscription":{"Uuid":"CB04741B-9072-4E2D-B769-3570FA020BBD","Version":"6E053E8A-FE0D-45A0-A863-C501EEDB4011","Name":"anssi-subscription"}}}
{"System":{"Provider":{"Name":"Microsoft-Windows-Security-Auditing","Guid":"{54849625-5478-4994-a5ba-3e3b0328c30d}"},"EventID":4624,"Version":2,"Level":0,"Task":12544,"Opcode":0,"Keywords":"0x8020000000000000","TimeCreated":"2023-12-08T15:56:27.120203100Z","EventRecordID":157911,"Correlation":{},"Execution":{"ProcessID":652,"ThreadID":2828},"Channel":"Security","Computer":"winterfell.north.sevenkingdoms.local"},"EventData":{"SubjectUserSid":"S-1-0-0","IpAddress":"::1","TransmittedServices":"-","LmPackageName":"-","TargetOutboundDomainName":"-","SubjectUserName":"-","VirtualAccount":"%%1843","TargetLinkedLogonId":"0x0","TargetUserName":"WINTERFELL$","SubjectDomainName":"-","TargetUserSid":"S-1-5-18","IpPort":"64782","LogonType":"3","ImpersonationLevel":"%%1833","RestrictedAdminMode":"-","TargetOutboundUserName":"-","TargetLogonId":"0xdbfa8d","LogonGuid":"{3f4b9425-1866-4469-9e0a-1c617a2b9ee7}","ElevatedToken":"%%1842","SubjectLogonId":"0x0","KeyLength":"0","ProcessName":"-","LogonProcessName":"Kerberos","WorkstationName":"-","TargetDomainName":"NORTH.SEVENKINGDOMS.LOCAL","ProcessId":"0x0","AuthenticationPackageName":"Kerberos"},"OpenWEC":{"IpAddress":"10.202.0.184","TimeReceived":"2023-12-08T15:56:58.091181102+00:00","Principal":"WINTERFELL$@NORTH.SEVENKINGDOMS.LOCAL","Subscription":{"Uuid":"CB04741B-9072-4E2D-B769-3570FA020BBD","Version":"6E053E8A-FE0D-45A0-A863-C501EEDB4011","Name":"anssi-subscription"}}}
{"System":{"Provider":{"Name":"Microsoft-Windows-Sysmon","Guid":"{5770385f-c22a-43e0-bf4c-06f5698ffbd9}"},"EventID":10,"Version":3,"Level":4,"Task":10,"Opcode":0,"Keywords":"0x8000000000000000","TimeCreated":"2023-12-08T15:56:28.153565900Z","EventRecordID":10452,"Correlation":{},"Execution":{"ProcessID":3248,"ThreadID":3876},"Channel":"Microsoft-Windows-Sysmon/Operational","Computer":"winterfell.north.sevenkingdoms.local","UserID":"S-1-5-18"},"EventData":{"SourceProcessId":"3248","CallTrace":"C:\\Windows\\SYSTEM32\\ntdll.dll+9feb4|C:\\Windows\\SYSTEM32\\ntdll.dll+7d367|C:\\Windows\\System32\\KERNEL32.DLL+1c5b4|C:\\Windows\\System32\\KERNEL32.DLL+237f8|C:\\Windows\\sysmon64.exe+ec5cd|C:\\Windows\\sysmon64.exe+edeb7|C:\\Windows\\sysmon64.exe+12e889|C:\\Windows\\sysmon64.exe+ee90e|C:\\Windows\\sysmon64.exe+eecd3|C:\\Windows\\sysmon64.exe+f3eea|C:\\Windows\\sysmon64.exe+fbc2c|C:\\Windows\\sysmon64.exe+10dc04|C:\\Windows\\sysmon64.exe+10dcc5|C:\\Windows\\sysmon64.exe+1a9ad2|C:\\Windows\\System32\\KERNEL32.DLL+17974|C:\\Windows\\SYSTEM32\\ntdll.dll+5a2f1","TargetProcessGUID":"{2b62dd35-54d9-6573-0c00-000000002300}","SourceThreadId":"3884","RuleName":"-","SourceImage":"C:\\Windows\\sysmon64.exe","SourceProcessGUID":"{2b62dd35-e477-6572-4e00-000000002300}","GrantedAccess":"0x1fffff","TargetUser":"NT AUTHORITY\\SYSTEM","TargetImage":"C:\\Windows\\system32\\lsass.exe","UtcTime":"2023-12-08 15:56:28.152","TargetProcessId":"652","SourceUser":"NT AUTHORITY\\SYSTEM"},"OpenWEC":{"IpAddress":"10.202.0.184","TimeReceived":"2023-12-08T15:56:58.091181102+00:00","Principal":"WINTERFELL$@NORTH.SEVENKINGDOMS.LOCAL","Subscription":{"Uuid":"CB04741B-9072-4E2D-B769-3570FA020BBD","Version":"6E053E8A-FE0D-45A0-A863-C501EEDB4011","Name":"anssi-subscription"}}}
{"System":{"Provider":{"Name":"Microsoft-Windows-TaskScheduler","Guid":"{de7b24ea-73c8-4a09-985d-5bdadcfa9017}"},"EventID":107,"Version":0,"Level":4,"Task":107,"Opcode":0,"Keywords":"0x8000000000000000","TimeCreated":"2023-12-08T15:56:30.906034300Z","EventRecordID":49887,"Correlation":{"ActivityID":"{3ca9eda4-e1b6-4a03-b0da-fae1a0f071d7}"},"Execution":{"ProcessID":1592,"ThreadID":1052},"Channel":"Microsoft-Windows-TaskScheduler/Operational","Computer":"winterfell.north.sevenkingdoms.local","UserID":"S-1-5-18"},"EventData":{"TaskName":"\\connect_bot","InstanceId":"{3ca9eda4-e1b6-4a03-b0da-fae1a0f071d7}"},"OpenWEC":{"IpAddress":"10.202.0.184","TimeReceived":"2023-12-08T15:56:58.091181102+00:00","Principal":"WINTERFELL$@NORTH.SEVENKINGDOMS.LOCAL","Subscription":{"Uuid":"CB04741B-9072-4E2D-B769-3570FA020BBD","Version":"6E053E8A-FE0D-45A0-A863-C501EEDB4011","Name":"anssi-subscription"}}}
{"System":{"Provider":{"Name":"Microsoft-Windows-Security-Auditing","Guid":"{54849625-5478-4994-a5ba-3e3b0328c30d}"},"EventID":4648,"Version":0,"Level":0,"Task":12544,"Opcode":0,"Keywords":"0x8020000000000000","TimeCreated":"2023-12-08T15:56:30.905618300Z","EventRecordID":157915,"Correlation":{"ActivityID":"{82a8a277-29fd-0000-eca2-a882fd29da01}"},"Execution":{"ProcessID":652,"ThreadID":900},"Channel":"Security","Computer":"winterfell.north.sevenkingdoms.local"},"EventData":{"IpAddress":"-","IpPort":"-","TargetUserName":"robb.stark","TargetDomainName":"NORTH","SubjectDomainName":"NORTH","SubjectUserSid":"S-1-5-18","SubjectUserName":"WINTERFELL$","TargetLogonGuid":"{2568d27c-c709-0518-fece-24db72092732}","TargetServerName":"localhost","SubjectLogonId":"0x3e7","LogonGuid":"{00000000-0000-0000-0000-000000000000}","TargetInfo":"localhost","ProcessId":"0x638","ProcessName":"C:\\Windows\\System32\\svchost.exe"},"OpenWEC":{"IpAddress":"10.202.0.184","TimeReceived":"2023-12-08T15:56:58.091181102+00:00","Principal":"WINTERFELL$@NORTH.SEVENKINGDOMS.LOCAL","Subscription":{"Uuid":"CB04741B-9072-4E2D-B769-3570FA020BBD","Version":"6E053E8A-FE0D-45A0-A863-C501EEDB4011","Name":"anssi-subscription"}}}
{"System":{"Provider":{"Name":"Microsoft-Windows-Security-Auditing","Guid":"{54849625-5478-4994-a5ba-3e3b0328c30d}"},"EventID":4624,"Version":2,"Level":0,"Task":12544,"Opcode":0,"Keywords":"0x8020000000000000","TimeCreated":"2023-12-08T15:56:30.905721300Z","EventRecordID":157916,"Correlation":{"ActivityID":"{82a8a277-29fd-0000-eca2-a882fd29da01}"},"Execution":{"ProcessID":652,"ThreadID":900},"Channel":"Security","Computer":"winterfell.north.sevenkingdoms.local"},"EventData":{"AuthenticationPackageName":"Negotiate","SubjectDomainName":"NORTH","TargetOutboundUserName":"-","TransmittedServices":"-","RestrictedAdminMode":"-","TargetOutboundDomainName":"-","WorkstationName":"WINTERFELL","LogonProcessName":"Advapi  ","TargetLinkedLogonId":"0x0","VirtualAccount":"%%1843","LmPackageName":"-","SubjectUserName":"WINTERFELL$","LogonGuid":"{2568d27c-c709-0518-fece-24db72092732}","SubjectLogonId":"0x3e7","TargetUserName":"robb.stark","TargetDomainName":"NORTH","TargetLogonId":"0xdc07ce","KeyLength":"0","SubjectUserSid":"S-1-5-18","ProcessId":"0x638","ProcessName":"C:\\Windows\\System32\\svchost.exe","IpAddress":"-","ImpersonationLevel":"%%1833","LogonType":"4","TargetUserSid":"S-1-5-21-2431860994-719566178-239256710-1113","IpPort":"-","ElevatedToken":"%%1842"},"OpenWEC":{"IpAddress":"10.202.0.184","TimeReceived":"2023-12-08T15:56:58.091181102+00:00","Principal":"WINTERFELL$@NORTH.SEVENKINGDOMS.LOCAL","Subscription":{"Uuid":"CB04741B-9072-4E2D-B769-3570FA020BBD","Version":"6E053E8A-FE0D-45A0-A863-C501EEDB4011","Name":"anssi-subscription"}}}
{"System":{"Provider":{"Name":"Microsoft-Windows-Security-Auditing","Guid":"{54849625-5478-4994-a5ba-3e3b0328c30d}"},"EventID":4672,"Version":0,"Level":0,"Task":12548,"Opcode":0,"Keywords":"0x8020000000000000","TimeCreated":"2023-12-08T15:56:30.905728100Z","EventRecordID":157917,"Correlation":{"ActivityID":"{82a8a277-29fd-0000-eca2-a882fd29da01}"},"Execution":{"ProcessID":652,"ThreadID":900},"Channel":"Security","Computer":"winterfell.north.sevenkingdoms.local"},"EventData":{"SubjectUserSid":"S-1-5-21-2431860994-719566178-239256710-1113","SubjectUserName":"robb.stark","SubjectDomainName":"NORTH","SubjectLogonId":"0xdc07ce","PrivilegeList":"SeSecurityPrivilege\n\t\t\tSeTakeOwnershipPrivilege\n\t\t\tSeLoadDriverPrivilege\n\t\t\tSeBackupPrivilege\n\t\t\tSeRestorePrivilege\n\t\t\tSeDebugPrivilege\n\t\t\tSeSystemEnvironmentPrivilege\n\t\t\tSeEnableDelegationPrivilege\n\t\t\tSeImpersonatePrivilege\n\t\t\tSeDelegateSessionUserImpersonatePrivilege"},"OpenWEC":{"IpAddress":"10.202.0.184","TimeReceived":"2023-12-08T15:56:58.091181102+00:00","Principal":"WINTERFELL$@NORTH.SEVENKINGDOMS.LOCAL","Subscription":{"Uuid":"CB04741B-9072-4E2D-B769-3570FA020BBD","Version":"6E053E8A-FE0D-45A0-A863-C501EEDB4011","Name":"anssi-subscription"}}}
{"System":{"Provider":{"Name":"Microsoft-Windows-Security-Auditing","Guid":"{54849625-5478-4994-a5ba-3e3b0328c30d}"},"EventID":4688,"Version":2,"Level":0,"Task":13312,"Opcode":0,"Keywords":"0x8020000000000000","TimeCreated":"2023-12-08T15:56:30.909251300Z","EventRecordID":157918,"Correlation":{},"Execution":{"ProcessID":4,"ThreadID":2512},"Channel":"Security","Computer":"winterfell.north.sevenkingdoms.local"},"EventData":{"CommandLine":"","SubjectUserName":"WINTERFELL$","SubjectDomainName":"NORTH","TargetUserName":"-","TokenElevationType":"%%1936","NewProcessName":"C:\\Windows\\System32\\dllhost.exe","SubjectLogonId":"0x3e7","ProcessId":"0x35c","TargetDomainName":"-","SubjectUserSid":"S-1-5-18","TargetUserSid":"S-1-0-0","NewProcessId":"0x1340","MandatoryLabel":"S-1-16-16384","TargetLogonId":"0x0","ParentProcessName":"C:\\Windows\\System32\\svchost.exe"},"OpenWEC":{"IpAddress":"10.202.0.184","TimeReceived":"2023-12-08T15:56:58.091181102+00:00","Principal":"WINTERFELL$@NORTH.SEVENKINGDOMS.LOCAL","Subscription":{"Uuid":"CB04741B-9072-4E2D-B769-3570FA020BBD","Version":"6E053E8A-FE0D-45A0-A863-C501EEDB4011","Name":"anssi-subscription"}}}
{"System":{"Provider":{"Name":"Microsoft-Windows-Security-Auditing","Guid":"{54849625-5478-4994-a5ba-3e3b0328c30d}"},"EventID":4688,"Version":2,"Level":0,"Task":13312,"Opcode":0,"Keywords":"0x8020000000000000","TimeCreated":"2023-12-08T15:56:30.925631400Z","EventRecordID":157919,"Correlation":{},"Execution":{"ProcessID":4,"ThreadID":2512},"Channel":"Security","Computer":"winterfell.north.sevenkingdoms.local"},"EventData":{"ProcessId":"0x638","TargetUserSid":"S-1-0-0","ParentProcessName":"C:\\Windows\\System32\\svchost.exe","SubjectUserName":"WINTERFELL$","SubjectDomainName":"NORTH","TargetLogonId":"0xdc07ce","TokenElevationType":"%%1936","NewProcessName":"C:\\Windows\\System32\\cmd.exe","MandatoryLabel":"S-1-16-12288","SubjectUserSid":"S-1-5-18","CommandLine":"","SubjectLogonId":"0x3e7","TargetDomainName":"NORTH","NewProcessId":"0x1780","TargetUserName":"robb.stark"},"OpenWEC":{"IpAddress":"10.202.0.184","TimeReceived":"2023-12-08T15:56:58.091181102+00:00","Principal":"WINTERFELL$@NORTH.SEVENKINGDOMS.LOCAL","Subscription":{"Uuid":"CB04741B-9072-4E2D-B769-3570FA020BBD","Version":"6E053E8A-FE0D-45A0-A863-C501EEDB4011","Name":"anssi-subscription"}}}
{"System":{"Provider":{"Name":"Microsoft-Windows-TaskScheduler","Guid":"{de7b24ea-73c8-4a09-985d-5bdadcfa9017}"},"EventID":129,"Version":0,"Level":4,"Task":129,"Opcode":0,"Keywords":"0x8000000000000000","TimeCreated":"2023-12-08T15:56:30.927269700Z","EventRecordID":49888,"Correlation":{},"Execution":{"ProcessID":1592,"ThreadID":1052},"Channel":"Microsoft-Windows-TaskScheduler/Operational","Computer":"winterfell.north.sevenkingdoms.local","UserID":"S-1-5-18"},"EventData":{"Path":"cmd.exe","TaskName":"\\connect_bot","ProcessID":"6016","Priority":"16384"},"OpenWEC":{"IpAddress":"10.202.0.184","TimeReceived":"2023-12-08T15:56:58.091181102+00:00","Principal":"WINTERFELL$@NORTH.SEVENKINGDOMS.LOCAL","Subscription":{"Uuid":"CB04741B-9072-4E2D-B769-3570FA020BBD","Version":"6E053E8A-FE0D-45A0-A863-C501EEDB4011","Name":"anssi-subscription"}}}
{"System":{"Provider":{"Name":"Microsoft-Windows-TaskScheduler","Guid":"{de7b24ea-73c8-4a09-985d-5bdadcfa9017}"},"EventID":100,"Version":0,"Level":4,"Task":100,"Opcode":1,"Keywords":"0x8000000000000001","TimeCreated":"2023-12-08T15:56:30.927468500Z","EventRecordID":49889,"Correlation":{"ActivityID":"{3ca9eda4-e1b6-4a03-b0da-fae1a0f071d7}"},"Execution":{"ProcessID":1592,"ThreadID":1052},"Channel":"Microsoft-Windows-TaskScheduler/Operational","Computer":"winterfell.north.sevenkingdoms.local","UserID":"S-1-5-18"},"EventData":{"TaskName":"\\connect_bot","UserContext":"NORTH\\robb.stark","InstanceId":"{3ca9eda4-e1b6-4a03-b0da-fae1a0f071d7}"},"OpenWEC":{"IpAddress":"10.202.0.184","TimeReceived":"2023-12-08T15:56:58.091181102+00:00","Principal":"WINTERFELL$@NORTH.SEVENKINGDOMS.LOCAL","Subscription":{"Uuid":"CB04741B-9072-4E2D-B769-3570FA020BBD","Version":"6E053E8A-FE0D-45A0-A863-C501EEDB4011","Name":"anssi-subscription"}}}
{"System":{"Provider":{"Name":"Microsoft-Windows-TaskScheduler","Guid":"{de7b24ea-73c8-4a09-985d-5bdadcfa9017}"},"EventID":200,"Version":1,"Level":4,"Task":200,"Opcode":1,"Keywords":"0x8000000000000000","TimeCreated":"2023-12-08T15:56:30.927469600Z","EventRecordID":49890,"Correlation":{"ActivityID":"{3ca9eda4-e1b6-4a03-b0da-fae1a0f071d7}"},"Execution":{"ProcessID":1592,"ThreadID":1052},"Channel":"Microsoft-Windows-TaskScheduler/Operational","Computer":"winterfell.north.sevenkingdoms.local","UserID":"S-1-5-18"},"EventData":{"EnginePID":"6016","ActionName":"cmd.exe","TaskInstanceId":"{3ca9eda4-e1b6-4a03-b0da-fae1a0f071d7}","TaskName":"\\connect_bot"},"OpenWEC":{"IpAddress":"10.202.0.184","TimeReceived":"2023-12-08T15:56:58.091181102+00:00","Principal":"WINTERFELL$@NORTH.SEVENKINGDOMS.LOCAL","Subscription":{"Uuid":"CB04741B-9072-4E2D-B769-3570FA020BBD","Version":"6E053E8A-FE0D-45A0-A863-C501EEDB4011","Name":"anssi-subscription"}}}
{"System":{"Provider":{"Name":"Microsoft-Windows-Security-Auditing","Guid":"{54849625-5478-4994-a5ba-3e3b0328c30d}"},"EventID":4688,"Version":2,"Level":0,"Task":13312,"Opcode":0,"Keywords":"0x8020000000000000","TimeCreated":"2023-12-08T15:56:30.930152500Z","EventRecordID":157920,"Correlation":{},"Execution":{"ProcessID":4,"ThreadID":2512},"Channel":"Security","Computer":"winterfell.north.sevenkingdoms.local"},"EventData":{"TargetLogonId":"0x0","SubjectLogonId":"0xdc07ce","TargetUserSid":"S-1-0-0","TokenElevationType":"%%1936","TargetUserName":"-","NewProcessId":"0x152c","SubjectUserSid":"S-1-5-21-2431860994-719566178-239256710-1113","SubjectUserName":"robb.stark","ProcessId":"0x1780","ParentProcessName":"C:\\Windows\\System32\\cmd.exe","TargetDomainName":"-","MandatoryLabel":"S-1-16-12288","SubjectDomainName":"NORTH","CommandLine":"","NewProcessName":"C:\\Windows\\System32\\conhost.exe"},"OpenWEC":{"IpAddress":"10.202.0.184","TimeReceived":"2023-12-08T15:56:58.091181102+00:00","Principal":"WINTERFELL$@NORTH.SEVENKINGDOMS.LOCAL","Subscription":{"Uuid":"CB04741B-9072-4E2D-B769-3570FA020BBD","Version":"6E053E8A-FE0D-45A0-A863-C501EEDB4011","Name":"anssi-subscription"}}}
{"System":{"Provider":{"Name":"Microsoft-Windows-Security-Auditing","Guid":"{54849625-5478-4994-a5ba-3e3b0328c30d}"},"EventID":4688,"Version":2,"Level":0,"Task":13312,"Opcode":0,"Keywords":"0x8020000000000000","TimeCreated":"2023-12-08T15:56:30.959723600Z","EventRecordID":157921,"Correlation":{},"Execution":{"ProcessID":4,"ThreadID":2512},"Channel":"Security","Computer":"winterfell.north.sevenkingdoms.local"},"EventData":{"TargetUserName":"-","ParentProcessName":"C:\\Windows\\System32\\cmd.exe","SubjectUserSid":"S-1-5-21-2431860994-719566178-239256710-1113","SubjectLogonId":"0xdc07ce","SubjectDomainName":"NORTH","MandatoryLabel":"S-1-16-12288","CommandLine":"","TargetUserSid":"S-1-0-0","TargetDomainName":"-","NewProcessName":"C:\\Windows\\System32\\WindowsPowerShell\\v1.0\\powershell.exe","SubjectUserName":"robb.stark","TargetLogonId":"0x0","NewProcessId":"0x59c","TokenElevationType":"%%1936","ProcessId":"0x1780"},"OpenWEC":{"IpAddress":"10.202.0.184","TimeReceived":"2023-12-08T15:56:58.091181102+00:00","Principal":"WINTERFELL$@NORTH.SEVENKINGDOMS.LOCAL","Subscription":{"Uuid":"CB04741B-9072-4E2D-B769-3570FA020BBD","Version":"6E053E8A-FE0D-45A0-A863-C501EEDB4011","Name":"anssi-subscription"}}}
{"System":{"Provider":{"Name":"Microsoft-Windows-Security-Auditing","Guid":"{54849625-5478-4994-a5ba-3e3b0328c30d}"},"EventID":4688,"Version":2,"Level":0,"Task":13312,"Opcode":0,"Keywords":"0x8020000000000000","TimeCreated":"2023-12-08T15:56:31.137389100Z","EventRecordID":157922,"Correlation":{},"Execution":{"ProcessID":4,"ThreadID":2512},"Channel":"Security","Computer":"winterfell.north.sevenkingdoms.local"},"EventData":{"TokenElevationType":"%%1936","TargetLogonId":"0x0","SubjectUserSid":"S-1-5-21-2431860994-719566178-239256710-1113","SubjectUserName":"robb.stark","TargetUserSid":"S-1-0-0","SubjectDomainName":"NORTH","TargetDomainName":"-","CommandLine":"","NewProcessId":"0xee8","ParentProcessName":"C:\\Windows\\System32\\WindowsPowerShell\\v1.0\\powershell.exe","MandatoryLabel":"S-1-16-12288","TargetUserName":"-","SubjectLogonId":"0xdc07ce","ProcessId":"0x59c","NewProcessName":"C:\\Windows\\System32\\query.exe"},"OpenWEC":{"IpAddress":"10.202.0.184","TimeReceived":"2023-12-08T15:56:58.091181102+00:00","Principal":"WINTERFELL$@NORTH.SEVENKINGDOMS.LOCAL","Subscription":{"Uuid":"CB04741B-9072-4E2D-B769-3570FA020BBD","Version":"6E053E8A-FE0D-45A0-A863-C501EEDB4011","Name":"anssi-subscription"}}}
{"System":{"Provider":{"Name":"Microsoft-Windows-Security-Auditing","Guid":"{54849625-5478-4994-a5ba-3e3b0328c30d}"},"EventID":4688,"Version":2,"Level":0,"Task":13312,"Opcode":0,"Keywords":"0x8020000000000000","TimeCreated":"2023-12-08T15:56:31.152922400Z","EventRecordID":157923,"Correlation":{},"Execution":{"ProcessID":4,"ThreadID":2512},"Channel":"Security","Computer":"winterfell.north.sevenkingdoms.local"},"EventData":{"TargetUserName":"-","ProcessId":"0xee8","NewProcessId":"0x14f8","CommandLine":"","SubjectUserName":"robb.stark","TargetUserSid":"S-1-0-0","TargetDomainName":"-","TokenElevationType":"%%1936","ParentProcessName":"C:\\Windows\\System32\\query.exe","SubjectUserSid":"S-1-5-21-2431860994-719566178-239256710-1113","TargetLogonId":"0x0","SubjectDomainName":"NORTH","NewProcessName":"C:\\Windows\\System32\\qwinsta.exe","MandatoryLabel":"S-1-16-12288","SubjectLogonId":"0xdc07ce"},"OpenWEC":{"IpAddress":"10.202.0.184","TimeReceived":"2023-12-08T15:56:58.091181102+00:00","Principal":"WINTERFELL$@NORTH.SEVENKINGDOMS.LOCAL","Subscription":{"Uuid":"CB04741B-9072-4E2D-B769-3570FA020BBD","Version":"6E053E8A-FE0D-45A0-A863-C501EEDB4011","Name":"anssi-subscription"}}}
{"System":{"Provider":{"Name":"Microsoft-Windows-Sysmon","Guid":"{5770385f-c22a-43e0-bf4c-06f5698ffbd9}"},"EventID":10,"Version":3,"Level":4,"Task":10,"Opcode":0,"Keywords":"0x8000000000000000","TimeCreated":"2023-12-08T15:56:30.894077800Z","EventRecordID":10453,"Correlation":{},"Execution":{"ProcessID":3248,"ThreadID":3876},"Channel":"Microsoft-Windows-Sysmon/Operational","Computer":"winterfell.north.sevenkingdoms.local","UserID":"S-1-5-18"},"EventData":{"SourceThreadId":"1200","TargetImage":"C:\\Windows\\system32\\lsass.exe","GrantedAccess":"0x1000","SourceProcessGUID":"{2b62dd35-54db-6573-1000-000000002300}","TargetProcessId":"652","SourceUser":"NT AUTHORITY\\SYSTEM","TargetProcessGUID":"{2b62dd35-54d9-6573-0c00-000000002300}","SourceImage":"C:\\Windows\\system32\\svchost.exe","SourceProcessId":"948","RuleName":"-","UtcTime":"2023-12-08 15:56:30.887","TargetUser":"NT AUTHORITY\\SYSTEM","CallTrace":"C:\\Windows\\SYSTEM32\\ntdll.dll+9feb4|C:\\Windows\\System32\\KERNELBASE.dll+6c2f5|c:\\windows\\system32\\lsm.dll+f397|c:\\windows\\system32\\lsm.dll+df54|C:\\Windows\\System32\\RPCRT4.dll+784a3|C:\\Windows\\System32\\RPCRT4.dll+d9f9a|C:\\Windows\\System32\\RPCRT4.dll+1ac60|C:\\Windows\\System32\\RPCRT4.dll+508e8|C:\\Windows\\System32\\RPCRT4.dll+3ad80|C:\\Windows\\System32\\RPCRT4.dll+3a72b|C:\\Windows\\System32\\RPCRT4.dll+2c9cf|C:\\Windows\\System32\\RPCRT4.dll+2be2a|C:\\Windows\\System32\\RPCRT4.dll+2b3f1|C:\\Windows\\System32\\RPCRT4.dll+2ae62|C:\\Windows\\System32\\RPCRT4.dll+218d5|C:\\Windows\\SYSTEM32\\ntdll.dll+69c20|C:\\Windows\\SYSTEM32\\ntdll.dll+166e8|C:\\Windows\\System32\\KERNEL32.DLL+17974|C:\\Windows\\SYSTEM32\\ntdll.dll+5a2f1"},"OpenWEC":{"IpAddress":"10.202.0.184","TimeReceived":"2023-12-08T15:56:58.091181102+00:00","Principal":"WINTERFELL$@NORTH.SEVENKINGDOMS.LOCAL","Subscription":{"Uuid":"CB04741B-9072-4E2D-B769-3570FA020BBD","Version":"6E053E8A-FE0D-45A0-A863-C501EEDB4011","Name":"anssi-subscription"}}}
{"System":{"Provider":{"Name":"Microsoft-Windows-Sysmon","Guid":"{5770385f-c22a-43e0-bf4c-06f5698ffbd9}"},"EventID":10,"Version":3,"Level":4,"Task":10,"Opcode":0,"Keywords":"0x8000000000000000","TimeCreated":"2023-12-08T15:56:30.894344200Z","EventRecordID":10454,"Correlation":{},"Execution":{"ProcessID":3248,"ThreadID":3876},"Channel":"Microsoft-Windows-Sysmon/Operational","Computer":"winterfell.north.sevenkingdoms.local","UserID":"S-1-5-18"},"EventData":{"TargetProcessId":"652","TargetImage":"C:\\Windows\\system32\\lsass.exe","GrantedAccess":"0x1000","CallTrace":"C:\\Windows\\SYSTEM32\\ntdll.dll+9feb4|C:\\Windows\\System32\\KERNELBASE.dll+6c2f5|c:\\windows\\system32\\lsm.dll+e2ca|c:\\windows\\system32\\lsm.dll+e044|C:\\Windows\\System32\\RPCRT4.dll+784a3|C:\\Windows\\System32\\RPCRT4.dll+d9f9a|C:\\Windows\\System32\\RPCRT4.dll+1ac60|C:\\Windows\\System32\\RPCRT4.dll+508e8|C:\\Windows\\System32\\RPCRT4.dll+3ad80|C:\\Windows\\System32\\RPCRT4.dll+3a72b|C:\\Windows\\System32\\RPCRT4.dll+2c9cf|C:\\Windows\\System32\\RPCRT4.dll+2be2a|C:\\Windows\\System32\\RPCRT4.dll+2b3f1|C:\\Windows\\System32\\RPCRT4.dll+2ae62|C:\\Windows\\System32\\RPCRT4.dll+218d5|C:\\Windows\\SYSTEM32\\ntdll.dll+69c20|C:\\Windows\\SYSTEM32\\ntdll.dll+166e8|C:\\Windows\\System32\\KERNEL32.DLL+17974|C:\\Windows\\SYSTEM32\\ntdll.dll+5a2f1","SourceUser":"NT AUTHORITY\\SYSTEM","TargetUser":"NT AUTHORITY\\SYSTEM","SourceImage":"C:\\Windows\\system32\\svchost.exe","TargetProcessGUID":"{2b62dd35-54d9-6573-0c00-000000002300}","SourceProcessGUID":"{2b62dd35-54db-6573-1000-000000002300}","UtcTime":"2023-12-08 15:56:30.887","RuleName":"-","SourceProcessId":"948","SourceThreadId":"1200"},"OpenWEC":{"IpAddress":"10.202.0.184","TimeReceived":"2023-12-08T15:56:58.091181102+00:00","Principal":"WINTERFELL$@NORTH.SEVENKINGDOMS.LOCAL","Subscription":{"Uuid":"CB04741B-9072-4E2D-B769-3570FA020BBD","Version":"6E053E8A-FE0D-45A0-A863-C501EEDB4011","Name":"anssi-subscription"}}}
{"System":{"Provider":{"Name":"Microsoft-Windows-Sysmon","Guid":"{5770385f-c22a-43e0-bf4c-06f5698ffbd9}"},"EventID":1,"Version":5,"Level":4,"Task":1,"Opcode":0,"Keywords":"0x8000000000000000","TimeCreated":"2023-12-08T15:56:30.911611500Z","EventRecordID":10455,"Correlation":{},"Execution":{"ProcessID":3248,"ThreadID":3876},"Channel":"Microsoft-Windows-Sysmon/Operational","Computer":"winterfell.north.sevenkingdoms.local","UserID":"S-1-5-18"},"EventData":{"LogonId":"0x3e7","ProcessGuid":"{2b62dd35-3cae-6573-2f08-000000002300}","ProcessId":"4928","TerminalSessionId":"0","ParentProcessGuid":"{00000000-0000-0000-0000-000000000000}","ParentProcessId":"860","ParentImage":"-","Description":"COM Surrogate","Image":"C:\\Windows\\System32\\dllhost.exe","CommandLine":"C:\\Windows\\system32\\DllHost.exe /Processid:{E10F6C3A-F1AE-4ADC-AA9D-2FE65525666E}","LogonGuid":"{2b62dd35-54d9-6573-e703-000000000000}","FileVersion":"10.0.17763.1 (WinBuild.160101.0800)","IntegrityLevel":"System","CurrentDirectory":"C:\\Windows\\system32\\","RuleName":"-","Product":"Microsoft® Windows® Operating System","UtcTime":"2023-12-08 15:56:30.909","Hashes":"MD5=D2AB39EA2C0FCD172751F84BDA723A97,SHA256=C4E078607DB2784BE7761C86048DFFA6F3EF04B551354A32FCDEC3B6A3450905,IMPHASH=68E651F131674892AE7E46556EB24726","ParentUser":"-","Company":"Microsoft Corporation","ParentCommandLine":"-","User":"NT AUTHORITY\\SYSTEM","OriginalFileName":"dllhost.exe"},"OpenWEC":{"IpAddress":"10.202.0.184","TimeReceived":"2023-12-08T15:56:58.091181102+00:00","Principal":"WINTERFELL$@NORTH.SEVENKINGDOMS.LOCAL","Subscription":{"Uuid":"CB04741B-9072-4E2D-B769-3570FA020BBD","Version":"6E053E8A-FE0D-45A0-A863-C501EEDB4011","Name":"anssi-subscription"}}}
{"System":{"Provider":{"Name":"Microsoft-Windows-Sysmon","Guid":"{5770385f-c22a-43e0-bf4c-06f5698ffbd9}"},"EventID":1,"Version":5,"Level":4,"Task":1,"Opcode":0,"Keywords":"0x8000000000000000","TimeCreated":"2023-12-08T15:56:30.928048900Z","EventRecordID":10456,"Correlation":{},"Execution":{"ProcessID":3248,"ThreadID":3876},"Channel":"Microsoft-Windows-Sysmon/Operational","Computer":"winterfell.north.sevenkingdoms.local","UserID":"S-1-5-18"},"EventData":{"ProcessId":"6016","ProcessGuid":"{2b62dd35-3cae-6573-3008-000000002300}","IntegrityLevel":"High","Hashes":"MD5=911D039E71583A07320B32BDE22F8E22,SHA256=BC866CFCDDA37E24DC2634DC282C7A0E6F55209DA17A8FA105B07414C0E7C527,IMPHASH=272245E2988E1E430500B852C4FB5E18","ParentProcessId":"1592","Image":"C:\\Windows\\System32\\cmd.exe","CommandLine":"cmd.exe /c powershell c:\\setup\\bot_rdp.ps1","ParentProcessGuid":"{00000000-0000-0000-0000-000000000000}","UtcTime":"2023-12-08 15:56:30.925","User":"NORTH\\robb.stark","CurrentDirectory":"C:\\Windows\\system32\\","FileVersion":"10.0.17763.1697 (WinBuild.160101.0800)","LogonId":"0xdc07ce","RuleName":"-","Description":"Windows Command Processor","ParentCommandLine":"-","ParentImage":"-","OriginalFileName":"Cmd.Exe","TerminalSessionId":"0","ParentUser":"-","LogonGuid":"{2b62dd35-3cae-6573-ce07-dc0000000000}","Company":"Microsoft Corporation","Product":"Microsoft® Windows® Operating System"},"OpenWEC":{"IpAddress":"10.202.0.184","TimeReceived":"2023-12-08T15:56:58.091181102+00:00","Principal":"WINTERFELL$@NORTH.SEVENKINGDOMS.LOCAL","Subscription":{"Uuid":"CB04741B-9072-4E2D-B769-3570FA020BBD","Version":"6E053E8A-FE0D-45A0-A863-C501EEDB4011","Name":"anssi-subscription"}}}
{"System":{"Provider":{"Name":"Microsoft-Windows-Sysmon","Guid":"{5770385f-c22a-43e0-bf4c-06f5698ffbd9}"},"EventID":1,"Version":5,"Level":4,"Task":1,"Opcode":0,"Keywords":"0x8000000000000000","TimeCreated":"2023-12-08T15:56:30.965413000Z","EventRecordID":10457,"Correlation":{},"Execution":{"ProcessID":3248,"ThreadID":3876},"Channel":"Microsoft-Windows-Sysmon/Operational","Computer":"winterfell.north.sevenkingdoms.local","UserID":"S-1-5-18"},"EventData":{"UtcTime":"2023-12-08 15:56:30.959","TerminalSessionId":"0","RuleName":"-","Hashes":"MD5=7353F60B1739074EB17C5F4DDDEFE239,SHA256=DE96A6E69944335375DC1AC238336066889D9FFC7D73628EF4FE1B1B160AB32C,IMPHASH=741776AACCFC5B71FF59832DCDCACE0F","OriginalFileName":"PowerShell.EXE","ParentCommandLine":"cmd.exe /c powershell c:\\setup\\bot_rdp.ps1","Description":"Windows PowerShell","LogonId":"0xdc07ce","ParentImage":"C:\\Windows\\System32\\cmd.exe","FileVersion":"10.0.17763.1 (WinBuild.160101.0800)","Image":"C:\\Windows\\System32\\WindowsPowerShell\\v1.0\\powershell.exe","ParentProcessGuid":"{2b62dd35-3cae-6573-3008-000000002300}","User":"NORTH\\robb.stark","Product":"Microsoft® Windows® Operating System","CommandLine":"powershell  c:\\setup\\bot_rdp.ps1","LogonGuid":"{2b62dd35-3cae-6573-ce07-dc0000000000}","ParentUser":"NORTH\\robb.stark","ProcessId":"1436","Company":"Microsoft Corporation","CurrentDirectory":"C:\\Windows\\system32\\","IntegrityLevel":"High","ProcessGuid":"{2b62dd35-3cae-6573-3208-000000002300}","ParentProcessId":"6016"},"OpenWEC":{"IpAddress":"10.202.0.184","TimeReceived":"2023-12-08T15:56:58.091181102+00:00","Principal":"WINTERFELL$@NORTH.SEVENKINGDOMS.LOCAL","Subscription":{"Uuid":"CB04741B-9072-4E2D-B769-3570FA020BBD","Version":"6E053E8A-FE0D-45A0-A863-C501EEDB4011","Name":"anssi-subscription"}}}
{"System":{"Provider":{"Name":"Microsoft-Windows-Sysmon","Guid":"{5770385f-c22a-43e0-bf4c-06f5698ffbd9}"},"EventID":11,"Version":2,"Level":4,"Task":11,"Opcode":0,"Keywords":"0x8000000000000000","TimeCreated":"2023-12-08T15:56:31.014643700Z","EventRecordID":10458,"Correlation":{},"Execution":{"ProcessID":3248,"ThreadID":3876},"Channel":"Microsoft-Windows-Sysmon/Operational","Computer":"winterfell.north.sevenkingdoms.local","UserID":"S-1-5-18"},"EventData":{"TargetFilename":"C:\\Users\\robb.stark\\AppData\\Local\\Temp\\__PSScriptPolicyTest_awr12mub.q1s.ps1","User":"NORTH\\robb.stark","ProcessId":"1436","UtcTime":"2023-12-08 15:56:31.009","RuleName":"-","CreationUtcTime":"2023-12-08 15:56:31.009","ProcessGuid":"{2b62dd35-3cae-6573-3208-000000002300}","Image":"C:\\Windows\\System32\\WindowsPowerShell\\v1.0\\powershell.exe"},"OpenWEC":{"IpAddress":"10.202.0.184","TimeReceived":"2023-12-08T15:56:58.091181102+00:00","Principal":"WINTERFELL$@NORTH.SEVENKINGDOMS.LOCAL","Subscription":{"Uuid":"CB04741B-9072-4E2D-B769-3570FA020BBD","Version":"6E053E8A-FE0D-45A0-A863-C501EEDB4011","Name":"anssi-subscription"}}}
{"System":{"Provider":{"Name":"Microsoft-Windows-Sysmon","Guid":"{5770385f-c22a-43e0-bf4c-06f5698ffbd9}"},"EventID":1,"Version":5,"Level":4,"Task":1,"Opcode":0,"Keywords":"0x8000000000000000","TimeCreated":"2023-12-08T15:56:31.141511100Z","EventRecordID":10459,"Correlation":{},"Execution":{"ProcessID":3248,"ThreadID":3876},"Channel":"Microsoft-Windows-Sysmon/Operational","Computer":"winterfell.north.sevenkingdoms.local","UserID":"S-1-5-18"},"EventData":{"Image":"C:\\Windows\\System32\\query.exe","ProcessId":"3816","IntegrityLevel":"High","TerminalSessionId":"0","ParentProcessGuid":"{2b62dd35-3cae-6573-3208-000000002300}","Product":"Microsoft® Windows® Operating System","Company":"Microsoft Corporation","ParentImage":"C:\\Windows\\System32\\WindowsPowerShell\\v1.0\\powershell.exe","ProcessGuid":"{2b62dd35-3caf-6573-3308-000000002300}","CommandLine":"\"C:\\Windows\\system32\\query.exe\" session robb.stark /server:castelblack","FileVersion":"10.0.17763.1 (WinBuild.160101.0800)","User":"NORTH\\robb.stark","LogonId":"0xdc07ce","ParentCommandLine":"powershell  c:\\setup\\bot_rdp.ps1","UtcTime":"2023-12-08 15:56:31.137","CurrentDirectory":"C:\\Windows\\system32\\","Hashes":"MD5=8A7520A6CC2A2968F4A8EE4DB946AD8D,SHA256=3369E8FEA09C3C226D636B13108DA357093D0D98214236417839A94F56D3BA02,IMPHASH=CCC9DA4A55E90DFE34CBCDB066D6A6B3","LogonGuid":"{2b62dd35-3cae-6573-ce07-dc0000000000}","RuleName":"-","ParentUser":"NORTH\\robb.stark","OriginalFileName":"query.exe","Description":"MultiUser Query Utility","ParentProcessId":"1436"},"OpenWEC":{"IpAddress":"10.202.0.184","TimeReceived":"2023-12-08T15:56:58.091181102+00:00","Principal":"WINTERFELL$@NORTH.SEVENKINGDOMS.LOCAL","Subscription":{"Uuid":"CB04741B-9072-4E2D-B769-3570FA020BBD","Version":"6E053E8A-FE0D-45A0-A863-C501EEDB4011","Name":"anssi-subscription"}}}
{"System":{"Provider":{"Name":"Microsoft-Windows-Sysmon","Guid":"{5770385f-c22a-43e0-bf4c-06f5698ffbd9}"},"EventID":10,"Version":3,"Level":4,"Task":10,"Opcode":0,"Keywords":"0x8000000000000000","TimeCreated":"2023-12-08T15:56:31.141922900Z","EventRecordID":10460,"Correlation":{},"Execution":{"ProcessID":3248,"ThreadID":3876},"Channel":"Microsoft-Windows-Sysmon/Operational","Computer":"winterfell.north.sevenkingdoms.local","UserID":"S-1-5-18"},"EventData":{"SourceProcessId":"1436","UtcTime":"2023-12-08 15:56:31.134","TargetProcessGUID":"{2b62dd35-3caf-6573-3308-000000002300}","GrantedAccess":"0x1fffff","TargetImage":"C:\\Windows\\system32\\query.exe","TargetProcessId":"3816","TargetUser":"NORTH\\robb.stark","RuleName":"-","CallTrace":"C:\\Windows\\SYSTEM32\\ntdll.dll+a1244|C:\\Windows\\System32\\KERNELBASE.dll+485d2|C:\\Windows\\System32\\KERNELBASE.dll+45fc6|C:\\Windows\\System32\\KERNEL32.DLL+1c2e3|C:\\Windows\\assembly\\NativeImages_v4.0.30319_64\\System\\cb755e97e255f61e327a8001d4e05859\\System.ni.dll+3332f6|C:\\Windows\\assembly\\NativeImages_v4.0.30319_64\\System\\cb755e97e255f61e327a8001d4e05859\\System.ni.dll+2b5560|C:\\Windows\\assembly\\NativeImages_v4.0.30319_64\\System\\cb755e97e255f61e327a8001d4e05859\\System.ni.dll+2b4f07|C:\\Windows\\assembly\\NativeImages_v4.0.30319_64\\System.Manaa57fc8cc#\\da4031e77cd7d8b426cd99e749e0c982\\System.Management.Automation.ni.dll+f7fc6b|C:\\Windows\\assembly\\NativeImages_v4.0.30319_64\\System.Manaa57fc8cc#\\da4031e77cd7d8b426cd99e749e0c982\\System.Management.Automation.ni.dll+ed9fad|C:\\Windows\\assembly\\NativeImages_v4.0.30319_64\\System.Manaa57fc8cc#\\da4031e77cd7d8b426cd99e749e0c982\\System.Management.Automation.ni.dll+f5cb1e|C:\\Windows\\assembly\\NativeImages_v4.0.30319_64\\System.Manaa57fc8cc#\\da4031e77cd7d8b426cd99e749e0c982\\System.Management.Automation.ni.dll+f5c7fb|C:\\Windows\\assembly\\NativeImages_v4.0.30319_64\\System.Manaa57fc8cc#\\da4031e77cd7d8b426cd99e749e0c982\\System.Management.Automation.ni.dll+104fcb4|UNKNOWN(00007FF7D51A13C1)","SourceProcessGUID":"{2b62dd35-3cae-6573-3208-000000002300}","SourceThreadId":"3120","SourceUser":"NORTH\\robb.stark","SourceImage":"C:\\Windows\\System32\\WindowsPowerShell\\v1.0\\powershell.exe"},"OpenWEC":{"IpAddress":"10.202.0.184","TimeReceived":"2023-12-08T15:56:58.091181102+00:00","Principal":"WINTERFELL$@NORTH.SEVENKINGDOMS.LOCAL","Subscription":{"Uuid":"CB04741B-9072-4E2D-B769-3570FA020BBD","Version":"6E053E8A-FE0D-45A0-A863-C501EEDB4011","Name":"anssi-subscription"}}}
{"System":{"Provider":{"Name":"Microsoft-Windows-Sysmon","Guid":"{5770385f-c22a-43e0-bf4c-06f5698ffbd9}"},"EventID":1,"Version":5,"Level":4,"Task":1,"Opcode":0,"Keywords":"0x8000000000000000","TimeCreated":"2023-12-08T15:56:31.156449300Z","EventRecordID":10461,"Correlation":{},"Execution":{"ProcessID":3248,"ThreadID":3876},"Channel":"Microsoft-Windows-Sysmon/Operational","Computer":"winterfell.north.sevenkingdoms.local","UserID":"S-1-5-18"},"EventData":{"OriginalFileName":"qwinsta.exe","CurrentDirectory":"C:\\Windows\\system32\\","TerminalSessionId":"0","ParentProcessId":"3816","RuleName":"-","CommandLine":"\"C:\\Windows\\system32\\qwinsta.exe\" robb.stark /server:castelblack","ParentUser":"NORTH\\robb.stark","Image":"C:\\Windows\\System32\\qwinsta.exe","IntegrityLevel":"High","Hashes":"MD5=9322C72AB11E725B098552A5FAE0F655,SHA256=E1AE2EC83FEC0C8CF01B9E4C3DA910BE61ABF3071E56EDA834590C405E8E4E69,IMPHASH=45B4A06EB57D86287767753D3ED73862","ParentProcessGuid":"{2b62dd35-3caf-6573-3308-000000002300}","ParentImage":"C:\\Windows\\System32\\query.exe","LogonGuid":"{2b62dd35-3cae-6573-ce07-dc0000000000}","Product":"Microsoft® Windows® Operating System","ProcessId":"5368","ParentCommandLine":"\"C:\\Windows\\system32\\query.exe\" session robb.stark /server:castelblack","FileVersion":"10.0.17763.1 (WinBuild.160101.0800)","LogonId":"0xdc07ce","Description":"Query Session Utility","User":"NORTH\\robb.stark","ProcessGuid":"{2b62dd35-3caf-6573-3408-000000002300}","UtcTime":"2023-12-08 15:56:31.152","Company":"Microsoft Corporation"},"OpenWEC":{"IpAddress":"10.202.0.184","TimeReceived":"2023-12-08T15:56:58.091181102+00:00","Principal":"WINTERFELL$@NORTH.SEVENKINGDOMS.LOCAL","Subscription":{"Uuid":"CB04741B-9072-4E2D-B769-3570FA020BBD","Version":"6E053E8A-FE0D-45A0-A863-C501EEDB4011","Name":"anssi-subscription"}}}
{"System":{"Provider":{"Name":"Microsoft-Windows-Sysmon","Guid":"{5770385f-c22a-43e0-bf4c-06f5698ffbd9}"},"EventID":22,"Version":5,"Level":4,"Task":22,"Opcode":0,"Keywords":"0x8000000000000000","TimeCreated":"2023-12-08T15:56:31.902012100Z","EventRecordID":10462,"Correlation":{},"Execution":{"ProcessID":3248,"ThreadID":3932},"Channel":"Microsoft-Windows-Sysmon/Operational","Computer":"winterfell.north.sevenkingdoms.local","UserID":"S-1-5-18"},"EventData":{"RuleName":"-","ProcessGuid":"{2b62dd35-54d9-6573-0c00-000000002300}","QueryStatus":"0","User":"NT AUTHORITY\\SYSTEM","UtcTime":"2023-12-08 12:37:25.525","QueryName":"winterfell","ProcessId":"652","QueryResults":"10.202.0.184;192.168.56.11;10.0.2.15;","Image":"C:\\Windows\\system32\\lsass.exe"},"OpenWEC":{"IpAddress":"10.202.0.184","TimeReceived":"2023-12-08T15:56:58.091181102+00:00","Principal":"WINTERFELL$@NORTH.SEVENKINGDOMS.LOCAL","Subscription":{"Uuid":"CB04741B-9072-4E2D-B769-3570FA020BBD","Version":"6E053E8A-FE0D-45A0-A863-C501EEDB4011","Name":"anssi-subscription"}}}
{"System":{"Provider":{"Name":"Microsoft-Windows-Sysmon","Guid":"{5770385f-c22a-43e0-bf4c-06f5698ffbd9}"},"EventID":22,"Version":5,"Level":4,"Task":22,"Opcode":0,"Keywords":"0x8000000000000000","TimeCreated":"2023-12-08T15:56:31.902630700Z","EventRecordID":10463,"Correlation":{},"Execution":{"ProcessID":3248,"ThreadID":3932},"Channel":"Microsoft-Windows-Sysmon/Operational","Computer":"winterfell.north.sevenkingdoms.local","UserID":"S-1-5-18"},"EventData":{"UtcTime":"2023-12-08 12:37:25.803","User":"NORTH\\robb.stark","RuleName":"-","QueryName":"castelblack","Image":"C:\\Windows\\system32\\qwinsta.exe","ProcessGuid":"{2b62dd35-3caf-6573-3408-000000002300}","ProcessId":"5368","QueryResults":"::ffff:192.168.56.22;","QueryStatus":"0"},"OpenWEC":{"IpAddress":"10.202.0.184","TimeReceived":"2023-12-08T15:56:58.091181102+00:00","Principal":"WINTERFELL$@NORTH.SEVENKINGDOMS.LOCAL","Subscription":{"Uuid":"CB04741B-9072-4E2D-B769-3570FA020BBD","Version":"6E053E8A-FE0D-45A0-A863-C501EEDB4011","Name":"anssi-subscription"}}}
{"System":{"Provider":{"Name":"Microsoft-Windows-Sysmon","Guid":"{5770385f-c22a-43e0-bf4c-06f5698ffbd9}"},"EventID":10,"Version":3,"Level":4,"Task":10,"Opcode":0,"Keywords":"0x8000000000000000","TimeCreated":"2023-12-08T15:56:31.902785700Z","EventRecordID":10464,"Correlation":{},"Execution":{"ProcessID":3248,"ThreadID":3876},"Channel":"Microsoft-Windows-Sysmon/Operational","Computer":"winterfell.north.sevenkingdoms.local","UserID":"S-1-5-18"},"EventData":{"SourceProcessId":"3248","GrantedAccess":"0x1fffff","TargetUser":"NT AUTHORITY\\SYSTEM","SourceImage":"C:\\Windows\\sysmon64.exe","SourceProcessGUID":"{2b62dd35-e477-6572-4e00-000000002300}","UtcTime":"2023-12-08 15:56:31.899","CallTrace":"C:\\Windows\\SYSTEM32\\ntdll.dll+9feb4|C:\\Windows\\SYSTEM32\\ntdll.dll+7d367|C:\\Windows\\System32\\KERNEL32.DLL+1c5b4|C:\\Windows\\System32\\KERNEL32.DLL+237f8|C:\\Windows\\sysmon64.exe+ec5cd|C:\\Windows\\sysmon64.exe+edeb7|C:\\Windows\\sysmon64.exe+12e889|C:\\Windows\\sysmon64.exe+ee90e|C:\\Windows\\sysmon64.exe+eecd3|C:\\Windows\\sysmon64.exe+10bd88|C:\\Windows\\sysmon64.exe+e22d1|C:\\Windows\\sysmon64.exe+e2427|C:\\Windows\\System32\\sechost.dll+dc61|C:\\Windows\\System32\\sechost.dll+d9a9|C:\\Windows\\System32\\sechost.dll+13d4e|C:\\Windows\\sysmon64.exe+e25ba|C:\\Windows\\sysmon64.exe+1a9ad2|C:\\Windows\\System32\\KERNEL32.DLL+17974|C:\\Windows\\SYSTEM32\\ntdll.dll+5a2f1","SourceUser":"NT AUTHORITY\\SYSTEM","RuleName":"-","SourceThreadId":"3932","TargetProcessId":"652","TargetImage":"C:\\Windows\\system32\\lsass.exe","TargetProcessGUID":"{2b62dd35-54d9-6573-0c00-000000002300}"},"OpenWEC":{"IpAddress":"10.202.0.184","TimeReceived":"2023-12-08T15:56:58.091181102+00:00","Principal":"WINTERFELL$@NORTH.SEVENKINGDOMS.LOCAL","Subscription":{"Uuid":"CB04741B-9072-4E2D-B769-3570FA020BBD","Version":"6E053E8A-FE0D-45A0-A863-C501EEDB4011","Name":"anssi-subscription"}}}
{"System":{"Provider":{"Name":"Microsoft-Windows-Sysmon","Guid":"{5770385f-c22a-43e0-bf4c-06f5698ffbd9}"},"EventID":22,"Version":5,"Level":4,"Task":22,"Opcode":0,"Keywords":"0x8000000000000000","TimeCreated":"2023-12-08T15:56:32.904494000Z","EventRecordID":10465,"Correlation":{},"Execution":{"ProcessID":3248,"ThreadID":3932},"Channel":"Microsoft-Windows-Sysmon/Operational","Computer":"winterfell.north.sevenkingdoms.local","UserID":"S-1-5-18"},"EventData":{"UtcTime":"2023-12-08 12:37:25.809","ProcessId":"896","ProcessGuid":"{2b62dd35-54db-6573-1500-000000002300}","QueryStatus":"0","User":"NT AUTHORITY\\LOCAL SERVICE","RuleName":"-","QueryResults":"::ffff:192.168.56.22;","QueryName":"castelblack","Image":"C:\\Windows\\System32\\svchost.exe"},"OpenWEC":{"IpAddress":"10.202.0.184","TimeReceived":"2023-12-08T15:56:58.091181102+00:00","Principal":"WINTERFELL$@NORTH.SEVENKINGDOMS.LOCAL","Subscription":{"Uuid":"CB04741B-9072-4E2D-B769-3570FA020BBD","Version":"6E053E8A-FE0D-45A0-A863-C501EEDB4011","Name":"anssi-subscription"}}}
{"System":{"Provider":{"Name":"Microsoft-Windows-Sysmon","Guid":"{5770385f-c22a-43e0-bf4c-06f5698ffbd9}"},"EventID":1,"Version":5,"Level":4,"Task":1,"Opcode":0,"Keywords":"0x8000000000000000","TimeCreated":"2023-12-08T15:56:52.260522800Z","EventRecordID":10466,"Correlation":{},"Execution":{"ProcessID":3248,"ThreadID":3876},"Channel":"Microsoft-Windows-Sysmon/Operational","Computer":"winterfell.north.sevenkingdoms.local","UserID":"S-1-5-18"},"EventData":{"TerminalSessionId":"0","Hashes":"MD5=FECC0C4F37222679825054A1BE0AE8FD,SHA256=D7A69C4398AC1BE41F44477F58C9619D43A1C363D4833C32610AC848B269EDF0,IMPHASH=43D4C98DB4E05AF16115818C6E500A33","RuleName":"-","Product":"Microsoft® Windows® Operating System","ProcessId":"4196","IntegrityLevel":"High","LogonGuid":"{2b62dd35-3cae-6573-ce07-dc0000000000}","ParentImage":"C:\\Windows\\System32\\WindowsPowerShell\\v1.0\\powershell.exe","Company":"Microsoft Corporation","ProcessGuid":"{2b62dd35-3cc4-6573-3508-000000002300}","UtcTime":"2023-12-08 15:56:52.257","FileVersion":"10.0.17763.1697 (WinBuild.160101.0800)","User":"NORTH\\robb.stark","OriginalFileName":"mstsc.exe","CommandLine":"\"C:\\Windows\\system32\\mstsc.exe\" /v:castelblack","LogonId":"0xdc07ce","ParentCommandLine":"powershell  c:\\setup\\bot_rdp.ps1","ParentProcessId":"1436","ParentUser":"NORTH\\robb.stark","ParentProcessGuid":"{2b62dd35-3cae-6573-3208-000000002300}","Description":"Remote Desktop Connection","CurrentDirectory":"C:\\Windows\\system32\\","Image":"C:\\Windows\\System32\\mstsc.exe"},"OpenWEC":{"IpAddress":"10.202.0.184","TimeReceived":"2023-12-08T15:56:58.091181102+00:00","Principal":"WINTERFELL$@NORTH.SEVENKINGDOMS.LOCAL","Subscription":{"Uuid":"CB04741B-9072-4E2D-B769-3570FA020BBD","Version":"6E053E8A-FE0D-45A0-A863-C501EEDB4011","Name":"anssi-subscription"}}}
{"System":{"Provider":{"Name":"Microsoft-Windows-Sysmon","Guid":"{5770385f-c22a-43e0-bf4c-06f5698ffbd9}"},"EventID":10,"Version":3,"Level":4,"Task":10,"Opcode":0,"Keywords":"0x8000000000000000","TimeCreated":"2023-12-08T15:56:52.260722200Z","EventRecordID":10467,"Correlation":{},"Execution":{"ProcessID":3248,"ThreadID":3876},"Channel":"Microsoft-Windows-Sysmon/Operational","Computer":"winterfell.north.sevenkingdoms.local","UserID":"S-1-5-18"},"EventData":{"TargetProcessId":"4196","SourceProcessId":"1436","TargetImage":"C:\\Windows\\system32\\mstsc.exe","SourceProcessGUID":"{2b62dd35-3cae-6573-3208-000000002300}","CallTrace":"C:\\Windows\\SYSTEM32\\ntdll.dll+a1244|C:\\Windows\\System32\\KERNELBASE.dll+485d2|C:\\Windows\\System32\\KERNELBASE.dll+45fc6|C:\\Windows\\System32\\KERNEL32.DLL+1c2e3|C:\\Windows\\assembly\\NativeImages_v4.0.30319_64\\System\\cb755e97e255f61e327a8001d4e05859\\System.ni.dll+3332f6|C:\\Windows\\assembly\\NativeImages_v4.0.30319_64\\System\\cb755e97e255f61e327a8001d4e05859\\System.ni.dll+2b5560|C:\\Windows\\assembly\\NativeImages_v4.0.30319_64\\System\\cb755e97e255f61e327a8001d4e05859\\System.ni.dll+2b4f07|C:\\Windows\\assembly\\NativeImages_v4.0.30319_64\\System.Manaa57fc8cc#\\da4031e77cd7d8b426cd99e749e0c982\\System.Management.Automation.ni.dll+f7fc6b|C:\\Windows\\assembly\\NativeImages_v4.0.30319_64\\System.Manaa57fc8cc#\\da4031e77cd7d8b426cd99e749e0c982\\System.Management.Automation.ni.dll+ed9fad|C:\\Windows\\assembly\\NativeImages_v4.0.30319_64\\System.Manaa57fc8cc#\\da4031e77cd7d8b426cd99e749e0c982\\System.Management.Automation.ni.dll+f5cb1e|C:\\Windows\\assembly\\NativeImages_v4.0.30319_64\\System.Manaa57fc8cc#\\da4031e77cd7d8b426cd99e749e0c982\\System.Management.Automation.ni.dll+f5c7fb|C:\\Windows\\assembly\\NativeImages_v4.0.30319_64\\System.Manaa57fc8cc#\\da4031e77cd7d8b426cd99e749e0c982\\System.Management.Automation.ni.dll+104fcb4|UNKNOWN(00007FF7D51A13C1)","SourceUser":"NORTH\\robb.stark","GrantedAccess":"0x1fffff","TargetUser":"NORTH\\robb.stark","UtcTime":"2023-12-08 15:56:52.259","TargetProcessGUID":"{2b62dd35-3cc4-6573-3508-000000002300}","SourceThreadId":"3120","SourceImage":"C:\\Windows\\System32\\WindowsPowerShell\\v1.0\\powershell.exe","RuleName":"-"},"OpenWEC":{"IpAddress":"10.202.0.184","TimeReceived":"2023-12-08T15:56:58.091181102+00:00","Principal":"WINTERFELL$@NORTH.SEVENKINGDOMS.LOCAL","Subscription":{"Uuid":"CB04741B-9072-4E2D-B769-3570FA020BBD","Version":"6E053E8A-FE0D-45A0-A863-C501EEDB4011","Name":"anssi-subscription"}}}
{"System":{"Provider":{"Name":"Microsoft-Windows-Security-Auditing","Guid":"{54849625-5478-4994-a5ba-3e3b0328c30d}"},"EventID":4688,"Version":2,"Level":0,"Task":13312,"Opcode":0,"Keywords":"0x8020000000000000","TimeCreated":"2023-12-08T15:56:52.257628900Z","EventRecordID":157924,"Correlation":{},"Execution":{"ProcessID":4,"ThreadID":2512},"Channel":"Security","Computer":"winterfell.north.sevenkingdoms.local"},"EventData":{"SubjectDomainName":"NORTH","TargetUserSid":"S-1-0-0","ProcessId":"0x59c","TargetLogonId":"0x0","SubjectLogonId":"0xdc07ce","NewProcessName":"C:\\Windows\\System32\\mstsc.exe","TokenElevationType":"%%1936","SubjectUserName":"robb.stark","SubjectUserSid":"S-1-5-21-2431860994-719566178-239256710-1113","NewProcessId":"0x1064","TargetDomainName":"-","ParentProcessName":"C:\\Windows\\System32\\WindowsPowerShell\\v1.0\\powershell.exe","CommandLine":"","TargetUserName":"-","MandatoryLabel":"S-1-16-12288"},"OpenWEC":{"IpAddress":"10.202.0.184","TimeReceived":"2023-12-08T15:56:58.091181102+00:00","Principal":"WINTERFELL$@NORTH.SEVENKINGDOMS.LOCAL","Subscription":{"Uuid":"CB04741B-9072-4E2D-B769-3570FA020BBD","Version":"6E053E8A-FE0D-45A0-A863-C501EEDB4011","Name":"anssi-subscription"}}}
{"System":{"Provider":{"Name":"Microsoft-Windows-TerminalServices-ClientActiveXCore","Guid":"{28aa95bb-d444-4719-a36f-40462168127e}"},"EventID":1024,"Version":0,"Level":4,"Task":101,"Opcode":10,"Keywords":"0x4000000000000000","TimeCreated":"2023-12-08T15:56:52.571415500Z","EventRecordID":15220,"Correlation":{"ActivityID":"{6f48bb0e-d4ef-44b5-8f2a-8edbe24a0000}"},"Execution":{"ProcessID":4196,"ThreadID":5204},"Channel":"Microsoft-Windows-TerminalServices-RDPClient/Operational","Computer":"winterfell.north.sevenkingdoms.local","UserID":"S-1-5-21-2431860994-719566178-239256710-1113"},"EventData":{"CustomLevel":"Info","Value":"castelblack","Name":"Server Name"},"OpenWEC":{"IpAddress":"10.202.0.184","TimeReceived":"2023-12-08T15:56:58.091181102+00:00","Principal":"WINTERFELL$@NORTH.SEVENKINGDOMS.LOCAL","Subscription":{"Uuid":"CB04741B-9072-4E2D-B769-3570FA020BBD","Version":"6E053E8A-FE0D-45A0-A863-C501EEDB4011","Name":"anssi-subscription"}}}
{"System":{"Provider":{"Name":"Microsoft-Windows-Sysmon","Guid":"{5770385f-c22a-43e0-bf4c-06f5698ffbd9}"},"EventID":3,"Version":5,"Level":4,"Task":3,"Opcode":0,"Keywords":"0x8000000000000000","TimeCreated":"2023-12-08T15:56:54.369483300Z","EventRecordID":10468,"Correlation":{},"Execution":{"ProcessID":3248,"ThreadID":3884},"Channel":"Microsoft-Windows-Sysmon/Operational","Computer":"winterfell.north.sevenkingdoms.local","UserID":"S-1-5-18"},"EventData":{"SourceIsIpv6":"false","SourcePortName":"-","Initiated":"true","RuleName":"WinRM","SourceHostname":"winterfell.north.sevenkingdoms.local","Image":"C:\\Windows\\System32\\svchost.exe","DestinationPortName":"-","ProcessGuid":"{2b62dd35-e477-6572-4d00-000000002300}","UtcTime":"2023-12-08 12:37:47.184","Protocol":"tcp","SourcePort":"64785","DestinationIsIpv6":"false","ProcessId":"3228","User":"NT AUTHORITY\\NETWORK SERVICE","DestinationIp":"10.202.0.154","SourceIp":"10.202.0.184","DestinationHostname":"-","DestinationPort":"5985"},"OpenWEC":{"IpAddress":"10.202.0.184","TimeReceived":"2023-12-08T15:56:58.091181102+00:00","Principal":"WINTERFELL$@NORTH.SEVENKINGDOMS.LOCAL","Subscription":{"Uuid":"CB04741B-9072-4E2D-B769-3570FA020BBD","Version":"6E053E8A-FE0D-45A0-A863-C501EEDB4011","Name":"anssi-subscription"}}}
