{"System":{"Provider":{"Name":"Microsoft-Windows-TaskScheduler","Guid":"{de7b24ea-73c8-4a09-985d-5bdadcfa9017}"},"EventID":107,"Version":0,"Level":4,"Task":107,"Opcode":0,"Keywords":"0x8000000000000000","TimeCreated":"2023-12-08T15:58:30.921294700Z","EventRecordID":49911,"Correlation":{"ActivityID":"{f635e789-82ef-49a2-97ef-136f6f529546}"},"Execution":{"ProcessID":1592,"ThreadID":5996},"Channel":"Microsoft-Windows-TaskScheduler/Operational","Computer":"winterfell.north.sevenkingdoms.local","UserID":"S-1-5-18"},"EventData":{"TaskName":"\\connect_bot","InstanceId":"{f635e789-82ef-49a2-97ef-136f6f529546}"},"OpenWEC":{"IpAddress":"10.202.0.184","TimeReceived":"2023-12-08T15:58:58.123475949+00:00","Principal":"WINTERFELL$@NORTH.SEVENKINGDOMS.LOCAL","Subscription":{"Uuid":"CB04741B-9072-4E2D-B769-3570FA020BBD","Version":"6E053E8A-FE0D-45A0-A863-C501EEDB4011","Name":"anssi-subscription"}}}
{"System":{"Provider":{"Name":"Microsoft-Windows-Security-Auditing","Guid":"{54849625-5478-4994-a5ba-3e3b0328c30d}"},"EventID":4648,"Version":0,"Level":0,"Task":12544,"Opcode":0,"Keywords":"0x8020000000000000","TimeCreated":"2023-12-08T15:58:30.920946700Z","EventRecordID":157991,"Correlation":{"ActivityID":"{82a8a277-29fd-0000-eca2-a882fd29da01}"},"Execution":{"ProcessID":652,"ThreadID":2156},"Channel":"Security","Computer":"winterfell.north.sevenkingdoms.local"},"EventData":{"ProcessId":"0x638","LogonGuid":"{00000000-0000-0000-0000-000000000000}","ProcessName":"C:\\Windows\\System32\\svchost.exe","SubjectUserSid":"S-1-5-18","TargetServerName":"localhost","TargetUserName":"robb.stark","TargetDomainName":"NORTH","IpAddress":"-","IpPort":"-","SubjectUserName":"WINTERFELL$","SubjectLogonId":"0x3e7","SubjectDomainName":"NORTH","TargetInfo":"localhost","TargetLogonGuid":"{bfffb2d3-0aca-62e4-53a6-ea51765e88c4}"},"OpenWEC":{"IpAddress":"10.202.0.184","TimeReceived":"2023-12-08T15:58:58.123475949+00:00","Principal":"WINTERFELL$@NORTH.SEVENKINGDOMS.LOCAL","Subscription":{"Uuid":"CB04741B-9072-4E2D-B769-3570FA020BBD","Version":"6E053E8A-FE0D-45A0-A863-C501EEDB4011","Name":"anssi-subscription"}}}
{"System":{"Provider":{"Name":"Microsoft-Windows-Security-Auditing","Guid":"{54849625-5478-4994-a5ba-3e3b0328c30d}"},"EventID":4624,"Version":2,"Level":0,"Task":12544,"Opcode":0,"Keywords":"0x8020000000000000","TimeCreated":"2023-12-08T15:58:30.921056800Z","EventRecordID":157992,"Correlation":{"ActivityID":"{82a8a277-29fd-0000-eca2-a882fd29da01}"},"Execution":{"ProcessID":652,"ThreadID":2156},"Channel":"Security","Computer":"winterfell.north.sevenkingdoms.local"},"EventData":{"AuthenticationPackageName":"Negotiate","SubjectLogonId":"0x3e7","LogonType":"4","ProcessId":"0x638","IpAddress":"-","TransmittedServices":"-","RestrictedAdminMode":"-","TargetOutboundUserName":"-","IpPort":"-","TargetOutboundDomainName":"-","TargetLinkedLogonId":"0x0","ElevatedToken":"%%1842","TargetUserSid":"S-1-5-21-2431860994-719566178-239256710-1113","WorkstationName":"WINTERFELL","LogonProcessName":"Advapi  ","SubjectUserName":"WINTERFELL$","SubjectDomainName":"NORTH","LmPackageName":"-","KeyLength":"0","ProcessName":"C:\\Windows\\System32\\svchost.exe","VirtualAccount":"%%1843","ImpersonationLevel":"%%1833","LogonGuid":"{bfffb2d3-0aca-62e4-53a6-ea51765e88c4}","TargetLogonId":"0xde238c","TargetUserName":"robb.stark","TargetDomainName":"NORTH","SubjectUserSid":"S-1-5-18"},"OpenWEC":{"IpAddress":"10.202.0.184","TimeReceived":"2023-12-08T15:58:58.123475949+00:00","Principal":"WINTERFELL$@NORTH.SEVENKINGDOMS.LOCAL","Subscription":{"Uuid":"CB04741B-9072-4E2D-B769-3570FA020BBD","Version":"6E053E8A-FE0D-45A0-A863-C501EEDB4011","Name":"anssi-subscription"}}}
{"System":{"Provider":{"Name":"Microsoft-Windows-Security-Auditing","Guid":"{54849625-5478-4994-a5ba-3e3b0328c30d}"},"EventID":4672,"Version":0,"Level":0,"Task":12548,"Opcode":0,"Keywords":"0x8020000000000000","TimeCreated":"2023-12-08T15:58:30.921063400Z","EventRecordID":157993,"Correlation":{"ActivityID":"{82a8a277-29fd-0000-eca2-a882fd29da01}"},"Execution":{"ProcessID":652,"ThreadID":2156},"Channel":"Security","Computer":"winterfell.north.sevenkingdoms.local"},"EventData":{"SubjectUserName":"robb.stark","SubjectDomainName":"NORTH","SubjectLogonId":"0xde238c","SubjectUserSid":"S-1-5-21-2431860994-719566178-239256710-1113","PrivilegeList":"SeSecurityPrivilege\n\t\t\tSeTakeOwnershipPrivilege\n\t\t\tSeLoadDriverPrivilege\n\t\t\tSeBackupPrivilege\n\t\t\tSeRestorePrivilege\n\t\t\tSeDebugPrivilege\n\t\t\tSeSystemEnvironmentPrivilege\n\t\t\tSeEnableDelegationPrivilege\n\t\t\tSeImpersonatePrivilege\n\t\t\tSeDelegateSessionUserImpersonatePrivilege"},"OpenWEC":{"IpAddress":"10.202.0.184","TimeReceived":"2023-12-08T15:58:58.123475949+00:00","Principal":"WINTERFELL$@NORTH.SEVENKINGDOMS.LOCAL","Subscription":{"Uuid":"CB04741B-9072-4E2D-B769-3570FA020BBD","Version":"6E053E8A-FE0D-45A0-A863-C501EEDB4011","Name":"anssi-subscription"}}}
{"System":{"Provider":{"Name":"Microsoft-Windows-Security-Auditing","Guid":"{54849625-5478-4994-a5ba-3e3b0328c30d}"},"EventID":4688,"Version":2,"Level":0,"Task":13312,"Opcode":0,"Keywords":"0x8020000000000000","TimeCreated":"2023-12-08T15:58:30.924272900Z","EventRecordID":157994,"Correlation":{},"Execution":{"ProcessID":4,"ThreadID":2556},"Channel":"Security","Computer":"winterfell.north.sevenkingdoms.local"},"EventData":{"TargetUserName":"-","TargetDomainName":"-","TargetLogonId":"0x0","SubjectDomainName":"NORTH","SubjectUserSid":"S-1-5-18","TokenElevationType":"%%1936","SubjectUserName":"WINTERFELL$","ProcessId":"0x35c","ParentProcessName":"C:\\Windows\\System32\\svchost.exe","CommandLine":"","NewProcessId":"0x588","MandatoryLabel":"S-1-16-16384","TargetUserSid":"S-1-0-0","SubjectLogonId":"0x3e7","NewProcessName":"C:\\Windows\\System32\\dllhost.exe"},"OpenWEC":{"IpAddress":"10.202.0.184","TimeReceived":"2023-12-08T15:58:58.123475949+00:00","Principal":"WINTERFELL$@NORTH.SEVENKINGDOMS.LOCAL","Subscription":{"Uuid":"CB04741B-9072-4E2D-B769-3570FA020BBD","Version":"6E053E8A-FE0D-45A0-A863-C501EEDB4011","Name":"anssi-subscription"}}}
{"System":{"Provider":{"Name":"Microsoft-Windows-Security-Auditing","Guid":"{54849625-5478-4994-a5ba-3e3b0328c30d}"},"EventID":4688,"Version":2,"Level":0,"Task":13312,"Opcode":0,"Keywords":"0x8020000000000000","TimeCreated":"2023-12-08T15:58:30.940608500Z","EventRecordID":157995,"Correlation":{},"Execution":{"ProcessID":4,"ThreadID":2556},"Channel":"Security","Computer":"winterfell.north.sevenkingdoms.local"},"EventData":{"TargetDomainName":"NORTH","ParentProcessName":"C:\\Windows\\System32\\svchost.exe","NewProcessName":"C:\\Windows\\System32\\cmd.exe","SubjectUserName":"WINTERFELL$","SubjectLogonId":"0x3e7","TargetLogonId":"0xde238c","TargetUserSid":"S-1-0-0","NewProcessId":"0xb08","SubjectUserSid":"S-1-5-18","TokenElevationType":"%%1936","ProcessId":"0x638","CommandLine":"","TargetUserName":"robb.stark","MandatoryLabel":"S-1-16-12288","SubjectDomainName":"NORTH"},"OpenWEC":{"IpAddress":"10.202.0.184","TimeReceived":"2023-12-08T15:58:58.123475949+00:00","Principal":"WINTERFELL$@NORTH.SEVENKINGDOMS.LOCAL","Subscription":{"Uuid":"CB04741B-9072-4E2D-B769-3570FA020BBD","Version":"6E053E8A-FE0D-45A0-A863-C501EEDB4011","Name":"anssi-subscription"}}}
{"System":{"Provider":{"Name":"Microsoft-Windows-TaskScheduler","Guid":"{de7b24ea-73c8-4a09-985d-5bdadcfa9017}"},"EventID":129,"Version":0,"Level":4,"Task":129,"Opcode":0,"Keywords":"0x8000000000000000","TimeCreated":"2023-12-08T15:58:30.942205100Z","EventRecordID":49912,"Correlation":{},"Execution":{"ProcessID":1592,"ThreadID":5996},"Channel":"Microsoft-Windows-TaskScheduler/Operational","Computer":"winterfell.north.sevenkingdoms.local","UserID":"S-1-5-18"},"EventData":{"Priority":"16384","Path":"cmd.exe","TaskName":"\\connect_bot","ProcessID":"2824"},"OpenWEC":{"IpAddress":"10.202.0.184","TimeReceived":"2023-12-08T15:58:58.123475949+00:00","Principal":"WINTERFELL$@NORTH.SEVENKINGDOMS.LOCAL","Subscription":{"Uuid":"CB04741B-9072-4E2D-B769-3570FA020BBD","Version":"6E053E8A-FE0D-45A0-A863-C501EEDB4011","Name":"anssi-subscription"}}}
{"System":{"Provider":{"Name":"Microsoft-Windows-TaskScheduler","Guid":"{de7b24ea-73c8-4a09-985d-5bdadcfa9017}"},"EventID":100,"Version":0,"Level":4,"Task":100,"Opcode":1,"Keywords":"0x8000000000000001","TimeCreated":"2023-12-08T15:58:30.942388400Z","EventRecordID":49913,"Correlation":{"ActivityID":"{f635e789-82ef-49a2-97ef-136f6f529546}"},"Execution":{"ProcessID":1592,"ThreadID":5996},"Channel":"Microsoft-Windows-TaskScheduler/Operational","Computer":"winterfell.north.sevenkingdoms.local","UserID":"S-1-5-18"},"EventData":{"InstanceId":"{f635e789-82ef-49a2-97ef-136f6f529546}","UserContext":"NORTH\\robb.stark","TaskName":"\\connect_bot"},"OpenWEC":{"IpAddress":"10.202.0.184","TimeReceived":"2023-12-08T15:58:58.123475949+00:00","Principal":"WINTERFELL$@NORTH.SEVENKINGDOMS.LOCAL","Subscription":{"Uuid":"CB04741B-9072-4E2D-B769-3570FA020BBD","Version":"6E053E8A-FE0D-45A0-A863-C501EEDB4011","Name":"anssi-subscription"}}}
{"System":{"Provider":{"Name":"Microsoft-Windows-TaskScheduler","Guid":"{de7b24ea-73c8-4a09-985d-5bdadcfa9017}"},"EventID":200,"Version":1,"Level":4,"Task":200,"Opcode":1,"Keywords":"0x8000000000000000","TimeCreated":"2023-12-08T15:58:30.942389500Z","EventRecordID":49914,"Correlation":{"ActivityID":"{f635e789-82ef-49a2-97ef-136f6f529546}"},"Execution":{"ProcessID":1592,"ThreadID":5996},"Channel":"Microsoft-Windows-TaskScheduler/Operational","Computer":"winterfell.north.sevenkingdoms.local","UserID":"S-1-5-18"},"EventData":{"TaskName":"\\connect_bot","ActionName":"cmd.exe","TaskInstanceId":"{f635e789-82ef-49a2-97ef-136f6f529546}","EnginePID":"2824"},"OpenWEC":{"IpAddress":"10.202.0.184","TimeReceived":"2023-12-08T15:58:58.123475949+00:00","Principal":"WINTERFELL$@NORTH.SEVENKINGDOMS.LOCAL","Subscription":{"Uuid":"CB04741B-9072-4E2D-B769-3570FA020BBD","Version":"6E053E8A-FE0D-45A0-A863-C501EEDB4011","Name":"anssi-subscription"}}}
{"System":{"Provider":{"Name":"Microsoft-Windows-Security-Auditing","Guid":"{54849625-5478-4994-a5ba-3e3b0328c30d}"},"EventID":4688,"Version":2,"Level":0,"Task":13312,"Opcode":0,"Keywords":"0x8020000000000000","TimeCreated":"2023-12-08T15:58:30.945214900Z","EventRecordID":157996,"Correlation":{},"Execution":{"ProcessID":4,"ThreadID":2556},"Channel":"Security","Computer":"winterfell.north.sevenkingdoms.local"},"EventData":{"ProcessId":"0xb08","TargetUserName":"-","NewProcessId":"0x14a8","TokenElevationType":"%%1936","SubjectDomainName":"NORTH","MandatoryLabel":"S-1-16-12288","SubjectUserSid":"S-1-5-21-2431860994-719566178-239256710-1113","SubjectLogonId":"0xde238c","TargetDomainName":"-","ParentProcessName":"C:\\Windows\\System32\\cmd.exe","TargetLogonId":"0x0","NewProcessName":"C:\\Windows\\System32\\conhost.exe","TargetUserSid":"S-1-0-0","CommandLine":"","SubjectUserName":"robb.stark"},"OpenWEC":{"IpAddress":"10.202.0.184","TimeReceived":"2023-12-08T15:58:58.123475949+00:00","Principal":"WINTERFELL$@NORTH.SEVENKINGDOMS.LOCAL","Subscription":{"Uuid":"CB04741B-9072-4E2D-B769-3570FA020BBD","Version":"6E053E8A-FE0D-45A0-A863-C501EEDB4011","Name":"anssi-subscription"}}}
{"System":{"Provider":{"Name":"Microsoft-Windows-Security-Auditing","Guid":"{54849625-5478-4994-a5ba-3e3b0328c30d}"},"EventID":4688,"Version":2,"Level":0,"Task":13312,"Opcode":0,"Keywords":"0x8020000000000000","TimeCreated":"2023-12-08T15:58:30.974778900Z","EventRecordID":157997,"Correlation":{},"Execution":{"ProcessID":4,"ThreadID":2556},"Channel":"Security","Computer":"winterfell.north.sevenkingdoms.local"},"EventData":{"NewProcessName":"C:\\Windows\\System32\\WindowsPowerShell\\v1.0\\powershell.exe","ParentProcessName":"C:\\Windows\\System32\\cmd.exe","SubjectUserName":"robb.stark","TargetDomainName":"-","TargetLogonId":"0x0","SubjectUserSid":"S-1-5-21-2431860994-719566178-239256710-1113","TokenElevationType":"%%1936","TargetUserSid":"S-1-0-0","SubjectLogonId":"0xde238c","ProcessId":"0xb08","CommandLine":"","SubjectDomainName":"NORTH","TargetUserName":"-","MandatoryLabel":"S-1-16-12288","NewProcessId":"0x1270"},"OpenWEC":{"IpAddress":"10.202.0.184","TimeReceived":"2023-12-08T15:58:58.123475949+00:00","Principal":"WINTERFELL$@NORTH.SEVENKINGDOMS.LOCAL","Subscription":{"Uuid":"CB04741B-9072-4E2D-B769-3570FA020BBD","Version":"6E053E8A-FE0D-45A0-A863-C501EEDB4011","Name":"anssi-subscription"}}}
{"System":{"Provider":{"Name":"Microsoft-Windows-Security-Auditing","Guid":"{54849625-5478-4994-a5ba-3e3b0328c30d}"},"EventID":4688,"Version":2,"Level":0,"Task":13312,"Opcode":0,"Keywords":"0x8020000000000000","TimeCreated":"2023-12-08T15:58:31.131324900Z","EventRecordID":157998,"Correlation":{},"Execution":{"ProcessID":4,"ThreadID":2556},"Channel":"Security","Computer":"winterfell.north.sevenkingdoms.local"},"EventData":{"SubjectDomainName":"NORTH","CommandLine":"","SubjectLogonId":"0xde238c","NewProcessName":"C:\\Windows\\System32\\query.exe","ParentProcessName":"C:\\Windows\\System32\\WindowsPowerShell\\v1.0\\powershell.exe","TokenElevationType":"%%1936","TargetUserSid":"S-1-0-0","TargetUserName":"-","SubjectUserSid":"S-1-5-21-2431860994-719566178-239256710-1113","MandatoryLabel":"S-1-16-12288","ProcessId":"0x1270","SubjectUserName":"robb.stark","TargetLogonId":"0x0","TargetDomainName":"-","NewProcessId":"0x15f0"},"OpenWEC":{"IpAddress":"10.202.0.184","TimeReceived":"2023-12-08T15:58:58.123475949+00:00","Principal":"WINTERFELL$@NORTH.SEVENKINGDOMS.LOCAL","Subscription":{"Uuid":"CB04741B-9072-4E2D-B769-3570FA020BBD","Version":"6E053E8A-FE0D-45A0-A863-C501EEDB4011","Name":"anssi-subscription"}}}
{"System":{"Provider":{"Name":"Microsoft-Windows-Security-Auditing","Guid":"{54849625-5478-4994-a5ba-3e3b0328c30d}"},"EventID":4688,"Version":2,"Level":0,"Task":13312,"Opcode":0,"Keywords":"0x8020000000000000","TimeCreated":"2023-12-08T15:58:31.144434200Z","EventRecordID":157999,"Correlation":{},"Execution":{"ProcessID":4,"ThreadID":2556},"Channel":"Security","Computer":"winterfell.north.sevenkingdoms.local"},"EventData":{"NewProcessName":"C:\\Windows\\System32\\qwinsta.exe","TargetLogonId":"0x0","TargetUserName":"-","ProcessId":"0x15f0","SubjectDomainName":"NORTH","NewProcessId":"0xe70","TokenElevationType":"%%1936","CommandLine":"","TargetUserSid":"S-1-0-0","TargetDomainName":"-","ParentProcessName":"C:\\Windows\\System32\\query.exe","SubjectUserSid":"S-1-5-21-2431860994-719566178-239256710-1113","SubjectLogonId":"0xde238c","SubjectUserName":"robb.stark","MandatoryLabel":"S-1-16-12288"},"OpenWEC":{"IpAddress":"10.202.0.184","TimeReceived":"2023-12-08T15:58:58.123475949+00:00","Principal":"WINTERFELL$@NORTH.SEVENKINGDOMS.LOCAL","Subscription":{"Uuid":"CB04741B-9072-4E2D-B769-3570FA020BBD","Version":"6E053E8A-FE0D-45A0-A863-C501EEDB4011","Name":"anssi-subscription"}}}
{"System":{"Provider":{"Name":"Microsoft-Windows-Sysmon","Guid":"{5770385f-c22a-43e0-bf4c-06f5698ffbd9}"},"EventID":10,"Version":3,"Level":4,"Task":10,"Opcode":0,"Keywords":"0x8000000000000000","TimeCreated":"2023-12-08T15:58:31.951622200Z","EventRecordID":10532,"Correlation":{},"Execution":{"ProcessID":3248,"ThreadID":3876},"Channel":"Microsoft-Windows-Sysmon/Operational","Computer":"winterfell.north.sevenkingdoms.local","UserID":"S-1-5-18"},"EventData":{"TargetImage":"C:\\Windows\\system32\\lsass.exe","TargetProcessGUID":"{2b62dd35-54d9-6573-0c00-000000002300}","RuleName":"-","SourceProcessId":"3248","TargetProcessId":"652","SourceThreadId":"3932","TargetUser":"NT AUTHORITY\\SYSTEM","GrantedAccess":"0x1fffff","UtcTime":"2023-12-08 15:58:31.950","SourceUser":"NT AUTHORITY\\SYSTEM","SourceImage":"C:\\Windows\\sysmon64.exe","SourceProcessGUID":"{2b62dd35-e477-6572-4e00-000000002300}","CallTrace":"C:\\Windows\\SYSTEM32\\ntdll.dll+9feb4|C:\\Windows\\SYSTEM32\\ntdll.dll+7d367|C:\\Windows\\System32\\KERNEL32.DLL+1c5b4|C:\\Windows\\System32\\KERNEL32.DLL+237f8|C:\\Windows\\sysmon64.exe+ec5cd|C:\\Windows\\sysmon64.exe+edeb7|C:\\Windows\\sysmon64.exe+12e889|C:\\Windows\\sysmon64.exe+ee90e|C:\\Windows\\sysmon64.exe+eecd3|C:\\Windows\\sysmon64.exe+10bd88|C:\\Windows\\sysmon64.exe+e22d1|C:\\Windows\\sysmon64.exe+e2427|C:\\Windows\\System32\\sechost.dll+dc61|C:\\Windows\\System32\\sechost.dll+d9a9|C:\\Windows\\System32\\sechost.dll+13d4e|C:\\Windows\\sysmon64.exe+e25ba|C:\\Windows\\sysmon64.exe+1a9ad2|C:\\Windows\\System32\\KERNEL32.DLL+17974|C:\\Windows\\SYSTEM32\\ntdll.dll+5a2f1"},"OpenWEC":{"IpAddress":"10.202.0.184","TimeReceived":"2023-12-08T15:58:58.123475949+00:00","Principal":"WINTERFELL$@NORTH.SEVENKINGDOMS.LOCAL","Subscription":{"Uuid":"CB04741B-9072-4E2D-B769-3570FA020BBD","Version":"6E053E8A-FE0D-45A0-A863-C501EEDB4011","Name":"anssi-subscription"}}}
{"System":{"Provider":{"Name":"Microsoft-Windows-Sysmon","Guid":"{5770385f-c22a-43e0-bf4c-06f5698ffbd9}"},"EventID":22,"Version":5,"Level":4,"Task":22,"Opcode":0,"Keywords":"0x8000000000000000","TimeCreated":"2023-12-08T15:58:31.952189700Z","EventRecordID":10533,"Correlation":{},"Execution":{"ProcessID":3248,"ThreadID":3932},"Channel":"Microsoft-Windows-Sysmon/Operational","Computer":"winterfell.north.sevenkingdoms.local","UserID":"S-1-5-18"},"EventData":{"ProcessId":"652","UtcTime":"2023-12-08 12:39:25.537","QueryResults":"10.202.0.184;192.168.56.11;10.0.2.15;","RuleName":"-","Image":"C:\\Windows\\system32\\lsass.exe","ProcessGuid":"{2b62dd35-54d9-6573-0c00-000000002300}","QueryName":"winterfell","QueryStatus":"0","User":"NT AUTHORITY\\SYSTEM"},"OpenWEC":{"IpAddress":"10.202.0.184","TimeReceived":"2023-12-08T15:58:58.123475949+00:00","Principal":"WINTERFELL$@NORTH.SEVENKINGDOMS.LOCAL","Subscription":{"Uuid":"CB04741B-9072-4E2D-B769-3570FA020BBD","Version":"6E053E8A-FE0D-45A0-A863-C501EEDB4011","Name":"anssi-subscription"}}}
{"System":{"Provider":{"Name":"Microsoft-Windows-Sysmon","Guid":"{5770385f-c22a-43e0-bf4c-06f5698ffbd9}"},"EventID":22,"Version":5,"Level":4,"Task":22,"Opcode":0,"Keywords":"0x8000000000000000","TimeCreated":"2023-12-08T15:58:31.952818200Z","EventRecordID":10534,"Correlation":{},"Execution":{"ProcessID":3248,"ThreadID":3932},"Channel":"Microsoft-Windows-Sysmon/Operational","Computer":"winterfell.north.sevenkingdoms.local","UserID":"S-1-5-18"},"EventData":{"QueryName":"castelblack","RuleName":"-","UtcTime":"2023-12-08 12:39:25.784","ProcessGuid":"{2b62dd35-3d27-6573-4908-000000002300}","QueryStatus":"0","User":"NORTH\\robb.stark","QueryResults":"::ffff:192.168.56.22;","Image":"C:\\Windows\\system32\\qwinsta.exe","ProcessId":"3696"},"OpenWEC":{"IpAddress":"10.202.0.184","TimeReceived":"2023-12-08T15:58:58.123475949+00:00","Principal":"WINTERFELL$@NORTH.SEVENKINGDOMS.LOCAL","Subscription":{"Uuid":"CB04741B-9072-4E2D-B769-3570FA020BBD","Version":"6E053E8A-FE0D-45A0-A863-C501EEDB4011","Name":"anssi-subscription"}}}
{"System":{"Provider":{"Name":"Microsoft-Windows-Sysmon","Guid":"{5770385f-c22a-43e0-bf4c-06f5698ffbd9}"},"EventID":22,"Version":5,"Level":4,"Task":22,"Opcode":0,"Keywords":"0x8000000000000000","TimeCreated":"2023-12-08T15:58:32.966833900Z","EventRecordID":10535,"Correlation":{},"Execution":{"ProcessID":3248,"ThreadID":3932},"Channel":"Microsoft-Windows-Sysmon/Operational","Computer":"winterfell.north.sevenkingdoms.local","UserID":"S-1-5-18"},"EventData":{"RuleName":"-","ProcessId":"896","QueryName":"castelblack","ProcessGuid":"{2b62dd35-54db-6573-1500-000000002300}","UtcTime":"2023-12-08 12:39:25.787","Image":"C:\\Windows\\System32\\svchost.exe","QueryStatus":"0","QueryResults":"::ffff:192.168.56.22;","User":"NT AUTHORITY\\LOCAL SERVICE"},"OpenWEC":{"IpAddress":"10.202.0.184","TimeReceived":"2023-12-08T15:58:58.123475949+00:00","Principal":"WINTERFELL$@NORTH.SEVENKINGDOMS.LOCAL","Subscription":{"Uuid":"CB04741B-9072-4E2D-B769-3570FA020BBD","Version":"6E053E8A-FE0D-45A0-A863-C501EEDB4011","Name":"anssi-subscription"}}}
{"System":{"Provider":{"Name":"Microsoft-Windows-Security-Auditing","Guid":"{54849625-5478-4994-a5ba-3e3b0328c30d}"},"EventID":4624,"Version":2,"Level":0,"Task":12544,"Opcode":0,"Keywords":"0x8020000000000000","TimeCreated":"2023-12-08T15:58:44.750392600Z","EventRecordID":158001,"Correlation":{"ActivityID":"{82a8a277-29fd-0000-eca2-a882fd29da01}"},"Execution":{"ProcessID":652,"ThreadID":5172},"Channel":"Security","Computer":"winterfell.north.sevenkingdoms.local"},"EventData":{"TargetLinkedLogonId":"0x0","ProcessId":"0x0","WorkstationName":"-","ProcessName":"-","TargetUserSid":"S-1-5-18","TargetUserName":"WINTERFELL$","IpAddress":"fe80::49d5:632e:746a:12ce","TargetDomainName":"NORTH.SEVENKINGDOMS.LOCAL","TransmittedServices":"-","SubjectUserSid":"S-1-0-0","ImpersonationLevel":"%%1840","AuthenticationPackageName":"Kerberos","TargetOutboundUserName":"-","TargetLogonId":"0xde6f47","SubjectDomainName":"-","TargetOutboundDomainName":"-","LogonGuid":"{d2c4c365-49ad-a8be-e00e-d68112b09838}","IpPort":"64814","VirtualAccount":"%%1843","ElevatedToken":"%%1842","SubjectLogonId":"0x0","LogonProcessName":"Kerberos","LogonType":"3","KeyLength":"0","LmPackageName":"-","RestrictedAdminMode":"-","SubjectUserName":"-"},"OpenWEC":{"IpAddress":"10.202.0.184","TimeReceived":"2023-12-08T15:58:58.123475949+00:00","Principal":"WINTERFELL$@NORTH.SEVENKINGDOMS.LOCAL","Subscription":{"Uuid":"CB04741B-9072-4E2D-B769-3570FA020BBD","Version":"6E053E8A-FE0D-45A0-A863-C501EEDB4011","Name":"anssi-subscription"}}}
{"System":{"Provider":{"Name":"Microsoft-Windows-Security-Auditing","Guid":"{54849625-5478-4994-a5ba-3e3b0328c30d}"},"EventID":5140,"Version":1,"Level":0,"Task":12808,"Opcode":0,"Keywords":"0x8020000000000000","TimeCreated":"2023-12-08T15:58:44.750737500Z","EventRecordID":158002,"Correlation":{},"Execution":{"ProcessID":4,"ThreadID":2700},"Channel":"Security","Computer":"winterfell.north.sevenkingdoms.local"},"EventData":{"ShareName":"\\\\*\\SYSVOL","ObjectType":"File","IpAddress":"fe80::49d5:632e:746a:12ce","ShareLocalPath":"\\??\\C:\\Windows\\SYSVOL\\sysvol","SubjectUserName":"WINTERFELL$","AccessList":"%%4416\n\t\t\t\t","SubjectDomainName":"NORTH","SubjectLogonId":"0xde6f47","IpPort":"64814","AccessMask":"0x1","SubjectUserSid":"S-1-5-18"},"OpenWEC":{"IpAddress":"10.202.0.184","TimeReceived":"2023-12-08T15:58:58.123475949+00:00","Principal":"WINTERFELL$@NORTH.SEVENKINGDOMS.LOCAL","Subscription":{"Uuid":"CB04741B-9072-4E2D-B769-3570FA020BBD","Version":"6E053E8A-FE0D-45A0-A863-C501EEDB4011","Name":"anssi-subscription"}}}
{"System":{"Provider":{"Name":"Microsoft-Windows-Sysmon","Guid":"{5770385f-c22a-43e0-bf4c-06f5698ffbd9}"},"EventID":22,"Version":5,"Level":4,"Task":22,"Opcode":0,"Keywords":"0x8000000000000000","TimeCreated":"2023-12-08T15:58:46.782493500Z","EventRecordID":10536,"Correlation":{},"Execution":{"ProcessID":3248,"ThreadID":3932},"Channel":"Microsoft-Windows-Sysmon/Operational","Computer":"winterfell.north.sevenkingdoms.local","UserID":"S-1-5-18"},"EventData":{"User":"NT AUTHORITY\\LOCAL SERVICE","QueryStatus":"0","UtcTime":"2023-12-08 12:39:39.363","QueryName":"WINTERFELL","RuleName":"-","ProcessGuid":"{2b62dd35-54db-6573-1500-000000002300}","QueryResults":"fe80::49d5:632e:746a:12ce;fe80::41c0:2bbe:f5a4:9751;fe80::21a6:3c09:2274:fe63;::ffff:10.202.0.184;::ffff:192.168.56.11;::ffff:10.0.2.15;","ProcessId":"896","Image":"C:\\Windows\\System32\\svchost.exe"},"OpenWEC":{"IpAddress":"10.202.0.184","TimeReceived":"2023-12-08T15:58:58.123475949+00:00","Principal":"WINTERFELL$@NORTH.SEVENKINGDOMS.LOCAL","Subscription":{"Uuid":"CB04741B-9072-4E2D-B769-3570FA020BBD","Version":"6E053E8A-FE0D-45A0-A863-C501EEDB4011","Name":"anssi-subscription"}}}
{"System":{"Provider":{"Name":"Microsoft-Windows-Security-Auditing","Guid":"{54849625-5478-4994-a5ba-3e3b0328c30d}"},"EventID":4688,"Version":2,"Level":0,"Task":13312,"Opcode":0,"Keywords":"0x8020000000000000","TimeCreated":"2023-12-08T15:58:52.272688400Z","EventRecordID":158004,"Correlation":{},"Execution":{"ProcessID":4,"ThreadID":1368},"Channel":"Security","Computer":"winterfell.north.sevenkingdoms.local"},"EventData":{"CommandLine":"","TokenElevationType":"%%1936","TargetLogonId":"0x0","SubjectDomainName":"NORTH","TargetDomainName":"-","SubjectUserName":"robb.stark","TargetUserName":"-","MandatoryLabel":"S-1-16-12288","NewProcessId":"0x824","ProcessId":"0x1270","ParentProcessName":"C:\\Windows\\System32\\WindowsPowerShell\\v1.0\\powershell.exe","SubjectUserSid":"S-1-5-21-2431860994-719566178-239256710-1113","SubjectLogonId":"0xde238c","TargetUserSid":"S-1-0-0","NewProcessName":"C:\\Windows\\System32\\mstsc.exe"},"OpenWEC":{"IpAddress":"10.202.0.184","TimeReceived":"2023-12-08T15:58:58.123475949+00:00","Principal":"WINTERFELL$@NORTH.SEVENKINGDOMS.LOCAL","Subscription":{"Uuid":"CB04741B-9072-4E2D-B769-3570FA020BBD","Version":"6E053E8A-FE0D-45A0-A863-C501EEDB4011","Name":"anssi-subscription"}}}
{"System":{"Provider":{"Name":"Microsoft-Windows-Sysmon","Guid":"{5770385f-c22a-43e0-bf4c-06f5698ffbd9}"},"EventID":1,"Version":5,"Level":4,"Task":1,"Opcode":0,"Keywords":"0x8000000000000000","TimeCreated":"2023-12-08T15:58:52.276197400Z","EventRecordID":10537,"Correlation":{},"Execution":{"ProcessID":3248,"ThreadID":3876},"Channel":"Microsoft-Windows-Sysmon/Operational","Computer":"winterfell.north.sevenkingdoms.local","UserID":"S-1-5-18"},"EventData":{"Description":"Remote Desktop Connection","ProcessId":"2084","LogonId":"0xde238c","TerminalSessionId":"0","Hashes":"MD5=FECC0C4F37222679825054A1BE0AE8FD,SHA256=D7A69C4398AC1BE41F44477F58C9619D43A1C363D4833C32610AC848B269EDF0,IMPHASH=43D4C98DB4E05AF16115818C6E500A33","UtcTime":"2023-12-08 15:58:52.272","FileVersion":"10.0.17763.1697 (WinBuild.160101.0800)","RuleName":"-","Company":"Microsoft Corporation","Image":"C:\\Windows\\System32\\mstsc.exe","ParentCommandLine":"powershell  c:\\setup\\bot_rdp.ps1","ProcessGuid":"{2b62dd35-3d3c-6573-4a08-000000002300}","User":"NORTH\\robb.stark","IntegrityLevel":"High","OriginalFileName":"mstsc.exe","CommandLine":"\"C:\\Windows\\system32\\mstsc.exe\" /v:castelblack","CurrentDirectory":"C:\\Windows\\system32\\","ParentProcessGuid":"{2b62dd35-3d26-6573-4708-000000002300}","ParentImage":"C:\\Windows\\System32\\WindowsPowerShell\\v1.0\\powershell.exe","LogonGuid":"{2b62dd35-3d26-6573-8c23-de0000000000}","ParentProcessId":"4720","ParentUser":"NORTH\\robb.stark","Product":"Microsoft® Windows® Operating System"},"OpenWEC":{"IpAddress":"10.202.0.184","TimeReceived":"2023-12-08T15:58:58.123475949+00:00","Principal":"WINTERFELL$@NORTH.SEVENKINGDOMS.LOCAL","Subscription":{"Uuid":"CB04741B-9072-4E2D-B769-3570FA020BBD","Version":"6E053E8A-FE0D-45A0-A863-C501EEDB4011","Name":"anssi-subscription"}}}
{"System":{"Provider":{"Name":"Microsoft-Windows-Sysmon","Guid":"{5770385f-c22a-43e0-bf4c-06f5698ffbd9}"},"EventID":10,"Version":3,"Level":4,"Task":10,"Opcode":0,"Keywords":"0x8000000000000000","TimeCreated":"2023-12-08T15:58:52.276522600Z","EventRecordID":10538,"Correlation":{},"Execution":{"ProcessID":3248,"ThreadID":3876},"Channel":"Microsoft-Windows-Sysmon/Operational","Computer":"winterfell.north.sevenkingdoms.local","UserID":"S-1-5-18"},"EventData":{"SourceThreadId":"1876","UtcTime":"2023-12-08 15:58:52.263","TargetProcessId":"2084","SourceUser":"NORTH\\robb.stark","TargetProcessGUID":"{2b62dd35-3d3c-6573-4a08-000000002300}","SourceImage":"C:\\Windows\\System32\\WindowsPowerShell\\v1.0\\powershell.exe","SourceProcessId":"4720","GrantedAccess":"0x1fffff","TargetUser":"NORTH\\robb.stark","RuleName":"-","CallTrace":"C:\\Windows\\SYSTEM32\\ntdll.dll+a1244|C:\\Windows\\System32\\KERNELBASE.dll+485d2|C:\\Windows\\System32\\KERNELBASE.dll+45fc6|C:\\Windows\\System32\\KERNEL32.DLL+1c2e3|C:\\Windows\\assembly\\NativeImages_v4.0.30319_64\\System\\cb755e97e255f61e327a8001d4e05859\\System.ni.dll+3332f6|C:\\Windows\\assembly\\NativeImages_v4.0.30319_64\\System\\cb755e97e255f61e327a8001d4e05859\\System.ni.dll+2b5560|C:\\Windows\\assembly\\NativeImages_v4.0.30319_64\\System\\cb755e97e255f61e327a8001d4e05859\\System.ni.dll+2b4f07|C:\\Windows\\assembly\\NativeImages_v4.0.30319_64\\System.Manaa57fc8cc#\\da4031e77cd7d8b426cd99e749e0c982\\System.Management.Automation.ni.dll+f7fc6b|C:\\Windows\\assembly\\NativeImages_v4.0.30319_64\\System.Manaa57fc8cc#\\da4031e77cd7d8b426cd99e749e0c982\\System.Management.Automation.ni.dll+ed9fad|C:\\Windows\\assembly\\NativeImages_v4.0.30319_64\\System.Manaa57fc8cc#\\da4031e77cd7d8b426cd99e749e0c982\\System.Management.Automation.ni.dll+f5cb1e|C:\\Windows\\assembly\\NativeImages_v4.0.30319_64\\System.Manaa57fc8cc#\\da4031e77cd7d8b426cd99e749e0c982\\System.Management.Automation.ni.dll+f5c7fb|C:\\Windows\\assembly\\NativeImages_v4.0.30319_64\\System.Manaa57fc8cc#\\da4031e77cd7d8b426cd99e749e0c982\\System.Management.Automation.ni.dll+104fcb4|UNKNOWN(00007FF7D51C13C1)","TargetImage":"C:\\Windows\\system32\\mstsc.exe","SourceProcessGUID":"{2b62dd35-3d26-6573-4708-000000002300}"},"OpenWEC":{"IpAddress":"10.202.0.184","TimeReceived":"2023-12-08T15:58:58.123475949+00:00","Principal":"WINTERFELL$@NORTH.SEVENKINGDOMS.LOCAL","Subscription":{"Uuid":"CB04741B-9072-4E2D-B769-3570FA020BBD","Version":"6E053E8A-FE0D-45A0-A863-C501EEDB4011","Name":"anssi-subscription"}}}
{"System":{"Provider":{"Name":"Microsoft-Windows-TerminalServices-ClientActiveXCore","Guid":"{28aa95bb-d444-4719-a36f-40462168127e}"},"EventID":1024,"Version":0,"Level":4,"Task":101,"Opcode":10,"Keywords":"0x4000000000000000","TimeCreated":"2023-12-08T15:58:52.597922800Z","EventRecordID":15228,"Correlation":{"ActivityID":"{54e1ac9e-c839-4546-bf8c-7e6f3e690000}"},"Execution":{"ProcessID":2084,"ThreadID":3816},"Channel":"Microsoft-Windows-TerminalServices-RDPClient/Operational","Computer":"winterfell.north.sevenkingdoms.local","UserID":"S-1-5-21-2431860994-719566178-239256710-1113"},"EventData":{"CustomLevel":"Info","Value":"castelblack","Name":"Server Name"},"OpenWEC":{"IpAddress":"10.202.0.184","TimeReceived":"2023-12-08T15:58:58.123475949+00:00","Principal":"WINTERFELL$@NORTH.SEVENKINGDOMS.LOCAL","Subscription":{"Uuid":"CB04741B-9072-4E2D-B769-3570FA020BBD","Version":"6E053E8A-FE0D-45A0-A863-C501EEDB4011","Name":"anssi-subscription"}}}
{"System":{"Provider":{"Name":"Microsoft-Windows-Sysmon","Guid":"{5770385f-c22a-43e0-bf4c-06f5698ffbd9}"},"EventID":22,"Version":5,"Level":4,"Task":22,"Opcode":0,"Keywords":"0x8000000000000000","TimeCreated":"2023-12-08T15:58:54.610894200Z","EventRecordID":10539,"Correlation":{},"Execution":{"ProcessID":3248,"ThreadID":3932},"Channel":"Microsoft-Windows-Sysmon/Operational","Computer":"winterfell.north.sevenkingdoms.local","UserID":"S-1-5-18"},"EventData":{"ProcessId":"2084","User":"NORTH\\robb.stark","ProcessGuid":"{2b62dd35-3d3c-6573-4a08-000000002300}","Image":"C:\\Windows\\system32\\mstsc.exe","QueryStatus":"0","QueryResults":"::ffff:192.168.56.22;","UtcTime":"2023-12-08 12:39:47.219","RuleName":"-","QueryName":"castelblack"},"OpenWEC":{"IpAddress":"10.202.0.184","TimeReceived":"2023-12-08T15:58:58.123475949+00:00","Principal":"WINTERFELL$@NORTH.SEVENKINGDOMS.LOCAL","Subscription":{"Uuid":"CB04741B-9072-4E2D-B769-3570FA020BBD","Version":"6E053E8A-FE0D-45A0-A863-C501EEDB4011","Name":"anssi-subscription"}}}
{"System":{"Provider":{"Name":"Microsoft-Windows-Security-Auditing","Guid":"{54849625-5478-4994-a5ba-3e3b0328c30d}"},"EventID":4688,"Version":2,"Level":0,"Task":13312,"Opcode":0,"Keywords":"0x8020000000000000","TimeCreated":"2023-12-08T15:59:15.343025900Z","EventRecordID":158019,"Correlation":{},"Execution":{"ProcessID":4,"ThreadID":1368},"Channel":"Security","Computer":"winterfell.north.sevenkingdoms.local"},"EventData":{"TargetUserSid":"S-1-0-0","SubjectDomainName":"NORTH","SubjectLogonId":"0x3e7","MandatoryLabel":"S-1-16-16384","NewProcessId":"0x10fc","TokenElevationType":"%%1936","CommandLine":"","TargetDomainName":"NORTH","SubjectUserSid":"S-1-5-18","SubjectUserName":"WINTERFELL$","NewProcessName":"C:\\Windows\\System32\\sppsvc.exe","ParentProcessName":"C:\\Windows\\System32\\services.exe","ProcessId":"0x278","TargetUserName":"WINTERFELL$","TargetLogonId":"0x3e4"},"OpenWEC":{"IpAddress":"10.202.0.184","TimeReceived":"2023-12-08T15:59:46.328359863+00:00","Principal":"WINTERFELL$@NORTH.SEVENKINGDOMS.LOCAL","Subscription":{"Uuid":"CB04741B-9072-4E2D-B769-3570FA020BBD","Version":"6E053E8A-FE0D-45A0-A863-C501EEDB4011","Name":"anssi-subscription"}}}
{"System":{"Provider":{"Name":"Microsoft-Windows-Sysmon","Guid":"{5770385f-c22a-43e0-bf4c-06f5698ffbd9}"},"EventID":10,"Version":3,"Level":4,"Task":10,"Opcode":0,"Keywords":"0x8000000000000000","TimeCreated":"2023-12-08T15:59:15.340884400Z","EventRecordID":10540,"Correlation":{},"Execution":{"ProcessID":3248,"ThreadID":3876},"Channel":"Microsoft-Windows-Sysmon/Operational","Computer":"winterfell.north.sevenkingdoms.local","UserID":"S-1-5-18"},"EventData":{"RuleName":"-","SourceUser":"NT AUTHORITY\\SYSTEM","SourceProcessId":"948","TargetProcessId":"652","SourceThreadId":"1200","UtcTime":"2023-12-08 15:59:15.339","CallTrace":"C:\\Windows\\SYSTEM32\\ntdll.dll+9feb4|C:\\Windows\\System32\\KERNELBASE.dll+6c2f5|c:\\windows\\system32\\lsm.dll+f397|c:\\windows\\system32\\lsm.dll+df54|C:\\Windows\\System32\\RPCRT4.dll+784a3|C:\\Windows\\System32\\RPCRT4.dll+d9f9a|C:\\Windows\\System32\\RPCRT4.dll+1ac60|C:\\Windows\\System32\\RPCRT4.dll+508e8|C:\\Windows\\System32\\RPCRT4.dll+3ad80|C:\\Windows\\System32\\RPCRT4.dll+3a72b|C:\\Windows\\System32\\RPCRT4.dll+2c9cf|C:\\Windows\\System32\\RPCRT4.dll+2be2a|C:\\Windows\\System32\\RPCRT4.dll+2b3f1|C:\\Windows\\System32\\RPCRT4.dll+2ae62|C:\\Windows\\System32\\RPCRT4.dll+218d5|C:\\Windows\\SYSTEM32\\ntdll.dll+69c20|C:\\Windows\\SYSTEM32\\ntdll.dll+166e8|C:\\Windows\\System32\\KERNEL32.DLL+17974|C:\\Windows\\SYSTEM32\\ntdll.dll+5a2f1","TargetProcessGUID":"{2b62dd35-54d9-6573-0c00-000000002300}","TargetImage":"C:\\Windows\\system32\\lsass.exe","TargetUser":"NT AUTHORITY\\SYSTEM","SourceProcessGUID":"{2b62dd35-54db-6573-1000-000000002300}","SourceImage":"C:\\Windows\\system32\\svchost.exe","GrantedAccess":"0x1000"},"OpenWEC":{"IpAddress":"10.202.0.184","TimeReceived":"2023-12-08T15:59:46.328359863+00:00","Principal":"WINTERFELL$@NORTH.SEVENKINGDOMS.LOCAL","Subscription":{"Uuid":"CB04741B-9072-4E2D-B769-3570FA020BBD","Version":"6E053E8A-FE0D-45A0-A863-C501EEDB4011","Name":"anssi-subscription"}}}
{"System":{"Provider":{"Name":"Microsoft-Windows-Sysmon","Guid":"{5770385f-c22a-43e0-bf4c-06f5698ffbd9}"},"EventID":10,"Version":3,"Level":4,"Task":10,"Opcode":0,"Keywords":"0x8000000000000000","TimeCreated":"2023-12-08T15:59:15.341199000Z","EventRecordID":10541,"Correlation":{},"Execution":{"ProcessID":3248,"ThreadID":3876},"Channel":"Microsoft-Windows-Sysmon/Operational","Computer":"winterfell.north.sevenkingdoms.local","UserID":"S-1-5-18"},"EventData":{"GrantedAccess":"0x1000","TargetUser":"NT AUTHORITY\\SYSTEM","SourceThreadId":"1200","RuleName":"-","TargetProcessId":"652","TargetImage":"C:\\Windows\\system32\\lsass.exe","CallTrace":"C:\\Windows\\SYSTEM32\\ntdll.dll+9feb4|C:\\Windows\\System32\\KERNELBASE.dll+6c2f5|c:\\windows\\system32\\lsm.dll+e2ca|c:\\windows\\system32\\lsm.dll+e044|C:\\Windows\\System32\\RPCRT4.dll+784a3|C:\\Windows\\System32\\RPCRT4.dll+d9f9a|C:\\Windows\\System32\\RPCRT4.dll+1ac60|C:\\Windows\\System32\\RPCRT4.dll+508e8|C:\\Windows\\System32\\RPCRT4.dll+3ad80|C:\\Windows\\System32\\RPCRT4.dll+3a72b|C:\\Windows\\System32\\RPCRT4.dll+2c9cf|C:\\Windows\\System32\\RPCRT4.dll+2be2a|C:\\Windows\\System32\\RPCRT4.dll+2b3f1|C:\\Windows\\System32\\RPCRT4.dll+2ae62|C:\\Windows\\System32\\RPCRT4.dll+218d5|C:\\Windows\\SYSTEM32\\ntdll.dll+69c20|C:\\Windows\\SYSTEM32\\ntdll.dll+166e8|C:\\Windows\\System32\\KERNEL32.DLL+17974|C:\\Windows\\SYSTEM32\\ntdll.dll+5a2f1","UtcTime":"2023-12-08 15:59:15.339","SourceUser":"NT AUTHORITY\\SYSTEM","SourceProcessId":"948","SourceImage":"C:\\Windows\\system32\\svchost.exe","SourceProcessGUID":"{2b62dd35-54db-6573-1000-000000002300}","TargetProcessGUID":"{2b62dd35-54d9-6573-0c00-000000002300}"},"OpenWEC":{"IpAddress":"10.202.0.184","TimeReceived":"2023-12-08T15:59:46.328359863+00:00","Principal":"WINTERFELL$@NORTH.SEVENKINGDOMS.LOCAL","Subscription":{"Uuid":"CB04741B-9072-4E2D-B769-3570FA020BBD","Version":"6E053E8A-FE0D-45A0-A863-C501EEDB4011","Name":"anssi-subscription"}}}
{"System":{"Provider":{"Name":"Microsoft-Windows-Sysmon","Guid":"{5770385f-c22a-43e0-bf4c-06f5698ffbd9}"},"EventID":3,"Version":5,"Level":4,"Task":3,"Opcode":0,"Keywords":"0x8000000000000000","TimeCreated":"2023-12-08T15:59:19.732566100Z","EventRecordID":10542,"Correlation":{},"Execution":{"ProcessID":3248,"ThreadID":3884},"Channel":"Microsoft-Windows-Sysmon/Operational","Computer":"winterfell.north.sevenkingdoms.local","UserID":"S-1-5-18"},"EventData":{"DestinationHostname":"-","Image":"C:\\Windows\\System32\\svchost.exe","RuleName":"WinRM","SourcePort":"64818","User":"NT AUTHORITY\\NETWORK SERVICE","SourceIsIpv6":"false","DestinationPortName":"-","UtcTime":"2023-12-08 12:40:13.184","ProcessGuid":"{2b62dd35-e477-6572-4d00-000000002300}","SourceIp":"10.202.0.184","Initiated":"true","SourcePortName":"-","DestinationIp":"10.202.0.154","ProcessId":"3228","DestinationPort":"5985","SourceHostname":"winterfell.north.sevenkingdoms.local","Protocol":"tcp","DestinationIsIpv6":"false"},"OpenWEC":{"IpAddress":"10.202.0.184","TimeReceived":"2023-12-08T15:59:46.328359863+00:00","Principal":"WINTERFELL$@NORTH.SEVENKINGDOMS.LOCAL","Subscription":{"Uuid":"CB04741B-9072-4E2D-B769-3570FA020BBD","Version":"6E053E8A-FE0D-45A0-A863-C501EEDB4011","Name":"anssi-subscription"}}}
{"System":{"Provider":{"Name":"Microsoft-Windows-Sysmon","Guid":"{5770385f-c22a-43e0-bf4c-06f5698ffbd9}"},"EventID":10,"Version":3,"Level":4,"Task":10,"Opcode":0,"Keywords":"0x8000000000000000","TimeCreated":"2023-12-08T15:59:19.984594800Z","EventRecordID":10543,"Correlation":{},"Execution":{"ProcessID":3248,"ThreadID":3876},"Channel":"Microsoft-Windows-Sysmon/Operational","Computer":"winterfell.north.sevenkingdoms.local","UserID":"S-1-5-18"},"EventData":{"CallTrace":"C:\\Windows\\SYSTEM32\\ntdll.dll+9feb4|C:\\Windows\\System32\\KERNELBASE.dll+2126e|C:\\ProgramData\\Microsoft\\Windows Defender\\Definition Updates\\{9EE0F182-A263-49EC-A9D9-314F3FB1C191}\\mpengine.dll+12a899|C:\\ProgramData\\Microsoft\\Windows Defender\\Definition Updates\\{9EE0F182-A263-49EC-A9D9-314F3FB1C191}\\mpengine.dll+89bf1b|C:\\ProgramData\\Microsoft\\Windows Defender\\Definition Updates\\{9EE0F182-A263-49EC-A9D9-314F3FB1C191}\\mpengine.dll+68693e|C:\\ProgramData\\Microsoft\\Windows Defender\\Definition Updates\\{9EE0F182-A263-49EC-A9D9-314F3FB1C191}\\mpengine.dll+6e16c4|C:\\ProgramData\\Microsoft\\Windows Defender\\Definition Updates\\{9EE0F182-A263-49EC-A9D9-314F3FB1C191}\\mpengine.dll+317d6a|C:\\ProgramData\\Microsoft\\Windows Defender\\Definition Updates\\{9EE0F182-A263-49EC-A9D9-314F3FB1C191}\\mpengine.dll+3179e1|C:\\ProgramData\\Microsoft\\Windows Defender\\Definition Updates\\{9EE0F182-A263-49EC-A9D9-314F3FB1C191}\\mpengine.dll+626e98|C:\\ProgramData\\Microsoft\\Windows Defender\\Platform\\4.18.23110.3-0\\mpsvc.dll+238c1|C:\\ProgramData\\Microsoft\\Windows Defender\\Platform\\4.18.23110.3-0\\mpsvc.dll+15034e|C:\\ProgramData\\Microsoft\\Windows Defender\\Platform\\4.18.23110.3-0\\mpsvc.dll+150b08|C:\\ProgramData\\Microsoft\\Windows Defender\\Platform\\4.18.23110.3-0\\mpsvc.dll+1a3177|C:\\ProgramData\\Microsoft\\Windows Defender\\Platform\\4.18.23110.3-0\\mpsvc.dll+1a05c4|C:\\ProgramData\\Microsoft\\Windows Defender\\Platform\\4.18.23110.3-0\\mpclient.dll+7762c|C:\\ProgramData\\Microsoft\\Windows Defender\\Platform\\4.18.23110.3-0\\mpclient.dll+77751|C:\\ProgramData\\Microsoft\\Windows Defender\\Platform\\4.18.23110.3-0\\mpclient.dll+71ef7|C:\\ProgramData\\Microsoft\\Windows Defender\\Platform\\4.18.23110.3-0\\mpclient.dll+79dc4|C:\\ProgramData\\Microsoft\\Windows Defender\\Platform\\4.18.23110.3-0\\mpclient.dll+ac4bd|C:\\ProgramData\\Microsoft\\Windows Defender\\Platform\\4.18.23110.3-0\\mpclient.dll+75800|C:\\ProgramData\\Microsoft\\Windows Defender\\Platform\\4.18.23110.3-0\\mpclient.dll+aa788|C:\\Windows\\SYSTEM32\\ntdll.dll+6bb10|C:\\Windows\\SYSTEM32\\ntdll.dll+16964|C:\\Windows\\System32\\KERNEL32.DLL+17974","SourceUser":"NT AUTHORITY\\SYSTEM","TargetProcessGUID":"{2b62dd35-54d9-6573-0c00-000000002300}","RuleName":"-","TargetUser":"NT AUTHORITY\\SYSTEM","TargetImage":"C:\\Windows\\system32\\lsass.exe","TargetProcessId":"652","UtcTime":"2023-12-08 15:59:19.982","SourceThreadId":"3472","SourceProcessGUID":"{2b62dd35-e477-6572-4f00-000000002300}","SourceImage":"C:\\ProgramData\\Microsoft\\Windows Defender\\Platform\\4.18.23110.3-0\\MsMpEng.exe","GrantedAccess":"0x1000","SourceProcessId":"3276"},"OpenWEC":{"IpAddress":"10.202.0.184","TimeReceived":"2023-12-08T15:59:46.328359863+00:00","Principal":"WINTERFELL$@NORTH.SEVENKINGDOMS.LOCAL","Subscription":{"Uuid":"CB04741B-9072-4E2D-B769-3570FA020BBD","Version":"6E053E8A-FE0D-45A0-A863-C501EEDB4011","Name":"anssi-subscription"}}}
{"System":{"Provider":{"Name":"Microsoft-Windows-Sysmon","Guid":"{5770385f-c22a-43e0-bf4c-06f5698ffbd9}"},"EventID":10,"Version":3,"Level":4,"Task":10,"Opcode":0,"Keywords":"0x8000000000000000","TimeCreated":"2023-12-08T15:59:19.994175100Z","EventRecordID":10544,"Correlation":{},"Execution":{"ProcessID":3248,"ThreadID":3876},"Channel":"Microsoft-Windows-Sysmon/Operational","Computer":"winterfell.north.sevenkingdoms.local","UserID":"S-1-5-18"},"EventData":{"TargetProcessGUID":"{2b62dd35-54d9-6573-0c00-000000002300}","SourceProcessId":"3276","SourceUser":"NT AUTHORITY\\SYSTEM","CallTrace":"C:\\Windows\\SYSTEM32\\ntdll.dll+9feb4|C:\\Windows\\System32\\KERNELBASE.dll+2126e|C:\\ProgramData\\Microsoft\\Windows Defender\\Definition Updates\\{9EE0F182-A263-49EC-A9D9-314F3FB1C191}\\mpengine.dll+12a899|C:\\ProgramData\\Microsoft\\Windows Defender\\Definition Updates\\{9EE0F182-A263-49EC-A9D9-314F3FB1C191}\\mpengine.dll+12afb4|C:\\ProgramData\\Microsoft\\Windows Defender\\Definition Updates\\{9EE0F182-A263-49EC-A9D9-314F3FB1C191}\\mpengine.dll+12ae4a|C:\\ProgramData\\Microsoft\\Windows Defender\\Definition Updates\\{9EE0F182-A263-49EC-A9D9-314F3FB1C191}\\mpengine.dll+686ace|C:\\ProgramData\\Microsoft\\Windows Defender\\Definition Updates\\{9EE0F182-A263-49EC-A9D9-314F3FB1C191}\\mpengine.dll+6e16c4|C:\\ProgramData\\Microsoft\\Windows Defender\\Definition Updates\\{9EE0F182-A263-49EC-A9D9-314F3FB1C191}\\mpengine.dll+317d6a|C:\\ProgramData\\Microsoft\\Windows Defender\\Definition Updates\\{9EE0F182-A263-49EC-A9D9-314F3FB1C191}\\mpengine.dll+3179e1|C:\\ProgramData\\Microsoft\\Windows Defender\\Definition Updates\\{9EE0F182-A263-49EC-A9D9-314F3FB1C191}\\mpengine.dll+626e98|C:\\ProgramData\\Microsoft\\Windows Defender\\Platform\\4.18.23110.3-0\\mpsvc.dll+238c1|C:\\ProgramData\\Microsoft\\Windows Defender\\Platform\\4.18.23110.3-0\\mpsvc.dll+15034e|C:\\ProgramData\\Microsoft\\Windows Defender\\Platform\\4.18.23110.3-0\\mpsvc.dll+150b08|C:\\ProgramData\\Microsoft\\Windows Defender\\Platform\\4.18.23110.3-0\\mpsvc.dll+1a3177|C:\\ProgramData\\Microsoft\\Windows Defender\\Platform\\4.18.23110.3-0\\mpsvc.dll+1a05c4|C:\\ProgramData\\Microsoft\\Windows Defender\\Platform\\4.18.23110.3-0\\mpclient.dll+7762c|C:\\ProgramData\\Microsoft\\Windows Defender\\Platform\\4.18.23110.3-0\\mpclient.dll+77751|C:\\ProgramData\\Microsoft\\Windows Defender\\Platform\\4.18.23110.3-0\\mpclient.dll+71ef7|C:\\ProgramData\\Microsoft\\Windows Defender\\Platform\\4.18.23110.3-0\\mpclient.dll+79dc4|C:\\ProgramData\\Microsoft\\Windows Defender\\Platform\\4.18.23110.3-0\\mpclient.dll+ac4bd|C:\\ProgramData\\Microsoft\\Windows Defender\\Platform\\4.18.23110.3-0\\mpclient.dll+75800|C:\\ProgramData\\Microsoft\\Windows Defender\\Platform\\4.18.23110.3-0\\mpclient.dll+aa788|C:\\Windows\\SYSTEM32\\ntdll.dll+6bb10|C:\\Windows\\SYSTEM32\\ntdll.dll+16964","TargetImage":"C:\\Windows\\system32\\lsass.exe","SourceThreadId":"3472","TargetProcessId":"652","SourceProcessGUID":"{2b62dd35-e477-6572-4f00-000000002300}","GrantedAccess":"0x101000","UtcTime":"2023-12-08 15:59:19.982","TargetUser":"NT AUTHORITY\\SYSTEM","RuleName":"-","SourceImage":"C:\\ProgramData\\Microsoft\\Windows Defender\\Platform\\4.18.23110.3-0\\MsMpEng.exe"},"OpenWEC":{"IpAddress":"10.202.0.184","TimeReceived":"2023-12-08T15:59:46.328359863+00:00","Principal":"WINTERFELL$@NORTH.SEVENKINGDOMS.LOCAL","Subscription":{"Uuid":"CB04741B-9072-4E2D-B769-3570FA020BBD","Version":"6E053E8A-FE0D-45A0-A863-C501EEDB4011","Name":"anssi-subscription"}}}
{"System":{"Provider":{"Name":"Microsoft-Windows-Sysmon","Guid":"{5770385f-c22a-43e0-bf4c-06f5698ffbd9}"},"EventID":10,"Version":3,"Level":4,"Task":10,"Opcode":0,"Keywords":"0x8000000000000000","TimeCreated":"2023-12-08T15:59:19.994326300Z","EventRecordID":10545,"Correlation":{},"Execution":{"ProcessID":3248,"ThreadID":3876},"Channel":"Microsoft-Windows-Sysmon/Operational","Computer":"winterfell.north.sevenkingdoms.local","UserID":"S-1-5-18"},"EventData":{"CallTrace":"C:\\Windows\\SYSTEM32\\ntdll.dll+9feb4|C:\\Windows\\System32\\KERNELBASE.dll+6c2f5|C:\\ProgramData\\Microsoft\\Windows Defender\\Definition Updates\\{9EE0F182-A263-49EC-A9D9-314F3FB1C191}\\mpengine.dll+686b96|C:\\ProgramData\\Microsoft\\Windows Defender\\Definition Updates\\{9EE0F182-A263-49EC-A9D9-314F3FB1C191}\\mpengine.dll+6e16c4|C:\\ProgramData\\Microsoft\\Windows Defender\\Definition Updates\\{9EE0F182-A263-49EC-A9D9-314F3FB1C191}\\mpengine.dll+317d6a|C:\\ProgramData\\Microsoft\\Windows Defender\\Definition Updates\\{9EE0F182-A263-49EC-A9D9-314F3FB1C191}\\mpengine.dll+3179e1|C:\\ProgramData\\Microsoft\\Windows Defender\\Definition Updates\\{9EE0F182-A263-49EC-A9D9-314F3FB1C191}\\mpengine.dll+626e98|C:\\ProgramData\\Microsoft\\Windows Defender\\Platform\\4.18.23110.3-0\\mpsvc.dll+238c1|C:\\ProgramData\\Microsoft\\Windows Defender\\Platform\\4.18.23110.3-0\\mpsvc.dll+15034e|C:\\ProgramData\\Microsoft\\Windows Defender\\Platform\\4.18.23110.3-0\\mpsvc.dll+150b08|C:\\ProgramData\\Microsoft\\Windows Defender\\Platform\\4.18.23110.3-0\\mpsvc.dll+1a3177|C:\\ProgramData\\Microsoft\\Windows Defender\\Platform\\4.18.23110.3-0\\mpsvc.dll+1a05c4|C:\\ProgramData\\Microsoft\\Windows Defender\\Platform\\4.18.23110.3-0\\mpclient.dll+7762c|C:\\ProgramData\\Microsoft\\Windows Defender\\Platform\\4.18.23110.3-0\\mpclient.dll+77751|C:\\ProgramData\\Microsoft\\Windows Defender\\Platform\\4.18.23110.3-0\\mpclient.dll+71ef7|C:\\ProgramData\\Microsoft\\Windows Defender\\Platform\\4.18.23110.3-0\\mpclient.dll+79dc4|C:\\ProgramData\\Microsoft\\Windows Defender\\Platform\\4.18.23110.3-0\\mpclient.dll+ac4bd|C:\\ProgramData\\Microsoft\\Windows Defender\\Platform\\4.18.23110.3-0\\mpclient.dll+75800|C:\\ProgramData\\Microsoft\\Windows Defender\\Platform\\4.18.23110.3-0\\mpclient.dll+aa788|C:\\Windows\\SYSTEM32\\ntdll.dll+6bb10|C:\\Windows\\SYSTEM32\\ntdll.dll+16964|C:\\Windows\\System32\\KERNEL32.DLL+17974|C:\\Windows\\SYSTEM32\\ntdll.dll+5a2f1","TargetUser":"NT AUTHORITY\\SYSTEM","SourceUser":"NT AUTHORITY\\SYSTEM","SourceProcessId":"3276","SourceThreadId":"3472","TargetProcessId":"652","RuleName":"-","SourceImage":"C:\\ProgramData\\Microsoft\\Windows Defender\\Platform\\4.18.23110.3-0\\MsMpEng.exe","SourceProcessGUID":"{2b62dd35-e477-6572-4f00-000000002300}","UtcTime":"2023-12-08 15:59:19.982","TargetProcessGUID":"{2b62dd35-54d9-6573-0c00-000000002300}","TargetImage":"C:\\Windows\\system32\\lsass.exe","GrantedAccess":"0x1000"},"OpenWEC":{"IpAddress":"10.202.0.184","TimeReceived":"2023-12-08T15:59:46.328359863+00:00","Principal":"WINTERFELL$@NORTH.SEVENKINGDOMS.LOCAL","Subscription":{"Uuid":"CB04741B-9072-4E2D-B769-3570FA020BBD","Version":"6E053E8A-FE0D-45A0-A863-C501EEDB4011","Name":"anssi-subscription"}}}
{"System":{"Provider":{"Name":"Microsoft-Windows-Sysmon","Guid":"{5770385f-c22a-43e0-bf4c-06f5698ffbd9}"},"EventID":10,"Version":3,"Level":4,"Task":10,"Opcode":0,"Keywords":"0x8000000000000000","TimeCreated":"2023-12-08T15:59:24.271723500Z","EventRecordID":10546,"Correlation":{},"Execution":{"ProcessID":3248,"ThreadID":3876},"Channel":"Microsoft-Windows-Sysmon/Operational","Computer":"winterfell.north.sevenkingdoms.local","UserID":"S-1-5-18"},"EventData":{"SourceProcessId":"948","UtcTime":"2023-12-08 15:59:24.263","TargetImage":"C:\\Windows\\system32\\lsass.exe","SourceThreadId":"1200","TargetProcessGUID":"{2b62dd35-54d9-6573-0c00-000000002300}","GrantedAccess":"0x1000","SourceImage":"C:\\Windows\\system32\\svchost.exe","CallTrace":"C:\\Windows\\SYSTEM32\\ntdll.dll+9feb4|C:\\Windows\\System32\\KERNELBASE.dll+6c2f5|c:\\windows\\system32\\lsm.dll+f397|c:\\windows\\system32\\lsm.dll+df54|C:\\Windows\\System32\\RPCRT4.dll+784a3|C:\\Windows\\System32\\RPCRT4.dll+d9f9a|C:\\Windows\\System32\\RPCRT4.dll+1ac60|C:\\Windows\\System32\\RPCRT4.dll+508e8|C:\\Windows\\System32\\RPCRT4.dll+3ad80|C:\\Windows\\System32\\RPCRT4.dll+3a72b|C:\\Windows\\System32\\RPCRT4.dll+2c9cf|C:\\Windows\\System32\\RPCRT4.dll+2be2a|C:\\Windows\\System32\\RPCRT4.dll+2b3f1|C:\\Windows\\System32\\RPCRT4.dll+2ae62|C:\\Windows\\System32\\RPCRT4.dll+218d5|C:\\Windows\\SYSTEM32\\ntdll.dll+69c20|C:\\Windows\\SYSTEM32\\ntdll.dll+166e8|C:\\Windows\\System32\\KERNEL32.DLL+17974|C:\\Windows\\SYSTEM32\\ntdll.dll+5a2f1","SourceUser":"NT AUTHORITY\\SYSTEM","TargetUser":"NT AUTHORITY\\SYSTEM","SourceProcessGUID":"{2b62dd35-54db-6573-1000-000000002300}","RuleName":"-","TargetProcessId":"652"},"OpenWEC":{"IpAddress":"10.202.0.184","TimeReceived":"2023-12-08T15:59:46.328359863+00:00","Principal":"WINTERFELL$@NORTH.SEVENKINGDOMS.LOCAL","Subscription":{"Uuid":"CB04741B-9072-4E2D-B769-3570FA020BBD","Version":"6E053E8A-FE0D-45A0-A863-C501EEDB4011","Name":"anssi-subscription"}}}
