{"System":{"Provider":{"Name":"Microsoft-Windows-Sysmon","Guid":"{5770385f-c22a-43e0-bf4c-06f5698ffbd9}"},"EventID":10,"Version":3,"Level":4,"Task":10,"Opcode":0,"Keywords":"0x8000000000000000","TimeCreated":"2023-12-08T15:52:22.581132300Z","EventRecordID":10331,"Correlation":{},"Execution":{"ProcessID":3248,"ThreadID":3876},"Channel":"Microsoft-Windows-Sysmon/Operational","Computer":"winterfell.north.sevenkingdoms.local","UserID":"S-1-5-18"},"EventData":{"TargetImage":"C:\\Windows\\system32\\lsass.exe","TargetUser":"NT AUTHORITY\\SYSTEM","SourceThreadId":"3932","SourceImage":"C:\\Windows\\sysmon64.exe","SourceProcessGUID":"{2b62dd35-e477-6572-4e00-000000002300}","UtcTime":"2023-12-08 15:52:22.579","GrantedAccess":"0x1fffff","CallTrace":"C:\\Windows\\SYSTEM32\\ntdll.dll+9feb4|C:\\Windows\\SYSTEM32\\ntdll.dll+7d367|C:\\Windows\\System32\\KERNEL32.DLL+1c5b4|C:\\Windows\\System32\\KERNEL32.DLL+237f8|C:\\Windows\\sysmon64.exe+ec5cd|C:\\Windows\\sysmon64.exe+edeb7|C:\\Windows\\sysmon64.exe+12e889|C:\\Windows\\sysmon64.exe+ee90e|C:\\Windows\\sysmon64.exe+eecd3|C:\\Windows\\sysmon64.exe+10bd88|C:\\Windows\\sysmon64.exe+e22d1|C:\\Windows\\sysmon64.exe+e2427|C:\\Windows\\System32\\sechost.dll+dc61|C:\\Windows\\System32\\sechost.dll+d9a9|C:\\Windows\\System32\\sechost.dll+13d4e|C:\\Windows\\sysmon64.exe+e25ba|C:\\Windows\\sysmon64.exe+1a9ad2|C:\\Windows\\System32\\KERNEL32.DLL+17974|C:\\Windows\\SYSTEM32\\ntdll.dll+5a2f1","RuleName":"-","TargetProcessId":"652","SourceUser":"NT AUTHORITY\\SYSTEM","SourceProcessId":"3248","TargetProcessGUID":"{2b62dd35-54d9-6573-0c00-000000002300}"},"OpenWEC":{"IpAddress":"10.202.0.184","TimeReceived":"2023-12-08T15:52:31.241893834+00:00","Principal":"WINTERFELL$@NORTH.SEVENKINGDOMS.LOCAL","Subscription":{"Uuid":"CB04741B-9072-4E2D-B769-3570FA020BBD","Version":"6E053E8A-FE0D-45A0-A863-C501EEDB4011","Name":"anssi-subscription"}}}
{"System":{"Provider":{"Name":"Microsoft-Windows-Sysmon","Guid":"{5770385f-c22a-43e0-bf4c-06f5698ffbd9}"},"EventID":22,"Version":5,"Level":4,"Task":22,"Opcode":0,"Keywords":"0x8000000000000000","TimeCreated":"2023-12-08T15:52:22.581943000Z","EventRecordID":10332,"Correlation":{},"Execution":{"ProcessID":3248,"ThreadID":3932},"Channel":"Microsoft-Windows-Sysmon/Operational","Computer":"winterfell.north.sevenkingdoms.local","UserID":"S-1-5-18"},"EventData":{"RuleName":"-","UtcTime":"2023-12-08 12:33:16.193","QueryResults":"10.202.0.184;192.168.56.11;10.0.2.15;","ProcessGuid":"{2b62dd35-54d9-6573-0c00-000000002300}","ProcessId":"652","Image":"C:\\Windows\\system32\\lsass.exe","QueryName":"winterfell","User":"NT AUTHORITY\\SYSTEM","QueryStatus":"0"},"OpenWEC":{"IpAddress":"10.202.0.184","TimeReceived":"2023-12-08T15:52:31.241893834+00:00","Principal":"WINTERFELL$@NORTH.SEVENKINGDOMS.LOCAL","Subscription":{"Uuid":"CB04741B-9072-4E2D-B769-3570FA020BBD","Version":"6E053E8A-FE0D-45A0-A863-C501EEDB4011","Name":"anssi-subscription"}}}
{"System":{"Provider":{"Name":"Microsoft-Windows-Sysmon","Guid":"{5770385f-c22a-43e0-bf4c-06f5698ffbd9}"},"EventID":22,"Version":5,"Level":4,"Task":22,"Opcode":0,"Keywords":"0x8000000000000000","TimeCreated":"2023-12-08T15:52:23.584115400Z","EventRecordID":10333,"Correlation":{},"Execution":{"ProcessID":3248,"ThreadID":3932},"Channel":"Microsoft-Windows-Sysmon/Operational","Computer":"winterfell.north.sevenkingdoms.local","UserID":"S-1-5-18"},"EventData":{"RuleName":"-","UtcTime":"2023-12-08 12:33:16.499","ProcessId":"896","QueryStatus":"0","QueryResults":"fe80::da5c:a9be:fef:69f2;::ffff:10.202.0.195;","User":"NT AUTHORITY\\LOCAL SERVICE","ProcessGuid":"{2b62dd35-54db-6573-1500-000000002300}","Image":"C:\\Windows\\System32\\svchost.exe","QueryName":"Meren"},"OpenWEC":{"IpAddress":"10.202.0.184","TimeReceived":"2023-12-08T15:52:31.241893834+00:00","Principal":"WINTERFELL$@NORTH.SEVENKINGDOMS.LOCAL","Subscription":{"Uuid":"CB04741B-9072-4E2D-B769-3570FA020BBD","Version":"6E053E8A-FE0D-45A0-A863-C501EEDB4011","Name":"anssi-subscription"}}}
{"System":{"Provider":{"Name":"Microsoft-Windows-Sysmon","Guid":"{5770385f-c22a-43e0-bf4c-06f5698ffbd9}"},"EventID":22,"Version":5,"Level":4,"Task":22,"Opcode":0,"Keywords":"0x8000000000000000","TimeCreated":"2023-12-08T15:52:24.596238600Z","EventRecordID":10334,"Correlation":{},"Execution":{"ProcessID":3248,"ThreadID":3932},"Channel":"Microsoft-Windows-Sysmon/Operational","Computer":"winterfell.north.sevenkingdoms.local","UserID":"S-1-5-18"},"EventData":{"Image":"C:\\Windows\\System32\\svchost.exe","QueryName":"Meren","UtcTime":"2023-12-08 12:33:17.626","User":"NT AUTHORITY\\LOCAL SERVICE","RuleName":"-","ProcessGuid":"{2b62dd35-54db-6573-1500-000000002300}","QueryResults":"fe80::da5c:a9be:fef:69f2;::ffff:10.202.0.195;","QueryStatus":"0","ProcessId":"896"},"OpenWEC":{"IpAddress":"10.202.0.184","TimeReceived":"2023-12-08T15:52:31.241893834+00:00","Principal":"WINTERFELL$@NORTH.SEVENKINGDOMS.LOCAL","Subscription":{"Uuid":"CB04741B-9072-4E2D-B769-3570FA020BBD","Version":"6E053E8A-FE0D-45A0-A863-C501EEDB4011","Name":"anssi-subscription"}}}
{"System":{"Provider":{"Name":"Microsoft-Windows-Sysmon","Guid":"{5770385f-c22a-43e0-bf4c-06f5698ffbd9}"},"EventID":22,"Version":5,"Level":4,"Task":22,"Opcode":0,"Keywords":"0x8000000000000000","TimeCreated":"2023-12-08T15:52:25.612103500Z","EventRecordID":10335,"Correlation":{},"Execution":{"ProcessID":3248,"ThreadID":3932},"Channel":"Microsoft-Windows-Sysmon/Operational","Computer":"winterfell.north.sevenkingdoms.local","UserID":"S-1-5-18"},"EventData":{"RuleName":"-","QueryName":"Meren","ProcessId":"896","User":"NT AUTHORITY\\LOCAL SERVICE","QueryStatus":"0","QueryResults":"fe80::da5c:a9be:fef:69f2;::ffff:10.202.0.195;","Image":"C:\\Windows\\System32\\svchost.exe","UtcTime":"2023-12-08 12:33:18.764","ProcessGuid":"{2b62dd35-54db-6573-1500-000000002300}"},"OpenWEC":{"IpAddress":"10.202.0.184","TimeReceived":"2023-12-08T15:52:31.241893834+00:00","Principal":"WINTERFELL$@NORTH.SEVENKINGDOMS.LOCAL","Subscription":{"Uuid":"CB04741B-9072-4E2D-B769-3570FA020BBD","Version":"6E053E8A-FE0D-45A0-A863-C501EEDB4011","Name":"anssi-subscription"}}}
{"System":{"Provider":{"Name":"Microsoft-Windows-Security-Auditing","Guid":"{54849625-5478-4994-a5ba-3e3b0328c30d}"},"EventID":4624,"Version":2,"Level":0,"Task":12544,"Opcode":0,"Keywords":"0x8020000000000000","TimeCreated":"2023-12-08T15:52:27.068543600Z","EventRecordID":157790,"Correlation":{},"Execution":{"ProcessID":652,"ThreadID":2812},"Channel":"Security","Computer":"winterfell.north.sevenkingdoms.local"},"EventData":{"SubjectUserName":"-","LogonType":"3","ProcessId":"0x0","IpAddress":"::1","ImpersonationLevel":"%%1833","RestrictedAdminMode":"-","TransmittedServices":"-","TargetOutboundUserName":"-","TargetDomainName":"NORTH.SEVENKINGDOMS.LOCAL","TargetOutboundDomainName":"-","ElevatedToken":"%%1842","TargetUserName":"WINTERFELL$","AuthenticationPackageName":"Kerberos","KeyLength":"0","TargetLinkedLogonId":"0x0","SubjectDomainName":"-","LogonProcessName":"Kerberos","TargetLogonId":"0xd8201a","LogonGuid":"{3f4b9425-1866-4469-9e0a-1c617a2b9ee7}","ProcessName":"-","VirtualAccount":"%%1843","WorkstationName":"-","IpPort":"64740","SubjectLogonId":"0x0","TargetUserSid":"S-1-5-18","LmPackageName":"-","SubjectUserSid":"S-1-0-0"},"OpenWEC":{"IpAddress":"10.202.0.184","TimeReceived":"2023-12-08T15:52:31.241893834+00:00","Principal":"WINTERFELL$@NORTH.SEVENKINGDOMS.LOCAL","Subscription":{"Uuid":"CB04741B-9072-4E2D-B769-3570FA020BBD","Version":"6E053E8A-FE0D-45A0-A863-C501EEDB4011","Name":"anssi-subscription"}}}
{"System":{"Provider":{"Name":"Microsoft-Windows-Sysmon","Guid":"{5770385f-c22a-43e0-bf4c-06f5698ffbd9}"},"EventID":10,"Version":3,"Level":4,"Task":10,"Opcode":0,"Keywords":"0x8000000000000000","TimeCreated":"2023-12-08T15:52:28.285611200Z","EventRecordID":10336,"Correlation":{},"Execution":{"ProcessID":3248,"ThreadID":3876},"Channel":"Microsoft-Windows-Sysmon/Operational","Computer":"winterfell.north.sevenkingdoms.local","UserID":"S-1-5-18"},"EventData":{"TargetImage":"C:\\Windows\\system32\\lsass.exe","GrantedAccess":"0x1fffff","TargetProcessGUID":"{2b62dd35-54d9-6573-0c00-000000002300}","CallTrace":"C:\\Windows\\SYSTEM32\\ntdll.dll+9feb4|C:\\Windows\\SYSTEM32\\ntdll.dll+7d367|C:\\Windows\\System32\\KERNEL32.DLL+1c5b4|C:\\Windows\\System32\\KERNEL32.DLL+237f8|C:\\Windows\\sysmon64.exe+ec5cd|C:\\Windows\\sysmon64.exe+edeb7|C:\\Windows\\sysmon64.exe+12e889|C:\\Windows\\sysmon64.exe+ee90e|C:\\Windows\\sysmon64.exe+eecd3|C:\\Windows\\sysmon64.exe+f3eea|C:\\Windows\\sysmon64.exe+fbc2c|C:\\Windows\\sysmon64.exe+10dc04|C:\\Windows\\sysmon64.exe+10dcc5|C:\\Windows\\sysmon64.exe+1a9ad2|C:\\Windows\\System32\\KERNEL32.DLL+17974|C:\\Windows\\SYSTEM32\\ntdll.dll+5a2f1","SourceThreadId":"3884","TargetUser":"NT AUTHORITY\\SYSTEM","SourceUser":"NT AUTHORITY\\SYSTEM","UtcTime":"2023-12-08 15:52:28.284","SourceProcessId":"3248","SourceProcessGUID":"{2b62dd35-e477-6572-4e00-000000002300}","SourceImage":"C:\\Windows\\sysmon64.exe","TargetProcessId":"652","RuleName":"-"},"OpenWEC":{"IpAddress":"10.202.0.184","TimeReceived":"2023-12-08T15:52:31.241893834+00:00","Principal":"WINTERFELL$@NORTH.SEVENKINGDOMS.LOCAL","Subscription":{"Uuid":"CB04741B-9072-4E2D-B769-3570FA020BBD","Version":"6E053E8A-FE0D-45A0-A863-C501EEDB4011","Name":"anssi-subscription"}}}
{"System":{"Provider":{"Name":"Microsoft-Windows-Sysmon","Guid":"{5770385f-c22a-43e0-bf4c-06f5698ffbd9}"},"EventID":10,"Version":3,"Level":4,"Task":10,"Opcode":0,"Keywords":"0x8000000000000000","TimeCreated":"2023-12-08T15:52:30.852386400Z","EventRecordID":10337,"Correlation":{},"Execution":{"ProcessID":3248,"ThreadID":3876},"Channel":"Microsoft-Windows-Sysmon/Operational","Computer":"winterfell.north.sevenkingdoms.local","UserID":"S-1-5-18"},"EventData":{"TargetImage":"C:\\Windows\\system32\\lsass.exe","TargetProcessId":"652","RuleName":"-","UtcTime":"2023-12-08 15:52:30.845","SourceThreadId":"5248","TargetProcessGUID":"{2b62dd35-54d9-6573-0c00-000000002300}","SourceProcessGUID":"{2b62dd35-54db-6573-1000-000000002300}","GrantedAccess":"0x1000","SourceProcessId":"948","SourceImage":"C:\\Windows\\system32\\svchost.exe","CallTrace":"C:\\Windows\\SYSTEM32\\ntdll.dll+9feb4|C:\\Windows\\System32\\KERNELBASE.dll+6c2f5|c:\\windows\\system32\\lsm.dll+f397|c:\\windows\\system32\\lsm.dll+df54|C:\\Windows\\System32\\RPCRT4.dll+784a3|C:\\Windows\\System32\\RPCRT4.dll+d9f9a|C:\\Windows\\System32\\RPCRT4.dll+1ac60|C:\\Windows\\System32\\RPCRT4.dll+508e8|C:\\Windows\\System32\\RPCRT4.dll+3ad80|C:\\Windows\\System32\\RPCRT4.dll+3a72b|C:\\Windows\\System32\\RPCRT4.dll+2c9cf|C:\\Windows\\System32\\RPCRT4.dll+2be2a|C:\\Windows\\System32\\RPCRT4.dll+2b3f1|C:\\Windows\\System32\\RPCRT4.dll+2ae62|C:\\Windows\\System32\\RPCRT4.dll+218d5|C:\\Windows\\SYSTEM32\\ntdll.dll+69c20|C:\\Windows\\SYSTEM32\\ntdll.dll+166e8|C:\\Windows\\System32\\KERNEL32.DLL+17974|C:\\Windows\\SYSTEM32\\ntdll.dll+5a2f1","SourceUser":"NT AUTHORITY\\SYSTEM","TargetUser":"NT AUTHORITY\\SYSTEM"},"OpenWEC":{"IpAddress":"10.202.0.184","TimeReceived":"2023-12-08T15:53:01.838430663+00:00","Principal":"WINTERFELL$@NORTH.SEVENKINGDOMS.LOCAL","Subscription":{"Uuid":"CB04741B-9072-4E2D-B769-3570FA020BBD","Version":"6E053E8A-FE0D-45A0-A863-C501EEDB4011","Name":"anssi-subscription"}}}
{"System":{"Provider":{"Name":"Microsoft-Windows-Sysmon","Guid":"{5770385f-c22a-43e0-bf4c-06f5698ffbd9}"},"EventID":10,"Version":3,"Level":4,"Task":10,"Opcode":0,"Keywords":"0x8000000000000000","TimeCreated":"2023-12-08T15:52:30.852600900Z","EventRecordID":10338,"Correlation":{},"Execution":{"ProcessID":3248,"ThreadID":3876},"Channel":"Microsoft-Windows-Sysmon/Operational","Computer":"winterfell.north.sevenkingdoms.local","UserID":"S-1-5-18"},"EventData":{"RuleName":"-","TargetImage":"C:\\Windows\\system32\\lsass.exe","TargetUser":"NT AUTHORITY\\SYSTEM","SourceProcessId":"948","SourceUser":"NT AUTHORITY\\SYSTEM","GrantedAccess":"0x1000","TargetProcessId":"652","UtcTime":"2023-12-08 15:52:30.845","SourceProcessGUID":"{2b62dd35-54db-6573-1000-000000002300}","SourceThreadId":"5248","SourceImage":"C:\\Windows\\system32\\svchost.exe","TargetProcessGUID":"{2b62dd35-54d9-6573-0c00-000000002300}","CallTrace":"C:\\Windows\\SYSTEM32\\ntdll.dll+9feb4|C:\\Windows\\System32\\KERNELBASE.dll+6c2f5|c:\\windows\\system32\\lsm.dll+e2ca|c:\\windows\\system32\\lsm.dll+e044|C:\\Windows\\System32\\RPCRT4.dll+784a3|C:\\Windows\\System32\\RPCRT4.dll+d9f9a|C:\\Windows\\System32\\RPCRT4.dll+1ac60|C:\\Windows\\System32\\RPCRT4.dll+508e8|C:\\Windows\\System32\\RPCRT4.dll+3ad80|C:\\Windows\\System32\\RPCRT4.dll+3a72b|C:\\Windows\\System32\\RPCRT4.dll+2c9cf|C:\\Windows\\System32\\RPCRT4.dll+2be2a|C:\\Windows\\System32\\RPCRT4.dll+2b3f1|C:\\Windows\\System32\\RPCRT4.dll+2ae62|C:\\Windows\\System32\\RPCRT4.dll+218d5|C:\\Windows\\SYSTEM32\\ntdll.dll+69c20|C:\\Windows\\SYSTEM32\\ntdll.dll+166e8|C:\\Windows\\System32\\KERNEL32.DLL+17974|C:\\Windows\\SYSTEM32\\ntdll.dll+5a2f1"},"OpenWEC":{"IpAddress":"10.202.0.184","TimeReceived":"2023-12-08T15:53:01.838430663+00:00","Principal":"WINTERFELL$@NORTH.SEVENKINGDOMS.LOCAL","Subscription":{"Uuid":"CB04741B-9072-4E2D-B769-3570FA020BBD","Version":"6E053E8A-FE0D-45A0-A863-C501EEDB4011","Name":"anssi-subscription"}}}
{"System":{"Provider":{"Name":"Microsoft-Windows-Security-Auditing","Guid":"{54849625-5478-4994-a5ba-3e3b0328c30d}"},"EventID":4648,"Version":0,"Level":0,"Task":12544,"Opcode":0,"Keywords":"0x8020000000000000","TimeCreated":"2023-12-08T15:52:30.864230900Z","EventRecordID":157794,"Correlation":{"ActivityID":"{82a8a277-29fd-0000-eca2-a882fd29da01}"},"Execution":{"ProcessID":652,"ThreadID":900},"Channel":"Security","Computer":"winterfell.north.sevenkingdoms.local"},"EventData":{"ProcessId":"0x638","LogonGuid":"{00000000-0000-0000-0000-000000000000}","SubjectUserSid":"S-1-5-18","SubjectUserName":"WINTERFELL$","IpAddress":"-","TargetDomainName":"NORTH","IpPort":"-","TargetLogonGuid":"{98546e96-8589-6fad-8e09-d6520cf427da}","TargetUserName":"robb.stark","TargetInfo":"localhost","ProcessName":"C:\\Windows\\System32\\svchost.exe","TargetServerName":"localhost","SubjectDomainName":"NORTH","SubjectLogonId":"0x3e7"},"OpenWEC":{"IpAddress":"10.202.0.184","TimeReceived":"2023-12-08T15:53:01.838430663+00:00","Principal":"WINTERFELL$@NORTH.SEVENKINGDOMS.LOCAL","Subscription":{"Uuid":"CB04741B-9072-4E2D-B769-3570FA020BBD","Version":"6E053E8A-FE0D-45A0-A863-C501EEDB4011","Name":"anssi-subscription"}}}
{"System":{"Provider":{"Name":"Microsoft-Windows-Security-Auditing","Guid":"{54849625-5478-4994-a5ba-3e3b0328c30d}"},"EventID":4624,"Version":2,"Level":0,"Task":12544,"Opcode":0,"Keywords":"0x8020000000000000","TimeCreated":"2023-12-08T15:52:30.864387600Z","EventRecordID":157795,"Correlation":{"ActivityID":"{82a8a277-29fd-0000-eca2-a882fd29da01}"},"Execution":{"ProcessID":652,"ThreadID":900},"Channel":"Security","Computer":"winterfell.north.sevenkingdoms.local"},"EventData":{"TargetLogonId":"0xd8212c","SubjectDomainName":"NORTH","LogonType":"4","LogonProcessName":"Advapi  ","IpAddress":"-","VirtualAccount":"%%1843","LmPackageName":"-","SubjectUserSid":"S-1-5-18","ElevatedToken":"%%1842","TargetUserName":"robb.stark","AuthenticationPackageName":"Negotiate","WorkstationName":"WINTERFELL","ProcessId":"0x638","IpPort":"-","KeyLength":"0","ImpersonationLevel":"%%1833","TargetDomainName":"NORTH","SubjectLogonId":"0x3e7","SubjectUserName":"WINTERFELL$","ProcessName":"C:\\Windows\\System32\\svchost.exe","TargetUserSid":"S-1-5-21-2431860994-719566178-239256710-1113","RestrictedAdminMode":"-","TargetOutboundUserName":"-","TargetOutboundDomainName":"-","TargetLinkedLogonId":"0x0","TransmittedServices":"-","LogonGuid":"{98546e96-8589-6fad-8e09-d6520cf427da}"},"OpenWEC":{"IpAddress":"10.202.0.184","TimeReceived":"2023-12-08T15:53:01.838430663+00:00","Principal":"WINTERFELL$@NORTH.SEVENKINGDOMS.LOCAL","Subscription":{"Uuid":"CB04741B-9072-4E2D-B769-3570FA020BBD","Version":"6E053E8A-FE0D-45A0-A863-C501EEDB4011","Name":"anssi-subscription"}}}
{"System":{"Provider":{"Name":"Microsoft-Windows-Security-Auditing","Guid":"{54849625-5478-4994-a5ba-3e3b0328c30d}"},"EventID":4672,"Version":0,"Level":0,"Task":12548,"Opcode":0,"Keywords":"0x8020000000000000","TimeCreated":"2023-12-08T15:52:30.864393700Z","EventRecordID":157796,"Correlation":{"ActivityID":"{82a8a277-29fd-0000-eca2-a882fd29da01}"},"Execution":{"ProcessID":652,"ThreadID":900},"Channel":"Security","Computer":"winterfell.north.sevenkingdoms.local"},"EventData":{"SubjectLogonId":"0xd8212c","SubjectUserSid":"S-1-5-21-2431860994-719566178-239256710-1113","PrivilegeList":"SeSecurityPrivilege\n\t\t\tSeTakeOwnershipPrivilege\n\t\t\tSeLoadDriverPrivilege\n\t\t\tSeBackupPrivilege\n\t\t\tSeRestorePrivilege\n\t\t\tSeDebugPrivilege\n\t\t\tSeSystemEnvironmentPrivilege\n\t\t\tSeEnableDelegationPrivilege\n\t\t\tSeImpersonatePrivilege\n\t\t\tSeDelegateSessionUserImpersonatePrivilege","SubjectUserName":"robb.stark","SubjectDomainName":"NORTH"},"OpenWEC":{"IpAddress":"10.202.0.184","TimeReceived":"2023-12-08T15:53:01.838430663+00:00","Principal":"WINTERFELL$@NORTH.SEVENKINGDOMS.LOCAL","Subscription":{"Uuid":"CB04741B-9072-4E2D-B769-3570FA020BBD","Version":"6E053E8A-FE0D-45A0-A863-C501EEDB4011","Name":"anssi-subscription"}}}
{"System":{"Provider":{"Name":"Microsoft-Windows-Security-Auditing","Guid":"{54849625-5478-4994-a5ba-3e3b0328c30d}"},"EventID":4688,"Version":2,"Level":0,"Task":13312,"Opcode":0,"Keywords":"0x8020000000000000","TimeCreated":"2023-12-08T15:52:30.867829800Z","EventRecordID":157797,"Correlation":{},"Execution":{"ProcessID":4,"ThreadID":1368},"Channel":"Security","Computer":"winterfell.north.sevenkingdoms.local"},"EventData":{"SubjectUserSid":"S-1-5-18","SubjectUserName":"WINTERFELL$","TargetDomainName":"-","MandatoryLabel":"S-1-16-16384","NewProcessId":"0x1240","TargetUserName":"-","ProcessId":"0x35c","NewProcessName":"C:\\Windows\\System32\\dllhost.exe","TargetLogonId":"0x0","CommandLine":"","TokenElevationType":"%%1936","SubjectLogonId":"0x3e7","ParentProcessName":"C:\\Windows\\System32\\svchost.exe","SubjectDomainName":"NORTH","TargetUserSid":"S-1-0-0"},"OpenWEC":{"IpAddress":"10.202.0.184","TimeReceived":"2023-12-08T15:53:01.838430663+00:00","Principal":"WINTERFELL$@NORTH.SEVENKINGDOMS.LOCAL","Subscription":{"Uuid":"CB04741B-9072-4E2D-B769-3570FA020BBD","Version":"6E053E8A-FE0D-45A0-A863-C501EEDB4011","Name":"anssi-subscription"}}}
{"System":{"Provider":{"Name":"Microsoft-Windows-Sysmon","Guid":"{5770385f-c22a-43e0-bf4c-06f5698ffbd9}"},"EventID":1,"Version":5,"Level":4,"Task":1,"Opcode":0,"Keywords":"0x8000000000000000","TimeCreated":"2023-12-08T15:52:30.869936600Z","EventRecordID":10339,"Correlation":{},"Execution":{"ProcessID":3248,"ThreadID":3876},"Channel":"Microsoft-Windows-Sysmon/Operational","Computer":"winterfell.north.sevenkingdoms.local","UserID":"S-1-5-18"},"EventData":{"ParentProcessGuid":"{00000000-0000-0000-0000-000000000000}","Product":"Microsoft® Windows® Operating System","OriginalFileName":"dllhost.exe","LogonGuid":"{2b62dd35-54d9-6573-e703-000000000000}","UtcTime":"2023-12-08 15:52:30.867","Description":"COM Surrogate","IntegrityLevel":"System","RuleName":"-","Hashes":"MD5=D2AB39EA2C0FCD172751F84BDA723A97,SHA256=C4E078607DB2784BE7761C86048DFFA6F3EF04B551354A32FCDEC3B6A3450905,IMPHASH=68E651F131674892AE7E46556EB24726","FileVersion":"10.0.17763.1 (WinBuild.160101.0800)","CommandLine":"C:\\Windows\\system32\\DllHost.exe /Processid:{E10F6C3A-F1AE-4ADC-AA9D-2FE65525666E}","Company":"Microsoft Corporation","TerminalSessionId":"0","ParentProcessId":"860","Image":"C:\\Windows\\System32\\dllhost.exe","CurrentDirectory":"C:\\Windows\\system32\\","User":"NT AUTHORITY\\SYSTEM","ParentImage":"-","ParentCommandLine":"-","ParentUser":"-","ProcessId":"4672","LogonId":"0x3e7","ProcessGuid":"{2b62dd35-3bbe-6573-0b08-000000002300}"},"OpenWEC":{"IpAddress":"10.202.0.184","TimeReceived":"2023-12-08T15:53:01.838430663+00:00","Principal":"WINTERFELL$@NORTH.SEVENKINGDOMS.LOCAL","Subscription":{"Uuid":"CB04741B-9072-4E2D-B769-3570FA020BBD","Version":"6E053E8A-FE0D-45A0-A863-C501EEDB4011","Name":"anssi-subscription"}}}
{"System":{"Provider":{"Name":"Microsoft-Windows-Security-Auditing","Guid":"{54849625-5478-4994-a5ba-3e3b0328c30d}"},"EventID":4688,"Version":2,"Level":0,"Task":13312,"Opcode":0,"Keywords":"0x8020000000000000","TimeCreated":"2023-12-08T15:52:30.883497200Z","EventRecordID":157798,"Correlation":{},"Execution":{"ProcessID":4,"ThreadID":1368},"Channel":"Security","Computer":"winterfell.north.sevenkingdoms.local"},"EventData":{"TargetUserSid":"S-1-0-0","SubjectLogonId":"0x3e7","ParentProcessName":"C:\\Windows\\System32\\svchost.exe","NewProcessName":"C:\\Windows\\System32\\cmd.exe","NewProcessId":"0xfe8","CommandLine":"","MandatoryLabel":"S-1-16-12288","TargetUserName":"robb.stark","TargetLogonId":"0xd8212c","SubjectUserSid":"S-1-5-18","TargetDomainName":"NORTH","TokenElevationType":"%%1936","ProcessId":"0x638","SubjectDomainName":"NORTH","SubjectUserName":"WINTERFELL$"},"OpenWEC":{"IpAddress":"10.202.0.184","TimeReceived":"2023-12-08T15:53:01.838430663+00:00","Principal":"WINTERFELL$@NORTH.SEVENKINGDOMS.LOCAL","Subscription":{"Uuid":"CB04741B-9072-4E2D-B769-3570FA020BBD","Version":"6E053E8A-FE0D-45A0-A863-C501EEDB4011","Name":"anssi-subscription"}}}
{"System":{"Provider":{"Name":"Microsoft-Windows-Sysmon","Guid":"{5770385f-c22a-43e0-bf4c-06f5698ffbd9}"},"EventID":1,"Version":5,"Level":4,"Task":1,"Opcode":0,"Keywords":"0x8000000000000000","TimeCreated":"2023-12-08T15:52:30.885149900Z","EventRecordID":10340,"Correlation":{},"Execution":{"ProcessID":3248,"ThreadID":3876},"Channel":"Microsoft-Windows-Sysmon/Operational","Computer":"winterfell.north.sevenkingdoms.local","UserID":"S-1-5-18"},"EventData":{"Product":"Microsoft® Windows® Operating System","TerminalSessionId":"0","ProcessId":"4072","ProcessGuid":"{2b62dd35-3bbe-6573-0c08-000000002300}","IntegrityLevel":"High","FileVersion":"10.0.17763.1697 (WinBuild.160101.0800)","OriginalFileName":"Cmd.Exe","Company":"Microsoft Corporation","RuleName":"-","CommandLine":"cmd.exe /c powershell c:\\setup\\bot_rdp.ps1","CurrentDirectory":"C:\\Windows\\system32\\","LogonId":"0xd8212c","ParentProcessId":"1592","ParentImage":"-","ParentCommandLine":"-","LogonGuid":"{2b62dd35-3bbe-6573-2c21-d80000000000}","Description":"Windows Command Processor","Image":"C:\\Windows\\System32\\cmd.exe","ParentUser":"-","UtcTime":"2023-12-08 15:52:30.883","User":"NORTH\\robb.stark","Hashes":"MD5=911D039E71583A07320B32BDE22F8E22,SHA256=BC866CFCDDA37E24DC2634DC282C7A0E6F55209DA17A8FA105B07414C0E7C527,IMPHASH=272245E2988E1E430500B852C4FB5E18","ParentProcessGuid":"{00000000-0000-0000-0000-000000000000}"},"OpenWEC":{"IpAddress":"10.202.0.184","TimeReceived":"2023-12-08T15:53:01.838430663+00:00","Principal":"WINTERFELL$@NORTH.SEVENKINGDOMS.LOCAL","Subscription":{"Uuid":"CB04741B-9072-4E2D-B769-3570FA020BBD","Version":"6E053E8A-FE0D-45A0-A863-C501EEDB4011","Name":"anssi-subscription"}}}
{"System":{"Provider":{"Name":"Microsoft-Windows-Security-Auditing","Guid":"{54849625-5478-4994-a5ba-3e3b0328c30d}"},"EventID":4688,"Version":2,"Level":0,"Task":13312,"Opcode":0,"Keywords":"0x8020000000000000","TimeCreated":"2023-12-08T15:52:30.888375300Z","EventRecordID":157799,"Correlation":{},"Execution":{"ProcessID":4,"ThreadID":1368},"Channel":"Security","Computer":"winterfell.north.sevenkingdoms.local"},"EventData":{"SubjectUserSid":"S-1-5-21-2431860994-719566178-239256710-1113","SubjectLogonId":"0xd8212c","TargetUserSid":"S-1-0-0","NewProcessId":"0xe58","TargetUserName":"-","SubjectUserName":"robb.stark","ParentProcessName":"C:\\Windows\\System32\\cmd.exe","NewProcessName":"C:\\Windows\\System32\\conhost.exe","TargetDomainName":"-","CommandLine":"","MandatoryLabel":"S-1-16-12288","TokenElevationType":"%%1936","SubjectDomainName":"NORTH","ProcessId":"0xfe8","TargetLogonId":"0x0"},"OpenWEC":{"IpAddress":"10.202.0.184","TimeReceived":"2023-12-08T15:53:01.838430663+00:00","Principal":"WINTERFELL$@NORTH.SEVENKINGDOMS.LOCAL","Subscription":{"Uuid":"CB04741B-9072-4E2D-B769-3570FA020BBD","Version":"6E053E8A-FE0D-45A0-A863-C501EEDB4011","Name":"anssi-subscription"}}}
{"System":{"Provider":{"Name":"Microsoft-Windows-Security-Auditing","Guid":"{54849625-5478-4994-a5ba-3e3b0328c30d}"},"EventID":4688,"Version":2,"Level":0,"Task":13312,"Opcode":0,"Keywords":"0x8020000000000000","TimeCreated":"2023-12-08T15:52:30.917953300Z","EventRecordID":157800,"Correlation":{},"Execution":{"ProcessID":4,"ThreadID":1368},"Channel":"Security","Computer":"winterfell.north.sevenkingdoms.local"},"EventData":{"TargetLogonId":"0x0","ParentProcessName":"C:\\Windows\\System32\\cmd.exe","NewProcessName":"C:\\Windows\\System32\\WindowsPowerShell\\v1.0\\powershell.exe","NewProcessId":"0x1610","TargetUserSid":"S-1-0-0","TokenElevationType":"%%1936","TargetUserName":"-","SubjectDomainName":"NORTH","SubjectLogonId":"0xd8212c","SubjectUserSid":"S-1-5-21-2431860994-719566178-239256710-1113","ProcessId":"0xfe8","MandatoryLabel":"S-1-16-12288","TargetDomainName":"-","CommandLine":"","SubjectUserName":"robb.stark"},"OpenWEC":{"IpAddress":"10.202.0.184","TimeReceived":"2023-12-08T15:53:01.838430663+00:00","Principal":"WINTERFELL$@NORTH.SEVENKINGDOMS.LOCAL","Subscription":{"Uuid":"CB04741B-9072-4E2D-B769-3570FA020BBD","Version":"6E053E8A-FE0D-45A0-A863-C501EEDB4011","Name":"anssi-subscription"}}}
{"System":{"Provider":{"Name":"Microsoft-Windows-Sysmon","Guid":"{5770385f-c22a-43e0-bf4c-06f5698ffbd9}"},"EventID":1,"Version":5,"Level":4,"Task":1,"Opcode":0,"Keywords":"0x8000000000000000","TimeCreated":"2023-12-08T15:52:30.922945900Z","EventRecordID":10341,"Correlation":{},"Execution":{"ProcessID":3248,"ThreadID":3876},"Channel":"Microsoft-Windows-Sysmon/Operational","Computer":"winterfell.north.sevenkingdoms.local","UserID":"S-1-5-18"},"EventData":{"IntegrityLevel":"High","TerminalSessionId":"0","OriginalFileName":"PowerShell.EXE","ParentCommandLine":"cmd.exe /c powershell c:\\setup\\bot_rdp.ps1","Product":"Microsoft® Windows® Operating System","ParentImage":"C:\\Windows\\System32\\cmd.exe","User":"NORTH\\robb.stark","FileVersion":"10.0.17763.1 (WinBuild.160101.0800)","ProcessId":"5648","UtcTime":"2023-12-08 15:52:30.917","ParentUser":"NORTH\\robb.stark","Hashes":"MD5=7353F60B1739074EB17C5F4DDDEFE239,SHA256=DE96A6E69944335375DC1AC238336066889D9FFC7D73628EF4FE1B1B160AB32C,IMPHASH=741776AACCFC5B71FF59832DCDCACE0F","Company":"Microsoft Corporation","ProcessGuid":"{2b62dd35-3bbe-6573-0e08-000000002300}","ParentProcessGuid":"{2b62dd35-3bbe-6573-0c08-000000002300}","ParentProcessId":"4072","LogonId":"0xd8212c","CommandLine":"powershell  c:\\setup\\bot_rdp.ps1","Image":"C:\\Windows\\System32\\WindowsPowerShell\\v1.0\\powershell.exe","CurrentDirectory":"C:\\Windows\\system32\\","Description":"Windows PowerShell","LogonGuid":"{2b62dd35-3bbe-6573-2c21-d80000000000}","RuleName":"-"},"OpenWEC":{"IpAddress":"10.202.0.184","TimeReceived":"2023-12-08T15:53:01.838430663+00:00","Principal":"WINTERFELL$@NORTH.SEVENKINGDOMS.LOCAL","Subscription":{"Uuid":"CB04741B-9072-4E2D-B769-3570FA020BBD","Version":"6E053E8A-FE0D-45A0-A863-C501EEDB4011","Name":"anssi-subscription"}}}
{"System":{"Provider":{"Name":"Microsoft-Windows-Sysmon","Guid":"{5770385f-c22a-43e0-bf4c-06f5698ffbd9}"},"EventID":11,"Version":2,"Level":4,"Task":11,"Opcode":0,"Keywords":"0x8000000000000000","TimeCreated":"2023-12-08T15:52:30.968837700Z","EventRecordID":10342,"Correlation":{},"Execution":{"ProcessID":3248,"ThreadID":3876},"Channel":"Microsoft-Windows-Sysmon/Operational","Computer":"winterfell.north.sevenkingdoms.local","UserID":"S-1-5-18"},"EventData":{"User":"NORTH\\robb.stark","UtcTime":"2023-12-08 15:52:30.955","CreationUtcTime":"2023-12-08 15:52:30.955","ProcessGuid":"{2b62dd35-3bbe-6573-0e08-000000002300}","ProcessId":"5648","Image":"C:\\Windows\\System32\\WindowsPowerShell\\v1.0\\powershell.exe","TargetFilename":"C:\\Users\\robb.stark\\AppData\\Local\\Temp\\__PSScriptPolicyTest_td1phbeb.4ss.ps1","RuleName":"-"},"OpenWEC":{"IpAddress":"10.202.0.184","TimeReceived":"2023-12-08T15:53:01.838430663+00:00","Principal":"WINTERFELL$@NORTH.SEVENKINGDOMS.LOCAL","Subscription":{"Uuid":"CB04741B-9072-4E2D-B769-3570FA020BBD","Version":"6E053E8A-FE0D-45A0-A863-C501EEDB4011","Name":"anssi-subscription"}}}
{"System":{"Provider":{"Name":"Microsoft-Windows-Sysmon","Guid":"{5770385f-c22a-43e0-bf4c-06f5698ffbd9}"},"EventID":1,"Version":5,"Level":4,"Task":1,"Opcode":0,"Keywords":"0x8000000000000000","TimeCreated":"2023-12-08T15:52:31.080816000Z","EventRecordID":10343,"Correlation":{},"Execution":{"ProcessID":3248,"ThreadID":3876},"Channel":"Microsoft-Windows-Sysmon/Operational","Computer":"winterfell.north.sevenkingdoms.local","UserID":"S-1-5-18"},"EventData":{"ParentUser":"NORTH\\robb.stark","Company":"Microsoft Corporation","ParentProcessGuid":"{2b62dd35-3bbe-6573-0e08-000000002300}","LogonId":"0xd8212c","Hashes":"MD5=8A7520A6CC2A2968F4A8EE4DB946AD8D,SHA256=3369E8FEA09C3C226D636B13108DA357093D0D98214236417839A94F56D3BA02,IMPHASH=CCC9DA4A55E90DFE34CBCDB066D6A6B3","IntegrityLevel":"High","FileVersion":"10.0.17763.1 (WinBuild.160101.0800)","Product":"Microsoft® Windows® Operating System","RuleName":"-","Description":"MultiUser Query Utility","CurrentDirectory":"C:\\Windows\\system32\\","Image":"C:\\Windows\\System32\\query.exe","LogonGuid":"{2b62dd35-3bbe-6573-2c21-d80000000000}","OriginalFileName":"query.exe","TerminalSessionId":"0","ParentProcessId":"5648","User":"NORTH\\robb.stark","ParentImage":"C:\\Windows\\System32\\WindowsPowerShell\\v1.0\\powershell.exe","ParentCommandLine":"powershell  c:\\setup\\bot_rdp.ps1","CommandLine":"\"C:\\Windows\\system32\\query.exe\" session robb.stark /server:castelblack","UtcTime":"2023-12-08 15:52:31.077","ProcessGuid":"{2b62dd35-3bbf-6573-0f08-000000002300}","ProcessId":"6140"},"OpenWEC":{"IpAddress":"10.202.0.184","TimeReceived":"2023-12-08T15:53:01.838430663+00:00","Principal":"WINTERFELL$@NORTH.SEVENKINGDOMS.LOCAL","Subscription":{"Uuid":"CB04741B-9072-4E2D-B769-3570FA020BBD","Version":"6E053E8A-FE0D-45A0-A863-C501EEDB4011","Name":"anssi-subscription"}}}
{"System":{"Provider":{"Name":"Microsoft-Windows-Sysmon","Guid":"{5770385f-c22a-43e0-bf4c-06f5698ffbd9}"},"EventID":10,"Version":3,"Level":4,"Task":10,"Opcode":0,"Keywords":"0x8000000000000000","TimeCreated":"2023-12-08T15:52:31.081027900Z","EventRecordID":10344,"Correlation":{},"Execution":{"ProcessID":3248,"ThreadID":3876},"Channel":"Microsoft-Windows-Sysmon/Operational","Computer":"winterfell.north.sevenkingdoms.local","UserID":"S-1-5-18"},"EventData":{"GrantedAccess":"0x1fffff","SourceUser":"NORTH\\robb.stark","TargetProcessId":"6140","TargetUser":"NORTH\\robb.stark","TargetProcessGUID":"{2b62dd35-3bbf-6573-0f08-000000002300}","UtcTime":"2023-12-08 15:52:31.080","SourceImage":"C:\\Windows\\System32\\WindowsPowerShell\\v1.0\\powershell.exe","SourceProcessGUID":"{2b62dd35-3bbe-6573-0e08-000000002300}","SourceProcessId":"5648","TargetImage":"C:\\Windows\\system32\\query.exe","RuleName":"-","CallTrace":"C:\\Windows\\SYSTEM32\\ntdll.dll+a1244|C:\\Windows\\System32\\KERNELBASE.dll+485d2|C:\\Windows\\System32\\KERNELBASE.dll+45fc6|C:\\Windows\\System32\\KERNEL32.DLL+1c2e3|C:\\Windows\\assembly\\NativeImages_v4.0.30319_64\\System\\cb755e97e255f61e327a8001d4e05859\\System.ni.dll+3332f6|C:\\Windows\\assembly\\NativeImages_v4.0.30319_64\\System\\cb755e97e255f61e327a8001d4e05859\\System.ni.dll+2b5560|C:\\Windows\\assembly\\NativeImages_v4.0.30319_64\\System\\cb755e97e255f61e327a8001d4e05859\\System.ni.dll+2b4f07|C:\\Windows\\assembly\\NativeImages_v4.0.30319_64\\System.Manaa57fc8cc#\\da4031e77cd7d8b426cd99e749e0c982\\System.Management.Automation.ni.dll+f7fc6b|C:\\Windows\\assembly\\NativeImages_v4.0.30319_64\\System.Manaa57fc8cc#\\da4031e77cd7d8b426cd99e749e0c982\\System.Management.Automation.ni.dll+ed9fad|C:\\Windows\\assembly\\NativeImages_v4.0.30319_64\\System.Manaa57fc8cc#\\da4031e77cd7d8b426cd99e749e0c982\\System.Management.Automation.ni.dll+f5cb1e|C:\\Windows\\assembly\\NativeImages_v4.0.30319_64\\System.Manaa57fc8cc#\\da4031e77cd7d8b426cd99e749e0c982\\System.Management.Automation.ni.dll+f5c7fb|C:\\Windows\\assembly\\NativeImages_v4.0.30319_64\\System.Manaa57fc8cc#\\da4031e77cd7d8b426cd99e749e0c982\\System.Management.Automation.ni.dll+104fcb4|UNKNOWN(00007FF7D51B13C1)","SourceThreadId":"4280"},"OpenWEC":{"IpAddress":"10.202.0.184","TimeReceived":"2023-12-08T15:53:01.838430663+00:00","Principal":"WINTERFELL$@NORTH.SEVENKINGDOMS.LOCAL","Subscription":{"Uuid":"CB04741B-9072-4E2D-B769-3570FA020BBD","Version":"6E053E8A-FE0D-45A0-A863-C501EEDB4011","Name":"anssi-subscription"}}}
{"System":{"Provider":{"Name":"Microsoft-Windows-Sysmon","Guid":"{5770385f-c22a-43e0-bf4c-06f5698ffbd9}"},"EventID":1,"Version":5,"Level":4,"Task":1,"Opcode":0,"Keywords":"0x8000000000000000","TimeCreated":"2023-12-08T15:52:31.094893500Z","EventRecordID":10345,"Correlation":{},"Execution":{"ProcessID":3248,"ThreadID":3876},"Channel":"Microsoft-Windows-Sysmon/Operational","Computer":"winterfell.north.sevenkingdoms.local","UserID":"S-1-5-18"},"EventData":{"Hashes":"MD5=9322C72AB11E725B098552A5FAE0F655,SHA256=E1AE2EC83FEC0C8CF01B9E4C3DA910BE61ABF3071E56EDA834590C405E8E4E69,IMPHASH=45B4A06EB57D86287767753D3ED73862","ParentUser":"NORTH\\robb.stark","ProcessId":"1580","User":"NORTH\\robb.stark","OriginalFileName":"qwinsta.exe","ProcessGuid":"{2b62dd35-3bbf-6573-1008-000000002300}","Product":"Microsoft® Windows® Operating System","ParentProcessGuid":"{2b62dd35-3bbf-6573-0f08-000000002300}","CurrentDirectory":"C:\\Windows\\system32\\","Description":"Query Session Utility","RuleName":"-","Company":"Microsoft Corporation","FileVersion":"10.0.17763.1 (WinBuild.160101.0800)","CommandLine":"\"C:\\Windows\\system32\\qwinsta.exe\" robb.stark /server:castelblack","Image":"C:\\Windows\\System32\\qwinsta.exe","LogonId":"0xd8212c","LogonGuid":"{2b62dd35-3bbe-6573-2c21-d80000000000}","TerminalSessionId":"0","ParentProcessId":"6140","ParentCommandLine":"\"C:\\Windows\\system32\\query.exe\" session robb.stark /server:castelblack","ParentImage":"C:\\Windows\\System32\\query.exe","UtcTime":"2023-12-08 15:52:31.091","IntegrityLevel":"High"},"OpenWEC":{"IpAddress":"10.202.0.184","TimeReceived":"2023-12-08T15:53:01.838430663+00:00","Principal":"WINTERFELL$@NORTH.SEVENKINGDOMS.LOCAL","Subscription":{"Uuid":"CB04741B-9072-4E2D-B769-3570FA020BBD","Version":"6E053E8A-FE0D-45A0-A863-C501EEDB4011","Name":"anssi-subscription"}}}
{"System":{"Provider":{"Name":"Microsoft-Windows-Security-Auditing","Guid":"{54849625-5478-4994-a5ba-3e3b0328c30d}"},"EventID":4688,"Version":2,"Level":0,"Task":13312,"Opcode":0,"Keywords":"0x8020000000000000","TimeCreated":"2023-12-08T15:52:31.077315700Z","EventRecordID":157801,"Correlation":{},"Execution":{"ProcessID":4,"ThreadID":4176},"Channel":"Security","Computer":"winterfell.north.sevenkingdoms.local"},"EventData":{"SubjectLogonId":"0xd8212c","TargetUserName":"-","NewProcessId":"0x17fc","TokenElevationType":"%%1936","SubjectUserName":"robb.stark","SubjectDomainName":"NORTH","SubjectUserSid":"S-1-5-21-2431860994-719566178-239256710-1113","CommandLine":"","ParentProcessName":"C:\\Windows\\System32\\WindowsPowerShell\\v1.0\\powershell.exe","TargetDomainName":"-","TargetLogonId":"0x0","ProcessId":"0x1610","NewProcessName":"C:\\Windows\\System32\\query.exe","MandatoryLabel":"S-1-16-12288","TargetUserSid":"S-1-0-0"},"OpenWEC":{"IpAddress":"10.202.0.184","TimeReceived":"2023-12-08T15:53:01.838430663+00:00","Principal":"WINTERFELL$@NORTH.SEVENKINGDOMS.LOCAL","Subscription":{"Uuid":"CB04741B-9072-4E2D-B769-3570FA020BBD","Version":"6E053E8A-FE0D-45A0-A863-C501EEDB4011","Name":"anssi-subscription"}}}
{"System":{"Provider":{"Name":"Microsoft-Windows-Security-Auditing","Guid":"{54849625-5478-4994-a5ba-3e3b0328c30d}"},"EventID":4688,"Version":2,"Level":0,"Task":13312,"Opcode":0,"Keywords":"0x8020000000000000","TimeCreated":"2023-12-08T15:52:31.091616800Z","EventRecordID":157802,"Correlation":{},"Execution":{"ProcessID":4,"ThreadID":4176},"Channel":"Security","Computer":"winterfell.north.sevenkingdoms.local"},"EventData":{"SubjectDomainName":"NORTH","SubjectUserName":"robb.stark","NewProcessName":"C:\\Windows\\System32\\qwinsta.exe","MandatoryLabel":"S-1-16-12288","TargetLogonId":"0x0","TargetUserName":"-","TargetDomainName":"-","ParentProcessName":"C:\\Windows\\System32\\query.exe","NewProcessId":"0x62c","CommandLine":"","SubjectUserSid":"S-1-5-21-2431860994-719566178-239256710-1113","TokenElevationType":"%%1936","ProcessId":"0x17fc","TargetUserSid":"S-1-0-0","SubjectLogonId":"0xd8212c"},"OpenWEC":{"IpAddress":"10.202.0.184","TimeReceived":"2023-12-08T15:53:01.838430663+00:00","Principal":"WINTERFELL$@NORTH.SEVENKINGDOMS.LOCAL","Subscription":{"Uuid":"CB04741B-9072-4E2D-B769-3570FA020BBD","Version":"6E053E8A-FE0D-45A0-A863-C501EEDB4011","Name":"anssi-subscription"}}}
{"System":{"Provider":{"Name":"Microsoft-Windows-TaskScheduler","Guid":"{de7b24ea-73c8-4a09-985d-5bdadcfa9017}"},"EventID":107,"Version":0,"Level":4,"Task":107,"Opcode":0,"Keywords":"0x8000000000000000","TimeCreated":"2023-12-08T15:52:30.864673100Z","EventRecordID":49851,"Correlation":{"ActivityID":"{5b0526df-b0d0-405f-96ae-fa5fd98b70e2}"},"Execution":{"ProcessID":1592,"ThreadID":1332},"Channel":"Microsoft-Windows-TaskScheduler/Operational","Computer":"winterfell.north.sevenkingdoms.local","UserID":"S-1-5-18"},"EventData":{"InstanceId":"{5b0526df-b0d0-405f-96ae-fa5fd98b70e2}","TaskName":"\\connect_bot"},"OpenWEC":{"IpAddress":"10.202.0.184","TimeReceived":"2023-12-08T15:53:01.838430663+00:00","Principal":"WINTERFELL$@NORTH.SEVENKINGDOMS.LOCAL","Subscription":{"Uuid":"CB04741B-9072-4E2D-B769-3570FA020BBD","Version":"6E053E8A-FE0D-45A0-A863-C501EEDB4011","Name":"anssi-subscription"}}}
{"System":{"Provider":{"Name":"Microsoft-Windows-TaskScheduler","Guid":"{de7b24ea-73c8-4a09-985d-5bdadcfa9017}"},"EventID":129,"Version":0,"Level":4,"Task":129,"Opcode":0,"Keywords":"0x8000000000000000","TimeCreated":"2023-12-08T15:52:30.885701000Z","EventRecordID":49852,"Correlation":{},"Execution":{"ProcessID":1592,"ThreadID":1332},"Channel":"Microsoft-Windows-TaskScheduler/Operational","Computer":"winterfell.north.sevenkingdoms.local","UserID":"S-1-5-18"},"EventData":{"TaskName":"\\connect_bot","Priority":"16384","Path":"cmd.exe","ProcessID":"4072"},"OpenWEC":{"IpAddress":"10.202.0.184","TimeReceived":"2023-12-08T15:53:01.838430663+00:00","Principal":"WINTERFELL$@NORTH.SEVENKINGDOMS.LOCAL","Subscription":{"Uuid":"CB04741B-9072-4E2D-B769-3570FA020BBD","Version":"6E053E8A-FE0D-45A0-A863-C501EEDB4011","Name":"anssi-subscription"}}}
{"System":{"Provider":{"Name":"Microsoft-Windows-TaskScheduler","Guid":"{de7b24ea-73c8-4a09-985d-5bdadcfa9017}"},"EventID":100,"Version":0,"Level":4,"Task":100,"Opcode":1,"Keywords":"0x8000000000000001","TimeCreated":"2023-12-08T15:52:30.885907300Z","EventRecordID":49853,"Correlation":{"ActivityID":"{5b0526df-b0d0-405f-96ae-fa5fd98b70e2}"},"Execution":{"ProcessID":1592,"ThreadID":1332},"Channel":"Microsoft-Windows-TaskScheduler/Operational","Computer":"winterfell.north.sevenkingdoms.local","UserID":"S-1-5-18"},"EventData":{"InstanceId":"{5b0526df-b0d0-405f-96ae-fa5fd98b70e2}","UserContext":"NORTH\\robb.stark","TaskName":"\\connect_bot"},"OpenWEC":{"IpAddress":"10.202.0.184","TimeReceived":"2023-12-08T15:53:01.838430663+00:00","Principal":"WINTERFELL$@NORTH.SEVENKINGDOMS.LOCAL","Subscription":{"Uuid":"CB04741B-9072-4E2D-B769-3570FA020BBD","Version":"6E053E8A-FE0D-45A0-A863-C501EEDB4011","Name":"anssi-subscription"}}}
{"System":{"Provider":{"Name":"Microsoft-Windows-TaskScheduler","Guid":"{de7b24ea-73c8-4a09-985d-5bdadcfa9017}"},"EventID":200,"Version":1,"Level":4,"Task":200,"Opcode":1,"Keywords":"0x8000000000000000","TimeCreated":"2023-12-08T15:52:30.885908900Z","EventRecordID":49854,"Correlation":{"ActivityID":"{5b0526df-b0d0-405f-96ae-fa5fd98b70e2}"},"Execution":{"ProcessID":1592,"ThreadID":1332},"Channel":"Microsoft-Windows-TaskScheduler/Operational","Computer":"winterfell.north.sevenkingdoms.local","UserID":"S-1-5-18"},"EventData":{"EnginePID":"4072","TaskInstanceId":"{5b0526df-b0d0-405f-96ae-fa5fd98b70e2}","TaskName":"\\connect_bot","ActionName":"cmd.exe"},"OpenWEC":{"IpAddress":"10.202.0.184","TimeReceived":"2023-12-08T15:53:01.838430663+00:00","Principal":"WINTERFELL$@NORTH.SEVENKINGDOMS.LOCAL","Subscription":{"Uuid":"CB04741B-9072-4E2D-B769-3570FA020BBD","Version":"6E053E8A-FE0D-45A0-A863-C501EEDB4011","Name":"anssi-subscription"}}}
{"System":{"Provider":{"Name":"Microsoft-Windows-Sysmon","Guid":"{5770385f-c22a-43e0-bf4c-06f5698ffbd9}"},"EventID":10,"Version":3,"Level":4,"Task":10,"Opcode":0,"Keywords":"0x8000000000000000","TimeCreated":"2023-12-08T15:52:31.890848600Z","EventRecordID":10346,"Correlation":{},"Execution":{"ProcessID":3248,"ThreadID":3876},"Channel":"Microsoft-Windows-Sysmon/Operational","Computer":"winterfell.north.sevenkingdoms.local","UserID":"S-1-5-18"},"EventData":{"TargetProcessGUID":"{2b62dd35-54d9-6573-0c00-000000002300}","SourceImage":"C:\\Windows\\sysmon64.exe","SourceProcessId":"3248","SourceUser":"NT AUTHORITY\\SYSTEM","SourceProcessGUID":"{2b62dd35-e477-6572-4e00-000000002300}","RuleName":"-","CallTrace":"C:\\Windows\\SYSTEM32\\ntdll.dll+9feb4|C:\\Windows\\SYSTEM32\\ntdll.dll+7d367|C:\\Windows\\System32\\KERNEL32.DLL+1c5b4|C:\\Windows\\System32\\KERNEL32.DLL+237f8|C:\\Windows\\sysmon64.exe+ec5cd|C:\\Windows\\sysmon64.exe+edeb7|C:\\Windows\\sysmon64.exe+12e889|C:\\Windows\\sysmon64.exe+ee90e|C:\\Windows\\sysmon64.exe+eecd3|C:\\Windows\\sysmon64.exe+10bd88|C:\\Windows\\sysmon64.exe+e22d1|C:\\Windows\\sysmon64.exe+e2427|C:\\Windows\\System32\\sechost.dll+dc61|C:\\Windows\\System32\\sechost.dll+d9a9|C:\\Windows\\System32\\sechost.dll+13d4e|C:\\Windows\\sysmon64.exe+e25ba|C:\\Windows\\sysmon64.exe+1a9ad2|C:\\Windows\\System32\\KERNEL32.DLL+17974|C:\\Windows\\SYSTEM32\\ntdll.dll+5a2f1","TargetUser":"NT AUTHORITY\\SYSTEM","TargetImage":"C:\\Windows\\system32\\lsass.exe","GrantedAccess":"0x1fffff","TargetProcessId":"652","UtcTime":"2023-12-08 15:52:31.890","SourceThreadId":"3932"},"OpenWEC":{"IpAddress":"10.202.0.184","TimeReceived":"2023-12-08T15:53:01.838430663+00:00","Principal":"WINTERFELL$@NORTH.SEVENKINGDOMS.LOCAL","Subscription":{"Uuid":"CB04741B-9072-4E2D-B769-3570FA020BBD","Version":"6E053E8A-FE0D-45A0-A863-C501EEDB4011","Name":"anssi-subscription"}}}
{"System":{"Provider":{"Name":"Microsoft-Windows-Sysmon","Guid":"{5770385f-c22a-43e0-bf4c-06f5698ffbd9}"},"EventID":22,"Version":5,"Level":4,"Task":22,"Opcode":0,"Keywords":"0x8000000000000000","TimeCreated":"2023-12-08T15:52:31.892301000Z","EventRecordID":10347,"Correlation":{},"Execution":{"ProcessID":3248,"ThreadID":3932},"Channel":"Microsoft-Windows-Sysmon/Operational","Computer":"winterfell.north.sevenkingdoms.local","UserID":"S-1-5-18"},"EventData":{"User":"NT AUTHORITY\\SYSTEM","QueryName":"winterfell","Image":"C:\\Windows\\system32\\lsass.exe","ProcessGuid":"{2b62dd35-54d9-6573-0c00-000000002300}","ProcessId":"652","QueryResults":"10.202.0.184;192.168.56.11;10.0.2.15;","QueryStatus":"0","RuleName":"-","UtcTime":"2023-12-08 12:33:25.491"},"OpenWEC":{"IpAddress":"10.202.0.184","TimeReceived":"2023-12-08T15:53:01.838430663+00:00","Principal":"WINTERFELL$@NORTH.SEVENKINGDOMS.LOCAL","Subscription":{"Uuid":"CB04741B-9072-4E2D-B769-3570FA020BBD","Version":"6E053E8A-FE0D-45A0-A863-C501EEDB4011","Name":"anssi-subscription"}}}
{"System":{"Provider":{"Name":"Microsoft-Windows-Sysmon","Guid":"{5770385f-c22a-43e0-bf4c-06f5698ffbd9}"},"EventID":22,"Version":5,"Level":4,"Task":22,"Opcode":0,"Keywords":"0x8000000000000000","TimeCreated":"2023-12-08T15:52:31.892910600Z","EventRecordID":10348,"Correlation":{},"Execution":{"ProcessID":3248,"ThreadID":3932},"Channel":"Microsoft-Windows-Sysmon/Operational","Computer":"winterfell.north.sevenkingdoms.local","UserID":"S-1-5-18"},"EventData":{"RuleName":"-","QueryName":"castelblack","UtcTime":"2023-12-08 12:33:25.746","User":"NORTH\\robb.stark","ProcessId":"1580","Image":"C:\\Windows\\system32\\qwinsta.exe","QueryStatus":"0","QueryResults":"::ffff:192.168.56.22;","ProcessGuid":"{2b62dd35-3bbf-6573-1008-000000002300}"},"OpenWEC":{"IpAddress":"10.202.0.184","TimeReceived":"2023-12-08T15:53:01.838430663+00:00","Principal":"WINTERFELL$@NORTH.SEVENKINGDOMS.LOCAL","Subscription":{"Uuid":"CB04741B-9072-4E2D-B769-3570FA020BBD","Version":"6E053E8A-FE0D-45A0-A863-C501EEDB4011","Name":"anssi-subscription"}}}
{"System":{"Provider":{"Name":"Microsoft-Windows-Sysmon","Guid":"{5770385f-c22a-43e0-bf4c-06f5698ffbd9}"},"EventID":22,"Version":5,"Level":4,"Task":22,"Opcode":0,"Keywords":"0x8000000000000000","TimeCreated":"2023-12-08T15:52:32.893293300Z","EventRecordID":10349,"Correlation":{},"Execution":{"ProcessID":3248,"ThreadID":3932},"Channel":"Microsoft-Windows-Sysmon/Operational","Computer":"winterfell.north.sevenkingdoms.local","UserID":"S-1-5-18"},"EventData":{"ProcessGuid":"{2b62dd35-54db-6573-1500-000000002300}","QueryStatus":"0","User":"NT AUTHORITY\\LOCAL SERVICE","QueryResults":"::ffff:192.168.56.22;","QueryName":"castelblack","UtcTime":"2023-12-08 12:33:25.749","ProcessId":"896","Image":"C:\\Windows\\System32\\svchost.exe","RuleName":"-"},"OpenWEC":{"IpAddress":"10.202.0.184","TimeReceived":"2023-12-08T15:53:01.838430663+00:00","Principal":"WINTERFELL$@NORTH.SEVENKINGDOMS.LOCAL","Subscription":{"Uuid":"CB04741B-9072-4E2D-B769-3570FA020BBD","Version":"6E053E8A-FE0D-45A0-A863-C501EEDB4011","Name":"anssi-subscription"}}}
{"System":{"Provider":{"Name":"Microsoft-Windows-Security-Auditing","Guid":"{54849625-5478-4994-a5ba-3e3b0328c30d}"},"EventID":4624,"Version":2,"Level":0,"Task":12544,"Opcode":0,"Keywords":"0x8020000000000000","TimeCreated":"2023-12-08T15:52:38.713690900Z","EventRecordID":157804,"Correlation":{},"Execution":{"ProcessID":652,"ThreadID":2828},"Channel":"Security","Computer":"winterfell.north.sevenkingdoms.local"},"EventData":{"TargetLinkedLogonId":"0x0","TargetUserSid":"S-1-5-18","TargetDomainName":"NORTH.SEVENKINGDOMS.LOCAL","TargetUserName":"WINTERFELL$","SubjectUserSid":"S-1-0-0","LogonType":"3","ImpersonationLevel":"%%1833","IpAddress":"fe80::49d5:632e:746a:12ce","VirtualAccount":"%%1843","SubjectDomainName":"-","ElevatedToken":"%%1842","LogonGuid":"{f01627c3-b208-4111-64fa-65a621d6172f}","LogonProcessName":"Kerberos","ProcessId":"0x0","RestrictedAdminMode":"-","TargetOutboundDomainName":"-","ProcessName":"-","AuthenticationPackageName":"Kerberos","WorkstationName":"-","SubjectLogonId":"0x0","TransmittedServices":"-","SubjectUserName":"-","KeyLength":"0","TargetLogonId":"0xd86108","IpPort":"64743","LmPackageName":"-","TargetOutboundUserName":"-"},"OpenWEC":{"IpAddress":"10.202.0.184","TimeReceived":"2023-12-08T15:53:01.838430663+00:00","Principal":"WINTERFELL$@NORTH.SEVENKINGDOMS.LOCAL","Subscription":{"Uuid":"CB04741B-9072-4E2D-B769-3570FA020BBD","Version":"6E053E8A-FE0D-45A0-A863-C501EEDB4011","Name":"anssi-subscription"}}}
{"System":{"Provider":{"Name":"Microsoft-Windows-Security-Auditing","Guid":"{54849625-5478-4994-a5ba-3e3b0328c30d}"},"EventID":4624,"Version":2,"Level":0,"Task":12544,"Opcode":0,"Keywords":"0x8020000000000000","TimeCreated":"2023-12-08T15:52:38.718942100Z","EventRecordID":157806,"Correlation":{"ActivityID":"{82a8a277-29fd-0000-eca2-a882fd29da01}"},"Execution":{"ProcessID":652,"ThreadID":900},"Channel":"Security","Computer":"winterfell.north.sevenkingdoms.local"},"EventData":{"LogonGuid":"{1ddf8114-ccb2-32e8-577c-254f9f8028e5}","TransmittedServices":"-","RestrictedAdminMode":"-","TargetOutboundUserName":"-","SubjectUserName":"-","LmPackageName":"-","AuthenticationPackageName":"Kerberos","TargetLinkedLogonId":"0x0","KeyLength":"0","VirtualAccount":"%%1843","LogonType":"3","TargetUserName":"WINTERFELL$","SubjectUserSid":"S-1-0-0","WorkstationName":"-","ImpersonationLevel":"%%1833","TargetDomainName":"NORTH.SEVENKINGDOMS.LOCAL","SubjectLogonId":"0x0","IpAddress":"::1","IpPort":"0","TargetOutboundDomainName":"-","LogonProcessName":"Kerberos","ProcessName":"-","ElevatedToken":"%%1842","SubjectDomainName":"-","ProcessId":"0x0","TargetUserSid":"S-1-5-18","TargetLogonId":"0xd86208"},"OpenWEC":{"IpAddress":"10.202.0.184","TimeReceived":"2023-12-08T15:53:01.838430663+00:00","Principal":"WINTERFELL$@NORTH.SEVENKINGDOMS.LOCAL","Subscription":{"Uuid":"CB04741B-9072-4E2D-B769-3570FA020BBD","Version":"6E053E8A-FE0D-45A0-A863-C501EEDB4011","Name":"anssi-subscription"}}}
{"System":{"Provider":{"Name":"Microsoft-Windows-Security-Auditing","Guid":"{54849625-5478-4994-a5ba-3e3b0328c30d}"},"EventID":4624,"Version":2,"Level":0,"Task":12544,"Opcode":0,"Keywords":"0x8020000000000000","TimeCreated":"2023-12-08T15:52:38.721129500Z","EventRecordID":157808,"Correlation":{},"Execution":{"ProcessID":652,"ThreadID":2828},"Channel":"Security","Computer":"winterfell.north.sevenkingdoms.local"},"EventData":{"IpPort":"64744","ImpersonationLevel":"%%1833","TargetOutboundUserName":"-","TargetOutboundDomainName":"-","VirtualAccount":"%%1843","LogonProcessName":"Kerberos","TargetDomainName":"NORTH.SEVENKINGDOMS.LOCAL","KeyLength":"0","SubjectUserSid":"S-1-0-0","AuthenticationPackageName":"Kerberos","SubjectUserName":"-","SubjectDomainName":"-","LogonType":"3","LogonGuid":"{f01627c3-b208-4111-64fa-65a621d6172f}","LmPackageName":"-","SubjectLogonId":"0x0","TargetLinkedLogonId":"0x0","ElevatedToken":"%%1842","IpAddress":"10.0.2.15","TargetLogonId":"0xd86254","TransmittedServices":"-","TargetUserSid":"S-1-5-18","ProcessId":"0x0","ProcessName":"-","RestrictedAdminMode":"-","WorkstationName":"-","TargetUserName":"WINTERFELL$"},"OpenWEC":{"IpAddress":"10.202.0.184","TimeReceived":"2023-12-08T15:53:01.838430663+00:00","Principal":"WINTERFELL$@NORTH.SEVENKINGDOMS.LOCAL","Subscription":{"Uuid":"CB04741B-9072-4E2D-B769-3570FA020BBD","Version":"6E053E8A-FE0D-45A0-A863-C501EEDB4011","Name":"anssi-subscription"}}}
