{"System":{"Provider":{"Name":"Microsoft-Windows-Security-Auditing","Guid":"{54849625-5478-4994-A5BA-3E3B0328C30D}"},"EventID":4624,"Version":2,"Level":0,"Task":12544,"Opcode":0,"Keywords":"0x8020000000000000","TimeCreated":"2023-12-08T11:48:18.216566800Z","EventRecordID":107856,"Correlation":{},"Execution":{"ProcessID":588,"ThreadID":2248},"Channel":"Security","Computer":"meereen.essos.local"},"EventData":{"LmPackageName":"-","IpPort":"54576","SubjectLogonId":"0x0","ProcessId":"0x0","SubjectUserSid":"S-1-0-0","TargetLogonId":"0x466793","LogonGuid":"{4DAE89EC-640B-593C-8935-87CC0FE7DECD}","RestrictedAdminMode":"-","VirtualAccount":"%%1843","TransmittedServices":"-","AuthenticationPackageName":"Kerberos","LogonProcessName":"Kerberos","KeyLength":"0","LogonType":"3","SubjectUserName":"-","ProcessName":"-","TargetDomainName":"ESSOS.LOCAL","IpAddress":"fe80::3076:9c8f:3acb:98de","TargetUserName":"MEEREEN$","SubjectDomainName":"-","ImpersonationLevel":"%%1833","TargetOutboundUserName":"-","TargetOutboundDomainName":"-","TargetLinkedLogonId":"0x0","WorkstationName":"-","ElevatedToken":"%%1842","TargetUserSid":"S-1-5-18"},"OpenWEC":{"IpAddress":"10.202.0.93","TimeReceived":"2023-12-08T12:02:35.800642123+00:00","Principal":"MEEREEN$@ESSOS.LOCAL","Subscription":{"Uuid":"CB04741B-9072-4E2D-B769-3570FA020BBD","Version":"6E053E8A-FE0D-45A0-A863-C501EEDB4011","Name":"anssi-subscription"}}}
{"System":{"Provider":{"Name":"Microsoft-Windows-Security-Auditing","Guid":"{54849625-5478-4994-A5BA-3E3B0328C30D}"},"EventID":4624,"Version":2,"Level":0,"Task":12544,"Opcode":0,"Keywords":"0x8020000000000000","TimeCreated":"2023-12-08T11:48:18.222519400Z","EventRecordID":107859,"Correlation":{},"Execution":{"ProcessID":588,"ThreadID":1980},"Channel":"Security","Computer":"meereen.essos.local"},"EventData":{"SubjectUserName":"-","TransmittedServices":"-","SubjectDomainName":"-","ProcessName":"-","TargetOutboundUserName":"-","TargetOutboundDomainName":"-","IpAddress":"fe80::3076:9c8f:3acb:98de","KeyLength":"0","LogonType":"3","SubjectUserSid":"S-1-0-0","SubjectLogonId":"0x0","ProcessId":"0x0","TargetDomainName":"ESSOS.LOCAL","RestrictedAdminMode":"-","ElevatedToken":"%%1842","TargetUserSid":"S-1-5-18","WorkstationName":"-","LogonGuid":"{4DAE89EC-640B-593C-8935-87CC0FE7DECD}","LmPackageName":"-","TargetLogonId":"0x4667fc","LogonProcessName":"Kerberos","AuthenticationPackageName":"Kerberos","ImpersonationLevel":"%%1833","VirtualAccount":"%%1843","IpPort":"54577","TargetUserName":"MEEREEN$","TargetLinkedLogonId":"0x0"},"OpenWEC":{"IpAddress":"10.202.0.93","TimeReceived":"2023-12-08T12:02:35.800642123+00:00","Principal":"MEEREEN$@ESSOS.LOCAL","Subscription":{"Uuid":"CB04741B-9072-4E2D-B769-3570FA020BBD","Version":"6E053E8A-FE0D-45A0-A863-C501EEDB4011","Name":"anssi-subscription"}}}
{"System":{"Provider":{"Name":"Microsoft-Windows-WinRM","Guid":"{A7975C8F-AC13-49F1-87DA-5A984A4AB417}"},"EventID":163,"Version":0,"Level":2,"Task":7,"Opcode":0,"Keywords":"0x400000000000000a","TimeCreated":"2023-12-08T11:48:49.389050900Z","EventRecordID":5046,"Correlation":{"ActivityID":"{833290A8-29FD-0001-E2AF-3283FD29DA01}"},"Execution":{"ProcessID":1100,"ThreadID":1520},"Channel":"Microsoft-Windows-WinRM/Operational","Computer":"meereen.essos.local","UserID":"S-1-5-20"},"EventData":{"authServer4":" ","authServer1":" ","authClient":"Kerberos","authServer3":" ","authServer2":" ","authServer5":" "},"OpenWEC":{"IpAddress":"10.202.0.93","TimeReceived":"2023-12-08T12:03:08.659792114+00:00","Principal":"MEEREEN$@ESSOS.LOCAL","Subscription":{"Uuid":"CB04741B-9072-4E2D-B769-3570FA020BBD","Version":"6E053E8A-FE0D-45A0-A863-C501EEDB4011","Name":"anssi-subscription"}}}
{"System":{"Provider":{"Name":"Microsoft-Windows-WinRM","Guid":"{A7975C8F-AC13-49F1-87DA-5A984A4AB417}"},"EventID":142,"Version":0,"Level":2,"Task":10,"Opcode":2,"Keywords":"0x4000000000000002","TimeCreated":"2023-12-08T11:48:49.389187300Z","EventRecordID":5047,"Correlation":{"ActivityID":"{833290A8-29FD-0001-AE92-3283FD29DA01}"},"Execution":{"ProcessID":1100,"ThreadID":1520},"Channel":"Microsoft-Windows-WinRM/Operational","Computer":"meereen.essos.local","UserID":"S-1-5-20"},"EventData":{"errorCode":"5","operationName":"Enumeration"},"OpenWEC":{"IpAddress":"10.202.0.93","TimeReceived":"2023-12-08T12:03:08.659792114+00:00","Principal":"MEEREEN$@ESSOS.LOCAL","Subscription":{"Uuid":"CB04741B-9072-4E2D-B769-3570FA020BBD","Version":"6E053E8A-FE0D-45A0-A863-C501EEDB4011","Name":"anssi-subscription"}}}
{"System":{"Provider":{"Name":"Microsoft-Windows-Security-Auditing","Guid":"{54849625-5478-4994-A5BA-3E3B0328C30D}"},"EventID":4624,"Version":2,"Level":0,"Task":12544,"Opcode":0,"Keywords":"0x8020000000000000","TimeCreated":"2023-12-08T11:49:30.121835300Z","EventRecordID":107937,"Correlation":{},"Execution":{"ProcessID":588,"ThreadID":1980},"Channel":"Security","Computer":"meereen.essos.local"},"EventData":{"SubjectLogonId":"0x0","ElevatedToken":"%%1842","ProcessName":"-","TransmittedServices":"-","SubjectDomainName":"-","TargetDomainName":"ESSOS.LOCAL","TargetLogonId":"0x46cbde","AuthenticationPackageName":"Kerberos","TargetUserName":"MEEREEN$","LogonGuid":"{4DAE89EC-640B-593C-8935-87CC0FE7DECD}","LmPackageName":"-","ProcessId":"0x0","ImpersonationLevel":"%%1833","TargetOutboundDomainName":"-","VirtualAccount":"%%1843","TargetLinkedLogonId":"0x0","TargetOutboundUserName":"-","SubjectUserName":"-","WorkstationName":"-","IpPort":"54601","IpAddress":"::1","RestrictedAdminMode":"-","SubjectUserSid":"S-1-0-0","TargetUserSid":"S-1-5-18","LogonProcessName":"Kerberos","KeyLength":"0","LogonType":"3"},"OpenWEC":{"IpAddress":"10.202.0.93","TimeReceived":"2023-12-08T12:03:08.659792114+00:00","Principal":"MEEREEN$@ESSOS.LOCAL","Subscription":{"Uuid":"CB04741B-9072-4E2D-B769-3570FA020BBD","Version":"6E053E8A-FE0D-45A0-A863-C501EEDB4011","Name":"anssi-subscription"}}}
{"System":{"Provider":{"Name":"Microsoft-Windows-WinRM","Guid":"{A7975C8F-AC13-49F1-87DA-5A984A4AB417}"},"EventID":163,"Version":0,"Level":2,"Task":7,"Opcode":0,"Keywords":"0x400000000000000a","TimeCreated":"2023-12-08T11:50:23.888362500Z","EventRecordID":5051,"Correlation":{"ActivityID":"{833290A8-29FD-0001-ECAF-3283FD29DA01}"},"Execution":{"ProcessID":1100,"ThreadID":1520},"Channel":"Microsoft-Windows-WinRM/Operational","Computer":"meereen.essos.local","UserID":"S-1-5-20"},"EventData":{"authClient":"Kerberos","authServer5":" ","authServer1":" ","authServer3":" ","authServer4":" ","authServer2":" "},"OpenWEC":{"IpAddress":"10.202.0.93","TimeReceived":"2023-12-08T15:43:50.738207438+00:00","Principal":"MEEREEN$@ESSOS.LOCAL","Subscription":{"Uuid":"CB04741B-9072-4E2D-B769-3570FA020BBD","Version":"6E053E8A-FE0D-45A0-A863-C501EEDB4011","Name":"anssi-subscription"}}}
{"System":{"Provider":{"Name":"Microsoft-Windows-WinRM","Guid":"{A7975C8F-AC13-49F1-87DA-5A984A4AB417}"},"EventID":142,"Version":0,"Level":2,"Task":10,"Opcode":2,"Keywords":"0x4000000000000002","TimeCreated":"2023-12-08T11:50:23.888494700Z","EventRecordID":5052,"Correlation":{"ActivityID":"{833290A8-29FD-0001-AE92-3283FD29DA01}"},"Execution":{"ProcessID":1100,"ThreadID":1520},"Channel":"Microsoft-Windows-WinRM/Operational","Computer":"meereen.essos.local","UserID":"S-1-5-20"},"EventData":{"errorCode":"5","operationName":"Enumeration"},"OpenWEC":{"IpAddress":"10.202.0.93","TimeReceived":"2023-12-08T15:43:50.738207438+00:00","Principal":"MEEREEN$@ESSOS.LOCAL","Subscription":{"Uuid":"CB04741B-9072-4E2D-B769-3570FA020BBD","Version":"6E053E8A-FE0D-45A0-A863-C501EEDB4011","Name":"anssi-subscription"}}}
{"System":{"Provider":{"Name":"Microsoft-Windows-Security-Auditing","Guid":"{54849625-5478-4994-A5BA-3E3B0328C30D}"},"EventID":4624,"Version":2,"Level":0,"Task":12544,"Opcode":0,"Keywords":"0x8020000000000000","TimeCreated":"2023-12-08T11:51:00.144673800Z","EventRecordID":107972,"Correlation":{},"Execution":{"ProcessID":588,"ThreadID":2248},"Channel":"Security","Computer":"meereen.essos.local"},"EventData":{"VirtualAccount":"%%1843","ElevatedToken":"%%1842","TargetOutboundDomainName":"-","RestrictedAdminMode":"-","AuthenticationPackageName":"Kerberos","SubjectLogonId":"0x0","SubjectUserName":"-","ProcessId":"0x0","LmPackageName":"-","ImpersonationLevel":"%%1833","WorkstationName":"-","TargetUserSid":"S-1-5-18","TransmittedServices":"-","TargetLogonId":"0x4741fb","TargetUserName":"MEEREEN$","LogonType":"3","KeyLength":"0","ProcessName":"-","IpPort":"54633","LogonGuid":"{4DAE89EC-640B-593C-8935-87CC0FE7DECD}","TargetOutboundUserName":"-","TargetLinkedLogonId":"0x0","TargetDomainName":"ESSOS.LOCAL","SubjectUserSid":"S-1-0-0","SubjectDomainName":"-","LogonProcessName":"Kerberos","IpAddress":"::1"},"OpenWEC":{"IpAddress":"10.202.0.93","TimeReceived":"2023-12-08T15:43:50.738207438+00:00","Principal":"MEEREEN$@ESSOS.LOCAL","Subscription":{"Uuid":"CB04741B-9072-4E2D-B769-3570FA020BBD","Version":"6E053E8A-FE0D-45A0-A863-C501EEDB4011","Name":"anssi-subscription"}}}
{"System":{"Provider":{"Name":"Microsoft-Windows-WinRM","Guid":"{A7975C8F-AC13-49F1-87DA-5A984A4AB417}"},"EventID":163,"Version":0,"Level":2,"Task":7,"Opcode":0,"Keywords":"0x400000000000000a","TimeCreated":"2023-12-08T11:51:10.480087300Z","EventRecordID":5054,"Correlation":{"ActivityID":"{833290A8-29FD-0001-F2AF-3283FD29DA01}"},"Execution":{"ProcessID":1100,"ThreadID":1588},"Channel":"Microsoft-Windows-WinRM/Operational","Computer":"meereen.essos.local","UserID":"S-1-5-20"},"EventData":{"authClient":"Kerberos","authServer2":" ","authServer4":" ","authServer5":" ","authServer3":" ","authServer1":" "},"OpenWEC":{"IpAddress":"10.202.0.93","TimeReceived":"2023-12-08T15:43:50.738207438+00:00","Principal":"MEEREEN$@ESSOS.LOCAL","Subscription":{"Uuid":"CB04741B-9072-4E2D-B769-3570FA020BBD","Version":"6E053E8A-FE0D-45A0-A863-C501EEDB4011","Name":"anssi-subscription"}}}
{"System":{"Provider":{"Name":"Microsoft-Windows-WinRM","Guid":"{A7975C8F-AC13-49F1-87DA-5A984A4AB417}"},"EventID":163,"Version":0,"Level":2,"Task":7,"Opcode":0,"Keywords":"0x400000000000000a","TimeCreated":"2023-12-08T11:51:58.388104700Z","EventRecordID":5057,"Correlation":{"ActivityID":"{833290A8-29FD-0001-F5AF-3283FD29DA01}"},"Execution":{"ProcessID":1100,"ThreadID":1636},"Channel":"Microsoft-Windows-WinRM/Operational","Computer":"meereen.essos.local","UserID":"S-1-5-20"},"EventData":{"authServer5":" ","authServer2":" ","authClient":"Kerberos","authServer4":" ","authServer3":" ","authServer1":" "},"OpenWEC":{"IpAddress":"10.202.0.93","TimeReceived":"2023-12-08T15:43:50.738207438+00:00","Principal":"MEEREEN$@ESSOS.LOCAL","Subscription":{"Uuid":"CB04741B-9072-4E2D-B769-3570FA020BBD","Version":"6E053E8A-FE0D-45A0-A863-C501EEDB4011","Name":"anssi-subscription"}}}
{"System":{"Provider":{"Name":"Microsoft-Windows-WinRM","Guid":"{A7975C8F-AC13-49F1-87DA-5A984A4AB417}"},"EventID":142,"Version":0,"Level":2,"Task":10,"Opcode":2,"Keywords":"0x4000000000000002","TimeCreated":"2023-12-08T11:51:58.388243300Z","EventRecordID":5058,"Correlation":{"ActivityID":"{833290A8-29FD-0001-AE92-3283FD29DA01}"},"Execution":{"ProcessID":1100,"ThreadID":1636},"Channel":"Microsoft-Windows-WinRM/Operational","Computer":"meereen.essos.local","UserID":"S-1-5-20"},"EventData":{"errorCode":"5","operationName":"Enumeration"},"OpenWEC":{"IpAddress":"10.202.0.93","TimeReceived":"2023-12-08T15:43:50.738207438+00:00","Principal":"MEEREEN$@ESSOS.LOCAL","Subscription":{"Uuid":"CB04741B-9072-4E2D-B769-3570FA020BBD","Version":"6E053E8A-FE0D-45A0-A863-C501EEDB4011","Name":"anssi-subscription"}}}
{"System":{"Provider":{"Name":"Microsoft-Windows-Security-Auditing","Guid":"{54849625-5478-4994-A5BA-3E3B0328C30D}"},"EventID":4624,"Version":2,"Level":0,"Task":12544,"Opcode":0,"Keywords":"0x8020000000000000","TimeCreated":"2023-12-08T11:52:30.167833300Z","EventRecordID":108036,"Correlation":{},"Execution":{"ProcessID":588,"ThreadID":2248},"Channel":"Security","Computer":"meereen.essos.local"},"EventData":{"ImpersonationLevel":"%%1833","SubjectDomainName":"-","TargetDomainName":"ESSOS.LOCAL","LogonGuid":"{4DAE89EC-640B-593C-8935-87CC0FE7DECD}","TargetUserName":"MEEREEN$","TargetUserSid":"S-1-5-18","IpPort":"54665","RestrictedAdminMode":"-","ProcessName":"-","TargetOutboundUserName":"-","TransmittedServices":"-","IpAddress":"::1","LogonProcessName":"Kerberos","AuthenticationPackageName":"Kerberos","LogonType":"3","TargetOutboundDomainName":"-","VirtualAccount":"%%1843","ElevatedToken":"%%1842","ProcessId":"0x0","TargetLogonId":"0x47b7c6","LmPackageName":"-","TargetLinkedLogonId":"0x0","KeyLength":"0","SubjectUserSid":"S-1-0-0","SubjectUserName":"-","SubjectLogonId":"0x0","WorkstationName":"-"},"OpenWEC":{"IpAddress":"10.202.0.93","TimeReceived":"2023-12-08T15:43:50.738207438+00:00","Principal":"MEEREEN$@ESSOS.LOCAL","Subscription":{"Uuid":"CB04741B-9072-4E2D-B769-3570FA020BBD","Version":"6E053E8A-FE0D-45A0-A863-C501EEDB4011","Name":"anssi-subscription"}}}
{"System":{"Provider":{"Name":"Microsoft-Windows-WinRM","Guid":"{A7975C8F-AC13-49F1-87DA-5A984A4AB417}"},"EventID":163,"Version":0,"Level":2,"Task":7,"Opcode":0,"Keywords":"0x400000000000000a","TimeCreated":"2023-12-08T11:52:40.503571100Z","EventRecordID":5060,"Correlation":{"ActivityID":"{833290A8-29FD-0001-FAAF-3283FD29DA01}"},"Execution":{"ProcessID":1100,"ThreadID":1636},"Channel":"Microsoft-Windows-WinRM/Operational","Computer":"meereen.essos.local","UserID":"S-1-5-20"},"EventData":{"authServer2":" ","authServer1":" ","authClient":"Kerberos","authServer3":" ","authServer4":" ","authServer5":" "},"OpenWEC":{"IpAddress":"10.202.0.93","TimeReceived":"2023-12-08T15:43:50.738207438+00:00","Principal":"MEEREEN$@ESSOS.LOCAL","Subscription":{"Uuid":"CB04741B-9072-4E2D-B769-3570FA020BBD","Version":"6E053E8A-FE0D-45A0-A863-C501EEDB4011","Name":"anssi-subscription"}}}
{"System":{"Provider":{"Name":"Microsoft-Windows-WinRM","Guid":"{A7975C8F-AC13-49F1-87DA-5A984A4AB417}"},"EventID":163,"Version":0,"Level":2,"Task":7,"Opcode":0,"Keywords":"0x400000000000000a","TimeCreated":"2023-12-08T11:53:32.887125900Z","EventRecordID":5063,"Correlation":{"ActivityID":"{833290A8-29FD-0001-0AB0-3283FD29DA01}"},"Execution":{"ProcessID":1100,"ThreadID":1632},"Channel":"Microsoft-Windows-WinRM/Operational","Computer":"meereen.essos.local","UserID":"S-1-5-20"},"EventData":{"authServer1":" ","authClient":"Kerberos","authServer3":" ","authServer4":" ","authServer5":" ","authServer2":" "},"OpenWEC":{"IpAddress":"10.202.0.93","TimeReceived":"2023-12-08T15:43:50.738207438+00:00","Principal":"MEEREEN$@ESSOS.LOCAL","Subscription":{"Uuid":"CB04741B-9072-4E2D-B769-3570FA020BBD","Version":"6E053E8A-FE0D-45A0-A863-C501EEDB4011","Name":"anssi-subscription"}}}
{"System":{"Provider":{"Name":"Microsoft-Windows-WinRM","Guid":"{A7975C8F-AC13-49F1-87DA-5A984A4AB417}"},"EventID":142,"Version":0,"Level":2,"Task":10,"Opcode":2,"Keywords":"0x4000000000000002","TimeCreated":"2023-12-08T11:53:32.887258100Z","EventRecordID":5064,"Correlation":{"ActivityID":"{833290A8-29FD-0001-AE92-3283FD29DA01}"},"Execution":{"ProcessID":1100,"ThreadID":1632},"Channel":"Microsoft-Windows-WinRM/Operational","Computer":"meereen.essos.local","UserID":"S-1-5-20"},"EventData":{"operationName":"Enumeration","errorCode":"5"},"OpenWEC":{"IpAddress":"10.202.0.93","TimeReceived":"2023-12-08T15:43:50.738207438+00:00","Principal":"MEEREEN$@ESSOS.LOCAL","Subscription":{"Uuid":"CB04741B-9072-4E2D-B769-3570FA020BBD","Version":"6E053E8A-FE0D-45A0-A863-C501EEDB4011","Name":"anssi-subscription"}}}
{"System":{"Provider":{"Name":"Microsoft-Windows-Security-Auditing","Guid":"{54849625-5478-4994-A5BA-3E3B0328C30D}"},"EventID":4624,"Version":2,"Level":0,"Task":12544,"Opcode":0,"Keywords":"0x8020000000000000","TimeCreated":"2023-12-08T11:54:00.190208400Z","EventRecordID":108088,"Correlation":{},"Execution":{"ProcessID":588,"ThreadID":1980},"Channel":"Security","Computer":"meereen.essos.local"},"EventData":{"TargetLinkedLogonId":"0x0","TargetLogonId":"0x482f54","ImpersonationLevel":"%%1833","TargetUserSid":"S-1-5-18","IpAddress":"::1","TargetOutboundUserName":"-","TargetOutboundDomainName":"-","ProcessName":"-","SubjectUserName":"-","IpPort":"54697","LogonProcessName":"Kerberos","TransmittedServices":"-","KeyLength":"0","RestrictedAdminMode":"-","SubjectDomainName":"-","TargetDomainName":"ESSOS.LOCAL","TargetUserName":"MEEREEN$","ProcessId":"0x0","SubjectUserSid":"S-1-0-0","AuthenticationPackageName":"Kerberos","LogonType":"3","LogonGuid":"{4DAE89EC-640B-593C-8935-87CC0FE7DECD}","VirtualAccount":"%%1843","LmPackageName":"-","ElevatedToken":"%%1842","SubjectLogonId":"0x0","WorkstationName":"-"},"OpenWEC":{"IpAddress":"10.202.0.93","TimeReceived":"2023-12-08T15:43:50.738207438+00:00","Principal":"MEEREEN$@ESSOS.LOCAL","Subscription":{"Uuid":"CB04741B-9072-4E2D-B769-3570FA020BBD","Version":"6E053E8A-FE0D-45A0-A863-C501EEDB4011","Name":"anssi-subscription"}}}
{"System":{"Provider":{"Name":"Microsoft-Windows-WinRM","Guid":"{A7975C8F-AC13-49F1-87DA-5A984A4AB417}"},"EventID":163,"Version":0,"Level":2,"Task":7,"Opcode":0,"Keywords":"0x400000000000000a","TimeCreated":"2023-12-08T11:54:10.526734900Z","EventRecordID":5066,"Correlation":{"ActivityID":"{833290A8-29FD-0000-30AA-3283FD29DA01}"},"Execution":{"ProcessID":1100,"ThreadID":1636},"Channel":"Microsoft-Windows-WinRM/Operational","Computer":"meereen.essos.local","UserID":"S-1-5-20"},"EventData":{"authServer3":" ","authServer5":" ","authServer4":" ","authServer2":" ","authClient":"Kerberos","authServer1":" "},"OpenWEC":{"IpAddress":"10.202.0.93","TimeReceived":"2023-12-08T15:43:50.738207438+00:00","Principal":"MEEREEN$@ESSOS.LOCAL","Subscription":{"Uuid":"CB04741B-9072-4E2D-B769-3570FA020BBD","Version":"6E053E8A-FE0D-45A0-A863-C501EEDB4011","Name":"anssi-subscription"}}}
{"System":{"Provider":{"Name":"Microsoft-Windows-Security-Auditing","Guid":"{54849625-5478-4994-A5BA-3E3B0328C30D}"},"EventID":4624,"Version":2,"Level":0,"Task":12544,"Opcode":0,"Keywords":"0x8020000000000000","TimeCreated":"2023-12-08T11:54:28.386175200Z","EventRecordID":108110,"Correlation":{"ActivityID":"{833290A8-29FD-0001-F190-3283FD29DA01}"},"Execution":{"ProcessID":588,"ThreadID":640},"Channel":"Security","Computer":"meereen.essos.local"},"EventData":{"LmPackageName":"-","SubjectDomainName":"-","KeyLength":"0","IpPort":"54709","IpAddress":"fe80::3076:9c8f:3acb:98de","ImpersonationLevel":"%%1840","SubjectUserName":"-","WorkstationName":"-","TargetLinkedLogonId":"0x0","LogonType":"3","ProcessId":"0x0","RestrictedAdminMode":"-","SubjectLogonId":"0x0","TargetDomainName":"ESSOS.LOCAL","TargetOutboundUserName":"-","TargetOutboundDomainName":"-","VirtualAccount":"%%1843","TargetUserSid":"S-1-5-18","ElevatedToken":"%%1842","ProcessName":"-","SubjectUserSid":"S-1-0-0","TransmittedServices":"-","TargetUserName":"MEEREEN$","TargetLogonId":"0x48569a","LogonProcessName":"Kerberos","AuthenticationPackageName":"Kerberos","LogonGuid":"{3AAC347E-688E-87C2-7236-4CC07166564B}"},"OpenWEC":{"IpAddress":"10.202.0.93","TimeReceived":"2023-12-08T15:43:50.738207438+00:00","Principal":"MEEREEN$@ESSOS.LOCAL","Subscription":{"Uuid":"CB04741B-9072-4E2D-B769-3570FA020BBD","Version":"6E053E8A-FE0D-45A0-A863-C501EEDB4011","Name":"anssi-subscription"}}}
{"System":{"Provider":{"Name":"Microsoft-Windows-Security-Auditing","Guid":"{54849625-5478-4994-A5BA-3E3B0328C30D}"},"EventID":5140,"Version":1,"Level":0,"Task":12808,"Opcode":0,"Keywords":"0x8020000000000000","TimeCreated":"2023-12-08T11:54:28.387488500Z","EventRecordID":108112,"Correlation":{},"Execution":{"ProcessID":4,"ThreadID":4360},"Channel":"Security","Computer":"meereen.essos.local"},"EventData":{"SubjectLogonId":"0x48569a","IpAddress":"fe80::3076:9c8f:3acb:98de","ShareName":"\\\\*\\SYSVOL","ShareLocalPath":"\\??\\C:\\Windows\\SYSVOL\\sysvol","AccessMask":"0x1","ObjectType":"File","IpPort":"54709","SubjectDomainName":"ESSOS","SubjectUserSid":"S-1-5-18","AccessList":"%%4416\n\t\t\t\t","SubjectUserName":"MEEREEN$"},"OpenWEC":{"IpAddress":"10.202.0.93","TimeReceived":"2023-12-08T15:43:50.738207438+00:00","Principal":"MEEREEN$@ESSOS.LOCAL","Subscription":{"Uuid":"CB04741B-9072-4E2D-B769-3570FA020BBD","Version":"6E053E8A-FE0D-45A0-A863-C501EEDB4011","Name":"anssi-subscription"}}}
{"System":{"Provider":{"Name":"Microsoft-Windows-Security-Auditing","Guid":"{54849625-5478-4994-A5BA-3E3B0328C30D}"},"EventID":4616,"Version":1,"Level":0,"Task":12288,"Opcode":0,"Keywords":"0x8020000000000000","TimeCreated":"2023-12-08T15:08:52.298207000Z","EventRecordID":108117,"Correlation":{},"Execution":{"ProcessID":4,"ThreadID":4644},"Channel":"Security","Computer":"meereen.essos.local"},"EventData":{"ProcessName":"C:\\Windows\\System32\\VBoxService.exe","SubjectUserName":"MEEREEN$","NewTime":"2023-12-08T15:08:52.298000000Z","SubjectDomainName":"ESSOS","PreviousTime":"2023-12-08T11:54:39.428436200Z","SubjectLogonId":"0x3e7","ProcessId":"0x494","SubjectUserSid":"S-1-5-18"},"OpenWEC":{"IpAddress":"10.202.0.93","TimeReceived":"2023-12-08T15:43:50.738207438+00:00","Principal":"MEEREEN$@ESSOS.LOCAL","Subscription":{"Uuid":"CB04741B-9072-4E2D-B769-3570FA020BBD","Version":"6E053E8A-FE0D-45A0-A863-C501EEDB4011","Name":"anssi-subscription"}}}
{"System":{"Provider":{"Name":"Microsoft-Windows-Security-Auditing","Guid":"{54849625-5478-4994-A5BA-3E3B0328C30D}"},"EventID":4624,"Version":2,"Level":0,"Task":12544,"Opcode":0,"Keywords":"0x8020000000000000","TimeCreated":"2023-12-08T15:08:52.302596400Z","EventRecordID":108119,"Correlation":{},"Execution":{"ProcessID":588,"ThreadID":640},"Channel":"Security","Computer":"meereen.essos.local"},"EventData":{"IpPort":"54715","RestrictedAdminMode":"-","VirtualAccount":"%%1843","LogonProcessName":"Kerberos","ElevatedToken":"%%1842","ProcessId":"0x0","ProcessName":"-","IpAddress":"fe80::a03c:d7e7:76f2:d409","TargetOutboundUserName":"-","TargetOutboundDomainName":"-","TargetLogonId":"0x486a1a","SubjectDomainName":"-","AuthenticationPackageName":"Kerberos","SubjectUserName":"-","LogonType":"3","WorkstationName":"-","SubjectUserSid":"S-1-0-0","KeyLength":"0","SubjectLogonId":"0x0","LmPackageName":"-","ImpersonationLevel":"%%1833","TargetLinkedLogonId":"0x0","TransmittedServices":"-","TargetUserSid":"S-1-5-18","TargetUserName":"MEEREEN$","LogonGuid":"{8432D9FB-0C20-9651-AE3E-7F1B662518A6}","TargetDomainName":"ESSOS.LOCAL"},"OpenWEC":{"IpAddress":"10.202.0.93","TimeReceived":"2023-12-08T15:43:50.738207438+00:00","Principal":"MEEREEN$@ESSOS.LOCAL","Subscription":{"Uuid":"CB04741B-9072-4E2D-B769-3570FA020BBD","Version":"6E053E8A-FE0D-45A0-A863-C501EEDB4011","Name":"anssi-subscription"}}}
{"System":{"Provider":{"Name":"Microsoft-Windows-TaskScheduler","Guid":"{DE7B24EA-73C8-4A09-985D-5BDADCFA9017}"},"EventID":107,"Version":0,"Level":4,"Task":107,"Opcode":0,"Keywords":"0x8000000000000000","TimeCreated":"2023-12-08T15:08:52.314978500Z","EventRecordID":4492,"Correlation":{"ActivityID":"{AFE33ECC-50BA-45D9-B119-E26E5353CD98}"},"Execution":{"ProcessID":1016,"ThreadID":2580},"Channel":"Microsoft-Windows-TaskScheduler/Operational","Computer":"meereen.essos.local","UserID":"S-1-5-18"},"EventData":{"TaskName":"\\GoogleUpdateTaskMachineUA{E8794AD3-5DC4-47BC-AB3A-D97DF24F8916}","InstanceId":"{AFE33ECC-50BA-45D9-B119-E26E5353CD98}"},"OpenWEC":{"IpAddress":"10.202.0.93","TimeReceived":"2023-12-08T15:43:50.738207438+00:00","Principal":"MEEREEN$@ESSOS.LOCAL","Subscription":{"Uuid":"CB04741B-9072-4E2D-B769-3570FA020BBD","Version":"6E053E8A-FE0D-45A0-A863-C501EEDB4011","Name":"anssi-subscription"}}}
{"System":{"Provider":{"Name":"Microsoft-Windows-Security-Auditing","Guid":"{54849625-5478-4994-A5BA-3E3B0328C30D}"},"EventID":4688,"Version":2,"Level":0,"Task":13312,"Opcode":0,"Keywords":"0x8020000000000000","TimeCreated":"2023-12-08T15:08:52.316552600Z","EventRecordID":108120,"Correlation":{},"Execution":{"ProcessID":4,"ThreadID":5728},"Channel":"Security","Computer":"meereen.essos.local"},"EventData":{"NewProcessId":"0x1768","ParentProcessName":"C:\\Windows\\System32\\svchost.exe","TargetUserSid":"S-1-0-0","MandatoryLabel":"S-1-16-16384","SubjectLogonId":"0x3e7","TargetLogonId":"0x0","TargetDomainName":"-","ProcessId":"0x3f8","CommandLine":"","TargetUserName":"-","SubjectUserName":"MEEREEN$","NewProcessName":"C:\\Program Files (x86)\\Google\\Update\\GoogleUpdate.exe","SubjectDomainName":"ESSOS","TokenElevationType":"%%1936","SubjectUserSid":"S-1-5-18"},"OpenWEC":{"IpAddress":"10.202.0.93","TimeReceived":"2023-12-08T15:43:50.738207438+00:00","Principal":"MEEREEN$@ESSOS.LOCAL","Subscription":{"Uuid":"CB04741B-9072-4E2D-B769-3570FA020BBD","Version":"6E053E8A-FE0D-45A0-A863-C501EEDB4011","Name":"anssi-subscription"}}}
{"System":{"Provider":{"Name":"Microsoft-Windows-Security-Auditing","Guid":"{54849625-5478-4994-A5BA-3E3B0328C30D}"},"EventID":4688,"Version":2,"Level":0,"Task":13312,"Opcode":0,"Keywords":"0x8020000000000000","TimeCreated":"2023-12-08T15:08:52.326867600Z","EventRecordID":108121,"Correlation":{},"Execution":{"ProcessID":4,"ThreadID":5728},"Channel":"Security","Computer":"meereen.essos.local"},"EventData":{"ProcessId":"0x3f8","NewProcessId":"0x16bc","ParentProcessName":"C:\\Windows\\System32\\svchost.exe","SubjectUserSid":"S-1-5-18","TargetDomainName":"-","SubjectDomainName":"ESSOS","SubjectLogonId":"0x3e7","NewProcessName":"C:\\Windows\\System32\\CompatTelRunner.exe","MandatoryLabel":"S-1-16-16384","TargetLogonId":"0x0","CommandLine":"","SubjectUserName":"MEEREEN$","TargetUserName":"-","TokenElevationType":"%%1936","TargetUserSid":"S-1-0-0"},"OpenWEC":{"IpAddress":"10.202.0.93","TimeReceived":"2023-12-08T15:43:50.738207438+00:00","Principal":"MEEREEN$@ESSOS.LOCAL","Subscription":{"Uuid":"CB04741B-9072-4E2D-B769-3570FA020BBD","Version":"6E053E8A-FE0D-45A0-A863-C501EEDB4011","Name":"anssi-subscription"}}}
{"System":{"Provider":{"Name":"Microsoft-Windows-Security-Auditing","Guid":"{54849625-5478-4994-A5BA-3E3B0328C30D}"},"EventID":4688,"Version":2,"Level":0,"Task":13312,"Opcode":0,"Keywords":"0x8020000000000000","TimeCreated":"2023-12-08T15:08:52.337190500Z","EventRecordID":108122,"Correlation":{},"Execution":{"ProcessID":4,"ThreadID":5728},"Channel":"Security","Computer":"meereen.essos.local"},"EventData":{"TargetUserSid":"S-1-0-0","TargetUserName":"-","SubjectUserName":"MEEREEN$","ProcessId":"0x3f8","MandatoryLabel":"S-1-16-16384","SubjectLogonId":"0x3e7","TargetDomainName":"-","NewProcessId":"0x95c","ParentProcessName":"C:\\Windows\\System32\\svchost.exe","NewProcessName":"C:\\Windows\\System32\\DeviceCensus.exe","CommandLine":"","TargetLogonId":"0x0","TokenElevationType":"%%1936","SubjectUserSid":"S-1-5-18","SubjectDomainName":"ESSOS"},"OpenWEC":{"IpAddress":"10.202.0.93","TimeReceived":"2023-12-08T15:43:50.738207438+00:00","Principal":"MEEREEN$@ESSOS.LOCAL","Subscription":{"Uuid":"CB04741B-9072-4E2D-B769-3570FA020BBD","Version":"6E053E8A-FE0D-45A0-A863-C501EEDB4011","Name":"anssi-subscription"}}}
{"System":{"Provider":{"Name":"Microsoft-Windows-Security-Auditing","Guid":"{54849625-5478-4994-A5BA-3E3B0328C30D}"},"EventID":4688,"Version":2,"Level":0,"Task":13312,"Opcode":0,"Keywords":"0x8020000000000000","TimeCreated":"2023-12-08T15:08:52.392657100Z","EventRecordID":108123,"Correlation":{},"Execution":{"ProcessID":4,"ThreadID":5728},"Channel":"Security","Computer":"meereen.essos.local"},"EventData":{"TargetLogonId":"0x0","NewProcessName":"C:\\Windows\\System32\\wermgr.exe","NewProcessId":"0x1020","SubjectUserName":"MEEREEN$","TargetUserName":"-","TokenElevationType":"%%1936","ProcessId":"0x3f8","MandatoryLabel":"S-1-16-16384","SubjectLogonId":"0x3e7","TargetUserSid":"S-1-0-0","TargetDomainName":"-","SubjectUserSid":"S-1-5-18","SubjectDomainName":"ESSOS","CommandLine":"","ParentProcessName":"C:\\Windows\\System32\\svchost.exe"},"OpenWEC":{"IpAddress":"10.202.0.93","TimeReceived":"2023-12-08T15:43:50.738207438+00:00","Principal":"MEEREEN$@ESSOS.LOCAL","Subscription":{"Uuid":"CB04741B-9072-4E2D-B769-3570FA020BBD","Version":"6E053E8A-FE0D-45A0-A863-C501EEDB4011","Name":"anssi-subscription"}}}
{"System":{"Provider":{"Name":"Microsoft-Windows-Security-Auditing","Guid":"{54849625-5478-4994-A5BA-3E3B0328C30D}"},"EventID":4688,"Version":2,"Level":0,"Task":13312,"Opcode":0,"Keywords":"0x8020000000000000","TimeCreated":"2023-12-08T15:08:52.396435700Z","EventRecordID":108124,"Correlation":{},"Execution":{"ProcessID":4,"ThreadID":5728},"Channel":"Security","Computer":"meereen.essos.local"},"EventData":{"SubjectLogonId":"0x3e7","TargetUserSid":"S-1-0-0","TargetLogonId":"0x0","SubjectUserSid":"S-1-5-18","TargetUserName":"-","ProcessId":"0x3f8","NewProcessId":"0xb14","ParentProcessName":"C:\\Windows\\System32\\svchost.exe","NewProcessName":"C:\\Windows\\System32\\wsqmcons.exe","TargetDomainName":"-","MandatoryLabel":"S-1-16-16384","SubjectDomainName":"ESSOS","TokenElevationType":"%%1936","SubjectUserName":"MEEREEN$","CommandLine":""},"OpenWEC":{"IpAddress":"10.202.0.93","TimeReceived":"2023-12-08T15:43:50.738207438+00:00","Principal":"MEEREEN$@ESSOS.LOCAL","Subscription":{"Uuid":"CB04741B-9072-4E2D-B769-3570FA020BBD","Version":"6E053E8A-FE0D-45A0-A863-C501EEDB4011","Name":"anssi-subscription"}}}
{"System":{"Provider":{"Name":"Microsoft-Windows-Security-Auditing","Guid":"{54849625-5478-4994-A5BA-3E3B0328C30D}"},"EventID":4688,"Version":2,"Level":0,"Task":13312,"Opcode":0,"Keywords":"0x8020000000000000","TimeCreated":"2023-12-08T15:08:52.397030900Z","EventRecordID":108125,"Correlation":{},"Execution":{"ProcessID":4,"ThreadID":5728},"Channel":"Security","Computer":"meereen.essos.local"},"EventData":{"TargetUserName":"vagrant","TokenElevationType":"%%1938","ProcessId":"0x3f8","SubjectDomainName":"ESSOS","SubjectUserName":"MEEREEN$","TargetUserSid":"S-1-5-21-1062305140-3742494866-1959299801-1000","ParentProcessName":"C:\\Windows\\System32\\svchost.exe","MandatoryLabel":"S-1-16-8192","SubjectUserSid":"S-1-5-18","TargetDomainName":"ESSOS","TargetLogonId":"0x4cea8","NewProcessName":"C:\\Windows\\System32\\msfeedssync.exe","CommandLine":"","SubjectLogonId":"0x3e7","NewProcessId":"0x414"},"OpenWEC":{"IpAddress":"10.202.0.93","TimeReceived":"2023-12-08T15:43:50.738207438+00:00","Principal":"MEEREEN$@ESSOS.LOCAL","Subscription":{"Uuid":"CB04741B-9072-4E2D-B769-3570FA020BBD","Version":"6E053E8A-FE0D-45A0-A863-C501EEDB4011","Name":"anssi-subscription"}}}
{"System":{"Provider":{"Name":"Microsoft-Windows-TaskScheduler","Guid":"{DE7B24EA-73C8-4A09-985D-5BDADCFA9017}"},"EventID":129,"Version":0,"Level":4,"Task":129,"Opcode":0,"Keywords":"0x8000000000000000","TimeCreated":"2023-12-08T15:08:52.433157900Z","EventRecordID":4499,"Correlation":{},"Execution":{"ProcessID":1016,"ThreadID":3952},"Channel":"Microsoft-Windows-TaskScheduler/Operational","Computer":"meereen.essos.local","UserID":"S-1-5-18"},"EventData":{"TaskName":"\\Microsoft\\Windows\\Device Information\\Device","ProcessID":"2396","Priority":"16384","Path":"%windir%\\system32\\devicecensus.exe"},"OpenWEC":{"IpAddress":"10.202.0.93","TimeReceived":"2023-12-08T15:43:50.738207438+00:00","Principal":"MEEREEN$@ESSOS.LOCAL","Subscription":{"Uuid":"CB04741B-9072-4E2D-B769-3570FA020BBD","Version":"6E053E8A-FE0D-45A0-A863-C501EEDB4011","Name":"anssi-subscription"}}}
{"System":{"Provider":{"Name":"Microsoft-Windows-TaskScheduler","Guid":"{DE7B24EA-73C8-4A09-985D-5BDADCFA9017}"},"EventID":100,"Version":0,"Level":4,"Task":100,"Opcode":1,"Keywords":"0x8000000000000001","TimeCreated":"2023-12-08T15:08:52.433279900Z","EventRecordID":4500,"Correlation":{"ActivityID":"{37837610-DF78-44F7-896E-4DAEE4BE97D8}"},"Execution":{"ProcessID":1016,"ThreadID":3952},"Channel":"Microsoft-Windows-TaskScheduler/Operational","Computer":"meereen.essos.local","UserID":"S-1-5-18"},"EventData":{"TaskName":"\\Microsoft\\Windows\\Device Information\\Device","UserContext":"NT AUTHORITY\\SYSTEM","InstanceId":"{37837610-DF78-44F7-896E-4DAEE4BE97D8}"},"OpenWEC":{"IpAddress":"10.202.0.93","TimeReceived":"2023-12-08T15:43:50.738207438+00:00","Principal":"MEEREEN$@ESSOS.LOCAL","Subscription":{"Uuid":"CB04741B-9072-4E2D-B769-3570FA020BBD","Version":"6E053E8A-FE0D-45A0-A863-C501EEDB4011","Name":"anssi-subscription"}}}
{"System":{"Provider":{"Name":"Microsoft-Windows-TaskScheduler","Guid":"{DE7B24EA-73C8-4A09-985D-5BDADCFA9017}"},"EventID":200,"Version":1,"Level":4,"Task":200,"Opcode":1,"Keywords":"0x8000000000000000","TimeCreated":"2023-12-08T15:08:52.433281000Z","EventRecordID":4501,"Correlation":{"ActivityID":"{37837610-DF78-44F7-896E-4DAEE4BE97D8}"},"Execution":{"ProcessID":1016,"ThreadID":3952},"Channel":"Microsoft-Windows-TaskScheduler/Operational","Computer":"meereen.essos.local","UserID":"S-1-5-18"},"EventData":{"TaskName":"\\Microsoft\\Windows\\Device Information\\Device","EnginePID":"2396","ActionName":"%windir%\\system32\\devicecensus.exe","TaskInstanceId":"{37837610-DF78-44F7-896E-4DAEE4BE97D8}"},"OpenWEC":{"IpAddress":"10.202.0.93","TimeReceived":"2023-12-08T15:43:50.738207438+00:00","Principal":"MEEREEN$@ESSOS.LOCAL","Subscription":{"Uuid":"CB04741B-9072-4E2D-B769-3570FA020BBD","Version":"6E053E8A-FE0D-45A0-A863-C501EEDB4011","Name":"anssi-subscription"}}}
{"System":{"Provider":{"Name":"Microsoft-Windows-TaskScheduler","Guid":"{DE7B24EA-73C8-4A09-985D-5BDADCFA9017}"},"EventID":129,"Version":0,"Level":4,"Task":129,"Opcode":0,"Keywords":"0x8000000000000000","TimeCreated":"2023-12-08T15:08:52.437340000Z","EventRecordID":4502,"Correlation":{},"Execution":{"ProcessID":1016,"ThreadID":2580},"Channel":"Microsoft-Windows-TaskScheduler/Operational","Computer":"meereen.essos.local","UserID":"S-1-5-18"},"EventData":{"TaskName":"\\GoogleUpdateTaskMachineUA{E8794AD3-5DC4-47BC-AB3A-D97DF24F8916}","Priority":"16384","Path":"C:\\Program Files (x86)\\Google\\Update\\GoogleUpdate.exe","ProcessID":"5992"},"OpenWEC":{"IpAddress":"10.202.0.93","TimeReceived":"2023-12-08T15:43:50.738207438+00:00","Principal":"MEEREEN$@ESSOS.LOCAL","Subscription":{"Uuid":"CB04741B-9072-4E2D-B769-3570FA020BBD","Version":"6E053E8A-FE0D-45A0-A863-C501EEDB4011","Name":"anssi-subscription"}}}
{"System":{"Provider":{"Name":"Microsoft-Windows-TaskScheduler","Guid":"{DE7B24EA-73C8-4A09-985D-5BDADCFA9017}"},"EventID":100,"Version":0,"Level":4,"Task":100,"Opcode":1,"Keywords":"0x8000000000000001","TimeCreated":"2023-12-08T15:08:52.437468300Z","EventRecordID":4503,"Correlation":{"ActivityID":"{AFE33ECC-50BA-45D9-B119-E26E5353CD98}"},"Execution":{"ProcessID":1016,"ThreadID":2580},"Channel":"Microsoft-Windows-TaskScheduler/Operational","Computer":"meereen.essos.local","UserID":"S-1-5-18"},"EventData":{"TaskName":"\\GoogleUpdateTaskMachineUA{E8794AD3-5DC4-47BC-AB3A-D97DF24F8916}","UserContext":"NT AUTHORITY\\SYSTEM","InstanceId":"{AFE33ECC-50BA-45D9-B119-E26E5353CD98}"},"OpenWEC":{"IpAddress":"10.202.0.93","TimeReceived":"2023-12-08T15:43:50.738207438+00:00","Principal":"MEEREEN$@ESSOS.LOCAL","Subscription":{"Uuid":"CB04741B-9072-4E2D-B769-3570FA020BBD","Version":"6E053E8A-FE0D-45A0-A863-C501EEDB4011","Name":"anssi-subscription"}}}
{"System":{"Provider":{"Name":"Microsoft-Windows-TaskScheduler","Guid":"{DE7B24EA-73C8-4A09-985D-5BDADCFA9017}"},"EventID":200,"Version":1,"Level":4,"Task":200,"Opcode":1,"Keywords":"0x8000000000000000","TimeCreated":"2023-12-08T15:08:52.437469000Z","EventRecordID":4504,"Correlation":{"ActivityID":"{AFE33ECC-50BA-45D9-B119-E26E5353CD98}"},"Execution":{"ProcessID":1016,"ThreadID":2580},"Channel":"Microsoft-Windows-TaskScheduler/Operational","Computer":"meereen.essos.local","UserID":"S-1-5-18"},"EventData":{"EnginePID":"5992","TaskName":"\\GoogleUpdateTaskMachineUA{E8794AD3-5DC4-47BC-AB3A-D97DF24F8916}","TaskInstanceId":"{AFE33ECC-50BA-45D9-B119-E26E5353CD98}","ActionName":"C:\\Program Files (x86)\\Google\\Update\\GoogleUpdate.exe"},"OpenWEC":{"IpAddress":"10.202.0.93","TimeReceived":"2023-12-08T15:43:50.738207438+00:00","Principal":"MEEREEN$@ESSOS.LOCAL","Subscription":{"Uuid":"CB04741B-9072-4E2D-B769-3570FA020BBD","Version":"6E053E8A-FE0D-45A0-A863-C501EEDB4011","Name":"anssi-subscription"}}}
{"System":{"Provider":{"Name":"Microsoft-Windows-TaskScheduler","Guid":"{DE7B24EA-73C8-4A09-985D-5BDADCFA9017}"},"EventID":129,"Version":0,"Level":4,"Task":129,"Opcode":0,"Keywords":"0x8000000000000000","TimeCreated":"2023-12-08T15:08:52.438726800Z","EventRecordID":4505,"Correlation":{},"Execution":{"ProcessID":1016,"ThreadID":4616},"Channel":"Microsoft-Windows-TaskScheduler/Operational","Computer":"meereen.essos.local","UserID":"S-1-5-18"},"EventData":{"ProcessID":"5820","Priority":"16384","TaskName":"\\Microsoft\\Windows\\Application Experience\\Microsoft Compatibility Appraiser","Path":"%windir%\\system32\\compattelrunner.exe"},"OpenWEC":{"IpAddress":"10.202.0.93","TimeReceived":"2023-12-08T15:43:50.738207438+00:00","Principal":"MEEREEN$@ESSOS.LOCAL","Subscription":{"Uuid":"CB04741B-9072-4E2D-B769-3570FA020BBD","Version":"6E053E8A-FE0D-45A0-A863-C501EEDB4011","Name":"anssi-subscription"}}}
{"System":{"Provider":{"Name":"Microsoft-Windows-TaskScheduler","Guid":"{DE7B24EA-73C8-4A09-985D-5BDADCFA9017}"},"EventID":129,"Version":0,"Level":4,"Task":129,"Opcode":0,"Keywords":"0x8000000000000000","TimeCreated":"2023-12-08T15:08:52.439326300Z","EventRecordID":4507,"Correlation":{},"Execution":{"ProcessID":1016,"ThreadID":5864},"Channel":"Microsoft-Windows-TaskScheduler/Operational","Computer":"meereen.essos.local","UserID":"S-1-5-18"},"EventData":{"Path":"%windir%\\system32\\wermgr.exe","TaskName":"\\Microsoft\\Windows\\Windows Error Reporting\\QueueReporting","Priority":"16384","ProcessID":"4128"},"OpenWEC":{"IpAddress":"10.202.0.93","TimeReceived":"2023-12-08T15:43:50.738207438+00:00","Principal":"MEEREEN$@ESSOS.LOCAL","Subscription":{"Uuid":"CB04741B-9072-4E2D-B769-3570FA020BBD","Version":"6E053E8A-FE0D-45A0-A863-C501EEDB4011","Name":"anssi-subscription"}}}
{"System":{"Provider":{"Name":"Microsoft-Windows-TaskScheduler","Guid":"{DE7B24EA-73C8-4A09-985D-5BDADCFA9017}"},"EventID":129,"Version":0,"Level":4,"Task":129,"Opcode":0,"Keywords":"0x8000000000000000","TimeCreated":"2023-12-08T15:08:52.439973000Z","EventRecordID":4508,"Correlation":{},"Execution":{"ProcessID":1016,"ThreadID":1800},"Channel":"Microsoft-Windows-TaskScheduler/Operational","Computer":"meereen.essos.local","UserID":"S-1-5-18"},"EventData":{"Priority":"16384","ProcessID":"1044","Path":"C:\\Windows\\system32\\msfeedssync.exe","TaskName":"\\User_Feed_Synchronization-{CDCD1ED3-12CE-4ACE-A495-61B2568CDF88}"},"OpenWEC":{"IpAddress":"10.202.0.93","TimeReceived":"2023-12-08T15:43:50.738207438+00:00","Principal":"MEEREEN$@ESSOS.LOCAL","Subscription":{"Uuid":"CB04741B-9072-4E2D-B769-3570FA020BBD","Version":"6E053E8A-FE0D-45A0-A863-C501EEDB4011","Name":"anssi-subscription"}}}
{"System":{"Provider":{"Name":"Microsoft-Windows-TaskScheduler","Guid":"{DE7B24EA-73C8-4A09-985D-5BDADCFA9017}"},"EventID":100,"Version":0,"Level":4,"Task":100,"Opcode":1,"Keywords":"0x8000000000000001","TimeCreated":"2023-12-08T15:08:52.442000100Z","EventRecordID":4509,"Correlation":{"ActivityID":"{8A07CBF6-DBDA-4961-8E7E-3BF58FC699A0}"},"Execution":{"ProcessID":1016,"ThreadID":4616},"Channel":"Microsoft-Windows-TaskScheduler/Operational","Computer":"meereen.essos.local","UserID":"S-1-5-18"},"EventData":{"TaskName":"\\Microsoft\\Windows\\Application Experience\\Microsoft Compatibility Appraiser","InstanceId":"{8A07CBF6-DBDA-4961-8E7E-3BF58FC699A0}","UserContext":"NT AUTHORITY\\SYSTEM"},"OpenWEC":{"IpAddress":"10.202.0.93","TimeReceived":"2023-12-08T15:43:50.738207438+00:00","Principal":"MEEREEN$@ESSOS.LOCAL","Subscription":{"Uuid":"CB04741B-9072-4E2D-B769-3570FA020BBD","Version":"6E053E8A-FE0D-45A0-A863-C501EEDB4011","Name":"anssi-subscription"}}}
{"System":{"Provider":{"Name":"Microsoft-Windows-TaskScheduler","Guid":"{DE7B24EA-73C8-4A09-985D-5BDADCFA9017}"},"EventID":200,"Version":1,"Level":4,"Task":200,"Opcode":1,"Keywords":"0x8000000000000000","TimeCreated":"2023-12-08T15:08:52.442001200Z","EventRecordID":4510,"Correlation":{"ActivityID":"{8A07CBF6-DBDA-4961-8E7E-3BF58FC699A0}"},"Execution":{"ProcessID":1016,"ThreadID":4616},"Channel":"Microsoft-Windows-TaskScheduler/Operational","Computer":"meereen.essos.local","UserID":"S-1-5-18"},"EventData":{"TaskInstanceId":"{8A07CBF6-DBDA-4961-8E7E-3BF58FC699A0}","ActionName":"%windir%\\system32\\compattelrunner.exe","TaskName":"\\Microsoft\\Windows\\Application Experience\\Microsoft Compatibility Appraiser","EnginePID":"5820"},"OpenWEC":{"IpAddress":"10.202.0.93","TimeReceived":"2023-12-08T15:43:50.738207438+00:00","Principal":"MEEREEN$@ESSOS.LOCAL","Subscription":{"Uuid":"CB04741B-9072-4E2D-B769-3570FA020BBD","Version":"6E053E8A-FE0D-45A0-A863-C501EEDB4011","Name":"anssi-subscription"}}}
{"System":{"Provider":{"Name":"Microsoft-Windows-TaskScheduler","Guid":"{DE7B24EA-73C8-4A09-985D-5BDADCFA9017}"},"EventID":100,"Version":0,"Level":4,"Task":100,"Opcode":1,"Keywords":"0x8000000000000001","TimeCreated":"2023-12-08T15:08:52.442312900Z","EventRecordID":4511,"Correlation":{"ActivityID":"{64C7DDAC-849E-4A91-A0B8-0D6AE33B931C}"},"Execution":{"ProcessID":1016,"ThreadID":5864},"Channel":"Microsoft-Windows-TaskScheduler/Operational","Computer":"meereen.essos.local","UserID":"S-1-5-18"},"EventData":{"TaskName":"\\Microsoft\\Windows\\Windows Error Reporting\\QueueReporting","UserContext":"NT AUTHORITY\\SYSTEM","InstanceId":"{64C7DDAC-849E-4A91-A0B8-0D6AE33B931C}"},"OpenWEC":{"IpAddress":"10.202.0.93","TimeReceived":"2023-12-08T15:43:50.738207438+00:00","Principal":"MEEREEN$@ESSOS.LOCAL","Subscription":{"Uuid":"CB04741B-9072-4E2D-B769-3570FA020BBD","Version":"6E053E8A-FE0D-45A0-A863-C501EEDB4011","Name":"anssi-subscription"}}}
{"System":{"Provider":{"Name":"Microsoft-Windows-TaskScheduler","Guid":"{DE7B24EA-73C8-4A09-985D-5BDADCFA9017}"},"EventID":200,"Version":1,"Level":4,"Task":200,"Opcode":1,"Keywords":"0x8000000000000000","TimeCreated":"2023-12-08T15:08:52.442314000Z","EventRecordID":4512,"Correlation":{"ActivityID":"{64C7DDAC-849E-4A91-A0B8-0D6AE33B931C}"},"Execution":{"ProcessID":1016,"ThreadID":5864},"Channel":"Microsoft-Windows-TaskScheduler/Operational","Computer":"meereen.essos.local","UserID":"S-1-5-18"},"EventData":{"TaskName":"\\Microsoft\\Windows\\Windows Error Reporting\\QueueReporting","ActionName":"%windir%\\system32\\wermgr.exe","EnginePID":"4128","TaskInstanceId":"{64C7DDAC-849E-4A91-A0B8-0D6AE33B931C}"},"OpenWEC":{"IpAddress":"10.202.0.93","TimeReceived":"2023-12-08T15:43:50.738207438+00:00","Principal":"MEEREEN$@ESSOS.LOCAL","Subscription":{"Uuid":"CB04741B-9072-4E2D-B769-3570FA020BBD","Version":"6E053E8A-FE0D-45A0-A863-C501EEDB4011","Name":"anssi-subscription"}}}
{"System":{"Provider":{"Name":"Microsoft-Windows-TaskScheduler","Guid":"{DE7B24EA-73C8-4A09-985D-5BDADCFA9017}"},"EventID":100,"Version":0,"Level":4,"Task":100,"Opcode":1,"Keywords":"0x8000000000000001","TimeCreated":"2023-12-08T15:08:52.442592500Z","EventRecordID":4513,"Correlation":{"ActivityID":"{C63F0423-9060-442A-86B9-F04008F991F1}"},"Execution":{"ProcessID":1016,"ThreadID":1800},"Channel":"Microsoft-Windows-TaskScheduler/Operational","Computer":"meereen.essos.local","UserID":"S-1-5-18"},"EventData":{"InstanceId":"{C63F0423-9060-442A-86B9-F04008F991F1}","UserContext":"ESSOS\\vagrant","TaskName":"\\User_Feed_Synchronization-{CDCD1ED3-12CE-4ACE-A495-61B2568CDF88}"},"OpenWEC":{"IpAddress":"10.202.0.93","TimeReceived":"2023-12-08T15:43:50.738207438+00:00","Principal":"MEEREEN$@ESSOS.LOCAL","Subscription":{"Uuid":"CB04741B-9072-4E2D-B769-3570FA020BBD","Version":"6E053E8A-FE0D-45A0-A863-C501EEDB4011","Name":"anssi-subscription"}}}
{"System":{"Provider":{"Name":"Microsoft-Windows-TaskScheduler","Guid":"{DE7B24EA-73C8-4A09-985D-5BDADCFA9017}"},"EventID":200,"Version":1,"Level":4,"Task":200,"Opcode":1,"Keywords":"0x8000000000000000","TimeCreated":"2023-12-08T15:08:52.442594000Z","EventRecordID":4514,"Correlation":{"ActivityID":"{C63F0423-9060-442A-86B9-F04008F991F1}"},"Execution":{"ProcessID":1016,"ThreadID":1800},"Channel":"Microsoft-Windows-TaskScheduler/Operational","Computer":"meereen.essos.local","UserID":"S-1-5-18"},"EventData":{"TaskName":"\\User_Feed_Synchronization-{CDCD1ED3-12CE-4ACE-A495-61B2568CDF88}","ActionName":"C:\\Windows\\system32\\msfeedssync.exe","EnginePID":"1044","TaskInstanceId":"{C63F0423-9060-442A-86B9-F04008F991F1}"},"OpenWEC":{"IpAddress":"10.202.0.93","TimeReceived":"2023-12-08T15:43:50.738207438+00:00","Principal":"MEEREEN$@ESSOS.LOCAL","Subscription":{"Uuid":"CB04741B-9072-4E2D-B769-3570FA020BBD","Version":"6E053E8A-FE0D-45A0-A863-C501EEDB4011","Name":"anssi-subscription"}}}
{"System":{"Provider":{"Name":"Microsoft-Windows-Security-Auditing","Guid":"{54849625-5478-4994-A5BA-3E3B0328C30D}"},"EventID":4688,"Version":2,"Level":0,"Task":13312,"Opcode":0,"Keywords":"0x8020000000000000","TimeCreated":"2023-12-08T15:08:52.444243100Z","EventRecordID":108126,"Correlation":{},"Execution":{"ProcessID":4,"ThreadID":3184},"Channel":"Security","Computer":"meereen.essos.local"},"EventData":{"MandatoryLabel":"S-1-16-8192","TargetUserName":"vagrant","TargetDomainName":"ESSOS","NewProcessName":"C:\\Windows\\System32\\taskhostw.exe","ParentProcessName":"C:\\Windows\\System32\\svchost.exe","SubjectLogonId":"0x3e7","SubjectUserName":"MEEREEN$","NewProcessId":"0x2c0","CommandLine":"","TargetUserSid":"S-1-5-21-1062305140-3742494866-1959299801-1000","ProcessId":"0x3f8","TargetLogonId":"0x4cea8","SubjectUserSid":"S-1-5-18","SubjectDomainName":"ESSOS","TokenElevationType":"%%1938"},"OpenWEC":{"IpAddress":"10.202.0.93","TimeReceived":"2023-12-08T15:43:50.738207438+00:00","Principal":"MEEREEN$@ESSOS.LOCAL","Subscription":{"Uuid":"CB04741B-9072-4E2D-B769-3570FA020BBD","Version":"6E053E8A-FE0D-45A0-A863-C501EEDB4011","Name":"anssi-subscription"}}}
{"System":{"Provider":{"Name":"Microsoft-Windows-Security-Auditing","Guid":"{54849625-5478-4994-A5BA-3E3B0328C30D}"},"EventID":4688,"Version":2,"Level":0,"Task":13312,"Opcode":0,"Keywords":"0x8020000000000000","TimeCreated":"2023-12-08T15:08:52.449966800Z","EventRecordID":108127,"Correlation":{},"Execution":{"ProcessID":4,"ThreadID":3184},"Channel":"Security","Computer":"meereen.essos.local"},"EventData":{"TargetUserName":"-","SubjectDomainName":"ESSOS","SubjectLogonId":"0x3e7","ParentProcessName":"C:\\Windows\\System32\\CompatTelRunner.exe","CommandLine":"","NewProcessId":"0x17ec","MandatoryLabel":"S-1-16-16384","ProcessId":"0x16bc","TargetDomainName":"-","SubjectUserName":"MEEREEN$","TargetUserSid":"S-1-0-0","SubjectUserSid":"S-1-5-18","TargetLogonId":"0x0","TokenElevationType":"%%1936","NewProcessName":"C:\\Windows\\System32\\conhost.exe"},"OpenWEC":{"IpAddress":"10.202.0.93","TimeReceived":"2023-12-08T15:43:50.738207438+00:00","Principal":"MEEREEN$@ESSOS.LOCAL","Subscription":{"Uuid":"CB04741B-9072-4E2D-B769-3570FA020BBD","Version":"6E053E8A-FE0D-45A0-A863-C501EEDB4011","Name":"anssi-subscription"}}}
{"System":{"Provider":{"Name":"Microsoft-Windows-TaskScheduler","Guid":"{DE7B24EA-73C8-4A09-985D-5BDADCFA9017}"},"EventID":129,"Version":0,"Level":4,"Task":129,"Opcode":0,"Keywords":"0x8000000000000000","TimeCreated":"2023-12-08T15:08:52.450254500Z","EventRecordID":4515,"Correlation":{},"Execution":{"ProcessID":1016,"ThreadID":1820},"Channel":"Microsoft-Windows-TaskScheduler/Operational","Computer":"meereen.essos.local","UserID":"S-1-5-18"},"EventData":{"TaskName":"\\Microsoft\\Windows\\Customer Experience Improvement Program\\Consolidator","Path":"%SystemRoot%\\System32\\wsqmcons.exe","ProcessID":"2836","Priority":"16384"},"OpenWEC":{"IpAddress":"10.202.0.93","TimeReceived":"2023-12-08T15:43:50.738207438+00:00","Principal":"MEEREEN$@ESSOS.LOCAL","Subscription":{"Uuid":"CB04741B-9072-4E2D-B769-3570FA020BBD","Version":"6E053E8A-FE0D-45A0-A863-C501EEDB4011","Name":"anssi-subscription"}}}
{"System":{"Provider":{"Name":"Microsoft-Windows-TaskScheduler","Guid":"{DE7B24EA-73C8-4A09-985D-5BDADCFA9017}"},"EventID":100,"Version":0,"Level":4,"Task":100,"Opcode":1,"Keywords":"0x8000000000000001","TimeCreated":"2023-12-08T15:08:52.450766200Z","EventRecordID":4516,"Correlation":{"ActivityID":"{5E2BC14E-ED5F-4960-8CAF-00791C5F7FC9}"},"Execution":{"ProcessID":1016,"ThreadID":1820},"Channel":"Microsoft-Windows-TaskScheduler/Operational","Computer":"meereen.essos.local","UserID":"S-1-5-18"},"EventData":{"InstanceId":"{5E2BC14E-ED5F-4960-8CAF-00791C5F7FC9}","TaskName":"\\Microsoft\\Windows\\Customer Experience Improvement Program\\Consolidator","UserContext":"NT AUTHORITY\\SYSTEM"},"OpenWEC":{"IpAddress":"10.202.0.93","TimeReceived":"2023-12-08T15:43:50.738207438+00:00","Principal":"MEEREEN$@ESSOS.LOCAL","Subscription":{"Uuid":"CB04741B-9072-4E2D-B769-3570FA020BBD","Version":"6E053E8A-FE0D-45A0-A863-C501EEDB4011","Name":"anssi-subscription"}}}
{"System":{"Provider":{"Name":"Microsoft-Windows-TaskScheduler","Guid":"{DE7B24EA-73C8-4A09-985D-5BDADCFA9017}"},"EventID":200,"Version":1,"Level":4,"Task":200,"Opcode":1,"Keywords":"0x8000000000000000","TimeCreated":"2023-12-08T15:08:52.450767200Z","EventRecordID":4517,"Correlation":{"ActivityID":"{5E2BC14E-ED5F-4960-8CAF-00791C5F7FC9}"},"Execution":{"ProcessID":1016,"ThreadID":1820},"Channel":"Microsoft-Windows-TaskScheduler/Operational","Computer":"meereen.essos.local","UserID":"S-1-5-18"},"EventData":{"TaskInstanceId":"{5E2BC14E-ED5F-4960-8CAF-00791C5F7FC9}","EnginePID":"2836","TaskName":"\\Microsoft\\Windows\\Customer Experience Improvement Program\\Consolidator","ActionName":"%SystemRoot%\\System32\\wsqmcons.exe"},"OpenWEC":{"IpAddress":"10.202.0.93","TimeReceived":"2023-12-08T15:43:50.738207438+00:00","Principal":"MEEREEN$@ESSOS.LOCAL","Subscription":{"Uuid":"CB04741B-9072-4E2D-B769-3570FA020BBD","Version":"6E053E8A-FE0D-45A0-A863-C501EEDB4011","Name":"anssi-subscription"}}}
