{"System":{"Provider":{"Name":"Microsoft-Windows-Security-Auditing","Guid":"{54849625-5478-4994-A5BA-3E3B0328C30D}"},"EventID":4624,"Version":2,"Level":0,"Task":12544,"Opcode":0,"Keywords":"0x8020000000000000","TimeCreated":"2023-12-08T15:46:27.527536600Z","EventRecordID":113934,"Correlation":{},"Execution":{"ProcessID":588,"ThreadID":1980},"Channel":"Security","Computer":"meereen.essos.local"},"EventData":{"LmPackageName":"-","TargetLogonId":"0x5cae45","TargetUserSid":"S-1-5-18","TransmittedServices":"-","ProcessName":"-","IpPort":"49990","SubjectUserSid":"S-1-0-0","LogonProcessName":"Kerberos","LogonGuid":"{4DAE89EC-640B-593C-8935-87CC0FE7DECD}","WorkstationName":"-","ImpersonationLevel":"%%1833","RestrictedAdminMode":"-","TargetOutboundUserName":"-","TargetOutboundDomainName":"-","SubjectUserName":"-","TargetLinkedLogonId":"0x0","LogonType":"3","AuthenticationPackageName":"Kerberos","SubjectLogonId":"0x0","ElevatedToken":"%%1842","VirtualAccount":"%%1843","ProcessId":"0x0","TargetDomainName":"ESSOS.LOCAL","SubjectDomainName":"-","TargetUserName":"MEEREEN$","KeyLength":"0","IpAddress":"::1"},"OpenWEC":{"IpAddress":"10.202.0.93","TimeReceived":"2023-12-08T15:47:58.412109625+00:00","Principal":"MEEREEN$@ESSOS.LOCAL","Subscription":{"Uuid":"CB04741B-9072-4E2D-B769-3570FA020BBD","Version":"6E053E8A-FE0D-45A0-A863-C501EEDB4011","Name":"anssi-subscription"}}}
{"System":{"Provider":{"Name":"Microsoft-Windows-WinRM","Guid":"{A7975C8F-AC13-49F1-87DA-5A984A4AB417}"},"EventID":163,"Version":0,"Level":2,"Task":7,"Opcode":0,"Keywords":"0x400000000000000a","TimeCreated":"2023-12-08T15:46:58.573313300Z","EventRecordID":5221,"Correlation":{"ActivityID":"{833290A8-29FD-0001-DAB5-3283FD29DA01}"},"Execution":{"ProcessID":1100,"ThreadID":1588},"Channel":"Microsoft-Windows-WinRM/Operational","Computer":"meereen.essos.local","UserID":"S-1-5-20"},"EventData":{"authServer4":" ","authClient":"Kerberos","authServer5":" ","authServer1":" ","authServer2":" ","authServer3":" "},"OpenWEC":{"IpAddress":"10.202.0.93","TimeReceived":"2023-12-08T15:47:58.460453331+00:00","Principal":"MEEREEN$@ESSOS.LOCAL","Subscription":{"Uuid":"CB04741B-9072-4E2D-B769-3570FA020BBD","Version":"6E053E8A-FE0D-45A0-A863-C501EEDB4011","Name":"anssi-subscription"}}}
{"System":{"Provider":{"Name":"Microsoft-Windows-Security-Auditing","Guid":"{54849625-5478-4994-A5BA-3E3B0328C30D}"},"EventID":4624,"Version":2,"Level":0,"Task":12544,"Opcode":0,"Keywords":"0x8020000000000000","TimeCreated":"2023-12-08T15:47:27.557529800Z","EventRecordID":113969,"Correlation":{},"Execution":{"ProcessID":588,"ThreadID":1980},"Channel":"Security","Computer":"meereen.essos.local"},"EventData":{"TargetOutboundUserName":"-","VirtualAccount":"%%1843","TargetLinkedLogonId":"0x0","LogonProcessName":"Kerberos","AuthenticationPackageName":"Kerberos","ImpersonationLevel":"%%1833","TargetDomainName":"ESSOS.LOCAL","SubjectLogonId":"0x0","LogonGuid":"{4DAE89EC-640B-593C-8935-87CC0FE7DECD}","TransmittedServices":"-","LmPackageName":"-","TargetOutboundDomainName":"-","IpPort":"50021","ElevatedToken":"%%1842","SubjectUserSid":"S-1-0-0","SubjectUserName":"-","TargetLogonId":"0x5d245f","KeyLength":"0","TargetUserSid":"S-1-5-18","LogonType":"3","TargetUserName":"MEEREEN$","WorkstationName":"-","ProcessId":"0x0","ProcessName":"-","IpAddress":"::1","SubjectDomainName":"-","RestrictedAdminMode":"-"},"OpenWEC":{"IpAddress":"10.202.0.93","TimeReceived":"2023-12-08T15:47:58.460453331+00:00","Principal":"MEEREEN$@ESSOS.LOCAL","Subscription":{"Uuid":"CB04741B-9072-4E2D-B769-3570FA020BBD","Version":"6E053E8A-FE0D-45A0-A863-C501EEDB4011","Name":"anssi-subscription"}}}
{"System":{"Provider":{"Name":"Microsoft-Windows-Security-Auditing","Guid":"{54849625-5478-4994-A5BA-3E3B0328C30D}"},"EventID":4624,"Version":2,"Level":0,"Task":12544,"Opcode":0,"Keywords":"0x8020000000000000","TimeCreated":"2023-12-08T15:48:27.572742800Z","EventRecordID":113972,"Correlation":{},"Execution":{"ProcessID":588,"ThreadID":1980},"Channel":"Security","Computer":"meereen.essos.local"},"EventData":{"KeyLength":"0","ProcessId":"0x0","ProcessName":"-","TargetUserSid":"S-1-5-18","TargetUserName":"MEEREEN$","WorkstationName":"-","ImpersonationLevel":"%%1833","RestrictedAdminMode":"-","VirtualAccount":"%%1843","SubjectLogonId":"0x0","IpAddress":"::1","TargetLinkedLogonId":"0x0","TransmittedServices":"-","SubjectDomainName":"-","AuthenticationPackageName":"Kerberos","TargetLogonId":"0x5d998e","LogonType":"3","LogonGuid":"{4DAE89EC-640B-593C-8935-87CC0FE7DECD}","LogonProcessName":"Kerberos","SubjectUserSid":"S-1-0-0","LmPackageName":"-","TargetOutboundUserName":"-","TargetDomainName":"ESSOS.LOCAL","TargetOutboundDomainName":"-","SubjectUserName":"-","IpPort":"50053","ElevatedToken":"%%1842"},"OpenWEC":{"IpAddress":"10.202.0.93","TimeReceived":"2023-12-08T15:48:58.411655016+00:00","Principal":"MEEREEN$@ESSOS.LOCAL","Subscription":{"Uuid":"CB04741B-9072-4E2D-B769-3570FA020BBD","Version":"6E053E8A-FE0D-45A0-A863-C501EEDB4011","Name":"anssi-subscription"}}}
{"System":{"Provider":{"Name":"Microsoft-Windows-Security-Auditing","Guid":"{54849625-5478-4994-A5BA-3E3B0328C30D}"},"EventID":4624,"Version":2,"Level":0,"Task":12544,"Opcode":0,"Keywords":"0x8020000000000000","TimeCreated":"2023-12-08T15:48:45.792009700Z","EventRecordID":113975,"Correlation":{"ActivityID":"{833290A8-29FD-0001-F190-3283FD29DA01}"},"Execution":{"ProcessID":588,"ThreadID":628},"Channel":"Security","Computer":"meereen.essos.local"},"EventData":{"AuthenticationPackageName":"Kerberos","TargetLinkedLogonId":"0x0","SubjectUserName":"-","TargetDomainName":"ESSOS.LOCAL","LogonType":"3","RestrictedAdminMode":"-","TargetOutboundUserName":"-","ProcessName":"-","LogonGuid":"{3AAC347E-688E-87C2-7236-4CC07166564B}","SubjectUserSid":"S-1-0-0","ProcessId":"0x0","WorkstationName":"-","TargetLogonId":"0x5dc246","KeyLength":"0","ImpersonationLevel":"%%1840","TargetOutboundDomainName":"-","ElevatedToken":"%%1842","SubjectLogonId":"0x0","LogonProcessName":"Kerberos","TransmittedServices":"-","IpAddress":"fe80::3076:9c8f:3acb:98de","TargetUserSid":"S-1-5-18","TargetUserName":"MEEREEN$","LmPackageName":"-","IpPort":"50063","SubjectDomainName":"-","VirtualAccount":"%%1843"},"OpenWEC":{"IpAddress":"10.202.0.93","TimeReceived":"2023-12-08T15:48:58.411655016+00:00","Principal":"MEEREEN$@ESSOS.LOCAL","Subscription":{"Uuid":"CB04741B-9072-4E2D-B769-3570FA020BBD","Version":"6E053E8A-FE0D-45A0-A863-C501EEDB4011","Name":"anssi-subscription"}}}
{"System":{"Provider":{"Name":"Microsoft-Windows-Security-Auditing","Guid":"{54849625-5478-4994-A5BA-3E3B0328C30D}"},"EventID":5140,"Version":1,"Level":0,"Task":12808,"Opcode":0,"Keywords":"0x8020000000000000","TimeCreated":"2023-12-08T15:48:45.792849200Z","EventRecordID":113977,"Correlation":{},"Execution":{"ProcessID":4,"ThreadID":160},"Channel":"Security","Computer":"meereen.essos.local"},"EventData":{"SubjectUserSid":"S-1-5-18","SubjectUserName":"MEEREEN$","ShareName":"\\\\*\\SYSVOL","ShareLocalPath":"\\??\\C:\\Windows\\SYSVOL\\sysvol","ObjectType":"File","AccessMask":"0x1","SubjectDomainName":"ESSOS","SubjectLogonId":"0x5dc246","IpAddress":"fe80::3076:9c8f:3acb:98de","IpPort":"50063","AccessList":"%%4416\n\t\t\t\t"},"OpenWEC":{"IpAddress":"10.202.0.93","TimeReceived":"2023-12-08T15:48:58.411655016+00:00","Principal":"MEEREEN$@ESSOS.LOCAL","Subscription":{"Uuid":"CB04741B-9072-4E2D-B769-3570FA020BBD","Version":"6E053E8A-FE0D-45A0-A863-C501EEDB4011","Name":"anssi-subscription"}}}
{"System":{"Provider":{"Name":"Microsoft-Windows-Security-Auditing","Guid":"{54849625-5478-4994-A5BA-3E3B0328C30D}"},"EventID":4624,"Version":2,"Level":0,"Task":12544,"Opcode":0,"Keywords":"0x8020000000000000","TimeCreated":"2023-12-08T15:49:27.587717400Z","EventRecordID":113993,"Correlation":{},"Execution":{"ProcessID":588,"ThreadID":1980},"Channel":"Security","Computer":"meereen.essos.local"},"EventData":{"SubjectUserName":"-","LogonType":"3","TargetDomainName":"ESSOS.LOCAL","SubjectLogonId":"0x0","SubjectUserSid":"S-1-0-0","AuthenticationPackageName":"Kerberos","LmPackageName":"-","IpPort":"50083","ProcessId":"0x0","ImpersonationLevel":"%%1833","TargetOutboundUserName":"-","TargetOutboundDomainName":"-","KeyLength":"0","TargetLinkedLogonId":"0x0","TargetUserSid":"S-1-5-18","RestrictedAdminMode":"-","TransmittedServices":"-","IpAddress":"::1","SubjectDomainName":"-","TargetUserName":"MEEREEN$","ProcessName":"-","LogonProcessName":"Kerberos","VirtualAccount":"%%1843","ElevatedToken":"%%1842","LogonGuid":"{4DAE89EC-640B-593C-8935-87CC0FE7DECD}","WorkstationName":"-","TargetLogonId":"0x5e12e3"},"OpenWEC":{"IpAddress":"10.202.0.93","TimeReceived":"2023-12-08T15:49:57.707350540+00:00","Principal":"MEEREEN$@ESSOS.LOCAL","Subscription":{"Uuid":"CB04741B-9072-4E2D-B769-3570FA020BBD","Version":"6E053E8A-FE0D-45A0-A863-C501EEDB4011","Name":"anssi-subscription"}}}
{"System":{"Provider":{"Name":"Microsoft-Windows-Security-Auditing","Guid":"{54849625-5478-4994-A5BA-3E3B0328C30D}"},"EventID":4624,"Version":2,"Level":0,"Task":12544,"Opcode":0,"Keywords":"0x8020000000000000","TimeCreated":"2023-12-08T15:49:31.872182700Z","EventRecordID":113996,"Correlation":{},"Execution":{"ProcessID":588,"ThreadID":2248},"Channel":"Security","Computer":"meereen.essos.local"},"EventData":{"TransmittedServices":"-","SubjectDomainName":"-","IpPort":"50087","TargetUserName":"MEEREEN$","ImpersonationLevel":"%%1833","SubjectLogonId":"0x0","TargetOutboundDomainName":"-","VirtualAccount":"%%1843","ElevatedToken":"%%1842","IpAddress":"fe80::3076:9c8f:3acb:98de","LmPackageName":"-","LogonGuid":"{6C3699F9-21BC-C044-F488-8345FDC7CD94}","WorkstationName":"-","ProcessId":"0x0","TargetDomainName":"ESSOS.LOCAL","RestrictedAdminMode":"-","TargetOutboundUserName":"-","TargetLinkedLogonId":"0x0","SubjectUserName":"-","ProcessName":"-","LogonType":"3","LogonProcessName":"Kerberos","AuthenticationPackageName":"Kerberos","TargetLogonId":"0x5e23ee","KeyLength":"0","TargetUserSid":"S-1-5-18","SubjectUserSid":"S-1-0-0"},"OpenWEC":{"IpAddress":"10.202.0.93","TimeReceived":"2023-12-08T15:49:57.707350540+00:00","Principal":"MEEREEN$@ESSOS.LOCAL","Subscription":{"Uuid":"CB04741B-9072-4E2D-B769-3570FA020BBD","Version":"6E053E8A-FE0D-45A0-A863-C501EEDB4011","Name":"anssi-subscription"}}}
{"System":{"Provider":{"Name":"Microsoft-Windows-Security-Auditing","Guid":"{54849625-5478-4994-A5BA-3E3B0328C30D}"},"EventID":4624,"Version":2,"Level":0,"Task":12544,"Opcode":0,"Keywords":"0x8020000000000000","TimeCreated":"2023-12-08T15:49:31.885276000Z","EventRecordID":113998,"Correlation":{"ActivityID":"{833290A8-29FD-0001-F190-3283FD29DA01}"},"Execution":{"ProcessID":588,"ThreadID":7140},"Channel":"Security","Computer":"meereen.essos.local"},"EventData":{"ImpersonationLevel":"%%1833","TargetOutboundDomainName":"-","TargetDomainName":"ESSOS.LOCAL","LogonType":"3","AuthenticationPackageName":"Kerberos","TransmittedServices":"-","SubjectUserName":"-","SubjectUserSid":"S-1-0-0","TargetUserName":"MEEREEN$","ProcessId":"0x0","WorkstationName":"-","SubjectLogonId":"0x0","LogonProcessName":"Kerberos","IpAddress":"::1","SubjectDomainName":"-","RestrictedAdminMode":"-","TargetOutboundUserName":"-","IpPort":"0","ElevatedToken":"%%1842","TargetLinkedLogonId":"0x0","VirtualAccount":"%%1843","TargetUserSid":"S-1-5-18","TargetLogonId":"0x5e24cd","ProcessName":"-","LogonGuid":"{6C3699F9-21BC-C044-F488-8345FDC7CD94}","KeyLength":"0","LmPackageName":"-"},"OpenWEC":{"IpAddress":"10.202.0.93","TimeReceived":"2023-12-08T15:49:57.707350540+00:00","Principal":"MEEREEN$@ESSOS.LOCAL","Subscription":{"Uuid":"CB04741B-9072-4E2D-B769-3570FA020BBD","Version":"6E053E8A-FE0D-45A0-A863-C501EEDB4011","Name":"anssi-subscription"}}}
{"System":{"Provider":{"Name":"Microsoft-Windows-Security-Auditing","Guid":"{54849625-5478-4994-A5BA-3E3B0328C30D}"},"EventID":4624,"Version":2,"Level":0,"Task":12544,"Opcode":0,"Keywords":"0x8020000000000000","TimeCreated":"2023-12-08T15:49:31.887331400Z","EventRecordID":114000,"Correlation":{},"Execution":{"ProcessID":588,"ThreadID":2248},"Channel":"Security","Computer":"meereen.essos.local"},"EventData":{"ImpersonationLevel":"%%1833","ProcessName":"-","IpAddress":"10.202.0.93","ProcessId":"0x0","TargetLogonId":"0x5e2510","LmPackageName":"-","VirtualAccount":"%%1843","AuthenticationPackageName":"Kerberos","TargetLinkedLogonId":"0x0","SubjectUserName":"-","TargetOutboundDomainName":"-","TargetOutboundUserName":"-","ElevatedToken":"%%1842","LogonProcessName":"Kerberos","SubjectLogonId":"0x0","TargetUserName":"MEEREEN$","LogonType":"3","WorkstationName":"-","TargetDomainName":"ESSOS.LOCAL","LogonGuid":"{6C3699F9-21BC-C044-F488-8345FDC7CD94}","SubjectDomainName":"-","IpPort":"50088","SubjectUserSid":"S-1-0-0","RestrictedAdminMode":"-","TargetUserSid":"S-1-5-18","TransmittedServices":"-","KeyLength":"0"},"OpenWEC":{"IpAddress":"10.202.0.93","TimeReceived":"2023-12-08T15:49:57.707350540+00:00","Principal":"MEEREEN$@ESSOS.LOCAL","Subscription":{"Uuid":"CB04741B-9072-4E2D-B769-3570FA020BBD","Version":"6E053E8A-FE0D-45A0-A863-C501EEDB4011","Name":"anssi-subscription"}}}
{"System":{"Provider":{"Name":"Microsoft-Windows-Security-Auditing","Guid":"{54849625-5478-4994-A5BA-3E3B0328C30D}"},"EventID":4624,"Version":2,"Level":0,"Task":12544,"Opcode":0,"Keywords":"0x8020000000000000","TimeCreated":"2023-12-08T15:49:31.982125000Z","EventRecordID":114002,"Correlation":{"ActivityID":"{833290A8-29FD-0001-F190-3283FD29DA01}"},"Execution":{"ProcessID":588,"ThreadID":7140},"Channel":"Security","Computer":"meereen.essos.local"},"EventData":{"SubjectUserSid":"S-1-0-0","ProcessId":"0x0","LogonProcessName":"Kerberos","TargetDomainName":"ESSOS.LOCAL","SubjectUserName":"-","AuthenticationPackageName":"Kerberos","ProcessName":"-","IpPort":"50089","TransmittedServices":"-","TargetLogonId":"0x5e2573","LogonType":"3","RestrictedAdminMode":"-","SubjectDomainName":"-","TargetUserName":"MEEREEN$","WorkstationName":"-","ImpersonationLevel":"%%1840","TargetOutboundDomainName":"-","VirtualAccount":"%%1843","SubjectLogonId":"0x0","KeyLength":"0","TargetLinkedLogonId":"0x0","TargetUserSid":"S-1-5-18","ElevatedToken":"%%1842","TargetOutboundUserName":"-","LogonGuid":"{6C3699F9-21BC-C044-F488-8345FDC7CD94}","LmPackageName":"-","IpAddress":"fe80::3076:9c8f:3acb:98de"},"OpenWEC":{"IpAddress":"10.202.0.93","TimeReceived":"2023-12-08T15:49:57.707350540+00:00","Principal":"MEEREEN$@ESSOS.LOCAL","Subscription":{"Uuid":"CB04741B-9072-4E2D-B769-3570FA020BBD","Version":"6E053E8A-FE0D-45A0-A863-C501EEDB4011","Name":"anssi-subscription"}}}
{"System":{"Provider":{"Name":"Microsoft-Windows-Security-Auditing","Guid":"{54849625-5478-4994-A5BA-3E3B0328C30D}"},"EventID":5140,"Version":1,"Level":0,"Task":12808,"Opcode":0,"Keywords":"0x8020000000000000","TimeCreated":"2023-12-08T15:49:31.982368300Z","EventRecordID":114003,"Correlation":{},"Execution":{"ProcessID":4,"ThreadID":4168},"Channel":"Security","Computer":"meereen.essos.local"},"EventData":{"ObjectType":"File","IpPort":"50089","SubjectUserName":"MEEREEN$","IpAddress":"fe80::3076:9c8f:3acb:98de","ShareName":"\\\\*\\SYSVOL","AccessMask":"0x1","SubjectDomainName":"ESSOS","SubjectUserSid":"S-1-5-18","SubjectLogonId":"0x5e2573","ShareLocalPath":"\\??\\C:\\Windows\\SYSVOL\\sysvol","AccessList":"%%4416\n\t\t\t\t"},"OpenWEC":{"IpAddress":"10.202.0.93","TimeReceived":"2023-12-08T15:49:57.707350540+00:00","Principal":"MEEREEN$@ESSOS.LOCAL","Subscription":{"Uuid":"CB04741B-9072-4E2D-B769-3570FA020BBD","Version":"6E053E8A-FE0D-45A0-A863-C501EEDB4011","Name":"anssi-subscription"}}}
{"System":{"Provider":{"Name":"Microsoft-Windows-Security-Auditing","Guid":"{54849625-5478-4994-A5BA-3E3B0328C30D}"},"EventID":4624,"Version":2,"Level":0,"Task":12544,"Opcode":0,"Keywords":"0x8020000000000000","TimeCreated":"2023-12-08T15:49:44.604404900Z","EventRecordID":114013,"Correlation":{},"Execution":{"ProcessID":588,"ThreadID":2248},"Channel":"Security","Computer":"meereen.essos.local"},"EventData":{"SubjectUserSid":"S-1-0-0","LmPackageName":"-","IpAddress":"fe80::3076:9c8f:3acb:98de","VirtualAccount":"%%1843","ProcessId":"0x0","TargetOutboundUserName":"-","TargetLinkedLogonId":"0x0","IpPort":"50099","RestrictedAdminMode":"-","WorkstationName":"-","LogonType":"3","LogonGuid":"{4DAE89EC-640B-593C-8935-87CC0FE7DECD}","ImpersonationLevel":"%%1833","TargetLogonId":"0x5e3e97","TargetUserName":"MEEREEN$","TargetOutboundDomainName":"-","SubjectUserName":"-","ElevatedToken":"%%1842","TargetUserSid":"S-1-5-18","SubjectDomainName":"-","KeyLength":"0","TransmittedServices":"-","ProcessName":"-","TargetDomainName":"ESSOS.LOCAL","LogonProcessName":"Kerberos","SubjectLogonId":"0x0","AuthenticationPackageName":"Kerberos"},"OpenWEC":{"IpAddress":"10.202.0.93","TimeReceived":"2023-12-08T15:49:57.707350540+00:00","Principal":"MEEREEN$@ESSOS.LOCAL","Subscription":{"Uuid":"CB04741B-9072-4E2D-B769-3570FA020BBD","Version":"6E053E8A-FE0D-45A0-A863-C501EEDB4011","Name":"anssi-subscription"}}}
{"System":{"Provider":{"Name":"Microsoft-Windows-Security-Auditing","Guid":"{54849625-5478-4994-A5BA-3E3B0328C30D}"},"EventID":4624,"Version":2,"Level":0,"Task":12544,"Opcode":0,"Keywords":"0x8020000000000000","TimeCreated":"2023-12-08T15:49:44.608610200Z","EventRecordID":114016,"Correlation":{},"Execution":{"ProcessID":588,"ThreadID":1980},"Channel":"Security","Computer":"meereen.essos.local"},"EventData":{"TargetDomainName":"ESSOS.LOCAL","TransmittedServices":"-","LogonGuid":"{4DAE89EC-640B-593C-8935-87CC0FE7DECD}","TargetLogonId":"0x5e3f00","SubjectUserSid":"S-1-0-0","LmPackageName":"-","IpAddress":"fe80::3076:9c8f:3acb:98de","TargetUserName":"MEEREEN$","LogonType":"3","LogonProcessName":"Kerberos","AuthenticationPackageName":"Kerberos","KeyLength":"0","SubjectUserName":"-","SubjectDomainName":"-","RestrictedAdminMode":"-","ImpersonationLevel":"%%1833","IpPort":"50100","TargetOutboundDomainName":"-","VirtualAccount":"%%1843","TargetLinkedLogonId":"0x0","TargetUserSid":"S-1-5-18","TargetOutboundUserName":"-","ProcessName":"-","ProcessId":"0x0","ElevatedToken":"%%1842","SubjectLogonId":"0x0","WorkstationName":"-"},"OpenWEC":{"IpAddress":"10.202.0.93","TimeReceived":"2023-12-08T15:49:57.707350540+00:00","Principal":"MEEREEN$@ESSOS.LOCAL","Subscription":{"Uuid":"CB04741B-9072-4E2D-B769-3570FA020BBD","Version":"6E053E8A-FE0D-45A0-A863-C501EEDB4011","Name":"anssi-subscription"}}}
{"System":{"Provider":{"Name":"Microsoft-Windows-Security-Auditing","Guid":"{54849625-5478-4994-A5BA-3E3B0328C30D}"},"EventID":4624,"Version":2,"Level":0,"Task":12544,"Opcode":0,"Keywords":"0x8020000000000000","TimeCreated":"2023-12-08T15:50:27.602893600Z","EventRecordID":114020,"Correlation":{},"Execution":{"ProcessID":588,"ThreadID":2248},"Channel":"Security","Computer":"meereen.essos.local"},"EventData":{"LogonGuid":"{4DAE89EC-640B-593C-8935-87CC0FE7DECD}","LogonProcessName":"Kerberos","SubjectLogonId":"0x0","KeyLength":"0","LogonType":"3","ProcessId":"0x0","ProcessName":"-","SubjectDomainName":"-","SubjectUserName":"-","SubjectUserSid":"S-1-0-0","IpAddress":"::1","TargetOutboundUserName":"-","TargetOutboundDomainName":"-","WorkstationName":"-","TargetLinkedLogonId":"0x0","ElevatedToken":"%%1842","TargetUserSid":"S-1-5-18","IpPort":"50123","AuthenticationPackageName":"Kerberos","TargetUserName":"MEEREEN$","TargetLogonId":"0x5e9219","TargetDomainName":"ESSOS.LOCAL","ImpersonationLevel":"%%1833","RestrictedAdminMode":"-","TransmittedServices":"-","LmPackageName":"-","VirtualAccount":"%%1843"},"OpenWEC":{"IpAddress":"10.202.0.93","TimeReceived":"2023-12-08T15:51:58.491503657+00:00","Principal":"MEEREEN$@ESSOS.LOCAL","Subscription":{"Uuid":"CB04741B-9072-4E2D-B769-3570FA020BBD","Version":"6E053E8A-FE0D-45A0-A863-C501EEDB4011","Name":"anssi-subscription"}}}
{"System":{"Provider":{"Name":"Microsoft-Windows-WinRM","Guid":"{A7975C8F-AC13-49F1-87DA-5A984A4AB417}"},"EventID":163,"Version":0,"Level":2,"Task":7,"Opcode":0,"Keywords":"0x400000000000000a","TimeCreated":"2023-12-08T15:50:58.649558500Z","EventRecordID":5235,"Correlation":{"ActivityID":"{833290A8-29FD-0000-37B0-3283FD29DA01}"},"Execution":{"ProcessID":1100,"ThreadID":1588},"Channel":"Microsoft-Windows-WinRM/Operational","Computer":"meereen.essos.local","UserID":"S-1-5-20"},"EventData":{"authClient":"Kerberos","authServer1":" ","authServer5":" ","authServer3":" ","authServer2":" ","authServer4":" "},"OpenWEC":{"IpAddress":"10.202.0.93","TimeReceived":"2023-12-08T15:51:58.579885434+00:00","Principal":"MEEREEN$@ESSOS.LOCAL","Subscription":{"Uuid":"CB04741B-9072-4E2D-B769-3570FA020BBD","Version":"6E053E8A-FE0D-45A0-A863-C501EEDB4011","Name":"anssi-subscription"}}}
{"System":{"Provider":{"Name":"Microsoft-Windows-Security-Auditing","Guid":"{54849625-5478-4994-A5BA-3E3B0328C30D}"},"EventID":4624,"Version":2,"Level":0,"Task":12544,"Opcode":0,"Keywords":"0x8020000000000000","TimeCreated":"2023-12-08T15:51:27.618160100Z","EventRecordID":114035,"Correlation":{},"Execution":{"ProcessID":588,"ThreadID":2248},"Channel":"Security","Computer":"meereen.essos.local"},"EventData":{"TargetUserSid":"S-1-5-18","TargetLogonId":"0x5f0b7e","TargetOutboundDomainName":"-","LogonProcessName":"Kerberos","TargetOutboundUserName":"-","RestrictedAdminMode":"-","IpPort":"50156","ElevatedToken":"%%1842","ImpersonationLevel":"%%1833","TargetUserName":"MEEREEN$","IpAddress":"::1","VirtualAccount":"%%1843","ProcessId":"0x0","TargetDomainName":"ESSOS.LOCAL","LogonGuid":"{4DAE89EC-640B-593C-8935-87CC0FE7DECD}","TargetLinkedLogonId":"0x0","KeyLength":"0","ProcessName":"-","LmPackageName":"-","SubjectUserSid":"S-1-0-0","LogonType":"3","WorkstationName":"-","SubjectLogonId":"0x0","AuthenticationPackageName":"Kerberos","TransmittedServices":"-","SubjectDomainName":"-","SubjectUserName":"-"},"OpenWEC":{"IpAddress":"10.202.0.93","TimeReceived":"2023-12-08T15:51:58.579885434+00:00","Principal":"MEEREEN$@ESSOS.LOCAL","Subscription":{"Uuid":"CB04741B-9072-4E2D-B769-3570FA020BBD","Version":"6E053E8A-FE0D-45A0-A863-C501EEDB4011","Name":"anssi-subscription"}}}
{"System":{"Provider":{"Name":"Microsoft-Windows-Security-Auditing","Guid":"{54849625-5478-4994-A5BA-3E3B0328C30D}"},"EventID":4624,"Version":2,"Level":0,"Task":12544,"Opcode":0,"Keywords":"0x8020000000000000","TimeCreated":"2023-12-08T15:52:27.618556500Z","EventRecordID":114053,"Correlation":{},"Execution":{"ProcessID":588,"ThreadID":2248},"Channel":"Security","Computer":"meereen.essos.local"},"EventData":{"TargetUserName":"MEEREEN$","VirtualAccount":"%%1843","TargetLinkedLogonId":"0x0","LogonGuid":"{4DAE89EC-640B-593C-8935-87CC0FE7DECD}","SubjectDomainName":"-","TransmittedServices":"-","LmPackageName":"-","TargetUserSid":"S-1-5-18","WorkstationName":"-","IpAddress":"::1","SubjectUserName":"-","AuthenticationPackageName":"Kerberos","ElevatedToken":"%%1842","TargetLogonId":"0x5f8451","SubjectLogonId":"0x0","IpPort":"50188","ProcessId":"0x0","ImpersonationLevel":"%%1833","TargetOutboundDomainName":"-","TargetOutboundUserName":"-","SubjectUserSid":"S-1-0-0","TargetDomainName":"ESSOS.LOCAL","LogonProcessName":"Kerberos","LogonType":"3","KeyLength":"0","RestrictedAdminMode":"-","ProcessName":"-"},"OpenWEC":{"IpAddress":"10.202.0.93","TimeReceived":"2023-12-08T15:52:58.474883526+00:00","Principal":"MEEREEN$@ESSOS.LOCAL","Subscription":{"Uuid":"CB04741B-9072-4E2D-B769-3570FA020BBD","Version":"6E053E8A-FE0D-45A0-A863-C501EEDB4011","Name":"anssi-subscription"}}}
{"System":{"Provider":{"Name":"Microsoft-Windows-Security-Auditing","Guid":"{54849625-5478-4994-A5BA-3E3B0328C30D}"},"EventID":4624,"Version":2,"Level":0,"Task":12544,"Opcode":0,"Keywords":"0x8020000000000000","TimeCreated":"2023-12-08T15:53:27.633861500Z","EventRecordID":114068,"Correlation":{},"Execution":{"ProcessID":588,"ThreadID":1980},"Channel":"Security","Computer":"meereen.essos.local"},"EventData":{"ProcessName":"-","TargetDomainName":"ESSOS.LOCAL","IpAddress":"::1","TargetUserSid":"S-1-5-18","TargetOutboundUserName":"-","TargetLogonId":"0x5ffa11","IpPort":"50217","SubjectUserSid":"S-1-0-0","AuthenticationPackageName":"Kerberos","VirtualAccount":"%%1843","LmPackageName":"-","TargetLinkedLogonId":"0x0","LogonProcessName":"Kerberos","ProcessId":"0x0","SubjectUserName":"-","SubjectLogonId":"0x0","TargetUserName":"MEEREEN$","LogonType":"3","LogonGuid":"{4DAE89EC-640B-593C-8935-87CC0FE7DECD}","SubjectDomainName":"-","KeyLength":"0","ImpersonationLevel":"%%1833","TransmittedServices":"-","RestrictedAdminMode":"-","TargetOutboundDomainName":"-","WorkstationName":"-","ElevatedToken":"%%1842"},"OpenWEC":{"IpAddress":"10.202.0.93","TimeReceived":"2023-12-08T15:53:57.788577660+00:00","Principal":"MEEREEN$@ESSOS.LOCAL","Subscription":{"Uuid":"CB04741B-9072-4E2D-B769-3570FA020BBD","Version":"6E053E8A-FE0D-45A0-A863-C501EEDB4011","Name":"anssi-subscription"}}}
{"System":{"Provider":{"Name":"Microsoft-Windows-Security-Auditing","Guid":"{54849625-5478-4994-A5BA-3E3B0328C30D}"},"EventID":4624,"Version":2,"Level":0,"Task":12544,"Opcode":0,"Keywords":"0x8020000000000000","TimeCreated":"2023-12-08T15:54:27.634667900Z","EventRecordID":114075,"Correlation":{},"Execution":{"ProcessID":588,"ThreadID":2248},"Channel":"Security","Computer":"meereen.essos.local"},"EventData":{"LogonProcessName":"Kerberos","LogonType":"3","ImpersonationLevel":"%%1833","SubjectUserName":"-","TransmittedServices":"-","ElevatedToken":"%%1842","TargetUserName":"MEEREEN$","LmPackageName":"-","ProcessId":"0x0","IpPort":"50248","RestrictedAdminMode":"-","IpAddress":"::1","VirtualAccount":"%%1843","SubjectLogonId":"0x0","TargetLogonId":"0x607252","TargetUserSid":"S-1-5-18","AuthenticationPackageName":"Kerberos","SubjectDomainName":"-","WorkstationName":"-","SubjectUserSid":"S-1-0-0","KeyLength":"0","ProcessName":"-","TargetOutboundUserName":"-","TargetOutboundDomainName":"-","TargetLinkedLogonId":"0x0","LogonGuid":"{4DAE89EC-640B-593C-8935-87CC0FE7DECD}","TargetDomainName":"ESSOS.LOCAL"},"OpenWEC":{"IpAddress":"10.202.0.93","TimeReceived":"2023-12-08T15:55:58.494378425+00:00","Principal":"MEEREEN$@ESSOS.LOCAL","Subscription":{"Uuid":"CB04741B-9072-4E2D-B769-3570FA020BBD","Version":"6E053E8A-FE0D-45A0-A863-C501EEDB4011","Name":"anssi-subscription"}}}
{"System":{"Provider":{"Name":"Microsoft-Windows-Security-Auditing","Guid":"{54849625-5478-4994-A5BA-3E3B0328C30D}"},"EventID":4624,"Version":2,"Level":0,"Task":12544,"Opcode":0,"Keywords":"0x8020000000000000","TimeCreated":"2023-12-08T15:54:32.010196200Z","EventRecordID":114078,"Correlation":{},"Execution":{"ProcessID":588,"ThreadID":2248},"Channel":"Security","Computer":"meereen.essos.local"},"EventData":{"ProcessId":"0x0","IpAddress":"fe80::3076:9c8f:3acb:98de","IpPort":"50251","TargetOutboundUserName":"-","TargetDomainName":"ESSOS.LOCAL","SubjectUserName":"-","TargetUserSid":"S-1-5-18","LogonProcessName":"Kerberos","TargetOutboundDomainName":"-","ImpersonationLevel":"%%1833","VirtualAccount":"%%1843","ElevatedToken":"%%1842","LmPackageName":"-","TargetUserName":"MEEREEN$","ProcessName":"-","LogonType":"3","SubjectUserSid":"S-1-0-0","RestrictedAdminMode":"-","TargetLinkedLogonId":"0x0","SubjectLogonId":"0x0","TargetLogonId":"0x608037","AuthenticationPackageName":"Kerberos","TransmittedServices":"-","KeyLength":"0","WorkstationName":"-","SubjectDomainName":"-","LogonGuid":"{6C3699F9-21BC-C044-F488-8345FDC7CD94}"},"OpenWEC":{"IpAddress":"10.202.0.93","TimeReceived":"2023-12-08T15:55:58.494378425+00:00","Principal":"MEEREEN$@ESSOS.LOCAL","Subscription":{"Uuid":"CB04741B-9072-4E2D-B769-3570FA020BBD","Version":"6E053E8A-FE0D-45A0-A863-C501EEDB4011","Name":"anssi-subscription"}}}
{"System":{"Provider":{"Name":"Microsoft-Windows-Security-Auditing","Guid":"{54849625-5478-4994-A5BA-3E3B0328C30D}"},"EventID":4624,"Version":2,"Level":0,"Task":12544,"Opcode":0,"Keywords":"0x8020000000000000","TimeCreated":"2023-12-08T15:54:32.025538800Z","EventRecordID":114080,"Correlation":{"ActivityID":"{833290A8-29FD-0001-F190-3283FD29DA01}"},"Execution":{"ProcessID":588,"ThreadID":628},"Channel":"Security","Computer":"meereen.essos.local"},"EventData":{"IpPort":"0","WorkstationName":"-","KeyLength":"0","TargetOutboundUserName":"-","TargetUserName":"MEEREEN$","ImpersonationLevel":"%%1833","ElevatedToken":"%%1842","IpAddress":"::1","TargetUserSid":"S-1-5-18","TransmittedServices":"-","LogonGuid":"{6C3699F9-21BC-C044-F488-8345FDC7CD94}","SubjectUserSid":"S-1-0-0","RestrictedAdminMode":"-","VirtualAccount":"%%1843","SubjectLogonId":"0x0","LogonProcessName":"Kerberos","AuthenticationPackageName":"Kerberos","ProcessId":"0x0","TargetOutboundDomainName":"-","TargetLinkedLogonId":"0x0","SubjectDomainName":"-","TargetLogonId":"0x608158","LogonType":"3","TargetDomainName":"ESSOS.LOCAL","LmPackageName":"-","ProcessName":"-","SubjectUserName":"-"},"OpenWEC":{"IpAddress":"10.202.0.93","TimeReceived":"2023-12-08T15:55:58.494378425+00:00","Principal":"MEEREEN$@ESSOS.LOCAL","Subscription":{"Uuid":"CB04741B-9072-4E2D-B769-3570FA020BBD","Version":"6E053E8A-FE0D-45A0-A863-C501EEDB4011","Name":"anssi-subscription"}}}
{"System":{"Provider":{"Name":"Microsoft-Windows-Security-Auditing","Guid":"{54849625-5478-4994-A5BA-3E3B0328C30D}"},"EventID":4624,"Version":2,"Level":0,"Task":12544,"Opcode":0,"Keywords":"0x8020000000000000","TimeCreated":"2023-12-08T15:54:32.027641800Z","EventRecordID":114082,"Correlation":{},"Execution":{"ProcessID":588,"ThreadID":2248},"Channel":"Security","Computer":"meereen.essos.local"},"EventData":{"IpPort":"50252","TargetUserName":"MEEREEN$","SubjectDomainName":"-","WorkstationName":"-","SubjectUserName":"-","LogonType":"3","TransmittedServices":"-","ProcessName":"-","SubjectUserSid":"S-1-0-0","ImpersonationLevel":"%%1833","TargetLogonId":"0x60824b","RestrictedAdminMode":"-","TargetOutboundDomainName":"-","KeyLength":"0","SubjectLogonId":"0x0","LmPackageName":"-","IpAddress":"10.202.0.93","AuthenticationPackageName":"Kerberos","TargetOutboundUserName":"-","VirtualAccount":"%%1843","TargetLinkedLogonId":"0x0","ElevatedToken":"%%1842","LogonGuid":"{6C3699F9-21BC-C044-F488-8345FDC7CD94}","TargetUserSid":"S-1-5-18","TargetDomainName":"ESSOS.LOCAL","ProcessId":"0x0","LogonProcessName":"Kerberos"},"OpenWEC":{"IpAddress":"10.202.0.93","TimeReceived":"2023-12-08T15:55:58.494378425+00:00","Principal":"MEEREEN$@ESSOS.LOCAL","Subscription":{"Uuid":"CB04741B-9072-4E2D-B769-3570FA020BBD","Version":"6E053E8A-FE0D-45A0-A863-C501EEDB4011","Name":"anssi-subscription"}}}
{"System":{"Provider":{"Name":"Microsoft-Windows-Security-Auditing","Guid":"{54849625-5478-4994-A5BA-3E3B0328C30D}"},"EventID":4624,"Version":2,"Level":0,"Task":12544,"Opcode":0,"Keywords":"0x8020000000000000","TimeCreated":"2023-12-08T15:54:32.121492900Z","EventRecordID":114084,"Correlation":{"ActivityID":"{833290A8-29FD-0001-F190-3283FD29DA01}"},"Execution":{"ProcessID":588,"ThreadID":988},"Channel":"Security","Computer":"meereen.essos.local"},"EventData":{"TransmittedServices":"-","TargetOutboundDomainName":"-","VirtualAccount":"%%1843","SubjectDomainName":"-","TargetLogonId":"0x608353","SubjectLogonId":"0x0","LogonGuid":"{6C3699F9-21BC-C044-F488-8345FDC7CD94}","TargetDomainName":"ESSOS.LOCAL","KeyLength":"0","IpPort":"50253","ImpersonationLevel":"%%1840","TargetLinkedLogonId":"0x0","ProcessName":"-","TargetUserSid":"S-1-5-18","LmPackageName":"-","TargetUserName":"MEEREEN$","IpAddress":"fe80::3076:9c8f:3acb:98de","ProcessId":"0x0","WorkstationName":"-","TargetOutboundUserName":"-","SubjectUserName":"-","LogonType":"3","RestrictedAdminMode":"-","ElevatedToken":"%%1842","LogonProcessName":"Kerberos","AuthenticationPackageName":"Kerberos","SubjectUserSid":"S-1-0-0"},"OpenWEC":{"IpAddress":"10.202.0.93","TimeReceived":"2023-12-08T15:55:58.494378425+00:00","Principal":"MEEREEN$@ESSOS.LOCAL","Subscription":{"Uuid":"CB04741B-9072-4E2D-B769-3570FA020BBD","Version":"6E053E8A-FE0D-45A0-A863-C501EEDB4011","Name":"anssi-subscription"}}}
{"System":{"Provider":{"Name":"Microsoft-Windows-Security-Auditing","Guid":"{54849625-5478-4994-A5BA-3E3B0328C30D}"},"EventID":5140,"Version":1,"Level":0,"Task":12808,"Opcode":0,"Keywords":"0x8020000000000000","TimeCreated":"2023-12-08T15:54:32.121841300Z","EventRecordID":114085,"Correlation":{},"Execution":{"ProcessID":4,"ThreadID":4644},"Channel":"Security","Computer":"meereen.essos.local"},"EventData":{"ShareLocalPath":"\\??\\C:\\Windows\\SYSVOL\\sysvol","AccessList":"%%4416\n\t\t\t\t","SubjectUserName":"MEEREEN$","SubjectDomainName":"ESSOS","SubjectLogonId":"0x608353","ShareName":"\\\\*\\SYSVOL","AccessMask":"0x1","IpPort":"50253","SubjectUserSid":"S-1-5-18","ObjectType":"File","IpAddress":"fe80::3076:9c8f:3acb:98de"},"OpenWEC":{"IpAddress":"10.202.0.93","TimeReceived":"2023-12-08T15:55:58.494378425+00:00","Principal":"MEEREEN$@ESSOS.LOCAL","Subscription":{"Uuid":"CB04741B-9072-4E2D-B769-3570FA020BBD","Version":"6E053E8A-FE0D-45A0-A863-C501EEDB4011","Name":"anssi-subscription"}}}
{"System":{"Provider":{"Name":"Microsoft-Windows-Security-Auditing","Guid":"{54849625-5478-4994-A5BA-3E3B0328C30D}"},"EventID":4624,"Version":2,"Level":0,"Task":12544,"Opcode":0,"Keywords":"0x8020000000000000","TimeCreated":"2023-12-08T15:54:44.982991000Z","EventRecordID":114095,"Correlation":{},"Execution":{"ProcessID":588,"ThreadID":2248},"Channel":"Security","Computer":"meereen.essos.local"},"EventData":{"IpAddress":"fe80::3076:9c8f:3acb:98de","SubjectUserName":"-","WorkstationName":"-","KeyLength":"0","IpPort":"50261","AuthenticationPackageName":"Kerberos","SubjectLogonId":"0x0","ElevatedToken":"%%1842","SubjectUserSid":"S-1-0-0","LogonGuid":"{4DAE89EC-640B-593C-8935-87CC0FE7DECD}","TargetOutboundUserName":"-","TargetLogonId":"0x609d72","TargetLinkedLogonId":"0x0","SubjectDomainName":"-","ProcessName":"-","ImpersonationLevel":"%%1833","TargetDomainName":"ESSOS.LOCAL","TargetOutboundDomainName":"-","ProcessId":"0x0","LogonProcessName":"Kerberos","LmPackageName":"-","TargetUserSid":"S-1-5-18","TargetUserName":"MEEREEN$","LogonType":"3","RestrictedAdminMode":"-","TransmittedServices":"-","VirtualAccount":"%%1843"},"OpenWEC":{"IpAddress":"10.202.0.93","TimeReceived":"2023-12-08T15:55:58.494378425+00:00","Principal":"MEEREEN$@ESSOS.LOCAL","Subscription":{"Uuid":"CB04741B-9072-4E2D-B769-3570FA020BBD","Version":"6E053E8A-FE0D-45A0-A863-C501EEDB4011","Name":"anssi-subscription"}}}
{"System":{"Provider":{"Name":"Microsoft-Windows-Security-Auditing","Guid":"{54849625-5478-4994-A5BA-3E3B0328C30D}"},"EventID":4624,"Version":2,"Level":0,"Task":12544,"Opcode":0,"Keywords":"0x8020000000000000","TimeCreated":"2023-12-08T15:54:44.989099800Z","EventRecordID":114098,"Correlation":{},"Execution":{"ProcessID":588,"ThreadID":2252},"Channel":"Security","Computer":"meereen.essos.local"},"EventData":{"ProcessId":"0x0","RestrictedAdminMode":"-","SubjectDomainName":"-","TargetDomainName":"ESSOS.LOCAL","LmPackageName":"-","IpAddress":"fe80::3076:9c8f:3acb:98de","IpPort":"50262","AuthenticationPackageName":"Kerberos","TargetOutboundUserName":"-","VirtualAccount":"%%1843","ElevatedToken":"%%1842","WorkstationName":"-","KeyLength":"0","TransmittedServices":"-","SubjectUserName":"-","ProcessName":"-","ImpersonationLevel":"%%1833","TargetUserName":"MEEREEN$","TargetUserSid":"S-1-5-18","SubjectUserSid":"S-1-0-0","SubjectLogonId":"0x0","TargetLogonId":"0x609ddd","LogonType":"3","TargetOutboundDomainName":"-","LogonProcessName":"Kerberos","LogonGuid":"{4DAE89EC-640B-593C-8935-87CC0FE7DECD}","TargetLinkedLogonId":"0x0"},"OpenWEC":{"IpAddress":"10.202.0.93","TimeReceived":"2023-12-08T15:55:58.494378425+00:00","Principal":"MEEREEN$@ESSOS.LOCAL","Subscription":{"Uuid":"CB04741B-9072-4E2D-B769-3570FA020BBD","Version":"6E053E8A-FE0D-45A0-A863-C501EEDB4011","Name":"anssi-subscription"}}}
{"System":{"Provider":{"Name":"Microsoft-Windows-WinRM","Guid":"{A7975C8F-AC13-49F1-87DA-5A984A4AB417}"},"EventID":163,"Version":0,"Level":2,"Task":7,"Opcode":0,"Keywords":"0x400000000000000a","TimeCreated":"2023-12-08T15:54:58.648307100Z","EventRecordID":5249,"Correlation":{"ActivityID":"{833290A8-29FD-0001-1AB7-3283FD29DA01}"},"Execution":{"ProcessID":1100,"ThreadID":5264},"Channel":"Microsoft-Windows-WinRM/Operational","Computer":"meereen.essos.local","UserID":"S-1-5-20"},"EventData":{"authServer3":" ","authServer5":" ","authServer4":" ","authClient":"Kerberos","authServer1":" ","authServer2":" "},"OpenWEC":{"IpAddress":"10.202.0.93","TimeReceived":"2023-12-08T15:55:58.548096690+00:00","Principal":"MEEREEN$@ESSOS.LOCAL","Subscription":{"Uuid":"CB04741B-9072-4E2D-B769-3570FA020BBD","Version":"6E053E8A-FE0D-45A0-A863-C501EEDB4011","Name":"anssi-subscription"}}}
{"System":{"Provider":{"Name":"Microsoft-Windows-Security-Auditing","Guid":"{54849625-5478-4994-A5BA-3E3B0328C30D}"},"EventID":4624,"Version":2,"Level":0,"Task":12544,"Opcode":0,"Keywords":"0x8020000000000000","TimeCreated":"2023-12-08T15:55:27.645720700Z","EventRecordID":114113,"Correlation":{},"Execution":{"ProcessID":588,"ThreadID":2248},"Channel":"Security","Computer":"meereen.essos.local"},"EventData":{"WorkstationName":"-","SubjectUserName":"-","SubjectLogonId":"0x0","TargetDomainName":"ESSOS.LOCAL","ProcessId":"0x0","ProcessName":"-","LogonProcessName":"Kerberos","IpAddress":"::1","LmPackageName":"-","KeyLength":"0","LogonType":"3","TargetUserSid":"S-1-5-18","TargetLogonId":"0x60f247","IpPort":"50286","AuthenticationPackageName":"Kerberos","LogonGuid":"{4DAE89EC-640B-593C-8935-87CC0FE7DECD}","ImpersonationLevel":"%%1833","RestrictedAdminMode":"-","TargetOutboundDomainName":"-","VirtualAccount":"%%1843","TargetUserName":"MEEREEN$","TargetLinkedLogonId":"0x0","SubjectUserSid":"S-1-0-0","TransmittedServices":"-","TargetOutboundUserName":"-","ElevatedToken":"%%1842","SubjectDomainName":"-"},"OpenWEC":{"IpAddress":"10.202.0.93","TimeReceived":"2023-12-08T15:55:58.548096690+00:00","Principal":"MEEREEN$@ESSOS.LOCAL","Subscription":{"Uuid":"CB04741B-9072-4E2D-B769-3570FA020BBD","Version":"6E053E8A-FE0D-45A0-A863-C501EEDB4011","Name":"anssi-subscription"}}}
{"System":{"Provider":{"Name":"Microsoft-Windows-Security-Auditing","Guid":"{54849625-5478-4994-A5BA-3E3B0328C30D}"},"EventID":4624,"Version":2,"Level":0,"Task":12544,"Opcode":0,"Keywords":"0x8020000000000000","TimeCreated":"2023-12-08T15:56:27.663361300Z","EventRecordID":114117,"Correlation":{},"Execution":{"ProcessID":588,"ThreadID":2248},"Channel":"Security","Computer":"meereen.essos.local"},"EventData":{"RestrictedAdminMode":"-","TransmittedServices":"-","ProcessId":"0x0","SubjectDomainName":"-","TargetUserName":"MEEREEN$","IpPort":"50318","TargetOutboundUserName":"-","ProcessName":"-","IpAddress":"::1","TargetOutboundDomainName":"-","TargetDomainName":"ESSOS.LOCAL","LogonType":"3","LmPackageName":"-","WorkstationName":"-","TargetUserSid":"S-1-5-18","VirtualAccount":"%%1843","TargetLinkedLogonId":"0x0","ElevatedToken":"%%1842","SubjectUserName":"-","TargetLogonId":"0x616b76","LogonGuid":"{4DAE89EC-640B-593C-8935-87CC0FE7DECD}","SubjectUserSid":"S-1-0-0","SubjectLogonId":"0x0","KeyLength":"0","ImpersonationLevel":"%%1833","AuthenticationPackageName":"Kerberos","LogonProcessName":"Kerberos"},"OpenWEC":{"IpAddress":"10.202.0.93","TimeReceived":"2023-12-08T15:56:58.523602977+00:00","Principal":"MEEREEN$@ESSOS.LOCAL","Subscription":{"Uuid":"CB04741B-9072-4E2D-B769-3570FA020BBD","Version":"6E053E8A-FE0D-45A0-A863-C501EEDB4011","Name":"anssi-subscription"}}}
{"System":{"Provider":{"Name":"Microsoft-Windows-Security-Auditing","Guid":"{54849625-5478-4994-A5BA-3E3B0328C30D}"},"EventID":4624,"Version":2,"Level":0,"Task":12544,"Opcode":0,"Keywords":"0x8020000000000000","TimeCreated":"2023-12-08T15:57:27.680420600Z","EventRecordID":114144,"Correlation":{},"Execution":{"ProcessID":588,"ThreadID":2248},"Channel":"Security","Computer":"meereen.essos.local"},"EventData":{"ProcessId":"0x0","KeyLength":"0","TargetUserName":"MEEREEN$","ProcessName":"-","SubjectLogonId":"0x0","TargetLinkedLogonId":"0x0","SubjectDomainName":"-","WorkstationName":"-","LogonProcessName":"Kerberos","AuthenticationPackageName":"Kerberos","RestrictedAdminMode":"-","LogonGuid":"{4DAE89EC-640B-593C-8935-87CC0FE7DECD}","TargetUserSid":"S-1-5-18","TargetOutboundDomainName":"-","ImpersonationLevel":"%%1833","VirtualAccount":"%%1843","IpAddress":"::1","IpPort":"50347","ElevatedToken":"%%1842","LmPackageName":"-","TransmittedServices":"-","TargetDomainName":"ESSOS.LOCAL","TargetLogonId":"0x61e086","TargetOutboundUserName":"-","SubjectUserName":"-","LogonType":"3","SubjectUserSid":"S-1-0-0"},"OpenWEC":{"IpAddress":"10.202.0.93","TimeReceived":"2023-12-08T15:57:57.851517567+00:00","Principal":"MEEREEN$@ESSOS.LOCAL","Subscription":{"Uuid":"CB04741B-9072-4E2D-B769-3570FA020BBD","Version":"6E053E8A-FE0D-45A0-A863-C501EEDB4011","Name":"anssi-subscription"}}}
{"System":{"Provider":{"Name":"Microsoft-Windows-Security-Auditing","Guid":"{54849625-5478-4994-A5BA-3E3B0328C30D}"},"EventID":4624,"Version":2,"Level":0,"Task":12544,"Opcode":0,"Keywords":"0x8020000000000000","TimeCreated":"2023-12-08T15:58:27.693756300Z","EventRecordID":114151,"Correlation":{},"Execution":{"ProcessID":588,"ThreadID":2248},"Channel":"Security","Computer":"meereen.essos.local"},"EventData":{"TargetDomainName":"ESSOS.LOCAL","TargetLogonId":"0x6255e1","SubjectUserName":"-","LogonGuid":"{4DAE89EC-640B-593C-8935-87CC0FE7DECD}","IpAddress":"::1","ImpersonationLevel":"%%1833","TargetOutboundUserName":"-","KeyLength":"0","LogonProcessName":"Kerberos","ProcessName":"-","TargetLinkedLogonId":"0x0","TargetUserName":"MEEREEN$","VirtualAccount":"%%1843","LogonType":"3","WorkstationName":"-","TargetUserSid":"S-1-5-18","IpPort":"50378","RestrictedAdminMode":"-","SubjectLogonId":"0x0","AuthenticationPackageName":"Kerberos","TransmittedServices":"-","LmPackageName":"-","SubjectDomainName":"-","TargetOutboundDomainName":"-","ElevatedToken":"%%1842","ProcessId":"0x0","SubjectUserSid":"S-1-0-0"},"OpenWEC":{"IpAddress":"10.202.0.93","TimeReceived":"2023-12-08T15:59:58.556076779+00:00","Principal":"MEEREEN$@ESSOS.LOCAL","Subscription":{"Uuid":"CB04741B-9072-4E2D-B769-3570FA020BBD","Version":"6E053E8A-FE0D-45A0-A863-C501EEDB4011","Name":"anssi-subscription"}}}
{"System":{"Provider":{"Name":"Microsoft-Windows-Security-Auditing","Guid":"{54849625-5478-4994-A5BA-3E3B0328C30D}"},"EventID":4624,"Version":2,"Level":0,"Task":12544,"Opcode":0,"Keywords":"0x8020000000000000","TimeCreated":"2023-12-08T15:58:45.802971100Z","EventRecordID":114154,"Correlation":{"ActivityID":"{833290A8-29FD-0001-F190-3283FD29DA01}"},"Execution":{"ProcessID":588,"ThreadID":988},"Channel":"Security","Computer":"meereen.essos.local"},"EventData":{"TransmittedServices":"-","TargetOutboundUserName":"-","IpAddress":"fe80::3076:9c8f:3acb:98de","TargetOutboundDomainName":"-","LogonProcessName":"Kerberos","SubjectUserSid":"S-1-0-0","TargetLogonId":"0x627936","WorkstationName":"-","SubjectUserName":"-","TargetDomainName":"ESSOS.LOCAL","SubjectDomainName":"-","ProcessId":"0x0","ProcessName":"-","IpPort":"50387","ImpersonationLevel":"%%1840","VirtualAccount":"%%1843","TargetUserName":"MEEREEN$","TargetLinkedLogonId":"0x0","LogonType":"3","KeyLength":"0","ElevatedToken":"%%1842","LmPackageName":"-","LogonGuid":"{3AAC347E-688E-87C2-7236-4CC07166564B}","SubjectLogonId":"0x0","AuthenticationPackageName":"Kerberos","TargetUserSid":"S-1-5-18","RestrictedAdminMode":"-"},"OpenWEC":{"IpAddress":"10.202.0.93","TimeReceived":"2023-12-08T15:59:58.556076779+00:00","Principal":"MEEREEN$@ESSOS.LOCAL","Subscription":{"Uuid":"CB04741B-9072-4E2D-B769-3570FA020BBD","Version":"6E053E8A-FE0D-45A0-A863-C501EEDB4011","Name":"anssi-subscription"}}}
{"System":{"Provider":{"Name":"Microsoft-Windows-Security-Auditing","Guid":"{54849625-5478-4994-A5BA-3E3B0328C30D}"},"EventID":5140,"Version":1,"Level":0,"Task":12808,"Opcode":0,"Keywords":"0x8020000000000000","TimeCreated":"2023-12-08T15:58:45.803251800Z","EventRecordID":114155,"Correlation":{},"Execution":{"ProcessID":4,"ThreadID":6676},"Channel":"Security","Computer":"meereen.essos.local"},"EventData":{"IpAddress":"fe80::3076:9c8f:3acb:98de","ObjectType":"File","IpPort":"50387","SubjectUserName":"MEEREEN$","ShareLocalPath":"\\??\\C:\\Windows\\SYSVOL\\sysvol","AccessList":"%%4416\n\t\t\t\t","SubjectDomainName":"ESSOS","SubjectUserSid":"S-1-5-18","ShareName":"\\\\*\\SYSVOL","AccessMask":"0x1","SubjectLogonId":"0x627936"},"OpenWEC":{"IpAddress":"10.202.0.93","TimeReceived":"2023-12-08T15:59:58.556076779+00:00","Principal":"MEEREEN$@ESSOS.LOCAL","Subscription":{"Uuid":"CB04741B-9072-4E2D-B769-3570FA020BBD","Version":"6E053E8A-FE0D-45A0-A863-C501EEDB4011","Name":"anssi-subscription"}}}
{"System":{"Provider":{"Name":"Microsoft-Windows-WinRM","Guid":"{A7975C8F-AC13-49F1-87DA-5A984A4AB417}"},"EventID":163,"Version":0,"Level":2,"Task":7,"Opcode":0,"Keywords":"0x400000000000000a","TimeCreated":"2023-12-08T15:58:58.708576400Z","EventRecordID":5263,"Correlation":{"ActivityID":"{833290A8-29FD-0000-29B1-3283FD29DA01}"},"Execution":{"ProcessID":1100,"ThreadID":3832},"Channel":"Microsoft-Windows-WinRM/Operational","Computer":"meereen.essos.local","UserID":"S-1-5-20"},"EventData":{"authServer4":" ","authClient":"Kerberos","authServer5":" ","authServer1":" ","authServer3":" ","authServer2":" "},"OpenWEC":{"IpAddress":"10.202.0.93","TimeReceived":"2023-12-08T15:59:58.607441151+00:00","Principal":"MEEREEN$@ESSOS.LOCAL","Subscription":{"Uuid":"CB04741B-9072-4E2D-B769-3570FA020BBD","Version":"6E053E8A-FE0D-45A0-A863-C501EEDB4011","Name":"anssi-subscription"}}}
{"System":{"Provider":{"Name":"Microsoft-Windows-Security-Auditing","Guid":"{54849625-5478-4994-A5BA-3E3B0328C30D}"},"EventID":4688,"Version":2,"Level":0,"Task":13312,"Opcode":0,"Keywords":"0x8020000000000000","TimeCreated":"2023-12-08T15:59:02.038459100Z","EventRecordID":114159,"Correlation":{},"Execution":{"ProcessID":4,"ThreadID":6676},"Channel":"Security","Computer":"meereen.essos.local"},"EventData":{"SubjectUserSid":"S-1-5-18","TargetDomainName":"ESSOS","ProcessId":"0x244","SubjectLogonId":"0x3e7","MandatoryLabel":"S-1-16-16384","TargetUserName":"MEEREEN$","TargetLogonId":"0x3e4","SubjectUserName":"MEEREEN$","NewProcessId":"0x3b4","NewProcessName":"C:\\Windows\\System32\\sppsvc.exe","ParentProcessName":"C:\\Windows\\System32\\services.exe","TokenElevationType":"%%1936","TargetUserSid":"S-1-0-0","CommandLine":"","SubjectDomainName":"ESSOS"},"OpenWEC":{"IpAddress":"10.202.0.93","TimeReceived":"2023-12-08T15:59:58.607441151+00:00","Principal":"MEEREEN$@ESSOS.LOCAL","Subscription":{"Uuid":"CB04741B-9072-4E2D-B769-3570FA020BBD","Version":"6E053E8A-FE0D-45A0-A863-C501EEDB4011","Name":"anssi-subscription"}}}
{"System":{"Provider":{"Name":"Microsoft-Windows-Security-Auditing","Guid":"{54849625-5478-4994-A5BA-3E3B0328C30D}"},"EventID":4624,"Version":2,"Level":0,"Task":12544,"Opcode":0,"Keywords":"0x8020000000000000","TimeCreated":"2023-12-08T15:59:27.708365800Z","EventRecordID":114176,"Correlation":{},"Execution":{"ProcessID":588,"ThreadID":2252},"Channel":"Security","Computer":"meereen.essos.local"},"EventData":{"TargetLinkedLogonId":"0x0","VirtualAccount":"%%1843","TargetUserName":"MEEREEN$","TransmittedServices":"-","ProcessName":"-","ElevatedToken":"%%1842","WorkstationName":"-","LogonProcessName":"Kerberos","SubjectDomainName":"-","IpAddress":"::1","TargetUserSid":"S-1-5-18","RestrictedAdminMode":"-","KeyLength":"0","LogonType":"3","TargetLogonId":"0x62d881","LogonGuid":"{4DAE89EC-640B-593C-8935-87CC0FE7DECD}","SubjectLogonId":"0x0","IpPort":"50410","ProcessId":"0x0","TargetDomainName":"ESSOS.LOCAL","LmPackageName":"-","TargetOutboundUserName":"-","AuthenticationPackageName":"Kerberos","SubjectUserSid":"S-1-0-0","ImpersonationLevel":"%%1833","SubjectUserName":"-","TargetOutboundDomainName":"-"},"OpenWEC":{"IpAddress":"10.202.0.93","TimeReceived":"2023-12-08T15:59:58.607441151+00:00","Principal":"MEEREEN$@ESSOS.LOCAL","Subscription":{"Uuid":"CB04741B-9072-4E2D-B769-3570FA020BBD","Version":"6E053E8A-FE0D-45A0-A863-C501EEDB4011","Name":"anssi-subscription"}}}
{"System":{"Provider":{"Name":"Microsoft-Windows-Security-Auditing","Guid":"{54849625-5478-4994-A5BA-3E3B0328C30D}"},"EventID":4624,"Version":2,"Level":0,"Task":12544,"Opcode":0,"Keywords":"0x8020000000000000","TimeCreated":"2023-12-08T15:59:32.148780100Z","EventRecordID":114179,"Correlation":{},"Execution":{"ProcessID":588,"ThreadID":2248},"Channel":"Security","Computer":"meereen.essos.local"},"EventData":{"ImpersonationLevel":"%%1833","RestrictedAdminMode":"-","TargetUserSid":"S-1-5-18","SubjectLogonId":"0x0","TransmittedServices":"-","VirtualAccount":"%%1843","TargetDomainName":"ESSOS.LOCAL","ElevatedToken":"%%1842","LogonProcessName":"Kerberos","ProcessId":"0x0","LogonGuid":"{6C3699F9-21BC-C044-F488-8345FDC7CD94}","KeyLength":"0","WorkstationName":"-","SubjectUserSid":"S-1-0-0","SubjectUserName":"-","ProcessName":"-","TargetOutboundDomainName":"-","AuthenticationPackageName":"Kerberos","LmPackageName":"-","TargetUserName":"MEEREEN$","SubjectDomainName":"-","IpAddress":"fe80::3076:9c8f:3acb:98de","TargetLinkedLogonId":"0x0","LogonType":"3","TargetOutboundUserName":"-","IpPort":"50414","TargetLogonId":"0x62e748"},"OpenWEC":{"IpAddress":"10.202.0.93","TimeReceived":"2023-12-08T15:59:58.607441151+00:00","Principal":"MEEREEN$@ESSOS.LOCAL","Subscription":{"Uuid":"CB04741B-9072-4E2D-B769-3570FA020BBD","Version":"6E053E8A-FE0D-45A0-A863-C501EEDB4011","Name":"anssi-subscription"}}}
