{"System":{"Provider":{"Name":"Microsoft-Windows-Security-Auditing","Guid":"{54849625-5478-4994-A5BA-3E3B0328C30D}"},"EventID":4624,"Version":2,"Level":0,"Task":12544,"Opcode":0,"Keywords":"0x8020000000000000","TimeCreated":"2023-12-08T16:19:27.966215700Z","EventRecordID":114870,"Correlation":{},"Execution":{"ProcessID":588,"ThreadID":2248},"Channel":"Security","Computer":"meereen.essos.local"},"EventData":{"TargetUserName":"MEEREEN$","TargetLogonId":"0x6d4d32","LogonType":"3","LogonProcessName":"Kerberos","SubjectDomainName":"-","AuthenticationPackageName":"Kerberos","WorkstationName":"-","ProcessId":"0x0","ProcessName":"-","SubjectUserName":"-","TransmittedServices":"-","LogonGuid":"{4DAE89EC-640B-593C-8935-87CC0FE7DECD}","IpPort":"51089","ImpersonationLevel":"%%1833","RestrictedAdminMode":"-","TargetOutboundUserName":"-","TargetLinkedLogonId":"0x0","TargetOutboundDomainName":"-","IpAddress":"::1","SubjectLogonId":"0x0","TargetDomainName":"ESSOS.LOCAL","LmPackageName":"-","KeyLength":"0","VirtualAccount":"%%1843","TargetUserSid":"S-1-5-18","ElevatedToken":"%%1842","SubjectUserSid":"S-1-0-0"},"OpenWEC":{"IpAddress":"10.202.0.93","TimeReceived":"2023-12-08T16:19:46.121174459+00:00","Principal":"MEEREEN$@ESSOS.LOCAL","Subscription":{"Uuid":"CB04741B-9072-4E2D-B769-3570FA020BBD","Version":"6E053E8A-FE0D-45A0-A863-C501EEDB4011","Name":"anssi-subscription"}}}
{"System":{"Provider":{"Name":"Microsoft-Windows-Security-Auditing","Guid":"{54849625-5478-4994-A5BA-3E3B0328C30D}"},"EventID":4624,"Version":2,"Level":0,"Task":12544,"Opcode":0,"Keywords":"0x8020000000000000","TimeCreated":"2023-12-08T16:19:32.857242000Z","EventRecordID":114873,"Correlation":{},"Execution":{"ProcessID":588,"ThreadID":2252},"Channel":"Security","Computer":"meereen.essos.local"},"EventData":{"VirtualAccount":"%%1843","ImpersonationLevel":"%%1833","ElevatedToken":"%%1842","ProcessId":"0x0","LogonGuid":"{6C3699F9-21BC-C044-F488-8345FDC7CD94}","IpPort":"51092","TargetDomainName":"ESSOS.LOCAL","RestrictedAdminMode":"-","TargetUserName":"MEEREEN$","TargetUserSid":"S-1-5-18","AuthenticationPackageName":"Kerberos","TargetLogonId":"0x6d5913","TargetOutboundDomainName":"-","SubjectLogonId":"0x0","ProcessName":"-","SubjectUserName":"-","LmPackageName":"-","WorkstationName":"-","IpAddress":"fe80::3076:9c8f:3acb:98de","TargetOutboundUserName":"-","TargetLinkedLogonId":"0x0","SubjectDomainName":"-","SubjectUserSid":"S-1-0-0","LogonType":"3","LogonProcessName":"Kerberos","TransmittedServices":"-","KeyLength":"0"},"OpenWEC":{"IpAddress":"10.202.0.93","TimeReceived":"2023-12-08T16:19:46.121174459+00:00","Principal":"MEEREEN$@ESSOS.LOCAL","Subscription":{"Uuid":"CB04741B-9072-4E2D-B769-3570FA020BBD","Version":"6E053E8A-FE0D-45A0-A863-C501EEDB4011","Name":"anssi-subscription"}}}
{"System":{"Provider":{"Name":"Microsoft-Windows-Security-Auditing","Guid":"{54849625-5478-4994-A5BA-3E3B0328C30D}"},"EventID":4624,"Version":2,"Level":0,"Task":12544,"Opcode":0,"Keywords":"0x8020000000000000","TimeCreated":"2023-12-08T16:19:32.875539300Z","EventRecordID":114875,"Correlation":{"ActivityID":"{833290A8-29FD-0001-F190-3283FD29DA01}"},"Execution":{"ProcessID":588,"ThreadID":628},"Channel":"Security","Computer":"meereen.essos.local"},"EventData":{"WorkstationName":"-","SubjectUserSid":"S-1-0-0","TargetUserName":"MEEREEN$","TargetUserSid":"S-1-5-18","LogonGuid":"{6C3699F9-21BC-C044-F488-8345FDC7CD94}","TransmittedServices":"-","SubjectUserName":"-","IpPort":"0","AuthenticationPackageName":"Kerberos","ImpersonationLevel":"%%1833","ProcessName":"-","TargetDomainName":"ESSOS.LOCAL","LmPackageName":"-","SubjectDomainName":"-","LogonProcessName":"Kerberos","RestrictedAdminMode":"-","TargetLogonId":"0x6d59f4","IpAddress":"::1","TargetOutboundUserName":"-","TargetOutboundDomainName":"-","VirtualAccount":"%%1843","TargetLinkedLogonId":"0x0","LogonType":"3","ProcessId":"0x0","ElevatedToken":"%%1842","KeyLength":"0","SubjectLogonId":"0x0"},"OpenWEC":{"IpAddress":"10.202.0.93","TimeReceived":"2023-12-08T16:19:46.121174459+00:00","Principal":"MEEREEN$@ESSOS.LOCAL","Subscription":{"Uuid":"CB04741B-9072-4E2D-B769-3570FA020BBD","Version":"6E053E8A-FE0D-45A0-A863-C501EEDB4011","Name":"anssi-subscription"}}}
{"System":{"Provider":{"Name":"Microsoft-Windows-Security-Auditing","Guid":"{54849625-5478-4994-A5BA-3E3B0328C30D}"},"EventID":4624,"Version":2,"Level":0,"Task":12544,"Opcode":0,"Keywords":"0x8020000000000000","TimeCreated":"2023-12-08T16:19:32.878354600Z","EventRecordID":114877,"Correlation":{},"Execution":{"ProcessID":588,"ThreadID":2252},"Channel":"Security","Computer":"meereen.essos.local"},"EventData":{"ProcessId":"0x0","ProcessName":"-","IpAddress":"10.202.0.93","TargetOutboundUserName":"-","TargetLogonId":"0x6d5a37","TargetOutboundDomainName":"-","IpPort":"51093","TargetUserName":"MEEREEN$","SubjectUserName":"-","ElevatedToken":"%%1842","WorkstationName":"-","AuthenticationPackageName":"Kerberos","LogonType":"3","TargetUserSid":"S-1-5-18","RestrictedAdminMode":"-","KeyLength":"0","VirtualAccount":"%%1843","TargetLinkedLogonId":"0x0","LogonGuid":"{6C3699F9-21BC-C044-F488-8345FDC7CD94}","SubjectDomainName":"-","ImpersonationLevel":"%%1833","SubjectUserSid":"S-1-0-0","TransmittedServices":"-","LmPackageName":"-","SubjectLogonId":"0x0","LogonProcessName":"Kerberos","TargetDomainName":"ESSOS.LOCAL"},"OpenWEC":{"IpAddress":"10.202.0.93","TimeReceived":"2023-12-08T16:19:46.121174459+00:00","Principal":"MEEREEN$@ESSOS.LOCAL","Subscription":{"Uuid":"CB04741B-9072-4E2D-B769-3570FA020BBD","Version":"6E053E8A-FE0D-45A0-A863-C501EEDB4011","Name":"anssi-subscription"}}}
{"System":{"Provider":{"Name":"Microsoft-Windows-Security-Auditing","Guid":"{54849625-5478-4994-A5BA-3E3B0328C30D}"},"EventID":4624,"Version":2,"Level":0,"Task":12544,"Opcode":0,"Keywords":"0x8020000000000000","TimeCreated":"2023-12-08T16:19:32.985636800Z","EventRecordID":114879,"Correlation":{"ActivityID":"{833290A8-29FD-0001-F190-3283FD29DA01}"},"Execution":{"ProcessID":588,"ThreadID":628},"Channel":"Security","Computer":"meereen.essos.local"},"EventData":{"TargetOutboundUserName":"-","TargetLinkedLogonId":"0x0","TargetDomainName":"ESSOS.LOCAL","ProcessId":"0x0","TargetUserName":"MEEREEN$","SubjectLogonId":"0x0","LogonGuid":"{6C3699F9-21BC-C044-F488-8345FDC7CD94}","ProcessName":"-","IpPort":"51095","RestrictedAdminMode":"-","SubjectUserName":"-","LmPackageName":"-","WorkstationName":"-","IpAddress":"fe80::3076:9c8f:3acb:98de","TargetOutboundDomainName":"-","SubjectDomainName":"-","LogonType":"3","VirtualAccount":"%%1843","ElevatedToken":"%%1842","SubjectUserSid":"S-1-0-0","ImpersonationLevel":"%%1840","AuthenticationPackageName":"Kerberos","TargetUserSid":"S-1-5-18","TransmittedServices":"-","LogonProcessName":"Kerberos","TargetLogonId":"0x6d5c26","KeyLength":"0"},"OpenWEC":{"IpAddress":"10.202.0.93","TimeReceived":"2023-12-08T16:19:46.121174459+00:00","Principal":"MEEREEN$@ESSOS.LOCAL","Subscription":{"Uuid":"CB04741B-9072-4E2D-B769-3570FA020BBD","Version":"6E053E8A-FE0D-45A0-A863-C501EEDB4011","Name":"anssi-subscription"}}}
{"System":{"Provider":{"Name":"Microsoft-Windows-Security-Auditing","Guid":"{54849625-5478-4994-A5BA-3E3B0328C30D}"},"EventID":5140,"Version":1,"Level":0,"Task":12808,"Opcode":0,"Keywords":"0x8020000000000000","TimeCreated":"2023-12-08T16:19:32.985989400Z","EventRecordID":114880,"Correlation":{},"Execution":{"ProcessID":4,"ThreadID":6704},"Channel":"Security","Computer":"meereen.essos.local"},"EventData":{"IpPort":"51095","IpAddress":"fe80::3076:9c8f:3acb:98de","AccessList":"%%4416\n\t\t\t\t","SubjectUserName":"MEEREEN$","SubjectUserSid":"S-1-5-18","ObjectType":"File","SubjectDomainName":"ESSOS","SubjectLogonId":"0x6d5c26","ShareName":"\\\\*\\SYSVOL","ShareLocalPath":"\\??\\C:\\Windows\\SYSVOL\\sysvol","AccessMask":"0x1"},"OpenWEC":{"IpAddress":"10.202.0.93","TimeReceived":"2023-12-08T16:19:46.121174459+00:00","Principal":"MEEREEN$@ESSOS.LOCAL","Subscription":{"Uuid":"CB04741B-9072-4E2D-B769-3570FA020BBD","Version":"6E053E8A-FE0D-45A0-A863-C501EEDB4011","Name":"anssi-subscription"}}}
