{"System":{"Provider":{"Name":"Microsoft-Windows-Security-Auditing","Guid":"{54849625-5478-4994-A5BA-3E3B0328C30D}"},"EventID":4624,"Version":2,"Level":0,"Task":12544,"Opcode":0,"Keywords":"0x8020000000000000","TimeCreated":"2023-12-08T16:08:45.814881100Z","EventRecordID":114664,"Correlation":{"ActivityID":"{833290A8-29FD-0001-F190-3283FD29DA01}"},"Execution":{"ProcessID":588,"ThreadID":628},"Channel":"Security","Computer":"meereen.essos.local"},"EventData":{"RestrictedAdminMode":"-","IpAddress":"fe80::3076:9c8f:3acb:98de","TargetOutboundDomainName":"-","TargetDomainName":"ESSOS.LOCAL","SubjectUserName":"-","TargetUserSid":"S-1-5-18","WorkstationName":"-","TargetOutboundUserName":"-","TargetLinkedLogonId":"0x0","TargetUserName":"MEEREEN$","ElevatedToken":"%%1842","AuthenticationPackageName":"Kerberos","KeyLength":"0","SubjectLogonId":"0x0","SubjectDomainName":"-","TransmittedServices":"-","ImpersonationLevel":"%%1840","LogonType":"3","SubjectUserSid":"S-1-0-0","ProcessId":"0x0","IpPort":"50726","LogonProcessName":"Kerberos","LogonGuid":"{3AAC347E-688E-87C2-7236-4CC07166564B}","LmPackageName":"-","TargetLogonId":"0x681f0a","ProcessName":"-","VirtualAccount":"%%1843"},"OpenWEC":{"IpAddress":"10.202.0.93","TimeReceived":"2023-12-08T16:08:58.707267229+00:00","Principal":"MEEREEN$@ESSOS.LOCAL","Subscription":{"Uuid":"CB04741B-9072-4E2D-B769-3570FA020BBD","Version":"6E053E8A-FE0D-45A0-A863-C501EEDB4011","Name":"anssi-subscription"}}}
{"System":{"Provider":{"Name":"Microsoft-Windows-Security-Auditing","Guid":"{54849625-5478-4994-A5BA-3E3B0328C30D}"},"EventID":5140,"Version":1,"Level":0,"Task":12808,"Opcode":0,"Keywords":"0x8020000000000000","TimeCreated":"2023-12-08T16:08:45.815679400Z","EventRecordID":114666,"Correlation":{},"Execution":{"ProcessID":4,"ThreadID":4644},"Channel":"Security","Computer":"meereen.essos.local"},"EventData":{"ObjectType":"File","SubjectUserName":"MEEREEN$","AccessMask":"0x1","ShareLocalPath":"\\??\\C:\\Windows\\SYSVOL\\sysvol","ShareName":"\\\\*\\SYSVOL","SubjectDomainName":"ESSOS","IpAddress":"fe80::3076:9c8f:3acb:98de","SubjectUserSid":"S-1-5-18","IpPort":"50726","AccessList":"%%4416\n\t\t\t\t","SubjectLogonId":"0x681f0a"},"OpenWEC":{"IpAddress":"10.202.0.93","TimeReceived":"2023-12-08T16:08:58.707267229+00:00","Principal":"MEEREEN$@ESSOS.LOCAL","Subscription":{"Uuid":"CB04741B-9072-4E2D-B769-3570FA020BBD","Version":"6E053E8A-FE0D-45A0-A863-C501EEDB4011","Name":"anssi-subscription"}}}
{"System":{"Provider":{"Name":"Microsoft-Windows-Security-Auditing","Guid":"{54849625-5478-4994-A5BA-3E3B0328C30D}"},"EventID":4624,"Version":2,"Level":0,"Task":12544,"Opcode":0,"Keywords":"0x8020000000000000","TimeCreated":"2023-12-08T16:09:14.082709300Z","EventRecordID":114673,"Correlation":{},"Execution":{"ProcessID":588,"ThreadID":2248},"Channel":"Security","Computer":"meereen.essos.local"},"EventData":{"AuthenticationPackageName":"Kerberos","LmPackageName":"-","SubjectUserName":"-","KeyLength":"0","ProcessId":"0x0","TargetUserSid":"S-1-5-18","TargetDomainName":"ESSOS.LOCAL","ProcessName":"-","IpPort":"50743","TransmittedServices":"-","LogonType":"3","TargetOutboundDomainName":"-","VirtualAccount":"%%1843","ElevatedToken":"%%1842","SubjectLogonId":"0x0","RestrictedAdminMode":"-","TargetLogonId":"0x686200","TargetOutboundUserName":"-","TargetLinkedLogonId":"0x0","IpAddress":"fe80::3076:9c8f:3acb:98de","ImpersonationLevel":"%%1833","SubjectUserSid":"S-1-0-0","TargetUserName":"MEEREEN$","WorkstationName":"-","SubjectDomainName":"-","LogonProcessName":"Kerberos","LogonGuid":"{4DAE89EC-640B-593C-8935-87CC0FE7DECD}"},"OpenWEC":{"IpAddress":"10.202.0.93","TimeReceived":"2023-12-08T16:09:44.942226048+00:00","Principal":"MEEREEN$@ESSOS.LOCAL","Subscription":{"Uuid":"CB04741B-9072-4E2D-B769-3570FA020BBD","Version":"6E053E8A-FE0D-45A0-A863-C501EEDB4011","Name":"anssi-subscription"}}}
{"System":{"Provider":{"Name":"Microsoft-Windows-Security-Auditing","Guid":"{54849625-5478-4994-A5BA-3E3B0328C30D}"},"EventID":4624,"Version":2,"Level":0,"Task":12544,"Opcode":0,"Keywords":"0x8020000000000000","TimeCreated":"2023-12-08T16:09:14.087790900Z","EventRecordID":114676,"Correlation":{},"Execution":{"ProcessID":588,"ThreadID":2248},"Channel":"Security","Computer":"meereen.essos.local"},"EventData":{"ElevatedToken":"%%1842","SubjectDomainName":"-","SubjectUserSid":"S-1-0-0","ProcessName":"-","TargetLogonId":"0x686274","LmPackageName":"-","ProcessId":"0x0","TargetUserSid":"S-1-5-18","IpAddress":"fe80::3076:9c8f:3acb:98de","TargetDomainName":"ESSOS.LOCAL","SubjectLogonId":"0x0","LogonType":"3","TargetLinkedLogonId":"0x0","SubjectUserName":"-","LogonGuid":"{4DAE89EC-640B-593C-8935-87CC0FE7DECD}","KeyLength":"0","RestrictedAdminMode":"-","TargetOutboundUserName":"-","VirtualAccount":"%%1843","WorkstationName":"-","AuthenticationPackageName":"Kerberos","LogonProcessName":"Kerberos","TransmittedServices":"-","IpPort":"50744","ImpersonationLevel":"%%1833","TargetOutboundDomainName":"-","TargetUserName":"MEEREEN$"},"OpenWEC":{"IpAddress":"10.202.0.93","TimeReceived":"2023-12-08T16:09:44.942226048+00:00","Principal":"MEEREEN$@ESSOS.LOCAL","Subscription":{"Uuid":"CB04741B-9072-4E2D-B769-3570FA020BBD","Version":"6E053E8A-FE0D-45A0-A863-C501EEDB4011","Name":"anssi-subscription"}}}
{"System":{"Provider":{"Name":"Microsoft-Windows-Security-Auditing","Guid":"{54849625-5478-4994-A5BA-3E3B0328C30D}"},"EventID":4624,"Version":2,"Level":0,"Task":12544,"Opcode":0,"Keywords":"0x8020000000000000","TimeCreated":"2023-12-08T16:09:27.860601000Z","EventRecordID":114692,"Correlation":{},"Execution":{"ProcessID":588,"ThreadID":2252},"Channel":"Security","Computer":"meereen.essos.local"},"EventData":{"TargetUserSid":"S-1-5-18","TargetLogonId":"0x687ba1","AuthenticationPackageName":"Kerberos","LogonGuid":"{4DAE89EC-640B-593C-8935-87CC0FE7DECD}","ProcessId":"0x0","SubjectUserName":"-","ProcessName":"-","ElevatedToken":"%%1842","LogonProcessName":"Kerberos","IpPort":"50752","IpAddress":"::1","TargetUserName":"MEEREEN$","TransmittedServices":"-","LogonType":"3","SubjectLogonId":"0x0","KeyLength":"0","TargetDomainName":"ESSOS.LOCAL","LmPackageName":"-","ImpersonationLevel":"%%1833","TargetOutboundDomainName":"-","VirtualAccount":"%%1843","TargetLinkedLogonId":"0x0","TargetOutboundUserName":"-","WorkstationName":"-","SubjectUserSid":"S-1-0-0","RestrictedAdminMode":"-","SubjectDomainName":"-"},"OpenWEC":{"IpAddress":"10.202.0.93","TimeReceived":"2023-12-08T16:09:44.942226048+00:00","Principal":"MEEREEN$@ESSOS.LOCAL","Subscription":{"Uuid":"CB04741B-9072-4E2D-B769-3570FA020BBD","Version":"6E053E8A-FE0D-45A0-A863-C501EEDB4011","Name":"anssi-subscription"}}}
{"System":{"Provider":{"Name":"Microsoft-Windows-Security-Auditing","Guid":"{54849625-5478-4994-A5BA-3E3B0328C30D}"},"EventID":4624,"Version":2,"Level":0,"Task":12544,"Opcode":0,"Keywords":"0x8020000000000000","TimeCreated":"2023-12-08T16:09:32.440804600Z","EventRecordID":114695,"Correlation":{},"Execution":{"ProcessID":588,"ThreadID":7140},"Channel":"Security","Computer":"meereen.essos.local"},"EventData":{"IpPort":"50757","RestrictedAdminMode":"-","ElevatedToken":"%%1842","TargetUserName":"MEEREEN$","SubjectUserName":"-","SubjectUserSid":"S-1-0-0","LogonProcessName":"Kerberos","TargetLinkedLogonId":"0x0","ImpersonationLevel":"%%1833","SubjectLogonId":"0x0","TargetOutboundDomainName":"-","TargetOutboundUserName":"-","VirtualAccount":"%%1843","TargetDomainName":"ESSOS.LOCAL","TargetLogonId":"0x688a86","LogonType":"3","AuthenticationPackageName":"Kerberos","WorkstationName":"-","TargetUserSid":"S-1-5-18","TransmittedServices":"-","ProcessId":"0x0","ProcessName":"-","LogonGuid":"{6C3699F9-21BC-C044-F488-8345FDC7CD94}","LmPackageName":"-","IpAddress":"fe80::3076:9c8f:3acb:98de","SubjectDomainName":"-","KeyLength":"0"},"OpenWEC":{"IpAddress":"10.202.0.93","TimeReceived":"2023-12-08T16:09:44.942226048+00:00","Principal":"MEEREEN$@ESSOS.LOCAL","Subscription":{"Uuid":"CB04741B-9072-4E2D-B769-3570FA020BBD","Version":"6E053E8A-FE0D-45A0-A863-C501EEDB4011","Name":"anssi-subscription"}}}
{"System":{"Provider":{"Name":"Microsoft-Windows-Security-Auditing","Guid":"{54849625-5478-4994-A5BA-3E3B0328C30D}"},"EventID":4624,"Version":2,"Level":0,"Task":12544,"Opcode":0,"Keywords":"0x8020000000000000","TimeCreated":"2023-12-08T16:09:32.443170600Z","EventRecordID":114697,"Correlation":{},"Execution":{"ProcessID":588,"ThreadID":2252},"Channel":"Security","Computer":"meereen.essos.local"},"EventData":{"TargetOutboundUserName":"-","TargetLogonId":"0x688ac0","SubjectDomainName":"-","LmPackageName":"-","KeyLength":"0","IpPort":"50758","ImpersonationLevel":"%%1833","VirtualAccount":"%%1843","RestrictedAdminMode":"-","SubjectUserSid":"S-1-0-0","TargetUserName":"MEEREEN$","LogonGuid":"{6C3699F9-21BC-C044-F488-8345FDC7CD94}","AuthenticationPackageName":"Kerberos","TargetDomainName":"ESSOS.LOCAL","TargetUserSid":"S-1-5-18","TargetOutboundDomainName":"-","LogonType":"3","SubjectUserName":"-","SubjectLogonId":"0x0","TargetLinkedLogonId":"0x0","TransmittedServices":"-","LogonProcessName":"Kerberos","ProcessName":"-","IpAddress":"fe80::3076:9c8f:3acb:98de","ProcessId":"0x0","ElevatedToken":"%%1842","WorkstationName":"-"},"OpenWEC":{"IpAddress":"10.202.0.93","TimeReceived":"2023-12-08T16:09:44.942226048+00:00","Principal":"MEEREEN$@ESSOS.LOCAL","Subscription":{"Uuid":"CB04741B-9072-4E2D-B769-3570FA020BBD","Version":"6E053E8A-FE0D-45A0-A863-C501EEDB4011","Name":"anssi-subscription"}}}
{"System":{"Provider":{"Name":"Microsoft-Windows-Security-Auditing","Guid":"{54849625-5478-4994-A5BA-3E3B0328C30D}"},"EventID":4624,"Version":2,"Level":0,"Task":12544,"Opcode":0,"Keywords":"0x8020000000000000","TimeCreated":"2023-12-08T16:09:32.456290800Z","EventRecordID":114699,"Correlation":{"ActivityID":"{833290A8-29FD-0001-F190-3283FD29DA01}"},"Execution":{"ProcessID":588,"ThreadID":628},"Channel":"Security","Computer":"meereen.essos.local"},"EventData":{"SubjectLogonId":"0x0","IpPort":"0","SubjectDomainName":"-","WorkstationName":"-","TransmittedServices":"-","IpAddress":"::1","TargetUserName":"MEEREEN$","ProcessName":"-","LogonProcessName":"Kerberos","LogonType":"3","RestrictedAdminMode":"-","AuthenticationPackageName":"Kerberos","KeyLength":"0","TargetLinkedLogonId":"0x0","SubjectUserSid":"S-1-0-0","ProcessId":"0x0","SubjectUserName":"-","ImpersonationLevel":"%%1833","TargetOutboundUserName":"-","ElevatedToken":"%%1842","TargetUserSid":"S-1-5-18","VirtualAccount":"%%1843","TargetDomainName":"ESSOS.LOCAL","TargetLogonId":"0x688ba1","LogonGuid":"{6C3699F9-21BC-C044-F488-8345FDC7CD94}","LmPackageName":"-","TargetOutboundDomainName":"-"},"OpenWEC":{"IpAddress":"10.202.0.93","TimeReceived":"2023-12-08T16:09:44.942226048+00:00","Principal":"MEEREEN$@ESSOS.LOCAL","Subscription":{"Uuid":"CB04741B-9072-4E2D-B769-3570FA020BBD","Version":"6E053E8A-FE0D-45A0-A863-C501EEDB4011","Name":"anssi-subscription"}}}
{"System":{"Provider":{"Name":"Microsoft-Windows-Security-Auditing","Guid":"{54849625-5478-4994-A5BA-3E3B0328C30D}"},"EventID":4624,"Version":2,"Level":0,"Task":12544,"Opcode":0,"Keywords":"0x8020000000000000","TimeCreated":"2023-12-08T16:09:32.458283000Z","EventRecordID":114701,"Correlation":{},"Execution":{"ProcessID":588,"ThreadID":2248},"Channel":"Security","Computer":"meereen.essos.local"},"EventData":{"TargetLinkedLogonId":"0x0","ElevatedToken":"%%1842","WorkstationName":"-","RestrictedAdminMode":"-","TargetOutboundDomainName":"-","TargetDomainName":"ESSOS.LOCAL","SubjectDomainName":"-","ImpersonationLevel":"%%1833","SubjectUserName":"-","TargetLogonId":"0x688be4","LmPackageName":"-","SubjectLogonId":"0x0","LogonProcessName":"Kerberos","ProcessId":"0x0","TransmittedServices":"-","TargetOutboundUserName":"-","SubjectUserSid":"S-1-0-0","LogonType":"3","TargetUserName":"MEEREEN$","KeyLength":"0","IpAddress":"10.202.0.93","TargetUserSid":"S-1-5-18","LogonGuid":"{6C3699F9-21BC-C044-F488-8345FDC7CD94}","ProcessName":"-","IpPort":"50759","VirtualAccount":"%%1843","AuthenticationPackageName":"Kerberos"},"OpenWEC":{"IpAddress":"10.202.0.93","TimeReceived":"2023-12-08T16:09:44.942226048+00:00","Principal":"MEEREEN$@ESSOS.LOCAL","Subscription":{"Uuid":"CB04741B-9072-4E2D-B769-3570FA020BBD","Version":"6E053E8A-FE0D-45A0-A863-C501EEDB4011","Name":"anssi-subscription"}}}
{"System":{"Provider":{"Name":"Microsoft-Windows-Security-Auditing","Guid":"{54849625-5478-4994-A5BA-3E3B0328C30D}"},"EventID":4624,"Version":2,"Level":0,"Task":12544,"Opcode":0,"Keywords":"0x8020000000000000","TimeCreated":"2023-12-08T16:09:32.567989100Z","EventRecordID":114703,"Correlation":{"ActivityID":"{833290A8-29FD-0001-F190-3283FD29DA01}"},"Execution":{"ProcessID":588,"ThreadID":628},"Channel":"Security","Computer":"meereen.essos.local"},"EventData":{"TargetUserName":"MEEREEN$","TargetDomainName":"ESSOS.LOCAL","LogonGuid":"{6C3699F9-21BC-C044-F488-8345FDC7CD94}","TransmittedServices":"-","ProcessName":"-","TargetUserSid":"S-1-5-18","VirtualAccount":"%%1843","ProcessId":"0x0","TargetLinkedLogonId":"0x0","AuthenticationPackageName":"Kerberos","ElevatedToken":"%%1842","ImpersonationLevel":"%%1840","SubjectLogonId":"0x0","TargetLogonId":"0x688c54","WorkstationName":"-","SubjectUserSid":"S-1-0-0","RestrictedAdminMode":"-","LmPackageName":"-","IpPort":"50760","SubjectDomainName":"-","TargetOutboundDomainName":"-","LogonType":"3","SubjectUserName":"-","LogonProcessName":"Kerberos","KeyLength":"0","IpAddress":"fe80::3076:9c8f:3acb:98de","TargetOutboundUserName":"-"},"OpenWEC":{"IpAddress":"10.202.0.93","TimeReceived":"2023-12-08T16:09:44.942226048+00:00","Principal":"MEEREEN$@ESSOS.LOCAL","Subscription":{"Uuid":"CB04741B-9072-4E2D-B769-3570FA020BBD","Version":"6E053E8A-FE0D-45A0-A863-C501EEDB4011","Name":"anssi-subscription"}}}
{"System":{"Provider":{"Name":"Microsoft-Windows-Security-Auditing","Guid":"{54849625-5478-4994-A5BA-3E3B0328C30D}"},"EventID":5140,"Version":1,"Level":0,"Task":12808,"Opcode":0,"Keywords":"0x8020000000000000","TimeCreated":"2023-12-08T16:09:32.568282800Z","EventRecordID":114704,"Correlation":{},"Execution":{"ProcessID":4,"ThreadID":3736},"Channel":"Security","Computer":"meereen.essos.local"},"EventData":{"ShareLocalPath":"\\??\\C:\\Windows\\SYSVOL\\sysvol","IpAddress":"fe80::3076:9c8f:3acb:98de","SubjectDomainName":"ESSOS","SubjectUserSid":"S-1-5-18","ObjectType":"File","IpPort":"50760","SubjectLogonId":"0x688c54","ShareName":"\\\\*\\SYSVOL","AccessMask":"0x1","AccessList":"%%4416\n\t\t\t\t","SubjectUserName":"MEEREEN$"},"OpenWEC":{"IpAddress":"10.202.0.93","TimeReceived":"2023-12-08T16:09:44.942226048+00:00","Principal":"MEEREEN$@ESSOS.LOCAL","Subscription":{"Uuid":"CB04741B-9072-4E2D-B769-3570FA020BBD","Version":"6E053E8A-FE0D-45A0-A863-C501EEDB4011","Name":"anssi-subscription"}}}
{"System":{"Provider":{"Name":"Microsoft-Windows-Security-Auditing","Guid":"{54849625-5478-4994-A5BA-3E3B0328C30D}"},"EventID":4624,"Version":2,"Level":0,"Task":12544,"Opcode":0,"Keywords":"0x8020000000000000","TimeCreated":"2023-12-08T16:10:27.876075300Z","EventRecordID":114714,"Correlation":{},"Execution":{"ProcessID":588,"ThreadID":2252},"Channel":"Security","Computer":"meereen.essos.local"},"EventData":{"WorkstationName":"-","ProcessId":"0x0","TargetLinkedLogonId":"0x0","ElevatedToken":"%%1842","LogonType":"3","TargetUserSid":"S-1-5-18","TargetLogonId":"0x68f9b9","ProcessName":"-","TransmittedServices":"-","SubjectUserName":"-","LogonGuid":"{4DAE89EC-640B-593C-8935-87CC0FE7DECD}","IpAddress":"::1","SubjectUserSid":"S-1-0-0","TargetDomainName":"ESSOS.LOCAL","LmPackageName":"-","KeyLength":"0","LogonProcessName":"Kerberos","TargetOutboundUserName":"-","SubjectLogonId":"0x0","SubjectDomainName":"-","AuthenticationPackageName":"Kerberos","TargetOutboundDomainName":"-","ImpersonationLevel":"%%1833","TargetUserName":"MEEREEN$","IpPort":"50789","VirtualAccount":"%%1843","RestrictedAdminMode":"-"},"OpenWEC":{"IpAddress":"10.202.0.93","TimeReceived":"2023-12-08T16:11:58.739429974+00:00","Principal":"MEEREEN$@ESSOS.LOCAL","Subscription":{"Uuid":"CB04741B-9072-4E2D-B769-3570FA020BBD","Version":"6E053E8A-FE0D-45A0-A863-C501EEDB4011","Name":"anssi-subscription"}}}
{"System":{"Provider":{"Name":"Microsoft-Windows-WinRM","Guid":"{A7975C8F-AC13-49F1-87DA-5A984A4AB417}"},"EventID":163,"Version":0,"Level":2,"Task":7,"Opcode":0,"Keywords":"0x400000000000000a","TimeCreated":"2023-12-08T16:10:58.891230300Z","EventRecordID":5304,"Correlation":{"ActivityID":"{833290A8-29FD-0000-2CB3-3283FD29DA01}"},"Execution":{"ProcessID":1100,"ThreadID":5264},"Channel":"Microsoft-Windows-WinRM/Operational","Computer":"meereen.essos.local","UserID":"S-1-5-20"},"EventData":{"authServer5":" ","authServer3":" ","authServer2":" ","authServer1":" ","authClient":"Kerberos","authServer4":" "},"OpenWEC":{"IpAddress":"10.202.0.93","TimeReceived":"2023-12-08T16:11:58.800650053+00:00","Principal":"MEEREEN$@ESSOS.LOCAL","Subscription":{"Uuid":"CB04741B-9072-4E2D-B769-3570FA020BBD","Version":"6E053E8A-FE0D-45A0-A863-C501EEDB4011","Name":"anssi-subscription"}}}
{"System":{"Provider":{"Name":"Microsoft-Windows-Security-Auditing","Guid":"{54849625-5478-4994-A5BA-3E3B0328C30D}"},"EventID":4624,"Version":2,"Level":0,"Task":12544,"Opcode":0,"Keywords":"0x8020000000000000","TimeCreated":"2023-12-08T16:11:27.891369000Z","EventRecordID":114730,"Correlation":{},"Execution":{"ProcessID":588,"ThreadID":2248},"Channel":"Security","Computer":"meereen.essos.local"},"EventData":{"VirtualAccount":"%%1843","AuthenticationPackageName":"Kerberos","LogonGuid":"{4DAE89EC-640B-593C-8935-87CC0FE7DECD}","ProcessName":"-","TargetLogonId":"0x69729e","TargetDomainName":"ESSOS.LOCAL","WorkstationName":"-","KeyLength":"0","ElevatedToken":"%%1842","TargetOutboundUserName":"-","SubjectUserSid":"S-1-0-0","IpPort":"50822","LmPackageName":"-","SubjectUserName":"-","TransmittedServices":"-","TargetLinkedLogonId":"0x0","TargetUserName":"MEEREEN$","SubjectLogonId":"0x0","ImpersonationLevel":"%%1833","TargetUserSid":"S-1-5-18","SubjectDomainName":"-","ProcessId":"0x0","IpAddress":"::1","RestrictedAdminMode":"-","TargetOutboundDomainName":"-","LogonProcessName":"Kerberos","LogonType":"3"},"OpenWEC":{"IpAddress":"10.202.0.93","TimeReceived":"2023-12-08T16:11:58.800650053+00:00","Principal":"MEEREEN$@ESSOS.LOCAL","Subscription":{"Uuid":"CB04741B-9072-4E2D-B769-3570FA020BBD","Version":"6E053E8A-FE0D-45A0-A863-C501EEDB4011","Name":"anssi-subscription"}}}
{"System":{"Provider":{"Name":"Microsoft-Windows-TaskScheduler","Guid":"{DE7B24EA-73C8-4A09-985D-5BDADCFA9017}"},"EventID":107,"Version":0,"Level":4,"Task":107,"Opcode":0,"Keywords":"0x8000000000000000","TimeCreated":"2023-12-08T16:12:04.780130800Z","EventRecordID":4557,"Correlation":{"ActivityID":"{CF3D3512-EC7A-4DF8-BA7D-C5542816220E}"},"Execution":{"ProcessID":1016,"ThreadID":4356},"Channel":"Microsoft-Windows-TaskScheduler/Operational","Computer":"meereen.essos.local","UserID":"S-1-5-18"},"EventData":{"TaskName":"\\GoogleUpdateTaskMachineUA{E8794AD3-5DC4-47BC-AB3A-D97DF24F8916}","InstanceId":"{CF3D3512-EC7A-4DF8-BA7D-C5542816220E}"},"OpenWEC":{"IpAddress":"10.202.0.93","TimeReceived":"2023-12-08T16:12:35.845341704+00:00","Principal":"MEEREEN$@ESSOS.LOCAL","Subscription":{"Uuid":"CB04741B-9072-4E2D-B769-3570FA020BBD","Version":"6E053E8A-FE0D-45A0-A863-C501EEDB4011","Name":"anssi-subscription"}}}
{"System":{"Provider":{"Name":"Microsoft-Windows-Security-Auditing","Guid":"{54849625-5478-4994-A5BA-3E3B0328C30D}"},"EventID":4688,"Version":2,"Level":0,"Task":13312,"Opcode":0,"Keywords":"0x8020000000000000","TimeCreated":"2023-12-08T16:12:04.782524700Z","EventRecordID":114732,"Correlation":{},"Execution":{"ProcessID":4,"ThreadID":2484},"Channel":"Security","Computer":"meereen.essos.local"},"EventData":{"NewProcessName":"C:\\Program Files (x86)\\Google\\Update\\GoogleUpdate.exe","TargetUserName":"-","TargetUserSid":"S-1-0-0","MandatoryLabel":"S-1-16-16384","SubjectDomainName":"ESSOS","SubjectUserSid":"S-1-5-18","ParentProcessName":"C:\\Windows\\System32\\svchost.exe","ProcessId":"0x3f8","TokenElevationType":"%%1936","TargetDomainName":"-","NewProcessId":"0x16c4","SubjectUserName":"MEEREEN$","CommandLine":"","TargetLogonId":"0x0","SubjectLogonId":"0x3e7"},"OpenWEC":{"IpAddress":"10.202.0.93","TimeReceived":"2023-12-08T16:12:35.845341704+00:00","Principal":"MEEREEN$@ESSOS.LOCAL","Subscription":{"Uuid":"CB04741B-9072-4E2D-B769-3570FA020BBD","Version":"6E053E8A-FE0D-45A0-A863-C501EEDB4011","Name":"anssi-subscription"}}}
{"System":{"Provider":{"Name":"Microsoft-Windows-TaskScheduler","Guid":"{DE7B24EA-73C8-4A09-985D-5BDADCFA9017}"},"EventID":129,"Version":0,"Level":4,"Task":129,"Opcode":0,"Keywords":"0x8000000000000000","TimeCreated":"2023-12-08T16:12:04.798872300Z","EventRecordID":4558,"Correlation":{},"Execution":{"ProcessID":1016,"ThreadID":4356},"Channel":"Microsoft-Windows-TaskScheduler/Operational","Computer":"meereen.essos.local","UserID":"S-1-5-18"},"EventData":{"Priority":"16384","ProcessID":"5828","TaskName":"\\GoogleUpdateTaskMachineUA{E8794AD3-5DC4-47BC-AB3A-D97DF24F8916}","Path":"C:\\Program Files (x86)\\Google\\Update\\GoogleUpdate.exe"},"OpenWEC":{"IpAddress":"10.202.0.93","TimeReceived":"2023-12-08T16:12:35.845341704+00:00","Principal":"MEEREEN$@ESSOS.LOCAL","Subscription":{"Uuid":"CB04741B-9072-4E2D-B769-3570FA020BBD","Version":"6E053E8A-FE0D-45A0-A863-C501EEDB4011","Name":"anssi-subscription"}}}
{"System":{"Provider":{"Name":"Microsoft-Windows-TaskScheduler","Guid":"{DE7B24EA-73C8-4A09-985D-5BDADCFA9017}"},"EventID":100,"Version":0,"Level":4,"Task":100,"Opcode":1,"Keywords":"0x8000000000000001","TimeCreated":"2023-12-08T16:12:04.799223800Z","EventRecordID":4559,"Correlation":{"ActivityID":"{CF3D3512-EC7A-4DF8-BA7D-C5542816220E}"},"Execution":{"ProcessID":1016,"ThreadID":4356},"Channel":"Microsoft-Windows-TaskScheduler/Operational","Computer":"meereen.essos.local","UserID":"S-1-5-18"},"EventData":{"TaskName":"\\GoogleUpdateTaskMachineUA{E8794AD3-5DC4-47BC-AB3A-D97DF24F8916}","UserContext":"NT AUTHORITY\\SYSTEM","InstanceId":"{CF3D3512-EC7A-4DF8-BA7D-C5542816220E}"},"OpenWEC":{"IpAddress":"10.202.0.93","TimeReceived":"2023-12-08T16:12:35.845341704+00:00","Principal":"MEEREEN$@ESSOS.LOCAL","Subscription":{"Uuid":"CB04741B-9072-4E2D-B769-3570FA020BBD","Version":"6E053E8A-FE0D-45A0-A863-C501EEDB4011","Name":"anssi-subscription"}}}
{"System":{"Provider":{"Name":"Microsoft-Windows-TaskScheduler","Guid":"{DE7B24EA-73C8-4A09-985D-5BDADCFA9017}"},"EventID":200,"Version":1,"Level":4,"Task":200,"Opcode":1,"Keywords":"0x8000000000000000","TimeCreated":"2023-12-08T16:12:04.799224900Z","EventRecordID":4560,"Correlation":{"ActivityID":"{CF3D3512-EC7A-4DF8-BA7D-C5542816220E}"},"Execution":{"ProcessID":1016,"ThreadID":4356},"Channel":"Microsoft-Windows-TaskScheduler/Operational","Computer":"meereen.essos.local","UserID":"S-1-5-18"},"EventData":{"ActionName":"C:\\Program Files (x86)\\Google\\Update\\GoogleUpdate.exe","TaskInstanceId":"{CF3D3512-EC7A-4DF8-BA7D-C5542816220E}","TaskName":"\\GoogleUpdateTaskMachineUA{E8794AD3-5DC4-47BC-AB3A-D97DF24F8916}","EnginePID":"5828"},"OpenWEC":{"IpAddress":"10.202.0.93","TimeReceived":"2023-12-08T16:12:35.845341704+00:00","Principal":"MEEREEN$@ESSOS.LOCAL","Subscription":{"Uuid":"CB04741B-9072-4E2D-B769-3570FA020BBD","Version":"6E053E8A-FE0D-45A0-A863-C501EEDB4011","Name":"anssi-subscription"}}}
{"System":{"Provider":{"Name":"Microsoft-Windows-Security-Auditing","Guid":"{54849625-5478-4994-A5BA-3E3B0328C30D}"},"EventID":4624,"Version":2,"Level":0,"Task":12544,"Opcode":0,"Keywords":"0x8020000000000000","TimeCreated":"2023-12-08T16:12:27.891261700Z","EventRecordID":114746,"Correlation":{},"Execution":{"ProcessID":588,"ThreadID":2252},"Channel":"Security","Computer":"meereen.essos.local"},"EventData":{"TargetOutboundUserName":"-","LmPackageName":"-","LogonProcessName":"Kerberos","VirtualAccount":"%%1843","SubjectUserSid":"S-1-0-0","TargetLinkedLogonId":"0x0","KeyLength":"0","ProcessId":"0x0","SubjectUserName":"-","ImpersonationLevel":"%%1833","TargetUserSid":"S-1-5-18","WorkstationName":"-","IpAddress":"::1","AuthenticationPackageName":"Kerberos","RestrictedAdminMode":"-","TransmittedServices":"-","LogonGuid":"{4DAE89EC-640B-593C-8935-87CC0FE7DECD}","SubjectLogonId":"0x0","TargetDomainName":"ESSOS.LOCAL","TargetUserName":"MEEREEN$","ElevatedToken":"%%1842","LogonType":"3","SubjectDomainName":"-","ProcessName":"-","TargetOutboundDomainName":"-","TargetLogonId":"0x69ef38","IpPort":"50854"},"OpenWEC":{"IpAddress":"10.202.0.93","TimeReceived":"2023-12-08T16:12:35.845341704+00:00","Principal":"MEEREEN$@ESSOS.LOCAL","Subscription":{"Uuid":"CB04741B-9072-4E2D-B769-3570FA020BBD","Version":"6E053E8A-FE0D-45A0-A863-C501EEDB4011","Name":"anssi-subscription"}}}
{"System":{"Provider":{"Name":"Microsoft-Windows-Security-Auditing","Guid":"{54849625-5478-4994-A5BA-3E3B0328C30D}"},"EventID":4624,"Version":2,"Level":0,"Task":12544,"Opcode":0,"Keywords":"0x8020000000000000","TimeCreated":"2023-12-08T16:13:27.905961900Z","EventRecordID":114762,"Correlation":{},"Execution":{"ProcessID":588,"ThreadID":2248},"Channel":"Security","Computer":"meereen.essos.local"},"EventData":{"SubjectLogonId":"0x0","RestrictedAdminMode":"-","SubjectUserName":"-","KeyLength":"0","ImpersonationLevel":"%%1833","SubjectDomainName":"-","ElevatedToken":"%%1842","WorkstationName":"-","IpAddress":"::1","TargetOutboundDomainName":"-","TransmittedServices":"-","TargetLogonId":"0x6a64cc","TargetUserSid":"S-1-5-18","SubjectUserSid":"S-1-0-0","LmPackageName":"-","AuthenticationPackageName":"Kerberos","TargetUserName":"MEEREEN$","LogonGuid":"{4DAE89EC-640B-593C-8935-87CC0FE7DECD}","ProcessId":"0x0","IpPort":"50885","TargetLinkedLogonId":"0x0","LogonType":"3","ProcessName":"-","VirtualAccount":"%%1843","TargetDomainName":"ESSOS.LOCAL","TargetOutboundUserName":"-","LogonProcessName":"Kerberos"},"OpenWEC":{"IpAddress":"10.202.0.93","TimeReceived":"2023-12-08T16:14:46.226718095+00:00","Principal":"MEEREEN$@ESSOS.LOCAL","Subscription":{"Uuid":"CB04741B-9072-4E2D-B769-3570FA020BBD","Version":"6E053E8A-FE0D-45A0-A863-C501EEDB4011","Name":"anssi-subscription"}}}
{"System":{"Provider":{"Name":"Microsoft-Windows-WinRM","Guid":"{A7975C8F-AC13-49F1-87DA-5A984A4AB417}"},"EventID":163,"Version":0,"Level":2,"Task":7,"Opcode":0,"Keywords":"0x400000000000000a","TimeCreated":"2023-12-08T16:13:58.046835200Z","EventRecordID":5315,"Correlation":{"ActivityID":"{833290A8-29FD-0000-A0B3-3283FD29DA01}"},"Execution":{"ProcessID":1100,"ThreadID":3832},"Channel":"Microsoft-Windows-WinRM/Operational","Computer":"meereen.essos.local","UserID":"S-1-5-20"},"EventData":{"authServer5":" ","authServer2":" ","authServer1":" ","authClient":"Kerberos","authServer4":" ","authServer3":" "},"OpenWEC":{"IpAddress":"10.202.0.93","TimeReceived":"2023-12-08T16:14:46.270164202+00:00","Principal":"MEEREEN$@ESSOS.LOCAL","Subscription":{"Uuid":"CB04741B-9072-4E2D-B769-3570FA020BBD","Version":"6E053E8A-FE0D-45A0-A863-C501EEDB4011","Name":"anssi-subscription"}}}
{"System":{"Provider":{"Name":"Microsoft-Windows-Security-Auditing","Guid":"{54849625-5478-4994-A5BA-3E3B0328C30D}"},"EventID":4624,"Version":2,"Level":0,"Task":12544,"Opcode":0,"Keywords":"0x8020000000000000","TimeCreated":"2023-12-08T16:14:14.609864200Z","EventRecordID":114769,"Correlation":{},"Execution":{"ProcessID":588,"ThreadID":2248},"Channel":"Security","Computer":"meereen.essos.local"},"EventData":{"TargetLinkedLogonId":"0x0","LogonProcessName":"Kerberos","LogonGuid":"{4DAE89EC-640B-593C-8935-87CC0FE7DECD}","TransmittedServices":"-","TargetUserSid":"S-1-5-18","SubjectUserSid":"S-1-0-0","WorkstationName":"-","ProcessName":"-","ImpersonationLevel":"%%1833","LmPackageName":"-","AuthenticationPackageName":"Kerberos","TargetOutboundUserName":"-","IpAddress":"fe80::3076:9c8f:3acb:98de","TargetOutboundDomainName":"-","VirtualAccount":"%%1843","ProcessId":"0x0","SubjectLogonId":"0x0","ElevatedToken":"%%1842","KeyLength":"0","TargetUserName":"MEEREEN$","TargetLogonId":"0x6ace2b","SubjectUserName":"-","TargetDomainName":"ESSOS.LOCAL","IpPort":"50911","LogonType":"3","SubjectDomainName":"-","RestrictedAdminMode":"-"},"OpenWEC":{"IpAddress":"10.202.0.93","TimeReceived":"2023-12-08T16:14:46.270164202+00:00","Principal":"MEEREEN$@ESSOS.LOCAL","Subscription":{"Uuid":"CB04741B-9072-4E2D-B769-3570FA020BBD","Version":"6E053E8A-FE0D-45A0-A863-C501EEDB4011","Name":"anssi-subscription"}}}
{"System":{"Provider":{"Name":"Microsoft-Windows-Security-Auditing","Guid":"{54849625-5478-4994-A5BA-3E3B0328C30D}"},"EventID":4624,"Version":2,"Level":0,"Task":12544,"Opcode":0,"Keywords":"0x8020000000000000","TimeCreated":"2023-12-08T16:14:14.614671400Z","EventRecordID":114772,"Correlation":{},"Execution":{"ProcessID":588,"ThreadID":2248},"Channel":"Security","Computer":"meereen.essos.local"},"EventData":{"KeyLength":"0","SubjectUserSid":"S-1-0-0","LogonGuid":"{4DAE89EC-640B-593C-8935-87CC0FE7DECD}","LmPackageName":"-","RestrictedAdminMode":"-","TargetUserSid":"S-1-5-18","ImpersonationLevel":"%%1833","TargetOutboundDomainName":"-","ElevatedToken":"%%1842","WorkstationName":"-","TargetUserName":"MEEREEN$","SubjectDomainName":"-","AuthenticationPackageName":"Kerberos","TargetLogonId":"0x6ace99","ProcessName":"-","SubjectLogonId":"0x0","SubjectUserName":"-","TargetDomainName":"ESSOS.LOCAL","LogonProcessName":"Kerberos","TargetOutboundUserName":"-","TargetLinkedLogonId":"0x0","ProcessId":"0x0","TransmittedServices":"-","IpAddress":"fe80::3076:9c8f:3acb:98de","VirtualAccount":"%%1843","LogonType":"3","IpPort":"50912"},"OpenWEC":{"IpAddress":"10.202.0.93","TimeReceived":"2023-12-08T16:14:46.270164202+00:00","Principal":"MEEREEN$@ESSOS.LOCAL","Subscription":{"Uuid":"CB04741B-9072-4E2D-B769-3570FA020BBD","Version":"6E053E8A-FE0D-45A0-A863-C501EEDB4011","Name":"anssi-subscription"}}}
{"System":{"Provider":{"Name":"Microsoft-Windows-Security-Auditing","Guid":"{54849625-5478-4994-A5BA-3E3B0328C30D}"},"EventID":4624,"Version":2,"Level":0,"Task":12544,"Opcode":0,"Keywords":"0x8020000000000000","TimeCreated":"2023-12-08T16:14:27.906237300Z","EventRecordID":114775,"Correlation":{},"Execution":{"ProcessID":588,"ThreadID":2248},"Channel":"Security","Computer":"meereen.essos.local"},"EventData":{"SubjectUserSid":"S-1-0-0","LogonProcessName":"Kerberos","TargetUserSid":"S-1-5-18","TargetLogonId":"0x6ae46c","IpPort":"50919","KeyLength":"0","TargetOutboundUserName":"-","VirtualAccount":"%%1843","TargetDomainName":"ESSOS.LOCAL","ProcessName":"-","ElevatedToken":"%%1842","SubjectDomainName":"-","LmPackageName":"-","LogonType":"3","TargetLinkedLogonId":"0x0","IpAddress":"::1","AuthenticationPackageName":"Kerberos","TargetUserName":"MEEREEN$","WorkstationName":"-","TransmittedServices":"-","ImpersonationLevel":"%%1833","ProcessId":"0x0","RestrictedAdminMode":"-","TargetOutboundDomainName":"-","LogonGuid":"{4DAE89EC-640B-593C-8935-87CC0FE7DECD}","SubjectUserName":"-","SubjectLogonId":"0x0"},"OpenWEC":{"IpAddress":"10.202.0.93","TimeReceived":"2023-12-08T16:14:46.270164202+00:00","Principal":"MEEREEN$@ESSOS.LOCAL","Subscription":{"Uuid":"CB04741B-9072-4E2D-B769-3570FA020BBD","Version":"6E053E8A-FE0D-45A0-A863-C501EEDB4011","Name":"anssi-subscription"}}}
{"System":{"Provider":{"Name":"Microsoft-Windows-Security-Auditing","Guid":"{54849625-5478-4994-A5BA-3E3B0328C30D}"},"EventID":4624,"Version":2,"Level":0,"Task":12544,"Opcode":0,"Keywords":"0x8020000000000000","TimeCreated":"2023-12-08T16:14:32.596901600Z","EventRecordID":114778,"Correlation":{},"Execution":{"ProcessID":588,"ThreadID":2248},"Channel":"Security","Computer":"meereen.essos.local"},"EventData":{"TargetLinkedLogonId":"0x0","IpPort":"50923","TargetDomainName":"ESSOS.LOCAL","TargetLogonId":"0x6af336","TransmittedServices":"-","LogonType":"3","LmPackageName":"-","ImpersonationLevel":"%%1833","ProcessId":"0x0","SubjectUserName":"-","SubjectUserSid":"S-1-0-0","IpAddress":"fe80::3076:9c8f:3acb:98de","RestrictedAdminMode":"-","SubjectDomainName":"-","TargetOutboundUserName":"-","KeyLength":"0","ElevatedToken":"%%1842","VirtualAccount":"%%1843","LogonGuid":"{6C3699F9-21BC-C044-F488-8345FDC7CD94}","TargetOutboundDomainName":"-","LogonProcessName":"Kerberos","ProcessName":"-","WorkstationName":"-","TargetUserName":"MEEREEN$","AuthenticationPackageName":"Kerberos","TargetUserSid":"S-1-5-18","SubjectLogonId":"0x0"},"OpenWEC":{"IpAddress":"10.202.0.93","TimeReceived":"2023-12-08T16:14:46.270164202+00:00","Principal":"MEEREEN$@ESSOS.LOCAL","Subscription":{"Uuid":"CB04741B-9072-4E2D-B769-3570FA020BBD","Version":"6E053E8A-FE0D-45A0-A863-C501EEDB4011","Name":"anssi-subscription"}}}
{"System":{"Provider":{"Name":"Microsoft-Windows-Security-Auditing","Guid":"{54849625-5478-4994-A5BA-3E3B0328C30D}"},"EventID":4624,"Version":2,"Level":0,"Task":12544,"Opcode":0,"Keywords":"0x8020000000000000","TimeCreated":"2023-12-08T16:14:32.612641700Z","EventRecordID":114780,"Correlation":{"ActivityID":"{833290A8-29FD-0001-F190-3283FD29DA01}"},"Execution":{"ProcessID":588,"ThreadID":7140},"Channel":"Security","Computer":"meereen.essos.local"},"EventData":{"LogonProcessName":"Kerberos","SubjectLogonId":"0x0","TransmittedServices":"-","LmPackageName":"-","SubjectUserName":"-","TargetUserSid":"S-1-5-18","LogonType":"3","KeyLength":"0","ProcessId":"0x0","AuthenticationPackageName":"Kerberos","WorkstationName":"-","ProcessName":"-","SubjectUserSid":"S-1-0-0","TargetDomainName":"ESSOS.LOCAL","IpAddress":"::1","TargetOutboundUserName":"-","TargetLinkedLogonId":"0x0","SubjectDomainName":"-","TargetLogonId":"0x6af417","IpPort":"0","TargetUserName":"MEEREEN$","ImpersonationLevel":"%%1833","RestrictedAdminMode":"-","LogonGuid":"{6C3699F9-21BC-C044-F488-8345FDC7CD94}","TargetOutboundDomainName":"-","VirtualAccount":"%%1843","ElevatedToken":"%%1842"},"OpenWEC":{"IpAddress":"10.202.0.93","TimeReceived":"2023-12-08T16:14:46.270164202+00:00","Principal":"MEEREEN$@ESSOS.LOCAL","Subscription":{"Uuid":"CB04741B-9072-4E2D-B769-3570FA020BBD","Version":"6E053E8A-FE0D-45A0-A863-C501EEDB4011","Name":"anssi-subscription"}}}
{"System":{"Provider":{"Name":"Microsoft-Windows-Security-Auditing","Guid":"{54849625-5478-4994-A5BA-3E3B0328C30D}"},"EventID":4624,"Version":2,"Level":0,"Task":12544,"Opcode":0,"Keywords":"0x8020000000000000","TimeCreated":"2023-12-08T16:14:32.615491900Z","EventRecordID":114782,"Correlation":{},"Execution":{"ProcessID":588,"ThreadID":2248},"Channel":"Security","Computer":"meereen.essos.local"},"EventData":{"TargetUserSid":"S-1-5-18","LogonType":"3","WorkstationName":"-","TargetOutboundUserName":"-","TargetLogonId":"0x6af45a","LogonProcessName":"Kerberos","RestrictedAdminMode":"-","SubjectUserName":"-","TargetDomainName":"ESSOS.LOCAL","TargetOutboundDomainName":"-","ProcessId":"0x0","ProcessName":"-","TransmittedServices":"-","AuthenticationPackageName":"Kerberos","KeyLength":"0","IpAddress":"10.202.0.93","TargetUserName":"MEEREEN$","IpPort":"50924","ElevatedToken":"%%1842","LogonGuid":"{6C3699F9-21BC-C044-F488-8345FDC7CD94}","VirtualAccount":"%%1843","LmPackageName":"-","SubjectLogonId":"0x0","SubjectDomainName":"-","TargetLinkedLogonId":"0x0","SubjectUserSid":"S-1-0-0","ImpersonationLevel":"%%1833"},"OpenWEC":{"IpAddress":"10.202.0.93","TimeReceived":"2023-12-08T16:14:46.270164202+00:00","Principal":"MEEREEN$@ESSOS.LOCAL","Subscription":{"Uuid":"CB04741B-9072-4E2D-B769-3570FA020BBD","Version":"6E053E8A-FE0D-45A0-A863-C501EEDB4011","Name":"anssi-subscription"}}}
{"System":{"Provider":{"Name":"Microsoft-Windows-Security-Auditing","Guid":"{54849625-5478-4994-A5BA-3E3B0328C30D}"},"EventID":4624,"Version":2,"Level":0,"Task":12544,"Opcode":0,"Keywords":"0x8020000000000000","TimeCreated":"2023-12-08T16:14:32.708201800Z","EventRecordID":114784,"Correlation":{"ActivityID":"{833290A8-29FD-0001-F190-3283FD29DA01}"},"Execution":{"ProcessID":588,"ThreadID":7140},"Channel":"Security","Computer":"meereen.essos.local"},"EventData":{"LogonGuid":"{6C3699F9-21BC-C044-F488-8345FDC7CD94}","VirtualAccount":"%%1843","TargetUserSid":"S-1-5-18","LogonType":"3","ElevatedToken":"%%1842","ImpersonationLevel":"%%1840","WorkstationName":"-","LmPackageName":"-","ProcessName":"-","TargetLogonId":"0x6af4c1","SubjectUserSid":"S-1-0-0","IpAddress":"fe80::3076:9c8f:3acb:98de","TransmittedServices":"-","TargetUserName":"MEEREEN$","TargetOutboundDomainName":"-","AuthenticationPackageName":"Kerberos","SubjectUserName":"-","SubjectLogonId":"0x0","LogonProcessName":"Kerberos","IpPort":"50925","SubjectDomainName":"-","TargetDomainName":"ESSOS.LOCAL","KeyLength":"0","ProcessId":"0x0","RestrictedAdminMode":"-","TargetLinkedLogonId":"0x0","TargetOutboundUserName":"-"},"OpenWEC":{"IpAddress":"10.202.0.93","TimeReceived":"2023-12-08T16:14:46.270164202+00:00","Principal":"MEEREEN$@ESSOS.LOCAL","Subscription":{"Uuid":"CB04741B-9072-4E2D-B769-3570FA020BBD","Version":"6E053E8A-FE0D-45A0-A863-C501EEDB4011","Name":"anssi-subscription"}}}
{"System":{"Provider":{"Name":"Microsoft-Windows-Security-Auditing","Guid":"{54849625-5478-4994-A5BA-3E3B0328C30D}"},"EventID":5140,"Version":1,"Level":0,"Task":12808,"Opcode":0,"Keywords":"0x8020000000000000","TimeCreated":"2023-12-08T16:14:32.708515300Z","EventRecordID":114785,"Correlation":{},"Execution":{"ProcessID":4,"ThreadID":1380},"Channel":"Security","Computer":"meereen.essos.local"},"EventData":{"AccessMask":"0x1","SubjectUserSid":"S-1-5-18","SubjectDomainName":"ESSOS","IpPort":"50925","ShareLocalPath":"\\??\\C:\\Windows\\SYSVOL\\sysvol","SubjectLogonId":"0x6af4c1","SubjectUserName":"MEEREEN$","ObjectType":"File","IpAddress":"fe80::3076:9c8f:3acb:98de","ShareName":"\\\\*\\SYSVOL","AccessList":"%%4416\n\t\t\t\t"},"OpenWEC":{"IpAddress":"10.202.0.93","TimeReceived":"2023-12-08T16:14:46.270164202+00:00","Principal":"MEEREEN$@ESSOS.LOCAL","Subscription":{"Uuid":"CB04741B-9072-4E2D-B769-3570FA020BBD","Version":"6E053E8A-FE0D-45A0-A863-C501EEDB4011","Name":"anssi-subscription"}}}
{"System":{"Provider":{"Name":"Microsoft-Windows-Security-Auditing","Guid":"{54849625-5478-4994-A5BA-3E3B0328C30D}"},"EventID":4624,"Version":2,"Level":0,"Task":12544,"Opcode":0,"Keywords":"0x8020000000000000","TimeCreated":"2023-12-08T16:15:27.921299700Z","EventRecordID":114807,"Correlation":{},"Execution":{"ProcessID":588,"ThreadID":2252},"Channel":"Security","Computer":"meereen.essos.local"},"EventData":{"AuthenticationPackageName":"Kerberos","TargetLinkedLogonId":"0x0","TargetLogonId":"0x6b65d0","LogonGuid":"{4DAE89EC-640B-593C-8935-87CC0FE7DECD}","IpPort":"50955","ImpersonationLevel":"%%1833","RestrictedAdminMode":"-","ElevatedToken":"%%1842","WorkstationName":"-","TargetUserSid":"S-1-5-18","TargetUserName":"MEEREEN$","TargetDomainName":"ESSOS.LOCAL","KeyLength":"0","SubjectUserSid":"S-1-0-0","SubjectDomainName":"-","LogonType":"3","SubjectLogonId":"0x0","LogonProcessName":"Kerberos","LmPackageName":"-","ProcessId":"0x0","ProcessName":"-","TransmittedServices":"-","SubjectUserName":"-","IpAddress":"::1","TargetOutboundUserName":"-","TargetOutboundDomainName":"-","VirtualAccount":"%%1843"},"OpenWEC":{"IpAddress":"10.202.0.93","TimeReceived":"2023-12-08T16:15:46.162511738+00:00","Principal":"MEEREEN$@ESSOS.LOCAL","Subscription":{"Uuid":"CB04741B-9072-4E2D-B769-3570FA020BBD","Version":"6E053E8A-FE0D-45A0-A863-C501EEDB4011","Name":"anssi-subscription"}}}
{"System":{"Provider":{"Name":"Microsoft-Windows-Security-Auditing","Guid":"{54849625-5478-4994-A5BA-3E3B0328C30D}"},"EventID":4624,"Version":2,"Level":0,"Task":12544,"Opcode":0,"Keywords":"0x8020000000000000","TimeCreated":"2023-12-08T16:16:27.936608900Z","EventRecordID":114813,"Correlation":{},"Execution":{"ProcessID":588,"ThreadID":2248},"Channel":"Security","Computer":"meereen.essos.local"},"EventData":{"LmPackageName":"-","ProcessName":"-","IpPort":"50985","LogonProcessName":"Kerberos","TargetLinkedLogonId":"0x0","TransmittedServices":"-","TargetLogonId":"0x6bdfe5","ImpersonationLevel":"%%1833","TargetUserName":"MEEREEN$","SubjectDomainName":"-","LogonType":"3","AuthenticationPackageName":"Kerberos","SubjectUserName":"-","WorkstationName":"-","TargetDomainName":"ESSOS.LOCAL","TargetOutboundUserName":"-","LogonGuid":"{4DAE89EC-640B-593C-8935-87CC0FE7DECD}","TargetUserSid":"S-1-5-18","ProcessId":"0x0","VirtualAccount":"%%1843","SubjectUserSid":"S-1-0-0","TargetOutboundDomainName":"-","SubjectLogonId":"0x0","ElevatedToken":"%%1842","IpAddress":"::1","KeyLength":"0","RestrictedAdminMode":"-"},"OpenWEC":{"IpAddress":"10.202.0.93","TimeReceived":"2023-12-08T16:17:58.797404156+00:00","Principal":"MEEREEN$@ESSOS.LOCAL","Subscription":{"Uuid":"CB04741B-9072-4E2D-B769-3570FA020BBD","Version":"6E053E8A-FE0D-45A0-A863-C501EEDB4011","Name":"anssi-subscription"}}}
{"System":{"Provider":{"Name":"Microsoft-Windows-WinRM","Guid":"{A7975C8F-AC13-49F1-87DA-5A984A4AB417}"},"EventID":163,"Version":0,"Level":2,"Task":7,"Opcode":0,"Keywords":"0x400000000000000a","TimeCreated":"2023-12-08T16:16:58.951655800Z","EventRecordID":5326,"Correlation":{"ActivityID":"{833290A8-29FD-0000-08B4-3283FD29DA01}"},"Execution":{"ProcessID":1100,"ThreadID":1632},"Channel":"Microsoft-Windows-WinRM/Operational","Computer":"meereen.essos.local","UserID":"S-1-5-20"},"EventData":{"authServer5":" ","authClient":"Kerberos","authServer1":" ","authServer3":" ","authServer2":" ","authServer4":" "},"OpenWEC":{"IpAddress":"10.202.0.93","TimeReceived":"2023-12-08T16:17:58.874736861+00:00","Principal":"MEEREEN$@ESSOS.LOCAL","Subscription":{"Uuid":"CB04741B-9072-4E2D-B769-3570FA020BBD","Version":"6E053E8A-FE0D-45A0-A863-C501EEDB4011","Name":"anssi-subscription"}}}
{"System":{"Provider":{"Name":"Microsoft-Windows-Security-Auditing","Guid":"{54849625-5478-4994-A5BA-3E3B0328C30D}"},"EventID":4624,"Version":2,"Level":0,"Task":12544,"Opcode":0,"Keywords":"0x8020000000000000","TimeCreated":"2023-12-08T16:17:27.951699200Z","EventRecordID":114840,"Correlation":{},"Execution":{"ProcessID":588,"ThreadID":2252},"Channel":"Security","Computer":"meereen.essos.local"},"EventData":{"IpPort":"51020","ImpersonationLevel":"%%1833","LogonProcessName":"Kerberos","VirtualAccount":"%%1843","SubjectUserName":"-","TargetLinkedLogonId":"0x0","LmPackageName":"-","ProcessName":"-","TargetOutboundUserName":"-","TargetOutboundDomainName":"-","WorkstationName":"-","LogonType":"3","RestrictedAdminMode":"-","ElevatedToken":"%%1842","KeyLength":"0","SubjectDomainName":"-","TransmittedServices":"-","TargetUserName":"MEEREEN$","LogonGuid":"{4DAE89EC-640B-593C-8935-87CC0FE7DECD}","TargetUserSid":"S-1-5-18","AuthenticationPackageName":"Kerberos","SubjectLogonId":"0x0","TargetDomainName":"ESSOS.LOCAL","TargetLogonId":"0x6c55d4","SubjectUserSid":"S-1-0-0","IpAddress":"::1","ProcessId":"0x0"},"OpenWEC":{"IpAddress":"10.202.0.93","TimeReceived":"2023-12-08T16:17:58.874736861+00:00","Principal":"MEEREEN$@ESSOS.LOCAL","Subscription":{"Uuid":"CB04741B-9072-4E2D-B769-3570FA020BBD","Version":"6E053E8A-FE0D-45A0-A863-C501EEDB4011","Name":"anssi-subscription"}}}
{"System":{"Provider":{"Name":"Microsoft-Windows-Security-Auditing","Guid":"{54849625-5478-4994-A5BA-3E3B0328C30D}"},"EventID":4624,"Version":2,"Level":0,"Task":12544,"Opcode":0,"Keywords":"0x8020000000000000","TimeCreated":"2023-12-08T16:18:27.952778500Z","EventRecordID":114843,"Correlation":{},"Execution":{"ProcessID":588,"ThreadID":2252},"Channel":"Security","Computer":"meereen.essos.local"},"EventData":{"ElevatedToken":"%%1842","TargetLinkedLogonId":"0x0","IpPort":"51053","SubjectUserSid":"S-1-0-0","SubjectUserName":"-","ImpersonationLevel":"%%1833","TargetOutboundDomainName":"-","IpAddress":"::1","TransmittedServices":"-","LogonProcessName":"Kerberos","WorkstationName":"-","TargetUserSid":"S-1-5-18","LmPackageName":"-","LogonGuid":"{4DAE89EC-640B-593C-8935-87CC0FE7DECD}","AuthenticationPackageName":"Kerberos","SubjectDomainName":"-","TargetUserName":"MEEREEN$","ProcessId":"0x0","TargetDomainName":"ESSOS.LOCAL","RestrictedAdminMode":"-","TargetLogonId":"0x6ccee2","KeyLength":"0","SubjectLogonId":"0x0","ProcessName":"-","TargetOutboundUserName":"-","LogonType":"3","VirtualAccount":"%%1843"},"OpenWEC":{"IpAddress":"10.202.0.93","TimeReceived":"2023-12-08T16:18:58.885495393+00:00","Principal":"MEEREEN$@ESSOS.LOCAL","Subscription":{"Uuid":"CB04741B-9072-4E2D-B769-3570FA020BBD","Version":"6E053E8A-FE0D-45A0-A863-C501EEDB4011","Name":"anssi-subscription"}}}
{"System":{"Provider":{"Name":"Microsoft-Windows-Security-Auditing","Guid":"{54849625-5478-4994-A5BA-3E3B0328C30D}"},"EventID":4624,"Version":2,"Level":0,"Task":12544,"Opcode":0,"Keywords":"0x8020000000000000","TimeCreated":"2023-12-08T16:18:45.827050600Z","EventRecordID":114846,"Correlation":{"ActivityID":"{833290A8-29FD-0001-F190-3283FD29DA01}"},"Execution":{"ProcessID":588,"ThreadID":628},"Channel":"Security","Computer":"meereen.essos.local"},"EventData":{"RestrictedAdminMode":"-","LmPackageName":"-","TargetOutboundUserName":"-","TargetOutboundDomainName":"-","VirtualAccount":"%%1843","ElevatedToken":"%%1842","TargetLinkedLogonId":"0x0","SubjectUserSid":"S-1-0-0","LogonType":"3","TransmittedServices":"-","LogonGuid":"{3AAC347E-688E-87C2-7236-4CC07166564B}","AuthenticationPackageName":"Kerberos","ImpersonationLevel":"%%1840","SubjectUserName":"-","TargetDomainName":"ESSOS.LOCAL","LogonProcessName":"Kerberos","SubjectDomainName":"-","TargetUserName":"MEEREEN$","WorkstationName":"-","KeyLength":"0","SubjectLogonId":"0x0","ProcessName":"-","TargetUserSid":"S-1-5-18","IpAddress":"fe80::3076:9c8f:3acb:98de","ProcessId":"0x0","IpPort":"51064","TargetLogonId":"0x6cf599"},"OpenWEC":{"IpAddress":"10.202.0.93","TimeReceived":"2023-12-08T16:18:58.885495393+00:00","Principal":"MEEREEN$@ESSOS.LOCAL","Subscription":{"Uuid":"CB04741B-9072-4E2D-B769-3570FA020BBD","Version":"6E053E8A-FE0D-45A0-A863-C501EEDB4011","Name":"anssi-subscription"}}}
{"System":{"Provider":{"Name":"Microsoft-Windows-Security-Auditing","Guid":"{54849625-5478-4994-A5BA-3E3B0328C30D}"},"EventID":5140,"Version":1,"Level":0,"Task":12808,"Opcode":0,"Keywords":"0x8020000000000000","TimeCreated":"2023-12-08T16:18:45.827363000Z","EventRecordID":114847,"Correlation":{},"Execution":{"ProcessID":4,"ThreadID":6704},"Channel":"Security","Computer":"meereen.essos.local"},"EventData":{"ObjectType":"File","IpPort":"51064","SubjectUserName":"MEEREEN$","IpAddress":"fe80::3076:9c8f:3acb:98de","AccessMask":"0x1","SubjectDomainName":"ESSOS","ShareLocalPath":"\\??\\C:\\Windows\\SYSVOL\\sysvol","ShareName":"\\\\*\\SYSVOL","AccessList":"%%4416\n\t\t\t\t","SubjectLogonId":"0x6cf599","SubjectUserSid":"S-1-5-18"},"OpenWEC":{"IpAddress":"10.202.0.93","TimeReceived":"2023-12-08T16:18:58.885495393+00:00","Principal":"MEEREEN$@ESSOS.LOCAL","Subscription":{"Uuid":"CB04741B-9072-4E2D-B769-3570FA020BBD","Version":"6E053E8A-FE0D-45A0-A863-C501EEDB4011","Name":"anssi-subscription"}}}
{"System":{"Provider":{"Name":"Microsoft-Windows-Security-Auditing","Guid":"{54849625-5478-4994-A5BA-3E3B0328C30D}"},"EventID":4624,"Version":2,"Level":0,"Task":12544,"Opcode":0,"Keywords":"0x8020000000000000","TimeCreated":"2023-12-08T16:19:15.252538000Z","EventRecordID":114852,"Correlation":{},"Execution":{"ProcessID":588,"ThreadID":2252},"Channel":"Security","Computer":"meereen.essos.local"},"EventData":{"RestrictedAdminMode":"-","TargetLinkedLogonId":"0x0","TargetOutboundDomainName":"-","SubjectUserName":"-","LmPackageName":"-","ProcessName":"-","WorkstationName":"-","ProcessId":"0x0","TargetUserSid":"S-1-5-18","LogonType":"3","ImpersonationLevel":"%%1833","ElevatedToken":"%%1842","TargetUserName":"MEEREEN$","AuthenticationPackageName":"Kerberos","LogonGuid":"{4DAE89EC-640B-593C-8935-87CC0FE7DECD}","TargetDomainName":"ESSOS.LOCAL","TargetLogonId":"0x6d339d","SubjectUserSid":"S-1-0-0","KeyLength":"0","SubjectDomainName":"-","TransmittedServices":"-","LogonProcessName":"Kerberos","IpAddress":"fe80::3076:9c8f:3acb:98de","IpPort":"51078","TargetOutboundUserName":"-","SubjectLogonId":"0x0","VirtualAccount":"%%1843"},"OpenWEC":{"IpAddress":"10.202.0.93","TimeReceived":"2023-12-08T16:19:46.121174459+00:00","Principal":"MEEREEN$@ESSOS.LOCAL","Subscription":{"Uuid":"CB04741B-9072-4E2D-B769-3570FA020BBD","Version":"6E053E8A-FE0D-45A0-A863-C501EEDB4011","Name":"anssi-subscription"}}}
{"System":{"Provider":{"Name":"Microsoft-Windows-Security-Auditing","Guid":"{54849625-5478-4994-A5BA-3E3B0328C30D}"},"EventID":4624,"Version":2,"Level":0,"Task":12544,"Opcode":0,"Keywords":"0x8020000000000000","TimeCreated":"2023-12-08T16:19:15.257924200Z","EventRecordID":114855,"Correlation":{},"Execution":{"ProcessID":588,"ThreadID":2248},"Channel":"Security","Computer":"meereen.essos.local"},"EventData":{"TargetUserSid":"S-1-5-18","LogonGuid":"{4DAE89EC-640B-593C-8935-87CC0FE7DECD}","IpPort":"51079","LmPackageName":"-","TransmittedServices":"-","TargetDomainName":"ESSOS.LOCAL","TargetUserName":"MEEREEN$","KeyLength":"0","LogonType":"3","SubjectUserName":"-","ProcessName":"-","RestrictedAdminMode":"-","AuthenticationPackageName":"Kerberos","WorkstationName":"-","TargetOutboundDomainName":"-","TargetOutboundUserName":"-","SubjectLogonId":"0x0","IpAddress":"fe80::3076:9c8f:3acb:98de","ProcessId":"0x0","TargetLinkedLogonId":"0x0","ImpersonationLevel":"%%1833","ElevatedToken":"%%1842","VirtualAccount":"%%1843","SubjectDomainName":"-","LogonProcessName":"Kerberos","SubjectUserSid":"S-1-0-0","TargetLogonId":"0x6d3410"},"OpenWEC":{"IpAddress":"10.202.0.93","TimeReceived":"2023-12-08T16:19:46.121174459+00:00","Principal":"MEEREEN$@ESSOS.LOCAL","Subscription":{"Uuid":"CB04741B-9072-4E2D-B769-3570FA020BBD","Version":"6E053E8A-FE0D-45A0-A863-C501EEDB4011","Name":"anssi-subscription"}}}
