{"System":{"Provider":{"Name":"Microsoft-Windows-Security-Auditing","Guid":"{54849625-5478-4994-A5BA-3E3B0328C30D}"},"EventID":4624,"Version":2,"Level":0,"Task":12544,"Opcode":0,"Keywords":"0x8020000000000000","TimeCreated":"2023-12-08T11:52:15.779809900Z","EventRecordID":107160,"Correlation":{},"Execution":{"ProcessID":588,"ThreadID":1980},"Channel":"Security","Computer":"meereen.essos.local"},"EventData":{"SubjectLogonId":"0x0","WorkstationName":"-","TargetUserName":"MEEREEN$","LogonType":"3","LogonGuid":"{4DAE89EC-640B-593C-8935-87CC0FE7DECD}","SubjectUserSid":"S-1-0-0","TransmittedServices":"-","ProcessName":"-","IpPort":"54255","ImpersonationLevel":"%%1833","TargetOutboundUserName":"-","AuthenticationPackageName":"Kerberos","TargetDomainName":"ESSOS.LOCAL","LmPackageName":"-","TargetUserSid":"S-1-5-18","ElevatedToken":"%%1842","RestrictedAdminMode":"-","ProcessId":"0x0","SubjectDomainName":"-","KeyLength":"0","LogonProcessName":"Kerberos","IpAddress":"fe80::3076:9c8f:3acb:98de","VirtualAccount":"%%1843","SubjectUserName":"-","TargetLogonId":"0x41a314","TargetOutboundDomainName":"-","TargetLinkedLogonId":"0x0"},"OpenWEC":{"IpAddress":"10.202.0.93","TimeReceived":"2023-12-08T11:52:35.627679018+00:00","Principal":"MEEREEN$@ESSOS.LOCAL","Subscription":{"Uuid":"CB04741B-9072-4E2D-B769-3570FA020BBD","Version":"6E053E8A-FE0D-45A0-A863-C501EEDB4011","Name":"anssi-subscription"}}}
{"System":{"Provider":{"Name":"Microsoft-Windows-Security-Auditing","Guid":"{54849625-5478-4994-A5BA-3E3B0328C30D}"},"EventID":4624,"Version":2,"Level":0,"Task":12544,"Opcode":0,"Keywords":"0x8020000000000000","TimeCreated":"2023-12-08T11:53:04.587345100Z","EventRecordID":107236,"Correlation":{},"Execution":{"ProcessID":588,"ThreadID":1980},"Channel":"Security","Computer":"meereen.essos.local"},"EventData":{"TargetLogonId":"0x4206b1","ProcessName":"-","LogonType":"3","TargetDomainName":"ESSOS.LOCAL","IpAddress":"::1","IpPort":"54278","TransmittedServices":"-","ProcessId":"0x0","ImpersonationLevel":"%%1833","TargetOutboundDomainName":"-","LmPackageName":"-","SubjectUserName":"-","TargetUserName":"MEEREEN$","LogonProcessName":"Kerberos","SubjectUserSid":"S-1-0-0","SubjectDomainName":"-","SubjectLogonId":"0x0","TargetOutboundUserName":"-","TargetLinkedLogonId":"0x0","TargetUserSid":"S-1-5-18","WorkstationName":"-","ElevatedToken":"%%1842","VirtualAccount":"%%1843","LogonGuid":"{4DAE89EC-640B-593C-8935-87CC0FE7DECD}","RestrictedAdminMode":"-","KeyLength":"0","AuthenticationPackageName":"Kerberos"},"OpenWEC":{"IpAddress":"10.202.0.93","TimeReceived":"2023-12-08T11:53:35.643121514+00:00","Principal":"MEEREEN$@ESSOS.LOCAL","Subscription":{"Uuid":"CB04741B-9072-4E2D-B769-3570FA020BBD","Version":"6E053E8A-FE0D-45A0-A863-C501EEDB4011","Name":"anssi-subscription"}}}
{"System":{"Provider":{"Name":"Microsoft-Windows-Security-Auditing","Guid":"{54849625-5478-4994-A5BA-3E3B0328C30D}"},"EventID":4624,"Version":2,"Level":0,"Task":12544,"Opcode":0,"Keywords":"0x8020000000000000","TimeCreated":"2023-12-08T11:54:04.606013300Z","EventRecordID":107288,"Correlation":{},"Execution":{"ProcessID":588,"ThreadID":1980},"Channel":"Security","Computer":"meereen.essos.local"},"EventData":{"TargetDomainName":"ESSOS.LOCAL","LogonType":"3","ProcessId":"0x0","ImpersonationLevel":"%%1833","LmPackageName":"-","RestrictedAdminMode":"-","VirtualAccount":"%%1843","IpAddress":"::1","TargetLogonId":"0x427dfa","LogonProcessName":"Kerberos","TargetOutboundUserName":"-","IpPort":"54309","WorkstationName":"-","TargetUserName":"MEEREEN$","SubjectUserSid":"S-1-0-0","SubjectDomainName":"-","TransmittedServices":"-","AuthenticationPackageName":"Kerberos","LogonGuid":"{4DAE89EC-640B-593C-8935-87CC0FE7DECD}","ProcessName":"-","SubjectLogonId":"0x0","SubjectUserName":"-","KeyLength":"0","TargetOutboundDomainName":"-","TargetLinkedLogonId":"0x0","ElevatedToken":"%%1842","TargetUserSid":"S-1-5-18"},"OpenWEC":{"IpAddress":"10.202.0.93","TimeReceived":"2023-12-08T11:54:35.643414794+00:00","Principal":"MEEREEN$@ESSOS.LOCAL","Subscription":{"Uuid":"CB04741B-9072-4E2D-B769-3570FA020BBD","Version":"6E053E8A-FE0D-45A0-A863-C501EEDB4011","Name":"anssi-subscription"}}}
{"System":{"Provider":{"Name":"Microsoft-Windows-Security-Auditing","Guid":"{54849625-5478-4994-A5BA-3E3B0328C30D}"},"EventID":4624,"Version":2,"Level":0,"Task":12544,"Opcode":0,"Keywords":"0x8020000000000000","TimeCreated":"2023-12-08T11:55:04.617977900Z","EventRecordID":107346,"Correlation":{},"Execution":{"ProcessID":588,"ThreadID":2248},"Channel":"Security","Computer":"meereen.essos.local"},"EventData":{"LogonGuid":"{4DAE89EC-640B-593C-8935-87CC0FE7DECD}","RestrictedAdminMode":"-","TargetUserSid":"S-1-5-18","AuthenticationPackageName":"Kerberos","LmPackageName":"-","IpAddress":"::1","IpPort":"54339","ProcessId":"0x0","SubjectUserSid":"S-1-0-0","TargetOutboundUserName":"-","TargetUserName":"MEEREEN$","TargetLogonId":"0x42f394","TargetOutboundDomainName":"-","TargetLinkedLogonId":"0x0","TargetDomainName":"ESSOS.LOCAL","ElevatedToken":"%%1842","LogonType":"3","SubjectLogonId":"0x0","KeyLength":"0","ImpersonationLevel":"%%1833","VirtualAccount":"%%1843","TransmittedServices":"-","LogonProcessName":"Kerberos","ProcessName":"-","SubjectDomainName":"-","WorkstationName":"-","SubjectUserName":"-"},"OpenWEC":{"IpAddress":"10.202.0.93","TimeReceived":"2023-12-08T11:55:35.674295840+00:00","Principal":"MEEREEN$@ESSOS.LOCAL","Subscription":{"Uuid":"CB04741B-9072-4E2D-B769-3570FA020BBD","Version":"6E053E8A-FE0D-45A0-A863-C501EEDB4011","Name":"anssi-subscription"}}}
{"System":{"Provider":{"Name":"Microsoft-Windows-Security-Auditing","Guid":"{54849625-5478-4994-A5BA-3E3B0328C30D}"},"EventID":4624,"Version":2,"Level":0,"Task":12544,"Opcode":0,"Keywords":"0x8020000000000000","TimeCreated":"2023-12-08T11:56:04.648258400Z","EventRecordID":107412,"Correlation":{},"Execution":{"ProcessID":588,"ThreadID":2248},"Channel":"Security","Computer":"meereen.essos.local"},"EventData":{"AuthenticationPackageName":"Kerberos","LogonType":"3","SubjectUserSid":"S-1-0-0","LogonProcessName":"Kerberos","IpAddress":"::1","SubjectUserName":"-","KeyLength":"0","RestrictedAdminMode":"-","SubjectDomainName":"-","ImpersonationLevel":"%%1833","TargetOutboundDomainName":"-","TargetLinkedLogonId":"0x0","ElevatedToken":"%%1842","IpPort":"54368","WorkstationName":"-","LogonGuid":"{4DAE89EC-640B-593C-8935-87CC0FE7DECD}","LmPackageName":"-","SubjectLogonId":"0x0","TargetUserSid":"S-1-5-18","ProcessName":"-","VirtualAccount":"%%1843","TargetLogonId":"0x4368ae","TargetOutboundUserName":"-","TargetDomainName":"ESSOS.LOCAL","TargetUserName":"MEEREEN$","TransmittedServices":"-","ProcessId":"0x0"},"OpenWEC":{"IpAddress":"10.202.0.93","TimeReceived":"2023-12-08T11:56:35.705789176+00:00","Principal":"MEEREEN$@ESSOS.LOCAL","Subscription":{"Uuid":"CB04741B-9072-4E2D-B769-3570FA020BBD","Version":"6E053E8A-FE0D-45A0-A863-C501EEDB4011","Name":"anssi-subscription"}}}
{"System":{"Provider":{"Name":"Microsoft-Windows-Security-Auditing","Guid":"{54849625-5478-4994-A5BA-3E3B0328C30D}"},"EventID":4624,"Version":2,"Level":0,"Task":12544,"Opcode":0,"Keywords":"0x8020000000000000","TimeCreated":"2023-12-08T11:39:40.736692200Z","EventRecordID":107437,"Correlation":{"ActivityID":"{833290A8-29FD-0001-F190-3283FD29DA01}"},"Execution":{"ProcessID":588,"ThreadID":988},"Channel":"Security","Computer":"meereen.essos.local"},"EventData":{"KeyLength":"0","SubjectUserSid":"S-1-0-0","LogonGuid":"{3AAC347E-688E-87C2-7236-4CC07166564B}","IpPort":"54381","ImpersonationLevel":"%%1840","TargetLogonId":"0x4391f6","TargetOutboundUserName":"-","SubjectLogonId":"0x0","WorkstationName":"-","TargetLinkedLogonId":"0x0","TargetOutboundDomainName":"-","ElevatedToken":"%%1842","LogonProcessName":"Kerberos","ProcessId":"0x0","LmPackageName":"-","TargetUserSid":"S-1-5-18","TargetUserName":"MEEREEN$","TargetDomainName":"ESSOS.LOCAL","AuthenticationPackageName":"Kerberos","ProcessName":"-","SubjectDomainName":"-","IpAddress":"fe80::3076:9c8f:3acb:98de","VirtualAccount":"%%1843","RestrictedAdminMode":"-","LogonType":"3","SubjectUserName":"-","TransmittedServices":"-"},"OpenWEC":{"IpAddress":"10.202.0.93","TimeReceived":"2023-12-08T11:56:35.705789176+00:00","Principal":"MEEREEN$@ESSOS.LOCAL","Subscription":{"Uuid":"CB04741B-9072-4E2D-B769-3570FA020BBD","Version":"6E053E8A-FE0D-45A0-A863-C501EEDB4011","Name":"anssi-subscription"}}}
{"System":{"Provider":{"Name":"Microsoft-Windows-Security-Auditing","Guid":"{54849625-5478-4994-A5BA-3E3B0328C30D}"},"EventID":5140,"Version":1,"Level":0,"Task":12808,"Opcode":0,"Keywords":"0x8020000000000000","TimeCreated":"2023-12-08T11:39:40.736940100Z","EventRecordID":107438,"Correlation":{},"Execution":{"ProcessID":4,"ThreadID":1124},"Channel":"Security","Computer":"meereen.essos.local"},"EventData":{"ShareLocalPath":"\\??\\C:\\Windows\\SYSVOL\\sysvol","SubjectUserSid":"S-1-5-18","IpAddress":"fe80::3076:9c8f:3acb:98de","AccessMask":"0x1","SubjectDomainName":"ESSOS","SubjectUserName":"MEEREEN$","ShareName":"\\\\*\\SYSVOL","IpPort":"54381","ObjectType":"File","AccessList":"%%4416\n\t\t\t\t","SubjectLogonId":"0x4391f6"},"OpenWEC":{"IpAddress":"10.202.0.93","TimeReceived":"2023-12-08T11:56:35.705789176+00:00","Principal":"MEEREEN$@ESSOS.LOCAL","Subscription":{"Uuid":"CB04741B-9072-4E2D-B769-3570FA020BBD","Version":"6E053E8A-FE0D-45A0-A863-C501EEDB4011","Name":"anssi-subscription"}}}
{"System":{"Provider":{"Name":"Microsoft-Windows-Security-Auditing","Guid":"{54849625-5478-4994-A5BA-3E3B0328C30D}"},"EventID":4688,"Version":2,"Level":0,"Task":13312,"Opcode":0,"Keywords":"0x8020000000000000","TimeCreated":"2023-12-08T11:39:57.534046700Z","EventRecordID":107449,"Correlation":{},"Execution":{"ProcessID":4,"ThreadID":5928},"Channel":"Security","Computer":"meereen.essos.local"},"EventData":{"NewProcessId":"0x9b4","TokenElevationType":"%%1936","SubjectUserName":"MEEREEN$","ProcessId":"0x244","TargetUserSid":"S-1-0-0","MandatoryLabel":"S-1-16-16384","SubjectUserSid":"S-1-5-18","SubjectLogonId":"0x3e7","TargetUserName":"MEEREEN$","TargetDomainName":"ESSOS","CommandLine":"","TargetLogonId":"0x3e4","ParentProcessName":"C:\\Windows\\System32\\services.exe","SubjectDomainName":"ESSOS","NewProcessName":"C:\\Windows\\System32\\sppsvc.exe"},"OpenWEC":{"IpAddress":"10.202.0.93","TimeReceived":"2023-12-08T11:57:10.503873322+00:00","Principal":"MEEREEN$@ESSOS.LOCAL","Subscription":{"Uuid":"CB04741B-9072-4E2D-B769-3570FA020BBD","Version":"6E053E8A-FE0D-45A0-A863-C501EEDB4011","Name":"anssi-subscription"}}}
{"System":{"Provider":{"Name":"Microsoft-Windows-Security-Auditing","Guid":"{54849625-5478-4994-A5BA-3E3B0328C30D}"},"EventID":4624,"Version":2,"Level":0,"Task":12544,"Opcode":0,"Keywords":"0x8020000000000000","TimeCreated":"2023-12-08T11:40:30.193306000Z","EventRecordID":107486,"Correlation":{},"Execution":{"ProcessID":588,"ThreadID":2248},"Channel":"Security","Computer":"meereen.essos.local"},"EventData":{"WorkstationName":"-","SubjectLogonId":"0x0","TargetUserName":"MEEREEN$","SubjectUserSid":"S-1-0-0","LmPackageName":"-","LogonType":"3","KeyLength":"0","ProcessName":"-","ImpersonationLevel":"%%1833","TargetLogonId":"0x43e947","LogonGuid":"{4DAE89EC-640B-593C-8935-87CC0FE7DECD}","ProcessId":"0x0","IpAddress":"::1","RestrictedAdminMode":"-","TargetOutboundUserName":"-","TargetOutboundDomainName":"-","SubjectDomainName":"-","AuthenticationPackageName":"Kerberos","SubjectUserName":"-","TargetDomainName":"ESSOS.LOCAL","TargetLinkedLogonId":"0x0","TargetUserSid":"S-1-5-18","LogonProcessName":"Kerberos","TransmittedServices":"-","IpPort":"54402","VirtualAccount":"%%1843","ElevatedToken":"%%1842"},"OpenWEC":{"IpAddress":"10.202.0.93","TimeReceived":"2023-12-08T11:57:10.503873322+00:00","Principal":"MEEREEN$@ESSOS.LOCAL","Subscription":{"Uuid":"CB04741B-9072-4E2D-B769-3570FA020BBD","Version":"6E053E8A-FE0D-45A0-A863-C501EEDB4011","Name":"anssi-subscription"}}}
{"System":{"Provider":{"Name":"Microsoft-Windows-Security-Auditing","Guid":"{54849625-5478-4994-A5BA-3E3B0328C30D}"},"EventID":4624,"Version":2,"Level":0,"Task":12544,"Opcode":0,"Keywords":"0x8020000000000000","TimeCreated":"2023-12-08T11:40:35.525623700Z","EventRecordID":107491,"Correlation":{},"Execution":{"ProcessID":588,"ThreadID":2248},"Channel":"Security","Computer":"meereen.essos.local"},"EventData":{"WorkstationName":"-","TargetOutboundDomainName":"-","ElevatedToken":"%%1842","SubjectUserSid":"S-1-0-0","TargetOutboundUserName":"-","LogonType":"3","LogonGuid":"{6C3699F9-21BC-C044-F488-8345FDC7CD94}","SubjectUserName":"-","SubjectDomainName":"-","TransmittedServices":"-","LogonProcessName":"Kerberos","KeyLength":"0","SubjectLogonId":"0x0","ImpersonationLevel":"%%1833","RestrictedAdminMode":"-","TargetUserSid":"S-1-5-18","TargetLinkedLogonId":"0x0","TargetDomainName":"ESSOS.LOCAL","TargetLogonId":"0x43f8d7","IpPort":"54405","VirtualAccount":"%%1843","AuthenticationPackageName":"Kerberos","LmPackageName":"-","ProcessId":"0x0","TargetUserName":"MEEREEN$","IpAddress":"fe80::3076:9c8f:3acb:98de","ProcessName":"-"},"OpenWEC":{"IpAddress":"10.202.0.93","TimeReceived":"2023-12-08T11:57:10.503873322+00:00","Principal":"MEEREEN$@ESSOS.LOCAL","Subscription":{"Uuid":"CB04741B-9072-4E2D-B769-3570FA020BBD","Version":"6E053E8A-FE0D-45A0-A863-C501EEDB4011","Name":"anssi-subscription"}}}
{"System":{"Provider":{"Name":"Microsoft-Windows-Security-Auditing","Guid":"{54849625-5478-4994-A5BA-3E3B0328C30D}"},"EventID":4624,"Version":2,"Level":0,"Task":12544,"Opcode":0,"Keywords":"0x8020000000000000","TimeCreated":"2023-12-08T11:40:35.544634500Z","EventRecordID":107493,"Correlation":{"ActivityID":"{833290A8-29FD-0001-F190-3283FD29DA01}"},"Execution":{"ProcessID":588,"ThreadID":640},"Channel":"Security","Computer":"meereen.essos.local"},"EventData":{"VirtualAccount":"%%1843","ElevatedToken":"%%1842","WorkstationName":"-","TargetOutboundDomainName":"-","IpAddress":"::1","SubjectDomainName":"-","TargetLogonId":"0x43f9b7","SubjectLogonId":"0x0","LogonGuid":"{6C3699F9-21BC-C044-F488-8345FDC7CD94}","TargetUserSid":"S-1-5-18","TargetDomainName":"ESSOS.LOCAL","ProcessName":"-","IpPort":"0","ImpersonationLevel":"%%1833","TransmittedServices":"-","ProcessId":"0x0","RestrictedAdminMode":"-","LogonType":"3","AuthenticationPackageName":"Kerberos","KeyLength":"0","TargetUserName":"MEEREEN$","LogonProcessName":"Kerberos","TargetLinkedLogonId":"0x0","SubjectUserName":"-","TargetOutboundUserName":"-","SubjectUserSid":"S-1-0-0","LmPackageName":"-"},"OpenWEC":{"IpAddress":"10.202.0.93","TimeReceived":"2023-12-08T11:57:10.503873322+00:00","Principal":"MEEREEN$@ESSOS.LOCAL","Subscription":{"Uuid":"CB04741B-9072-4E2D-B769-3570FA020BBD","Version":"6E053E8A-FE0D-45A0-A863-C501EEDB4011","Name":"anssi-subscription"}}}
{"System":{"Provider":{"Name":"Microsoft-Windows-Security-Auditing","Guid":"{54849625-5478-4994-A5BA-3E3B0328C30D}"},"EventID":4624,"Version":2,"Level":0,"Task":12544,"Opcode":0,"Keywords":"0x8020000000000000","TimeCreated":"2023-12-08T11:40:35.547373800Z","EventRecordID":107495,"Correlation":{},"Execution":{"ProcessID":588,"ThreadID":2248},"Channel":"Security","Computer":"meereen.essos.local"},"EventData":{"RestrictedAdminMode":"-","TransmittedServices":"-","AuthenticationPackageName":"Kerberos","ProcessName":"-","SubjectUserName":"-","SubjectDomainName":"-","LogonProcessName":"Kerberos","TargetUserName":"MEEREEN$","VirtualAccount":"%%1843","SubjectLogonId":"0x0","TargetDomainName":"ESSOS.LOCAL","WorkstationName":"-","LmPackageName":"-","ProcessId":"0x0","LogonType":"3","IpAddress":"10.202.0.93","LogonGuid":"{6C3699F9-21BC-C044-F488-8345FDC7CD94}","IpPort":"54406","TargetLinkedLogonId":"0x0","SubjectUserSid":"S-1-0-0","ImpersonationLevel":"%%1833","TargetUserSid":"S-1-5-18","ElevatedToken":"%%1842","TargetLogonId":"0x43f9fc","TargetOutboundUserName":"-","TargetOutboundDomainName":"-","KeyLength":"0"},"OpenWEC":{"IpAddress":"10.202.0.93","TimeReceived":"2023-12-08T11:57:10.503873322+00:00","Principal":"MEEREEN$@ESSOS.LOCAL","Subscription":{"Uuid":"CB04741B-9072-4E2D-B769-3570FA020BBD","Version":"6E053E8A-FE0D-45A0-A863-C501EEDB4011","Name":"anssi-subscription"}}}
{"System":{"Provider":{"Name":"Microsoft-Windows-Security-Auditing","Guid":"{54849625-5478-4994-A5BA-3E3B0328C30D}"},"EventID":4624,"Version":2,"Level":0,"Task":12544,"Opcode":0,"Keywords":"0x8020000000000000","TimeCreated":"2023-12-08T11:40:35.687954700Z","EventRecordID":107497,"Correlation":{"ActivityID":"{833290A8-29FD-0001-F190-3283FD29DA01}"},"Execution":{"ProcessID":588,"ThreadID":640},"Channel":"Security","Computer":"meereen.essos.local"},"EventData":{"ProcessId":"0x0","TargetLinkedLogonId":"0x0","ElevatedToken":"%%1842","SubjectUserName":"-","LogonType":"3","LogonGuid":"{6C3699F9-21BC-C044-F488-8345FDC7CD94}","IpPort":"54407","ImpersonationLevel":"%%1840","RestrictedAdminMode":"-","TargetUserName":"MEEREEN$","ProcessName":"-","TargetOutboundDomainName":"-","SubjectDomainName":"-","SubjectLogonId":"0x0","KeyLength":"0","TransmittedServices":"-","SubjectUserSid":"S-1-0-0","LmPackageName":"-","TargetOutboundUserName":"-","WorkstationName":"-","VirtualAccount":"%%1843","TargetUserSid":"S-1-5-18","TargetDomainName":"ESSOS.LOCAL","IpAddress":"fe80::3076:9c8f:3acb:98de","AuthenticationPackageName":"Kerberos","TargetLogonId":"0x43fa62","LogonProcessName":"Kerberos"},"OpenWEC":{"IpAddress":"10.202.0.93","TimeReceived":"2023-12-08T11:57:10.503873322+00:00","Principal":"MEEREEN$@ESSOS.LOCAL","Subscription":{"Uuid":"CB04741B-9072-4E2D-B769-3570FA020BBD","Version":"6E053E8A-FE0D-45A0-A863-C501EEDB4011","Name":"anssi-subscription"}}}
{"System":{"Provider":{"Name":"Microsoft-Windows-Security-Auditing","Guid":"{54849625-5478-4994-A5BA-3E3B0328C30D}"},"EventID":5140,"Version":1,"Level":0,"Task":12808,"Opcode":0,"Keywords":"0x8020000000000000","TimeCreated":"2023-12-08T11:40:35.688336700Z","EventRecordID":107498,"Correlation":{},"Execution":{"ProcessID":4,"ThreadID":4644},"Channel":"Security","Computer":"meereen.essos.local"},"EventData":{"SubjectUserName":"MEEREEN$","IpPort":"54407","SubjectUserSid":"S-1-5-18","SubjectLogonId":"0x43fa62","IpAddress":"fe80::3076:9c8f:3acb:98de","ShareName":"\\\\*\\SYSVOL","ObjectType":"File","AccessMask":"0x1","AccessList":"%%4416\n\t\t\t\t","SubjectDomainName":"ESSOS","ShareLocalPath":"\\??\\C:\\Windows\\SYSVOL\\sysvol"},"OpenWEC":{"IpAddress":"10.202.0.93","TimeReceived":"2023-12-08T11:57:10.503873322+00:00","Principal":"MEEREEN$@ESSOS.LOCAL","Subscription":{"Uuid":"CB04741B-9072-4E2D-B769-3570FA020BBD","Version":"6E053E8A-FE0D-45A0-A863-C501EEDB4011","Name":"anssi-subscription"}}}
{"System":{"Provider":{"Name":"Microsoft-Windows-Security-Auditing","Guid":"{54849625-5478-4994-A5BA-3E3B0328C30D}"},"EventID":4702,"Version":0,"Level":0,"Task":12804,"Opcode":0,"Keywords":"0x8020000000000000","TimeCreated":"2023-12-08T11:40:37.691151300Z","EventRecordID":107506,"Correlation":{"ActivityID":"{833290A8-29FD-0001-F190-3283FD29DA01}"},"Execution":{"ProcessID":588,"ThreadID":988},"Channel":"Security","Computer":"meereen.essos.local"},"EventData":{"SubjectUserName":"MEEREEN$","SubjectLogonId":"0x3e4","TaskName":"\\Microsoft\\Windows\\SoftwareProtectionPlatform\\SvcRestartTask","TaskContentNew":"<?xml version=\"1.0\" encoding=\"UTF-16\"?>\n<Task version=\"1.5\" xmlns=\"http://schemas.microsoft.com/windows/2004/02/mit/task\">\n  <RegistrationInfo>\n    <Source>$(@%systemroot%\\system32\\sppc.dll,-200)</Source>\n    <Author>$(@%systemroot%\\system32\\sppc.dll,-200)</Author>\n    <Version>1.0</Version>\n    <Description>$(@%systemroot%\\system32\\sppc.dll,-201)</Description>\n    <URI>\\Microsoft\\Windows\\SoftwareProtectionPlatform\\SvcRestartTask</URI>\n    <SecurityDescriptor>D:P(A;;FA;;;SY)(A;;FA;;;BA)(A;;FA;;;S-1-5-80-123231216-2592883651-3715271367-3753151631-4175906628)(A;;FR;;;S-1-5-87-2912274048-3994893941-1669128114-1310430903-1263774323)</SecurityDescriptor>\n  </RegistrationInfo>\n  <Triggers>\n    <CalendarTrigger>\n      <StartBoundary>2023-12-09T11:39:37Z</StartBoundary>\n      <Enabled>true</Enabled>\n      <ScheduleByDay>\n        <DaysInterval>1</DaysInterval>\n      </ScheduleByDay>\n    </CalendarTrigger>\n  </Triggers>\n  <Principals>\n    <Principal id=\"NetworkService\">\n      <UserId>S-1-5-20</UserId>\n      <RunLevel>LeastPrivilege</RunLevel>\n    </Principal>\n  </Principals>\n  <Settings>\n    <MultipleInstancesPolicy>IgnoreNew</MultipleInstancesPolicy>\n    <DisallowStartIfOnBatteries>false</DisallowStartIfOnBatteries>\n    <StopIfGoingOnBatteries>false</StopIfGoingOnBatteries>\n    <AllowHardTerminate>false</AllowHardTerminate>\n    <StartWhenAvailable>true</StartWhenAvailable>\n    <RunOnlyIfNetworkAvailable>false</RunOnlyIfNetworkAvailable>\n    <IdleSettings>\n      <StopOnIdleEnd>true</StopOnIdleEnd>\n      <RestartOnIdle>false</RestartOnIdle>\n    </IdleSettings>\n    <AllowStartOnDemand>true</AllowStartOnDemand>\n    <Enabled>true</Enabled>\n    <Hidden>true</Hidden>\n    <RunOnlyIfIdle>false</RunOnlyIfIdle>\n    <DisallowStartOnRemoteAppSession>false</DisallowStartOnRemoteAppSession>\n    <UseUnifiedSchedulingEngine>true</UseUnifiedSchedulingEngine>\n    <WakeToRun>false</WakeToRun>\n    <ExecutionTimeLimit>PT0S</ExecutionTimeLimit>\n    <Priority>7</Priority>\n    <RestartOnFailure>\n      <Interval>PT1M</Interval>\n      <Count>3</Count>\n    </RestartOnFailure>\n  </Settings>\n  <Actions Context=\"NetworkService\">\n    <ComHandler>\n      <ClassId>{B1AEBB5D-EAD9-4476-B375-9C3ED9F32AFC}</ClassId>\n      <Data><![CDATA[timer]]></Data>\n    </ComHandler>\n  </Actions>\n</Task>","SubjectUserSid":"S-1-5-20","SubjectDomainName":"ESSOS"},"OpenWEC":{"IpAddress":"10.202.0.93","TimeReceived":"2023-12-08T11:57:40.815663655+00:00","Principal":"MEEREEN$@ESSOS.LOCAL","Subscription":{"Uuid":"CB04741B-9072-4E2D-B769-3570FA020BBD","Version":"6E053E8A-FE0D-45A0-A863-C501EEDB4011","Name":"anssi-subscription"}}}
{"System":{"Provider":{"Name":"Microsoft-Windows-TaskScheduler","Guid":"{DE7B24EA-73C8-4A09-985D-5BDADCFA9017}"},"EventID":140,"Version":0,"Level":4,"Task":140,"Opcode":0,"Keywords":"0x8000000000000000","TimeCreated":"2023-12-08T11:40:37.691029000Z","EventRecordID":4491,"Correlation":{},"Execution":{"ProcessID":1016,"ThreadID":1800},"Channel":"Microsoft-Windows-TaskScheduler/Operational","Computer":"meereen.essos.local","UserID":"S-1-5-18"},"EventData":{"TaskName":"\\Microsoft\\Windows\\SoftwareProtectionPlatform\\SvcRestartTask","UserName":"ESSOS\\MEEREEN$"},"OpenWEC":{"IpAddress":"10.202.0.93","TimeReceived":"2023-12-08T11:57:40.815663655+00:00","Principal":"MEEREEN$@ESSOS.LOCAL","Subscription":{"Uuid":"CB04741B-9072-4E2D-B769-3570FA020BBD","Version":"6E053E8A-FE0D-45A0-A863-C501EEDB4011","Name":"anssi-subscription"}}}
{"System":{"Provider":{"Name":"Microsoft-Windows-Security-Auditing","Guid":"{54849625-5478-4994-A5BA-3E3B0328C30D}"},"EventID":4624,"Version":2,"Level":0,"Task":12544,"Opcode":0,"Keywords":"0x8020000000000000","TimeCreated":"2023-12-08T11:40:47.448825800Z","EventRecordID":107511,"Correlation":{},"Execution":{"ProcessID":588,"ThreadID":2248},"Channel":"Security","Computer":"meereen.essos.local"},"EventData":{"ElevatedToken":"%%1842","VirtualAccount":"%%1843","LogonGuid":"{4DAE89EC-640B-593C-8935-87CC0FE7DECD}","TransmittedServices":"-","TargetOutboundDomainName":"-","LmPackageName":"-","KeyLength":"0","AuthenticationPackageName":"Kerberos","SubjectUserName":"-","LogonType":"3","TargetLinkedLogonId":"0x0","IpPort":"54414","IpAddress":"fe80::3076:9c8f:3acb:98de","SubjectUserSid":"S-1-0-0","WorkstationName":"-","RestrictedAdminMode":"-","TargetOutboundUserName":"-","TargetUserName":"MEEREEN$","TargetLogonId":"0x440c07","ProcessName":"-","ProcessId":"0x0","ImpersonationLevel":"%%1833","SubjectDomainName":"-","LogonProcessName":"Kerberos","TargetDomainName":"ESSOS.LOCAL","TargetUserSid":"S-1-5-18","SubjectLogonId":"0x0"},"OpenWEC":{"IpAddress":"10.202.0.93","TimeReceived":"2023-12-08T11:57:40.815663655+00:00","Principal":"MEEREEN$@ESSOS.LOCAL","Subscription":{"Uuid":"CB04741B-9072-4E2D-B769-3570FA020BBD","Version":"6E053E8A-FE0D-45A0-A863-C501EEDB4011","Name":"anssi-subscription"}}}
{"System":{"Provider":{"Name":"Microsoft-Windows-Security-Auditing","Guid":"{54849625-5478-4994-A5BA-3E3B0328C30D}"},"EventID":4624,"Version":2,"Level":0,"Task":12544,"Opcode":0,"Keywords":"0x8020000000000000","TimeCreated":"2023-12-08T11:40:47.455335800Z","EventRecordID":107514,"Correlation":{},"Execution":{"ProcessID":588,"ThreadID":1980},"Channel":"Security","Computer":"meereen.essos.local"},"EventData":{"LogonProcessName":"Kerberos","VirtualAccount":"%%1843","TargetLinkedLogonId":"0x0","LmPackageName":"-","WorkstationName":"-","ElevatedToken":"%%1842","LogonType":"3","TargetUserSid":"S-1-5-18","SubjectDomainName":"-","TargetOutboundDomainName":"-","IpAddress":"fe80::3076:9c8f:3acb:98de","ProcessId":"0x0","TransmittedServices":"-","SubjectLogonId":"0x0","AuthenticationPackageName":"Kerberos","TargetDomainName":"ESSOS.LOCAL","ProcessName":"-","IpPort":"54415","TargetOutboundUserName":"-","SubjectUserName":"-","KeyLength":"0","TargetLogonId":"0x440c71","ImpersonationLevel":"%%1833","SubjectUserSid":"S-1-0-0","TargetUserName":"MEEREEN$","LogonGuid":"{4DAE89EC-640B-593C-8935-87CC0FE7DECD}","RestrictedAdminMode":"-"},"OpenWEC":{"IpAddress":"10.202.0.93","TimeReceived":"2023-12-08T11:57:40.815663655+00:00","Principal":"MEEREEN$@ESSOS.LOCAL","Subscription":{"Uuid":"CB04741B-9072-4E2D-B769-3570FA020BBD","Version":"6E053E8A-FE0D-45A0-A863-C501EEDB4011","Name":"anssi-subscription"}}}
{"System":{"Provider":{"Name":"Microsoft-Windows-WinRM","Guid":"{A7975C8F-AC13-49F1-87DA-5A984A4AB417}"},"EventID":163,"Version":0,"Level":2,"Task":7,"Opcode":0,"Keywords":"0x400000000000000a","TimeCreated":"2023-12-08T11:40:56.869783000Z","EventRecordID":5020,"Correlation":{"ActivityID":"{833290A8-29FD-0001-8CAF-3283FD29DA01}"},"Execution":{"ProcessID":1100,"ThreadID":1520},"Channel":"Microsoft-Windows-WinRM/Operational","Computer":"meereen.essos.local","UserID":"S-1-5-20"},"EventData":{"authServer1":" ","authServer5":" ","authServer4":" ","authClient":"Kerberos","authServer3":" ","authServer2":" "},"OpenWEC":{"IpAddress":"10.202.0.93","TimeReceived":"2023-12-08T11:57:40.815663655+00:00","Principal":"MEEREEN$@ESSOS.LOCAL","Subscription":{"Uuid":"CB04741B-9072-4E2D-B769-3570FA020BBD","Version":"6E053E8A-FE0D-45A0-A863-C501EEDB4011","Name":"anssi-subscription"}}}
{"System":{"Provider":{"Name":"Microsoft-Windows-WinRM","Guid":"{A7975C8F-AC13-49F1-87DA-5A984A4AB417}"},"EventID":142,"Version":0,"Level":2,"Task":10,"Opcode":2,"Keywords":"0x4000000000000002","TimeCreated":"2023-12-08T11:40:56.869968100Z","EventRecordID":5021,"Correlation":{"ActivityID":"{833290A8-29FD-0001-AE92-3283FD29DA01}"},"Execution":{"ProcessID":1100,"ThreadID":1520},"Channel":"Microsoft-Windows-WinRM/Operational","Computer":"meereen.essos.local","UserID":"S-1-5-20"},"EventData":{"operationName":"Enumeration","errorCode":"5"},"OpenWEC":{"IpAddress":"10.202.0.93","TimeReceived":"2023-12-08T11:57:40.815663655+00:00","Principal":"MEEREEN$@ESSOS.LOCAL","Subscription":{"Uuid":"CB04741B-9072-4E2D-B769-3570FA020BBD","Version":"6E053E8A-FE0D-45A0-A863-C501EEDB4011","Name":"anssi-subscription"}}}
{"System":{"Provider":{"Name":"Microsoft-Windows-Forwarding","Guid":"{699E309C-E782-4400-98C8-E21D162D7B7B}"},"EventID":105,"Version":0,"Level":2,"Task":0,"Opcode":0,"Keywords":"0x8000000000000000","TimeCreated":"2023-12-08T11:40:56.870107200Z","EventRecordID":243,"Correlation":{"ActivityID":"{833290A8-29FD-0001-AE92-3283FD29DA01}"},"Execution":{"ProcessID":1100,"ThreadID":1636},"Channel":"Microsoft-Windows-Forwarding/Operational","Computer":"meereen.essos.local","UserID":"S-1-5-20"},"EventData":{"ErrorMessage":"<f:WSManFault xmlns:f=\"http://schemas.microsoft.com/wbem/wsman/1/wsmanfault\" Code=\"5\" Machine=\"meereen.essos.local\"><f:Message>The WinRM client cannot process the request. The WinRM client tried to use Kerberos authentication mechanism, but the destination computer (openwec.sevenkingdoms.local:5985) returned an &apos;access denied&apos; error. Change the configuration to allow Kerberos authentication mechanism to be used or specify one of the authentication mechanisms supported by the server. To use Kerberos, specify the local computer name as the remote destination. Also verify that the client computer and the destination computer are joined to a domain. To use Basic, specify the local computer name as the remote destination, specify Basic authentication and provide user name and password. Possible authentication mechanisms reported by server:           </f:Message></f:WSManFault>","SubscriptionManagerAddress":"http://openwec.sevenkingdoms.local:5985/test","ErrorCode":"5"},"OpenWEC":{"IpAddress":"10.202.0.93","TimeReceived":"2023-12-08T11:57:40.815663655+00:00","Principal":"MEEREEN$@ESSOS.LOCAL","Subscription":{"Uuid":"CB04741B-9072-4E2D-B769-3570FA020BBD","Version":"6E053E8A-FE0D-45A0-A863-C501EEDB4011","Name":"anssi-subscription"}}}
{"System":{"Provider":{"Name":"Microsoft-Windows-Security-Auditing","Guid":"{54849625-5478-4994-A5BA-3E3B0328C30D}"},"EventID":4624,"Version":2,"Level":0,"Task":12544,"Opcode":0,"Keywords":"0x8020000000000000","TimeCreated":"2023-12-08T11:42:00.009026200Z","EventRecordID":107536,"Correlation":{},"Execution":{"ProcessID":588,"ThreadID":1980},"Channel":"Security","Computer":"meereen.essos.local"},"EventData":{"TargetOutboundUserName":"-","RestrictedAdminMode":"-","TargetUserSid":"S-1-5-18","LogonGuid":"{4DAE89EC-640B-593C-8935-87CC0FE7DECD}","LmPackageName":"-","TargetUserName":"MEEREEN$","TargetLogonId":"0x446da9","LogonType":"3","IpAddress":"::1","SubjectDomainName":"-","KeyLength":"0","IpPort":"54438","TargetOutboundDomainName":"-","VirtualAccount":"%%1843","ImpersonationLevel":"%%1833","LogonProcessName":"Kerberos","SubjectLogonId":"0x0","SubjectUserSid":"S-1-0-0","SubjectUserName":"-","ProcessId":"0x0","ProcessName":"-","TargetDomainName":"ESSOS.LOCAL","ElevatedToken":"%%1842","AuthenticationPackageName":"Kerberos","TargetLinkedLogonId":"0x0","TransmittedServices":"-","WorkstationName":"-"},"OpenWEC":{"IpAddress":"10.202.0.93","TimeReceived":"2023-12-08T11:58:35.737091965+00:00","Principal":"MEEREEN$@ESSOS.LOCAL","Subscription":{"Uuid":"CB04741B-9072-4E2D-B769-3570FA020BBD","Version":"6E053E8A-FE0D-45A0-A863-C501EEDB4011","Name":"anssi-subscription"}}}
{"System":{"Provider":{"Name":"Microsoft-Windows-WinRM","Guid":"{A7975C8F-AC13-49F1-87DA-5A984A4AB417}"},"EventID":163,"Version":0,"Level":2,"Task":7,"Opcode":0,"Keywords":"0x400000000000000a","TimeCreated":"2023-12-08T11:42:31.391464400Z","EventRecordID":5025,"Correlation":{"ActivityID":"{833290A8-29FD-0001-97AF-3283FD29DA01}"},"Execution":{"ProcessID":1100,"ThreadID":1520},"Channel":"Microsoft-Windows-WinRM/Operational","Computer":"meereen.essos.local","UserID":"S-1-5-20"},"EventData":{"authServer4":" ","authServer5":" ","authServer3":" ","authServer1":" ","authClient":"Kerberos","authServer2":" "},"OpenWEC":{"IpAddress":"10.202.0.93","TimeReceived":"2023-12-08T11:58:35.737091965+00:00","Principal":"MEEREEN$@ESSOS.LOCAL","Subscription":{"Uuid":"CB04741B-9072-4E2D-B769-3570FA020BBD","Version":"6E053E8A-FE0D-45A0-A863-C501EEDB4011","Name":"anssi-subscription"}}}
{"System":{"Provider":{"Name":"Microsoft-Windows-WinRM","Guid":"{A7975C8F-AC13-49F1-87DA-5A984A4AB417}"},"EventID":142,"Version":0,"Level":2,"Task":10,"Opcode":2,"Keywords":"0x4000000000000002","TimeCreated":"2023-12-08T11:42:31.391588100Z","EventRecordID":5026,"Correlation":{"ActivityID":"{833290A8-29FD-0001-AE92-3283FD29DA01}"},"Execution":{"ProcessID":1100,"ThreadID":1520},"Channel":"Microsoft-Windows-WinRM/Operational","Computer":"meereen.essos.local","UserID":"S-1-5-20"},"EventData":{"errorCode":"5","operationName":"Enumeration"},"OpenWEC":{"IpAddress":"10.202.0.93","TimeReceived":"2023-12-08T11:58:35.737091965+00:00","Principal":"MEEREEN$@ESSOS.LOCAL","Subscription":{"Uuid":"CB04741B-9072-4E2D-B769-3570FA020BBD","Version":"6E053E8A-FE0D-45A0-A863-C501EEDB4011","Name":"anssi-subscription"}}}
{"System":{"Provider":{"Name":"Microsoft-Windows-Security-Auditing","Guid":"{54849625-5478-4994-A5BA-3E3B0328C30D}"},"EventID":4624,"Version":2,"Level":0,"Task":12544,"Opcode":0,"Keywords":"0x8020000000000000","TimeCreated":"2023-12-08T11:43:30.031503900Z","EventRecordID":107609,"Correlation":{},"Execution":{"ProcessID":588,"ThreadID":1980},"Channel":"Security","Computer":"meereen.essos.local"},"EventData":{"RestrictedAdminMode":"-","TargetOutboundDomainName":"-","TargetUserName":"MEEREEN$","SubjectLogonId":"0x0","WorkstationName":"-","ProcessName":"-","SubjectUserSid":"S-1-0-0","LmPackageName":"-","LogonProcessName":"Kerberos","TargetDomainName":"ESSOS.LOCAL","SubjectDomainName":"-","LogonGuid":"{4DAE89EC-640B-593C-8935-87CC0FE7DECD}","SubjectUserName":"-","KeyLength":"0","LogonType":"3","AuthenticationPackageName":"Kerberos","TransmittedServices":"-","ProcessId":"0x0","TargetOutboundUserName":"-","TargetUserSid":"S-1-5-18","VirtualAccount":"%%1843","IpPort":"54468","IpAddress":"::1","TargetLogonId":"0x44e6b4","TargetLinkedLogonId":"0x0","ElevatedToken":"%%1842","ImpersonationLevel":"%%1833"},"OpenWEC":{"IpAddress":"10.202.0.93","TimeReceived":"2023-12-08T11:59:35.799860593+00:00","Principal":"MEEREEN$@ESSOS.LOCAL","Subscription":{"Uuid":"CB04741B-9072-4E2D-B769-3570FA020BBD","Version":"6E053E8A-FE0D-45A0-A863-C501EEDB4011","Name":"anssi-subscription"}}}
{"System":{"Provider":{"Name":"Microsoft-Windows-WinRM","Guid":"{A7975C8F-AC13-49F1-87DA-5A984A4AB417}"},"EventID":163,"Version":0,"Level":2,"Task":7,"Opcode":0,"Keywords":"0x400000000000000a","TimeCreated":"2023-12-08T11:44:05.902326100Z","EventRecordID":5030,"Correlation":{"ActivityID":"{833290A8-29FD-0001-A3AF-3283FD29DA01}"},"Execution":{"ProcessID":1100,"ThreadID":1588},"Channel":"Microsoft-Windows-WinRM/Operational","Computer":"meereen.essos.local","UserID":"S-1-5-20"},"EventData":{"authServer1":" ","authServer3":" ","authClient":"Kerberos","authServer4":" ","authServer2":" ","authServer5":" "},"OpenWEC":{"IpAddress":"10.202.0.93","TimeReceived":"2023-12-08T11:59:35.799860593+00:00","Principal":"MEEREEN$@ESSOS.LOCAL","Subscription":{"Uuid":"CB04741B-9072-4E2D-B769-3570FA020BBD","Version":"6E053E8A-FE0D-45A0-A863-C501EEDB4011","Name":"anssi-subscription"}}}
{"System":{"Provider":{"Name":"Microsoft-Windows-WinRM","Guid":"{A7975C8F-AC13-49F1-87DA-5A984A4AB417}"},"EventID":142,"Version":0,"Level":2,"Task":10,"Opcode":2,"Keywords":"0x4000000000000002","TimeCreated":"2023-12-08T11:44:05.902472100Z","EventRecordID":5031,"Correlation":{"ActivityID":"{833290A8-29FD-0001-AE92-3283FD29DA01}"},"Execution":{"ProcessID":1100,"ThreadID":1588},"Channel":"Microsoft-Windows-WinRM/Operational","Computer":"meereen.essos.local","UserID":"S-1-5-20"},"EventData":{"errorCode":"5","operationName":"Enumeration"},"OpenWEC":{"IpAddress":"10.202.0.93","TimeReceived":"2023-12-08T11:59:35.799860593+00:00","Principal":"MEEREEN$@ESSOS.LOCAL","Subscription":{"Uuid":"CB04741B-9072-4E2D-B769-3570FA020BBD","Version":"6E053E8A-FE0D-45A0-A863-C501EEDB4011","Name":"anssi-subscription"}}}
{"System":{"Provider":{"Name":"Microsoft-Windows-Security-Auditing","Guid":"{54849625-5478-4994-A5BA-3E3B0328C30D}"},"EventID":4624,"Version":2,"Level":0,"Task":12544,"Opcode":0,"Keywords":"0x8020000000000000","TimeCreated":"2023-12-08T11:45:00.053499800Z","EventRecordID":107624,"Correlation":{},"Execution":{"ProcessID":588,"ThreadID":2248},"Channel":"Security","Computer":"meereen.essos.local"},"EventData":{"SubjectLogonId":"0x0","TargetDomainName":"ESSOS.LOCAL","LogonProcessName":"Kerberos","TargetLogonId":"0x455c1b","TargetLinkedLogonId":"0x0","LogonGuid":"{4DAE89EC-640B-593C-8935-87CC0FE7DECD}","ProcessName":"-","SubjectUserSid":"S-1-0-0","IpAddress":"::1","IpPort":"54498","ImpersonationLevel":"%%1833","TargetOutboundDomainName":"-","ProcessId":"0x0","ElevatedToken":"%%1842","TargetUserSid":"S-1-5-18","WorkstationName":"-","KeyLength":"0","TargetOutboundUserName":"-","SubjectUserName":"-","TargetUserName":"MEEREEN$","AuthenticationPackageName":"Kerberos","VirtualAccount":"%%1843","SubjectDomainName":"-","LogonType":"3","TransmittedServices":"-","RestrictedAdminMode":"-","LmPackageName":"-"},"OpenWEC":{"IpAddress":"10.202.0.93","TimeReceived":"2023-12-08T12:00:35.756797567+00:00","Principal":"MEEREEN$@ESSOS.LOCAL","Subscription":{"Uuid":"CB04741B-9072-4E2D-B769-3570FA020BBD","Version":"6E053E8A-FE0D-45A0-A863-C501EEDB4011","Name":"anssi-subscription"}}}
{"System":{"Provider":{"Name":"Microsoft-Windows-WinRM","Guid":"{A7975C8F-AC13-49F1-87DA-5A984A4AB417}"},"EventID":163,"Version":0,"Level":2,"Task":7,"Opcode":0,"Keywords":"0x400000000000000a","TimeCreated":"2023-12-08T11:45:40.400041000Z","EventRecordID":5035,"Correlation":{"ActivityID":"{833290A8-29FD-0001-AFAF-3283FD29DA01}"},"Execution":{"ProcessID":1100,"ThreadID":1632},"Channel":"Microsoft-Windows-WinRM/Operational","Computer":"meereen.essos.local","UserID":"S-1-5-20"},"EventData":{"authClient":"Kerberos","authServer2":" ","authServer3":" ","authServer1":" ","authServer4":" ","authServer5":" "},"OpenWEC":{"IpAddress":"10.202.0.93","TimeReceived":"2023-12-08T12:00:35.756797567+00:00","Principal":"MEEREEN$@ESSOS.LOCAL","Subscription":{"Uuid":"CB04741B-9072-4E2D-B769-3570FA020BBD","Version":"6E053E8A-FE0D-45A0-A863-C501EEDB4011","Name":"anssi-subscription"}}}
{"System":{"Provider":{"Name":"Microsoft-Windows-WinRM","Guid":"{A7975C8F-AC13-49F1-87DA-5A984A4AB417}"},"EventID":142,"Version":0,"Level":2,"Task":10,"Opcode":2,"Keywords":"0x4000000000000002","TimeCreated":"2023-12-08T11:45:40.400173200Z","EventRecordID":5036,"Correlation":{"ActivityID":"{833290A8-29FD-0001-AE92-3283FD29DA01}"},"Execution":{"ProcessID":1100,"ThreadID":1632},"Channel":"Microsoft-Windows-WinRM/Operational","Computer":"meereen.essos.local","UserID":"S-1-5-20"},"EventData":{"operationName":"Enumeration","errorCode":"5"},"OpenWEC":{"IpAddress":"10.202.0.93","TimeReceived":"2023-12-08T12:00:35.756797567+00:00","Principal":"MEEREEN$@ESSOS.LOCAL","Subscription":{"Uuid":"CB04741B-9072-4E2D-B769-3570FA020BBD","Version":"6E053E8A-FE0D-45A0-A863-C501EEDB4011","Name":"anssi-subscription"}}}
{"System":{"Provider":{"Name":"Microsoft-Windows-Security-Auditing","Guid":"{54849625-5478-4994-A5BA-3E3B0328C30D}"},"EventID":4624,"Version":2,"Level":0,"Task":12544,"Opcode":0,"Keywords":"0x8020000000000000","TimeCreated":"2023-12-08T11:46:30.076920600Z","EventRecordID":107800,"Correlation":{},"Execution":{"ProcessID":588,"ThreadID":1980},"Channel":"Security","Computer":"meereen.essos.local"},"EventData":{"SubjectUserSid":"S-1-0-0","SubjectDomainName":"-","TargetDomainName":"ESSOS.LOCAL","LogonProcessName":"Kerberos","RestrictedAdminMode":"-","LogonGuid":"{4DAE89EC-640B-593C-8935-87CC0FE7DECD}","VirtualAccount":"%%1843","SubjectLogonId":"0x0","TargetOutboundUserName":"-","SubjectUserName":"-","TargetUserName":"MEEREEN$","AuthenticationPackageName":"Kerberos","ElevatedToken":"%%1842","LmPackageName":"-","ProcessName":"-","IpAddress":"::1","KeyLength":"0","IpPort":"54532","TransmittedServices":"-","LogonType":"3","TargetLogonId":"0x45d3f1","TargetOutboundDomainName":"-","TargetLinkedLogonId":"0x0","TargetUserSid":"S-1-5-18","ImpersonationLevel":"%%1833","ProcessId":"0x0","WorkstationName":"-"},"OpenWEC":{"IpAddress":"10.202.0.93","TimeReceived":"2023-12-08T12:01:35.784458013+00:00","Principal":"MEEREEN$@ESSOS.LOCAL","Subscription":{"Uuid":"CB04741B-9072-4E2D-B769-3570FA020BBD","Version":"6E053E8A-FE0D-45A0-A863-C501EEDB4011","Name":"anssi-subscription"}}}
{"System":{"Provider":{"Name":"Microsoft-Windows-WinRM","Guid":"{A7975C8F-AC13-49F1-87DA-5A984A4AB417}"},"EventID":163,"Version":0,"Level":2,"Task":7,"Opcode":0,"Keywords":"0x400000000000000a","TimeCreated":"2023-12-08T11:47:14.912408000Z","EventRecordID":5040,"Correlation":{"ActivityID":"{833290A8-29FD-0001-C0AF-3283FD29DA01}"},"Execution":{"ProcessID":1100,"ThreadID":1588},"Channel":"Microsoft-Windows-WinRM/Operational","Computer":"meereen.essos.local","UserID":"S-1-5-20"},"EventData":{"authServer5":" ","authClient":"Kerberos","authServer4":" ","authServer1":" ","authServer2":" ","authServer3":" "},"OpenWEC":{"IpAddress":"10.202.0.93","TimeReceived":"2023-12-08T12:01:35.784458013+00:00","Principal":"MEEREEN$@ESSOS.LOCAL","Subscription":{"Uuid":"CB04741B-9072-4E2D-B769-3570FA020BBD","Version":"6E053E8A-FE0D-45A0-A863-C501EEDB4011","Name":"anssi-subscription"}}}
{"System":{"Provider":{"Name":"Microsoft-Windows-WinRM","Guid":"{A7975C8F-AC13-49F1-87DA-5A984A4AB417}"},"EventID":142,"Version":0,"Level":2,"Task":10,"Opcode":2,"Keywords":"0x4000000000000002","TimeCreated":"2023-12-08T11:47:14.912537000Z","EventRecordID":5041,"Correlation":{"ActivityID":"{833290A8-29FD-0001-AE92-3283FD29DA01}"},"Execution":{"ProcessID":1100,"ThreadID":1588},"Channel":"Microsoft-Windows-WinRM/Operational","Computer":"meereen.essos.local","UserID":"S-1-5-20"},"EventData":{"errorCode":"5","operationName":"Enumeration"},"OpenWEC":{"IpAddress":"10.202.0.93","TimeReceived":"2023-12-08T12:01:35.784458013+00:00","Principal":"MEEREEN$@ESSOS.LOCAL","Subscription":{"Uuid":"CB04741B-9072-4E2D-B769-3570FA020BBD","Version":"6E053E8A-FE0D-45A0-A863-C501EEDB4011","Name":"anssi-subscription"}}}
{"System":{"Provider":{"Name":"Microsoft-Windows-Security-Auditing","Guid":"{54849625-5478-4994-A5BA-3E3B0328C30D}"},"EventID":4624,"Version":2,"Level":0,"Task":12544,"Opcode":0,"Keywords":"0x8020000000000000","TimeCreated":"2023-12-08T11:48:00.099249700Z","EventRecordID":107834,"Correlation":{},"Execution":{"ProcessID":588,"ThreadID":2248},"Channel":"Security","Computer":"meereen.essos.local"},"EventData":{"TargetOutboundDomainName":"-","LogonGuid":"{4DAE89EC-640B-593C-8935-87CC0FE7DECD}","LogonProcessName":"Kerberos","ImpersonationLevel":"%%1833","TargetOutboundUserName":"-","VirtualAccount":"%%1843","ElevatedToken":"%%1842","WorkstationName":"-","KeyLength":"0","LogonType":"3","TargetDomainName":"ESSOS.LOCAL","SubjectDomainName":"-","TargetLogonId":"0x464bb9","TransmittedServices":"-","TargetUserName":"MEEREEN$","SubjectUserSid":"S-1-0-0","AuthenticationPackageName":"Kerberos","TargetUserSid":"S-1-5-18","ProcessName":"-","IpPort":"54566","RestrictedAdminMode":"-","ProcessId":"0x0","IpAddress":"::1","TargetLinkedLogonId":"0x0","LmPackageName":"-","SubjectUserName":"-","SubjectLogonId":"0x0"},"OpenWEC":{"IpAddress":"10.202.0.93","TimeReceived":"2023-12-08T12:02:35.800642123+00:00","Principal":"MEEREEN$@ESSOS.LOCAL","Subscription":{"Uuid":"CB04741B-9072-4E2D-B769-3570FA020BBD","Version":"6E053E8A-FE0D-45A0-A863-C501EEDB4011","Name":"anssi-subscription"}}}
{"System":{"Provider":{"Name":"Microsoft-Windows-Security-Auditing","Guid":"{54849625-5478-4994-A5BA-3E3B0328C30D}"},"EventID":4624,"Version":2,"Level":0,"Task":12544,"Opcode":0,"Keywords":"0x8020000000000000","TimeCreated":"2023-12-08T11:48:05.657768600Z","EventRecordID":107838,"Correlation":{},"Execution":{"ProcessID":588,"ThreadID":2248},"Channel":"Security","Computer":"meereen.essos.local"},"EventData":{"SubjectDomainName":"-","SubjectLogonId":"0x0","TargetDomainName":"ESSOS.LOCAL","LogonGuid":"{6C3699F9-21BC-C044-F488-8345FDC7CD94}","LmPackageName":"-","SubjectUserSid":"S-1-0-0","LogonType":"3","KeyLength":"0","TargetLogonId":"0x465828","TargetUserSid":"S-1-5-18","TransmittedServices":"-","ProcessId":"0x0","ProcessName":"-","IpAddress":"fe80::3076:9c8f:3acb:98de","ImpersonationLevel":"%%1833","RestrictedAdminMode":"-","SubjectUserName":"-","TargetOutboundUserName":"-","AuthenticationPackageName":"Kerberos","VirtualAccount":"%%1843","IpPort":"54567","TargetOutboundDomainName":"-","TargetUserName":"MEEREEN$","LogonProcessName":"Kerberos","WorkstationName":"-","TargetLinkedLogonId":"0x0","ElevatedToken":"%%1842"},"OpenWEC":{"IpAddress":"10.202.0.93","TimeReceived":"2023-12-08T12:02:35.800642123+00:00","Principal":"MEEREEN$@ESSOS.LOCAL","Subscription":{"Uuid":"CB04741B-9072-4E2D-B769-3570FA020BBD","Version":"6E053E8A-FE0D-45A0-A863-C501EEDB4011","Name":"anssi-subscription"}}}
{"System":{"Provider":{"Name":"Microsoft-Windows-Security-Auditing","Guid":"{54849625-5478-4994-A5BA-3E3B0328C30D}"},"EventID":4624,"Version":2,"Level":0,"Task":12544,"Opcode":0,"Keywords":"0x8020000000000000","TimeCreated":"2023-12-08T11:48:05.677126800Z","EventRecordID":107840,"Correlation":{"ActivityID":"{833290A8-29FD-0001-F190-3283FD29DA01}"},"Execution":{"ProcessID":588,"ThreadID":988},"Channel":"Security","Computer":"meereen.essos.local"},"EventData":{"SubjectUserName":"-","TargetOutboundUserName":"-","VirtualAccount":"%%1843","LogonType":"3","LogonGuid":"{6C3699F9-21BC-C044-F488-8345FDC7CD94}","IpPort":"0","TargetLinkedLogonId":"0x0","TargetDomainName":"ESSOS.LOCAL","LogonProcessName":"Kerberos","TargetUserName":"MEEREEN$","TargetOutboundDomainName":"-","RestrictedAdminMode":"-","WorkstationName":"-","ElevatedToken":"%%1842","AuthenticationPackageName":"Kerberos","SubjectLogonId":"0x0","TargetUserSid":"S-1-5-18","TransmittedServices":"-","ProcessId":"0x0","ProcessName":"-","LmPackageName":"-","ImpersonationLevel":"%%1833","SubjectDomainName":"-","IpAddress":"::1","SubjectUserSid":"S-1-0-0","TargetLogonId":"0x465907","KeyLength":"0"},"OpenWEC":{"IpAddress":"10.202.0.93","TimeReceived":"2023-12-08T12:02:35.800642123+00:00","Principal":"MEEREEN$@ESSOS.LOCAL","Subscription":{"Uuid":"CB04741B-9072-4E2D-B769-3570FA020BBD","Version":"6E053E8A-FE0D-45A0-A863-C501EEDB4011","Name":"anssi-subscription"}}}
{"System":{"Provider":{"Name":"Microsoft-Windows-Security-Auditing","Guid":"{54849625-5478-4994-A5BA-3E3B0328C30D}"},"EventID":4624,"Version":2,"Level":0,"Task":12544,"Opcode":0,"Keywords":"0x8020000000000000","TimeCreated":"2023-12-08T11:48:05.679824300Z","EventRecordID":107842,"Correlation":{},"Execution":{"ProcessID":588,"ThreadID":2248},"Channel":"Security","Computer":"meereen.essos.local"},"EventData":{"VirtualAccount":"%%1843","LogonProcessName":"Kerberos","TargetUserName":"MEEREEN$","KeyLength":"0","TargetLinkedLogonId":"0x0","LmPackageName":"-","ProcessId":"0x0","IpPort":"54568","ImpersonationLevel":"%%1833","ElevatedToken":"%%1842","TargetUserSid":"S-1-5-18","LogonType":"3","IpAddress":"10.202.0.93","SubjectDomainName":"-","SubjectUserName":"-","SubjectUserSid":"S-1-0-0","SubjectLogonId":"0x0","TargetDomainName":"ESSOS.LOCAL","AuthenticationPackageName":"Kerberos","RestrictedAdminMode":"-","TransmittedServices":"-","LogonGuid":"{6C3699F9-21BC-C044-F488-8345FDC7CD94}","WorkstationName":"-","ProcessName":"-","TargetOutboundUserName":"-","TargetOutboundDomainName":"-","TargetLogonId":"0x46594a"},"OpenWEC":{"IpAddress":"10.202.0.93","TimeReceived":"2023-12-08T12:02:35.800642123+00:00","Principal":"MEEREEN$@ESSOS.LOCAL","Subscription":{"Uuid":"CB04741B-9072-4E2D-B769-3570FA020BBD","Version":"6E053E8A-FE0D-45A0-A863-C501EEDB4011","Name":"anssi-subscription"}}}
{"System":{"Provider":{"Name":"Microsoft-Windows-Security-Auditing","Guid":"{54849625-5478-4994-A5BA-3E3B0328C30D}"},"EventID":4624,"Version":2,"Level":0,"Task":12544,"Opcode":0,"Keywords":"0x8020000000000000","TimeCreated":"2023-12-08T11:48:05.824102400Z","EventRecordID":107844,"Correlation":{"ActivityID":"{833290A8-29FD-0001-F190-3283FD29DA01}"},"Execution":{"ProcessID":588,"ThreadID":988},"Channel":"Security","Computer":"meereen.essos.local"},"EventData":{"ProcessName":"-","LogonProcessName":"Kerberos","TargetOutboundDomainName":"-","ImpersonationLevel":"%%1840","TargetUserName":"MEEREEN$","TransmittedServices":"-","SubjectDomainName":"-","AuthenticationPackageName":"Kerberos","TargetDomainName":"ESSOS.LOCAL","IpAddress":"fe80::3076:9c8f:3acb:98de","RestrictedAdminMode":"-","TargetLinkedLogonId":"0x0","TargetLogonId":"0x4659b0","WorkstationName":"-","KeyLength":"0","VirtualAccount":"%%1843","TargetUserSid":"S-1-5-18","SubjectUserName":"-","LogonGuid":"{6C3699F9-21BC-C044-F488-8345FDC7CD94}","ProcessId":"0x0","SubjectLogonId":"0x0","TargetOutboundUserName":"-","ElevatedToken":"%%1842","SubjectUserSid":"S-1-0-0","LogonType":"3","LmPackageName":"-","IpPort":"54570"},"OpenWEC":{"IpAddress":"10.202.0.93","TimeReceived":"2023-12-08T12:02:35.800642123+00:00","Principal":"MEEREEN$@ESSOS.LOCAL","Subscription":{"Uuid":"CB04741B-9072-4E2D-B769-3570FA020BBD","Version":"6E053E8A-FE0D-45A0-A863-C501EEDB4011","Name":"anssi-subscription"}}}
{"System":{"Provider":{"Name":"Microsoft-Windows-Security-Auditing","Guid":"{54849625-5478-4994-A5BA-3E3B0328C30D}"},"EventID":5140,"Version":1,"Level":0,"Task":12808,"Opcode":0,"Keywords":"0x8020000000000000","TimeCreated":"2023-12-08T11:48:05.824489500Z","EventRecordID":107845,"Correlation":{},"Execution":{"ProcessID":4,"ThreadID":4644},"Channel":"Security","Computer":"meereen.essos.local"},"EventData":{"SubjectDomainName":"ESSOS","ObjectType":"File","AccessMask":"0x1","SubjectUserName":"MEEREEN$","SubjectLogonId":"0x4659b0","ShareName":"\\\\*\\SYSVOL","ShareLocalPath":"\\??\\C:\\Windows\\SYSVOL\\sysvol","SubjectUserSid":"S-1-5-18","IpPort":"54570","AccessList":"%%4416\n\t\t\t\t","IpAddress":"fe80::3076:9c8f:3acb:98de"},"OpenWEC":{"IpAddress":"10.202.0.93","TimeReceived":"2023-12-08T12:02:35.800642123+00:00","Principal":"MEEREEN$@ESSOS.LOCAL","Subscription":{"Uuid":"CB04741B-9072-4E2D-B769-3570FA020BBD","Version":"6E053E8A-FE0D-45A0-A863-C501EEDB4011","Name":"anssi-subscription"}}}
