{"System":{"Provider":{"Name":"Microsoft-Windows-Security-Auditing","Guid":"{54849625-5478-4994-A5BA-3E3B0328C30D}"},"EventID":4624,"Version":2,"Level":0,"Task":12544,"Opcode":0,"Keywords":"0x8020000000000000","TimeCreated":"2023-12-08T15:34:42.501714100Z","EventRecordID":112588,"Correlation":{},"Execution":{"ProcessID":588,"ThreadID":2248},"Channel":"Security","Computer":"meereen.essos.local"},"EventData":{"TargetOutboundDomainName":"-","LogonType":"3","ProcessName":"-","TargetOutboundUserName":"-","IpAddress":"fe80::3076:9c8f:3acb:98de","LogonGuid":"{4DAE89EC-640B-593C-8935-87CC0FE7DECD}","TargetLogonId":"0x5638b9","LmPackageName":"-","IpPort":"49540","LogonProcessName":"Kerberos","TargetLinkedLogonId":"0x0","KeyLength":"0","TargetUserName":"MEEREEN$","SubjectDomainName":"-","ProcessId":"0x0","SubjectUserSid":"S-1-0-0","TargetUserSid":"S-1-5-18","TargetDomainName":"ESSOS.LOCAL","SubjectUserName":"-","ImpersonationLevel":"%%1833","WorkstationName":"-","VirtualAccount":"%%1843","SubjectLogonId":"0x0","ElevatedToken":"%%1842","AuthenticationPackageName":"Kerberos","TransmittedServices":"-","RestrictedAdminMode":"-"},"OpenWEC":{"IpAddress":"10.202.0.93","TimeReceived":"2023-12-08T15:44:20.719706886+00:00","Principal":"MEEREEN$@ESSOS.LOCAL","Subscription":{"Uuid":"CB04741B-9072-4E2D-B769-3570FA020BBD","Version":"6E053E8A-FE0D-45A0-A863-C501EEDB4011","Name":"anssi-subscription"}}}
{"System":{"Provider":{"Name":"Microsoft-Windows-Security-Auditing","Guid":"{54849625-5478-4994-A5BA-3E3B0328C30D}"},"EventID":4624,"Version":2,"Level":0,"Task":12544,"Opcode":0,"Keywords":"0x8020000000000000","TimeCreated":"2023-12-08T15:34:42.505799200Z","EventRecordID":112591,"Correlation":{},"Execution":{"ProcessID":588,"ThreadID":1980},"Channel":"Security","Computer":"meereen.essos.local"},"EventData":{"TargetOutboundUserName":"-","LmPackageName":"-","LogonType":"3","IpPort":"49541","TargetLinkedLogonId":"0x0","TargetLogonId":"0x563922","IpAddress":"fe80::3076:9c8f:3acb:98de","LogonGuid":"{4DAE89EC-640B-593C-8935-87CC0FE7DECD}","TargetUserSid":"S-1-5-18","SubjectDomainName":"-","KeyLength":"0","VirtualAccount":"%%1843","ProcessName":"-","TargetDomainName":"ESSOS.LOCAL","TargetUserName":"MEEREEN$","LogonProcessName":"Kerberos","SubjectUserName":"-","ProcessId":"0x0","RestrictedAdminMode":"-","SubjectUserSid":"S-1-0-0","SubjectLogonId":"0x0","ImpersonationLevel":"%%1833","TransmittedServices":"-","TargetOutboundDomainName":"-","ElevatedToken":"%%1842","WorkstationName":"-","AuthenticationPackageName":"Kerberos"},"OpenWEC":{"IpAddress":"10.202.0.93","TimeReceived":"2023-12-08T15:44:20.719706886+00:00","Principal":"MEEREEN$@ESSOS.LOCAL","Subscription":{"Uuid":"CB04741B-9072-4E2D-B769-3570FA020BBD","Version":"6E053E8A-FE0D-45A0-A863-C501EEDB4011","Name":"anssi-subscription"}}}
{"System":{"Provider":{"Name":"Microsoft-Windows-WinRM","Guid":"{A7975C8F-AC13-49F1-87DA-5A984A4AB417}"},"EventID":163,"Version":0,"Level":2,"Task":7,"Opcode":0,"Keywords":"0x400000000000000a","TimeCreated":"2023-12-08T15:35:26.722253300Z","EventRecordID":5179,"Correlation":{"ActivityID":"{833290A8-29FD-0001-28B4-3283FD29DA01}"},"Execution":{"ProcessID":1100,"ThreadID":400},"Channel":"Microsoft-Windows-WinRM/Operational","Computer":"meereen.essos.local","UserID":"S-1-5-20"},"EventData":{"authServer4":" ","authClient":"Kerberos","authServer3":" ","authServer1":" ","authServer5":" ","authServer2":" "},"OpenWEC":{"IpAddress":"10.202.0.93","TimeReceived":"2023-12-08T15:44:20.719706886+00:00","Principal":"MEEREEN$@ESSOS.LOCAL","Subscription":{"Uuid":"CB04741B-9072-4E2D-B769-3570FA020BBD","Version":"6E053E8A-FE0D-45A0-A863-C501EEDB4011","Name":"anssi-subscription"}}}
{"System":{"Provider":{"Name":"Microsoft-Windows-WinRM","Guid":"{A7975C8F-AC13-49F1-87DA-5A984A4AB417}"},"EventID":142,"Version":0,"Level":2,"Task":10,"Opcode":2,"Keywords":"0x4000000000000002","TimeCreated":"2023-12-08T15:35:26.722363000Z","EventRecordID":5180,"Correlation":{"ActivityID":"{833290A8-29FD-0001-AE92-3283FD29DA01}"},"Execution":{"ProcessID":1100,"ThreadID":1632},"Channel":"Microsoft-Windows-WinRM/Operational","Computer":"meereen.essos.local","UserID":"S-1-5-20"},"EventData":{"errorCode":"5","operationName":"Enumeration"},"OpenWEC":{"IpAddress":"10.202.0.93","TimeReceived":"2023-12-08T15:44:20.719706886+00:00","Principal":"MEEREEN$@ESSOS.LOCAL","Subscription":{"Uuid":"CB04741B-9072-4E2D-B769-3570FA020BBD","Version":"6E053E8A-FE0D-45A0-A863-C501EEDB4011","Name":"anssi-subscription"}}}
{"System":{"Provider":{"Name":"Microsoft-Windows-Security-Auditing","Guid":"{54849625-5478-4994-A5BA-3E3B0328C30D}"},"EventID":4624,"Version":2,"Level":0,"Task":12544,"Opcode":0,"Keywords":"0x8020000000000000","TimeCreated":"2023-12-08T15:35:27.345036700Z","EventRecordID":112711,"Correlation":{},"Execution":{"ProcessID":588,"ThreadID":1980},"Channel":"Security","Computer":"meereen.essos.local"},"EventData":{"KeyLength":"0","ProcessName":"-","SubjectUserSid":"S-1-0-0","SubjectLogonId":"0x0","TargetUserName":"MEEREEN$","LmPackageName":"-","RestrictedAdminMode":"-","TargetOutboundUserName":"-","TargetOutboundDomainName":"-","VirtualAccount":"%%1843","TargetLinkedLogonId":"0x0","ElevatedToken":"%%1842","SubjectDomainName":"-","ProcessId":"0x0","SubjectUserName":"-","IpPort":"49563","IpAddress":"::1","ImpersonationLevel":"%%1833","TargetDomainName":"ESSOS.LOCAL","WorkstationName":"-","TargetUserSid":"S-1-5-18","TargetLogonId":"0x568c3e","LogonType":"3","LogonProcessName":"Kerberos","TransmittedServices":"-","LogonGuid":"{4DAE89EC-640B-593C-8935-87CC0FE7DECD}","AuthenticationPackageName":"Kerberos"},"OpenWEC":{"IpAddress":"10.202.0.93","TimeReceived":"2023-12-08T15:44:20.719706886+00:00","Principal":"MEEREEN$@ESSOS.LOCAL","Subscription":{"Uuid":"CB04741B-9072-4E2D-B769-3570FA020BBD","Version":"6E053E8A-FE0D-45A0-A863-C501EEDB4011","Name":"anssi-subscription"}}}
{"System":{"Provider":{"Name":"Microsoft-Windows-Security-Auditing","Guid":"{54849625-5478-4994-A5BA-3E3B0328C30D}"},"EventID":4624,"Version":2,"Level":0,"Task":12544,"Opcode":0,"Keywords":"0x8020000000000000","TimeCreated":"2023-12-08T15:36:27.359555700Z","EventRecordID":112873,"Correlation":{},"Execution":{"ProcessID":588,"ThreadID":1980},"Channel":"Security","Computer":"meereen.essos.local"},"EventData":{"SubjectUserSid":"S-1-0-0","LmPackageName":"-","SubjectUserName":"-","ProcessId":"0x0","TargetOutboundDomainName":"-","VirtualAccount":"%%1843","TargetUserName":"MEEREEN$","SubjectDomainName":"-","LogonGuid":"{4DAE89EC-640B-593C-8935-87CC0FE7DECD}","TargetLinkedLogonId":"0x0","LogonType":"3","RestrictedAdminMode":"-","WorkstationName":"-","TargetDomainName":"ESSOS.LOCAL","SubjectLogonId":"0x0","LogonProcessName":"Kerberos","TransmittedServices":"-","ProcessName":"-","IpAddress":"::1","TargetLogonId":"0x570438","IpPort":"49592","ImpersonationLevel":"%%1833","TargetOutboundUserName":"-","ElevatedToken":"%%1842","TargetUserSid":"S-1-5-18","KeyLength":"0","AuthenticationPackageName":"Kerberos"},"OpenWEC":{"IpAddress":"10.202.0.93","TimeReceived":"2023-12-08T15:44:20.719706886+00:00","Principal":"MEEREEN$@ESSOS.LOCAL","Subscription":{"Uuid":"CB04741B-9072-4E2D-B769-3570FA020BBD","Version":"6E053E8A-FE0D-45A0-A863-C501EEDB4011","Name":"anssi-subscription"}}}
{"System":{"Provider":{"Name":"Microsoft-Windows-WinRM","Guid":"{A7975C8F-AC13-49F1-87DA-5A984A4AB417}"},"EventID":163,"Version":0,"Level":2,"Task":7,"Opcode":0,"Keywords":"0x400000000000000a","TimeCreated":"2023-12-08T15:36:29.736965500Z","EventRecordID":5183,"Correlation":{"ActivityID":"{833290A8-29FD-0001-2CB4-3283FD29DA01}"},"Execution":{"ProcessID":1100,"ThreadID":400},"Channel":"Microsoft-Windows-WinRM/Operational","Computer":"meereen.essos.local","UserID":"S-1-5-20"},"EventData":{"authServer1":" ","authClient":"Kerberos","authServer5":" ","authServer2":" ","authServer3":" ","authServer4":" "},"OpenWEC":{"IpAddress":"10.202.0.93","TimeReceived":"2023-12-08T15:44:20.719706886+00:00","Principal":"MEEREEN$@ESSOS.LOCAL","Subscription":{"Uuid":"CB04741B-9072-4E2D-B769-3570FA020BBD","Version":"6E053E8A-FE0D-45A0-A863-C501EEDB4011","Name":"anssi-subscription"}}}
{"System":{"Provider":{"Name":"Microsoft-Windows-WinRM","Guid":"{A7975C8F-AC13-49F1-87DA-5A984A4AB417}"},"EventID":142,"Version":0,"Level":2,"Task":10,"Opcode":2,"Keywords":"0x4000000000000002","TimeCreated":"2023-12-08T15:36:29.737073100Z","EventRecordID":5184,"Correlation":{"ActivityID":"{833290A8-29FD-0001-AE92-3283FD29DA01}"},"Execution":{"ProcessID":1100,"ThreadID":400},"Channel":"Microsoft-Windows-WinRM/Operational","Computer":"meereen.essos.local","UserID":"S-1-5-20"},"EventData":{"operationName":"Enumeration","errorCode":"5"},"OpenWEC":{"IpAddress":"10.202.0.93","TimeReceived":"2023-12-08T15:44:20.719706886+00:00","Principal":"MEEREEN$@ESSOS.LOCAL","Subscription":{"Uuid":"CB04741B-9072-4E2D-B769-3570FA020BBD","Version":"6E053E8A-FE0D-45A0-A863-C501EEDB4011","Name":"anssi-subscription"}}}
{"System":{"Provider":{"Name":"Microsoft-Windows-Security-Auditing","Guid":"{54849625-5478-4994-A5BA-3E3B0328C30D}"},"EventID":4624,"Version":2,"Level":0,"Task":12544,"Opcode":0,"Keywords":"0x8020000000000000","TimeCreated":"2023-12-08T15:37:27.375548300Z","EventRecordID":113028,"Correlation":{},"Execution":{"ProcessID":588,"ThreadID":1980},"Channel":"Security","Computer":"meereen.essos.local"},"EventData":{"LogonType":"3","KeyLength":"0","TargetOutboundUserName":"-","ProcessId":"0x0","TargetUserSid":"S-1-5-18","AuthenticationPackageName":"Kerberos","LmPackageName":"-","TargetOutboundDomainName":"-","VirtualAccount":"%%1843","ProcessName":"-","ElevatedToken":"%%1842","SubjectDomainName":"-","SubjectLogonId":"0x0","ImpersonationLevel":"%%1833","IpPort":"49624","IpAddress":"::1","RestrictedAdminMode":"-","TargetLinkedLogonId":"0x0","SubjectUserName":"-","WorkstationName":"-","LogonGuid":"{4DAE89EC-640B-593C-8935-87CC0FE7DECD}","TransmittedServices":"-","TargetUserName":"MEEREEN$","SubjectUserSid":"S-1-0-0","TargetLogonId":"0x57798d","LogonProcessName":"Kerberos","TargetDomainName":"ESSOS.LOCAL"},"OpenWEC":{"IpAddress":"10.202.0.93","TimeReceived":"2023-12-08T15:44:20.719706886+00:00","Principal":"MEEREEN$@ESSOS.LOCAL","Subscription":{"Uuid":"CB04741B-9072-4E2D-B769-3570FA020BBD","Version":"6E053E8A-FE0D-45A0-A863-C501EEDB4011","Name":"anssi-subscription"}}}
{"System":{"Provider":{"Name":"Microsoft-Windows-WinRM","Guid":"{A7975C8F-AC13-49F1-87DA-5A984A4AB417}"},"EventID":163,"Version":0,"Level":2,"Task":7,"Opcode":0,"Keywords":"0x400000000000000a","TimeCreated":"2023-12-08T15:37:32.830077800Z","EventRecordID":5187,"Correlation":{"ActivityID":"{833290A8-29FD-0001-32B4-3283FD29DA01}"},"Execution":{"ProcessID":1100,"ThreadID":400},"Channel":"Microsoft-Windows-WinRM/Operational","Computer":"meereen.essos.local","UserID":"S-1-5-20"},"EventData":{"authServer2":" ","authServer1":" ","authServer3":" ","authClient":"Kerberos","authServer5":" ","authServer4":" "},"OpenWEC":{"IpAddress":"10.202.0.93","TimeReceived":"2023-12-08T15:44:20.719706886+00:00","Principal":"MEEREEN$@ESSOS.LOCAL","Subscription":{"Uuid":"CB04741B-9072-4E2D-B769-3570FA020BBD","Version":"6E053E8A-FE0D-45A0-A863-C501EEDB4011","Name":"anssi-subscription"}}}
{"System":{"Provider":{"Name":"Microsoft-Windows-WinRM","Guid":"{A7975C8F-AC13-49F1-87DA-5A984A4AB417}"},"EventID":142,"Version":0,"Level":2,"Task":10,"Opcode":2,"Keywords":"0x4000000000000002","TimeCreated":"2023-12-08T15:37:32.830209300Z","EventRecordID":5188,"Correlation":{"ActivityID":"{833290A8-29FD-0001-AE92-3283FD29DA01}"},"Execution":{"ProcessID":1100,"ThreadID":400},"Channel":"Microsoft-Windows-WinRM/Operational","Computer":"meereen.essos.local","UserID":"S-1-5-20"},"EventData":{"operationName":"Enumeration","errorCode":"5"},"OpenWEC":{"IpAddress":"10.202.0.93","TimeReceived":"2023-12-08T15:44:20.719706886+00:00","Principal":"MEEREEN$@ESSOS.LOCAL","Subscription":{"Uuid":"CB04741B-9072-4E2D-B769-3570FA020BBD","Version":"6E053E8A-FE0D-45A0-A863-C501EEDB4011","Name":"anssi-subscription"}}}
{"System":{"Provider":{"Name":"Microsoft-Windows-Security-Auditing","Guid":"{54849625-5478-4994-A5BA-3E3B0328C30D}"},"EventID":4624,"Version":2,"Level":0,"Task":12544,"Opcode":0,"Keywords":"0x8020000000000000","TimeCreated":"2023-12-08T15:38:27.390949800Z","EventRecordID":113231,"Correlation":{},"Execution":{"ProcessID":588,"ThreadID":2248},"Channel":"Security","Computer":"meereen.essos.local"},"EventData":{"LogonGuid":"{4DAE89EC-640B-593C-8935-87CC0FE7DECD}","TargetDomainName":"ESSOS.LOCAL","SubjectLogonId":"0x0","SubjectDomainName":"-","ProcessName":"-","IpPort":"49655","IpAddress":"::1","SubjectUserName":"-","TargetOutboundUserName":"-","TargetUserName":"MEEREEN$","ImpersonationLevel":"%%1833","VirtualAccount":"%%1843","TargetOutboundDomainName":"-","TransmittedServices":"-","ElevatedToken":"%%1842","AuthenticationPackageName":"Kerberos","LmPackageName":"-","TargetUserSid":"S-1-5-18","RestrictedAdminMode":"-","LogonProcessName":"Kerberos","TargetLinkedLogonId":"0x0","ProcessId":"0x0","KeyLength":"0","TargetLogonId":"0x57ef78","WorkstationName":"-","SubjectUserSid":"S-1-0-0","LogonType":"3"},"OpenWEC":{"IpAddress":"10.202.0.93","TimeReceived":"2023-12-08T15:44:20.719706886+00:00","Principal":"MEEREEN$@ESSOS.LOCAL","Subscription":{"Uuid":"CB04741B-9072-4E2D-B769-3570FA020BBD","Version":"6E053E8A-FE0D-45A0-A863-C501EEDB4011","Name":"anssi-subscription"}}}
{"System":{"Provider":{"Name":"Microsoft-Windows-WinRM","Guid":"{A7975C8F-AC13-49F1-87DA-5A984A4AB417}"},"EventID":163,"Version":0,"Level":2,"Task":7,"Opcode":0,"Keywords":"0x400000000000000a","TimeCreated":"2023-12-08T15:38:35.736256100Z","EventRecordID":5191,"Correlation":{"ActivityID":"{833290A8-29FD-0001-37B4-3283FD29DA01}"},"Execution":{"ProcessID":1100,"ThreadID":1588},"Channel":"Microsoft-Windows-WinRM/Operational","Computer":"meereen.essos.local","UserID":"S-1-5-20"},"EventData":{"authServer1":" ","authClient":"Kerberos","authServer2":" ","authServer3":" ","authServer4":" ","authServer5":" "},"OpenWEC":{"IpAddress":"10.202.0.93","TimeReceived":"2023-12-08T15:44:20.719706886+00:00","Principal":"MEEREEN$@ESSOS.LOCAL","Subscription":{"Uuid":"CB04741B-9072-4E2D-B769-3570FA020BBD","Version":"6E053E8A-FE0D-45A0-A863-C501EEDB4011","Name":"anssi-subscription"}}}
{"System":{"Provider":{"Name":"Microsoft-Windows-WinRM","Guid":"{A7975C8F-AC13-49F1-87DA-5A984A4AB417}"},"EventID":142,"Version":0,"Level":2,"Task":10,"Opcode":2,"Keywords":"0x4000000000000002","TimeCreated":"2023-12-08T15:38:35.736339300Z","EventRecordID":5192,"Correlation":{"ActivityID":"{833290A8-29FD-0001-AE92-3283FD29DA01}"},"Execution":{"ProcessID":1100,"ThreadID":1588},"Channel":"Microsoft-Windows-WinRM/Operational","Computer":"meereen.essos.local","UserID":"S-1-5-20"},"EventData":{"operationName":"Enumeration","errorCode":"5"},"OpenWEC":{"IpAddress":"10.202.0.93","TimeReceived":"2023-12-08T15:44:20.719706886+00:00","Principal":"MEEREEN$@ESSOS.LOCAL","Subscription":{"Uuid":"CB04741B-9072-4E2D-B769-3570FA020BBD","Version":"6E053E8A-FE0D-45A0-A863-C501EEDB4011","Name":"anssi-subscription"}}}
{"System":{"Provider":{"Name":"Microsoft-Windows-Security-Auditing","Guid":"{54849625-5478-4994-A5BA-3E3B0328C30D}"},"EventID":4624,"Version":2,"Level":0,"Task":12544,"Opcode":0,"Keywords":"0x8020000000000000","TimeCreated":"2023-12-08T15:38:45.781195700Z","EventRecordID":113277,"Correlation":{"ActivityID":"{833290A8-29FD-0001-F190-3283FD29DA01}"},"Execution":{"ProcessID":588,"ThreadID":7140},"Channel":"Security","Computer":"meereen.essos.local"},"EventData":{"TargetLinkedLogonId":"0x0","TargetDomainName":"ESSOS.LOCAL","TransmittedServices":"-","RestrictedAdminMode":"-","ElevatedToken":"%%1842","WorkstationName":"-","LogonProcessName":"Kerberos","SubjectUserName":"-","SubjectUserSid":"S-1-0-0","TargetUserSid":"S-1-5-18","ProcessId":"0x0","ProcessName":"-","IpAddress":"fe80::3076:9c8f:3acb:98de","AuthenticationPackageName":"Kerberos","IpPort":"49669","TargetOutboundUserName":"-","TargetLogonId":"0x58186b","TargetOutboundDomainName":"-","VirtualAccount":"%%1843","KeyLength":"0","LogonGuid":"{3AAC347E-688E-87C2-7236-4CC07166564B}","SubjectLogonId":"0x0","TargetUserName":"MEEREEN$","LogonType":"3","LmPackageName":"-","SubjectDomainName":"-","ImpersonationLevel":"%%1840"},"OpenWEC":{"IpAddress":"10.202.0.93","TimeReceived":"2023-12-08T15:44:20.719706886+00:00","Principal":"MEEREEN$@ESSOS.LOCAL","Subscription":{"Uuid":"CB04741B-9072-4E2D-B769-3570FA020BBD","Version":"6E053E8A-FE0D-45A0-A863-C501EEDB4011","Name":"anssi-subscription"}}}
{"System":{"Provider":{"Name":"Microsoft-Windows-Security-Auditing","Guid":"{54849625-5478-4994-A5BA-3E3B0328C30D}"},"EventID":5140,"Version":1,"Level":0,"Task":12808,"Opcode":0,"Keywords":"0x8020000000000000","TimeCreated":"2023-12-08T15:38:45.781458700Z","EventRecordID":113278,"Correlation":{},"Execution":{"ProcessID":4,"ThreadID":2332},"Channel":"Security","Computer":"meereen.essos.local"},"EventData":{"SubjectDomainName":"ESSOS","IpAddress":"fe80::3076:9c8f:3acb:98de","SubjectUserName":"MEEREEN$","SubjectLogonId":"0x58186b","ShareName":"\\\\*\\SYSVOL","ShareLocalPath":"\\??\\C:\\Windows\\SYSVOL\\sysvol","AccessList":"%%4416\n\t\t\t\t","ObjectType":"File","AccessMask":"0x1","IpPort":"49669","SubjectUserSid":"S-1-5-18"},"OpenWEC":{"IpAddress":"10.202.0.93","TimeReceived":"2023-12-08T15:44:20.719706886+00:00","Principal":"MEEREEN$@ESSOS.LOCAL","Subscription":{"Uuid":"CB04741B-9072-4E2D-B769-3570FA020BBD","Version":"6E053E8A-FE0D-45A0-A863-C501EEDB4011","Name":"anssi-subscription"}}}
{"System":{"Provider":{"Name":"Microsoft-Windows-Security-Auditing","Guid":"{54849625-5478-4994-A5BA-3E3B0328C30D}"},"EventID":4624,"Version":2,"Level":0,"Task":12544,"Opcode":0,"Keywords":"0x8020000000000000","TimeCreated":"2023-12-08T15:39:27.421001600Z","EventRecordID":113398,"Correlation":{},"Execution":{"ProcessID":588,"ThreadID":2248},"Channel":"Security","Computer":"meereen.essos.local"},"EventData":{"TargetLinkedLogonId":"0x0","SubjectDomainName":"-","IpPort":"49698","ElevatedToken":"%%1842","AuthenticationPackageName":"Kerberos","RestrictedAdminMode":"-","WorkstationName":"-","SubjectUserName":"-","IpAddress":"::1","SubjectLogonId":"0x0","SubjectUserSid":"S-1-0-0","TargetOutboundDomainName":"-","TargetOutboundUserName":"-","VirtualAccount":"%%1843","TransmittedServices":"-","LmPackageName":"-","LogonType":"3","TargetUserName":"MEEREEN$","ProcessId":"0x0","ProcessName":"-","TargetUserSid":"S-1-5-18","TargetLogonId":"0x587235","LogonGuid":"{4DAE89EC-640B-593C-8935-87CC0FE7DECD}","LogonProcessName":"Kerberos","KeyLength":"0","TargetDomainName":"ESSOS.LOCAL","ImpersonationLevel":"%%1833"},"OpenWEC":{"IpAddress":"10.202.0.93","TimeReceived":"2023-12-08T15:44:20.719706886+00:00","Principal":"MEEREEN$@ESSOS.LOCAL","Subscription":{"Uuid":"CB04741B-9072-4E2D-B769-3570FA020BBD","Version":"6E053E8A-FE0D-45A0-A863-C501EEDB4011","Name":"anssi-subscription"}}}
{"System":{"Provider":{"Name":"Microsoft-Windows-Security-Auditing","Guid":"{54849625-5478-4994-A5BA-3E3B0328C30D}"},"EventID":4624,"Version":2,"Level":0,"Task":12544,"Opcode":0,"Keywords":"0x8020000000000000","TimeCreated":"2023-12-08T15:39:31.578929800Z","EventRecordID":113418,"Correlation":{},"Execution":{"ProcessID":588,"ThreadID":988},"Channel":"Security","Computer":"meereen.essos.local"},"EventData":{"TransmittedServices":"-","TargetUserName":"MEEREEN$","RestrictedAdminMode":"-","KeyLength":"0","LogonType":"3","TargetDomainName":"ESSOS.LOCAL","TargetUserSid":"S-1-5-18","TargetOutboundUserName":"-","TargetOutboundDomainName":"-","ProcessId":"0x0","SubjectDomainName":"-","AuthenticationPackageName":"Kerberos","LogonGuid":"{6C3699F9-21BC-C044-F488-8345FDC7CD94}","TargetLinkedLogonId":"0x0","SubjectUserSid":"S-1-0-0","LmPackageName":"-","IpPort":"49700","ElevatedToken":"%%1842","ProcessName":"-","SubjectLogonId":"0x0","LogonProcessName":"Kerberos","WorkstationName":"-","IpAddress":"fe80::3076:9c8f:3acb:98de","ImpersonationLevel":"%%1833","SubjectUserName":"-","TargetLogonId":"0x587e71","VirtualAccount":"%%1843"},"OpenWEC":{"IpAddress":"10.202.0.93","TimeReceived":"2023-12-08T15:44:20.719706886+00:00","Principal":"MEEREEN$@ESSOS.LOCAL","Subscription":{"Uuid":"CB04741B-9072-4E2D-B769-3570FA020BBD","Version":"6E053E8A-FE0D-45A0-A863-C501EEDB4011","Name":"anssi-subscription"}}}
{"System":{"Provider":{"Name":"Microsoft-Windows-Security-Auditing","Guid":"{54849625-5478-4994-A5BA-3E3B0328C30D}"},"EventID":4624,"Version":2,"Level":0,"Task":12544,"Opcode":0,"Keywords":"0x8020000000000000","TimeCreated":"2023-12-08T15:39:31.580508400Z","EventRecordID":113420,"Correlation":{},"Execution":{"ProcessID":588,"ThreadID":1980},"Channel":"Security","Computer":"meereen.essos.local"},"EventData":{"IpPort":"49701","ElevatedToken":"%%1842","TargetLinkedLogonId":"0x0","WorkstationName":"-","ProcessId":"0x0","TargetDomainName":"ESSOS.LOCAL","SubjectUserName":"-","SubjectDomainName":"-","AuthenticationPackageName":"Kerberos","TransmittedServices":"-","SubjectLogonId":"0x0","TargetUserSid":"S-1-5-18","ImpersonationLevel":"%%1833","TargetOutboundUserName":"-","LogonProcessName":"Kerberos","TargetUserName":"MEEREEN$","SubjectUserSid":"S-1-0-0","TargetOutboundDomainName":"-","LogonType":"3","LogonGuid":"{6C3699F9-21BC-C044-F488-8345FDC7CD94}","LmPackageName":"-","TargetLogonId":"0x587ea2","KeyLength":"0","ProcessName":"-","RestrictedAdminMode":"-","VirtualAccount":"%%1843","IpAddress":"fe80::3076:9c8f:3acb:98de"},"OpenWEC":{"IpAddress":"10.202.0.93","TimeReceived":"2023-12-08T15:44:20.719706886+00:00","Principal":"MEEREEN$@ESSOS.LOCAL","Subscription":{"Uuid":"CB04741B-9072-4E2D-B769-3570FA020BBD","Version":"6E053E8A-FE0D-45A0-A863-C501EEDB4011","Name":"anssi-subscription"}}}
{"System":{"Provider":{"Name":"Microsoft-Windows-Security-Auditing","Guid":"{54849625-5478-4994-A5BA-3E3B0328C30D}"},"EventID":4624,"Version":2,"Level":0,"Task":12544,"Opcode":0,"Keywords":"0x8020000000000000","TimeCreated":"2023-12-08T15:39:31.593321400Z","EventRecordID":113422,"Correlation":{"ActivityID":"{833290A8-29FD-0001-F190-3283FD29DA01}"},"Execution":{"ProcessID":588,"ThreadID":7140},"Channel":"Security","Computer":"meereen.essos.local"},"EventData":{"IpPort":"0","TargetLogonId":"0x587f81","RestrictedAdminMode":"-","LogonGuid":"{6C3699F9-21BC-C044-F488-8345FDC7CD94}","SubjectUserName":"-","TargetUserSid":"S-1-5-18","SubjectDomainName":"-","TargetDomainName":"ESSOS.LOCAL","SubjectUserSid":"S-1-0-0","ProcessName":"-","LmPackageName":"-","SubjectLogonId":"0x0","IpAddress":"::1","ImpersonationLevel":"%%1833","TargetOutboundUserName":"-","VirtualAccount":"%%1843","TargetLinkedLogonId":"0x0","ProcessId":"0x0","TargetOutboundDomainName":"-","KeyLength":"0","ElevatedToken":"%%1842","LogonProcessName":"Kerberos","TransmittedServices":"-","TargetUserName":"MEEREEN$","AuthenticationPackageName":"Kerberos","LogonType":"3","WorkstationName":"-"},"OpenWEC":{"IpAddress":"10.202.0.93","TimeReceived":"2023-12-08T15:44:20.719706886+00:00","Principal":"MEEREEN$@ESSOS.LOCAL","Subscription":{"Uuid":"CB04741B-9072-4E2D-B769-3570FA020BBD","Version":"6E053E8A-FE0D-45A0-A863-C501EEDB4011","Name":"anssi-subscription"}}}
{"System":{"Provider":{"Name":"Microsoft-Windows-Security-Auditing","Guid":"{54849625-5478-4994-A5BA-3E3B0328C30D}"},"EventID":4624,"Version":2,"Level":0,"Task":12544,"Opcode":0,"Keywords":"0x8020000000000000","TimeCreated":"2023-12-08T15:39:31.595125800Z","EventRecordID":113424,"Correlation":{},"Execution":{"ProcessID":588,"ThreadID":2248},"Channel":"Security","Computer":"meereen.essos.local"},"EventData":{"TargetDomainName":"ESSOS.LOCAL","KeyLength":"0","LogonGuid":"{6C3699F9-21BC-C044-F488-8345FDC7CD94}","AuthenticationPackageName":"Kerberos","SubjectUserName":"-","TargetUserName":"MEEREEN$","TargetUserSid":"S-1-5-18","LogonType":"3","ProcessId":"0x0","ProcessName":"-","SubjectDomainName":"-","IpPort":"49702","TransmittedServices":"-","TargetLogonId":"0x587fc5","TargetOutboundUserName":"-","SubjectUserSid":"S-1-0-0","SubjectLogonId":"0x0","VirtualAccount":"%%1843","WorkstationName":"-","ImpersonationLevel":"%%1833","TargetLinkedLogonId":"0x0","TargetOutboundDomainName":"-","LmPackageName":"-","ElevatedToken":"%%1842","IpAddress":"10.202.0.93","RestrictedAdminMode":"-","LogonProcessName":"Kerberos"},"OpenWEC":{"IpAddress":"10.202.0.93","TimeReceived":"2023-12-08T15:44:20.719706886+00:00","Principal":"MEEREEN$@ESSOS.LOCAL","Subscription":{"Uuid":"CB04741B-9072-4E2D-B769-3570FA020BBD","Version":"6E053E8A-FE0D-45A0-A863-C501EEDB4011","Name":"anssi-subscription"}}}
{"System":{"Provider":{"Name":"Microsoft-Windows-Security-Auditing","Guid":"{54849625-5478-4994-A5BA-3E3B0328C30D}"},"EventID":4624,"Version":2,"Level":0,"Task":12544,"Opcode":0,"Keywords":"0x8020000000000000","TimeCreated":"2023-12-08T15:39:31.706366100Z","EventRecordID":113426,"Correlation":{"ActivityID":"{833290A8-29FD-0001-F190-3283FD29DA01}"},"Execution":{"ProcessID":588,"ThreadID":7140},"Channel":"Security","Computer":"meereen.essos.local"},"EventData":{"TargetOutboundDomainName":"-","SubjectDomainName":"-","KeyLength":"0","RestrictedAdminMode":"-","ElevatedToken":"%%1842","VirtualAccount":"%%1843","SubjectLogonId":"0x0","AuthenticationPackageName":"Kerberos","SubjectUserSid":"S-1-0-0","WorkstationName":"-","TargetLinkedLogonId":"0x0","ProcessId":"0x0","IpAddress":"fe80::3076:9c8f:3acb:98de","LogonType":"3","ProcessName":"-","TargetOutboundUserName":"-","TargetUserName":"MEEREEN$","TargetDomainName":"ESSOS.LOCAL","LmPackageName":"-","TargetLogonId":"0x588034","LogonProcessName":"Kerberos","TargetUserSid":"S-1-5-18","TransmittedServices":"-","SubjectUserName":"-","LogonGuid":"{6C3699F9-21BC-C044-F488-8345FDC7CD94}","IpPort":"49703","ImpersonationLevel":"%%1840"},"OpenWEC":{"IpAddress":"10.202.0.93","TimeReceived":"2023-12-08T15:44:20.719706886+00:00","Principal":"MEEREEN$@ESSOS.LOCAL","Subscription":{"Uuid":"CB04741B-9072-4E2D-B769-3570FA020BBD","Version":"6E053E8A-FE0D-45A0-A863-C501EEDB4011","Name":"anssi-subscription"}}}
{"System":{"Provider":{"Name":"Microsoft-Windows-Security-Auditing","Guid":"{54849625-5478-4994-A5BA-3E3B0328C30D}"},"EventID":5140,"Version":1,"Level":0,"Task":12808,"Opcode":0,"Keywords":"0x8020000000000000","TimeCreated":"2023-12-08T15:39:31.706643300Z","EventRecordID":113427,"Correlation":{},"Execution":{"ProcessID":4,"ThreadID":268},"Channel":"Security","Computer":"meereen.essos.local"},"EventData":{"SubjectDomainName":"ESSOS","ShareLocalPath":"\\??\\C:\\Windows\\SYSVOL\\sysvol","SubjectLogonId":"0x588034","ObjectType":"File","IpAddress":"fe80::3076:9c8f:3acb:98de","AccessMask":"0x1","AccessList":"%%4416\n\t\t\t\t","IpPort":"49703","SubjectUserSid":"S-1-5-18","ShareName":"\\\\*\\SYSVOL","SubjectUserName":"MEEREEN$"},"OpenWEC":{"IpAddress":"10.202.0.93","TimeReceived":"2023-12-08T15:44:20.719706886+00:00","Principal":"MEEREEN$@ESSOS.LOCAL","Subscription":{"Uuid":"CB04741B-9072-4E2D-B769-3570FA020BBD","Version":"6E053E8A-FE0D-45A0-A863-C501EEDB4011","Name":"anssi-subscription"}}}
{"System":{"Provider":{"Name":"Microsoft-Windows-WinRM","Guid":"{A7975C8F-AC13-49F1-87DA-5A984A4AB417}"},"EventID":163,"Version":0,"Level":2,"Task":7,"Opcode":0,"Keywords":"0x400000000000000a","TimeCreated":"2023-12-08T15:39:38.809184500Z","EventRecordID":5195,"Correlation":{"ActivityID":"{833290A8-29FD-0000-9EAE-3283FD29DA01}"},"Execution":{"ProcessID":1100,"ThreadID":400},"Channel":"Microsoft-Windows-WinRM/Operational","Computer":"meereen.essos.local","UserID":"S-1-5-20"},"EventData":{"authServer2":" ","authClient":"Kerberos","authServer1":" ","authServer3":" ","authServer5":" ","authServer4":" "},"OpenWEC":{"IpAddress":"10.202.0.93","TimeReceived":"2023-12-08T15:44:20.719706886+00:00","Principal":"MEEREEN$@ESSOS.LOCAL","Subscription":{"Uuid":"CB04741B-9072-4E2D-B769-3570FA020BBD","Version":"6E053E8A-FE0D-45A0-A863-C501EEDB4011","Name":"anssi-subscription"}}}
{"System":{"Provider":{"Name":"Microsoft-Windows-WinRM","Guid":"{A7975C8F-AC13-49F1-87DA-5A984A4AB417}"},"EventID":142,"Version":0,"Level":2,"Task":10,"Opcode":2,"Keywords":"0x4000000000000002","TimeCreated":"2023-12-08T15:39:38.809354100Z","EventRecordID":5196,"Correlation":{"ActivityID":"{833290A8-29FD-0001-AE92-3283FD29DA01}"},"Execution":{"ProcessID":1100,"ThreadID":1632},"Channel":"Microsoft-Windows-WinRM/Operational","Computer":"meereen.essos.local","UserID":"S-1-5-20"},"EventData":{"errorCode":"5","operationName":"Enumeration"},"OpenWEC":{"IpAddress":"10.202.0.93","TimeReceived":"2023-12-08T15:44:20.719706886+00:00","Principal":"MEEREEN$@ESSOS.LOCAL","Subscription":{"Uuid":"CB04741B-9072-4E2D-B769-3570FA020BBD","Version":"6E053E8A-FE0D-45A0-A863-C501EEDB4011","Name":"anssi-subscription"}}}
{"System":{"Provider":{"Name":"Microsoft-Windows-Security-Auditing","Guid":"{54849625-5478-4994-A5BA-3E3B0328C30D}"},"EventID":4624,"Version":2,"Level":0,"Task":12544,"Opcode":0,"Keywords":"0x8020000000000000","TimeCreated":"2023-12-08T15:39:43.141186200Z","EventRecordID":113439,"Correlation":{},"Execution":{"ProcessID":588,"ThreadID":2248},"Channel":"Security","Computer":"meereen.essos.local"},"EventData":{"LmPackageName":"-","ProcessName":"-","SubjectUserSid":"S-1-0-0","TransmittedServices":"-","TargetOutboundUserName":"-","SubjectDomainName":"-","TargetUserName":"MEEREEN$","WorkstationName":"-","TargetUserSid":"S-1-5-18","IpAddress":"fe80::3076:9c8f:3acb:98de","TargetLinkedLogonId":"0x0","AuthenticationPackageName":"Kerberos","TargetLogonId":"0x589957","ProcessId":"0x0","ElevatedToken":"%%1842","LogonType":"3","IpPort":"49714","SubjectLogonId":"0x0","LogonProcessName":"Kerberos","ImpersonationLevel":"%%1833","TargetDomainName":"ESSOS.LOCAL","RestrictedAdminMode":"-","LogonGuid":"{4DAE89EC-640B-593C-8935-87CC0FE7DECD}","SubjectUserName":"-","VirtualAccount":"%%1843","KeyLength":"0","TargetOutboundDomainName":"-"},"OpenWEC":{"IpAddress":"10.202.0.93","TimeReceived":"2023-12-08T15:44:20.719706886+00:00","Principal":"MEEREEN$@ESSOS.LOCAL","Subscription":{"Uuid":"CB04741B-9072-4E2D-B769-3570FA020BBD","Version":"6E053E8A-FE0D-45A0-A863-C501EEDB4011","Name":"anssi-subscription"}}}
{"System":{"Provider":{"Name":"Microsoft-Windows-Security-Auditing","Guid":"{54849625-5478-4994-A5BA-3E3B0328C30D}"},"EventID":4624,"Version":2,"Level":0,"Task":12544,"Opcode":0,"Keywords":"0x8020000000000000","TimeCreated":"2023-12-08T15:39:43.145636500Z","EventRecordID":113442,"Correlation":{},"Execution":{"ProcessID":588,"ThreadID":1980},"Channel":"Security","Computer":"meereen.essos.local"},"EventData":{"TargetUserName":"MEEREEN$","SubjectUserSid":"S-1-0-0","TargetOutboundDomainName":"-","LmPackageName":"-","AuthenticationPackageName":"Kerberos","WorkstationName":"-","TargetLinkedLogonId":"0x0","LogonType":"3","ProcessName":"-","RestrictedAdminMode":"-","SubjectLogonId":"0x0","TargetUserSid":"S-1-5-18","ElevatedToken":"%%1842","VirtualAccount":"%%1843","IpPort":"49715","ProcessId":"0x0","SubjectDomainName":"-","ImpersonationLevel":"%%1833","SubjectUserName":"-","LogonProcessName":"Kerberos","TargetDomainName":"ESSOS.LOCAL","LogonGuid":"{4DAE89EC-640B-593C-8935-87CC0FE7DECD}","TargetOutboundUserName":"-","TargetLogonId":"0x5899c0","TransmittedServices":"-","KeyLength":"0","IpAddress":"fe80::3076:9c8f:3acb:98de"},"OpenWEC":{"IpAddress":"10.202.0.93","TimeReceived":"2023-12-08T15:44:20.719706886+00:00","Principal":"MEEREEN$@ESSOS.LOCAL","Subscription":{"Uuid":"CB04741B-9072-4E2D-B769-3570FA020BBD","Version":"6E053E8A-FE0D-45A0-A863-C501EEDB4011","Name":"anssi-subscription"}}}
{"System":{"Provider":{"Name":"Microsoft-Windows-Security-Auditing","Guid":"{54849625-5478-4994-A5BA-3E3B0328C30D}"},"EventID":4624,"Version":2,"Level":0,"Task":12544,"Opcode":0,"Keywords":"0x8020000000000000","TimeCreated":"2023-12-08T15:40:27.436562600Z","EventRecordID":113561,"Correlation":{},"Execution":{"ProcessID":588,"ThreadID":1980},"Channel":"Security","Computer":"meereen.essos.local"},"EventData":{"RestrictedAdminMode":"-","LogonGuid":"{4DAE89EC-640B-593C-8935-87CC0FE7DECD}","AuthenticationPackageName":"Kerberos","KeyLength":"0","WorkstationName":"-","LmPackageName":"-","ElevatedToken":"%%1842","TargetLinkedLogonId":"0x0","LogonProcessName":"Kerberos","TargetLogonId":"0x58f018","TransmittedServices":"-","IpPort":"49735","TargetUserSid":"S-1-5-18","TargetOutboundUserName":"-","VirtualAccount":"%%1843","SubjectDomainName":"-","ProcessId":"0x0","SubjectUserName":"-","SubjectLogonId":"0x0","TargetUserName":"MEEREEN$","ProcessName":"-","IpAddress":"::1","LogonType":"3","TargetOutboundDomainName":"-","ImpersonationLevel":"%%1833","TargetDomainName":"ESSOS.LOCAL","SubjectUserSid":"S-1-0-0"},"OpenWEC":{"IpAddress":"10.202.0.93","TimeReceived":"2023-12-08T15:44:20.719706886+00:00","Principal":"MEEREEN$@ESSOS.LOCAL","Subscription":{"Uuid":"CB04741B-9072-4E2D-B769-3570FA020BBD","Version":"6E053E8A-FE0D-45A0-A863-C501EEDB4011","Name":"anssi-subscription"}}}
{"System":{"Provider":{"Name":"Microsoft-Windows-WinRM","Guid":"{A7975C8F-AC13-49F1-87DA-5A984A4AB417}"},"EventID":163,"Version":0,"Level":2,"Task":7,"Opcode":0,"Keywords":"0x400000000000000a","TimeCreated":"2023-12-08T15:40:41.775447600Z","EventRecordID":5199,"Correlation":{"ActivityID":"{833290A8-29FD-0001-66B4-3283FD29DA01}"},"Execution":{"ProcessID":1100,"ThreadID":400},"Channel":"Microsoft-Windows-WinRM/Operational","Computer":"meereen.essos.local","UserID":"S-1-5-20"},"EventData":{"authServer5":" ","authServer4":" ","authServer2":" ","authServer3":" ","authServer1":" ","authClient":"Kerberos"},"OpenWEC":{"IpAddress":"10.202.0.93","TimeReceived":"2023-12-08T15:44:20.719706886+00:00","Principal":"MEEREEN$@ESSOS.LOCAL","Subscription":{"Uuid":"CB04741B-9072-4E2D-B769-3570FA020BBD","Version":"6E053E8A-FE0D-45A0-A863-C501EEDB4011","Name":"anssi-subscription"}}}
{"System":{"Provider":{"Name":"Microsoft-Windows-WinRM","Guid":"{A7975C8F-AC13-49F1-87DA-5A984A4AB417}"},"EventID":142,"Version":0,"Level":2,"Task":10,"Opcode":2,"Keywords":"0x4000000000000002","TimeCreated":"2023-12-08T15:40:41.775609100Z","EventRecordID":5200,"Correlation":{"ActivityID":"{833290A8-29FD-0001-AE92-3283FD29DA01}"},"Execution":{"ProcessID":1100,"ThreadID":400},"Channel":"Microsoft-Windows-WinRM/Operational","Computer":"meereen.essos.local","UserID":"S-1-5-20"},"EventData":{"errorCode":"5","operationName":"Enumeration"},"OpenWEC":{"IpAddress":"10.202.0.93","TimeReceived":"2023-12-08T15:44:20.719706886+00:00","Principal":"MEEREEN$@ESSOS.LOCAL","Subscription":{"Uuid":"CB04741B-9072-4E2D-B769-3570FA020BBD","Version":"6E053E8A-FE0D-45A0-A863-C501EEDB4011","Name":"anssi-subscription"}}}
{"System":{"Provider":{"Name":"Microsoft-Windows-Security-Auditing","Guid":"{54849625-5478-4994-A5BA-3E3B0328C30D}"},"EventID":4624,"Version":2,"Level":0,"Task":12544,"Opcode":0,"Keywords":"0x8020000000000000","TimeCreated":"2023-12-08T15:41:27.452134200Z","EventRecordID":113719,"Correlation":{},"Execution":{"ProcessID":588,"ThreadID":1980},"Channel":"Security","Computer":"meereen.essos.local"},"EventData":{"LogonType":"3","IpAddress":"::1","ImpersonationLevel":"%%1833","IpPort":"49775","TargetOutboundDomainName":"-","TargetOutboundUserName":"-","SubjectUserSid":"S-1-0-0","AuthenticationPackageName":"Kerberos","TargetUserSid":"S-1-5-18","RestrictedAdminMode":"-","WorkstationName":"-","VirtualAccount":"%%1843","TargetLogonId":"0x596a60","SubjectLogonId":"0x0","TargetUserName":"MEEREEN$","LogonProcessName":"Kerberos","ElevatedToken":"%%1842","LmPackageName":"-","TargetDomainName":"ESSOS.LOCAL","LogonGuid":"{4DAE89EC-640B-593C-8935-87CC0FE7DECD}","KeyLength":"0","ProcessName":"-","TargetLinkedLogonId":"0x0","TransmittedServices":"-","SubjectUserName":"-","ProcessId":"0x0","SubjectDomainName":"-"},"OpenWEC":{"IpAddress":"10.202.0.93","TimeReceived":"2023-12-08T15:44:20.719706886+00:00","Principal":"MEEREEN$@ESSOS.LOCAL","Subscription":{"Uuid":"CB04741B-9072-4E2D-B769-3570FA020BBD","Version":"6E053E8A-FE0D-45A0-A863-C501EEDB4011","Name":"anssi-subscription"}}}
{"System":{"Provider":{"Name":"Microsoft-Windows-WinRM","Guid":"{A7975C8F-AC13-49F1-87DA-5A984A4AB417}"},"EventID":163,"Version":0,"Level":2,"Task":7,"Opcode":0,"Keywords":"0x400000000000000a","TimeCreated":"2023-12-08T15:41:44.735204900Z","EventRecordID":5203,"Correlation":{"ActivityID":"{833290A8-29FD-0001-69B4-3283FD29DA01}"},"Execution":{"ProcessID":1100,"ThreadID":1632},"Channel":"Microsoft-Windows-WinRM/Operational","Computer":"meereen.essos.local","UserID":"S-1-5-20"},"EventData":{"authServer5":" ","authServer1":" ","authClient":"Kerberos","authServer2":" ","authServer4":" ","authServer3":" "},"OpenWEC":{"IpAddress":"10.202.0.93","TimeReceived":"2023-12-08T15:44:20.719706886+00:00","Principal":"MEEREEN$@ESSOS.LOCAL","Subscription":{"Uuid":"CB04741B-9072-4E2D-B769-3570FA020BBD","Version":"6E053E8A-FE0D-45A0-A863-C501EEDB4011","Name":"anssi-subscription"}}}
{"System":{"Provider":{"Name":"Microsoft-Windows-WinRM","Guid":"{A7975C8F-AC13-49F1-87DA-5A984A4AB417}"},"EventID":142,"Version":0,"Level":2,"Task":10,"Opcode":2,"Keywords":"0x4000000000000002","TimeCreated":"2023-12-08T15:41:44.735290600Z","EventRecordID":5204,"Correlation":{"ActivityID":"{833290A8-29FD-0001-AE92-3283FD29DA01}"},"Execution":{"ProcessID":1100,"ThreadID":1632},"Channel":"Microsoft-Windows-WinRM/Operational","Computer":"meereen.essos.local","UserID":"S-1-5-20"},"EventData":{"errorCode":"5","operationName":"Enumeration"},"OpenWEC":{"IpAddress":"10.202.0.93","TimeReceived":"2023-12-08T15:44:20.719706886+00:00","Principal":"MEEREEN$@ESSOS.LOCAL","Subscription":{"Uuid":"CB04741B-9072-4E2D-B769-3570FA020BBD","Version":"6E053E8A-FE0D-45A0-A863-C501EEDB4011","Name":"anssi-subscription"}}}
{"System":{"Provider":{"Name":"Microsoft-Windows-Security-Auditing","Guid":"{54849625-5478-4994-A5BA-3E3B0328C30D}"},"EventID":4688,"Version":2,"Level":0,"Task":13312,"Opcode":0,"Keywords":"0x8020000000000000","TimeCreated":"2023-12-08T15:41:59.298333600Z","EventRecordID":113790,"Correlation":{},"Execution":{"ProcessID":4,"ThreadID":4132},"Channel":"Security","Computer":"meereen.essos.local"},"EventData":{"CommandLine":"","SubjectUserName":"MEEREEN$","TokenElevationType":"%%1938","ProcessId":"0x2f8","MandatoryLabel":"S-1-16-8192","ParentProcessName":"C:\\Windows\\System32\\svchost.exe","SubjectUserSid":"S-1-5-18","SubjectLogonId":"0x3e7","NewProcessId":"0x1ad4","TargetDomainName":"ESSOS","NewProcessName":"C:\\Windows\\System32\\smartscreen.exe","TargetUserName":"vagrant","TargetLogonId":"0x4cea8","SubjectDomainName":"ESSOS","TargetUserSid":"S-1-5-21-1062305140-3742494866-1959299801-1000"},"OpenWEC":{"IpAddress":"10.202.0.93","TimeReceived":"2023-12-08T15:44:20.719706886+00:00","Principal":"MEEREEN$@ESSOS.LOCAL","Subscription":{"Uuid":"CB04741B-9072-4E2D-B769-3570FA020BBD","Version":"6E053E8A-FE0D-45A0-A863-C501EEDB4011","Name":"anssi-subscription"}}}
{"System":{"Provider":{"Name":"Microsoft-Windows-Security-Auditing","Guid":"{54849625-5478-4994-A5BA-3E3B0328C30D}"},"EventID":4688,"Version":2,"Level":0,"Task":13312,"Opcode":0,"Keywords":"0x8020000000000000","TimeCreated":"2023-12-08T15:41:59.363401400Z","EventRecordID":113791,"Correlation":{},"Execution":{"ProcessID":4,"ThreadID":6732},"Channel":"Security","Computer":"meereen.essos.local"},"EventData":{"ParentProcessName":"C:\\Windows\\explorer.exe","NewProcessId":"0x1b0c","TargetUserName":"-","TokenElevationType":"%%1938","SubjectUserName":"vagrant","SubjectDomainName":"ESSOS","ProcessId":"0x13bc","TargetLogonId":"0x0","TargetUserSid":"S-1-0-0","NewProcessName":"C:\\Program Files\\Google\\Chrome\\Application\\chrome.exe","CommandLine":"","MandatoryLabel":"S-1-16-8192","SubjectLogonId":"0x4cea8","SubjectUserSid":"S-1-5-21-1062305140-3742494866-1959299801-1000","TargetDomainName":"-"},"OpenWEC":{"IpAddress":"10.202.0.93","TimeReceived":"2023-12-08T15:44:20.719706886+00:00","Principal":"MEEREEN$@ESSOS.LOCAL","Subscription":{"Uuid":"CB04741B-9072-4E2D-B769-3570FA020BBD","Version":"6E053E8A-FE0D-45A0-A863-C501EEDB4011","Name":"anssi-subscription"}}}
{"System":{"Provider":{"Name":"Microsoft-Windows-Security-Auditing","Guid":"{54849625-5478-4994-A5BA-3E3B0328C30D}"},"EventID":4688,"Version":2,"Level":0,"Task":13312,"Opcode":0,"Keywords":"0x8020000000000000","TimeCreated":"2023-12-08T15:41:59.478735200Z","EventRecordID":113792,"Correlation":{},"Execution":{"ProcessID":4,"ThreadID":6732},"Channel":"Security","Computer":"meereen.essos.local"},"EventData":{"ProcessId":"0x1b0c","SubjectDomainName":"ESSOS","NewProcessId":"0x1b24","TargetUserSid":"S-1-0-0","TargetUserName":"-","SubjectUserName":"vagrant","NewProcessName":"C:\\Program Files\\Google\\Chrome\\Application\\chrome.exe","ParentProcessName":"C:\\Program Files\\Google\\Chrome\\Application\\chrome.exe","SubjectLogonId":"0x4cea8","SubjectUserSid":"S-1-5-21-1062305140-3742494866-1959299801-1000","TokenElevationType":"%%1938","TargetLogonId":"0x0","MandatoryLabel":"S-1-16-8192","CommandLine":"","TargetDomainName":"-"},"OpenWEC":{"IpAddress":"10.202.0.93","TimeReceived":"2023-12-08T15:44:20.719706886+00:00","Principal":"MEEREEN$@ESSOS.LOCAL","Subscription":{"Uuid":"CB04741B-9072-4E2D-B769-3570FA020BBD","Version":"6E053E8A-FE0D-45A0-A863-C501EEDB4011","Name":"anssi-subscription"}}}
{"System":{"Provider":{"Name":"Microsoft-Windows-Security-Auditing","Guid":"{54849625-5478-4994-A5BA-3E3B0328C30D}"},"EventID":4688,"Version":2,"Level":0,"Task":13312,"Opcode":0,"Keywords":"0x8020000000000000","TimeCreated":"2023-12-08T15:42:00.624746300Z","EventRecordID":113798,"Correlation":{},"Execution":{"ProcessID":4,"ThreadID":1920},"Channel":"Security","Computer":"meereen.essos.local"},"EventData":{"TargetUserName":"-","TargetLogonId":"0x0","TokenElevationType":"%%1938","NewProcessName":"C:\\Program Files\\Google\\Chrome\\Application\\chrome.exe","CommandLine":"","SubjectLogonId":"0x4cea8","ProcessId":"0x1b0c","NewProcessId":"0x1b00","SubjectUserName":"vagrant","ParentProcessName":"C:\\Program Files\\Google\\Chrome\\Application\\chrome.exe","SubjectUserSid":"S-1-5-21-1062305140-3742494866-1959299801-1000","TargetUserSid":"S-1-0-0","TargetDomainName":"-","SubjectDomainName":"ESSOS","MandatoryLabel":"S-1-16-4096"},"OpenWEC":{"IpAddress":"10.202.0.93","TimeReceived":"2023-12-08T15:44:20.719706886+00:00","Principal":"MEEREEN$@ESSOS.LOCAL","Subscription":{"Uuid":"CB04741B-9072-4E2D-B769-3570FA020BBD","Version":"6E053E8A-FE0D-45A0-A863-C501EEDB4011","Name":"anssi-subscription"}}}
{"System":{"Provider":{"Name":"Microsoft-Windows-Security-Auditing","Guid":"{54849625-5478-4994-A5BA-3E3B0328C30D}"},"EventID":4688,"Version":2,"Level":0,"Task":13312,"Opcode":0,"Keywords":"0x8020000000000000","TimeCreated":"2023-12-08T15:42:01.091917200Z","EventRecordID":113800,"Correlation":{},"Execution":{"ProcessID":4,"ThreadID":4384},"Channel":"Security","Computer":"meereen.essos.local"},"EventData":{"ProcessId":"0x1b0c","TargetDomainName":"-","TargetLogonId":"0x0","CommandLine":"","MandatoryLabel":"S-1-16-8192","NewProcessId":"0x58c","TargetUserSid":"S-1-0-0","SubjectUserSid":"S-1-5-21-1062305140-3742494866-1959299801-1000","SubjectLogonId":"0x4cea8","TargetUserName":"-","NewProcessName":"C:\\Program Files\\Google\\Chrome\\Application\\chrome.exe","TokenElevationType":"%%1938","SubjectUserName":"vagrant","SubjectDomainName":"ESSOS","ParentProcessName":"C:\\Program Files\\Google\\Chrome\\Application\\chrome.exe"},"OpenWEC":{"IpAddress":"10.202.0.93","TimeReceived":"2023-12-08T15:44:20.719706886+00:00","Principal":"MEEREEN$@ESSOS.LOCAL","Subscription":{"Uuid":"CB04741B-9072-4E2D-B769-3570FA020BBD","Version":"6E053E8A-FE0D-45A0-A863-C501EEDB4011","Name":"anssi-subscription"}}}
{"System":{"Provider":{"Name":"Microsoft-Windows-Security-Auditing","Guid":"{54849625-5478-4994-A5BA-3E3B0328C30D}"},"EventID":4688,"Version":2,"Level":0,"Task":13312,"Opcode":0,"Keywords":"0x8020000000000000","TimeCreated":"2023-12-08T15:42:02.606844300Z","EventRecordID":113805,"Correlation":{},"Execution":{"ProcessID":4,"ThreadID":6240},"Channel":"Security","Computer":"meereen.essos.local"},"EventData":{"SubjectUserSid":"S-1-5-21-1062305140-3742494866-1959299801-1000","TargetDomainName":"-","SubjectDomainName":"ESSOS","ProcessId":"0x1b0c","TokenElevationType":"%%1938","TargetLogonId":"0x0","NewProcessName":"C:\\Program Files\\Google\\Chrome\\Application\\chrome.exe","NewProcessId":"0x15d4","SubjectLogonId":"0x4cea8","TargetUserSid":"S-1-0-0","MandatoryLabel":"S-1-16-4096","TargetUserName":"-","CommandLine":"","SubjectUserName":"vagrant","ParentProcessName":"C:\\Program Files\\Google\\Chrome\\Application\\chrome.exe"},"OpenWEC":{"IpAddress":"10.202.0.93","TimeReceived":"2023-12-08T15:44:20.719706886+00:00","Principal":"MEEREEN$@ESSOS.LOCAL","Subscription":{"Uuid":"CB04741B-9072-4E2D-B769-3570FA020BBD","Version":"6E053E8A-FE0D-45A0-A863-C501EEDB4011","Name":"anssi-subscription"}}}
{"System":{"Provider":{"Name":"Microsoft-Windows-Security-Auditing","Guid":"{54849625-5478-4994-A5BA-3E3B0328C30D}"},"EventID":4688,"Version":2,"Level":0,"Task":13312,"Opcode":0,"Keywords":"0x8020000000000000","TimeCreated":"2023-12-08T15:42:03.433087500Z","EventRecordID":113806,"Correlation":{},"Execution":{"ProcessID":4,"ThreadID":4108},"Channel":"Security","Computer":"meereen.essos.local"},"EventData":{"SubjectDomainName":"ESSOS","SubjectLogonId":"0x3e7","MandatoryLabel":"S-1-16-16384","CommandLine":"","TargetDomainName":"-","TargetLogonId":"0x0","SubjectUserSid":"S-1-5-18","NewProcessName":"C:\\Program Files\\Google\\Chrome\\Application\\120.0.6099.71\\elevation_service.exe","ProcessId":"0x244","TargetUserName":"-","SubjectUserName":"MEEREEN$","ParentProcessName":"C:\\Windows\\System32\\services.exe","NewProcessId":"0x744","TargetUserSid":"S-1-0-0","TokenElevationType":"%%1936"},"OpenWEC":{"IpAddress":"10.202.0.93","TimeReceived":"2023-12-08T15:44:20.719706886+00:00","Principal":"MEEREEN$@ESSOS.LOCAL","Subscription":{"Uuid":"CB04741B-9072-4E2D-B769-3570FA020BBD","Version":"6E053E8A-FE0D-45A0-A863-C501EEDB4011","Name":"anssi-subscription"}}}
{"System":{"Provider":{"Name":"Microsoft-Windows-Security-Auditing","Guid":"{54849625-5478-4994-A5BA-3E3B0328C30D}"},"EventID":4688,"Version":2,"Level":0,"Task":13312,"Opcode":0,"Keywords":"0x8020000000000000","TimeCreated":"2023-12-08T15:42:03.624791100Z","EventRecordID":113809,"Correlation":{},"Execution":{"ProcessID":4,"ThreadID":6168},"Channel":"Security","Computer":"meereen.essos.local"},"EventData":{"TargetUserName":"-","SubjectLogonId":"0x4cea8","TargetLogonId":"0x0","SubjectDomainName":"ESSOS","SubjectUserSid":"S-1-5-21-1062305140-3742494866-1959299801-1000","NewProcessName":"C:\\Program Files\\Google\\Chrome\\Application\\chrome.exe","CommandLine":"","SubjectUserName":"vagrant","NewProcessId":"0x90c","ParentProcessName":"C:\\Program Files\\Google\\Chrome\\Application\\chrome.exe","TokenElevationType":"%%1938","ProcessId":"0x1b0c","TargetDomainName":"-","MandatoryLabel":"S-1-16-4096","TargetUserSid":"S-1-0-0"},"OpenWEC":{"IpAddress":"10.202.0.93","TimeReceived":"2023-12-08T15:44:20.719706886+00:00","Principal":"MEEREEN$@ESSOS.LOCAL","Subscription":{"Uuid":"CB04741B-9072-4E2D-B769-3570FA020BBD","Version":"6E053E8A-FE0D-45A0-A863-C501EEDB4011","Name":"anssi-subscription"}}}
{"System":{"Provider":{"Name":"Microsoft-Windows-Security-Auditing","Guid":"{54849625-5478-4994-A5BA-3E3B0328C30D}"},"EventID":4688,"Version":2,"Level":0,"Task":13312,"Opcode":0,"Keywords":"0x8020000000000000","TimeCreated":"2023-12-08T15:42:04.364230300Z","EventRecordID":113812,"Correlation":{},"Execution":{"ProcessID":4,"ThreadID":6288},"Channel":"Security","Computer":"meereen.essos.local"},"EventData":{"CommandLine":"","MandatoryLabel":"S-1-16-4096","NewProcessName":"C:\\Program Files\\Google\\Chrome\\Application\\chrome.exe","TargetUserName":"-","SubjectUserName":"vagrant","ParentProcessName":"C:\\Program Files\\Google\\Chrome\\Application\\chrome.exe","TargetUserSid":"S-1-0-0","NewProcessId":"0x19a0","SubjectLogonId":"0x4cea8","SubjectDomainName":"ESSOS","TokenElevationType":"%%1938","ProcessId":"0x1b0c","TargetLogonId":"0x0","TargetDomainName":"-","SubjectUserSid":"S-1-5-21-1062305140-3742494866-1959299801-1000"},"OpenWEC":{"IpAddress":"10.202.0.93","TimeReceived":"2023-12-08T15:44:20.719706886+00:00","Principal":"MEEREEN$@ESSOS.LOCAL","Subscription":{"Uuid":"CB04741B-9072-4E2D-B769-3570FA020BBD","Version":"6E053E8A-FE0D-45A0-A863-C501EEDB4011","Name":"anssi-subscription"}}}
{"System":{"Provider":{"Name":"Microsoft-Windows-Security-Auditing","Guid":"{54849625-5478-4994-A5BA-3E3B0328C30D}"},"EventID":4688,"Version":2,"Level":0,"Task":13312,"Opcode":0,"Keywords":"0x8020000000000000","TimeCreated":"2023-12-08T15:42:05.172531700Z","EventRecordID":113816,"Correlation":{},"Execution":{"ProcessID":4,"ThreadID":6244},"Channel":"Security","Computer":"meereen.essos.local"},"EventData":{"CommandLine":"","SubjectLogonId":"0x4cea8","TargetLogonId":"0x0","MandatoryLabel":"S-1-16-4096","NewProcessName":"C:\\Program Files\\Google\\Chrome\\Application\\chrome.exe","SubjectDomainName":"ESSOS","TargetDomainName":"-","ProcessId":"0x1b0c","ParentProcessName":"C:\\Program Files\\Google\\Chrome\\Application\\chrome.exe","NewProcessId":"0x1898","TargetUserName":"-","SubjectUserSid":"S-1-5-21-1062305140-3742494866-1959299801-1000","TargetUserSid":"S-1-0-0","TokenElevationType":"%%1938","SubjectUserName":"vagrant"},"OpenWEC":{"IpAddress":"10.202.0.93","TimeReceived":"2023-12-08T15:44:20.719706886+00:00","Principal":"MEEREEN$@ESSOS.LOCAL","Subscription":{"Uuid":"CB04741B-9072-4E2D-B769-3570FA020BBD","Version":"6E053E8A-FE0D-45A0-A863-C501EEDB4011","Name":"anssi-subscription"}}}
