{"System":{"Provider":{"Name":"Microsoft-Windows-Security-Auditing","Guid":"{54849625-5478-4994-A5BA-3E3B0328C30D}"},"EventID":4702,"Version":0,"Level":0,"Task":12804,"Opcode":0,"Keywords":"0x8020000000000000","TimeCreated":"2023-12-08T15:09:46.042351200Z","EventRecordID":108567,"Correlation":{"ActivityID":"{833290A8-29FD-0001-F190-3283FD29DA01}"},"Execution":{"ProcessID":588,"ThreadID":640},"Channel":"Security","Computer":"meereen.essos.local"},"EventData":{"SubjectLogonId":"0x4cea8","TaskContentNew":"<?xml version=\"1.0\" encoding=\"UTF-16\"?>\n<Task version=\"1.3\" xmlns=\"http://schemas.microsoft.com/windows/2004/02/mit/task\">\n  <RegistrationInfo>\n    <Author>ESSOS\\vagrant</Author>\n    <Description>Updates out-of-date system feeds.</Description>\n    <URI>\\User_Feed_Synchronization-{CDCD1ED3-12CE-4ACE-A495-61B2568CDF88}</URI>\n  </RegistrationInfo>\n  <Triggers>\n    <CalendarTrigger>\n      <StartBoundary>2023-12-08T21:28:45Z</StartBoundary>\n      <EndBoundary>2033-12-08T21:28:45Z</EndBoundary>\n      <Enabled>true</Enabled>\n      <ScheduleByDay>\n        <DaysInterval>1</DaysInterval>\n      </ScheduleByDay>\n    </CalendarTrigger>\n  </Triggers>\n  <Principals>\n    <Principal id=\"Author\">\n      <UserId>S-1-5-21-1062305140-3742494866-1959299801-1000</UserId>\n      <RunLevel>LeastPrivilege</RunLevel>\n      <LogonType>InteractiveToken</LogonType>\n    </Principal>\n  </Principals>\n  <Settings>\n    <MultipleInstancesPolicy>IgnoreNew</MultipleInstancesPolicy>\n    <DisallowStartIfOnBatteries>false</DisallowStartIfOnBatteries>\n    <StopIfGoingOnBatteries>false</StopIfGoingOnBatteries>\n    <AllowHardTerminate>true</AllowHardTerminate>\n    <StartWhenAvailable>true</StartWhenAvailable>\n    <RunOnlyIfNetworkAvailable>true</RunOnlyIfNetworkAvailable>\n    <IdleSettings>\n      <Duration>PT10M</Duration>\n      <WaitTimeout>PT1H</WaitTimeout>\n      <StopOnIdleEnd>true</StopOnIdleEnd>\n      <RestartOnIdle>false</RestartOnIdle>\n    </IdleSettings>\n    <AllowStartOnDemand>true</AllowStartOnDemand>\n    <Enabled>true</Enabled>\n    <Hidden>true</Hidden>\n    <RunOnlyIfIdle>false</RunOnlyIfIdle>\n    <DisallowStartOnRemoteAppSession>false</DisallowStartOnRemoteAppSession>\n    <UseUnifiedSchedulingEngine>true</UseUnifiedSchedulingEngine>\n    <WakeToRun>false</WakeToRun>\n    <ExecutionTimeLimit>PT72H</ExecutionTimeLimit>\n    <Priority>7</Priority>\n  </Settings>\n  <Actions Context=\"Author\">\n    <Exec>\n      <Command>C:\\Windows\\system32\\msfeedssync.exe</Command>\n      <Arguments>sync</Arguments>\n    </Exec>\n  </Actions>\n</Task>","SubjectDomainName":"ESSOS","SubjectUserSid":"S-1-5-21-1062305140-3742494866-1959299801-1000","TaskName":"\\User_Feed_Synchronization-{CDCD1ED3-12CE-4ACE-A495-61B2568CDF88}","SubjectUserName":"vagrant"},"OpenWEC":{"IpAddress":"10.202.0.93","TimeReceived":"2023-12-08T15:43:50.738207438+00:00","Principal":"MEEREEN$@ESSOS.LOCAL","Subscription":{"Uuid":"CB04741B-9072-4E2D-B769-3570FA020BBD","Version":"6E053E8A-FE0D-45A0-A863-C501EEDB4011","Name":"anssi-subscription"}}}
{"System":{"Provider":{"Name":"Microsoft-Windows-WinRM","Guid":"{A7975C8F-AC13-49F1-87DA-5A984A4AB417}"},"EventID":163,"Version":0,"Level":2,"Task":7,"Opcode":0,"Keywords":"0x400000000000000a","TimeCreated":"2023-12-08T15:10:16.293348800Z","EventRecordID":5075,"Correlation":{"ActivityID":"{833290A8-29FD-0001-36B1-3283FD29DA01}"},"Execution":{"ProcessID":1100,"ThreadID":1348},"Channel":"Microsoft-Windows-WinRM/Operational","Computer":"meereen.essos.local","UserID":"S-1-5-20"},"EventData":{"authClient":"Kerberos","authServer3":" ","authServer2":" ","authServer1":" ","authServer5":" ","authServer4":" "},"OpenWEC":{"IpAddress":"10.202.0.93","TimeReceived":"2023-12-08T15:43:50.738207438+00:00","Principal":"MEEREEN$@ESSOS.LOCAL","Subscription":{"Uuid":"CB04741B-9072-4E2D-B769-3570FA020BBD","Version":"6E053E8A-FE0D-45A0-A863-C501EEDB4011","Name":"anssi-subscription"}}}
{"System":{"Provider":{"Name":"Microsoft-Windows-WinRM","Guid":"{A7975C8F-AC13-49F1-87DA-5A984A4AB417}"},"EventID":142,"Version":0,"Level":2,"Task":10,"Opcode":2,"Keywords":"0x4000000000000002","TimeCreated":"2023-12-08T15:10:16.293487300Z","EventRecordID":5076,"Correlation":{"ActivityID":"{833290A8-29FD-0001-AE92-3283FD29DA01}"},"Execution":{"ProcessID":1100,"ThreadID":1348},"Channel":"Microsoft-Windows-WinRM/Operational","Computer":"meereen.essos.local","UserID":"S-1-5-20"},"EventData":{"operationName":"Enumeration","errorCode":"5"},"OpenWEC":{"IpAddress":"10.202.0.93","TimeReceived":"2023-12-08T15:43:50.738207438+00:00","Principal":"MEEREEN$@ESSOS.LOCAL","Subscription":{"Uuid":"CB04741B-9072-4E2D-B769-3570FA020BBD","Version":"6E053E8A-FE0D-45A0-A863-C501EEDB4011","Name":"anssi-subscription"}}}
{"System":{"Provider":{"Name":"Microsoft-Windows-Security-Auditing","Guid":"{54849625-5478-4994-A5BA-3E3B0328C30D}"},"EventID":4624,"Version":2,"Level":0,"Task":12544,"Opcode":0,"Keywords":"0x8020000000000000","TimeCreated":"2023-12-08T15:10:28.949988900Z","EventRecordID":108665,"Correlation":{},"Execution":{"ProcessID":588,"ThreadID":2248},"Channel":"Security","Computer":"meereen.essos.local"},"EventData":{"TargetOutboundDomainName":"-","TargetOutboundUserName":"-","ImpersonationLevel":"%%1833","TargetUserName":"MEEREEN$","SubjectUserSid":"S-1-0-0","TargetUserSid":"S-1-5-18","TransmittedServices":"-","SubjectUserName":"-","WorkstationName":"-","SubjectDomainName":"-","AuthenticationPackageName":"Kerberos","SubjectLogonId":"0x0","LmPackageName":"-","LogonType":"3","ProcessId":"0x0","RestrictedAdminMode":"-","VirtualAccount":"%%1843","IpPort":"65137","TargetLinkedLogonId":"0x0","TargetDomainName":"ESSOS.LOCAL","KeyLength":"0","IpAddress":"::1","TargetLogonId":"0x4a252a","LogonProcessName":"Kerberos","ElevatedToken":"%%1842","LogonGuid":"{4DAE89EC-640B-593C-8935-87CC0FE7DECD}","ProcessName":"-"},"OpenWEC":{"IpAddress":"10.202.0.93","TimeReceived":"2023-12-08T15:43:50.738207438+00:00","Principal":"MEEREEN$@ESSOS.LOCAL","Subscription":{"Uuid":"CB04741B-9072-4E2D-B769-3570FA020BBD","Version":"6E053E8A-FE0D-45A0-A863-C501EEDB4011","Name":"anssi-subscription"}}}
{"System":{"Provider":{"Name":"Microsoft-Windows-WinRM","Guid":"{A7975C8F-AC13-49F1-87DA-5A984A4AB417}"},"EventID":163,"Version":0,"Level":2,"Task":7,"Opcode":0,"Keywords":"0x400000000000000a","TimeCreated":"2023-12-08T15:10:35.508914100Z","EventRecordID":5078,"Correlation":{"ActivityID":"{833290A8-29FD-0000-95AB-3283FD29DA01}"},"Execution":{"ProcessID":1100,"ThreadID":1636},"Channel":"Microsoft-Windows-WinRM/Operational","Computer":"meereen.essos.local","UserID":"S-1-5-20"},"EventData":{"authServer5":" ","authServer1":" ","authClient":"Kerberos","authServer3":" ","authServer2":" ","authServer4":" "},"OpenWEC":{"IpAddress":"10.202.0.93","TimeReceived":"2023-12-08T15:43:50.738207438+00:00","Principal":"MEEREEN$@ESSOS.LOCAL","Subscription":{"Uuid":"CB04741B-9072-4E2D-B769-3570FA020BBD","Version":"6E053E8A-FE0D-45A0-A863-C501EEDB4011","Name":"anssi-subscription"}}}
{"System":{"Provider":{"Name":"Microsoft-Windows-WinRM","Guid":"{A7975C8F-AC13-49F1-87DA-5A984A4AB417}"},"EventID":163,"Version":0,"Level":2,"Task":7,"Opcode":0,"Keywords":"0x400000000000000a","TimeCreated":"2023-12-08T15:11:14.027365600Z","EventRecordID":5081,"Correlation":{"ActivityID":"{833290A8-29FD-0001-45B1-3283FD29DA01}"},"Execution":{"ProcessID":1100,"ThreadID":400},"Channel":"Microsoft-Windows-WinRM/Operational","Computer":"meereen.essos.local","UserID":"S-1-5-20"},"EventData":{"authServer3":" ","authServer1":" ","authServer2":" ","authServer5":" ","authClient":"Kerberos","authServer4":" "},"OpenWEC":{"IpAddress":"10.202.0.93","TimeReceived":"2023-12-08T15:43:50.738207438+00:00","Principal":"MEEREEN$@ESSOS.LOCAL","Subscription":{"Uuid":"CB04741B-9072-4E2D-B769-3570FA020BBD","Version":"6E053E8A-FE0D-45A0-A863-C501EEDB4011","Name":"anssi-subscription"}}}
{"System":{"Provider":{"Name":"Microsoft-Windows-WinRM","Guid":"{A7975C8F-AC13-49F1-87DA-5A984A4AB417}"},"EventID":142,"Version":0,"Level":2,"Task":10,"Opcode":2,"Keywords":"0x4000000000000002","TimeCreated":"2023-12-08T15:11:14.027461700Z","EventRecordID":5082,"Correlation":{"ActivityID":"{833290A8-29FD-0001-AE92-3283FD29DA01}"},"Execution":{"ProcessID":1100,"ThreadID":400},"Channel":"Microsoft-Windows-WinRM/Operational","Computer":"meereen.essos.local","UserID":"S-1-5-20"},"EventData":{"errorCode":"5","operationName":"Enumeration"},"OpenWEC":{"IpAddress":"10.202.0.93","TimeReceived":"2023-12-08T15:43:50.738207438+00:00","Principal":"MEEREEN$@ESSOS.LOCAL","Subscription":{"Uuid":"CB04741B-9072-4E2D-B769-3570FA020BBD","Version":"6E053E8A-FE0D-45A0-A863-C501EEDB4011","Name":"anssi-subscription"}}}
{"System":{"Provider":{"Name":"Microsoft-Windows-Security-Auditing","Guid":"{54849625-5478-4994-A5BA-3E3B0328C30D}"},"EventID":4624,"Version":2,"Level":0,"Task":12544,"Opcode":0,"Keywords":"0x8020000000000000","TimeCreated":"2023-12-08T15:11:23.992097800Z","EventRecordID":108865,"Correlation":{},"Execution":{"ProcessID":588,"ThreadID":1980},"Channel":"Security","Computer":"meereen.essos.local"},"EventData":{"ImpersonationLevel":"%%1833","RestrictedAdminMode":"-","WorkstationName":"-","LmPackageName":"-","KeyLength":"0","TargetLogonId":"0x4a9f07","ProcessId":"0x0","LogonType":"3","TargetDomainName":"ESSOS.LOCAL","LogonGuid":"{4DAE89EC-640B-593C-8935-87CC0FE7DECD}","TransmittedServices":"-","IpPort":"65169","VirtualAccount":"%%1843","ElevatedToken":"%%1842","TargetOutboundUserName":"-","TargetLinkedLogonId":"0x0","TargetUserName":"MEEREEN$","SubjectUserSid":"S-1-0-0","SubjectLogonId":"0x0","AuthenticationPackageName":"Kerberos","ProcessName":"-","LogonProcessName":"Kerberos","IpAddress":"::1","SubjectDomainName":"-","TargetOutboundDomainName":"-","SubjectUserName":"-","TargetUserSid":"S-1-5-18"},"OpenWEC":{"IpAddress":"10.202.0.93","TimeReceived":"2023-12-08T15:43:50.738207438+00:00","Principal":"MEEREEN$@ESSOS.LOCAL","Subscription":{"Uuid":"CB04741B-9072-4E2D-B769-3570FA020BBD","Version":"6E053E8A-FE0D-45A0-A863-C501EEDB4011","Name":"anssi-subscription"}}}
{"System":{"Provider":{"Name":"Microsoft-Windows-WinRM","Guid":"{A7975C8F-AC13-49F1-87DA-5A984A4AB417}"},"EventID":163,"Version":0,"Level":2,"Task":7,"Opcode":0,"Keywords":"0x400000000000000a","TimeCreated":"2023-12-08T15:11:31.889163900Z","EventRecordID":5084,"Correlation":{"ActivityID":"{833290A8-29FD-0001-4BB1-3283FD29DA01}"},"Execution":{"ProcessID":1100,"ThreadID":1636},"Channel":"Microsoft-Windows-WinRM/Operational","Computer":"meereen.essos.local","UserID":"S-1-5-20"},"EventData":{"authServer1":" ","authServer4":" ","authClient":"Kerberos","authServer2":" ","authServer5":" ","authServer3":" "},"OpenWEC":{"IpAddress":"10.202.0.93","TimeReceived":"2023-12-08T15:43:50.738207438+00:00","Principal":"MEEREEN$@ESSOS.LOCAL","Subscription":{"Uuid":"CB04741B-9072-4E2D-B769-3570FA020BBD","Version":"6E053E8A-FE0D-45A0-A863-C501EEDB4011","Name":"anssi-subscription"}}}
{"System":{"Provider":{"Name":"Microsoft-Windows-WinRM","Guid":"{A7975C8F-AC13-49F1-87DA-5A984A4AB417}"},"EventID":142,"Version":0,"Level":2,"Task":10,"Opcode":2,"Keywords":"0x4000000000000002","TimeCreated":"2023-12-08T15:11:31.889300800Z","EventRecordID":5085,"Correlation":{"ActivityID":"{833290A8-29FD-0001-AE92-3283FD29DA01}"},"Execution":{"ProcessID":1100,"ThreadID":1636},"Channel":"Microsoft-Windows-WinRM/Operational","Computer":"meereen.essos.local","UserID":"S-1-5-20"},"EventData":{"errorCode":"5","operationName":"EventDelivery"},"OpenWEC":{"IpAddress":"10.202.0.93","TimeReceived":"2023-12-08T15:43:50.738207438+00:00","Principal":"MEEREEN$@ESSOS.LOCAL","Subscription":{"Uuid":"CB04741B-9072-4E2D-B769-3570FA020BBD","Version":"6E053E8A-FE0D-45A0-A863-C501EEDB4011","Name":"anssi-subscription"}}}
{"System":{"Provider":{"Name":"Microsoft-Windows-WinRM","Guid":"{A7975C8F-AC13-49F1-87DA-5A984A4AB417}"},"EventID":163,"Version":0,"Level":2,"Task":7,"Opcode":0,"Keywords":"0x400000000000000a","TimeCreated":"2023-12-08T15:11:33.143873900Z","EventRecordID":5087,"Correlation":{"ActivityID":"{833290A8-29FD-0001-51B1-3283FD29DA01}"},"Execution":{"ProcessID":1100,"ThreadID":400},"Channel":"Microsoft-Windows-WinRM/Operational","Computer":"meereen.essos.local","UserID":"S-1-5-20"},"EventData":{"authServer5":" ","authServer2":" ","authServer3":" ","authClient":"Kerberos","authServer1":" ","authServer4":" "},"OpenWEC":{"IpAddress":"10.202.0.93","TimeReceived":"2023-12-08T15:43:50.738207438+00:00","Principal":"MEEREEN$@ESSOS.LOCAL","Subscription":{"Uuid":"CB04741B-9072-4E2D-B769-3570FA020BBD","Version":"6E053E8A-FE0D-45A0-A863-C501EEDB4011","Name":"anssi-subscription"}}}
{"System":{"Provider":{"Name":"Microsoft-Windows-WinRM","Guid":"{A7975C8F-AC13-49F1-87DA-5A984A4AB417}"},"EventID":142,"Version":0,"Level":2,"Task":10,"Opcode":2,"Keywords":"0x4000000000000002","TimeCreated":"2023-12-08T15:11:33.143968500Z","EventRecordID":5088,"Correlation":{"ActivityID":"{833290A8-29FD-0001-AE92-3283FD29DA01}"},"Execution":{"ProcessID":1100,"ThreadID":400},"Channel":"Microsoft-Windows-WinRM/Operational","Computer":"meereen.essos.local","UserID":"S-1-5-20"},"EventData":{"errorCode":"5","operationName":"EventDelivery"},"OpenWEC":{"IpAddress":"10.202.0.93","TimeReceived":"2023-12-08T15:43:50.738207438+00:00","Principal":"MEEREEN$@ESSOS.LOCAL","Subscription":{"Uuid":"CB04741B-9072-4E2D-B769-3570FA020BBD","Version":"6E053E8A-FE0D-45A0-A863-C501EEDB4011","Name":"anssi-subscription"}}}
{"System":{"Provider":{"Name":"Microsoft-Windows-TaskScheduler","Guid":"{DE7B24EA-73C8-4A09-985D-5BDADCFA9017}"},"EventID":107,"Version":0,"Level":4,"Task":107,"Opcode":0,"Keywords":"0x8000000000000000","TimeCreated":"2023-12-08T15:12:04.141576400Z","EventRecordID":4549,"Correlation":{"ActivityID":"{6F13CC95-92A1-4970-93DC-D288D24DC8D9}"},"Execution":{"ProcessID":1016,"ThreadID":4616},"Channel":"Microsoft-Windows-TaskScheduler/Operational","Computer":"meereen.essos.local","UserID":"S-1-5-18"},"EventData":{"InstanceId":"{6F13CC95-92A1-4970-93DC-D288D24DC8D9}","TaskName":"\\GoogleUpdateTaskMachineUA{E8794AD3-5DC4-47BC-AB3A-D97DF24F8916}"},"OpenWEC":{"IpAddress":"10.202.0.93","TimeReceived":"2023-12-08T15:43:50.738207438+00:00","Principal":"MEEREEN$@ESSOS.LOCAL","Subscription":{"Uuid":"CB04741B-9072-4E2D-B769-3570FA020BBD","Version":"6E053E8A-FE0D-45A0-A863-C501EEDB4011","Name":"anssi-subscription"}}}
{"System":{"Provider":{"Name":"Microsoft-Windows-Security-Auditing","Guid":"{54849625-5478-4994-A5BA-3E3B0328C30D}"},"EventID":4688,"Version":2,"Level":0,"Task":13312,"Opcode":0,"Keywords":"0x8020000000000000","TimeCreated":"2023-12-08T15:12:04.142742100Z","EventRecordID":108946,"Correlation":{},"Execution":{"ProcessID":4,"ThreadID":4056},"Channel":"Security","Computer":"meereen.essos.local"},"EventData":{"TargetDomainName":"-","TargetUserName":"-","ProcessId":"0x3f8","MandatoryLabel":"S-1-16-16384","SubjectDomainName":"ESSOS","NewProcessId":"0x1114","SubjectLogonId":"0x3e7","SubjectUserSid":"S-1-5-18","CommandLine":"","NewProcessName":"C:\\Program Files (x86)\\Google\\Update\\GoogleUpdate.exe","TargetUserSid":"S-1-0-0","TargetLogonId":"0x0","TokenElevationType":"%%1936","SubjectUserName":"MEEREEN$","ParentProcessName":"C:\\Windows\\System32\\svchost.exe"},"OpenWEC":{"IpAddress":"10.202.0.93","TimeReceived":"2023-12-08T15:43:50.738207438+00:00","Principal":"MEEREEN$@ESSOS.LOCAL","Subscription":{"Uuid":"CB04741B-9072-4E2D-B769-3570FA020BBD","Version":"6E053E8A-FE0D-45A0-A863-C501EEDB4011","Name":"anssi-subscription"}}}
{"System":{"Provider":{"Name":"Microsoft-Windows-TaskScheduler","Guid":"{DE7B24EA-73C8-4A09-985D-5BDADCFA9017}"},"EventID":129,"Version":0,"Level":4,"Task":129,"Opcode":0,"Keywords":"0x8000000000000000","TimeCreated":"2023-12-08T15:12:04.146796500Z","EventRecordID":4550,"Correlation":{},"Execution":{"ProcessID":1016,"ThreadID":4616},"Channel":"Microsoft-Windows-TaskScheduler/Operational","Computer":"meereen.essos.local","UserID":"S-1-5-18"},"EventData":{"TaskName":"\\GoogleUpdateTaskMachineUA{E8794AD3-5DC4-47BC-AB3A-D97DF24F8916}","Priority":"16384","ProcessID":"4372","Path":"C:\\Program Files (x86)\\Google\\Update\\GoogleUpdate.exe"},"OpenWEC":{"IpAddress":"10.202.0.93","TimeReceived":"2023-12-08T15:43:50.738207438+00:00","Principal":"MEEREEN$@ESSOS.LOCAL","Subscription":{"Uuid":"CB04741B-9072-4E2D-B769-3570FA020BBD","Version":"6E053E8A-FE0D-45A0-A863-C501EEDB4011","Name":"anssi-subscription"}}}
{"System":{"Provider":{"Name":"Microsoft-Windows-TaskScheduler","Guid":"{DE7B24EA-73C8-4A09-985D-5BDADCFA9017}"},"EventID":100,"Version":0,"Level":4,"Task":100,"Opcode":1,"Keywords":"0x8000000000000001","TimeCreated":"2023-12-08T15:12:04.146924300Z","EventRecordID":4551,"Correlation":{"ActivityID":"{6F13CC95-92A1-4970-93DC-D288D24DC8D9}"},"Execution":{"ProcessID":1016,"ThreadID":4616},"Channel":"Microsoft-Windows-TaskScheduler/Operational","Computer":"meereen.essos.local","UserID":"S-1-5-18"},"EventData":{"UserContext":"NT AUTHORITY\\SYSTEM","TaskName":"\\GoogleUpdateTaskMachineUA{E8794AD3-5DC4-47BC-AB3A-D97DF24F8916}","InstanceId":"{6F13CC95-92A1-4970-93DC-D288D24DC8D9}"},"OpenWEC":{"IpAddress":"10.202.0.93","TimeReceived":"2023-12-08T15:43:50.738207438+00:00","Principal":"MEEREEN$@ESSOS.LOCAL","Subscription":{"Uuid":"CB04741B-9072-4E2D-B769-3570FA020BBD","Version":"6E053E8A-FE0D-45A0-A863-C501EEDB4011","Name":"anssi-subscription"}}}
{"System":{"Provider":{"Name":"Microsoft-Windows-TaskScheduler","Guid":"{DE7B24EA-73C8-4A09-985D-5BDADCFA9017}"},"EventID":200,"Version":1,"Level":4,"Task":200,"Opcode":1,"Keywords":"0x8000000000000000","TimeCreated":"2023-12-08T15:12:04.146925400Z","EventRecordID":4552,"Correlation":{"ActivityID":"{6F13CC95-92A1-4970-93DC-D288D24DC8D9}"},"Execution":{"ProcessID":1016,"ThreadID":4616},"Channel":"Microsoft-Windows-TaskScheduler/Operational","Computer":"meereen.essos.local","UserID":"S-1-5-18"},"EventData":{"TaskInstanceId":"{6F13CC95-92A1-4970-93DC-D288D24DC8D9}","TaskName":"\\GoogleUpdateTaskMachineUA{E8794AD3-5DC4-47BC-AB3A-D97DF24F8916}","ActionName":"C:\\Program Files (x86)\\Google\\Update\\GoogleUpdate.exe","EnginePID":"4372"},"OpenWEC":{"IpAddress":"10.202.0.93","TimeReceived":"2023-12-08T15:43:50.738207438+00:00","Principal":"MEEREEN$@ESSOS.LOCAL","Subscription":{"Uuid":"CB04741B-9072-4E2D-B769-3570FA020BBD","Version":"6E053E8A-FE0D-45A0-A863-C501EEDB4011","Name":"anssi-subscription"}}}
{"System":{"Provider":{"Name":"Microsoft-Windows-WinRM","Guid":"{A7975C8F-AC13-49F1-87DA-5A984A4AB417}"},"EventID":163,"Version":0,"Level":2,"Task":7,"Opcode":0,"Keywords":"0x400000000000000a","TimeCreated":"2023-12-08T15:12:20.395849200Z","EventRecordID":5091,"Correlation":{"ActivityID":"{833290A8-29FD-0001-54B1-3283FD29DA01}"},"Execution":{"ProcessID":1100,"ThreadID":400},"Channel":"Microsoft-Windows-WinRM/Operational","Computer":"meereen.essos.local","UserID":"S-1-5-20"},"EventData":{"authServer4":" ","authClient":"Kerberos","authServer5":" ","authServer3":" ","authServer1":" ","authServer2":" "},"OpenWEC":{"IpAddress":"10.202.0.93","TimeReceived":"2023-12-08T15:43:50.738207438+00:00","Principal":"MEEREEN$@ESSOS.LOCAL","Subscription":{"Uuid":"CB04741B-9072-4E2D-B769-3570FA020BBD","Version":"6E053E8A-FE0D-45A0-A863-C501EEDB4011","Name":"anssi-subscription"}}}
{"System":{"Provider":{"Name":"Microsoft-Windows-WinRM","Guid":"{A7975C8F-AC13-49F1-87DA-5A984A4AB417}"},"EventID":142,"Version":0,"Level":2,"Task":10,"Opcode":2,"Keywords":"0x4000000000000002","TimeCreated":"2023-12-08T15:12:20.395925200Z","EventRecordID":5092,"Correlation":{"ActivityID":"{833290A8-29FD-0001-AE92-3283FD29DA01}"},"Execution":{"ProcessID":1100,"ThreadID":400},"Channel":"Microsoft-Windows-WinRM/Operational","Computer":"meereen.essos.local","UserID":"S-1-5-20"},"EventData":{"operationName":"Enumeration","errorCode":"5"},"OpenWEC":{"IpAddress":"10.202.0.93","TimeReceived":"2023-12-08T15:43:50.738207438+00:00","Principal":"MEEREEN$@ESSOS.LOCAL","Subscription":{"Uuid":"CB04741B-9072-4E2D-B769-3570FA020BBD","Version":"6E053E8A-FE0D-45A0-A863-C501EEDB4011","Name":"anssi-subscription"}}}
{"System":{"Provider":{"Name":"Microsoft-Windows-Security-Auditing","Guid":"{54849625-5478-4994-A5BA-3E3B0328C30D}"},"EventID":4624,"Version":2,"Level":0,"Task":12544,"Opcode":0,"Keywords":"0x8020000000000000","TimeCreated":"2023-12-08T15:12:25.835015700Z","EventRecordID":109052,"Correlation":{},"Execution":{"ProcessID":588,"ThreadID":1980},"Channel":"Security","Computer":"meereen.essos.local"},"EventData":{"TargetUserSid":"S-1-5-18","SubjectDomainName":"-","LogonType":"3","SubjectUserSid":"S-1-0-0","AuthenticationPackageName":"Kerberos","LmPackageName":"-","ProcessName":"-","TargetUserName":"MEEREEN$","IpAddress":"::1","TargetDomainName":"ESSOS.LOCAL","ImpersonationLevel":"%%1833","TargetOutboundDomainName":"-","VirtualAccount":"%%1843","ElevatedToken":"%%1842","IpPort":"65202","ProcessId":"0x0","LogonGuid":"{4DAE89EC-640B-593C-8935-87CC0FE7DECD}","TargetOutboundUserName":"-","SubjectUserName":"-","SubjectLogonId":"0x0","TransmittedServices":"-","TargetLogonId":"0x4b1a94","WorkstationName":"-","KeyLength":"0","RestrictedAdminMode":"-","LogonProcessName":"Kerberos","TargetLinkedLogonId":"0x0"},"OpenWEC":{"IpAddress":"10.202.0.93","TimeReceived":"2023-12-08T15:43:50.738207438+00:00","Principal":"MEEREEN$@ESSOS.LOCAL","Subscription":{"Uuid":"CB04741B-9072-4E2D-B769-3570FA020BBD","Version":"6E053E8A-FE0D-45A0-A863-C501EEDB4011","Name":"anssi-subscription"}}}
{"System":{"Provider":{"Name":"Microsoft-Windows-WinRM","Guid":"{A7975C8F-AC13-49F1-87DA-5A984A4AB417}"},"EventID":163,"Version":0,"Level":2,"Task":7,"Opcode":0,"Keywords":"0x400000000000000a","TimeCreated":"2023-12-08T15:13:25.455868200Z","EventRecordID":5095,"Correlation":{"ActivityID":"{833290A8-29FD-0001-58B1-3283FD29DA01}"},"Execution":{"ProcessID":1100,"ThreadID":400},"Channel":"Microsoft-Windows-WinRM/Operational","Computer":"meereen.essos.local","UserID":"S-1-5-20"},"EventData":{"authServer4":" ","authServer2":" ","authServer3":" ","authServer5":" ","authServer1":" ","authClient":"Kerberos"},"OpenWEC":{"IpAddress":"10.202.0.93","TimeReceived":"2023-12-08T15:43:50.738207438+00:00","Principal":"MEEREEN$@ESSOS.LOCAL","Subscription":{"Uuid":"CB04741B-9072-4E2D-B769-3570FA020BBD","Version":"6E053E8A-FE0D-45A0-A863-C501EEDB4011","Name":"anssi-subscription"}}}
{"System":{"Provider":{"Name":"Microsoft-Windows-WinRM","Guid":"{A7975C8F-AC13-49F1-87DA-5A984A4AB417}"},"EventID":142,"Version":0,"Level":2,"Task":10,"Opcode":2,"Keywords":"0x4000000000000002","TimeCreated":"2023-12-08T15:13:25.455944000Z","EventRecordID":5096,"Correlation":{"ActivityID":"{833290A8-29FD-0001-AE92-3283FD29DA01}"},"Execution":{"ProcessID":1100,"ThreadID":400},"Channel":"Microsoft-Windows-WinRM/Operational","Computer":"meereen.essos.local","UserID":"S-1-5-20"},"EventData":{"errorCode":"5","operationName":"Enumeration"},"OpenWEC":{"IpAddress":"10.202.0.93","TimeReceived":"2023-12-08T15:43:50.738207438+00:00","Principal":"MEEREEN$@ESSOS.LOCAL","Subscription":{"Uuid":"CB04741B-9072-4E2D-B769-3570FA020BBD","Version":"6E053E8A-FE0D-45A0-A863-C501EEDB4011","Name":"anssi-subscription"}}}
{"System":{"Provider":{"Name":"Microsoft-Windows-Security-Auditing","Guid":"{54849625-5478-4994-A5BA-3E3B0328C30D}"},"EventID":4624,"Version":2,"Level":0,"Task":12544,"Opcode":0,"Keywords":"0x8020000000000000","TimeCreated":"2023-12-08T15:13:28.316311000Z","EventRecordID":109367,"Correlation":{},"Execution":{"ProcessID":588,"ThreadID":1980},"Channel":"Security","Computer":"meereen.essos.local"},"EventData":{"AuthenticationPackageName":"Kerberos","LmPackageName":"-","LogonType":"3","TargetUserSid":"S-1-5-18","ImpersonationLevel":"%%1833","TargetOutboundUserName":"-","VirtualAccount":"%%1843","RestrictedAdminMode":"-","ElevatedToken":"%%1842","SubjectUserSid":"S-1-0-0","ProcessId":"0x0","SubjectUserName":"-","TargetLinkedLogonId":"0x0","KeyLength":"0","SubjectLogonId":"0x0","WorkstationName":"-","TargetUserName":"MEEREEN$","LogonProcessName":"Kerberos","IpAddress":"::1","SubjectDomainName":"-","ProcessName":"-","IpPort":"65235","TargetOutboundDomainName":"-","TargetDomainName":"ESSOS.LOCAL","TargetLogonId":"0x4b9300","TransmittedServices":"-","LogonGuid":"{4DAE89EC-640B-593C-8935-87CC0FE7DECD}"},"OpenWEC":{"IpAddress":"10.202.0.93","TimeReceived":"2023-12-08T15:43:50.738207438+00:00","Principal":"MEEREEN$@ESSOS.LOCAL","Subscription":{"Uuid":"CB04741B-9072-4E2D-B769-3570FA020BBD","Version":"6E053E8A-FE0D-45A0-A863-C501EEDB4011","Name":"anssi-subscription"}}}
{"System":{"Provider":{"Name":"Microsoft-Windows-Security-Auditing","Guid":"{54849625-5478-4994-A5BA-3E3B0328C30D}"},"EventID":4688,"Version":2,"Level":0,"Task":13312,"Opcode":0,"Keywords":"0x8020000000000000","TimeCreated":"2023-12-08T15:13:44.564766900Z","EventRecordID":109415,"Correlation":{},"Execution":{"ProcessID":4,"ThreadID":2336},"Channel":"Security","Computer":"meereen.essos.local"},"EventData":{"MandatoryLabel":"S-1-16-4096","NewProcessName":"C:\\Windows\\System32\\backgroundTaskHost.exe","TargetDomainName":"ESSOS","CommandLine":"","SubjectUserName":"MEEREEN$","ParentProcessName":"C:\\Windows\\System32\\svchost.exe","TokenElevationType":"%%1938","TargetUserSid":"S-1-5-21-1062305140-3742494866-1959299801-1000","ProcessId":"0x2f8","TargetLogonId":"0x4cea8","SubjectUserSid":"S-1-5-18","TargetUserName":"vagrant","NewProcessId":"0x148","SubjectLogonId":"0x3e7","SubjectDomainName":"ESSOS"},"OpenWEC":{"IpAddress":"10.202.0.93","TimeReceived":"2023-12-08T15:43:50.738207438+00:00","Principal":"MEEREEN$@ESSOS.LOCAL","Subscription":{"Uuid":"CB04741B-9072-4E2D-B769-3570FA020BBD","Version":"6E053E8A-FE0D-45A0-A863-C501EEDB4011","Name":"anssi-subscription"}}}
{"System":{"Provider":{"Name":"Microsoft-Windows-Security-Auditing","Guid":"{54849625-5478-4994-A5BA-3E3B0328C30D}"},"EventID":4688,"Version":2,"Level":0,"Task":13312,"Opcode":0,"Keywords":"0x8020000000000000","TimeCreated":"2023-12-08T15:13:47.954053900Z","EventRecordID":109421,"Correlation":{},"Execution":{"ProcessID":4,"ThreadID":1028},"Channel":"Security","Computer":"meereen.essos.local"},"EventData":{"NewProcessId":"0x18ac","ProcessId":"0x2f8","CommandLine":"","TargetDomainName":"ESSOS","TokenElevationType":"%%1938","TargetUserName":"vagrant","MandatoryLabel":"S-1-16-4096","TargetLogonId":"0x4cea8","SubjectUserSid":"S-1-5-18","NewProcessName":"C:\\Windows\\SystemApps\\Microsoft.Windows.Cortana_cw5n1h2txyewy\\SearchUI.exe","ParentProcessName":"C:\\Windows\\System32\\svchost.exe","SubjectDomainName":"ESSOS","SubjectUserName":"MEEREEN$","SubjectLogonId":"0x3e7","TargetUserSid":"S-1-5-21-1062305140-3742494866-1959299801-1000"},"OpenWEC":{"IpAddress":"10.202.0.93","TimeReceived":"2023-12-08T15:43:50.738207438+00:00","Principal":"MEEREEN$@ESSOS.LOCAL","Subscription":{"Uuid":"CB04741B-9072-4E2D-B769-3570FA020BBD","Version":"6E053E8A-FE0D-45A0-A863-C501EEDB4011","Name":"anssi-subscription"}}}
{"System":{"Provider":{"Name":"Microsoft-Windows-Security-Auditing","Guid":"{54849625-5478-4994-A5BA-3E3B0328C30D}"},"EventID":4688,"Version":2,"Level":0,"Task":13312,"Opcode":0,"Keywords":"0x8020000000000000","TimeCreated":"2023-12-08T15:13:53.175429800Z","EventRecordID":109423,"Correlation":{},"Execution":{"ProcessID":4,"ThreadID":5124},"Channel":"Security","Computer":"meereen.essos.local"},"EventData":{"SubjectUserName":"MEEREEN$","TargetUserSid":"S-1-5-21-1062305140-3742494866-1959299801-1000","ProcessId":"0x2f8","ParentProcessName":"C:\\Windows\\System32\\svchost.exe","NewProcessName":"C:\\Windows\\System32\\backgroundTaskHost.exe","SubjectUserSid":"S-1-5-18","TargetLogonId":"0x4cea8","CommandLine":"","NewProcessId":"0x1914","TargetUserName":"vagrant","SubjectDomainName":"ESSOS","TargetDomainName":"ESSOS","MandatoryLabel":"S-1-16-4096","SubjectLogonId":"0x3e7","TokenElevationType":"%%1938"},"OpenWEC":{"IpAddress":"10.202.0.93","TimeReceived":"2023-12-08T15:43:50.738207438+00:00","Principal":"MEEREEN$@ESSOS.LOCAL","Subscription":{"Uuid":"CB04741B-9072-4E2D-B769-3570FA020BBD","Version":"6E053E8A-FE0D-45A0-A863-C501EEDB4011","Name":"anssi-subscription"}}}
{"System":{"Provider":{"Name":"Microsoft-Windows-Security-Auditing","Guid":"{54849625-5478-4994-A5BA-3E3B0328C30D}"},"EventID":4624,"Version":2,"Level":0,"Task":12544,"Opcode":0,"Keywords":"0x8020000000000000","TimeCreated":"2023-12-08T15:13:54.404342900Z","EventRecordID":109442,"Correlation":{},"Execution":{"ProcessID":588,"ThreadID":988},"Channel":"Security","Computer":"meereen.essos.local"},"EventData":{"LmPackageName":"-","IpPort":"65250","AuthenticationPackageName":"Kerberos","LogonType":"3","TargetOutboundUserName":"-","TargetLogonId":"0x4c48ad","TargetOutboundDomainName":"-","VirtualAccount":"%%1843","TargetLinkedLogonId":"0x0","RestrictedAdminMode":"-","SubjectLogonId":"0x0","SubjectUserName":"-","ElevatedToken":"%%1842","TransmittedServices":"-","SubjectDomainName":"-","TargetUserSid":"S-1-5-18","IpAddress":"fe80::3076:9c8f:3acb:98de","TargetUserName":"MEEREEN$","ProcessId":"0x0","ImpersonationLevel":"%%1833","LogonProcessName":"Kerberos","WorkstationName":"-","TargetDomainName":"ESSOS.LOCAL","SubjectUserSid":"S-1-0-0","LogonGuid":"{8432D9FB-0C20-9651-AE3E-7F1B662518A6}","KeyLength":"0","ProcessName":"-"},"OpenWEC":{"IpAddress":"10.202.0.93","TimeReceived":"2023-12-08T15:43:50.738207438+00:00","Principal":"MEEREEN$@ESSOS.LOCAL","Subscription":{"Uuid":"CB04741B-9072-4E2D-B769-3570FA020BBD","Version":"6E053E8A-FE0D-45A0-A863-C501EEDB4011","Name":"anssi-subscription"}}}
{"System":{"Provider":{"Name":"Microsoft-Windows-WinRM","Guid":"{A7975C8F-AC13-49F1-87DA-5A984A4AB417}"},"EventID":163,"Version":0,"Level":2,"Task":7,"Opcode":0,"Keywords":"0x400000000000000a","TimeCreated":"2023-12-08T15:14:26.378049200Z","EventRecordID":5099,"Correlation":{"ActivityID":"{833290A8-29FD-0001-EEB2-3283FD29DA01}"},"Execution":{"ProcessID":1100,"ThreadID":5264},"Channel":"Microsoft-Windows-WinRM/Operational","Computer":"meereen.essos.local","UserID":"S-1-5-20"},"EventData":{"authClient":"Kerberos","authServer2":" ","authServer1":" ","authServer4":" ","authServer3":" ","authServer5":" "},"OpenWEC":{"IpAddress":"10.202.0.93","TimeReceived":"2023-12-08T15:43:50.738207438+00:00","Principal":"MEEREEN$@ESSOS.LOCAL","Subscription":{"Uuid":"CB04741B-9072-4E2D-B769-3570FA020BBD","Version":"6E053E8A-FE0D-45A0-A863-C501EEDB4011","Name":"anssi-subscription"}}}
{"System":{"Provider":{"Name":"Microsoft-Windows-WinRM","Guid":"{A7975C8F-AC13-49F1-87DA-5A984A4AB417}"},"EventID":142,"Version":0,"Level":2,"Task":10,"Opcode":2,"Keywords":"0x4000000000000002","TimeCreated":"2023-12-08T15:14:26.378175700Z","EventRecordID":5100,"Correlation":{"ActivityID":"{833290A8-29FD-0001-AE92-3283FD29DA01}"},"Execution":{"ProcessID":1100,"ThreadID":5264},"Channel":"Microsoft-Windows-WinRM/Operational","Computer":"meereen.essos.local","UserID":"S-1-5-20"},"EventData":{"errorCode":"5","operationName":"Enumeration"},"OpenWEC":{"IpAddress":"10.202.0.93","TimeReceived":"2023-12-08T15:43:50.738207438+00:00","Principal":"MEEREEN$@ESSOS.LOCAL","Subscription":{"Uuid":"CB04741B-9072-4E2D-B769-3570FA020BBD","Version":"6E053E8A-FE0D-45A0-A863-C501EEDB4011","Name":"anssi-subscription"}}}
{"System":{"Provider":{"Name":"Microsoft-Windows-Security-Auditing","Guid":"{54849625-5478-4994-A5BA-3E3B0328C30D}"},"EventID":4624,"Version":2,"Level":0,"Task":12544,"Opcode":0,"Keywords":"0x8020000000000000","TimeCreated":"2023-12-08T15:14:26.717392400Z","EventRecordID":109520,"Correlation":{},"Execution":{"ProcessID":588,"ThreadID":2248},"Channel":"Security","Computer":"meereen.essos.local"},"EventData":{"ProcessName":"-","TransmittedServices":"-","TargetUserName":"MEEREEN$","VirtualAccount":"%%1843","TargetUserSid":"S-1-5-18","LogonGuid":"{4DAE89EC-640B-593C-8935-87CC0FE7DECD}","SubjectDomainName":"-","LmPackageName":"-","KeyLength":"0","ProcessId":"0x0","TargetLogonId":"0x4c8f37","LogonProcessName":"Kerberos","SubjectLogonId":"0x0","SubjectUserName":"-","LogonType":"3","IpAddress":"::1","WorkstationName":"-","SubjectUserSid":"S-1-0-0","IpPort":"65269","AuthenticationPackageName":"Kerberos","ImpersonationLevel":"%%1833","RestrictedAdminMode":"-","TargetOutboundUserName":"-","TargetOutboundDomainName":"-","TargetLinkedLogonId":"0x0","TargetDomainName":"ESSOS.LOCAL","ElevatedToken":"%%1842"},"OpenWEC":{"IpAddress":"10.202.0.93","TimeReceived":"2023-12-08T15:43:50.738207438+00:00","Principal":"MEEREEN$@ESSOS.LOCAL","Subscription":{"Uuid":"CB04741B-9072-4E2D-B769-3570FA020BBD","Version":"6E053E8A-FE0D-45A0-A863-C501EEDB4011","Name":"anssi-subscription"}}}
{"System":{"Provider":{"Name":"Microsoft-Windows-Security-Auditing","Guid":"{54849625-5478-4994-A5BA-3E3B0328C30D}"},"EventID":4624,"Version":2,"Level":0,"Task":12544,"Opcode":0,"Keywords":"0x8020000000000000","TimeCreated":"2023-12-08T15:14:31.625153100Z","EventRecordID":109524,"Correlation":{},"Execution":{"ProcessID":588,"ThreadID":2248},"Channel":"Security","Computer":"meereen.essos.local"},"EventData":{"ProcessName":"-","WorkstationName":"-","ProcessId":"0x0","AuthenticationPackageName":"Kerberos","TransmittedServices":"-","ImpersonationLevel":"%%1833","RestrictedAdminMode":"-","TargetUserName":"MEEREEN$","SubjectUserSid":"S-1-0-0","KeyLength":"0","TargetOutboundUserName":"-","TargetLinkedLogonId":"0x0","IpAddress":"fe80::3076:9c8f:3acb:98de","SubjectUserName":"-","ElevatedToken":"%%1842","TargetOutboundDomainName":"-","VirtualAccount":"%%1843","LogonProcessName":"Kerberos","LogonGuid":"{6C3699F9-21BC-C044-F488-8345FDC7CD94}","TargetUserSid":"S-1-5-18","SubjectLogonId":"0x0","LogonType":"3","TargetLogonId":"0x4c9982","IpPort":"65270","SubjectDomainName":"-","LmPackageName":"-","TargetDomainName":"ESSOS.LOCAL"},"OpenWEC":{"IpAddress":"10.202.0.93","TimeReceived":"2023-12-08T15:43:50.738207438+00:00","Principal":"MEEREEN$@ESSOS.LOCAL","Subscription":{"Uuid":"CB04741B-9072-4E2D-B769-3570FA020BBD","Version":"6E053E8A-FE0D-45A0-A863-C501EEDB4011","Name":"anssi-subscription"}}}
{"System":{"Provider":{"Name":"Microsoft-Windows-Security-Auditing","Guid":"{54849625-5478-4994-A5BA-3E3B0328C30D}"},"EventID":4624,"Version":2,"Level":0,"Task":12544,"Opcode":0,"Keywords":"0x8020000000000000","TimeCreated":"2023-12-08T15:14:31.642081500Z","EventRecordID":109526,"Correlation":{"ActivityID":"{833290A8-29FD-0001-F190-3283FD29DA01}"},"Execution":{"ProcessID":588,"ThreadID":628},"Channel":"Security","Computer":"meereen.essos.local"},"EventData":{"IpAddress":"::1","LmPackageName":"-","IpPort":"0","ImpersonationLevel":"%%1833","TargetOutboundUserName":"-","VirtualAccount":"%%1843","TargetLinkedLogonId":"0x0","TargetDomainName":"ESSOS.LOCAL","LogonGuid":"{6C3699F9-21BC-C044-F488-8345FDC7CD94}","SubjectUserName":"-","ElevatedToken":"%%1842","SubjectUserSid":"S-1-0-0","ProcessId":"0x0","TargetOutboundDomainName":"-","TargetLogonId":"0x4c9a61","TargetUserName":"MEEREEN$","RestrictedAdminMode":"-","SubjectDomainName":"-","TargetUserSid":"S-1-5-18","TransmittedServices":"-","SubjectLogonId":"0x0","LogonType":"3","LogonProcessName":"Kerberos","AuthenticationPackageName":"Kerberos","KeyLength":"0","ProcessName":"-","WorkstationName":"-"},"OpenWEC":{"IpAddress":"10.202.0.93","TimeReceived":"2023-12-08T15:43:50.738207438+00:00","Principal":"MEEREEN$@ESSOS.LOCAL","Subscription":{"Uuid":"CB04741B-9072-4E2D-B769-3570FA020BBD","Version":"6E053E8A-FE0D-45A0-A863-C501EEDB4011","Name":"anssi-subscription"}}}
{"System":{"Provider":{"Name":"Microsoft-Windows-Security-Auditing","Guid":"{54849625-5478-4994-A5BA-3E3B0328C30D}"},"EventID":4624,"Version":2,"Level":0,"Task":12544,"Opcode":0,"Keywords":"0x8020000000000000","TimeCreated":"2023-12-08T15:14:31.644703900Z","EventRecordID":109528,"Correlation":{},"Execution":{"ProcessID":588,"ThreadID":1980},"Channel":"Security","Computer":"meereen.essos.local"},"EventData":{"LmPackageName":"-","ElevatedToken":"%%1842","SubjectUserSid":"S-1-0-0","TargetUserName":"MEEREEN$","LogonType":"3","KeyLength":"0","SubjectUserName":"-","ProcessId":"0x0","SubjectDomainName":"-","SubjectLogonId":"0x0","LogonProcessName":"Kerberos","ImpersonationLevel":"%%1833","TargetUserSid":"S-1-5-18","TargetDomainName":"ESSOS.LOCAL","RestrictedAdminMode":"-","TargetLogonId":"0x4c9aa4","AuthenticationPackageName":"Kerberos","TransmittedServices":"-","ProcessName":"-","IpPort":"65271","VirtualAccount":"%%1843","TargetLinkedLogonId":"0x0","LogonGuid":"{6C3699F9-21BC-C044-F488-8345FDC7CD94}","WorkstationName":"-","TargetOutboundDomainName":"-","IpAddress":"10.202.0.93","TargetOutboundUserName":"-"},"OpenWEC":{"IpAddress":"10.202.0.93","TimeReceived":"2023-12-08T15:43:50.738207438+00:00","Principal":"MEEREEN$@ESSOS.LOCAL","Subscription":{"Uuid":"CB04741B-9072-4E2D-B769-3570FA020BBD","Version":"6E053E8A-FE0D-45A0-A863-C501EEDB4011","Name":"anssi-subscription"}}}
{"System":{"Provider":{"Name":"Microsoft-Windows-Security-Auditing","Guid":"{54849625-5478-4994-A5BA-3E3B0328C30D}"},"EventID":4624,"Version":2,"Level":0,"Task":12544,"Opcode":0,"Keywords":"0x8020000000000000","TimeCreated":"2023-12-08T15:14:31.766819600Z","EventRecordID":109530,"Correlation":{"ActivityID":"{833290A8-29FD-0001-F190-3283FD29DA01}"},"Execution":{"ProcessID":588,"ThreadID":628},"Channel":"Security","Computer":"meereen.essos.local"},"EventData":{"SubjectUserSid":"S-1-0-0","SubjectUserName":"-","LogonGuid":"{6C3699F9-21BC-C044-F488-8345FDC7CD94}","ProcessId":"0x0","RestrictedAdminMode":"-","ImpersonationLevel":"%%1840","SubjectDomainName":"-","TargetOutboundUserName":"-","TargetLogonId":"0x4c9b09","AuthenticationPackageName":"Kerberos","ElevatedToken":"%%1842","TargetDomainName":"ESSOS.LOCAL","WorkstationName":"-","LmPackageName":"-","ProcessName":"-","TargetOutboundDomainName":"-","KeyLength":"0","IpPort":"65272","TargetLinkedLogonId":"0x0","TargetUserName":"MEEREEN$","TargetUserSid":"S-1-5-18","VirtualAccount":"%%1843","LogonType":"3","LogonProcessName":"Kerberos","SubjectLogonId":"0x0","IpAddress":"fe80::3076:9c8f:3acb:98de","TransmittedServices":"-"},"OpenWEC":{"IpAddress":"10.202.0.93","TimeReceived":"2023-12-08T15:43:50.738207438+00:00","Principal":"MEEREEN$@ESSOS.LOCAL","Subscription":{"Uuid":"CB04741B-9072-4E2D-B769-3570FA020BBD","Version":"6E053E8A-FE0D-45A0-A863-C501EEDB4011","Name":"anssi-subscription"}}}
{"System":{"Provider":{"Name":"Microsoft-Windows-Security-Auditing","Guid":"{54849625-5478-4994-A5BA-3E3B0328C30D}"},"EventID":5140,"Version":1,"Level":0,"Task":12808,"Opcode":0,"Keywords":"0x8020000000000000","TimeCreated":"2023-12-08T15:14:31.767156400Z","EventRecordID":109531,"Correlation":{},"Execution":{"ProcessID":4,"ThreadID":6576},"Channel":"Security","Computer":"meereen.essos.local"},"EventData":{"IpAddress":"fe80::3076:9c8f:3acb:98de","ObjectType":"File","AccessList":"%%4416\n\t\t\t\t","AccessMask":"0x1","SubjectLogonId":"0x4c9b09","IpPort":"65272","SubjectUserName":"MEEREEN$","ShareName":"\\\\*\\SYSVOL","ShareLocalPath":"\\??\\C:\\Windows\\SYSVOL\\sysvol","SubjectDomainName":"ESSOS","SubjectUserSid":"S-1-5-18"},"OpenWEC":{"IpAddress":"10.202.0.93","TimeReceived":"2023-12-08T15:43:50.738207438+00:00","Principal":"MEEREEN$@ESSOS.LOCAL","Subscription":{"Uuid":"CB04741B-9072-4E2D-B769-3570FA020BBD","Version":"6E053E8A-FE0D-45A0-A863-C501EEDB4011","Name":"anssi-subscription"}}}
{"System":{"Provider":{"Name":"Microsoft-Windows-Security-Auditing","Guid":"{54849625-5478-4994-A5BA-3E3B0328C30D}"},"EventID":4624,"Version":2,"Level":0,"Task":12544,"Opcode":0,"Keywords":"0x8020000000000000","TimeCreated":"2023-12-08T15:14:42.589413500Z","EventRecordID":109557,"Correlation":{},"Execution":{"ProcessID":588,"ThreadID":1980},"Channel":"Security","Computer":"meereen.essos.local"},"EventData":{"TargetUserName":"MEEREEN$","SubjectDomainName":"-","IpAddress":"fe80::3076:9c8f:3acb:98de","TargetOutboundUserName":"-","TransmittedServices":"-","SubjectUserSid":"S-1-0-0","ProcessName":"-","SubjectLogonId":"0x0","TargetUserSid":"S-1-5-18","LogonProcessName":"Kerberos","SubjectUserName":"-","LogonType":"3","LmPackageName":"-","ImpersonationLevel":"%%1833","KeyLength":"0","TargetLogonId":"0x4cb4c3","TargetDomainName":"ESSOS.LOCAL","ProcessId":"0x0","WorkstationName":"-","RestrictedAdminMode":"-","AuthenticationPackageName":"Kerberos","IpPort":"65279","VirtualAccount":"%%1843","ElevatedToken":"%%1842","LogonGuid":"{4DAE89EC-640B-593C-8935-87CC0FE7DECD}","TargetOutboundDomainName":"-","TargetLinkedLogonId":"0x0"},"OpenWEC":{"IpAddress":"10.202.0.93","TimeReceived":"2023-12-08T15:43:50.738207438+00:00","Principal":"MEEREEN$@ESSOS.LOCAL","Subscription":{"Uuid":"CB04741B-9072-4E2D-B769-3570FA020BBD","Version":"6E053E8A-FE0D-45A0-A863-C501EEDB4011","Name":"anssi-subscription"}}}
{"System":{"Provider":{"Name":"Microsoft-Windows-Security-Auditing","Guid":"{54849625-5478-4994-A5BA-3E3B0328C30D}"},"EventID":4624,"Version":2,"Level":0,"Task":12544,"Opcode":0,"Keywords":"0x8020000000000000","TimeCreated":"2023-12-08T15:14:42.594531000Z","EventRecordID":109560,"Correlation":{},"Execution":{"ProcessID":588,"ThreadID":2248},"Channel":"Security","Computer":"meereen.essos.local"},"EventData":{"TargetDomainName":"ESSOS.LOCAL","LogonType":"3","WorkstationName":"-","SubjectLogonId":"0x0","TargetLogonId":"0x4cb52c","LogonGuid":"{4DAE89EC-640B-593C-8935-87CC0FE7DECD}","ProcessName":"-","IpAddress":"fe80::3076:9c8f:3acb:98de","ImpersonationLevel":"%%1833","TransmittedServices":"-","SubjectUserSid":"S-1-0-0","RestrictedAdminMode":"-","SubjectUserName":"-","TargetLinkedLogonId":"0x0","ProcessId":"0x0","TargetUserName":"MEEREEN$","AuthenticationPackageName":"Kerberos","SubjectDomainName":"-","LogonProcessName":"Kerberos","TargetUserSid":"S-1-5-18","KeyLength":"0","IpPort":"65280","ElevatedToken":"%%1842","VirtualAccount":"%%1843","TargetOutboundUserName":"-","TargetOutboundDomainName":"-","LmPackageName":"-"},"OpenWEC":{"IpAddress":"10.202.0.93","TimeReceived":"2023-12-08T15:43:50.738207438+00:00","Principal":"MEEREEN$@ESSOS.LOCAL","Subscription":{"Uuid":"CB04741B-9072-4E2D-B769-3570FA020BBD","Version":"6E053E8A-FE0D-45A0-A863-C501EEDB4011","Name":"anssi-subscription"}}}
{"System":{"Provider":{"Name":"Microsoft-Windows-Security-Auditing","Guid":"{54849625-5478-4994-A5BA-3E3B0328C30D}"},"EventID":4624,"Version":2,"Level":0,"Task":12544,"Opcode":0,"Keywords":"0x8020000000000000","TimeCreated":"2023-12-08T15:15:24.746315900Z","EventRecordID":109698,"Correlation":{},"Execution":{"ProcessID":588,"ThreadID":2248},"Channel":"Security","Computer":"meereen.essos.local"},"EventData":{"ElevatedToken":"%%1842","RestrictedAdminMode":"-","VirtualAccount":"%%1843","AuthenticationPackageName":"Kerberos","WorkstationName":"-","TargetUserSid":"S-1-5-18","KeyLength":"0","TargetLinkedLogonId":"0x0","ProcessName":"-","TargetLogonId":"0x4d1077","SubjectDomainName":"-","TargetUserName":"MEEREEN$","SubjectUserSid":"S-1-0-0","LogonType":"3","ImpersonationLevel":"%%1833","TargetOutboundDomainName":"-","TargetOutboundUserName":"-","LmPackageName":"-","SubjectLogonId":"0x0","SubjectUserName":"-","LogonProcessName":"Kerberos","ProcessId":"0x0","LogonGuid":"{4DAE89EC-640B-593C-8935-87CC0FE7DECD}","TransmittedServices":"-","IpAddress":"::1","TargetDomainName":"ESSOS.LOCAL","IpPort":"65305"},"OpenWEC":{"IpAddress":"10.202.0.93","TimeReceived":"2023-12-08T15:43:50.738207438+00:00","Principal":"MEEREEN$@ESSOS.LOCAL","Subscription":{"Uuid":"CB04741B-9072-4E2D-B769-3570FA020BBD","Version":"6E053E8A-FE0D-45A0-A863-C501EEDB4011","Name":"anssi-subscription"}}}
{"System":{"Provider":{"Name":"Microsoft-Windows-WinRM","Guid":"{A7975C8F-AC13-49F1-87DA-5A984A4AB417}"},"EventID":163,"Version":0,"Level":2,"Task":7,"Opcode":0,"Keywords":"0x400000000000000a","TimeCreated":"2023-12-08T15:15:26.996515500Z","EventRecordID":5103,"Correlation":{"ActivityID":"{833290A8-29FD-0001-17B3-3283FD29DA01}"},"Execution":{"ProcessID":1100,"ThreadID":5264},"Channel":"Microsoft-Windows-WinRM/Operational","Computer":"meereen.essos.local","UserID":"S-1-5-20"},"EventData":{"authServer2":" ","authClient":"Kerberos","authServer1":" ","authServer3":" ","authServer4":" ","authServer5":" "},"OpenWEC":{"IpAddress":"10.202.0.93","TimeReceived":"2023-12-08T15:43:50.738207438+00:00","Principal":"MEEREEN$@ESSOS.LOCAL","Subscription":{"Uuid":"CB04741B-9072-4E2D-B769-3570FA020BBD","Version":"6E053E8A-FE0D-45A0-A863-C501EEDB4011","Name":"anssi-subscription"}}}
{"System":{"Provider":{"Name":"Microsoft-Windows-WinRM","Guid":"{A7975C8F-AC13-49F1-87DA-5A984A4AB417}"},"EventID":142,"Version":0,"Level":2,"Task":10,"Opcode":2,"Keywords":"0x4000000000000002","TimeCreated":"2023-12-08T15:15:26.996582500Z","EventRecordID":5104,"Correlation":{"ActivityID":"{833290A8-29FD-0001-AE92-3283FD29DA01}"},"Execution":{"ProcessID":1100,"ThreadID":5264},"Channel":"Microsoft-Windows-WinRM/Operational","Computer":"meereen.essos.local","UserID":"S-1-5-20"},"EventData":{"errorCode":"5","operationName":"Enumeration"},"OpenWEC":{"IpAddress":"10.202.0.93","TimeReceived":"2023-12-08T15:43:50.738207438+00:00","Principal":"MEEREEN$@ESSOS.LOCAL","Subscription":{"Uuid":"CB04741B-9072-4E2D-B769-3570FA020BBD","Version":"6E053E8A-FE0D-45A0-A863-C501EEDB4011","Name":"anssi-subscription"}}}
{"System":{"Provider":{"Name":"Microsoft-Windows-Security-Auditing","Guid":"{54849625-5478-4994-A5BA-3E3B0328C30D}"},"EventID":4624,"Version":2,"Level":0,"Task":12544,"Opcode":0,"Keywords":"0x8020000000000000","TimeCreated":"2023-12-08T15:16:29.812804600Z","EventRecordID":109885,"Correlation":{},"Execution":{"ProcessID":588,"ThreadID":2248},"Channel":"Security","Computer":"meereen.essos.local"},"EventData":{"SubjectUserName":"-","SubjectLogonId":"0x0","TransmittedServices":"-","LmPackageName":"-","TargetLogonId":"0x4d8793","TargetOutboundUserName":"-","LogonProcessName":"Kerberos","LogonType":"3","TargetUserName":"MEEREEN$","ProcessName":"-","IpAddress":"::1","VirtualAccount":"%%1843","LogonGuid":"{4DAE89EC-640B-593C-8935-87CC0FE7DECD}","ProcessId":"0x0","TargetLinkedLogonId":"0x0","RestrictedAdminMode":"-","TargetOutboundDomainName":"-","ElevatedToken":"%%1842","SubjectUserSid":"S-1-0-0","AuthenticationPackageName":"Kerberos","IpPort":"65337","KeyLength":"0","WorkstationName":"-","TargetUserSid":"S-1-5-18","SubjectDomainName":"-","TargetDomainName":"ESSOS.LOCAL","ImpersonationLevel":"%%1833"},"OpenWEC":{"IpAddress":"10.202.0.93","TimeReceived":"2023-12-08T15:43:50.738207438+00:00","Principal":"MEEREEN$@ESSOS.LOCAL","Subscription":{"Uuid":"CB04741B-9072-4E2D-B769-3570FA020BBD","Version":"6E053E8A-FE0D-45A0-A863-C501EEDB4011","Name":"anssi-subscription"}}}
{"System":{"Provider":{"Name":"Microsoft-Windows-WinRM","Guid":"{A7975C8F-AC13-49F1-87DA-5A984A4AB417}"},"EventID":163,"Version":0,"Level":2,"Task":7,"Opcode":0,"Keywords":"0x400000000000000a","TimeCreated":"2023-12-08T15:16:36.645221200Z","EventRecordID":5107,"Correlation":{"ActivityID":"{833290A8-29FD-0001-1BB3-3283FD29DA01}"},"Execution":{"ProcessID":1100,"ThreadID":1636},"Channel":"Microsoft-Windows-WinRM/Operational","Computer":"meereen.essos.local","UserID":"S-1-5-20"},"EventData":{"authServer3":" ","authServer5":" ","authClient":"Kerberos","authServer4":" ","authServer2":" ","authServer1":" "},"OpenWEC":{"IpAddress":"10.202.0.93","TimeReceived":"2023-12-08T15:43:50.738207438+00:00","Principal":"MEEREEN$@ESSOS.LOCAL","Subscription":{"Uuid":"CB04741B-9072-4E2D-B769-3570FA020BBD","Version":"6E053E8A-FE0D-45A0-A863-C501EEDB4011","Name":"anssi-subscription"}}}
{"System":{"Provider":{"Name":"Microsoft-Windows-WinRM","Guid":"{A7975C8F-AC13-49F1-87DA-5A984A4AB417}"},"EventID":142,"Version":0,"Level":2,"Task":10,"Opcode":2,"Keywords":"0x4000000000000002","TimeCreated":"2023-12-08T15:16:36.645320900Z","EventRecordID":5108,"Correlation":{"ActivityID":"{833290A8-29FD-0001-AE92-3283FD29DA01}"},"Execution":{"ProcessID":1100,"ThreadID":1636},"Channel":"Microsoft-Windows-WinRM/Operational","Computer":"meereen.essos.local","UserID":"S-1-5-20"},"EventData":{"operationName":"Enumeration","errorCode":"5"},"OpenWEC":{"IpAddress":"10.202.0.93","TimeReceived":"2023-12-08T15:43:50.738207438+00:00","Principal":"MEEREEN$@ESSOS.LOCAL","Subscription":{"Uuid":"CB04741B-9072-4E2D-B769-3570FA020BBD","Version":"6E053E8A-FE0D-45A0-A863-C501EEDB4011","Name":"anssi-subscription"}}}
{"System":{"Provider":{"Name":"Microsoft-Windows-Security-Auditing","Guid":"{54849625-5478-4994-A5BA-3E3B0328C30D}"},"EventID":4624,"Version":2,"Level":0,"Task":12544,"Opcode":0,"Keywords":"0x8020000000000000","TimeCreated":"2023-12-08T15:17:24.460066600Z","EventRecordID":110088,"Correlation":{},"Execution":{"ProcessID":588,"ThreadID":2248},"Channel":"Security","Computer":"meereen.essos.local"},"EventData":{"ImpersonationLevel":"%%1833","LogonType":"3","LogonGuid":"{4DAE89EC-640B-593C-8935-87CC0FE7DECD}","TargetOutboundDomainName":"-","TargetDomainName":"ESSOS.LOCAL","TargetUserName":"MEEREEN$","WorkstationName":"-","LmPackageName":"-","ProcessName":"-","TargetOutboundUserName":"-","SubjectUserSid":"S-1-0-0","LogonProcessName":"Kerberos","AuthenticationPackageName":"Kerberos","SubjectUserName":"-","IpAddress":"::1","SubjectLogonId":"0x0","ElevatedToken":"%%1842","VirtualAccount":"%%1843","ProcessId":"0x0","TargetLinkedLogonId":"0x0","IpPort":"65367","RestrictedAdminMode":"-","TargetLogonId":"0x4dfced","TransmittedServices":"-","KeyLength":"0","TargetUserSid":"S-1-5-18","SubjectDomainName":"-"},"OpenWEC":{"IpAddress":"10.202.0.93","TimeReceived":"2023-12-08T15:43:50.738207438+00:00","Principal":"MEEREEN$@ESSOS.LOCAL","Subscription":{"Uuid":"CB04741B-9072-4E2D-B769-3570FA020BBD","Version":"6E053E8A-FE0D-45A0-A863-C501EEDB4011","Name":"anssi-subscription"}}}
