{"System":{"Provider":{"Name":"Microsoft-Windows-Security-Auditing","Guid":"{54849625-5478-4994-A5BA-3E3B0328C30D}"},"EventID":4624,"Version":2,"Level":0,"Task":12544,"Opcode":0,"Keywords":"0x8020000000000000","TimeCreated":"2023-12-08T15:59:32.162089300Z","EventRecordID":114181,"Correlation":{"ActivityID":"{833290A8-29FD-0001-F190-3283FD29DA01}"},"Execution":{"ProcessID":588,"ThreadID":628},"Channel":"Security","Computer":"meereen.essos.local"},"EventData":{"LmPackageName":"-","AuthenticationPackageName":"Kerberos","SubjectDomainName":"-","VirtualAccount":"%%1843","WorkstationName":"-","TargetUserSid":"S-1-5-18","TargetLogonId":"0x62e827","LogonGuid":"{6C3699F9-21BC-C044-F488-8345FDC7CD94}","SubjectLogonId":"0x0","IpPort":"0","TargetOutboundUserName":"-","TargetDomainName":"ESSOS.LOCAL","KeyLength":"0","SubjectUserSid":"S-1-0-0","TargetUserName":"MEEREEN$","LogonType":"3","LogonProcessName":"Kerberos","TransmittedServices":"-","RestrictedAdminMode":"-","SubjectUserName":"-","ProcessName":"-","TargetOutboundDomainName":"-","TargetLinkedLogonId":"0x0","ProcessId":"0x0","IpAddress":"::1","ImpersonationLevel":"%%1833","ElevatedToken":"%%1842"},"OpenWEC":{"IpAddress":"10.202.0.93","TimeReceived":"2023-12-08T15:59:58.607441151+00:00","Principal":"MEEREEN$@ESSOS.LOCAL","Subscription":{"Uuid":"CB04741B-9072-4E2D-B769-3570FA020BBD","Version":"6E053E8A-FE0D-45A0-A863-C501EEDB4011","Name":"anssi-subscription"}}}
{"System":{"Provider":{"Name":"Microsoft-Windows-Security-Auditing","Guid":"{54849625-5478-4994-A5BA-3E3B0328C30D}"},"EventID":4624,"Version":2,"Level":0,"Task":12544,"Opcode":0,"Keywords":"0x8020000000000000","TimeCreated":"2023-12-08T15:59:32.164131300Z","EventRecordID":114183,"Correlation":{},"Execution":{"ProcessID":588,"ThreadID":2248},"Channel":"Security","Computer":"meereen.essos.local"},"EventData":{"TargetUserName":"MEEREEN$","TransmittedServices":"-","TargetLogonId":"0x62e86b","ProcessId":"0x0","SubjectLogonId":"0x0","TargetDomainName":"ESSOS.LOCAL","SubjectUserSid":"S-1-0-0","LogonProcessName":"Kerberos","IpPort":"50415","SubjectUserName":"-","SubjectDomainName":"-","TargetUserSid":"S-1-5-18","WorkstationName":"-","KeyLength":"0","ProcessName":"-","ImpersonationLevel":"%%1833","LogonType":"3","VirtualAccount":"%%1843","TargetLinkedLogonId":"0x0","ElevatedToken":"%%1842","TargetOutboundUserName":"-","RestrictedAdminMode":"-","TargetOutboundDomainName":"-","LogonGuid":"{6C3699F9-21BC-C044-F488-8345FDC7CD94}","AuthenticationPackageName":"Kerberos","LmPackageName":"-","IpAddress":"10.202.0.93"},"OpenWEC":{"IpAddress":"10.202.0.93","TimeReceived":"2023-12-08T15:59:58.607441151+00:00","Principal":"MEEREEN$@ESSOS.LOCAL","Subscription":{"Uuid":"CB04741B-9072-4E2D-B769-3570FA020BBD","Version":"6E053E8A-FE0D-45A0-A863-C501EEDB4011","Name":"anssi-subscription"}}}
{"System":{"Provider":{"Name":"Microsoft-Windows-Security-Auditing","Guid":"{54849625-5478-4994-A5BA-3E3B0328C30D}"},"EventID":4702,"Version":0,"Level":0,"Task":12804,"Opcode":0,"Keywords":"0x8020000000000000","TimeCreated":"2023-12-08T15:59:32.189523900Z","EventRecordID":114184,"Correlation":{"ActivityID":"{833290A8-29FD-0001-F190-3283FD29DA01}"},"Execution":{"ProcessID":588,"ThreadID":628},"Channel":"Security","Computer":"meereen.essos.local"},"EventData":{"SubjectLogonId":"0x3e4","TaskName":"\\Microsoft\\Windows\\SoftwareProtectionPlatform\\SvcRestartTask","SubjectUserSid":"S-1-5-20","SubjectUserName":"MEEREEN$","SubjectDomainName":"ESSOS","TaskContentNew":"<?xml version=\"1.0\" encoding=\"UTF-16\"?>\n<Task version=\"1.5\" xmlns=\"http://schemas.microsoft.com/windows/2004/02/mit/task\">\n  <RegistrationInfo>\n    <Source>$(@%systemroot%\\system32\\sppc.dll,-200)</Source>\n    <Author>$(@%systemroot%\\system32\\sppc.dll,-200)</Author>\n    <Version>1.0</Version>\n    <Description>$(@%systemroot%\\system32\\sppc.dll,-201)</Description>\n    <URI>\\Microsoft\\Windows\\SoftwareProtectionPlatform\\SvcRestartTask</URI>\n    <SecurityDescriptor>D:P(A;;FA;;;SY)(A;;FA;;;BA)(A;;FA;;;S-1-5-80-123231216-2592883651-3715271367-3753151631-4175906628)(A;;FR;;;S-1-5-87-2912274048-3994893941-1669128114-1310430903-1263774323)</SecurityDescriptor>\n  </RegistrationInfo>\n  <Triggers>\n    <CalendarTrigger>\n      <StartBoundary>2023-12-09T15:58:32Z</StartBoundary>\n      <Enabled>true</Enabled>\n      <ScheduleByDay>\n        <DaysInterval>1</DaysInterval>\n      </ScheduleByDay>\n    </CalendarTrigger>\n  </Triggers>\n  <Principals>\n    <Principal id=\"NetworkService\">\n      <UserId>S-1-5-20</UserId>\n      <RunLevel>LeastPrivilege</RunLevel>\n    </Principal>\n  </Principals>\n  <Settings>\n    <MultipleInstancesPolicy>IgnoreNew</MultipleInstancesPolicy>\n    <DisallowStartIfOnBatteries>false</DisallowStartIfOnBatteries>\n    <StopIfGoingOnBatteries>false</StopIfGoingOnBatteries>\n    <AllowHardTerminate>false</AllowHardTerminate>\n    <StartWhenAvailable>true</StartWhenAvailable>\n    <RunOnlyIfNetworkAvailable>false</RunOnlyIfNetworkAvailable>\n    <IdleSettings>\n      <StopOnIdleEnd>true</StopOnIdleEnd>\n      <RestartOnIdle>false</RestartOnIdle>\n    </IdleSettings>\n    <AllowStartOnDemand>true</AllowStartOnDemand>\n    <Enabled>true</Enabled>\n    <Hidden>true</Hidden>\n    <RunOnlyIfIdle>false</RunOnlyIfIdle>\n    <DisallowStartOnRemoteAppSession>false</DisallowStartOnRemoteAppSession>\n    <UseUnifiedSchedulingEngine>true</UseUnifiedSchedulingEngine>\n    <WakeToRun>false</WakeToRun>\n    <ExecutionTimeLimit>PT0S</ExecutionTimeLimit>\n    <Priority>7</Priority>\n    <RestartOnFailure>\n      <Interval>PT1M</Interval>\n      <Count>3</Count>\n    </RestartOnFailure>\n  </Settings>\n  <Actions Context=\"NetworkService\">\n    <ComHandler>\n      <ClassId>{B1AEBB5D-EAD9-4476-B375-9C3ED9F32AFC}</ClassId>\n      <Data><![CDATA[timer]]></Data>\n    </ComHandler>\n  </Actions>\n</Task>"},"OpenWEC":{"IpAddress":"10.202.0.93","TimeReceived":"2023-12-08T15:59:58.607441151+00:00","Principal":"MEEREEN$@ESSOS.LOCAL","Subscription":{"Uuid":"CB04741B-9072-4E2D-B769-3570FA020BBD","Version":"6E053E8A-FE0D-45A0-A863-C501EEDB4011","Name":"anssi-subscription"}}}
{"System":{"Provider":{"Name":"Microsoft-Windows-Security-Auditing","Guid":"{54849625-5478-4994-A5BA-3E3B0328C30D}"},"EventID":4624,"Version":2,"Level":0,"Task":12544,"Opcode":0,"Keywords":"0x8020000000000000","TimeCreated":"2023-12-08T15:59:32.258509200Z","EventRecordID":114186,"Correlation":{"ActivityID":"{833290A8-29FD-0001-F190-3283FD29DA01}"},"Execution":{"ProcessID":588,"ThreadID":628},"Channel":"Security","Computer":"meereen.essos.local"},"EventData":{"IpPort":"50416","TargetOutboundDomainName":"-","VirtualAccount":"%%1843","RestrictedAdminMode":"-","TargetDomainName":"ESSOS.LOCAL","LogonType":"3","TargetUserSid":"S-1-5-18","SubjectUserName":"-","KeyLength":"0","TargetOutboundUserName":"-","TargetLogonId":"0x62ea18","WorkstationName":"-","TransmittedServices":"-","SubjectDomainName":"-","LogonGuid":"{6C3699F9-21BC-C044-F488-8345FDC7CD94}","SubjectLogonId":"0x0","LogonProcessName":"Kerberos","ProcessName":"-","ProcessId":"0x0","TargetUserName":"MEEREEN$","IpAddress":"fe80::3076:9c8f:3acb:98de","ImpersonationLevel":"%%1840","TargetLinkedLogonId":"0x0","ElevatedToken":"%%1842","SubjectUserSid":"S-1-0-0","AuthenticationPackageName":"Kerberos","LmPackageName":"-"},"OpenWEC":{"IpAddress":"10.202.0.93","TimeReceived":"2023-12-08T15:59:58.607441151+00:00","Principal":"MEEREEN$@ESSOS.LOCAL","Subscription":{"Uuid":"CB04741B-9072-4E2D-B769-3570FA020BBD","Version":"6E053E8A-FE0D-45A0-A863-C501EEDB4011","Name":"anssi-subscription"}}}
{"System":{"Provider":{"Name":"Microsoft-Windows-Security-Auditing","Guid":"{54849625-5478-4994-A5BA-3E3B0328C30D}"},"EventID":5140,"Version":1,"Level":0,"Task":12808,"Opcode":0,"Keywords":"0x8020000000000000","TimeCreated":"2023-12-08T15:59:32.258764100Z","EventRecordID":114187,"Correlation":{},"Execution":{"ProcessID":4,"ThreadID":6716},"Channel":"Security","Computer":"meereen.essos.local"},"EventData":{"AccessList":"%%4416\n\t\t\t\t","ShareLocalPath":"\\??\\C:\\Windows\\SYSVOL\\sysvol","ObjectType":"File","SubjectDomainName":"ESSOS","SubjectUserName":"MEEREEN$","SubjectUserSid":"S-1-5-18","SubjectLogonId":"0x62ea18","IpAddress":"fe80::3076:9c8f:3acb:98de","AccessMask":"0x1","IpPort":"50416","ShareName":"\\\\*\\SYSVOL"},"OpenWEC":{"IpAddress":"10.202.0.93","TimeReceived":"2023-12-08T15:59:58.607441151+00:00","Principal":"MEEREEN$@ESSOS.LOCAL","Subscription":{"Uuid":"CB04741B-9072-4E2D-B769-3570FA020BBD","Version":"6E053E8A-FE0D-45A0-A863-C501EEDB4011","Name":"anssi-subscription"}}}
{"System":{"Provider":{"Name":"Microsoft-Windows-TaskScheduler","Guid":"{DE7B24EA-73C8-4A09-985D-5BDADCFA9017}"},"EventID":140,"Version":0,"Level":4,"Task":140,"Opcode":0,"Keywords":"0x8000000000000000","TimeCreated":"2023-12-08T15:59:32.189453700Z","EventRecordID":4556,"Correlation":{},"Execution":{"ProcessID":1016,"ThreadID":4356},"Channel":"Microsoft-Windows-TaskScheduler/Operational","Computer":"meereen.essos.local","UserID":"S-1-5-18"},"EventData":{"UserName":"ESSOS\\MEEREEN$","TaskName":"\\Microsoft\\Windows\\SoftwareProtectionPlatform\\SvcRestartTask"},"OpenWEC":{"IpAddress":"10.202.0.93","TimeReceived":"2023-12-08T15:59:58.607441151+00:00","Principal":"MEEREEN$@ESSOS.LOCAL","Subscription":{"Uuid":"CB04741B-9072-4E2D-B769-3570FA020BBD","Version":"6E053E8A-FE0D-45A0-A863-C501EEDB4011","Name":"anssi-subscription"}}}
{"System":{"Provider":{"Name":"Microsoft-Windows-Security-Auditing","Guid":"{54849625-5478-4994-A5BA-3E3B0328C30D}"},"EventID":4624,"Version":2,"Level":0,"Task":12544,"Opcode":0,"Keywords":"0x8020000000000000","TimeCreated":"2023-12-08T15:59:45.416247200Z","EventRecordID":114197,"Correlation":{},"Execution":{"ProcessID":588,"ThreadID":2252},"Channel":"Security","Computer":"meereen.essos.local"},"EventData":{"RestrictedAdminMode":"-","LogonType":"3","TargetOutboundUserName":"-","VirtualAccount":"%%1843","SubjectUserName":"-","TransmittedServices":"-","TargetLogonId":"0x630412","ElevatedToken":"%%1842","KeyLength":"0","LmPackageName":"-","ProcessName":"-","SubjectDomainName":"-","AuthenticationPackageName":"Kerberos","SubjectUserSid":"S-1-0-0","TargetDomainName":"ESSOS.LOCAL","SubjectLogonId":"0x0","WorkstationName":"-","LogonGuid":"{4DAE89EC-640B-593C-8935-87CC0FE7DECD}","TargetUserSid":"S-1-5-18","ProcessId":"0x0","IpAddress":"fe80::3076:9c8f:3acb:98de","LogonProcessName":"Kerberos","TargetLinkedLogonId":"0x0","ImpersonationLevel":"%%1833","TargetOutboundDomainName":"-","TargetUserName":"MEEREEN$","IpPort":"50424"},"OpenWEC":{"IpAddress":"10.202.0.93","TimeReceived":"2023-12-08T15:59:58.607441151+00:00","Principal":"MEEREEN$@ESSOS.LOCAL","Subscription":{"Uuid":"CB04741B-9072-4E2D-B769-3570FA020BBD","Version":"6E053E8A-FE0D-45A0-A863-C501EEDB4011","Name":"anssi-subscription"}}}
{"System":{"Provider":{"Name":"Microsoft-Windows-Security-Auditing","Guid":"{54849625-5478-4994-A5BA-3E3B0328C30D}"},"EventID":4624,"Version":2,"Level":0,"Task":12544,"Opcode":0,"Keywords":"0x8020000000000000","TimeCreated":"2023-12-08T15:59:45.421194100Z","EventRecordID":114200,"Correlation":{},"Execution":{"ProcessID":588,"ThreadID":2248},"Channel":"Security","Computer":"meereen.essos.local"},"EventData":{"TargetOutboundUserName":"-","SubjectDomainName":"-","IpAddress":"fe80::3076:9c8f:3acb:98de","TransmittedServices":"-","TargetLogonId":"0x63047b","ElevatedToken":"%%1842","RestrictedAdminMode":"-","ProcessId":"0x0","ImpersonationLevel":"%%1833","LogonGuid":"{4DAE89EC-640B-593C-8935-87CC0FE7DECD}","SubjectUserSid":"S-1-0-0","SubjectLogonId":"0x0","TargetOutboundDomainName":"-","VirtualAccount":"%%1843","TargetUserSid":"S-1-5-18","TargetLinkedLogonId":"0x0","LogonProcessName":"Kerberos","TargetUserName":"MEEREEN$","AuthenticationPackageName":"Kerberos","WorkstationName":"-","LogonType":"3","IpPort":"50425","KeyLength":"0","SubjectUserName":"-","TargetDomainName":"ESSOS.LOCAL","LmPackageName":"-","ProcessName":"-"},"OpenWEC":{"IpAddress":"10.202.0.93","TimeReceived":"2023-12-08T15:59:58.607441151+00:00","Principal":"MEEREEN$@ESSOS.LOCAL","Subscription":{"Uuid":"CB04741B-9072-4E2D-B769-3570FA020BBD","Version":"6E053E8A-FE0D-45A0-A863-C501EEDB4011","Name":"anssi-subscription"}}}
{"System":{"Provider":{"Name":"Microsoft-Windows-Security-Auditing","Guid":"{54849625-5478-4994-A5BA-3E3B0328C30D}"},"EventID":4624,"Version":2,"Level":0,"Task":12544,"Opcode":0,"Keywords":"0x8020000000000000","TimeCreated":"2023-12-08T16:00:27.723737400Z","EventRecordID":114204,"Correlation":{},"Execution":{"ProcessID":588,"ThreadID":2248},"Channel":"Security","Computer":"meereen.essos.local"},"EventData":{"ProcessId":"0x0","TargetUserName":"MEEREEN$","TargetLogonId":"0x63594a","SubjectDomainName":"-","LogonType":"3","AuthenticationPackageName":"Kerberos","WorkstationName":"-","IpAddress":"::1","IpPort":"50449","ImpersonationLevel":"%%1833","ProcessName":"-","LogonGuid":"{4DAE89EC-640B-593C-8935-87CC0FE7DECD}","TargetOutboundUserName":"-","TargetOutboundDomainName":"-","SubjectUserSid":"S-1-0-0","ElevatedToken":"%%1842","TransmittedServices":"-","TargetDomainName":"ESSOS.LOCAL","VirtualAccount":"%%1843","TargetLinkedLogonId":"0x0","LogonProcessName":"Kerberos","RestrictedAdminMode":"-","TargetUserSid":"S-1-5-18","SubjectUserName":"-","KeyLength":"0","SubjectLogonId":"0x0","LmPackageName":"-"},"OpenWEC":{"IpAddress":"10.202.0.93","TimeReceived":"2023-12-08T16:00:58.569703598+00:00","Principal":"MEEREEN$@ESSOS.LOCAL","Subscription":{"Uuid":"CB04741B-9072-4E2D-B769-3570FA020BBD","Version":"6E053E8A-FE0D-45A0-A863-C501EEDB4011","Name":"anssi-subscription"}}}
{"System":{"Provider":{"Name":"Microsoft-Windows-Security-Auditing","Guid":"{54849625-5478-4994-A5BA-3E3B0328C30D}"},"EventID":4624,"Version":2,"Level":0,"Task":12544,"Opcode":0,"Keywords":"0x8020000000000000","TimeCreated":"2023-12-08T16:01:27.739171500Z","EventRecordID":114219,"Correlation":{},"Execution":{"ProcessID":588,"ThreadID":2248},"Channel":"Security","Computer":"meereen.essos.local"},"EventData":{"SubjectUserName":"-","WorkstationName":"-","IpPort":"50478","LogonGuid":"{4DAE89EC-640B-593C-8935-87CC0FE7DECD}","ImpersonationLevel":"%%1833","TargetLogonId":"0x63d1da","SubjectLogonId":"0x0","ProcessName":"-","KeyLength":"0","TargetOutboundDomainName":"-","VirtualAccount":"%%1843","AuthenticationPackageName":"Kerberos","LmPackageName":"-","LogonType":"3","LogonProcessName":"Kerberos","TransmittedServices":"-","ProcessId":"0x0","ElevatedToken":"%%1842","RestrictedAdminMode":"-","TargetUserName":"MEEREEN$","SubjectDomainName":"-","TargetUserSid":"S-1-5-18","IpAddress":"::1","SubjectUserSid":"S-1-0-0","TargetOutboundUserName":"-","TargetDomainName":"ESSOS.LOCAL","TargetLinkedLogonId":"0x0"},"OpenWEC":{"IpAddress":"10.202.0.93","TimeReceived":"2023-12-08T16:01:58.585278782+00:00","Principal":"MEEREEN$@ESSOS.LOCAL","Subscription":{"Uuid":"CB04741B-9072-4E2D-B769-3570FA020BBD","Version":"6E053E8A-FE0D-45A0-A863-C501EEDB4011","Name":"anssi-subscription"}}}
{"System":{"Provider":{"Name":"Microsoft-Windows-Security-Auditing","Guid":"{54849625-5478-4994-A5BA-3E3B0328C30D}"},"EventID":4624,"Version":2,"Level":0,"Task":12544,"Opcode":0,"Keywords":"0x8020000000000000","TimeCreated":"2023-12-08T16:02:27.769782500Z","EventRecordID":114241,"Correlation":{},"Execution":{"ProcessID":588,"ThreadID":2252},"Channel":"Security","Computer":"meereen.essos.local"},"EventData":{"VirtualAccount":"%%1843","ProcessName":"-","ElevatedToken":"%%1842","IpPort":"50507","TargetUserName":"MEEREEN$","SubjectDomainName":"-","WorkstationName":"-","TransmittedServices":"-","SubjectUserSid":"S-1-0-0","SubjectLogonId":"0x0","LogonProcessName":"Kerberos","ImpersonationLevel":"%%1833","TargetOutboundDomainName":"-","LogonGuid":"{4DAE89EC-640B-593C-8935-87CC0FE7DECD}","TargetLinkedLogonId":"0x0","IpAddress":"::1","SubjectUserName":"-","TargetUserSid":"S-1-5-18","TargetLogonId":"0x64471a","LogonType":"3","TargetDomainName":"ESSOS.LOCAL","AuthenticationPackageName":"Kerberos","LmPackageName":"-","KeyLength":"0","RestrictedAdminMode":"-","TargetOutboundUserName":"-","ProcessId":"0x0"},"OpenWEC":{"IpAddress":"10.202.0.93","TimeReceived":"2023-12-08T16:03:58.756899823+00:00","Principal":"MEEREEN$@ESSOS.LOCAL","Subscription":{"Uuid":"CB04741B-9072-4E2D-B769-3570FA020BBD","Version":"6E053E8A-FE0D-45A0-A863-C501EEDB4011","Name":"anssi-subscription"}}}
{"System":{"Provider":{"Name":"Microsoft-Windows-WinRM","Guid":"{A7975C8F-AC13-49F1-87DA-5A984A4AB417}"},"EventID":163,"Version":0,"Level":2,"Task":7,"Opcode":0,"Keywords":"0x400000000000000a","TimeCreated":"2023-12-08T16:02:58.910376400Z","EventRecordID":5277,"Correlation":{"ActivityID":"{833290A8-29FD-0000-D6B1-3283FD29DA01}"},"Execution":{"ProcessID":1100,"ThreadID":3832},"Channel":"Microsoft-Windows-WinRM/Operational","Computer":"meereen.essos.local","UserID":"S-1-5-20"},"EventData":{"authClient":"Kerberos","authServer4":" ","authServer3":" ","authServer2":" ","authServer5":" ","authServer1":" "},"OpenWEC":{"IpAddress":"10.202.0.93","TimeReceived":"2023-12-08T16:03:58.811294085+00:00","Principal":"MEEREEN$@ESSOS.LOCAL","Subscription":{"Uuid":"CB04741B-9072-4E2D-B769-3570FA020BBD","Version":"6E053E8A-FE0D-45A0-A863-C501EEDB4011","Name":"anssi-subscription"}}}
{"System":{"Provider":{"Name":"Microsoft-Windows-Security-Auditing","Guid":"{54849625-5478-4994-A5BA-3E3B0328C30D}"},"EventID":4624,"Version":2,"Level":0,"Task":12544,"Opcode":0,"Keywords":"0x8020000000000000","TimeCreated":"2023-12-08T16:03:27.773607700Z","EventRecordID":114256,"Correlation":{},"Execution":{"ProcessID":588,"ThreadID":2252},"Channel":"Security","Computer":"meereen.essos.local"},"EventData":{"SubjectDomainName":"-","SubjectUserName":"-","SubjectLogonId":"0x0","TargetUserName":"MEEREEN$","LmPackageName":"-","KeyLength":"0","RestrictedAdminMode":"-","VirtualAccount":"%%1843","SubjectUserSid":"S-1-0-0","LogonGuid":"{4DAE89EC-640B-593C-8935-87CC0FE7DECD}","AuthenticationPackageName":"Kerberos","LogonType":"3","TargetLogonId":"0x64bd38","ProcessId":"0x0","TransmittedServices":"-","IpAddress":"::1","ImpersonationLevel":"%%1833","TargetOutboundUserName":"-","TargetOutboundDomainName":"-","WorkstationName":"-","TargetDomainName":"ESSOS.LOCAL","ProcessName":"-","TargetUserSid":"S-1-5-18","IpPort":"50540","TargetLinkedLogonId":"0x0","ElevatedToken":"%%1842","LogonProcessName":"Kerberos"},"OpenWEC":{"IpAddress":"10.202.0.93","TimeReceived":"2023-12-08T16:03:58.811294085+00:00","Principal":"MEEREEN$@ESSOS.LOCAL","Subscription":{"Uuid":"CB04741B-9072-4E2D-B769-3570FA020BBD","Version":"6E053E8A-FE0D-45A0-A863-C501EEDB4011","Name":"anssi-subscription"}}}
{"System":{"Provider":{"Name":"Microsoft-Windows-Security-Auditing","Guid":"{54849625-5478-4994-A5BA-3E3B0328C30D}"},"EventID":4688,"Version":2,"Level":0,"Task":13312,"Opcode":0,"Keywords":"0x8020000000000000","TimeCreated":"2023-12-08T16:04:06.375979200Z","EventRecordID":114261,"Correlation":{},"Execution":{"ProcessID":4,"ThreadID":1180},"Channel":"Security","Computer":"meereen.essos.local"},"EventData":{"TargetUserName":"-","SubjectDomainName":"ESSOS","TargetUserSid":"S-1-0-0","NewProcessName":"C:\\Windows\\System32\\VSSVC.exe","TargetLogonId":"0x0","TargetDomainName":"-","TokenElevationType":"%%1936","SubjectLogonId":"0x3e7","NewProcessId":"0x166c","ProcessId":"0x244","CommandLine":"","SubjectUserSid":"S-1-5-18","SubjectUserName":"MEEREEN$","MandatoryLabel":"S-1-16-16384","ParentProcessName":"C:\\Windows\\System32\\services.exe"},"OpenWEC":{"IpAddress":"10.202.0.93","TimeReceived":"2023-12-08T16:04:37.272155192+00:00","Principal":"MEEREEN$@ESSOS.LOCAL","Subscription":{"Uuid":"CB04741B-9072-4E2D-B769-3570FA020BBD","Version":"6E053E8A-FE0D-45A0-A863-C501EEDB4011","Name":"anssi-subscription"}}}
{"System":{"Provider":{"Name":"Microsoft-Windows-Security-Auditing","Guid":"{54849625-5478-4994-A5BA-3E3B0328C30D}"},"EventID":4688,"Version":2,"Level":0,"Task":13312,"Opcode":0,"Keywords":"0x8020000000000000","TimeCreated":"2023-12-08T16:04:08.994424700Z","EventRecordID":114293,"Correlation":{},"Execution":{"ProcessID":4,"ThreadID":1572},"Channel":"Security","Computer":"meereen.essos.local"},"EventData":{"ProcessId":"0x244","CommandLine":"","SubjectUserName":"MEEREEN$","TargetLogonId":"0x0","ParentProcessName":"C:\\Windows\\System32\\services.exe","TargetUserName":"-","TokenElevationType":"%%1936","TargetDomainName":"-","NewProcessName":"C:\\Windows\\System32\\svchost.exe","NewProcessId":"0x1b04","SubjectDomainName":"ESSOS","SubjectLogonId":"0x3e7","MandatoryLabel":"S-1-16-16384","TargetUserSid":"S-1-0-0","SubjectUserSid":"S-1-5-18"},"OpenWEC":{"IpAddress":"10.202.0.93","TimeReceived":"2023-12-08T16:04:37.272155192+00:00","Principal":"MEEREEN$@ESSOS.LOCAL","Subscription":{"Uuid":"CB04741B-9072-4E2D-B769-3570FA020BBD","Version":"6E053E8A-FE0D-45A0-A863-C501EEDB4011","Name":"anssi-subscription"}}}
{"System":{"Provider":{"Name":"Microsoft-Windows-Security-Auditing","Guid":"{54849625-5478-4994-A5BA-3E3B0328C30D}"},"EventID":4688,"Version":2,"Level":0,"Task":13312,"Opcode":0,"Keywords":"0x8020000000000000","TimeCreated":"2023-12-08T16:04:10.774017800Z","EventRecordID":114463,"Correlation":{},"Execution":{"ProcessID":4,"ThreadID":1220},"Channel":"Security","Computer":"meereen.essos.local"},"EventData":{"SubjectUserSid":"S-1-5-18","NewProcessName":"C:\\Windows\\System32\\vdsldr.exe","TargetUserSid":"S-1-0-0","MandatoryLabel":"S-1-16-16384","TargetUserName":"-","TargetDomainName":"-","NewProcessId":"0x10f4","TokenElevationType":"%%1936","SubjectLogonId":"0x3e7","ParentProcessName":"C:\\Windows\\System32\\svchost.exe","TargetLogonId":"0x0","SubjectUserName":"MEEREEN$","SubjectDomainName":"ESSOS","CommandLine":"","ProcessId":"0x2f8"},"OpenWEC":{"IpAddress":"10.202.0.93","TimeReceived":"2023-12-08T16:04:37.272155192+00:00","Principal":"MEEREEN$@ESSOS.LOCAL","Subscription":{"Uuid":"CB04741B-9072-4E2D-B769-3570FA020BBD","Version":"6E053E8A-FE0D-45A0-A863-C501EEDB4011","Name":"anssi-subscription"}}}
{"System":{"Provider":{"Name":"Microsoft-Windows-Security-Auditing","Guid":"{54849625-5478-4994-A5BA-3E3B0328C30D}"},"EventID":4688,"Version":2,"Level":0,"Task":13312,"Opcode":0,"Keywords":"0x8020000000000000","TimeCreated":"2023-12-08T16:04:10.833185700Z","EventRecordID":114467,"Correlation":{},"Execution":{"ProcessID":4,"ThreadID":4300},"Channel":"Security","Computer":"meereen.essos.local"},"EventData":{"CommandLine":"","TargetUserName":"-","ProcessId":"0x244","TargetDomainName":"-","TargetLogonId":"0x0","NewProcessName":"C:\\Windows\\System32\\vds.exe","SubjectUserName":"MEEREEN$","SubjectDomainName":"ESSOS","SubjectLogonId":"0x3e7","SubjectUserSid":"S-1-5-18","TargetUserSid":"S-1-0-0","NewProcessId":"0x67c","MandatoryLabel":"S-1-16-16384","TokenElevationType":"%%1936","ParentProcessName":"C:\\Windows\\System32\\services.exe"},"OpenWEC":{"IpAddress":"10.202.0.93","TimeReceived":"2023-12-08T16:04:37.272155192+00:00","Principal":"MEEREEN$@ESSOS.LOCAL","Subscription":{"Uuid":"CB04741B-9072-4E2D-B769-3570FA020BBD","Version":"6E053E8A-FE0D-45A0-A863-C501EEDB4011","Name":"anssi-subscription"}}}
{"System":{"Provider":{"Name":"Microsoft-Windows-Security-Auditing","Guid":"{54849625-5478-4994-A5BA-3E3B0328C30D}"},"EventID":4688,"Version":2,"Level":0,"Task":13312,"Opcode":0,"Keywords":"0x8020000000000000","TimeCreated":"2023-12-08T16:04:12.099724200Z","EventRecordID":114468,"Correlation":{},"Execution":{"ProcessID":4,"ThreadID":6464},"Channel":"Security","Computer":"meereen.essos.local"},"EventData":{"TargetUserName":"-","ParentProcessName":"C:\\Windows\\System32\\svchost.exe","CommandLine":"","TargetLogonId":"0x0","MandatoryLabel":"S-1-16-16384","SubjectUserName":"MEEREEN$","NewProcessId":"0x10d8","TargetUserSid":"S-1-0-0","TargetDomainName":"-","NewProcessName":"C:\\Windows\\System32\\wbem\\WmiPrvSE.exe","SubjectDomainName":"ESSOS","SubjectUserSid":"S-1-5-18","SubjectLogonId":"0x3e7","TokenElevationType":"%%1936","ProcessId":"0x2f8"},"OpenWEC":{"IpAddress":"10.202.0.93","TimeReceived":"2023-12-08T16:04:37.272155192+00:00","Principal":"MEEREEN$@ESSOS.LOCAL","Subscription":{"Uuid":"CB04741B-9072-4E2D-B769-3570FA020BBD","Version":"6E053E8A-FE0D-45A0-A863-C501EEDB4011","Name":"anssi-subscription"}}}
{"System":{"Provider":{"Name":"Microsoft-Windows-Security-Auditing","Guid":"{54849625-5478-4994-A5BA-3E3B0328C30D}"},"EventID":4624,"Version":2,"Level":0,"Task":12544,"Opcode":0,"Keywords":"0x8020000000000000","TimeCreated":"2023-12-08T16:04:12.415880900Z","EventRecordID":114470,"Correlation":{},"Execution":{"ProcessID":588,"ThreadID":2252},"Channel":"Security","Computer":"meereen.essos.local"},"EventData":{"TargetUserSid":"S-1-5-18","LmPackageName":"-","SubjectDomainName":"-","LogonType":"3","SubjectLogonId":"0x0","ImpersonationLevel":"%%1833","TargetLinkedLogonId":"0x0","VirtualAccount":"%%1843","TargetLogonId":"0x65de53","TargetUserName":"MEEREEN$","LogonGuid":"{4DAE89EC-640B-593C-8935-87CC0FE7DECD}","ProcessName":"-","IpPort":"50573","ProcessId":"0x0","TargetOutboundDomainName":"-","TransmittedServices":"-","SubjectUserName":"-","KeyLength":"0","IpAddress":"fe80::3076:9c8f:3acb:98de","TargetDomainName":"ESSOS.LOCAL","SubjectUserSid":"S-1-0-0","LogonProcessName":"Kerberos","RestrictedAdminMode":"-","AuthenticationPackageName":"Kerberos","WorkstationName":"-","TargetOutboundUserName":"-","ElevatedToken":"%%1842"},"OpenWEC":{"IpAddress":"10.202.0.93","TimeReceived":"2023-12-08T16:04:37.272155192+00:00","Principal":"MEEREEN$@ESSOS.LOCAL","Subscription":{"Uuid":"CB04741B-9072-4E2D-B769-3570FA020BBD","Version":"6E053E8A-FE0D-45A0-A863-C501EEDB4011","Name":"anssi-subscription"}}}
{"System":{"Provider":{"Name":"Microsoft-Windows-Security-Auditing","Guid":"{54849625-5478-4994-A5BA-3E3B0328C30D}"},"EventID":4624,"Version":2,"Level":0,"Task":12544,"Opcode":0,"Keywords":"0x8020000000000000","TimeCreated":"2023-12-08T16:04:13.427178400Z","EventRecordID":114571,"Correlation":{},"Execution":{"ProcessID":588,"ThreadID":2248},"Channel":"Security","Computer":"meereen.essos.local"},"EventData":{"IpAddress":"fe80::3076:9c8f:3acb:98de","VirtualAccount":"%%1843","ElevatedToken":"%%1842","TransmittedServices":"-","LogonProcessName":"Kerberos","WorkstationName":"-","IpPort":"50577","KeyLength":"0","ProcessId":"0x0","ImpersonationLevel":"%%1833","TargetOutboundUserName":"-","TargetOutboundDomainName":"-","TargetDomainName":"ESSOS.LOCAL","ProcessName":"-","SubjectUserSid":"S-1-0-0","SubjectUserName":"-","AuthenticationPackageName":"Kerberos","RestrictedAdminMode":"-","LogonType":"3","TargetLinkedLogonId":"0x0","LmPackageName":"-","SubjectLogonId":"0x0","TargetUserName":"MEEREEN$","TargetUserSid":"S-1-5-18","SubjectDomainName":"-","TargetLogonId":"0x65ec26","LogonGuid":"{4DAE89EC-640B-593C-8935-87CC0FE7DECD}"},"OpenWEC":{"IpAddress":"10.202.0.93","TimeReceived":"2023-12-08T16:04:37.272155192+00:00","Principal":"MEEREEN$@ESSOS.LOCAL","Subscription":{"Uuid":"CB04741B-9072-4E2D-B769-3570FA020BBD","Version":"6E053E8A-FE0D-45A0-A863-C501EEDB4011","Name":"anssi-subscription"}}}
{"System":{"Provider":{"Name":"Microsoft-Windows-Security-Auditing","Guid":"{54849625-5478-4994-A5BA-3E3B0328C30D}"},"EventID":4624,"Version":2,"Level":0,"Task":12544,"Opcode":0,"Keywords":"0x8020000000000000","TimeCreated":"2023-12-08T16:04:13.447004600Z","EventRecordID":114573,"Correlation":{},"Execution":{"ProcessID":588,"ThreadID":2248},"Channel":"Security","Computer":"meereen.essos.local"},"EventData":{"LogonType":"3","IpPort":"50578","ProcessId":"0x0","TargetUserSid":"S-1-5-18","AuthenticationPackageName":"Kerberos","TargetOutboundUserName":"-","LogonProcessName":"Kerberos","IpAddress":"fe80::3076:9c8f:3acb:98de","ProcessName":"-","LogonGuid":"{4DAE89EC-640B-593C-8935-87CC0FE7DECD}","WorkstationName":"-","SubjectUserName":"-","TargetUserName":"MEEREEN$","TargetDomainName":"ESSOS.LOCAL","KeyLength":"0","ImpersonationLevel":"%%1833","SubjectLogonId":"0x0","SubjectDomainName":"-","LmPackageName":"-","TransmittedServices":"-","TargetLogonId":"0x65eda2","RestrictedAdminMode":"-","TargetOutboundDomainName":"-","VirtualAccount":"%%1843","TargetLinkedLogonId":"0x0","SubjectUserSid":"S-1-0-0","ElevatedToken":"%%1842"},"OpenWEC":{"IpAddress":"10.202.0.93","TimeReceived":"2023-12-08T16:04:37.272155192+00:00","Principal":"MEEREEN$@ESSOS.LOCAL","Subscription":{"Uuid":"CB04741B-9072-4E2D-B769-3570FA020BBD","Version":"6E053E8A-FE0D-45A0-A863-C501EEDB4011","Name":"anssi-subscription"}}}
{"System":{"Provider":{"Name":"Microsoft-Windows-Security-Auditing","Guid":"{54849625-5478-4994-A5BA-3E3B0328C30D}"},"EventID":4624,"Version":2,"Level":0,"Task":12544,"Opcode":0,"Keywords":"0x8020000000000000","TimeCreated":"2023-12-08T16:04:13.452681000Z","EventRecordID":114576,"Correlation":{},"Execution":{"ProcessID":588,"ThreadID":2252},"Channel":"Security","Computer":"meereen.essos.local"},"EventData":{"TargetLogonId":"0x65ee4a","ProcessName":"-","TargetLinkedLogonId":"0x0","TargetOutboundDomainName":"-","ImpersonationLevel":"%%1833","AuthenticationPackageName":"Kerberos","TransmittedServices":"-","IpPort":"50579","SubjectDomainName":"-","LmPackageName":"-","TargetOutboundUserName":"-","ElevatedToken":"%%1842","TargetUserSid":"S-1-5-18","TargetDomainName":"ESSOS.LOCAL","RestrictedAdminMode":"-","SubjectLogonId":"0x0","LogonType":"3","LogonProcessName":"Kerberos","TargetUserName":"MEEREEN$","SubjectUserSid":"S-1-0-0","WorkstationName":"-","LogonGuid":"{4DAE89EC-640B-593C-8935-87CC0FE7DECD}","KeyLength":"0","ProcessId":"0x0","IpAddress":"fe80::3076:9c8f:3acb:98de","VirtualAccount":"%%1843","SubjectUserName":"-"},"OpenWEC":{"IpAddress":"10.202.0.93","TimeReceived":"2023-12-08T16:04:37.272155192+00:00","Principal":"MEEREEN$@ESSOS.LOCAL","Subscription":{"Uuid":"CB04741B-9072-4E2D-B769-3570FA020BBD","Version":"6E053E8A-FE0D-45A0-A863-C501EEDB4011","Name":"anssi-subscription"}}}
{"System":{"Provider":{"Name":"Microsoft-Windows-Security-Auditing","Guid":"{54849625-5478-4994-A5BA-3E3B0328C30D}"},"EventID":4624,"Version":2,"Level":0,"Task":12544,"Opcode":0,"Keywords":"0x8020000000000000","TimeCreated":"2023-12-08T16:04:13.456876100Z","EventRecordID":114579,"Correlation":{},"Execution":{"ProcessID":588,"ThreadID":2252},"Channel":"Security","Computer":"meereen.essos.local"},"EventData":{"TargetOutboundUserName":"-","TargetOutboundDomainName":"-","ImpersonationLevel":"%%1833","TargetUserName":"MEEREEN$","SubjectDomainName":"-","TransmittedServices":"-","KeyLength":"0","RestrictedAdminMode":"-","VirtualAccount":"%%1843","ProcessName":"-","TargetLinkedLogonId":"0x0","ElevatedToken":"%%1842","TargetUserSid":"S-1-5-18","LogonType":"3","LmPackageName":"-","SubjectUserName":"-","SubjectUserSid":"S-1-0-0","LogonProcessName":"Kerberos","WorkstationName":"-","ProcessId":"0x0","IpPort":"50580","AuthenticationPackageName":"Kerberos","TargetLogonId":"0x65eeac","TargetDomainName":"ESSOS.LOCAL","LogonGuid":"{4DAE89EC-640B-593C-8935-87CC0FE7DECD}","SubjectLogonId":"0x0","IpAddress":"fe80::3076:9c8f:3acb:98de"},"OpenWEC":{"IpAddress":"10.202.0.93","TimeReceived":"2023-12-08T16:04:37.272155192+00:00","Principal":"MEEREEN$@ESSOS.LOCAL","Subscription":{"Uuid":"CB04741B-9072-4E2D-B769-3570FA020BBD","Version":"6E053E8A-FE0D-45A0-A863-C501EEDB4011","Name":"anssi-subscription"}}}
{"System":{"Provider":{"Name":"Microsoft-Windows-Security-Auditing","Guid":"{54849625-5478-4994-A5BA-3E3B0328C30D}"},"EventID":4624,"Version":2,"Level":0,"Task":12544,"Opcode":0,"Keywords":"0x8020000000000000","TimeCreated":"2023-12-08T16:04:13.527083100Z","EventRecordID":114582,"Correlation":{},"Execution":{"ProcessID":588,"ThreadID":2248},"Channel":"Security","Computer":"meereen.essos.local"},"EventData":{"IpAddress":"fe80::3076:9c8f:3acb:98de","RestrictedAdminMode":"-","LogonProcessName":"Kerberos","TargetLinkedLogonId":"0x0","LogonGuid":"{4DAE89EC-640B-593C-8935-87CC0FE7DECD}","VirtualAccount":"%%1843","TargetOutboundDomainName":"-","TransmittedServices":"-","SubjectUserName":"-","SubjectDomainName":"-","TargetLogonId":"0x65f090","LogonType":"3","TargetUserName":"MEEREEN$","ProcessName":"-","TargetDomainName":"ESSOS.LOCAL","AuthenticationPackageName":"Kerberos","ImpersonationLevel":"%%1833","SubjectLogonId":"0x0","SubjectUserSid":"S-1-0-0","TargetUserSid":"S-1-5-18","WorkstationName":"-","TargetOutboundUserName":"-","ElevatedToken":"%%1842","IpPort":"50581","LmPackageName":"-","KeyLength":"0","ProcessId":"0x0"},"OpenWEC":{"IpAddress":"10.202.0.93","TimeReceived":"2023-12-08T16:04:37.272155192+00:00","Principal":"MEEREEN$@ESSOS.LOCAL","Subscription":{"Uuid":"CB04741B-9072-4E2D-B769-3570FA020BBD","Version":"6E053E8A-FE0D-45A0-A863-C501EEDB4011","Name":"anssi-subscription"}}}
{"System":{"Provider":{"Name":"Microsoft-Windows-Security-Auditing","Guid":"{54849625-5478-4994-A5BA-3E3B0328C30D}"},"EventID":4624,"Version":2,"Level":0,"Task":12544,"Opcode":0,"Keywords":"0x8020000000000000","TimeCreated":"2023-12-08T16:04:13.536412600Z","EventRecordID":114585,"Correlation":{},"Execution":{"ProcessID":588,"ThreadID":2252},"Channel":"Security","Computer":"meereen.essos.local"},"EventData":{"IpAddress":"fe80::3076:9c8f:3acb:98de","ElevatedToken":"%%1842","TargetDomainName":"ESSOS.LOCAL","LogonType":"3","VirtualAccount":"%%1843","TargetOutboundDomainName":"-","KeyLength":"0","LogonGuid":"{4DAE89EC-640B-593C-8935-87CC0FE7DECD}","ProcessName":"-","TargetUserName":"MEEREEN$","ProcessId":"0x0","SubjectLogonId":"0x0","WorkstationName":"-","AuthenticationPackageName":"Kerberos","TargetUserSid":"S-1-5-18","TargetLogonId":"0x65f123","SubjectUserName":"-","LogonProcessName":"Kerberos","TransmittedServices":"-","LmPackageName":"-","IpPort":"50582","ImpersonationLevel":"%%1833","SubjectDomainName":"-","RestrictedAdminMode":"-","SubjectUserSid":"S-1-0-0","TargetOutboundUserName":"-","TargetLinkedLogonId":"0x0"},"OpenWEC":{"IpAddress":"10.202.0.93","TimeReceived":"2023-12-08T16:04:37.272155192+00:00","Principal":"MEEREEN$@ESSOS.LOCAL","Subscription":{"Uuid":"CB04741B-9072-4E2D-B769-3570FA020BBD","Version":"6E053E8A-FE0D-45A0-A863-C501EEDB4011","Name":"anssi-subscription"}}}
{"System":{"Provider":{"Name":"Microsoft-Windows-Security-Auditing","Guid":"{54849625-5478-4994-A5BA-3E3B0328C30D}"},"EventID":4624,"Version":2,"Level":0,"Task":12544,"Opcode":0,"Keywords":"0x8020000000000000","TimeCreated":"2023-12-08T16:04:27.784777500Z","EventRecordID":114589,"Correlation":{},"Execution":{"ProcessID":588,"ThreadID":2252},"Channel":"Security","Computer":"meereen.essos.local"},"EventData":{"SubjectLogonId":"0x0","TargetUserSid":"S-1-5-18","TargetUserName":"MEEREEN$","LogonProcessName":"Kerberos","VirtualAccount":"%%1843","TransmittedServices":"-","ImpersonationLevel":"%%1833","SubjectUserName":"-","SubjectUserSid":"S-1-0-0","AuthenticationPackageName":"Kerberos","ProcessId":"0x0","LmPackageName":"-","LogonType":"3","TargetLogonId":"0x660b23","ProcessName":"-","WorkstationName":"-","IpAddress":"::1","LogonGuid":"{4DAE89EC-640B-593C-8935-87CC0FE7DECD}","TargetDomainName":"ESSOS.LOCAL","IpPort":"50589","TargetOutboundUserName":"-","TargetOutboundDomainName":"-","TargetLinkedLogonId":"0x0","SubjectDomainName":"-","ElevatedToken":"%%1842","RestrictedAdminMode":"-","KeyLength":"0"},"OpenWEC":{"IpAddress":"10.202.0.93","TimeReceived":"2023-12-08T16:04:37.272155192+00:00","Principal":"MEEREEN$@ESSOS.LOCAL","Subscription":{"Uuid":"CB04741B-9072-4E2D-B769-3570FA020BBD","Version":"6E053E8A-FE0D-45A0-A863-C501EEDB4011","Name":"anssi-subscription"}}}
{"System":{"Provider":{"Name":"Microsoft-Windows-Security-Auditing","Guid":"{54849625-5478-4994-A5BA-3E3B0328C30D}"},"EventID":4624,"Version":2,"Level":0,"Task":12544,"Opcode":0,"Keywords":"0x8020000000000000","TimeCreated":"2023-12-08T16:04:32.287694100Z","EventRecordID":114592,"Correlation":{},"Execution":{"ProcessID":588,"ThreadID":2252},"Channel":"Security","Computer":"meereen.essos.local"},"EventData":{"KeyLength":"0","LogonProcessName":"Kerberos","TargetLogonId":"0x661999","RestrictedAdminMode":"-","WorkstationName":"-","ProcessId":"0x0","SubjectUserSid":"S-1-0-0","TargetUserName":"MEEREEN$","AuthenticationPackageName":"Kerberos","IpAddress":"fe80::3076:9c8f:3acb:98de","VirtualAccount":"%%1843","SubjectDomainName":"-","IpPort":"50592","TransmittedServices":"-","SubjectUserName":"-","ImpersonationLevel":"%%1833","TargetDomainName":"ESSOS.LOCAL","TargetOutboundUserName":"-","ElevatedToken":"%%1842","SubjectLogonId":"0x0","TargetUserSid":"S-1-5-18","LogonGuid":"{6C3699F9-21BC-C044-F488-8345FDC7CD94}","ProcessName":"-","LogonType":"3","LmPackageName":"-","TargetOutboundDomainName":"-","TargetLinkedLogonId":"0x0"},"OpenWEC":{"IpAddress":"10.202.0.93","TimeReceived":"2023-12-08T16:04:37.272155192+00:00","Principal":"MEEREEN$@ESSOS.LOCAL","Subscription":{"Uuid":"CB04741B-9072-4E2D-B769-3570FA020BBD","Version":"6E053E8A-FE0D-45A0-A863-C501EEDB4011","Name":"anssi-subscription"}}}
{"System":{"Provider":{"Name":"Microsoft-Windows-Security-Auditing","Guid":"{54849625-5478-4994-A5BA-3E3B0328C30D}"},"EventID":4624,"Version":2,"Level":0,"Task":12544,"Opcode":0,"Keywords":"0x8020000000000000","TimeCreated":"2023-12-08T16:04:32.303656400Z","EventRecordID":114594,"Correlation":{"ActivityID":"{833290A8-29FD-0001-F190-3283FD29DA01}"},"Execution":{"ProcessID":588,"ThreadID":7140},"Channel":"Security","Computer":"meereen.essos.local"},"EventData":{"TargetLinkedLogonId":"0x0","ElevatedToken":"%%1842","SubjectUserSid":"S-1-0-0","TransmittedServices":"-","SubjectLogonId":"0x0","AuthenticationPackageName":"Kerberos","TargetDomainName":"ESSOS.LOCAL","WorkstationName":"-","ProcessName":"-","LogonProcessName":"Kerberos","TargetUserName":"MEEREEN$","SubjectUserName":"-","IpPort":"0","RestrictedAdminMode":"-","SubjectDomainName":"-","TargetOutboundUserName":"-","ProcessId":"0x0","LogonGuid":"{6C3699F9-21BC-C044-F488-8345FDC7CD94}","ImpersonationLevel":"%%1833","TargetUserSid":"S-1-5-18","LmPackageName":"-","KeyLength":"0","IpAddress":"::1","TargetOutboundDomainName":"-","LogonType":"3","TargetLogonId":"0x661a7a","VirtualAccount":"%%1843"},"OpenWEC":{"IpAddress":"10.202.0.93","TimeReceived":"2023-12-08T16:04:37.272155192+00:00","Principal":"MEEREEN$@ESSOS.LOCAL","Subscription":{"Uuid":"CB04741B-9072-4E2D-B769-3570FA020BBD","Version":"6E053E8A-FE0D-45A0-A863-C501EEDB4011","Name":"anssi-subscription"}}}
{"System":{"Provider":{"Name":"Microsoft-Windows-Security-Auditing","Guid":"{54849625-5478-4994-A5BA-3E3B0328C30D}"},"EventID":4624,"Version":2,"Level":0,"Task":12544,"Opcode":0,"Keywords":"0x8020000000000000","TimeCreated":"2023-12-08T16:04:32.305797500Z","EventRecordID":114596,"Correlation":{},"Execution":{"ProcessID":588,"ThreadID":2252},"Channel":"Security","Computer":"meereen.essos.local"},"EventData":{"TargetOutboundUserName":"-","SubjectUserName":"-","LmPackageName":"-","LogonType":"3","IpPort":"50593","TargetOutboundDomainName":"-","WorkstationName":"-","SubjectDomainName":"-","TargetDomainName":"ESSOS.LOCAL","ProcessId":"0x0","TargetUserSid":"S-1-5-18","TargetUserName":"MEEREEN$","LogonProcessName":"Kerberos","SubjectUserSid":"S-1-0-0","SubjectLogonId":"0x0","ProcessName":"-","IpAddress":"10.202.0.93","ImpersonationLevel":"%%1833","AuthenticationPackageName":"Kerberos","RestrictedAdminMode":"-","TransmittedServices":"-","VirtualAccount":"%%1843","TargetLinkedLogonId":"0x0","ElevatedToken":"%%1842","KeyLength":"0","LogonGuid":"{6C3699F9-21BC-C044-F488-8345FDC7CD94}","TargetLogonId":"0x661abd"},"OpenWEC":{"IpAddress":"10.202.0.93","TimeReceived":"2023-12-08T16:04:37.272155192+00:00","Principal":"MEEREEN$@ESSOS.LOCAL","Subscription":{"Uuid":"CB04741B-9072-4E2D-B769-3570FA020BBD","Version":"6E053E8A-FE0D-45A0-A863-C501EEDB4011","Name":"anssi-subscription"}}}
{"System":{"Provider":{"Name":"Microsoft-Windows-Security-Auditing","Guid":"{54849625-5478-4994-A5BA-3E3B0328C30D}"},"EventID":4624,"Version":2,"Level":0,"Task":12544,"Opcode":0,"Keywords":"0x8020000000000000","TimeCreated":"2023-12-08T16:04:32.399721500Z","EventRecordID":114598,"Correlation":{"ActivityID":"{833290A8-29FD-0001-F190-3283FD29DA01}"},"Execution":{"ProcessID":588,"ThreadID":7140},"Channel":"Security","Computer":"meereen.essos.local"},"EventData":{"TargetOutboundUserName":"-","TargetUserSid":"S-1-5-18","KeyLength":"0","IpAddress":"fe80::3076:9c8f:3acb:98de","LogonType":"3","SubjectUserName":"-","TargetUserName":"MEEREEN$","SubjectUserSid":"S-1-0-0","SubjectDomainName":"-","TargetDomainName":"ESSOS.LOCAL","IpPort":"50594","SubjectLogonId":"0x0","ImpersonationLevel":"%%1840","RestrictedAdminMode":"-","VirtualAccount":"%%1843","ProcessId":"0x0","LmPackageName":"-","AuthenticationPackageName":"Kerberos","TargetLinkedLogonId":"0x0","ElevatedToken":"%%1842","ProcessName":"-","TargetOutboundDomainName":"-","LogonGuid":"{6C3699F9-21BC-C044-F488-8345FDC7CD94}","TargetLogonId":"0x661d19","WorkstationName":"-","TransmittedServices":"-","LogonProcessName":"Kerberos"},"OpenWEC":{"IpAddress":"10.202.0.93","TimeReceived":"2023-12-08T16:04:37.272155192+00:00","Principal":"MEEREEN$@ESSOS.LOCAL","Subscription":{"Uuid":"CB04741B-9072-4E2D-B769-3570FA020BBD","Version":"6E053E8A-FE0D-45A0-A863-C501EEDB4011","Name":"anssi-subscription"}}}
{"System":{"Provider":{"Name":"Microsoft-Windows-Security-Auditing","Guid":"{54849625-5478-4994-A5BA-3E3B0328C30D}"},"EventID":5140,"Version":1,"Level":0,"Task":12808,"Opcode":0,"Keywords":"0x8020000000000000","TimeCreated":"2023-12-08T16:04:32.400105900Z","EventRecordID":114599,"Correlation":{},"Execution":{"ProcessID":4,"ThreadID":2204},"Channel":"Security","Computer":"meereen.essos.local"},"EventData":{"IpAddress":"fe80::3076:9c8f:3acb:98de","ShareName":"\\\\*\\SYSVOL","ObjectType":"File","SubjectLogonId":"0x661d19","IpPort":"50594","SubjectUserSid":"S-1-5-18","SubjectDomainName":"ESSOS","AccessMask":"0x1","SubjectUserName":"MEEREEN$","ShareLocalPath":"\\??\\C:\\Windows\\SYSVOL\\sysvol","AccessList":"%%4416\n\t\t\t\t"},"OpenWEC":{"IpAddress":"10.202.0.93","TimeReceived":"2023-12-08T16:04:37.272155192+00:00","Principal":"MEEREEN$@ESSOS.LOCAL","Subscription":{"Uuid":"CB04741B-9072-4E2D-B769-3570FA020BBD","Version":"6E053E8A-FE0D-45A0-A863-C501EEDB4011","Name":"anssi-subscription"}}}
{"System":{"Provider":{"Name":"Microsoft-Windows-Security-Auditing","Guid":"{54849625-5478-4994-A5BA-3E3B0328C30D}"},"EventID":4688,"Version":2,"Level":0,"Task":13312,"Opcode":0,"Keywords":"0x8020000000000000","TimeCreated":"2023-12-08T16:04:51.406847500Z","EventRecordID":114608,"Correlation":{},"Execution":{"ProcessID":4,"ThreadID":6724},"Channel":"Security","Computer":"meereen.essos.local"},"EventData":{"CommandLine":"","TargetUserName":"-","TargetDomainName":"-","NewProcessId":"0x1448","SubjectDomainName":"ESSOS","SubjectUserSid":"S-1-5-21-1062305140-3742494866-1959299801-1000","MandatoryLabel":"S-1-16-8192","ParentProcessName":"C:\\Windows\\System32\\cmd.exe","NewProcessName":"C:\\Windows\\System32\\HOSTNAME.EXE","SubjectLogonId":"0x4cea8","SubjectUserName":"vagrant","TargetUserSid":"S-1-0-0","TargetLogonId":"0x0","TokenElevationType":"%%1938","ProcessId":"0x40c"},"OpenWEC":{"IpAddress":"10.202.0.93","TimeReceived":"2023-12-08T16:05:22.286362905+00:00","Principal":"MEEREEN$@ESSOS.LOCAL","Subscription":{"Uuid":"CB04741B-9072-4E2D-B769-3570FA020BBD","Version":"6E053E8A-FE0D-45A0-A863-C501EEDB4011","Name":"anssi-subscription"}}}
{"System":{"Provider":{"Name":"Microsoft-Windows-Security-Auditing","Guid":"{54849625-5478-4994-A5BA-3E3B0328C30D}"},"EventID":4624,"Version":2,"Level":0,"Task":12544,"Opcode":0,"Keywords":"0x8020000000000000","TimeCreated":"2023-12-08T16:05:27.800184700Z","EventRecordID":114622,"Correlation":{},"Execution":{"ProcessID":588,"ThreadID":2248},"Channel":"Security","Computer":"meereen.essos.local"},"EventData":{"TargetOutboundUserName":"-","TargetOutboundDomainName":"-","LmPackageName":"-","TargetLinkedLogonId":"0x0","TransmittedServices":"-","ElevatedToken":"%%1842","IpAddress":"::1","AuthenticationPackageName":"Kerberos","SubjectUserName":"-","LogonType":"3","TargetUserSid":"S-1-5-18","VirtualAccount":"%%1843","KeyLength":"0","LogonProcessName":"Kerberos","WorkstationName":"-","IpPort":"50625","SubjectUserSid":"S-1-0-0","ProcessId":"0x0","ProcessName":"-","TargetLogonId":"0x669164","ImpersonationLevel":"%%1833","SubjectLogonId":"0x0","TargetUserName":"MEEREEN$","SubjectDomainName":"-","TargetDomainName":"ESSOS.LOCAL","LogonGuid":"{4DAE89EC-640B-593C-8935-87CC0FE7DECD}","RestrictedAdminMode":"-"},"OpenWEC":{"IpAddress":"10.202.0.93","TimeReceived":"2023-12-08T16:05:57.895783191+00:00","Principal":"MEEREEN$@ESSOS.LOCAL","Subscription":{"Uuid":"CB04741B-9072-4E2D-B769-3570FA020BBD","Version":"6E053E8A-FE0D-45A0-A863-C501EEDB4011","Name":"anssi-subscription"}}}
{"System":{"Provider":{"Name":"Microsoft-Windows-Security-Auditing","Guid":"{54849625-5478-4994-A5BA-3E3B0328C30D}"},"EventID":4624,"Version":2,"Level":0,"Task":12544,"Opcode":0,"Keywords":"0x8020000000000000","TimeCreated":"2023-12-08T16:06:27.815262200Z","EventRecordID":114625,"Correlation":{},"Execution":{"ProcessID":588,"ThreadID":2252},"Channel":"Security","Computer":"meereen.essos.local"},"EventData":{"TargetDomainName":"ESSOS.LOCAL","IpAddress":"::1","ElevatedToken":"%%1842","TargetLinkedLogonId":"0x0","SubjectUserSid":"S-1-0-0","TargetUserName":"MEEREEN$","LogonGuid":"{4DAE89EC-640B-593C-8935-87CC0FE7DECD}","TargetLogonId":"0x670c2d","TransmittedServices":"-","LogonType":"3","LogonProcessName":"Kerberos","SubjectUserName":"-","ProcessName":"-","ImpersonationLevel":"%%1833","TargetOutboundUserName":"-","TargetUserSid":"S-1-5-18","AuthenticationPackageName":"Kerberos","ProcessId":"0x0","LmPackageName":"-","WorkstationName":"-","SubjectDomainName":"-","KeyLength":"0","IpPort":"50655","TargetOutboundDomainName":"-","VirtualAccount":"%%1843","SubjectLogonId":"0x0","RestrictedAdminMode":"-"},"OpenWEC":{"IpAddress":"10.202.0.93","TimeReceived":"2023-12-08T16:07:58.774963647+00:00","Principal":"MEEREEN$@ESSOS.LOCAL","Subscription":{"Uuid":"CB04741B-9072-4E2D-B769-3570FA020BBD","Version":"6E053E8A-FE0D-45A0-A863-C501EEDB4011","Name":"anssi-subscription"}}}
{"System":{"Provider":{"Name":"Microsoft-Windows-WinRM","Guid":"{A7975C8F-AC13-49F1-87DA-5A984A4AB417}"},"EventID":163,"Version":0,"Level":2,"Task":7,"Opcode":0,"Keywords":"0x400000000000000a","TimeCreated":"2023-12-08T16:06:58.924287100Z","EventRecordID":5292,"Correlation":{"ActivityID":"{833290A8-29FD-0000-C3B2-3283FD29DA01}"},"Execution":{"ProcessID":1100,"ThreadID":5264},"Channel":"Microsoft-Windows-WinRM/Operational","Computer":"meereen.essos.local","UserID":"S-1-5-20"},"EventData":{"authClient":"Kerberos","authServer2":" ","authServer1":" ","authServer3":" ","authServer5":" ","authServer4":" "},"OpenWEC":{"IpAddress":"10.202.0.93","TimeReceived":"2023-12-08T16:07:58.843830973+00:00","Principal":"MEEREEN$@ESSOS.LOCAL","Subscription":{"Uuid":"CB04741B-9072-4E2D-B769-3570FA020BBD","Version":"6E053E8A-FE0D-45A0-A863-C501EEDB4011","Name":"anssi-subscription"}}}
{"System":{"Provider":{"Name":"Microsoft-Windows-Security-Auditing","Guid":"{54849625-5478-4994-A5BA-3E3B0328C30D}"},"EventID":4624,"Version":2,"Level":0,"Task":12544,"Opcode":0,"Keywords":"0x8020000000000000","TimeCreated":"2023-12-08T16:07:27.830120100Z","EventRecordID":114655,"Correlation":{},"Execution":{"ProcessID":588,"ThreadID":2248},"Channel":"Security","Computer":"meereen.essos.local"},"EventData":{"SubjectDomainName":"-","SubjectUserName":"-","SubjectUserSid":"S-1-0-0","ProcessName":"-","RestrictedAdminMode":"-","AuthenticationPackageName":"Kerberos","LogonGuid":"{4DAE89EC-640B-593C-8935-87CC0FE7DECD}","TransmittedServices":"-","TargetUserName":"MEEREEN$","ElevatedToken":"%%1842","LogonProcessName":"Kerberos","VirtualAccount":"%%1843","IpPort":"50687","ImpersonationLevel":"%%1833","TargetLogonId":"0x678540","TargetOutboundUserName":"-","TargetOutboundDomainName":"-","TargetLinkedLogonId":"0x0","SubjectLogonId":"0x0","ProcessId":"0x0","TargetUserSid":"S-1-5-18","LogonType":"3","LmPackageName":"-","IpAddress":"::1","KeyLength":"0","TargetDomainName":"ESSOS.LOCAL","WorkstationName":"-"},"OpenWEC":{"IpAddress":"10.202.0.93","TimeReceived":"2023-12-08T16:07:58.843830973+00:00","Principal":"MEEREEN$@ESSOS.LOCAL","Subscription":{"Uuid":"CB04741B-9072-4E2D-B769-3570FA020BBD","Version":"6E053E8A-FE0D-45A0-A863-C501EEDB4011","Name":"anssi-subscription"}}}
{"System":{"Provider":{"Name":"Microsoft-Windows-Security-Auditing","Guid":"{54849625-5478-4994-A5BA-3E3B0328C30D}"},"EventID":4624,"Version":2,"Level":0,"Task":12544,"Opcode":0,"Keywords":"0x8020000000000000","TimeCreated":"2023-12-08T16:08:27.845759400Z","EventRecordID":114658,"Correlation":{},"Execution":{"ProcessID":588,"ThreadID":2248},"Channel":"Security","Computer":"meereen.essos.local"},"EventData":{"WorkstationName":"-","RestrictedAdminMode":"-","LogonType":"3","LogonProcessName":"Kerberos","SubjectUserName":"-","TargetUserName":"MEEREEN$","ImpersonationLevel":"%%1833","TransmittedServices":"-","LmPackageName":"-","IpPort":"50717","TargetDomainName":"ESSOS.LOCAL","SubjectLogonId":"0x0","SubjectUserSid":"S-1-0-0","ProcessId":"0x0","ProcessName":"-","IpAddress":"::1","TargetOutboundUserName":"-","TargetLogonId":"0x67fb9f","SubjectDomainName":"-","AuthenticationPackageName":"Kerberos","TargetOutboundDomainName":"-","VirtualAccount":"%%1843","TargetLinkedLogonId":"0x0","ElevatedToken":"%%1842","TargetUserSid":"S-1-5-18","LogonGuid":"{4DAE89EC-640B-593C-8935-87CC0FE7DECD}","KeyLength":"0"},"OpenWEC":{"IpAddress":"10.202.0.93","TimeReceived":"2023-12-08T16:08:58.707267229+00:00","Principal":"MEEREEN$@ESSOS.LOCAL","Subscription":{"Uuid":"CB04741B-9072-4E2D-B769-3570FA020BBD","Version":"6E053E8A-FE0D-45A0-A863-C501EEDB4011","Name":"anssi-subscription"}}}
