{"System":{"Provider":{"Name":"Microsoft-Windows-EventForwarder"},"EventID":111,"TimeCreated":"2023-12-08T11:18:31.602Z","Computer":"meereen.essos.local"},"OpenWEC":{"IpAddress":"10.202.0.93","TimeReceived":"2023-12-08T11:18:31.629539824+00:00","Principal":"MEEREEN$@ESSOS.LOCAL","Subscription":{"Uuid":"CB04741B-9072-4E2D-B769-3570FA020BBD","Version":"6E053E8A-FE0D-45A0-A863-C501EEDB4011","Name":"anssi-subscription"}}}
{"System":{"Provider":{"Name":"Microsoft-Windows-Forwarding","Guid":"{699E309C-E782-4400-98C8-E21D162D7B7B}"},"EventID":101,"Version":0,"Level":3,"Task":0,"Opcode":0,"Keywords":"0x8000000000000000","TimeCreated":"2023-12-08T11:18:31.607621500Z","EventRecordID":241,"Correlation":{"ActivityID":"{833290A8-29FD-0001-AE92-3283FD29DA01}"},"Execution":{"ProcessID":1100,"ThreadID":1852},"Channel":"Microsoft-Windows-Forwarding/Operational","Computer":"meereen.essos.local","UserID":"S-1-5-20"},"EventData":{"Status":"<t:QueryStatus xmlns:t=\"http://schemas.microsoft.com/wbem/wsman/1/windows/EventLog\"><t:Channel Name=\"Application\" ErrorCode=\"0\"/><t:Channel Name=\"Microsoft-Windows-AppLocker/EXE and DLL\" ErrorCode=\"0\"/><t:Channel Name=\"Microsoft-Windows-AppLocker/MSI and Script\" ErrorCode=\"0\"/><t:Channel Name=\"Microsoft-Windows-AppLocker/Packaged app-Deployment\" ErrorCode=\"0\"/><t:Channel Name=\"Microsoft-Windows-AppLocker/Packaged app-Execution\" ErrorCode=\"0\"/><t:Channel Name=\"Microsoft-Windows-DriverFrameworks-UserMode/Operational\" ErrorCode=\"0\"/><t:Channel Name=\"Microsoft-Windows-EventCollector/Operational\" ErrorCode=\"0\"/><t:Channel Name=\"Microsoft-Windows-Forwarding/Operational\" ErrorCode=\"0\"/><t:Channel Name=\"Microsoft-Windows-LSA/Operational\" ErrorCode=\"0\"/><t:Channel Name=\"Microsoft-Windows-PowerShell/Operational\" ErrorCode=\"0\"/><t:Channel Name=\"Microsoft-Windows-SmartCard-Audit/Authentication\" ErrorCode=\"0\"/><t:Channel Name=\"Microsoft-Windows-Sysmon/Operational\" ErrorCode=\"15007\"/><t:Channel Name=\"Microsoft-Windows-TaskScheduler/Operational\" ErrorCode=\"0\"/><t:Channel Name=\"Microsoft-Windows-TerminalServices-RDPClient/Operational\" ErrorCode=\"0\"/><t:Channel Name=\"Microsoft-Windows-Windows Defender/Operational\" ErrorCode=\"15007\"/><t:Channel Name=\"Microsoft-Windows-WinRM/Operational\" ErrorCode=\"0\"/><t:Channel Name=\"Security\" ErrorCode=\"0\"/><t:Channel Name=\"System\" ErrorCode=\"0\"/><t:Channel Name=\"Windows PowerShell\" ErrorCode=\"0\"/></t:QueryStatus>","Id":"anssi-subscription","Query":"<QueryList><Query Id=\"0\" Path=\"Application\"><Select Path=\"Application\">*[System[(EventID='866')]]</Select></Query><Query Id=\"1\" Path=\"Microsoft-Windows-AppLocker/EXE and DLL\"><Select Path=\"Microsoft-Windows-AppLocker/EXE and DLL\">*[UserData[RuleAndFileData[PolicyName=\"EXE\"]]]</Select></Query><Query Id=\"2\" Path=\"Microsoft-Windows-AppLocker/MSI and Script\"><Select Path=\"Microsoft-Windows-AppLocker/MSI and Script\">*</Select></Query><Query Id=\"3\" Path=\"Microsoft-Windows-AppLocker/Packaged app-Execution\"><Select Path=\"Microsoft-Windows-AppLocker/Packaged app-Execution\">*</Select></Query><Query Id=\"4\" Path=\"Microsoft-Windows-AppLocker/Packaged app-Deployment\"><Select Path=\"Microsoft-Windows-AppLocker/Packaged app-Deployment\">*</Select></Query><Query Id=\"10\" Path=\"Microsoft-Windows-Windows Defender/Operational\"><Select Path=\"Microsoft-Windows-Windows Defender/Operational\">*[System[( (EventID &gt;= 1006 and EventID &lt;= 1009) )]]</Select><Select Path=\"Microsoft-Windows-Windows Defender/Operational\">*[System[( (EventID &gt;= 1116 and EventID &lt;= 1119) )]]</Select><Select Path=\"Microsoft-Windows-Windows Defender/Operational\">*[System[(EventID=1120)]]</Select></Query><Query Id=\"20\" Path=\"Security\"><Select Path=\"Security\">*[System[EventID=4688]]</Select></Query><Query Id=\"21\" Path=\"Security\"><Select Path=\"Security\">*[System[(EventID = 4689)]]</Select></Query><Query Id=\"30\" Path=\"Microsoft-Windows-Sysmon/Operational\"><Select Path=\"Microsoft-Windows-Sysmon/Operational\">*</Select></Query><Query Id=\"40\" Path=\"Security\"><Select Path=\"Security\">*[System[(EventID=4776 or EventID=4648)]]</Select></Query><Query Id=\"41\" Path=\"Security\"><Select Path=\"Security\">*[System[(EventID=4624)]] and (*[EventData[Data[@Name=\"LogonType\"]=\"3\"]])</Select></Query><Query Id=\"42\" Path=\"Security\"><Select Path=\"Security\">*[System[(EventID=4624)]] and (*[EventData[Data[@Name=\"LogonType\"]!=\"3\"]]) and (*[EventData[Data[@Name=\"LogonType\"]!=\"5\"]])</Select></Query><Query Id=\"43\" Path=\"Security\"><Select Path=\"Security\">*[System[(EventID=4624)]] and (*[EventData[Data[@Name=\"LogonType\"]=\"5\"]]) and (*[EventData[Data[@Name=\"TargetUserSid\"] != \"S-1-5-18\"]]) and (*[EventData[Data[@Name=\"TargetUserSid\"] != \"S-1-5-19\"]]) and (*[EventData[Data[@Name=\"TargetUserSid\"] != \"S-1-5-20\"]])</Select></Query><Query Id=\"44\" Path=\"Security\"><Select Path=\"Security\">*[System[(EventID=4625)]] and (*[EventData[Data[@Name=\"LogonType\"]!=\"2\"]])</Select></Query><Query Id=\"49\" Path=\"Security\"><Select Path=\"Security\">*[System[(EventID=4740)]]</Select></Query><Query Id=\"50\" Path=\"Security\"><Select Path=\"Security\">*[System[(EventID=4778 or EventID=4779)]]</Select></Query><Query Id=\"51\" Path=\"Microsoft-Windows-TerminalServices-RDPClient/Operational\"><Select Path=\"Microsoft-Windows-TerminalServices-RDPClient/Operational\">*[System[(EventID=1024 or EventID=1025)]]</Select></Query><Query Id=\"52\" Path=\"Security\"><Select Path=\"Security\">*[System[(EventID=4672)]]</Select><Suppress Path=\"Security\">*[EventData[Data[1]=\"S-1-5-18\"]]</Suppress></Query><Query Id=\"53\" Path=\"Microsoft-Windows-LSA/Operational\"><Select Path=\"Microsoft-Windows-LSA/Operational\">*[System[(EventID=300)]] and (*[EventData[Data[@Name=\"TargetUserSid\"] != \"S-1-5-20\"]]) and (*[EventData[Data[@Name=\"TargetUserSid\"] != \"S-1-5-18\"]]) and (*[EventData[Data[@Name=\"TargetUserSid\"] != \"S-1-5-19\"]])</Select></Query><Query Id=\"54\" Path=\"Security\"><Select Path=\"Security\">*[System[(EventID=4720 or EventID=4722 or EventID=4725 or EventID=4726)]]</Select></Query><Query Id=\"55\" Path=\"Security\"><Select Path=\"Security\">*[System[(EventID=4732)]]</Select></Query><Query Id=\"56\" Path=\"Security\"><Select Path=\"Security\">*[System[(EventID=4728)]]</Select></Query><Query Id=\"57\" Path=\"Security\"><Select Path=\"Security\">*[System[(EventID=4756)]]</Select></Query><Query Id=\"60\" Path=\"Microsoft-Windows-SmartCard-Audit/Authentication\"><Select Path=\"Microsoft-Windows-SmartCard-Audit/Authentication\">*</Select></Query><Query Id=\"62\" Path=\"Security\"><Select Path=\"Security\">*[System[(EventID=5632)]]</Select></Query><Query Id=\"64\" Path=\"Security\"><Select Path=\"Security\">*[System[(EventID=5632)]]</Select></Query><Query Id=\"70\" Path=\"Security\"><Select Path=\"Security\">*[System[(EventID=5140)]] and (*[EventData[Data[@Name=\"ShareName\"]!=\"\\\\*\\IPC$\"]]) and (*[EventData[Data[@Name=\"ShareName\"]!=\"\\\\*\\NetLogon\"]])</Select><Select Path=\"Security\">*[System[(EventID=5145)] and ((EventData[Data[@Name=\"ShareName\"]=\"\\\\*\\IPC$\"] and (EventData[Data[@Name=\"RelativeTargetName\"]!=\"spoolss\"] and EventData[Data[@Name=\"RelativeTargetName\"]!=\"lsarpc\"] and EventData[Data[@Name=\"RelativeTargetName\"]!=\"NETLOGON\"] and EventData[Data[@Name=\"RelativeTargetName\"]!=\"srvsvc\"])) or EventData[Data[@Name=\"ShareName\"]=\"\\\\*\\C$\"] or EventData[Data[@Name=\"ShareName\"]=\"\\\\*\\ADMIN$\"])]</Select></Query><Query Id=\"71\" Path=\"Security\"><Select Path=\"Security\">*[System[(EventID=5142 or EventID=5144)]]</Select></Query><Query Id=\"90\" Path=\"Security\"><Select Path=\"Security\">*[System[(EventID=1102 or EventID = 1100)]]</Select></Query><Query Id=\"91\" Path=\"System\"><Select Path=\"System\">*[System[(EventID=104)]]</Select></Query><Query Id=\"93\" Path=\"Security\"><Select Path=\"Security\">*[System[Provider[@Name='Microsoft-Windows-Eventlog']]]</Select></Query><Query Id=\"94\" Path=\"Microsoft-Windows-EventCollector/Operational\"><Select Path=\"Microsoft-Windows-EventCollector/Operational\">*[System[(Level=1 or Level=2 or Level=3)]]</Select></Query><Query Id=\"95\" Path=\"Microsoft-Windows-Forwarding/Operational\"><Select Path=\"Microsoft-Windows-Forwarding/Operational\">*[System[(Level=1 or Level=2 or Level=3)]]</Select></Query><Query Id=\"96\" Path=\"Security\"><Select Path=\"Security\">*[System[(EventID=4616)]]</Select></Query><Query Id=\"100\" Path=\"Security\"><Select Path=\"Security\">*[System[(EventID=4657)]] and ((*[EventData[Data[@Name=\"OperationType\"] = \"%%1904\"]]) or (*[EventData[Data[@Name=\"OperationType\"] = \"%%1905\"]]) or (*[EventData[Data[@Name=\"OperationType\"] = \"%%1906\"]]))</Select></Query><Query Id=\"101\" Path=\"Microsoft-Windows-DriverFrameworks-UserMode/Operational\"><Select Path=\"Microsoft-Windows-DriverFrameworks-UserMode/Operational\">*[System[(EventID=2003 or EventID=2004 or EventID=2006 or EventID=2010 or EventID=2100 or EventID=2101 or EventID=2105 or EventID=2106)]]</Select></Query><Query Id=\"102\" Path=\"Security\"><Select Path=\"Security\">*[System[(EventID=6416)]]</Select></Query><Query Id=\"103\" Path=\"Microsoft-Windows-TaskScheduler/Operational\"><Select Path=\"Microsoft-Windows-TaskScheduler/Operational\">*[System[Provider[@Name='Microsoft-Windows-TaskScheduler'] and (EventID=106 or EventID=141 or EventID=142 or EventID=107 or EventID=140 or EventID=100 or EventID=129 or EventID=200)]]</Select><Select Path=\"System\">*[System[Provider[@Name='Microsoft-Windows-TaskScheduler'] and (EventID=106 or EventID=141 or EventID=142 or EventID=107 or EventID=140 or EventID=100 or EventID=129 or EventID=200)]]</Select></Query><Query Id=\"104\" Path=\"Security\"><Select Path=\"Security\">*[System[(EventID='4698' or EventID='4699' or EventID='4700' or EventID='4701' or EventID='4702')]]</Select></Query><Query Id=\"105\" Path=\"System\"><Select Path=\"System\">*[System[Provider[@Name='Service Control Manager'] and EventID = 7000 and param2 != \"%%1053\"]]</Select><Select Path=\"System\">*[System[Provider[@Name='Service Control Manager'] and EventID = 7045]]</Select></Query><Query Id=\"110\" Path=\"Application\"><Select Path=\"Application\">*[System[Provider[@Name='Windows Error Reporting']]] and (*[EventData[Data[3] =\"APPCRASH\"]])</Select></Query><Query Id=\"111\" Path=\"Application\"><Select Path=\"Application\">*[System[Provider[@Name='Application Error'] and (EventID=1000)]]</Select><Select Path=\"Application\">*[System[Provider[@Name='Application Hang'] and (EventID=1002)]]</Select></Query><Query Id=\"130\" Path=\"Microsoft-Windows-PowerShell/Operational\"><Select Path=\"Microsoft-Windows-PowerShell/Operational\">*[System[(EventID=4103 or EventID=4104 or EventID=4105 or EventID=4106)]]</Select></Query><Query Id=\"131\" Path=\"Windows PowerShell\"><Select Path=\"Windows PowerShell\">*[System[(EventID=800)]]</Select></Query><Query Id=\"132\" Path=\"Microsoft-Windows-WinRM/Operational\"><Select Path=\"Microsoft-Windows-WinRM/Operational\">*[System[(Level=1 or Level=2 or Level=3)]]</Select></Query><Query Id=\"140\" Path=\"System\"><Select Path=\"System\">*[System[Provider[@Name='Microsoft-Windows-Kernel-General'] and (EventID=12)]]</Select></Query></QueryList>"},"OpenWEC":{"IpAddress":"10.202.0.93","TimeReceived":"2023-12-08T11:19:02.629576021+00:00","Principal":"MEEREEN$@ESSOS.LOCAL","Subscription":{"Uuid":"CB04741B-9072-4E2D-B769-3570FA020BBD","Version":"6E053E8A-FE0D-45A0-A863-C501EEDB4011","Name":"anssi-subscription"}}}
{"System":{"Provider":{"Name":"Microsoft-Windows-Security-Auditing","Guid":"{54849625-5478-4994-A5BA-3E3B0328C30D}"},"EventID":4624,"Version":2,"Level":0,"Task":12544,"Opcode":0,"Keywords":"0x8020000000000000","TimeCreated":"2023-12-08T11:19:04.150462200Z","EventRecordID":104587,"Correlation":{},"Execution":{"ProcessID":588,"ThreadID":1980},"Channel":"Security","Computer":"meereen.essos.local"},"EventData":{"KeyLength":"0","LogonType":"3","ProcessId":"0x0","RestrictedAdminMode":"-","LogonGuid":"{4DAE89EC-640B-593C-8935-87CC0FE7DECD}","ImpersonationLevel":"%%1833","ElevatedToken":"%%1842","WorkstationName":"-","SubjectUserSid":"S-1-0-0","TransmittedServices":"-","TargetUserName":"MEEREEN$","LmPackageName":"-","TargetOutboundUserName":"-","AuthenticationPackageName":"Kerberos","LogonProcessName":"Kerberos","SubjectDomainName":"-","TargetLogonId":"0x31b01f","ProcessName":"-","TargetOutboundDomainName":"-","SubjectLogonId":"0x0","TargetUserSid":"S-1-5-18","TargetDomainName":"ESSOS.LOCAL","SubjectUserName":"-","IpPort":"53165","VirtualAccount":"%%1843","TargetLinkedLogonId":"0x0","IpAddress":"::1"},"OpenWEC":{"IpAddress":"10.202.0.93","TimeReceived":"2023-12-08T11:19:35.285695907+00:00","Principal":"MEEREEN$@ESSOS.LOCAL","Subscription":{"Uuid":"CB04741B-9072-4E2D-B769-3570FA020BBD","Version":"6E053E8A-FE0D-45A0-A863-C501EEDB4011","Name":"anssi-subscription"}}}
{"System":{"Provider":{"Name":"Microsoft-Windows-Security-Auditing","Guid":"{54849625-5478-4994-A5BA-3E3B0328C30D}"},"EventID":4624,"Version":2,"Level":0,"Task":12544,"Opcode":0,"Keywords":"0x8020000000000000","TimeCreated":"2023-12-08T11:20:04.165204000Z","EventRecordID":104632,"Correlation":{},"Execution":{"ProcessID":588,"ThreadID":2248},"Channel":"Security","Computer":"meereen.essos.local"},"EventData":{"ProcessName":"-","AuthenticationPackageName":"Kerberos","TransmittedServices":"-","ImpersonationLevel":"%%1833","LogonType":"3","RestrictedAdminMode":"-","IpAddress":"::1","TargetOutboundDomainName":"-","ProcessId":"0x0","TargetLogonId":"0x322851","SubjectLogonId":"0x0","TargetUserSid":"S-1-5-18","VirtualAccount":"%%1843","TargetUserName":"MEEREEN$","TargetLinkedLogonId":"0x0","KeyLength":"0","TargetDomainName":"ESSOS.LOCAL","TargetOutboundUserName":"-","ElevatedToken":"%%1842","IpPort":"53197","LogonGuid":"{4DAE89EC-640B-593C-8935-87CC0FE7DECD}","SubjectUserSid":"S-1-0-0","WorkstationName":"-","LogonProcessName":"Kerberos","SubjectDomainName":"-","SubjectUserName":"-","LmPackageName":"-"},"OpenWEC":{"IpAddress":"10.202.0.93","TimeReceived":"2023-12-08T11:20:35.191676809+00:00","Principal":"MEEREEN$@ESSOS.LOCAL","Subscription":{"Uuid":"CB04741B-9072-4E2D-B769-3570FA020BBD","Version":"6E053E8A-FE0D-45A0-A863-C501EEDB4011","Name":"anssi-subscription"}}}
{"System":{"Provider":{"Name":"Microsoft-Windows-Security-Auditing","Guid":"{54849625-5478-4994-A5BA-3E3B0328C30D}"},"EventID":4624,"Version":2,"Level":0,"Task":12544,"Opcode":0,"Keywords":"0x8020000000000000","TimeCreated":"2023-12-08T11:21:04.180292800Z","EventRecordID":104713,"Correlation":{},"Execution":{"ProcessID":588,"ThreadID":1980},"Channel":"Security","Computer":"meereen.essos.local"},"EventData":{"TargetUserName":"MEEREEN$","SubjectUserSid":"S-1-0-0","ImpersonationLevel":"%%1833","WorkstationName":"-","VirtualAccount":"%%1843","LogonProcessName":"Kerberos","LmPackageName":"-","TargetDomainName":"ESSOS.LOCAL","ProcessId":"0x0","IpAddress":"::1","TargetLinkedLogonId":"0x0","ElevatedToken":"%%1842","SubjectDomainName":"-","SubjectLogonId":"0x0","TargetUserSid":"S-1-5-18","LogonGuid":"{4DAE89EC-640B-593C-8935-87CC0FE7DECD}","TargetOutboundDomainName":"-","ProcessName":"-","SubjectUserName":"-","TargetLogonId":"0x32a041","TransmittedServices":"-","IpPort":"53229","RestrictedAdminMode":"-","AuthenticationPackageName":"Kerberos","LogonType":"3","KeyLength":"0","TargetOutboundUserName":"-"},"OpenWEC":{"IpAddress":"10.202.0.93","TimeReceived":"2023-12-08T11:22:35.396262140+00:00","Principal":"MEEREEN$@ESSOS.LOCAL","Subscription":{"Uuid":"CB04741B-9072-4E2D-B769-3570FA020BBD","Version":"6E053E8A-FE0D-45A0-A863-C501EEDB4011","Name":"anssi-subscription"}}}
{"System":{"Provider":{"Name":"Microsoft-Windows-WinRM","Guid":"{A7975C8F-AC13-49F1-87DA-5A984A4AB417}"},"EventID":163,"Version":0,"Level":2,"Task":7,"Opcode":0,"Keywords":"0x400000000000000a","TimeCreated":"2023-12-08T11:21:35.336095800Z","EventRecordID":4907,"Correlation":{"ActivityID":"{833290A8-29FD-0001-DEA9-3283FD29DA01}"},"Execution":{"ProcessID":1100,"ThreadID":1588},"Channel":"Microsoft-Windows-WinRM/Operational","Computer":"meereen.essos.local","UserID":"S-1-5-20"},"EventData":{"authServer3":" ","authServer1":" ","authServer5":" ","authServer2":" ","authServer4":" ","authClient":"Kerberos"},"OpenWEC":{"IpAddress":"10.202.0.93","TimeReceived":"2023-12-08T11:22:35.458098748+00:00","Principal":"MEEREEN$@ESSOS.LOCAL","Subscription":{"Uuid":"CB04741B-9072-4E2D-B769-3570FA020BBD","Version":"6E053E8A-FE0D-45A0-A863-C501EEDB4011","Name":"anssi-subscription"}}}
{"System":{"Provider":{"Name":"Microsoft-Windows-Security-Auditing","Guid":"{54849625-5478-4994-A5BA-3E3B0328C30D}"},"EventID":4624,"Version":2,"Level":0,"Task":12544,"Opcode":0,"Keywords":"0x8020000000000000","TimeCreated":"2023-12-08T11:22:04.195766000Z","EventRecordID":104806,"Correlation":{},"Execution":{"ProcessID":588,"ThreadID":1980},"Channel":"Security","Computer":"meereen.essos.local"},"EventData":{"IpAddress":"::1","TargetOutboundDomainName":"-","TargetLogonId":"0x331a58","TargetUserName":"MEEREEN$","TargetUserSid":"S-1-5-18","WorkstationName":"-","LmPackageName":"-","KeyLength":"0","AuthenticationPackageName":"Kerberos","TargetDomainName":"ESSOS.LOCAL","SubjectLogonId":"0x0","ProcessId":"0x0","IpPort":"53259","LogonProcessName":"Kerberos","LogonGuid":"{4DAE89EC-640B-593C-8935-87CC0FE7DECD}","TransmittedServices":"-","SubjectUserName":"-","ProcessName":"-","SubjectUserSid":"S-1-0-0","ImpersonationLevel":"%%1833","RestrictedAdminMode":"-","SubjectDomainName":"-","TargetOutboundUserName":"-","VirtualAccount":"%%1843","TargetLinkedLogonId":"0x0","ElevatedToken":"%%1842","LogonType":"3"},"OpenWEC":{"IpAddress":"10.202.0.93","TimeReceived":"2023-12-08T11:22:35.458098748+00:00","Principal":"MEEREEN$@ESSOS.LOCAL","Subscription":{"Uuid":"CB04741B-9072-4E2D-B769-3570FA020BBD","Version":"6E053E8A-FE0D-45A0-A863-C501EEDB4011","Name":"anssi-subscription"}}}
{"System":{"Provider":{"Name":"Microsoft-Windows-Security-Auditing","Guid":"{54849625-5478-4994-A5BA-3E3B0328C30D}"},"EventID":4624,"Version":2,"Level":0,"Task":12544,"Opcode":0,"Keywords":"0x8020000000000000","TimeCreated":"2023-12-08T11:22:07.307790600Z","EventRecordID":104810,"Correlation":{},"Execution":{"ProcessID":588,"ThreadID":1980},"Channel":"Security","Computer":"meereen.essos.local"},"EventData":{"TargetLogonId":"0x332801","ElevatedToken":"%%1842","SubjectUserSid":"S-1-0-0","LogonGuid":"{6C3699F9-21BC-C044-F488-8345FDC7CD94}","WorkstationName":"-","AuthenticationPackageName":"Kerberos","SubjectDomainName":"-","ProcessName":"-","SubjectLogonId":"0x0","TransmittedServices":"-","LmPackageName":"-","KeyLength":"0","TargetUserSid":"S-1-5-18","ImpersonationLevel":"%%1833","TargetUserName":"MEEREEN$","TargetDomainName":"ESSOS.LOCAL","IpPort":"53260","LogonProcessName":"Kerberos","TargetOutboundUserName":"-","SubjectUserName":"-","RestrictedAdminMode":"-","IpAddress":"fe80::3076:9c8f:3acb:98de","TargetOutboundDomainName":"-","LogonType":"3","TargetLinkedLogonId":"0x0","ProcessId":"0x0","VirtualAccount":"%%1843"},"OpenWEC":{"IpAddress":"10.202.0.93","TimeReceived":"2023-12-08T11:22:35.458098748+00:00","Principal":"MEEREEN$@ESSOS.LOCAL","Subscription":{"Uuid":"CB04741B-9072-4E2D-B769-3570FA020BBD","Version":"6E053E8A-FE0D-45A0-A863-C501EEDB4011","Name":"anssi-subscription"}}}
{"System":{"Provider":{"Name":"Microsoft-Windows-Security-Auditing","Guid":"{54849625-5478-4994-A5BA-3E3B0328C30D}"},"EventID":4624,"Version":2,"Level":0,"Task":12544,"Opcode":0,"Keywords":"0x8020000000000000","TimeCreated":"2023-12-08T11:22:07.320550300Z","EventRecordID":104812,"Correlation":{"ActivityID":"{833290A8-29FD-0001-F190-3283FD29DA01}"},"Execution":{"ProcessID":588,"ThreadID":988},"Channel":"Security","Computer":"meereen.essos.local"},"EventData":{"ImpersonationLevel":"%%1833","RestrictedAdminMode":"-","TargetOutboundUserName":"-","TargetOutboundDomainName":"-","IpAddress":"::1","SubjectDomainName":"-","VirtualAccount":"%%1843","LogonGuid":"{6C3699F9-21BC-C044-F488-8345FDC7CD94}","TargetLinkedLogonId":"0x0","TargetUserName":"MEEREEN$","LogonType":"3","AuthenticationPackageName":"Kerberos","ProcessName":"-","ProcessId":"0x0","TargetUserSid":"S-1-5-18","SubjectUserName":"-","ElevatedToken":"%%1842","TargetLogonId":"0x3328e0","LogonProcessName":"Kerberos","SubjectUserSid":"S-1-0-0","TargetDomainName":"ESSOS.LOCAL","SubjectLogonId":"0x0","TransmittedServices":"-","WorkstationName":"-","LmPackageName":"-","KeyLength":"0","IpPort":"0"},"OpenWEC":{"IpAddress":"10.202.0.93","TimeReceived":"2023-12-08T11:22:35.458098748+00:00","Principal":"MEEREEN$@ESSOS.LOCAL","Subscription":{"Uuid":"CB04741B-9072-4E2D-B769-3570FA020BBD","Version":"6E053E8A-FE0D-45A0-A863-C501EEDB4011","Name":"anssi-subscription"}}}
{"System":{"Provider":{"Name":"Microsoft-Windows-Security-Auditing","Guid":"{54849625-5478-4994-A5BA-3E3B0328C30D}"},"EventID":4624,"Version":2,"Level":0,"Task":12544,"Opcode":0,"Keywords":"0x8020000000000000","TimeCreated":"2023-12-08T11:22:07.322492500Z","EventRecordID":104814,"Correlation":{},"Execution":{"ProcessID":588,"ThreadID":2248},"Channel":"Security","Computer":"meereen.essos.local"},"EventData":{"SubjectLogonId":"0x0","IpAddress":"10.202.0.93","TargetLogonId":"0x332923","TargetUserName":"MEEREEN$","LogonType":"3","LogonGuid":"{6C3699F9-21BC-C044-F488-8345FDC7CD94}","SubjectUserName":"-","SubjectDomainName":"-","AuthenticationPackageName":"Kerberos","TargetUserSid":"S-1-5-18","TransmittedServices":"-","KeyLength":"0","WorkstationName":"-","RestrictedAdminMode":"-","VirtualAccount":"%%1843","SubjectUserSid":"S-1-0-0","TargetDomainName":"ESSOS.LOCAL","ProcessName":"-","ProcessId":"0x0","ImpersonationLevel":"%%1833","TargetOutboundUserName":"-","TargetOutboundDomainName":"-","TargetLinkedLogonId":"0x0","ElevatedToken":"%%1842","LogonProcessName":"Kerberos","IpPort":"53261","LmPackageName":"-"},"OpenWEC":{"IpAddress":"10.202.0.93","TimeReceived":"2023-12-08T11:22:35.458098748+00:00","Principal":"MEEREEN$@ESSOS.LOCAL","Subscription":{"Uuid":"CB04741B-9072-4E2D-B769-3570FA020BBD","Version":"6E053E8A-FE0D-45A0-A863-C501EEDB4011","Name":"anssi-subscription"}}}
{"System":{"Provider":{"Name":"Microsoft-Windows-Security-Auditing","Guid":"{54849625-5478-4994-A5BA-3E3B0328C30D}"},"EventID":4624,"Version":2,"Level":0,"Task":12544,"Opcode":0,"Keywords":"0x8020000000000000","TimeCreated":"2023-12-08T11:22:07.418439900Z","EventRecordID":104816,"Correlation":{"ActivityID":"{833290A8-29FD-0001-F190-3283FD29DA01}"},"Execution":{"ProcessID":588,"ThreadID":988},"Channel":"Security","Computer":"meereen.essos.local"},"EventData":{"RestrictedAdminMode":"-","TargetUserName":"MEEREEN$","TargetLogonId":"0x332995","IpPort":"53262","TargetLinkedLogonId":"0x0","KeyLength":"0","ProcessName":"-","LogonGuid":"{6C3699F9-21BC-C044-F488-8345FDC7CD94}","ProcessId":"0x0","TargetDomainName":"ESSOS.LOCAL","TargetUserSid":"S-1-5-18","LogonType":"3","LogonProcessName":"Kerberos","SubjectLogonId":"0x0","TargetOutboundUserName":"-","TransmittedServices":"-","IpAddress":"fe80::3076:9c8f:3acb:98de","WorkstationName":"-","TargetOutboundDomainName":"-","VirtualAccount":"%%1843","ImpersonationLevel":"%%1840","SubjectUserSid":"S-1-0-0","AuthenticationPackageName":"Kerberos","ElevatedToken":"%%1842","SubjectDomainName":"-","SubjectUserName":"-","LmPackageName":"-"},"OpenWEC":{"IpAddress":"10.202.0.93","TimeReceived":"2023-12-08T11:22:35.458098748+00:00","Principal":"MEEREEN$@ESSOS.LOCAL","Subscription":{"Uuid":"CB04741B-9072-4E2D-B769-3570FA020BBD","Version":"6E053E8A-FE0D-45A0-A863-C501EEDB4011","Name":"anssi-subscription"}}}
{"System":{"Provider":{"Name":"Microsoft-Windows-Security-Auditing","Guid":"{54849625-5478-4994-A5BA-3E3B0328C30D}"},"EventID":5140,"Version":1,"Level":0,"Task":12808,"Opcode":0,"Keywords":"0x8020000000000000","TimeCreated":"2023-12-08T11:22:07.418713100Z","EventRecordID":104817,"Correlation":{},"Execution":{"ProcessID":4,"ThreadID":5236},"Channel":"Security","Computer":"meereen.essos.local"},"EventData":{"SubjectUserSid":"S-1-5-18","SubjectUserName":"MEEREEN$","ObjectType":"File","ShareLocalPath":"\\??\\C:\\Windows\\SYSVOL\\sysvol","AccessList":"%%4416\n\t\t\t\t","SubjectLogonId":"0x332995","ShareName":"\\\\*\\SYSVOL","IpAddress":"fe80::3076:9c8f:3acb:98de","IpPort":"53262","SubjectDomainName":"ESSOS","AccessMask":"0x1"},"OpenWEC":{"IpAddress":"10.202.0.93","TimeReceived":"2023-12-08T11:22:35.458098748+00:00","Principal":"MEEREEN$@ESSOS.LOCAL","Subscription":{"Uuid":"CB04741B-9072-4E2D-B769-3570FA020BBD","Version":"6E053E8A-FE0D-45A0-A863-C501EEDB4011","Name":"anssi-subscription"}}}
{"System":{"Provider":{"Name":"Microsoft-Windows-Security-Auditing","Guid":"{54849625-5478-4994-A5BA-3E3B0328C30D}"},"EventID":4624,"Version":2,"Level":0,"Task":12544,"Opcode":0,"Keywords":"0x8020000000000000","TimeCreated":"2023-12-08T11:22:12.477056100Z","EventRecordID":104827,"Correlation":{},"Execution":{"ProcessID":588,"ThreadID":2248},"Channel":"Security","Computer":"meereen.essos.local"},"EventData":{"AuthenticationPackageName":"Kerberos","SubjectUserName":"-","TargetLogonId":"0x33349a","ImpersonationLevel":"%%1833","WorkstationName":"-","ProcessId":"0x0","RestrictedAdminMode":"-","SubjectLogonId":"0x0","TransmittedServices":"-","ElevatedToken":"%%1842","LogonProcessName":"Kerberos","ProcessName":"-","LogonType":"3","KeyLength":"0","TargetOutboundDomainName":"-","SubjectDomainName":"-","VirtualAccount":"%%1843","SubjectUserSid":"S-1-0-0","TargetDomainName":"ESSOS.LOCAL","TargetUserName":"MEEREEN$","TargetUserSid":"S-1-5-18","IpAddress":"fe80::3076:9c8f:3acb:98de","IpPort":"53266","LmPackageName":"-","TargetOutboundUserName":"-","TargetLinkedLogonId":"0x0","LogonGuid":"{4DAE89EC-640B-593C-8935-87CC0FE7DECD}"},"OpenWEC":{"IpAddress":"10.202.0.93","TimeReceived":"2023-12-08T11:22:35.458098748+00:00","Principal":"MEEREEN$@ESSOS.LOCAL","Subscription":{"Uuid":"CB04741B-9072-4E2D-B769-3570FA020BBD","Version":"6E053E8A-FE0D-45A0-A863-C501EEDB4011","Name":"anssi-subscription"}}}
{"System":{"Provider":{"Name":"Microsoft-Windows-Security-Auditing","Guid":"{54849625-5478-4994-A5BA-3E3B0328C30D}"},"EventID":4624,"Version":2,"Level":0,"Task":12544,"Opcode":0,"Keywords":"0x8020000000000000","TimeCreated":"2023-12-08T11:22:12.481096700Z","EventRecordID":104830,"Correlation":{},"Execution":{"ProcessID":588,"ThreadID":1980},"Channel":"Security","Computer":"meereen.essos.local"},"EventData":{"LogonGuid":"{4DAE89EC-640B-593C-8935-87CC0FE7DECD}","RestrictedAdminMode":"-","SubjectUserSid":"S-1-0-0","VirtualAccount":"%%1843","ElevatedToken":"%%1842","TargetUserName":"MEEREEN$","AuthenticationPackageName":"Kerberos","ProcessId":"0x0","SubjectLogonId":"0x0","TargetUserSid":"S-1-5-18","TargetOutboundDomainName":"-","LogonProcessName":"Kerberos","WorkstationName":"-","TargetLogonId":"0x333503","ProcessName":"-","TargetDomainName":"ESSOS.LOCAL","TargetOutboundUserName":"-","SubjectUserName":"-","TargetLinkedLogonId":"0x0","IpPort":"53267","SubjectDomainName":"-","LogonType":"3","LmPackageName":"-","ImpersonationLevel":"%%1833","KeyLength":"0","IpAddress":"fe80::3076:9c8f:3acb:98de","TransmittedServices":"-"},"OpenWEC":{"IpAddress":"10.202.0.93","TimeReceived":"2023-12-08T11:22:35.458098748+00:00","Principal":"MEEREEN$@ESSOS.LOCAL","Subscription":{"Uuid":"CB04741B-9072-4E2D-B769-3570FA020BBD","Version":"6E053E8A-FE0D-45A0-A863-C501EEDB4011","Name":"anssi-subscription"}}}
{"System":{"Provider":{"Name":"Microsoft-Windows-Security-Auditing","Guid":"{54849625-5478-4994-A5BA-3E3B0328C30D}"},"EventID":4624,"Version":2,"Level":0,"Task":12544,"Opcode":0,"Keywords":"0x8020000000000000","TimeCreated":"2023-12-08T11:23:04.210616800Z","EventRecordID":104906,"Correlation":{},"Execution":{"ProcessID":588,"ThreadID":1980},"Channel":"Security","Computer":"meereen.essos.local"},"EventData":{"RestrictedAdminMode":"-","WorkstationName":"-","TargetOutboundUserName":"-","TargetOutboundDomainName":"-","TargetLinkedLogonId":"0x0","SubjectDomainName":"-","SubjectLogonId":"0x0","ElevatedToken":"%%1842","IpAddress":"::1","SubjectUserName":"-","SubjectUserSid":"S-1-0-0","ImpersonationLevel":"%%1833","AuthenticationPackageName":"Kerberos","ProcessName":"-","LmPackageName":"-","LogonGuid":"{4DAE89EC-640B-593C-8935-87CC0FE7DECD}","LogonType":"3","ProcessId":"0x0","VirtualAccount":"%%1843","TransmittedServices":"-","TargetDomainName":"ESSOS.LOCAL","KeyLength":"0","TargetUserSid":"S-1-5-18","IpPort":"53298","LogonProcessName":"Kerberos","TargetLogonId":"0x33a06c","TargetUserName":"MEEREEN$"},"OpenWEC":{"IpAddress":"10.202.0.93","TimeReceived":"2023-12-08T11:23:35.254413283+00:00","Principal":"MEEREEN$@ESSOS.LOCAL","Subscription":{"Uuid":"CB04741B-9072-4E2D-B769-3570FA020BBD","Version":"6E053E8A-FE0D-45A0-A863-C501EEDB4011","Name":"anssi-subscription"}}}
{"System":{"Provider":{"Name":"Microsoft-Windows-Security-Auditing","Guid":"{54849625-5478-4994-A5BA-3E3B0328C30D}"},"EventID":4624,"Version":2,"Level":0,"Task":12544,"Opcode":0,"Keywords":"0x8020000000000000","TimeCreated":"2023-12-08T11:24:04.225828000Z","EventRecordID":104933,"Correlation":{},"Execution":{"ProcessID":588,"ThreadID":1980},"Channel":"Security","Computer":"meereen.essos.local"},"EventData":{"TargetUserSid":"S-1-5-18","TargetOutboundUserName":"-","AuthenticationPackageName":"Kerberos","SubjectUserSid":"S-1-0-0","ProcessId":"0x0","LogonType":"3","LogonProcessName":"Kerberos","KeyLength":"0","TargetDomainName":"ESSOS.LOCAL","LogonGuid":"{4DAE89EC-640B-593C-8935-87CC0FE7DECD}","IpPort":"53328","TargetOutboundDomainName":"-","TargetLogonId":"0x3417cf","ProcessName":"-","ImpersonationLevel":"%%1833","TargetLinkedLogonId":"0x0","SubjectLogonId":"0x0","ElevatedToken":"%%1842","WorkstationName":"-","VirtualAccount":"%%1843","SubjectDomainName":"-","TargetUserName":"MEEREEN$","SubjectUserName":"-","LmPackageName":"-","IpAddress":"::1","TransmittedServices":"-","RestrictedAdminMode":"-"},"OpenWEC":{"IpAddress":"10.202.0.93","TimeReceived":"2023-12-08T11:24:35.286105998+00:00","Principal":"MEEREEN$@ESSOS.LOCAL","Subscription":{"Uuid":"CB04741B-9072-4E2D-B769-3570FA020BBD","Version":"6E053E8A-FE0D-45A0-A863-C501EEDB4011","Name":"anssi-subscription"}}}
{"System":{"Provider":{"Name":"Microsoft-Windows-Security-Auditing","Guid":"{54849625-5478-4994-A5BA-3E3B0328C30D}"},"EventID":4624,"Version":2,"Level":0,"Task":12544,"Opcode":0,"Keywords":"0x8020000000000000","TimeCreated":"2023-12-08T11:25:04.240997900Z","EventRecordID":105047,"Correlation":{},"Execution":{"ProcessID":588,"ThreadID":1980},"Channel":"Security","Computer":"meereen.essos.local"},"EventData":{"LmPackageName":"-","ProcessName":"-","AuthenticationPackageName":"Kerberos","KeyLength":"0","IpPort":"53357","TargetOutboundUserName":"-","ElevatedToken":"%%1842","VirtualAccount":"%%1843","TransmittedServices":"-","LogonType":"3","WorkstationName":"-","IpAddress":"::1","TargetOutboundDomainName":"-","TargetUserName":"MEEREEN$","TargetUserSid":"S-1-5-18","ProcessId":"0x0","RestrictedAdminMode":"-","TargetDomainName":"ESSOS.LOCAL","LogonProcessName":"Kerberos","TargetLinkedLogonId":"0x0","LogonGuid":"{4DAE89EC-640B-593C-8935-87CC0FE7DECD}","SubjectUserSid":"S-1-0-0","SubjectLogonId":"0x0","ImpersonationLevel":"%%1833","SubjectDomainName":"-","SubjectUserName":"-","TargetLogonId":"0x348f68"},"OpenWEC":{"IpAddress":"10.202.0.93","TimeReceived":"2023-12-08T11:25:35.300700405+00:00","Principal":"MEEREEN$@ESSOS.LOCAL","Subscription":{"Uuid":"CB04741B-9072-4E2D-B769-3570FA020BBD","Version":"6E053E8A-FE0D-45A0-A863-C501EEDB4011","Name":"anssi-subscription"}}}
{"System":{"Provider":{"Name":"Microsoft-Windows-TaskScheduler","Guid":"{DE7B24EA-73C8-4A09-985D-5BDADCFA9017}"},"EventID":107,"Version":0,"Level":4,"Task":107,"Opcode":0,"Keywords":"0x8000000000000000","TimeCreated":"2023-12-08T11:25:58.020843400Z","EventRecordID":4483,"Correlation":{"ActivityID":"{83DEBDCE-4B15-4258-9727-37A18228539F}"},"Execution":{"ProcessID":1016,"ThreadID":5820},"Channel":"Microsoft-Windows-TaskScheduler/Operational","Computer":"meereen.essos.local","UserID":"S-1-5-18"},"EventData":{"TaskName":"\\GoogleUpdateTaskMachineUA{E8794AD3-5DC4-47BC-AB3A-D97DF24F8916}","InstanceId":"{83DEBDCE-4B15-4258-9727-37A18228539F}"},"OpenWEC":{"IpAddress":"10.202.0.93","TimeReceived":"2023-12-08T11:26:29.051325353+00:00","Principal":"MEEREEN$@ESSOS.LOCAL","Subscription":{"Uuid":"CB04741B-9072-4E2D-B769-3570FA020BBD","Version":"6E053E8A-FE0D-45A0-A863-C501EEDB4011","Name":"anssi-subscription"}}}
{"System":{"Provider":{"Name":"Microsoft-Windows-TaskScheduler","Guid":"{DE7B24EA-73C8-4A09-985D-5BDADCFA9017}"},"EventID":129,"Version":0,"Level":4,"Task":129,"Opcode":0,"Keywords":"0x8000000000000000","TimeCreated":"2023-12-08T11:25:58.026018800Z","EventRecordID":4484,"Correlation":{},"Execution":{"ProcessID":1016,"ThreadID":5820},"Channel":"Microsoft-Windows-TaskScheduler/Operational","Computer":"meereen.essos.local","UserID":"S-1-5-18"},"EventData":{"TaskName":"\\GoogleUpdateTaskMachineUA{E8794AD3-5DC4-47BC-AB3A-D97DF24F8916}","Priority":"16384","ProcessID":"5948","Path":"C:\\Program Files (x86)\\Google\\Update\\GoogleUpdate.exe"},"OpenWEC":{"IpAddress":"10.202.0.93","TimeReceived":"2023-12-08T11:26:29.051325353+00:00","Principal":"MEEREEN$@ESSOS.LOCAL","Subscription":{"Uuid":"CB04741B-9072-4E2D-B769-3570FA020BBD","Version":"6E053E8A-FE0D-45A0-A863-C501EEDB4011","Name":"anssi-subscription"}}}
{"System":{"Provider":{"Name":"Microsoft-Windows-TaskScheduler","Guid":"{DE7B24EA-73C8-4A09-985D-5BDADCFA9017}"},"EventID":100,"Version":0,"Level":4,"Task":100,"Opcode":1,"Keywords":"0x8000000000000001","TimeCreated":"2023-12-08T11:25:58.026142900Z","EventRecordID":4485,"Correlation":{"ActivityID":"{83DEBDCE-4B15-4258-9727-37A18228539F}"},"Execution":{"ProcessID":1016,"ThreadID":5820},"Channel":"Microsoft-Windows-TaskScheduler/Operational","Computer":"meereen.essos.local","UserID":"S-1-5-18"},"EventData":{"InstanceId":"{83DEBDCE-4B15-4258-9727-37A18228539F}","TaskName":"\\GoogleUpdateTaskMachineUA{E8794AD3-5DC4-47BC-AB3A-D97DF24F8916}","UserContext":"NT AUTHORITY\\SYSTEM"},"OpenWEC":{"IpAddress":"10.202.0.93","TimeReceived":"2023-12-08T11:26:29.051325353+00:00","Principal":"MEEREEN$@ESSOS.LOCAL","Subscription":{"Uuid":"CB04741B-9072-4E2D-B769-3570FA020BBD","Version":"6E053E8A-FE0D-45A0-A863-C501EEDB4011","Name":"anssi-subscription"}}}
{"System":{"Provider":{"Name":"Microsoft-Windows-TaskScheduler","Guid":"{DE7B24EA-73C8-4A09-985D-5BDADCFA9017}"},"EventID":200,"Version":1,"Level":4,"Task":200,"Opcode":1,"Keywords":"0x8000000000000000","TimeCreated":"2023-12-08T11:25:58.026143600Z","EventRecordID":4486,"Correlation":{"ActivityID":"{83DEBDCE-4B15-4258-9727-37A18228539F}"},"Execution":{"ProcessID":1016,"ThreadID":5820},"Channel":"Microsoft-Windows-TaskScheduler/Operational","Computer":"meereen.essos.local","UserID":"S-1-5-18"},"EventData":{"ActionName":"C:\\Program Files (x86)\\Google\\Update\\GoogleUpdate.exe","TaskName":"\\GoogleUpdateTaskMachineUA{E8794AD3-5DC4-47BC-AB3A-D97DF24F8916}","TaskInstanceId":"{83DEBDCE-4B15-4258-9727-37A18228539F}","EnginePID":"5948"},"OpenWEC":{"IpAddress":"10.202.0.93","TimeReceived":"2023-12-08T11:26:29.051325353+00:00","Principal":"MEEREEN$@ESSOS.LOCAL","Subscription":{"Uuid":"CB04741B-9072-4E2D-B769-3570FA020BBD","Version":"6E053E8A-FE0D-45A0-A863-C501EEDB4011","Name":"anssi-subscription"}}}
{"System":{"Provider":{"Name":"Microsoft-Windows-Security-Auditing","Guid":"{54849625-5478-4994-A5BA-3E3B0328C30D}"},"EventID":4688,"Version":2,"Level":0,"Task":13312,"Opcode":0,"Keywords":"0x8020000000000000","TimeCreated":"2023-12-08T11:25:58.022011600Z","EventRecordID":105126,"Correlation":{},"Execution":{"ProcessID":4,"ThreadID":3184},"Channel":"Security","Computer":"meereen.essos.local"},"EventData":{"SubjectUserSid":"S-1-5-18","CommandLine":"","TargetUserSid":"S-1-0-0","MandatoryLabel":"S-1-16-16384","TokenElevationType":"%%1936","TargetLogonId":"0x0","TargetUserName":"-","ParentProcessName":"C:\\Windows\\System32\\svchost.exe","NewProcessName":"C:\\Program Files (x86)\\Google\\Update\\GoogleUpdate.exe","SubjectDomainName":"ESSOS","SubjectLogonId":"0x3e7","NewProcessId":"0x173c","SubjectUserName":"MEEREEN$","ProcessId":"0x3f8","TargetDomainName":"-"},"OpenWEC":{"IpAddress":"10.202.0.93","TimeReceived":"2023-12-08T11:26:29.051325353+00:00","Principal":"MEEREEN$@ESSOS.LOCAL","Subscription":{"Uuid":"CB04741B-9072-4E2D-B769-3570FA020BBD","Version":"6E053E8A-FE0D-45A0-A863-C501EEDB4011","Name":"anssi-subscription"}}}
{"System":{"Provider":{"Name":"Microsoft-Windows-Security-Auditing","Guid":"{54849625-5478-4994-A5BA-3E3B0328C30D}"},"EventID":4624,"Version":2,"Level":0,"Task":12544,"Opcode":0,"Keywords":"0x8020000000000000","TimeCreated":"2023-12-08T11:26:04.256917100Z","EventRecordID":105131,"Correlation":{},"Execution":{"ProcessID":588,"ThreadID":1980},"Channel":"Security","Computer":"meereen.essos.local"},"EventData":{"TargetOutboundUserName":"-","LmPackageName":"-","TargetUserName":"MEEREEN$","KeyLength":"0","TargetOutboundDomainName":"-","LogonGuid":"{4DAE89EC-640B-593C-8935-87CC0FE7DECD}","SubjectUserSid":"S-1-0-0","SubjectLogonId":"0x0","WorkstationName":"-","TransmittedServices":"-","AuthenticationPackageName":"Kerberos","SubjectDomainName":"-","TargetUserSid":"S-1-5-18","LogonType":"3","ProcessName":"-","IpAddress":"::1","IpPort":"53390","TargetDomainName":"ESSOS.LOCAL","ImpersonationLevel":"%%1833","SubjectUserName":"-","ProcessId":"0x0","RestrictedAdminMode":"-","VirtualAccount":"%%1843","TargetLinkedLogonId":"0x0","ElevatedToken":"%%1842","TargetLogonId":"0x350b25","LogonProcessName":"Kerberos"},"OpenWEC":{"IpAddress":"10.202.0.93","TimeReceived":"2023-12-08T11:26:29.051325353+00:00","Principal":"MEEREEN$@ESSOS.LOCAL","Subscription":{"Uuid":"CB04741B-9072-4E2D-B769-3570FA020BBD","Version":"6E053E8A-FE0D-45A0-A863-C501EEDB4011","Name":"anssi-subscription"}}}
{"System":{"Provider":{"Name":"Microsoft-Windows-Security-Auditing","Guid":"{54849625-5478-4994-A5BA-3E3B0328C30D}"},"EventID":4624,"Version":2,"Level":0,"Task":12544,"Opcode":0,"Keywords":"0x8020000000000000","TimeCreated":"2023-12-08T11:26:23.553785100Z","EventRecordID":105152,"Correlation":{"ActivityID":"{833290A8-29FD-0001-F190-3283FD29DA01}"},"Execution":{"ProcessID":588,"ThreadID":640},"Channel":"Security","Computer":"meereen.essos.local"},"EventData":{"SubjectUserName":"-","WorkstationName":"-","RestrictedAdminMode":"-","VirtualAccount":"%%1843","IpAddress":"fe80::3076:9c8f:3acb:98de","LogonType":"3","ProcessName":"-","TargetLinkedLogonId":"0x0","ElevatedToken":"%%1842","TargetLogonId":"0x353284","LogonProcessName":"Kerberos","SubjectUserSid":"S-1-0-0","SubjectLogonId":"0x0","TargetOutboundUserName":"-","TargetDomainName":"ESSOS.LOCAL","TargetOutboundDomainName":"-","IpPort":"53400","TransmittedServices":"-","TargetUserName":"MEEREEN$","ProcessId":"0x0","ImpersonationLevel":"%%1840","AuthenticationPackageName":"Kerberos","LogonGuid":"{3AAC347E-688E-87C2-7236-4CC07166564B}","LmPackageName":"-","SubjectDomainName":"-","KeyLength":"0","TargetUserSid":"S-1-5-18"},"OpenWEC":{"IpAddress":"10.202.0.93","TimeReceived":"2023-12-08T11:26:29.051325353+00:00","Principal":"MEEREEN$@ESSOS.LOCAL","Subscription":{"Uuid":"CB04741B-9072-4E2D-B769-3570FA020BBD","Version":"6E053E8A-FE0D-45A0-A863-C501EEDB4011","Name":"anssi-subscription"}}}
{"System":{"Provider":{"Name":"Microsoft-Windows-Security-Auditing","Guid":"{54849625-5478-4994-A5BA-3E3B0328C30D}"},"EventID":5140,"Version":1,"Level":0,"Task":12808,"Opcode":0,"Keywords":"0x8020000000000000","TimeCreated":"2023-12-08T11:26:23.554823900Z","EventRecordID":105154,"Correlation":{},"Execution":{"ProcessID":4,"ThreadID":5900},"Channel":"Security","Computer":"meereen.essos.local"},"EventData":{"SubjectDomainName":"ESSOS","AccessMask":"0x1","ObjectType":"File","SubjectLogonId":"0x353284","SubjectUserName":"MEEREEN$","IpAddress":"fe80::3076:9c8f:3acb:98de","SubjectUserSid":"S-1-5-18","IpPort":"53400","ShareName":"\\\\*\\SYSVOL","ShareLocalPath":"\\??\\C:\\Windows\\SYSVOL\\sysvol","AccessList":"%%4416\n\t\t\t\t"},"OpenWEC":{"IpAddress":"10.202.0.93","TimeReceived":"2023-12-08T11:26:29.051325353+00:00","Principal":"MEEREEN$@ESSOS.LOCAL","Subscription":{"Uuid":"CB04741B-9072-4E2D-B769-3570FA020BBD","Version":"6E053E8A-FE0D-45A0-A863-C501EEDB4011","Name":"anssi-subscription"}}}
{"System":{"Provider":{"Name":"Microsoft-Windows-Security-Auditing","Guid":"{54849625-5478-4994-A5BA-3E3B0328C30D}"},"EventID":4688,"Version":2,"Level":0,"Task":13312,"Opcode":0,"Keywords":"0x8020000000000000","TimeCreated":"2023-12-08T11:26:39.133884900Z","EventRecordID":105166,"Correlation":{},"Execution":{"ProcessID":4,"ThreadID":4300},"Channel":"Security","Computer":"meereen.essos.local"},"EventData":{"NewProcessName":"C:\\Windows\\System32\\sppsvc.exe","TargetUserName":"MEEREEN$","TargetLogonId":"0x3e4","SubjectLogonId":"0x3e7","SubjectUserName":"MEEREEN$","CommandLine":"","TargetDomainName":"ESSOS","TargetUserSid":"S-1-0-0","ParentProcessName":"C:\\Windows\\System32\\services.exe","SubjectUserSid":"S-1-5-18","NewProcessId":"0x168c","TokenElevationType":"%%1936","SubjectDomainName":"ESSOS","MandatoryLabel":"S-1-16-16384","ProcessId":"0x244"},"OpenWEC":{"IpAddress":"10.202.0.93","TimeReceived":"2023-12-08T11:27:10.160794786+00:00","Principal":"MEEREEN$@ESSOS.LOCAL","Subscription":{"Uuid":"CB04741B-9072-4E2D-B769-3570FA020BBD","Version":"6E053E8A-FE0D-45A0-A863-C501EEDB4011","Name":"anssi-subscription"}}}
{"System":{"Provider":{"Name":"Microsoft-Windows-Security-Auditing","Guid":"{54849625-5478-4994-A5BA-3E3B0328C30D}"},"EventID":4624,"Version":2,"Level":0,"Task":12544,"Opcode":0,"Keywords":"0x8020000000000000","TimeCreated":"2023-12-08T11:27:04.271415000Z","EventRecordID":105199,"Correlation":{},"Execution":{"ProcessID":588,"ThreadID":2248},"Channel":"Security","Computer":"meereen.essos.local"},"EventData":{"IpAddress":"::1","TargetDomainName":"ESSOS.LOCAL","TargetLogonId":"0x358c92","ImpersonationLevel":"%%1833","RestrictedAdminMode":"-","LogonProcessName":"Kerberos","ProcessId":"0x0","LogonGuid":"{4DAE89EC-640B-593C-8935-87CC0FE7DECD}","LogonType":"3","IpPort":"53421","TargetOutboundUserName":"-","TargetOutboundDomainName":"-","VirtualAccount":"%%1843","SubjectLogonId":"0x0","TransmittedServices":"-","SubjectUserName":"-","TargetUserSid":"S-1-5-18","SubjectDomainName":"-","WorkstationName":"-","AuthenticationPackageName":"Kerberos","LmPackageName":"-","ProcessName":"-","TargetLinkedLogonId":"0x0","ElevatedToken":"%%1842","TargetUserName":"MEEREEN$","SubjectUserSid":"S-1-0-0","KeyLength":"0"},"OpenWEC":{"IpAddress":"10.202.0.93","TimeReceived":"2023-12-08T11:27:10.160794786+00:00","Principal":"MEEREEN$@ESSOS.LOCAL","Subscription":{"Uuid":"CB04741B-9072-4E2D-B769-3570FA020BBD","Version":"6E053E8A-FE0D-45A0-A863-C501EEDB4011","Name":"anssi-subscription"}}}
{"System":{"Provider":{"Name":"Microsoft-Windows-Security-Auditing","Guid":"{54849625-5478-4994-A5BA-3E3B0328C30D}"},"EventID":4624,"Version":2,"Level":0,"Task":12544,"Opcode":0,"Keywords":"0x8020000000000000","TimeCreated":"2023-12-08T11:27:07.445914000Z","EventRecordID":105203,"Correlation":{},"Execution":{"ProcessID":588,"ThreadID":2248},"Channel":"Security","Computer":"meereen.essos.local"},"EventData":{"SubjectUserName":"-","ProcessName":"-","LogonType":"3","LogonProcessName":"Kerberos","AuthenticationPackageName":"Kerberos","TargetLinkedLogonId":"0x0","SubjectLogonId":"0x0","IpPort":"53424","TargetOutboundUserName":"-","VirtualAccount":"%%1843","TransmittedServices":"-","SubjectDomainName":"-","RestrictedAdminMode":"-","TargetDomainName":"ESSOS.LOCAL","SubjectUserSid":"S-1-0-0","WorkstationName":"-","TargetLogonId":"0x359d20","LogonGuid":"{6C3699F9-21BC-C044-F488-8345FDC7CD94}","IpAddress":"fe80::3076:9c8f:3acb:98de","TargetUserSid":"S-1-5-18","ImpersonationLevel":"%%1833","TargetOutboundDomainName":"-","KeyLength":"0","ElevatedToken":"%%1842","LmPackageName":"-","ProcessId":"0x0","TargetUserName":"MEEREEN$"},"OpenWEC":{"IpAddress":"10.202.0.93","TimeReceived":"2023-12-08T11:27:10.160794786+00:00","Principal":"MEEREEN$@ESSOS.LOCAL","Subscription":{"Uuid":"CB04741B-9072-4E2D-B769-3570FA020BBD","Version":"6E053E8A-FE0D-45A0-A863-C501EEDB4011","Name":"anssi-subscription"}}}
{"System":{"Provider":{"Name":"Microsoft-Windows-Security-Auditing","Guid":"{54849625-5478-4994-A5BA-3E3B0328C30D}"},"EventID":4624,"Version":2,"Level":0,"Task":12544,"Opcode":0,"Keywords":"0x8020000000000000","TimeCreated":"2023-12-08T11:27:07.458827200Z","EventRecordID":105205,"Correlation":{"ActivityID":"{833290A8-29FD-0001-F190-3283FD29DA01}"},"Execution":{"ProcessID":588,"ThreadID":640},"Channel":"Security","Computer":"meereen.essos.local"},"EventData":{"ImpersonationLevel":"%%1833","TargetLinkedLogonId":"0x0","ElevatedToken":"%%1842","AuthenticationPackageName":"Kerberos","LogonProcessName":"Kerberos","TargetOutboundUserName":"-","SubjectUserSid":"S-1-0-0","SubjectLogonId":"0x0","WorkstationName":"-","TransmittedServices":"-","TargetUserSid":"S-1-5-18","LogonType":"3","LmPackageName":"-","TargetUserName":"MEEREEN$","KeyLength":"0","ProcessId":"0x0","LogonGuid":"{6C3699F9-21BC-C044-F488-8345FDC7CD94}","SubjectDomainName":"-","TargetLogonId":"0x359dff","ProcessName":"-","IpAddress":"::1","TargetDomainName":"ESSOS.LOCAL","IpPort":"0","SubjectUserName":"-","RestrictedAdminMode":"-","VirtualAccount":"%%1843","TargetOutboundDomainName":"-"},"OpenWEC":{"IpAddress":"10.202.0.93","TimeReceived":"2023-12-08T11:27:10.160794786+00:00","Principal":"MEEREEN$@ESSOS.LOCAL","Subscription":{"Uuid":"CB04741B-9072-4E2D-B769-3570FA020BBD","Version":"6E053E8A-FE0D-45A0-A863-C501EEDB4011","Name":"anssi-subscription"}}}
{"System":{"Provider":{"Name":"Microsoft-Windows-Security-Auditing","Guid":"{54849625-5478-4994-A5BA-3E3B0328C30D}"},"EventID":4624,"Version":2,"Level":0,"Task":12544,"Opcode":0,"Keywords":"0x8020000000000000","TimeCreated":"2023-12-08T11:27:07.460658000Z","EventRecordID":105207,"Correlation":{},"Execution":{"ProcessID":588,"ThreadID":2248},"Channel":"Security","Computer":"meereen.essos.local"},"EventData":{"TargetLinkedLogonId":"0x0","TargetDomainName":"ESSOS.LOCAL","SubjectUserSid":"S-1-0-0","SubjectDomainName":"-","LmPackageName":"-","ProcessId":"0x0","AuthenticationPackageName":"Kerberos","ProcessName":"-","TargetOutboundUserName":"-","IpPort":"53425","IpAddress":"10.202.0.93","TargetOutboundDomainName":"-","TransmittedServices":"-","ElevatedToken":"%%1842","LogonGuid":"{6C3699F9-21BC-C044-F488-8345FDC7CD94}","ImpersonationLevel":"%%1833","SubjectLogonId":"0x0","WorkstationName":"-","RestrictedAdminMode":"-","TargetUserName":"MEEREEN$","SubjectUserName":"-","TargetUserSid":"S-1-5-18","TargetLogonId":"0x359e42","LogonProcessName":"Kerberos","LogonType":"3","KeyLength":"0","VirtualAccount":"%%1843"},"OpenWEC":{"IpAddress":"10.202.0.93","TimeReceived":"2023-12-08T11:27:10.160794786+00:00","Principal":"MEEREEN$@ESSOS.LOCAL","Subscription":{"Uuid":"CB04741B-9072-4E2D-B769-3570FA020BBD","Version":"6E053E8A-FE0D-45A0-A863-C501EEDB4011","Name":"anssi-subscription"}}}
{"System":{"Provider":{"Name":"Microsoft-Windows-Security-Auditing","Guid":"{54849625-5478-4994-A5BA-3E3B0328C30D}"},"EventID":4624,"Version":2,"Level":0,"Task":12544,"Opcode":0,"Keywords":"0x8020000000000000","TimeCreated":"2023-12-08T11:27:07.571324200Z","EventRecordID":105209,"Correlation":{"ActivityID":"{833290A8-29FD-0001-F190-3283FD29DA01}"},"Execution":{"ProcessID":588,"ThreadID":628},"Channel":"Security","Computer":"meereen.essos.local"},"EventData":{"TargetOutboundDomainName":"-","LmPackageName":"-","SubjectLogonId":"0x0","RestrictedAdminMode":"-","VirtualAccount":"%%1843","ProcessName":"-","TargetUserName":"MEEREEN$","ProcessId":"0x0","ImpersonationLevel":"%%1840","ElevatedToken":"%%1842","LogonGuid":"{6C3699F9-21BC-C044-F488-8345FDC7CD94}","LogonType":"3","TargetDomainName":"ESSOS.LOCAL","AuthenticationPackageName":"Kerberos","IpAddress":"fe80::3076:9c8f:3acb:98de","TargetLinkedLogonId":"0x0","SubjectUserSid":"S-1-0-0","SubjectDomainName":"-","TargetLogonId":"0x359f9e","KeyLength":"0","TargetOutboundUserName":"-","WorkstationName":"-","TransmittedServices":"-","SubjectUserName":"-","TargetUserSid":"S-1-5-18","LogonProcessName":"Kerberos","IpPort":"53426"},"OpenWEC":{"IpAddress":"10.202.0.93","TimeReceived":"2023-12-08T11:27:10.160794786+00:00","Principal":"MEEREEN$@ESSOS.LOCAL","Subscription":{"Uuid":"CB04741B-9072-4E2D-B769-3570FA020BBD","Version":"6E053E8A-FE0D-45A0-A863-C501EEDB4011","Name":"anssi-subscription"}}}
{"System":{"Provider":{"Name":"Microsoft-Windows-Security-Auditing","Guid":"{54849625-5478-4994-A5BA-3E3B0328C30D}"},"EventID":5140,"Version":1,"Level":0,"Task":12808,"Opcode":0,"Keywords":"0x8020000000000000","TimeCreated":"2023-12-08T11:27:07.571616500Z","EventRecordID":105210,"Correlation":{},"Execution":{"ProcessID":4,"ThreadID":5364},"Channel":"Security","Computer":"meereen.essos.local"},"EventData":{"SubjectLogonId":"0x359f9e","SubjectDomainName":"ESSOS","IpPort":"53426","ShareName":"\\\\*\\SYSVOL","ShareLocalPath":"\\??\\C:\\Windows\\SYSVOL\\sysvol","AccessMask":"0x1","SubjectUserSid":"S-1-5-18","ObjectType":"File","AccessList":"%%4416\n\t\t\t\t","IpAddress":"fe80::3076:9c8f:3acb:98de","SubjectUserName":"MEEREEN$"},"OpenWEC":{"IpAddress":"10.202.0.93","TimeReceived":"2023-12-08T11:27:10.160794786+00:00","Principal":"MEEREEN$@ESSOS.LOCAL","Subscription":{"Uuid":"CB04741B-9072-4E2D-B769-3570FA020BBD","Version":"6E053E8A-FE0D-45A0-A863-C501EEDB4011","Name":"anssi-subscription"}}}
