{"System":{"Provider":{"Name":"Microsoft-Windows-Security-Auditing","Guid":"{54849625-5478-4994-A5BA-3E3B0328C30D}"},"EventID":4702,"Version":0,"Level":0,"Task":12804,"Opcode":0,"Keywords":"0x8020000000000000","TimeCreated":"2023-12-08T11:27:09.502418000Z","EventRecordID":105218,"Correlation":{"ActivityID":"{833290A8-29FD-0001-F190-3283FD29DA01}"},"Execution":{"ProcessID":588,"ThreadID":896},"Channel":"Security","Computer":"meereen.essos.local"},"EventData":{"SubjectUserSid":"S-1-5-20","SubjectUserName":"MEEREEN$","SubjectDomainName":"ESSOS","TaskName":"\\Microsoft\\Windows\\SoftwareProtectionPlatform\\SvcRestartTask","TaskContentNew":"<?xml version=\"1.0\" encoding=\"UTF-16\"?>\n<Task version=\"1.5\" xmlns=\"http://schemas.microsoft.com/windows/2004/02/mit/task\">\n  <RegistrationInfo>\n    <Source>$(@%systemroot%\\system32\\sppc.dll,-200)</Source>\n    <Author>$(@%systemroot%\\system32\\sppc.dll,-200)</Author>\n    <Version>1.0</Version>\n    <Description>$(@%systemroot%\\system32\\sppc.dll,-201)</Description>\n    <URI>\\Microsoft\\Windows\\SoftwareProtectionPlatform\\SvcRestartTask</URI>\n    <SecurityDescriptor>D:P(A;;FA;;;SY)(A;;FA;;;BA)(A;;FA;;;S-1-5-80-123231216-2592883651-3715271367-3753151631-4175906628)(A;;FR;;;S-1-5-87-2912274048-3994893941-1669128114-1310430903-1263774323)</SecurityDescriptor>\n  </RegistrationInfo>\n  <Triggers>\n    <CalendarTrigger>\n      <StartBoundary>2023-12-09T11:26:09Z</StartBoundary>\n      <Enabled>true</Enabled>\n      <ScheduleByDay>\n        <DaysInterval>1</DaysInterval>\n      </ScheduleByDay>\n    </CalendarTrigger>\n  </Triggers>\n  <Principals>\n    <Principal id=\"NetworkService\">\n      <UserId>S-1-5-20</UserId>\n      <RunLevel>LeastPrivilege</RunLevel>\n    </Principal>\n  </Principals>\n  <Settings>\n    <MultipleInstancesPolicy>IgnoreNew</MultipleInstancesPolicy>\n    <DisallowStartIfOnBatteries>false</DisallowStartIfOnBatteries>\n    <StopIfGoingOnBatteries>false</StopIfGoingOnBatteries>\n    <AllowHardTerminate>false</AllowHardTerminate>\n    <StartWhenAvailable>true</StartWhenAvailable>\n    <RunOnlyIfNetworkAvailable>false</RunOnlyIfNetworkAvailable>\n    <IdleSettings>\n      <StopOnIdleEnd>true</StopOnIdleEnd>\n      <RestartOnIdle>false</RestartOnIdle>\n    </IdleSettings>\n    <AllowStartOnDemand>true</AllowStartOnDemand>\n    <Enabled>true</Enabled>\n    <Hidden>true</Hidden>\n    <RunOnlyIfIdle>false</RunOnlyIfIdle>\n    <DisallowStartOnRemoteAppSession>false</DisallowStartOnRemoteAppSession>\n    <UseUnifiedSchedulingEngine>true</UseUnifiedSchedulingEngine>\n    <WakeToRun>false</WakeToRun>\n    <ExecutionTimeLimit>PT0S</ExecutionTimeLimit>\n    <Priority>7</Priority>\n    <RestartOnFailure>\n      <Interval>PT1M</Interval>\n      <Count>3</Count>\n    </RestartOnFailure>\n  </Settings>\n  <Actions Context=\"NetworkService\">\n    <ComHandler>\n      <ClassId>{B1AEBB5D-EAD9-4476-B375-9C3ED9F32AFC}</ClassId>\n      <Data><![CDATA[timer]]></Data>\n    </ComHandler>\n  </Actions>\n</Task>","SubjectLogonId":"0x3e4"},"OpenWEC":{"IpAddress":"10.202.0.93","TimeReceived":"2023-12-08T11:27:40.520087852+00:00","Principal":"MEEREEN$@ESSOS.LOCAL","Subscription":{"Uuid":"CB04741B-9072-4E2D-B769-3570FA020BBD","Version":"6E053E8A-FE0D-45A0-A863-C501EEDB4011","Name":"anssi-subscription"}}}
{"System":{"Provider":{"Name":"Microsoft-Windows-TaskScheduler","Guid":"{DE7B24EA-73C8-4A09-985D-5BDADCFA9017}"},"EventID":140,"Version":0,"Level":4,"Task":140,"Opcode":0,"Keywords":"0x8000000000000000","TimeCreated":"2023-12-08T11:27:09.502317200Z","EventRecordID":4489,"Correlation":{},"Execution":{"ProcessID":1016,"ThreadID":2580},"Channel":"Microsoft-Windows-TaskScheduler/Operational","Computer":"meereen.essos.local","UserID":"S-1-5-18"},"EventData":{"TaskName":"\\Microsoft\\Windows\\SoftwareProtectionPlatform\\SvcRestartTask","UserName":"ESSOS\\MEEREEN$"},"OpenWEC":{"IpAddress":"10.202.0.93","TimeReceived":"2023-12-08T11:27:40.520087852+00:00","Principal":"MEEREEN$@ESSOS.LOCAL","Subscription":{"Uuid":"CB04741B-9072-4E2D-B769-3570FA020BBD","Version":"6E053E8A-FE0D-45A0-A863-C501EEDB4011","Name":"anssi-subscription"}}}
{"System":{"Provider":{"Name":"Microsoft-Windows-Security-Auditing","Guid":"{54849625-5478-4994-A5BA-3E3B0328C30D}"},"EventID":4624,"Version":2,"Level":0,"Task":12544,"Opcode":0,"Keywords":"0x8020000000000000","TimeCreated":"2023-12-08T11:27:13.194466600Z","EventRecordID":105245,"Correlation":{},"Execution":{"ProcessID":588,"ThreadID":2248},"Channel":"Security","Computer":"meereen.essos.local"},"EventData":{"LmPackageName":"-","ProcessId":"0x0","TargetOutboundUserName":"-","TargetLogonId":"0x35acfa","TargetUserSid":"S-1-5-18","SubjectDomainName":"-","LogonProcessName":"Kerberos","LogonGuid":"{4DAE89EC-640B-593C-8935-87CC0FE7DECD}","IpAddress":"fe80::3076:9c8f:3acb:98de","TargetUserName":"MEEREEN$","TargetDomainName":"ESSOS.LOCAL","VirtualAccount":"%%1843","SubjectUserSid":"S-1-0-0","LogonType":"3","ProcessName":"-","TargetLinkedLogonId":"0x0","ImpersonationLevel":"%%1833","RestrictedAdminMode":"-","KeyLength":"0","ElevatedToken":"%%1842","IpPort":"53430","AuthenticationPackageName":"Kerberos","TargetOutboundDomainName":"-","WorkstationName":"-","SubjectLogonId":"0x0","SubjectUserName":"-","TransmittedServices":"-"},"OpenWEC":{"IpAddress":"10.202.0.93","TimeReceived":"2023-12-08T11:27:40.520087852+00:00","Principal":"MEEREEN$@ESSOS.LOCAL","Subscription":{"Uuid":"CB04741B-9072-4E2D-B769-3570FA020BBD","Version":"6E053E8A-FE0D-45A0-A863-C501EEDB4011","Name":"anssi-subscription"}}}
{"System":{"Provider":{"Name":"Microsoft-Windows-Security-Auditing","Guid":"{54849625-5478-4994-A5BA-3E3B0328C30D}"},"EventID":4624,"Version":2,"Level":0,"Task":12544,"Opcode":0,"Keywords":"0x8020000000000000","TimeCreated":"2023-12-08T11:27:13.198947600Z","EventRecordID":105248,"Correlation":{},"Execution":{"ProcessID":588,"ThreadID":1980},"Channel":"Security","Computer":"meereen.essos.local"},"EventData":{"SubjectUserName":"-","LogonType":"3","AuthenticationPackageName":"Kerberos","WorkstationName":"-","LogonGuid":"{4DAE89EC-640B-593C-8935-87CC0FE7DECD}","IpPort":"53431","ElevatedToken":"%%1842","ProcessName":"-","SubjectLogonId":"0x0","LmPackageName":"-","TransmittedServices":"-","KeyLength":"0","SubjectUserSid":"S-1-0-0","TargetUserName":"MEEREEN$","ImpersonationLevel":"%%1833","RestrictedAdminMode":"-","TargetOutboundDomainName":"-","TargetOutboundUserName":"-","VirtualAccount":"%%1843","TargetUserSid":"S-1-5-18","TargetLogonId":"0x35ad63","ProcessId":"0x0","TargetLinkedLogonId":"0x0","TargetDomainName":"ESSOS.LOCAL","SubjectDomainName":"-","LogonProcessName":"Kerberos","IpAddress":"fe80::3076:9c8f:3acb:98de"},"OpenWEC":{"IpAddress":"10.202.0.93","TimeReceived":"2023-12-08T11:27:40.520087852+00:00","Principal":"MEEREEN$@ESSOS.LOCAL","Subscription":{"Uuid":"CB04741B-9072-4E2D-B769-3570FA020BBD","Version":"6E053E8A-FE0D-45A0-A863-C501EEDB4011","Name":"anssi-subscription"}}}
{"System":{"Provider":{"Name":"Microsoft-Windows-Security-Auditing","Guid":"{54849625-5478-4994-A5BA-3E3B0328C30D}"},"EventID":4624,"Version":2,"Level":0,"Task":12544,"Opcode":0,"Keywords":"0x8020000000000000","TimeCreated":"2023-12-08T11:28:04.286399700Z","EventRecordID":105264,"Correlation":{},"Execution":{"ProcessID":588,"ThreadID":1980},"Channel":"Security","Computer":"meereen.essos.local"},"EventData":{"TargetUserSid":"S-1-5-18","IpPort":"53456","ProcessId":"0x0","SubjectLogonId":"0x0","TargetOutboundUserName":"-","ElevatedToken":"%%1842","AuthenticationPackageName":"Kerberos","TransmittedServices":"-","TargetDomainName":"ESSOS.LOCAL","LogonType":"3","LogonProcessName":"Kerberos","SubjectUserSid":"S-1-0-0","SubjectUserName":"-","LmPackageName":"-","TargetOutboundDomainName":"-","WorkstationName":"-","ProcessName":"-","VirtualAccount":"%%1843","TargetLogonId":"0x361349","LogonGuid":"{4DAE89EC-640B-593C-8935-87CC0FE7DECD}","TargetUserName":"MEEREEN$","KeyLength":"0","TargetLinkedLogonId":"0x0","IpAddress":"::1","ImpersonationLevel":"%%1833","SubjectDomainName":"-","RestrictedAdminMode":"-"},"OpenWEC":{"IpAddress":"10.202.0.93","TimeReceived":"2023-12-08T11:28:35.411327786+00:00","Principal":"MEEREEN$@ESSOS.LOCAL","Subscription":{"Uuid":"CB04741B-9072-4E2D-B769-3570FA020BBD","Version":"6E053E8A-FE0D-45A0-A863-C501EEDB4011","Name":"anssi-subscription"}}}
{"System":{"Provider":{"Name":"Microsoft-Windows-Security-Auditing","Guid":"{54849625-5478-4994-A5BA-3E3B0328C30D}"},"EventID":4624,"Version":2,"Level":0,"Task":12544,"Opcode":0,"Keywords":"0x8020000000000000","TimeCreated":"2023-12-08T11:29:04.286456900Z","EventRecordID":105378,"Correlation":{},"Execution":{"ProcessID":588,"ThreadID":1980},"Channel":"Security","Computer":"meereen.essos.local"},"EventData":{"IpPort":"53487","TransmittedServices":"-","TargetOutboundDomainName":"-","LmPackageName":"-","SubjectLogonId":"0x0","LogonGuid":"{4DAE89EC-640B-593C-8935-87CC0FE7DECD}","ProcessName":"-","SubjectDomainName":"-","SubjectUserSid":"S-1-0-0","LogonType":"3","KeyLength":"0","TargetLogonId":"0x368c27","RestrictedAdminMode":"-","TargetUserSid":"S-1-5-18","TargetUserName":"MEEREEN$","LogonProcessName":"Kerberos","TargetDomainName":"ESSOS.LOCAL","ProcessId":"0x0","TargetLinkedLogonId":"0x0","ElevatedToken":"%%1842","VirtualAccount":"%%1843","AuthenticationPackageName":"Kerberos","SubjectUserName":"-","IpAddress":"::1","WorkstationName":"-","ImpersonationLevel":"%%1833","TargetOutboundUserName":"-"},"OpenWEC":{"IpAddress":"10.202.0.93","TimeReceived":"2023-12-08T11:29:35.332312739+00:00","Principal":"MEEREEN$@ESSOS.LOCAL","Subscription":{"Uuid":"CB04741B-9072-4E2D-B769-3570FA020BBD","Version":"6E053E8A-FE0D-45A0-A863-C501EEDB4011","Name":"anssi-subscription"}}}
{"System":{"Provider":{"Name":"Microsoft-Windows-Security-Auditing","Guid":"{54849625-5478-4994-A5BA-3E3B0328C30D}"},"EventID":4624,"Version":2,"Level":0,"Task":12544,"Opcode":0,"Keywords":"0x8020000000000000","TimeCreated":"2023-12-08T11:30:04.302807400Z","EventRecordID":105400,"Correlation":{},"Execution":{"ProcessID":588,"ThreadID":1980},"Channel":"Security","Computer":"meereen.essos.local"},"EventData":{"AuthenticationPackageName":"Kerberos","TargetUserName":"MEEREEN$","ProcessId":"0x0","SubjectDomainName":"-","LogonProcessName":"Kerberos","WorkstationName":"-","LmPackageName":"-","IpAddress":"::1","IpPort":"53520","ImpersonationLevel":"%%1833","TargetOutboundDomainName":"-","LogonGuid":"{4DAE89EC-640B-593C-8935-87CC0FE7DECD}","TargetLogonId":"0x3702f1","RestrictedAdminMode":"-","TargetOutboundUserName":"-","TargetUserSid":"S-1-5-18","VirtualAccount":"%%1843","TargetLinkedLogonId":"0x0","ElevatedToken":"%%1842","ProcessName":"-","SubjectUserName":"-","LogonType":"3","TransmittedServices":"-","KeyLength":"0","TargetDomainName":"ESSOS.LOCAL","SubjectLogonId":"0x0","SubjectUserSid":"S-1-0-0"},"OpenWEC":{"IpAddress":"10.202.0.93","TimeReceived":"2023-12-08T11:30:35.347281666+00:00","Principal":"MEEREEN$@ESSOS.LOCAL","Subscription":{"Uuid":"CB04741B-9072-4E2D-B769-3570FA020BBD","Version":"6E053E8A-FE0D-45A0-A863-C501EEDB4011","Name":"anssi-subscription"}}}
{"System":{"Provider":{"Name":"Microsoft-Windows-Security-Auditing","Guid":"{54849625-5478-4994-A5BA-3E3B0328C30D}"},"EventID":4624,"Version":2,"Level":0,"Task":12544,"Opcode":0,"Keywords":"0x8020000000000000","TimeCreated":"2023-12-08T11:31:04.316764300Z","EventRecordID":105546,"Correlation":{},"Execution":{"ProcessID":588,"ThreadID":2248},"Channel":"Security","Computer":"meereen.essos.local"},"EventData":{"LogonType":"3","TargetUserName":"MEEREEN$","TargetUserSid":"S-1-5-18","WorkstationName":"-","SubjectLogonId":"0x0","TargetLogonId":"0x3779bf","AuthenticationPackageName":"Kerberos","LogonGuid":"{4DAE89EC-640B-593C-8935-87CC0FE7DECD}","LmPackageName":"-","KeyLength":"0","ProcessName":"-","LogonProcessName":"Kerberos","IpPort":"53549","TargetOutboundUserName":"-","TargetOutboundDomainName":"-","VirtualAccount":"%%1843","TargetLinkedLogonId":"0x0","ElevatedToken":"%%1842","ProcessId":"0x0","RestrictedAdminMode":"-","IpAddress":"::1","SubjectUserSid":"S-1-0-0","TargetDomainName":"ESSOS.LOCAL","SubjectDomainName":"-","TransmittedServices":"-","ImpersonationLevel":"%%1833","SubjectUserName":"-"},"OpenWEC":{"IpAddress":"10.202.0.93","TimeReceived":"2023-12-08T11:31:35.347504601+00:00","Principal":"MEEREEN$@ESSOS.LOCAL","Subscription":{"Uuid":"CB04741B-9072-4E2D-B769-3570FA020BBD","Version":"6E053E8A-FE0D-45A0-A863-C501EEDB4011","Name":"anssi-subscription"}}}
{"System":{"Provider":{"Name":"Microsoft-Windows-Security-Auditing","Guid":"{54849625-5478-4994-A5BA-3E3B0328C30D}"},"EventID":4624,"Version":2,"Level":0,"Task":12544,"Opcode":0,"Keywords":"0x8020000000000000","TimeCreated":"2023-12-08T11:32:04.331785100Z","EventRecordID":105655,"Correlation":{},"Execution":{"ProcessID":588,"ThreadID":2248},"Channel":"Security","Computer":"meereen.essos.local"},"EventData":{"ProcessId":"0x0","IpAddress":"::1","RestrictedAdminMode":"-","ProcessName":"-","SubjectUserSid":"S-1-0-0","LmPackageName":"-","AuthenticationPackageName":"Kerberos","LogonType":"3","SubjectDomainName":"-","WorkstationName":"-","KeyLength":"0","TargetOutboundUserName":"-","TargetOutboundDomainName":"-","VirtualAccount":"%%1843","TargetLogonId":"0x37f3e4","LogonGuid":"{4DAE89EC-640B-593C-8935-87CC0FE7DECD}","ImpersonationLevel":"%%1833","SubjectLogonId":"0x0","TargetLinkedLogonId":"0x0","TargetDomainName":"ESSOS.LOCAL","TransmittedServices":"-","TargetUserName":"MEEREEN$","LogonProcessName":"Kerberos","ElevatedToken":"%%1842","TargetUserSid":"S-1-5-18","IpPort":"53583","SubjectUserName":"-"},"OpenWEC":{"IpAddress":"10.202.0.93","TimeReceived":"2023-12-08T11:32:35.348277426+00:00","Principal":"MEEREEN$@ESSOS.LOCAL","Subscription":{"Uuid":"CB04741B-9072-4E2D-B769-3570FA020BBD","Version":"6E053E8A-FE0D-45A0-A863-C501EEDB4011","Name":"anssi-subscription"}}}
{"System":{"Provider":{"Name":"Microsoft-Windows-Security-Auditing","Guid":"{54849625-5478-4994-A5BA-3E3B0328C30D}"},"EventID":4624,"Version":2,"Level":0,"Task":12544,"Opcode":0,"Keywords":"0x8020000000000000","TimeCreated":"2023-12-08T11:32:07.599246600Z","EventRecordID":105659,"Correlation":{},"Execution":{"ProcessID":588,"ThreadID":2248},"Channel":"Security","Computer":"meereen.essos.local"},"EventData":{"SubjectDomainName":"-","TargetUserSid":"S-1-5-18","AuthenticationPackageName":"Kerberos","SubjectLogonId":"0x0","TargetDomainName":"ESSOS.LOCAL","ProcessId":"0x0","TransmittedServices":"-","LogonProcessName":"Kerberos","ImpersonationLevel":"%%1833","TargetOutboundDomainName":"-","VirtualAccount":"%%1843","TargetLinkedLogonId":"0x0","LogonType":"3","SubjectUserName":"-","TargetLogonId":"0x380202","IpPort":"53584","WorkstationName":"-","LogonGuid":"{6C3699F9-21BC-C044-F488-8345FDC7CD94}","ProcessName":"-","IpAddress":"fe80::3076:9c8f:3acb:98de","ElevatedToken":"%%1842","KeyLength":"0","RestrictedAdminMode":"-","TargetUserName":"MEEREEN$","SubjectUserSid":"S-1-0-0","LmPackageName":"-","TargetOutboundUserName":"-"},"OpenWEC":{"IpAddress":"10.202.0.93","TimeReceived":"2023-12-08T11:32:35.348277426+00:00","Principal":"MEEREEN$@ESSOS.LOCAL","Subscription":{"Uuid":"CB04741B-9072-4E2D-B769-3570FA020BBD","Version":"6E053E8A-FE0D-45A0-A863-C501EEDB4011","Name":"anssi-subscription"}}}
{"System":{"Provider":{"Name":"Microsoft-Windows-Security-Auditing","Guid":"{54849625-5478-4994-A5BA-3E3B0328C30D}"},"EventID":4624,"Version":2,"Level":0,"Task":12544,"Opcode":0,"Keywords":"0x8020000000000000","TimeCreated":"2023-12-08T11:32:07.612211500Z","EventRecordID":105661,"Correlation":{"ActivityID":"{833290A8-29FD-0001-F190-3283FD29DA01}"},"Execution":{"ProcessID":588,"ThreadID":896},"Channel":"Security","Computer":"meereen.essos.local"},"EventData":{"IpPort":"0","ProcessName":"-","LogonType":"3","LmPackageName":"-","LogonGuid":"{6C3699F9-21BC-C044-F488-8345FDC7CD94}","SubjectUserSid":"S-1-0-0","AuthenticationPackageName":"Kerberos","SubjectDomainName":"-","ProcessId":"0x0","TransmittedServices":"-","TargetDomainName":"ESSOS.LOCAL","TargetUserSid":"S-1-5-18","IpAddress":"::1","ImpersonationLevel":"%%1833","KeyLength":"0","TargetLogonId":"0x3802e1","TargetLinkedLogonId":"0x0","TargetOutboundUserName":"-","TargetUserName":"MEEREEN$","VirtualAccount":"%%1843","SubjectUserName":"-","LogonProcessName":"Kerberos","WorkstationName":"-","TargetOutboundDomainName":"-","SubjectLogonId":"0x0","ElevatedToken":"%%1842","RestrictedAdminMode":"-"},"OpenWEC":{"IpAddress":"10.202.0.93","TimeReceived":"2023-12-08T11:32:35.348277426+00:00","Principal":"MEEREEN$@ESSOS.LOCAL","Subscription":{"Uuid":"CB04741B-9072-4E2D-B769-3570FA020BBD","Version":"6E053E8A-FE0D-45A0-A863-C501EEDB4011","Name":"anssi-subscription"}}}
{"System":{"Provider":{"Name":"Microsoft-Windows-Security-Auditing","Guid":"{54849625-5478-4994-A5BA-3E3B0328C30D}"},"EventID":4624,"Version":2,"Level":0,"Task":12544,"Opcode":0,"Keywords":"0x8020000000000000","TimeCreated":"2023-12-08T11:32:07.614173500Z","EventRecordID":105663,"Correlation":{},"Execution":{"ProcessID":588,"ThreadID":2248},"Channel":"Security","Computer":"meereen.essos.local"},"EventData":{"SubjectLogonId":"0x0","KeyLength":"0","TargetLogonId":"0x380324","ProcessName":"-","SubjectUserSid":"S-1-0-0","ImpersonationLevel":"%%1833","TargetUserName":"MEEREEN$","TargetOutboundDomainName":"-","LogonProcessName":"Kerberos","SubjectUserName":"-","LmPackageName":"-","ElevatedToken":"%%1842","TargetUserSid":"S-1-5-18","LogonType":"3","TargetOutboundUserName":"-","IpAddress":"10.202.0.93","IpPort":"53585","TargetLinkedLogonId":"0x0","TargetDomainName":"ESSOS.LOCAL","SubjectDomainName":"-","VirtualAccount":"%%1843","ProcessId":"0x0","RestrictedAdminMode":"-","WorkstationName":"-","AuthenticationPackageName":"Kerberos","TransmittedServices":"-","LogonGuid":"{6C3699F9-21BC-C044-F488-8345FDC7CD94}"},"OpenWEC":{"IpAddress":"10.202.0.93","TimeReceived":"2023-12-08T11:32:35.348277426+00:00","Principal":"MEEREEN$@ESSOS.LOCAL","Subscription":{"Uuid":"CB04741B-9072-4E2D-B769-3570FA020BBD","Version":"6E053E8A-FE0D-45A0-A863-C501EEDB4011","Name":"anssi-subscription"}}}
{"System":{"Provider":{"Name":"Microsoft-Windows-Security-Auditing","Guid":"{54849625-5478-4994-A5BA-3E3B0328C30D}"},"EventID":4624,"Version":2,"Level":0,"Task":12544,"Opcode":0,"Keywords":"0x8020000000000000","TimeCreated":"2023-12-08T11:32:07.710166400Z","EventRecordID":105665,"Correlation":{"ActivityID":"{833290A8-29FD-0001-F190-3283FD29DA01}"},"Execution":{"ProcessID":588,"ThreadID":896},"Channel":"Security","Computer":"meereen.essos.local"},"EventData":{"SubjectUserName":"-","ProcessName":"-","RestrictedAdminMode":"-","TargetDomainName":"ESSOS.LOCAL","TargetLogonId":"0x380388","LogonProcessName":"Kerberos","ProcessId":"0x0","IpPort":"53586","VirtualAccount":"%%1843","TargetUserName":"MEEREEN$","WorkstationName":"-","ElevatedToken":"%%1842","SubjectDomainName":"-","AuthenticationPackageName":"Kerberos","LogonGuid":"{6C3699F9-21BC-C044-F488-8345FDC7CD94}","SubjectUserSid":"S-1-0-0","ImpersonationLevel":"%%1840","SubjectLogonId":"0x0","TransmittedServices":"-","LmPackageName":"-","TargetOutboundDomainName":"-","TargetLinkedLogonId":"0x0","TargetOutboundUserName":"-","KeyLength":"0","TargetUserSid":"S-1-5-18","IpAddress":"fe80::3076:9c8f:3acb:98de","LogonType":"3"},"OpenWEC":{"IpAddress":"10.202.0.93","TimeReceived":"2023-12-08T11:32:35.348277426+00:00","Principal":"MEEREEN$@ESSOS.LOCAL","Subscription":{"Uuid":"CB04741B-9072-4E2D-B769-3570FA020BBD","Version":"6E053E8A-FE0D-45A0-A863-C501EEDB4011","Name":"anssi-subscription"}}}
{"System":{"Provider":{"Name":"Microsoft-Windows-Security-Auditing","Guid":"{54849625-5478-4994-A5BA-3E3B0328C30D}"},"EventID":5140,"Version":1,"Level":0,"Task":12808,"Opcode":0,"Keywords":"0x8020000000000000","TimeCreated":"2023-12-08T11:32:07.710462600Z","EventRecordID":105666,"Correlation":{},"Execution":{"ProcessID":4,"ThreadID":6080},"Channel":"Security","Computer":"meereen.essos.local"},"EventData":{"ShareLocalPath":"\\??\\C:\\Windows\\SYSVOL\\sysvol","SubjectUserSid":"S-1-5-18","AccessList":"%%4416\n\t\t\t\t","SubjectDomainName":"ESSOS","ObjectType":"File","AccessMask":"0x1","SubjectLogonId":"0x380388","IpPort":"53586","ShareName":"\\\\*\\SYSVOL","IpAddress":"fe80::3076:9c8f:3acb:98de","SubjectUserName":"MEEREEN$"},"OpenWEC":{"IpAddress":"10.202.0.93","TimeReceived":"2023-12-08T11:32:35.348277426+00:00","Principal":"MEEREEN$@ESSOS.LOCAL","Subscription":{"Uuid":"CB04741B-9072-4E2D-B769-3570FA020BBD","Version":"6E053E8A-FE0D-45A0-A863-C501EEDB4011","Name":"anssi-subscription"}}}
{"System":{"Provider":{"Name":"Microsoft-Windows-Security-Auditing","Guid":"{54849625-5478-4994-A5BA-3E3B0328C30D}"},"EventID":4624,"Version":2,"Level":0,"Task":12544,"Opcode":0,"Keywords":"0x8020000000000000","TimeCreated":"2023-12-08T11:32:13.660261600Z","EventRecordID":105676,"Correlation":{},"Execution":{"ProcessID":588,"ThreadID":2248},"Channel":"Security","Computer":"meereen.essos.local"},"EventData":{"WorkstationName":"-","VirtualAccount":"%%1843","TargetLogonId":"0x3813ad","LogonProcessName":"Kerberos","SubjectUserSid":"S-1-0-0","TargetUserName":"MEEREEN$","LogonType":"3","LmPackageName":"-","SubjectLogonId":"0x0","IpAddress":"fe80::3076:9c8f:3acb:98de","TargetUserSid":"S-1-5-18","SubjectUserName":"-","TargetDomainName":"ESSOS.LOCAL","SubjectDomainName":"-","KeyLength":"0","ProcessId":"0x0","ProcessName":"-","IpPort":"53592","AuthenticationPackageName":"Kerberos","ImpersonationLevel":"%%1833","RestrictedAdminMode":"-","LogonGuid":"{4DAE89EC-640B-593C-8935-87CC0FE7DECD}","TargetOutboundDomainName":"-","TransmittedServices":"-","TargetLinkedLogonId":"0x0","ElevatedToken":"%%1842","TargetOutboundUserName":"-"},"OpenWEC":{"IpAddress":"10.202.0.93","TimeReceived":"2023-12-08T11:32:35.348277426+00:00","Principal":"MEEREEN$@ESSOS.LOCAL","Subscription":{"Uuid":"CB04741B-9072-4E2D-B769-3570FA020BBD","Version":"6E053E8A-FE0D-45A0-A863-C501EEDB4011","Name":"anssi-subscription"}}}
{"System":{"Provider":{"Name":"Microsoft-Windows-Security-Auditing","Guid":"{54849625-5478-4994-A5BA-3E3B0328C30D}"},"EventID":4624,"Version":2,"Level":0,"Task":12544,"Opcode":0,"Keywords":"0x8020000000000000","TimeCreated":"2023-12-08T11:32:13.664574800Z","EventRecordID":105679,"Correlation":{},"Execution":{"ProcessID":588,"ThreadID":1980},"Channel":"Security","Computer":"meereen.essos.local"},"EventData":{"SubjectDomainName":"-","TransmittedServices":"-","WorkstationName":"-","TargetDomainName":"ESSOS.LOCAL","TargetUserName":"MEEREEN$","IpAddress":"fe80::3076:9c8f:3acb:98de","KeyLength":"0","IpPort":"53593","SubjectUserSid":"S-1-0-0","TargetOutboundUserName":"-","LogonType":"3","TargetLinkedLogonId":"0x0","TargetOutboundDomainName":"-","TargetLogonId":"0x381416","AuthenticationPackageName":"Kerberos","ImpersonationLevel":"%%1833","ProcessName":"-","SubjectLogonId":"0x0","LogonProcessName":"Kerberos","VirtualAccount":"%%1843","ProcessId":"0x0","TargetUserSid":"S-1-5-18","LmPackageName":"-","RestrictedAdminMode":"-","ElevatedToken":"%%1842","LogonGuid":"{4DAE89EC-640B-593C-8935-87CC0FE7DECD}","SubjectUserName":"-"},"OpenWEC":{"IpAddress":"10.202.0.93","TimeReceived":"2023-12-08T11:32:35.348277426+00:00","Principal":"MEEREEN$@ESSOS.LOCAL","Subscription":{"Uuid":"CB04741B-9072-4E2D-B769-3570FA020BBD","Version":"6E053E8A-FE0D-45A0-A863-C501EEDB4011","Name":"anssi-subscription"}}}
{"System":{"Provider":{"Name":"Microsoft-Windows-Security-Auditing","Guid":"{54849625-5478-4994-A5BA-3E3B0328C30D}"},"EventID":4624,"Version":2,"Level":0,"Task":12544,"Opcode":0,"Keywords":"0x8020000000000000","TimeCreated":"2023-12-08T11:33:04.334359600Z","EventRecordID":105767,"Correlation":{},"Execution":{"ProcessID":588,"ThreadID":2248},"Channel":"Security","Computer":"meereen.essos.local"},"EventData":{"RestrictedAdminMode":"-","ElevatedToken":"%%1842","TargetLogonId":"0x387d4b","KeyLength":"0","TargetUserSid":"S-1-5-18","TargetUserName":"MEEREEN$","SubjectUserSid":"S-1-0-0","ProcessName":"-","LogonProcessName":"Kerberos","ProcessId":"0x0","SubjectDomainName":"-","TransmittedServices":"-","IpAddress":"::1","IpPort":"53619","TargetOutboundUserName":"-","ImpersonationLevel":"%%1833","TargetOutboundDomainName":"-","VirtualAccount":"%%1843","LmPackageName":"-","LogonGuid":"{4DAE89EC-640B-593C-8935-87CC0FE7DECD}","WorkstationName":"-","TargetLinkedLogonId":"0x0","SubjectLogonId":"0x0","LogonType":"3","TargetDomainName":"ESSOS.LOCAL","SubjectUserName":"-","AuthenticationPackageName":"Kerberos"},"OpenWEC":{"IpAddress":"10.202.0.93","TimeReceived":"2023-12-08T11:33:35.379142170+00:00","Principal":"MEEREEN$@ESSOS.LOCAL","Subscription":{"Uuid":"CB04741B-9072-4E2D-B769-3570FA020BBD","Version":"6E053E8A-FE0D-45A0-A863-C501EEDB4011","Name":"anssi-subscription"}}}
{"System":{"Provider":{"Name":"Microsoft-Windows-Security-Auditing","Guid":"{54849625-5478-4994-A5BA-3E3B0328C30D}"},"EventID":4624,"Version":2,"Level":0,"Task":12544,"Opcode":0,"Keywords":"0x8020000000000000","TimeCreated":"2023-12-08T11:34:04.346459200Z","EventRecordID":105840,"Correlation":{},"Execution":{"ProcessID":588,"ThreadID":2248},"Channel":"Security","Computer":"meereen.essos.local"},"EventData":{"LogonGuid":"{4DAE89EC-640B-593C-8935-87CC0FE7DECD}","TargetLinkedLogonId":"0x0","TargetUserName":"MEEREEN$","SubjectDomainName":"-","TransmittedServices":"-","SubjectUserSid":"S-1-0-0","TargetLogonId":"0x38f4fb","TargetDomainName":"ESSOS.LOCAL","LogonType":"3","AuthenticationPackageName":"Kerberos","LmPackageName":"-","SubjectLogonId":"0x0","KeyLength":"0","ProcessId":"0x0","IpAddress":"::1","IpPort":"53649","TargetOutboundUserName":"-","ElevatedToken":"%%1842","RestrictedAdminMode":"-","TargetUserSid":"S-1-5-18","TargetOutboundDomainName":"-","SubjectUserName":"-","LogonProcessName":"Kerberos","ProcessName":"-","WorkstationName":"-","ImpersonationLevel":"%%1833","VirtualAccount":"%%1843"},"OpenWEC":{"IpAddress":"10.202.0.93","TimeReceived":"2023-12-08T11:34:35.394202055+00:00","Principal":"MEEREEN$@ESSOS.LOCAL","Subscription":{"Uuid":"CB04741B-9072-4E2D-B769-3570FA020BBD","Version":"6E053E8A-FE0D-45A0-A863-C501EEDB4011","Name":"anssi-subscription"}}}
{"System":{"Provider":{"Name":"Microsoft-Windows-Security-Auditing","Guid":"{54849625-5478-4994-A5BA-3E3B0328C30D}"},"EventID":4624,"Version":2,"Level":0,"Task":12544,"Opcode":0,"Keywords":"0x8020000000000000","TimeCreated":"2023-12-08T11:35:04.361546200Z","EventRecordID":105908,"Correlation":{},"Execution":{"ProcessID":588,"ThreadID":2248},"Channel":"Security","Computer":"meereen.essos.local"},"EventData":{"TransmittedServices":"-","LogonType":"3","AuthenticationPackageName":"Kerberos","WorkstationName":"-","LogonProcessName":"Kerberos","ProcessName":"-","IpAddress":"::1","SubjectUserSid":"S-1-0-0","IpPort":"53680","ImpersonationLevel":"%%1833","RestrictedAdminMode":"-","SubjectUserName":"-","LmPackageName":"-","VirtualAccount":"%%1843","ProcessId":"0x0","TargetLogonId":"0x396b2b","TargetOutboundDomainName":"-","TargetOutboundUserName":"-","KeyLength":"0","TargetUserSid":"S-1-5-18","SubjectDomainName":"-","TargetUserName":"MEEREEN$","TargetLinkedLogonId":"0x0","ElevatedToken":"%%1842","SubjectLogonId":"0x0","TargetDomainName":"ESSOS.LOCAL","LogonGuid":"{4DAE89EC-640B-593C-8935-87CC0FE7DECD}"},"OpenWEC":{"IpAddress":"10.202.0.93","TimeReceived":"2023-12-08T11:35:35.379184908+00:00","Principal":"MEEREEN$@ESSOS.LOCAL","Subscription":{"Uuid":"CB04741B-9072-4E2D-B769-3570FA020BBD","Version":"6E053E8A-FE0D-45A0-A863-C501EEDB4011","Name":"anssi-subscription"}}}
{"System":{"Provider":{"Name":"Microsoft-Windows-Security-Auditing","Guid":"{54849625-5478-4994-A5BA-3E3B0328C30D}"},"EventID":4624,"Version":2,"Level":0,"Task":12544,"Opcode":0,"Keywords":"0x8020000000000000","TimeCreated":"2023-12-08T11:36:04.361586500Z","EventRecordID":105980,"Correlation":{},"Execution":{"ProcessID":588,"ThreadID":2248},"Channel":"Security","Computer":"meereen.essos.local"},"EventData":{"TargetOutboundDomainName":"-","TargetLogonId":"0x39e39f","LogonProcessName":"Kerberos","RestrictedAdminMode":"-","VirtualAccount":"%%1843","TargetLinkedLogonId":"0x0","ProcessId":"0x0","LogonGuid":"{4DAE89EC-640B-593C-8935-87CC0FE7DECD}","TargetUserSid":"S-1-5-18","TransmittedServices":"-","ElevatedToken":"%%1842","TargetDomainName":"ESSOS.LOCAL","LmPackageName":"-","WorkstationName":"-","KeyLength":"0","AuthenticationPackageName":"Kerberos","TargetUserName":"MEEREEN$","SubjectUserSid":"S-1-0-0","ProcessName":"-","IpAddress":"::1","SubjectDomainName":"-","IpPort":"53711","SubjectUserName":"-","TargetOutboundUserName":"-","SubjectLogonId":"0x0","LogonType":"3","ImpersonationLevel":"%%1833"},"OpenWEC":{"IpAddress":"10.202.0.93","TimeReceived":"2023-12-08T11:36:35.394289547+00:00","Principal":"MEEREEN$@ESSOS.LOCAL","Subscription":{"Uuid":"CB04741B-9072-4E2D-B769-3570FA020BBD","Version":"6E053E8A-FE0D-45A0-A863-C501EEDB4011","Name":"anssi-subscription"}}}
{"System":{"Provider":{"Name":"Microsoft-Windows-Security-Auditing","Guid":"{54849625-5478-4994-A5BA-3E3B0328C30D}"},"EventID":4624,"Version":2,"Level":0,"Task":12544,"Opcode":0,"Keywords":"0x8020000000000000","TimeCreated":"2023-12-08T11:36:23.565660200Z","EventRecordID":106002,"Correlation":{"ActivityID":"{833290A8-29FD-0001-F190-3283FD29DA01}"},"Execution":{"ProcessID":588,"ThreadID":988},"Channel":"Security","Computer":"meereen.essos.local"},"EventData":{"TargetUserSid":"S-1-5-18","TargetLogonId":"0x3a09c4","SubjectUserSid":"S-1-0-0","TargetOutboundUserName":"-","VirtualAccount":"%%1843","LogonType":"3","AuthenticationPackageName":"Kerberos","SubjectUserName":"-","LogonProcessName":"Kerberos","IpPort":"53722","ImpersonationLevel":"%%1840","RestrictedAdminMode":"-","SubjectLogonId":"0x0","TargetDomainName":"ESSOS.LOCAL","LogonGuid":"{3AAC347E-688E-87C2-7236-4CC07166564B}","TargetLinkedLogonId":"0x0","WorkstationName":"-","ElevatedToken":"%%1842","IpAddress":"fe80::3076:9c8f:3acb:98de","SubjectDomainName":"-","TargetUserName":"MEEREEN$","LmPackageName":"-","KeyLength":"0","ProcessId":"0x0","TargetOutboundDomainName":"-","ProcessName":"-","TransmittedServices":"-"},"OpenWEC":{"IpAddress":"10.202.0.93","TimeReceived":"2023-12-08T11:36:35.394289547+00:00","Principal":"MEEREEN$@ESSOS.LOCAL","Subscription":{"Uuid":"CB04741B-9072-4E2D-B769-3570FA020BBD","Version":"6E053E8A-FE0D-45A0-A863-C501EEDB4011","Name":"anssi-subscription"}}}
{"System":{"Provider":{"Name":"Microsoft-Windows-Security-Auditing","Guid":"{54849625-5478-4994-A5BA-3E3B0328C30D}"},"EventID":5140,"Version":1,"Level":0,"Task":12808,"Opcode":0,"Keywords":"0x8020000000000000","TimeCreated":"2023-12-08T11:36:23.565970500Z","EventRecordID":106003,"Correlation":{},"Execution":{"ProcessID":4,"ThreadID":5968},"Channel":"Security","Computer":"meereen.essos.local"},"EventData":{"SubjectDomainName":"ESSOS","SubjectLogonId":"0x3a09c4","ShareLocalPath":"\\??\\C:\\Windows\\SYSVOL\\sysvol","AccessMask":"0x1","IpAddress":"fe80::3076:9c8f:3acb:98de","SubjectUserSid":"S-1-5-18","ObjectType":"File","IpPort":"53722","ShareName":"\\\\*\\SYSVOL","AccessList":"%%4416\n\t\t\t\t","SubjectUserName":"MEEREEN$"},"OpenWEC":{"IpAddress":"10.202.0.93","TimeReceived":"2023-12-08T11:36:35.394289547+00:00","Principal":"MEEREEN$@ESSOS.LOCAL","Subscription":{"Uuid":"CB04741B-9072-4E2D-B769-3570FA020BBD","Version":"6E053E8A-FE0D-45A0-A863-C501EEDB4011","Name":"anssi-subscription"}}}
{"System":{"Provider":{"Name":"Microsoft-Windows-Security-Auditing","Guid":"{54849625-5478-4994-A5BA-3E3B0328C30D}"},"EventID":4624,"Version":2,"Level":0,"Task":12544,"Opcode":0,"Keywords":"0x8020000000000000","TimeCreated":"2023-12-08T11:37:04.376314900Z","EventRecordID":106043,"Correlation":{},"Execution":{"ProcessID":588,"ThreadID":1980},"Channel":"Security","Computer":"meereen.essos.local"},"EventData":{"LogonType":"3","ElevatedToken":"%%1842","TargetLogonId":"0x3a5d71","SubjectUserName":"-","TargetUserSid":"S-1-5-18","ImpersonationLevel":"%%1833","VirtualAccount":"%%1843","ProcessId":"0x0","TargetUserName":"MEEREEN$","AuthenticationPackageName":"Kerberos","TransmittedServices":"-","KeyLength":"0","ProcessName":"-","SubjectUserSid":"S-1-0-0","IpAddress":"::1","IpPort":"53741","TargetOutboundUserName":"-","SubjectDomainName":"-","TargetDomainName":"ESSOS.LOCAL","WorkstationName":"-","TargetOutboundDomainName":"-","TargetLinkedLogonId":"0x0","LogonProcessName":"Kerberos","LmPackageName":"-","SubjectLogonId":"0x0","RestrictedAdminMode":"-","LogonGuid":"{4DAE89EC-640B-593C-8935-87CC0FE7DECD}"},"OpenWEC":{"IpAddress":"10.202.0.93","TimeReceived":"2023-12-08T11:37:35.411492432+00:00","Principal":"MEEREEN$@ESSOS.LOCAL","Subscription":{"Uuid":"CB04741B-9072-4E2D-B769-3570FA020BBD","Version":"6E053E8A-FE0D-45A0-A863-C501EEDB4011","Name":"anssi-subscription"}}}
{"System":{"Provider":{"Name":"Microsoft-Windows-Security-Auditing","Guid":"{54849625-5478-4994-A5BA-3E3B0328C30D}"},"EventID":4624,"Version":2,"Level":0,"Task":12544,"Opcode":0,"Keywords":"0x8020000000000000","TimeCreated":"2023-12-08T11:37:07.739524100Z","EventRecordID":106047,"Correlation":{},"Execution":{"ProcessID":588,"ThreadID":1980},"Channel":"Security","Computer":"meereen.essos.local"},"EventData":{"SubjectUserName":"-","TargetDomainName":"ESSOS.LOCAL","WorkstationName":"-","TargetLogonId":"0x3a6b67","SubjectUserSid":"S-1-0-0","SubjectDomainName":"-","LogonGuid":"{6C3699F9-21BC-C044-F488-8345FDC7CD94}","TargetOutboundUserName":"-","ProcessName":"-","VirtualAccount":"%%1843","IpPort":"53746","TargetUserSid":"S-1-5-18","TargetOutboundDomainName":"-","TargetLinkedLogonId":"0x0","KeyLength":"0","LogonType":"3","LmPackageName":"-","TargetUserName":"MEEREEN$","TransmittedServices":"-","SubjectLogonId":"0x0","ElevatedToken":"%%1842","LogonProcessName":"Kerberos","ProcessId":"0x0","IpAddress":"fe80::3076:9c8f:3acb:98de","AuthenticationPackageName":"Kerberos","ImpersonationLevel":"%%1833","RestrictedAdminMode":"-"},"OpenWEC":{"IpAddress":"10.202.0.93","TimeReceived":"2023-12-08T11:37:35.411492432+00:00","Principal":"MEEREEN$@ESSOS.LOCAL","Subscription":{"Uuid":"CB04741B-9072-4E2D-B769-3570FA020BBD","Version":"6E053E8A-FE0D-45A0-A863-C501EEDB4011","Name":"anssi-subscription"}}}
{"System":{"Provider":{"Name":"Microsoft-Windows-Security-Auditing","Guid":"{54849625-5478-4994-A5BA-3E3B0328C30D}"},"EventID":4624,"Version":2,"Level":0,"Task":12544,"Opcode":0,"Keywords":"0x8020000000000000","TimeCreated":"2023-12-08T11:37:07.756099900Z","EventRecordID":106049,"Correlation":{"ActivityID":"{833290A8-29FD-0001-F190-3283FD29DA01}"},"Execution":{"ProcessID":588,"ThreadID":988},"Channel":"Security","Computer":"meereen.essos.local"},"EventData":{"TargetUserSid":"S-1-5-18","TargetLogonId":"0x3a6c46","RestrictedAdminMode":"-","WorkstationName":"-","LogonProcessName":"Kerberos","IpPort":"0","SubjectLogonId":"0x0","TargetLinkedLogonId":"0x0","IpAddress":"::1","SubjectUserSid":"S-1-0-0","TargetUserName":"MEEREEN$","TargetOutboundUserName":"-","TargetOutboundDomainName":"-","TargetDomainName":"ESSOS.LOCAL","LogonGuid":"{6C3699F9-21BC-C044-F488-8345FDC7CD94}","TransmittedServices":"-","LogonType":"3","LmPackageName":"-","KeyLength":"0","SubjectUserName":"-","ProcessId":"0x0","VirtualAccount":"%%1843","SubjectDomainName":"-","ElevatedToken":"%%1842","AuthenticationPackageName":"Kerberos","ImpersonationLevel":"%%1833","ProcessName":"-"},"OpenWEC":{"IpAddress":"10.202.0.93","TimeReceived":"2023-12-08T11:37:35.411492432+00:00","Principal":"MEEREEN$@ESSOS.LOCAL","Subscription":{"Uuid":"CB04741B-9072-4E2D-B769-3570FA020BBD","Version":"6E053E8A-FE0D-45A0-A863-C501EEDB4011","Name":"anssi-subscription"}}}
{"System":{"Provider":{"Name":"Microsoft-Windows-Security-Auditing","Guid":"{54849625-5478-4994-A5BA-3E3B0328C30D}"},"EventID":4624,"Version":2,"Level":0,"Task":12544,"Opcode":0,"Keywords":"0x8020000000000000","TimeCreated":"2023-12-08T11:37:07.758579900Z","EventRecordID":106051,"Correlation":{},"Execution":{"ProcessID":588,"ThreadID":1980},"Channel":"Security","Computer":"meereen.essos.local"},"EventData":{"TargetLinkedLogonId":"0x0","RestrictedAdminMode":"-","ElevatedToken":"%%1842","LogonProcessName":"Kerberos","TransmittedServices":"-","SubjectLogonId":"0x0","LogonType":"3","ProcessName":"-","IpAddress":"10.202.0.93","LmPackageName":"-","TargetOutboundUserName":"-","SubjectUserName":"-","SubjectDomainName":"-","TargetUserName":"MEEREEN$","AuthenticationPackageName":"Kerberos","TargetLogonId":"0x3a6c8a","LogonGuid":"{6C3699F9-21BC-C044-F488-8345FDC7CD94}","KeyLength":"0","ProcessId":"0x0","ImpersonationLevel":"%%1833","TargetDomainName":"ESSOS.LOCAL","TargetOutboundDomainName":"-","SubjectUserSid":"S-1-0-0","TargetUserSid":"S-1-5-18","VirtualAccount":"%%1843","IpPort":"53747","WorkstationName":"-"},"OpenWEC":{"IpAddress":"10.202.0.93","TimeReceived":"2023-12-08T11:37:35.411492432+00:00","Principal":"MEEREEN$@ESSOS.LOCAL","Subscription":{"Uuid":"CB04741B-9072-4E2D-B769-3570FA020BBD","Version":"6E053E8A-FE0D-45A0-A863-C501EEDB4011","Name":"anssi-subscription"}}}
{"System":{"Provider":{"Name":"Microsoft-Windows-Security-Auditing","Guid":"{54849625-5478-4994-A5BA-3E3B0328C30D}"},"EventID":4624,"Version":2,"Level":0,"Task":12544,"Opcode":0,"Keywords":"0x8020000000000000","TimeCreated":"2023-12-08T11:37:07.851085300Z","EventRecordID":106053,"Correlation":{"ActivityID":"{833290A8-29FD-0001-F190-3283FD29DA01}"},"Execution":{"ProcessID":588,"ThreadID":988},"Channel":"Security","Computer":"meereen.essos.local"},"EventData":{"LmPackageName":"-","LogonGuid":"{6C3699F9-21BC-C044-F488-8345FDC7CD94}","TargetDomainName":"ESSOS.LOCAL","TargetLogonId":"0x3a6e85","ProcessName":"-","RestrictedAdminMode":"-","AuthenticationPackageName":"Kerberos","TargetOutboundDomainName":"-","LogonType":"3","TargetUserSid":"S-1-5-18","KeyLength":"0","SubjectLogonId":"0x0","LogonProcessName":"Kerberos","IpAddress":"fe80::3076:9c8f:3acb:98de","SubjectUserName":"-","TargetOutboundUserName":"-","ImpersonationLevel":"%%1840","VirtualAccount":"%%1843","ElevatedToken":"%%1842","SubjectDomainName":"-","SubjectUserSid":"S-1-0-0","WorkstationName":"-","TransmittedServices":"-","ProcessId":"0x0","IpPort":"53748","TargetUserName":"MEEREEN$","TargetLinkedLogonId":"0x0"},"OpenWEC":{"IpAddress":"10.202.0.93","TimeReceived":"2023-12-08T11:37:35.411492432+00:00","Principal":"MEEREEN$@ESSOS.LOCAL","Subscription":{"Uuid":"CB04741B-9072-4E2D-B769-3570FA020BBD","Version":"6E053E8A-FE0D-45A0-A863-C501EEDB4011","Name":"anssi-subscription"}}}
{"System":{"Provider":{"Name":"Microsoft-Windows-Security-Auditing","Guid":"{54849625-5478-4994-A5BA-3E3B0328C30D}"},"EventID":5140,"Version":1,"Level":0,"Task":12808,"Opcode":0,"Keywords":"0x8020000000000000","TimeCreated":"2023-12-08T11:37:07.851459100Z","EventRecordID":106054,"Correlation":{},"Execution":{"ProcessID":4,"ThreadID":5968},"Channel":"Security","Computer":"meereen.essos.local"},"EventData":{"ShareName":"\\\\*\\SYSVOL","AccessList":"%%4416\n\t\t\t\t","ObjectType":"File","ShareLocalPath":"\\??\\C:\\Windows\\SYSVOL\\sysvol","IpAddress":"fe80::3076:9c8f:3acb:98de","IpPort":"53748","SubjectUserSid":"S-1-5-18","SubjectDomainName":"ESSOS","SubjectUserName":"MEEREEN$","SubjectLogonId":"0x3a6e85","AccessMask":"0x1"},"OpenWEC":{"IpAddress":"10.202.0.93","TimeReceived":"2023-12-08T11:37:35.411492432+00:00","Principal":"MEEREEN$@ESSOS.LOCAL","Subscription":{"Uuid":"CB04741B-9072-4E2D-B769-3570FA020BBD","Version":"6E053E8A-FE0D-45A0-A863-C501EEDB4011","Name":"anssi-subscription"}}}
{"System":{"Provider":{"Name":"Microsoft-Windows-Security-Auditing","Guid":"{54849625-5478-4994-A5BA-3E3B0328C30D}"},"EventID":4624,"Version":2,"Level":0,"Task":12544,"Opcode":0,"Keywords":"0x8020000000000000","TimeCreated":"2023-12-08T11:37:14.239566700Z","EventRecordID":106064,"Correlation":{},"Execution":{"ProcessID":588,"ThreadID":1980},"Channel":"Security","Computer":"meereen.essos.local"},"EventData":{"ImpersonationLevel":"%%1833","ProcessId":"0x0","ElevatedToken":"%%1842","LogonProcessName":"Kerberos","KeyLength":"0","SubjectLogonId":"0x0","AuthenticationPackageName":"Kerberos","ProcessName":"-","IpAddress":"fe80::3076:9c8f:3acb:98de","VirtualAccount":"%%1843","TargetLogonId":"0x3a7873","TargetDomainName":"ESSOS.LOCAL","RestrictedAdminMode":"-","TargetUserName":"MEEREEN$","TargetOutboundUserName":"-","LogonGuid":"{4DAE89EC-640B-593C-8935-87CC0FE7DECD}","TransmittedServices":"-","SubjectDomainName":"-","LmPackageName":"-","IpPort":"53753","TargetLinkedLogonId":"0x0","TargetOutboundDomainName":"-","WorkstationName":"-","LogonType":"3","TargetUserSid":"S-1-5-18","SubjectUserSid":"S-1-0-0","SubjectUserName":"-"},"OpenWEC":{"IpAddress":"10.202.0.93","TimeReceived":"2023-12-08T11:37:35.411492432+00:00","Principal":"MEEREEN$@ESSOS.LOCAL","Subscription":{"Uuid":"CB04741B-9072-4E2D-B769-3570FA020BBD","Version":"6E053E8A-FE0D-45A0-A863-C501EEDB4011","Name":"anssi-subscription"}}}
{"System":{"Provider":{"Name":"Microsoft-Windows-Security-Auditing","Guid":"{54849625-5478-4994-A5BA-3E3B0328C30D}"},"EventID":4624,"Version":2,"Level":0,"Task":12544,"Opcode":0,"Keywords":"0x8020000000000000","TimeCreated":"2023-12-08T11:37:14.244517100Z","EventRecordID":106067,"Correlation":{},"Execution":{"ProcessID":588,"ThreadID":2248},"Channel":"Security","Computer":"meereen.essos.local"},"EventData":{"SubjectUserName":"-","SubjectUserSid":"S-1-0-0","LogonType":"3","AuthenticationPackageName":"Kerberos","SubjectLogonId":"0x0","TargetLogonId":"0x3a78dc","WorkstationName":"-","TargetUserSid":"S-1-5-18","LogonProcessName":"Kerberos","LmPackageName":"-","ProcessId":"0x0","ProcessName":"-","IpPort":"53754","RestrictedAdminMode":"-","IpAddress":"fe80::3076:9c8f:3acb:98de","SubjectDomainName":"-","TargetDomainName":"ESSOS.LOCAL","TransmittedServices":"-","KeyLength":"0","TargetOutboundUserName":"-","TargetOutboundDomainName":"-","TargetLinkedLogonId":"0x0","ElevatedToken":"%%1842","TargetUserName":"MEEREEN$","VirtualAccount":"%%1843","ImpersonationLevel":"%%1833","LogonGuid":"{4DAE89EC-640B-593C-8935-87CC0FE7DECD}"},"OpenWEC":{"IpAddress":"10.202.0.93","TimeReceived":"2023-12-08T11:37:35.411492432+00:00","Principal":"MEEREEN$@ESSOS.LOCAL","Subscription":{"Uuid":"CB04741B-9072-4E2D-B769-3570FA020BBD","Version":"6E053E8A-FE0D-45A0-A863-C501EEDB4011","Name":"anssi-subscription"}}}
{"System":{"Provider":{"Name":"Microsoft-Windows-Security-Auditing","Guid":"{54849625-5478-4994-A5BA-3E3B0328C30D}"},"EventID":4624,"Version":2,"Level":0,"Task":12544,"Opcode":0,"Keywords":"0x8020000000000000","TimeCreated":"2023-12-08T11:38:04.395418900Z","EventRecordID":106134,"Correlation":{},"Execution":{"ProcessID":588,"ThreadID":2248},"Channel":"Security","Computer":"meereen.essos.local"},"EventData":{"TransmittedServices":"-","KeyLength":"0","ProcessId":"0x0","SubjectUserName":"-","TargetUserSid":"S-1-5-18","IpPort":"53779","TargetLinkedLogonId":"0x0","LogonProcessName":"Kerberos","SubjectUserSid":"S-1-0-0","ImpersonationLevel":"%%1833","LogonType":"3","VirtualAccount":"%%1843","LmPackageName":"-","AuthenticationPackageName":"Kerberos","TargetLogonId":"0x3adf07","LogonGuid":"{4DAE89EC-640B-593C-8935-87CC0FE7DECD}","RestrictedAdminMode":"-","TargetOutboundUserName":"-","ProcessName":"-","TargetOutboundDomainName":"-","TargetUserName":"MEEREEN$","WorkstationName":"-","SubjectDomainName":"-","SubjectLogonId":"0x0","IpAddress":"::1","TargetDomainName":"ESSOS.LOCAL","ElevatedToken":"%%1842"},"OpenWEC":{"IpAddress":"10.202.0.93","TimeReceived":"2023-12-08T11:38:35.456459500+00:00","Principal":"MEEREEN$@ESSOS.LOCAL","Subscription":{"Uuid":"CB04741B-9072-4E2D-B769-3570FA020BBD","Version":"6E053E8A-FE0D-45A0-A863-C501EEDB4011","Name":"anssi-subscription"}}}
{"System":{"Provider":{"Name":"Microsoft-Windows-Security-Auditing","Guid":"{54849625-5478-4994-A5BA-3E3B0328C30D}"},"EventID":4624,"Version":2,"Level":0,"Task":12544,"Opcode":0,"Keywords":"0x8020000000000000","TimeCreated":"2023-12-08T11:39:04.407431200Z","EventRecordID":106204,"Correlation":{},"Execution":{"ProcessID":588,"ThreadID":1980},"Channel":"Security","Computer":"meereen.essos.local"},"EventData":{"LmPackageName":"-","VirtualAccount":"%%1843","ProcessName":"-","TargetDomainName":"ESSOS.LOCAL","SubjectUserName":"-","SubjectDomainName":"-","SubjectLogonId":"0x0","LogonType":"3","TargetUserSid":"S-1-5-18","SubjectUserSid":"S-1-0-0","TargetLogonId":"0x3b553d","ProcessId":"0x0","IpPort":"53809","TargetOutboundUserName":"-","TargetOutboundDomainName":"-","IpAddress":"::1","TargetLinkedLogonId":"0x0","TransmittedServices":"-","LogonProcessName":"Kerberos","AuthenticationPackageName":"Kerberos","WorkstationName":"-","KeyLength":"0","TargetUserName":"MEEREEN$","ElevatedToken":"%%1842","LogonGuid":"{4DAE89EC-640B-593C-8935-87CC0FE7DECD}","ImpersonationLevel":"%%1833","RestrictedAdminMode":"-"},"OpenWEC":{"IpAddress":"10.202.0.93","TimeReceived":"2023-12-08T11:39:35.425963157+00:00","Principal":"MEEREEN$@ESSOS.LOCAL","Subscription":{"Uuid":"CB04741B-9072-4E2D-B769-3570FA020BBD","Version":"6E053E8A-FE0D-45A0-A863-C501EEDB4011","Name":"anssi-subscription"}}}
{"System":{"Provider":{"Name":"Microsoft-Windows-Security-Auditing","Guid":"{54849625-5478-4994-A5BA-3E3B0328C30D}"},"EventID":4624,"Version":2,"Level":0,"Task":12544,"Opcode":0,"Keywords":"0x8020000000000000","TimeCreated":"2023-12-08T11:40:04.406301400Z","EventRecordID":106249,"Correlation":{},"Execution":{"ProcessID":588,"ThreadID":1980},"Channel":"Security","Computer":"meereen.essos.local"},"EventData":{"LogonProcessName":"Kerberos","TargetOutboundUserName":"-","TargetLinkedLogonId":"0x0","SubjectLogonId":"0x0","AuthenticationPackageName":"Kerberos","SubjectDomainName":"-","SubjectUserName":"-","WorkstationName":"-","SubjectUserSid":"S-1-0-0","IpPort":"53841","TransmittedServices":"-","VirtualAccount":"%%1843","TargetLogonId":"0x3bca6a","ProcessName":"-","LogonType":"3","ImpersonationLevel":"%%1833","IpAddress":"::1","LogonGuid":"{4DAE89EC-640B-593C-8935-87CC0FE7DECD}","TargetDomainName":"ESSOS.LOCAL","TargetUserName":"MEEREEN$","TargetUserSid":"S-1-5-18","LmPackageName":"-","RestrictedAdminMode":"-","ProcessId":"0x0","KeyLength":"0","TargetOutboundDomainName":"-","ElevatedToken":"%%1842"},"OpenWEC":{"IpAddress":"10.202.0.93","TimeReceived":"2023-12-08T11:40:35.441445337+00:00","Principal":"MEEREEN$@ESSOS.LOCAL","Subscription":{"Uuid":"CB04741B-9072-4E2D-B769-3570FA020BBD","Version":"6E053E8A-FE0D-45A0-A863-C501EEDB4011","Name":"anssi-subscription"}}}
{"System":{"Provider":{"Name":"Microsoft-Windows-Security-Auditing","Guid":"{54849625-5478-4994-A5BA-3E3B0328C30D}"},"EventID":4624,"Version":2,"Level":0,"Task":12544,"Opcode":0,"Keywords":"0x8020000000000000","TimeCreated":"2023-12-08T11:41:04.422098000Z","EventRecordID":106346,"Correlation":{},"Execution":{"ProcessID":588,"ThreadID":2248},"Channel":"Security","Computer":"meereen.essos.local"},"EventData":{"LmPackageName":"-","SubjectUserSid":"S-1-0-0","TargetUserName":"MEEREEN$","ProcessName":"-","SubjectUserName":"-","TransmittedServices":"-","AuthenticationPackageName":"Kerberos","IpAddress":"::1","LogonGuid":"{4DAE89EC-640B-593C-8935-87CC0FE7DECD}","TargetDomainName":"ESSOS.LOCAL","TargetOutboundUserName":"-","ProcessId":"0x0","TargetOutboundDomainName":"-","VirtualAccount":"%%1843","TargetUserSid":"S-1-5-18","WorkstationName":"-","LogonType":"3","ImpersonationLevel":"%%1833","TargetLogonId":"0x3c4468","LogonProcessName":"Kerberos","KeyLength":"0","IpPort":"53870","RestrictedAdminMode":"-","SubjectLogonId":"0x0","SubjectDomainName":"-","ElevatedToken":"%%1842","TargetLinkedLogonId":"0x0"},"OpenWEC":{"IpAddress":"10.202.0.93","TimeReceived":"2023-12-08T11:41:35.457008200+00:00","Principal":"MEEREEN$@ESSOS.LOCAL","Subscription":{"Uuid":"CB04741B-9072-4E2D-B769-3570FA020BBD","Version":"6E053E8A-FE0D-45A0-A863-C501EEDB4011","Name":"anssi-subscription"}}}
{"System":{"Provider":{"Name":"Microsoft-Windows-Security-Auditing","Guid":"{54849625-5478-4994-A5BA-3E3B0328C30D}"},"EventID":4624,"Version":2,"Level":0,"Task":12544,"Opcode":0,"Keywords":"0x8020000000000000","TimeCreated":"2023-12-08T11:42:04.436854300Z","EventRecordID":106415,"Correlation":{},"Execution":{"ProcessID":588,"ThreadID":2248},"Channel":"Security","Computer":"meereen.essos.local"},"EventData":{"ProcessName":"-","TargetUserName":"MEEREEN$","ImpersonationLevel":"%%1833","LogonGuid":"{4DAE89EC-640B-593C-8935-87CC0FE7DECD}","TargetLogonId":"0x3cbd16","RestrictedAdminMode":"-","TargetOutboundUserName":"-","TargetOutboundDomainName":"-","ElevatedToken":"%%1842","SubjectDomainName":"-","WorkstationName":"-","IpAddress":"::1","TargetLinkedLogonId":"0x0","LogonProcessName":"Kerberos","AuthenticationPackageName":"Kerberos","IpPort":"53900","VirtualAccount":"%%1843","LogonType":"3","TargetDomainName":"ESSOS.LOCAL","TargetUserSid":"S-1-5-18","SubjectUserSid":"S-1-0-0","TransmittedServices":"-","SubjectUserName":"-","SubjectLogonId":"0x0","LmPackageName":"-","KeyLength":"0","ProcessId":"0x0"},"OpenWEC":{"IpAddress":"10.202.0.93","TimeReceived":"2023-12-08T11:42:35.473036475+00:00","Principal":"MEEREEN$@ESSOS.LOCAL","Subscription":{"Uuid":"CB04741B-9072-4E2D-B769-3570FA020BBD","Version":"6E053E8A-FE0D-45A0-A863-C501EEDB4011","Name":"anssi-subscription"}}}
