{"System":{"Provider":{"Name":"Microsoft-Windows-WinRM","Guid":"{A7975C8F-AC13-49F1-87DA-5A984A4AB417}"},"EventID":163,"Version":0,"Level":2,"Task":7,"Opcode":0,"Keywords":"0x400000000000000a","TimeCreated":"2023-12-08T15:17:31.391637400Z","EventRecordID":5111,"Correlation":{"ActivityID":"{833290A8-29FD-0001-1EB3-3283FD29DA01}"},"Execution":{"ProcessID":1100,"ThreadID":5264},"Channel":"Microsoft-Windows-WinRM/Operational","Computer":"meereen.essos.local","UserID":"S-1-5-20"},"EventData":{"authClient":"Kerberos","authServer2":" ","authServer4":" ","authServer3":" ","authServer5":" ","authServer1":" "},"OpenWEC":{"IpAddress":"10.202.0.93","TimeReceived":"2023-12-08T15:43:50.738207438+00:00","Principal":"MEEREEN$@ESSOS.LOCAL","Subscription":{"Uuid":"CB04741B-9072-4E2D-B769-3570FA020BBD","Version":"6E053E8A-FE0D-45A0-A863-C501EEDB4011","Name":"anssi-subscription"}}}
{"System":{"Provider":{"Name":"Microsoft-Windows-WinRM","Guid":"{A7975C8F-AC13-49F1-87DA-5A984A4AB417}"},"EventID":142,"Version":0,"Level":2,"Task":10,"Opcode":2,"Keywords":"0x4000000000000002","TimeCreated":"2023-12-08T15:17:31.391706400Z","EventRecordID":5112,"Correlation":{"ActivityID":"{833290A8-29FD-0001-AE92-3283FD29DA01}"},"Execution":{"ProcessID":1100,"ThreadID":5264},"Channel":"Microsoft-Windows-WinRM/Operational","Computer":"meereen.essos.local","UserID":"S-1-5-20"},"EventData":{"operationName":"Enumeration","errorCode":"5"},"OpenWEC":{"IpAddress":"10.202.0.93","TimeReceived":"2023-12-08T15:43:50.738207438+00:00","Principal":"MEEREEN$@ESSOS.LOCAL","Subscription":{"Uuid":"CB04741B-9072-4E2D-B769-3570FA020BBD","Version":"6E053E8A-FE0D-45A0-A863-C501EEDB4011","Name":"anssi-subscription"}}}
{"System":{"Provider":{"Name":"Microsoft-Windows-Security-Auditing","Guid":"{54849625-5478-4994-A5BA-3E3B0328C30D}"},"EventID":4624,"Version":2,"Level":0,"Task":12544,"Opcode":0,"Keywords":"0x8020000000000000","TimeCreated":"2023-12-08T15:18:26.614167700Z","EventRecordID":110223,"Correlation":{},"Execution":{"ProcessID":588,"ThreadID":1980},"Channel":"Security","Computer":"meereen.essos.local"},"EventData":{"LogonGuid":"{4DAE89EC-640B-593C-8935-87CC0FE7DECD}","SubjectDomainName":"-","AuthenticationPackageName":"Kerberos","TargetUserSid":"S-1-5-18","TargetUserName":"MEEREEN$","ProcessId":"0x0","VirtualAccount":"%%1843","ElevatedToken":"%%1842","LogonType":"3","TransmittedServices":"-","IpPort":"65396","ImpersonationLevel":"%%1833","WorkstationName":"-","LmPackageName":"-","LogonProcessName":"Kerberos","KeyLength":"0","TargetOutboundDomainName":"-","ProcessName":"-","TargetDomainName":"ESSOS.LOCAL","IpAddress":"::1","TargetOutboundUserName":"-","SubjectLogonId":"0x0","RestrictedAdminMode":"-","SubjectUserName":"-","TargetLinkedLogonId":"0x0","SubjectUserSid":"S-1-0-0","TargetLogonId":"0x4e73cc"},"OpenWEC":{"IpAddress":"10.202.0.93","TimeReceived":"2023-12-08T15:43:50.738207438+00:00","Principal":"MEEREEN$@ESSOS.LOCAL","Subscription":{"Uuid":"CB04741B-9072-4E2D-B769-3570FA020BBD","Version":"6E053E8A-FE0D-45A0-A863-C501EEDB4011","Name":"anssi-subscription"}}}
{"System":{"Provider":{"Name":"Microsoft-Windows-WinRM","Guid":"{A7975C8F-AC13-49F1-87DA-5A984A4AB417}"},"EventID":163,"Version":0,"Level":2,"Task":7,"Opcode":0,"Keywords":"0x400000000000000a","TimeCreated":"2023-12-08T15:18:41.978665200Z","EventRecordID":5115,"Correlation":{"ActivityID":"{833290A8-29FD-0001-23B3-3283FD29DA01}"},"Execution":{"ProcessID":1100,"ThreadID":400},"Channel":"Microsoft-Windows-WinRM/Operational","Computer":"meereen.essos.local","UserID":"S-1-5-20"},"EventData":{"authServer3":" ","authServer4":" ","authClient":"Kerberos","authServer1":" ","authServer5":" ","authServer2":" "},"OpenWEC":{"IpAddress":"10.202.0.93","TimeReceived":"2023-12-08T15:43:50.738207438+00:00","Principal":"MEEREEN$@ESSOS.LOCAL","Subscription":{"Uuid":"CB04741B-9072-4E2D-B769-3570FA020BBD","Version":"6E053E8A-FE0D-45A0-A863-C501EEDB4011","Name":"anssi-subscription"}}}
{"System":{"Provider":{"Name":"Microsoft-Windows-WinRM","Guid":"{A7975C8F-AC13-49F1-87DA-5A984A4AB417}"},"EventID":142,"Version":0,"Level":2,"Task":10,"Opcode":2,"Keywords":"0x4000000000000002","TimeCreated":"2023-12-08T15:18:41.978768400Z","EventRecordID":5116,"Correlation":{"ActivityID":"{833290A8-29FD-0001-AE92-3283FD29DA01}"},"Execution":{"ProcessID":1100,"ThreadID":400},"Channel":"Microsoft-Windows-WinRM/Operational","Computer":"meereen.essos.local","UserID":"S-1-5-20"},"EventData":{"operationName":"Enumeration","errorCode":"5"},"OpenWEC":{"IpAddress":"10.202.0.93","TimeReceived":"2023-12-08T15:43:50.738207438+00:00","Principal":"MEEREEN$@ESSOS.LOCAL","Subscription":{"Uuid":"CB04741B-9072-4E2D-B769-3570FA020BBD","Version":"6E053E8A-FE0D-45A0-A863-C501EEDB4011","Name":"anssi-subscription"}}}
{"System":{"Provider":{"Name":"Microsoft-Windows-Security-Auditing","Guid":"{54849625-5478-4994-A5BA-3E3B0328C30D}"},"EventID":4624,"Version":2,"Level":0,"Task":12544,"Opcode":0,"Keywords":"0x8020000000000000","TimeCreated":"2023-12-08T15:18:50.400754500Z","EventRecordID":110256,"Correlation":{"ActivityID":"{833290A8-29FD-0001-F190-3283FD29DA01}"},"Execution":{"ProcessID":588,"ThreadID":896},"Channel":"Security","Computer":"meereen.essos.local"},"EventData":{"ImpersonationLevel":"%%1840","AuthenticationPackageName":"Kerberos","TransmittedServices":"-","TargetLinkedLogonId":"0x0","TargetUserName":"MEEREEN$","LogonGuid":"{3AAC347E-688E-87C2-7236-4CC07166564B}","LogonType":"3","ProcessName":"-","IpPort":"65408","TargetDomainName":"ESSOS.LOCAL","RestrictedAdminMode":"-","WorkstationName":"-","SubjectDomainName":"-","IpAddress":"fe80::3076:9c8f:3acb:98de","SubjectLogonId":"0x0","KeyLength":"0","ProcessId":"0x0","VirtualAccount":"%%1843","ElevatedToken":"%%1842","TargetOutboundUserName":"-","SubjectUserName":"-","SubjectUserSid":"S-1-0-0","TargetLogonId":"0x4e97da","LmPackageName":"-","TargetOutboundDomainName":"-","TargetUserSid":"S-1-5-18","LogonProcessName":"Kerberos"},"OpenWEC":{"IpAddress":"10.202.0.93","TimeReceived":"2023-12-08T15:43:50.738207438+00:00","Principal":"MEEREEN$@ESSOS.LOCAL","Subscription":{"Uuid":"CB04741B-9072-4E2D-B769-3570FA020BBD","Version":"6E053E8A-FE0D-45A0-A863-C501EEDB4011","Name":"anssi-subscription"}}}
{"System":{"Provider":{"Name":"Microsoft-Windows-Security-Auditing","Guid":"{54849625-5478-4994-A5BA-3E3B0328C30D}"},"EventID":5140,"Version":1,"Level":0,"Task":12808,"Opcode":0,"Keywords":"0x8020000000000000","TimeCreated":"2023-12-08T15:18:50.401072900Z","EventRecordID":110257,"Correlation":{},"Execution":{"ProcessID":4,"ThreadID":6584},"Channel":"Security","Computer":"meereen.essos.local"},"EventData":{"ShareName":"\\\\*\\SYSVOL","AccessList":"%%4416\n\t\t\t\t","IpAddress":"fe80::3076:9c8f:3acb:98de","IpPort":"65408","SubjectUserSid":"S-1-5-18","SubjectDomainName":"ESSOS","SubjectLogonId":"0x4e97da","ObjectType":"File","SubjectUserName":"MEEREEN$","ShareLocalPath":"\\??\\C:\\Windows\\SYSVOL\\sysvol","AccessMask":"0x1"},"OpenWEC":{"IpAddress":"10.202.0.93","TimeReceived":"2023-12-08T15:43:50.738207438+00:00","Principal":"MEEREEN$@ESSOS.LOCAL","Subscription":{"Uuid":"CB04741B-9072-4E2D-B769-3570FA020BBD","Version":"6E053E8A-FE0D-45A0-A863-C501EEDB4011","Name":"anssi-subscription"}}}
{"System":{"Provider":{"Name":"Microsoft-Windows-Security-Auditing","Guid":"{54849625-5478-4994-A5BA-3E3B0328C30D}"},"EventID":4624,"Version":2,"Level":0,"Task":12544,"Opcode":0,"Keywords":"0x8020000000000000","TimeCreated":"2023-12-08T15:19:28.904597900Z","EventRecordID":110338,"Correlation":{},"Execution":{"ProcessID":588,"ThreadID":1980},"Channel":"Security","Computer":"meereen.essos.local"},"EventData":{"IpAddress":"::1","IpPort":"65428","TargetOutboundDomainName":"-","SubjectUserName":"-","TransmittedServices":"-","TargetLinkedLogonId":"0x0","RestrictedAdminMode":"-","ImpersonationLevel":"%%1833","TargetOutboundUserName":"-","VirtualAccount":"%%1843","SubjectUserSid":"S-1-0-0","TargetDomainName":"ESSOS.LOCAL","SubjectLogonId":"0x0","SubjectDomainName":"-","TargetLogonId":"0x4eec2a","LogonProcessName":"Kerberos","ElevatedToken":"%%1842","AuthenticationPackageName":"Kerberos","KeyLength":"0","LogonType":"3","WorkstationName":"-","ProcessId":"0x0","TargetUserName":"MEEREEN$","LmPackageName":"-","ProcessName":"-","LogonGuid":"{4DAE89EC-640B-593C-8935-87CC0FE7DECD}","TargetUserSid":"S-1-5-18"},"OpenWEC":{"IpAddress":"10.202.0.93","TimeReceived":"2023-12-08T15:43:50.738207438+00:00","Principal":"MEEREEN$@ESSOS.LOCAL","Subscription":{"Uuid":"CB04741B-9072-4E2D-B769-3570FA020BBD","Version":"6E053E8A-FE0D-45A0-A863-C501EEDB4011","Name":"anssi-subscription"}}}
{"System":{"Provider":{"Name":"Microsoft-Windows-Security-Auditing","Guid":"{54849625-5478-4994-A5BA-3E3B0328C30D}"},"EventID":4624,"Version":2,"Level":0,"Task":12544,"Opcode":0,"Keywords":"0x8020000000000000","TimeCreated":"2023-12-08T15:19:31.776587700Z","EventRecordID":110343,"Correlation":{},"Execution":{"ProcessID":588,"ThreadID":1980},"Channel":"Security","Computer":"meereen.essos.local"},"EventData":{"TargetUserSid":"S-1-5-18","LmPackageName":"-","KeyLength":"0","ImpersonationLevel":"%%1833","TargetOutboundDomainName":"-","TransmittedServices":"-","VirtualAccount":"%%1843","SubjectUserName":"-","ProcessId":"0x0","ProcessName":"-","TargetLinkedLogonId":"0x0","RestrictedAdminMode":"-","TargetOutboundUserName":"-","ElevatedToken":"%%1842","TargetDomainName":"ESSOS.LOCAL","IpPort":"65433","AuthenticationPackageName":"Kerberos","IpAddress":"fe80::3076:9c8f:3acb:98de","TargetUserName":"MEEREEN$","TargetLogonId":"0x4ef991","SubjectUserSid":"S-1-0-0","LogonType":"3","LogonProcessName":"Kerberos","WorkstationName":"-","SubjectLogonId":"0x0","SubjectDomainName":"-","LogonGuid":"{6C3699F9-21BC-C044-F488-8345FDC7CD94}"},"OpenWEC":{"IpAddress":"10.202.0.93","TimeReceived":"2023-12-08T15:43:50.738207438+00:00","Principal":"MEEREEN$@ESSOS.LOCAL","Subscription":{"Uuid":"CB04741B-9072-4E2D-B769-3570FA020BBD","Version":"6E053E8A-FE0D-45A0-A863-C501EEDB4011","Name":"anssi-subscription"}}}
{"System":{"Provider":{"Name":"Microsoft-Windows-Security-Auditing","Guid":"{54849625-5478-4994-A5BA-3E3B0328C30D}"},"EventID":4624,"Version":2,"Level":0,"Task":12544,"Opcode":0,"Keywords":"0x8020000000000000","TimeCreated":"2023-12-08T15:19:31.786333400Z","EventRecordID":110345,"Correlation":{"ActivityID":"{833290A8-29FD-0001-F190-3283FD29DA01}"},"Execution":{"ProcessID":588,"ThreadID":988},"Channel":"Security","Computer":"meereen.essos.local"},"EventData":{"SubjectUserSid":"S-1-0-0","TargetOutboundUserName":"-","WorkstationName":"-","IpAddress":"::1","KeyLength":"0","TargetDomainName":"ESSOS.LOCAL","SubjectUserName":"-","TargetUserSid":"S-1-5-18","TargetLogonId":"0x4efa70","LogonProcessName":"Kerberos","SubjectLogonId":"0x0","TargetUserName":"MEEREEN$","AuthenticationPackageName":"Kerberos","LmPackageName":"-","TransmittedServices":"-","ProcessId":"0x0","ImpersonationLevel":"%%1833","LogonType":"3","TargetOutboundDomainName":"-","VirtualAccount":"%%1843","SubjectDomainName":"-","IpPort":"0","TargetLinkedLogonId":"0x0","ElevatedToken":"%%1842","LogonGuid":"{6C3699F9-21BC-C044-F488-8345FDC7CD94}","RestrictedAdminMode":"-","ProcessName":"-"},"OpenWEC":{"IpAddress":"10.202.0.93","TimeReceived":"2023-12-08T15:43:50.738207438+00:00","Principal":"MEEREEN$@ESSOS.LOCAL","Subscription":{"Uuid":"CB04741B-9072-4E2D-B769-3570FA020BBD","Version":"6E053E8A-FE0D-45A0-A863-C501EEDB4011","Name":"anssi-subscription"}}}
{"System":{"Provider":{"Name":"Microsoft-Windows-Security-Auditing","Guid":"{54849625-5478-4994-A5BA-3E3B0328C30D}"},"EventID":4624,"Version":2,"Level":0,"Task":12544,"Opcode":0,"Keywords":"0x8020000000000000","TimeCreated":"2023-12-08T15:19:31.787871700Z","EventRecordID":110347,"Correlation":{},"Execution":{"ProcessID":588,"ThreadID":1980},"Channel":"Security","Computer":"meereen.essos.local"},"EventData":{"TargetLogonId":"0x4efab3","TransmittedServices":"-","RestrictedAdminMode":"-","LogonProcessName":"Kerberos","AuthenticationPackageName":"Kerberos","ProcessId":"0x0","LmPackageName":"-","LogonType":"3","TargetUserName":"MEEREEN$","TargetUserSid":"S-1-5-18","ProcessName":"-","VirtualAccount":"%%1843","TargetLinkedLogonId":"0x0","SubjectUserName":"-","SubjectUserSid":"S-1-0-0","KeyLength":"0","TargetOutboundUserName":"-","TargetOutboundDomainName":"-","ElevatedToken":"%%1842","IpAddress":"10.202.0.93","SubjectLogonId":"0x0","LogonGuid":"{6C3699F9-21BC-C044-F488-8345FDC7CD94}","TargetDomainName":"ESSOS.LOCAL","WorkstationName":"-","IpPort":"65434","ImpersonationLevel":"%%1833","SubjectDomainName":"-"},"OpenWEC":{"IpAddress":"10.202.0.93","TimeReceived":"2023-12-08T15:43:50.738207438+00:00","Principal":"MEEREEN$@ESSOS.LOCAL","Subscription":{"Uuid":"CB04741B-9072-4E2D-B769-3570FA020BBD","Version":"6E053E8A-FE0D-45A0-A863-C501EEDB4011","Name":"anssi-subscription"}}}
{"System":{"Provider":{"Name":"Microsoft-Windows-Security-Auditing","Guid":"{54849625-5478-4994-A5BA-3E3B0328C30D}"},"EventID":4624,"Version":2,"Level":0,"Task":12544,"Opcode":0,"Keywords":"0x8020000000000000","TimeCreated":"2023-12-08T15:19:31.868630600Z","EventRecordID":110349,"Correlation":{"ActivityID":"{833290A8-29FD-0001-F190-3283FD29DA01}"},"Execution":{"ProcessID":588,"ThreadID":988},"Channel":"Security","Computer":"meereen.essos.local"},"EventData":{"TargetUserName":"MEEREEN$","AuthenticationPackageName":"Kerberos","SubjectDomainName":"-","LogonType":"3","TargetDomainName":"ESSOS.LOCAL","SubjectUserName":"-","IpAddress":"fe80::3076:9c8f:3acb:98de","SubjectUserSid":"S-1-0-0","IpPort":"65435","SubjectLogonId":"0x0","LogonProcessName":"Kerberos","ImpersonationLevel":"%%1840","ProcessId":"0x0","TargetOutboundUserName":"-","ElevatedToken":"%%1842","RestrictedAdminMode":"-","LogonGuid":"{6C3699F9-21BC-C044-F488-8345FDC7CD94}","TransmittedServices":"-","LmPackageName":"-","WorkstationName":"-","KeyLength":"0","TargetOutboundDomainName":"-","TargetUserSid":"S-1-5-18","TargetLogonId":"0x4efb16","VirtualAccount":"%%1843","ProcessName":"-","TargetLinkedLogonId":"0x0"},"OpenWEC":{"IpAddress":"10.202.0.93","TimeReceived":"2023-12-08T15:43:50.738207438+00:00","Principal":"MEEREEN$@ESSOS.LOCAL","Subscription":{"Uuid":"CB04741B-9072-4E2D-B769-3570FA020BBD","Version":"6E053E8A-FE0D-45A0-A863-C501EEDB4011","Name":"anssi-subscription"}}}
{"System":{"Provider":{"Name":"Microsoft-Windows-Security-Auditing","Guid":"{54849625-5478-4994-A5BA-3E3B0328C30D}"},"EventID":5140,"Version":1,"Level":0,"Task":12808,"Opcode":0,"Keywords":"0x8020000000000000","TimeCreated":"2023-12-08T15:19:31.868851100Z","EventRecordID":110350,"Correlation":{},"Execution":{"ProcessID":4,"ThreadID":2128},"Channel":"Security","Computer":"meereen.essos.local"},"EventData":{"SubjectDomainName":"ESSOS","IpAddress":"fe80::3076:9c8f:3acb:98de","AccessMask":"0x1","SubjectUserName":"MEEREEN$","SubjectLogonId":"0x4efb16","ShareName":"\\\\*\\SYSVOL","ShareLocalPath":"\\??\\C:\\Windows\\SYSVOL\\sysvol","IpPort":"65435","AccessList":"%%4416\n\t\t\t\t","ObjectType":"File","SubjectUserSid":"S-1-5-18"},"OpenWEC":{"IpAddress":"10.202.0.93","TimeReceived":"2023-12-08T15:43:50.738207438+00:00","Principal":"MEEREEN$@ESSOS.LOCAL","Subscription":{"Uuid":"CB04741B-9072-4E2D-B769-3570FA020BBD","Version":"6E053E8A-FE0D-45A0-A863-C501EEDB4011","Name":"anssi-subscription"}}}
{"System":{"Provider":{"Name":"Microsoft-Windows-Security-Auditing","Guid":"{54849625-5478-4994-A5BA-3E3B0328C30D}"},"EventID":4624,"Version":2,"Level":0,"Task":12544,"Opcode":0,"Keywords":"0x8020000000000000","TimeCreated":"2023-12-08T15:19:38.366502000Z","EventRecordID":110361,"Correlation":{},"Execution":{"ProcessID":588,"ThreadID":2248},"Channel":"Security","Computer":"meereen.essos.local"},"EventData":{"IpAddress":"fe80::3076:9c8f:3acb:98de","LogonType":"3","SubjectLogonId":"0x0","SubjectUserSid":"S-1-0-0","KeyLength":"0","ProcessName":"-","LogonProcessName":"Kerberos","IpPort":"65442","SubjectDomainName":"-","ImpersonationLevel":"%%1833","LmPackageName":"-","RestrictedAdminMode":"-","SubjectUserName":"-","TargetUserName":"MEEREEN$","AuthenticationPackageName":"Kerberos","TargetOutboundUserName":"-","TargetLinkedLogonId":"0x0","ElevatedToken":"%%1842","TransmittedServices":"-","WorkstationName":"-","TargetDomainName":"ESSOS.LOCAL","TargetUserSid":"S-1-5-18","LogonGuid":"{4DAE89EC-640B-593C-8935-87CC0FE7DECD}","TargetLogonId":"0x4f14c9","TargetOutboundDomainName":"-","ProcessId":"0x0","VirtualAccount":"%%1843"},"OpenWEC":{"IpAddress":"10.202.0.93","TimeReceived":"2023-12-08T15:43:50.738207438+00:00","Principal":"MEEREEN$@ESSOS.LOCAL","Subscription":{"Uuid":"CB04741B-9072-4E2D-B769-3570FA020BBD","Version":"6E053E8A-FE0D-45A0-A863-C501EEDB4011","Name":"anssi-subscription"}}}
{"System":{"Provider":{"Name":"Microsoft-Windows-Security-Auditing","Guid":"{54849625-5478-4994-A5BA-3E3B0328C30D}"},"EventID":4624,"Version":2,"Level":0,"Task":12544,"Opcode":0,"Keywords":"0x8020000000000000","TimeCreated":"2023-12-08T15:19:38.369237800Z","EventRecordID":110364,"Correlation":{},"Execution":{"ProcessID":588,"ThreadID":1980},"Channel":"Security","Computer":"meereen.essos.local"},"EventData":{"AuthenticationPackageName":"Kerberos","LmPackageName":"-","TargetOutboundDomainName":"-","VirtualAccount":"%%1843","TargetLinkedLogonId":"0x0","TargetLogonId":"0x4f1532","ProcessName":"-","ImpersonationLevel":"%%1833","KeyLength":"0","SubjectUserSid":"S-1-0-0","IpPort":"65443","SubjectLogonId":"0x0","TargetOutboundUserName":"-","ElevatedToken":"%%1842","IpAddress":"fe80::3076:9c8f:3acb:98de","ProcessId":"0x0","TargetDomainName":"ESSOS.LOCAL","SubjectUserName":"-","TargetUserName":"MEEREEN$","LogonType":"3","LogonProcessName":"Kerberos","WorkstationName":"-","RestrictedAdminMode":"-","LogonGuid":"{4DAE89EC-640B-593C-8935-87CC0FE7DECD}","SubjectDomainName":"-","TargetUserSid":"S-1-5-18","TransmittedServices":"-"},"OpenWEC":{"IpAddress":"10.202.0.93","TimeReceived":"2023-12-08T15:43:50.738207438+00:00","Principal":"MEEREEN$@ESSOS.LOCAL","Subscription":{"Uuid":"CB04741B-9072-4E2D-B769-3570FA020BBD","Version":"6E053E8A-FE0D-45A0-A863-C501EEDB4011","Name":"anssi-subscription"}}}
{"System":{"Provider":{"Name":"Microsoft-Windows-WinRM","Guid":"{A7975C8F-AC13-49F1-87DA-5A984A4AB417}"},"EventID":163,"Version":0,"Level":2,"Task":7,"Opcode":0,"Keywords":"0x400000000000000a","TimeCreated":"2023-12-08T15:19:39.038622200Z","EventRecordID":5119,"Correlation":{"ActivityID":"{833290A8-29FD-0001-42B3-3283FD29DA01}"},"Execution":{"ProcessID":1100,"ThreadID":1636},"Channel":"Microsoft-Windows-WinRM/Operational","Computer":"meereen.essos.local","UserID":"S-1-5-20"},"EventData":{"authServer3":" ","authServer1":" ","authServer4":" ","authServer5":" ","authClient":"Kerberos","authServer2":" "},"OpenWEC":{"IpAddress":"10.202.0.93","TimeReceived":"2023-12-08T15:43:50.738207438+00:00","Principal":"MEEREEN$@ESSOS.LOCAL","Subscription":{"Uuid":"CB04741B-9072-4E2D-B769-3570FA020BBD","Version":"6E053E8A-FE0D-45A0-A863-C501EEDB4011","Name":"anssi-subscription"}}}
{"System":{"Provider":{"Name":"Microsoft-Windows-WinRM","Guid":"{A7975C8F-AC13-49F1-87DA-5A984A4AB417}"},"EventID":142,"Version":0,"Level":2,"Task":10,"Opcode":2,"Keywords":"0x4000000000000002","TimeCreated":"2023-12-08T15:19:39.038680300Z","EventRecordID":5120,"Correlation":{"ActivityID":"{833290A8-29FD-0001-AE92-3283FD29DA01}"},"Execution":{"ProcessID":1100,"ThreadID":1636},"Channel":"Microsoft-Windows-WinRM/Operational","Computer":"meereen.essos.local","UserID":"S-1-5-20"},"EventData":{"operationName":"Enumeration","errorCode":"5"},"OpenWEC":{"IpAddress":"10.202.0.93","TimeReceived":"2023-12-08T15:43:50.738207438+00:00","Principal":"MEEREEN$@ESSOS.LOCAL","Subscription":{"Uuid":"CB04741B-9072-4E2D-B769-3570FA020BBD","Version":"6E053E8A-FE0D-45A0-A863-C501EEDB4011","Name":"anssi-subscription"}}}
{"System":{"Provider":{"Name":"Microsoft-Windows-Security-Auditing","Guid":"{54849625-5478-4994-A5BA-3E3B0328C30D}"},"EventID":4624,"Version":2,"Level":0,"Task":12544,"Opcode":0,"Keywords":"0x8020000000000000","TimeCreated":"2023-12-08T15:20:17.646759000Z","EventRecordID":110409,"Correlation":{},"Execution":{"ProcessID":588,"ThreadID":1980},"Channel":"Security","Computer":"meereen.essos.local"},"EventData":{"LogonGuid":"{4DAE89EC-640B-593C-8935-87CC0FE7DECD}","IpAddress":"::1","RestrictedAdminMode":"-","SubjectDomainName":"-","ProcessId":"0x0","VirtualAccount":"%%1843","TargetUserName":"MEEREEN$","TargetUserSid":"S-1-5-18","WorkstationName":"-","TargetLogonId":"0x4f6aae","TargetLinkedLogonId":"0x0","ImpersonationLevel":"%%1833","IpPort":"65466","SubjectUserName":"-","ElevatedToken":"%%1842","AuthenticationPackageName":"Kerberos","SubjectUserSid":"S-1-0-0","SubjectLogonId":"0x0","TargetDomainName":"ESSOS.LOCAL","LogonType":"3","LogonProcessName":"Kerberos","TransmittedServices":"-","KeyLength":"0","LmPackageName":"-","ProcessName":"-","TargetOutboundDomainName":"-","TargetOutboundUserName":"-"},"OpenWEC":{"IpAddress":"10.202.0.93","TimeReceived":"2023-12-08T15:43:50.738207438+00:00","Principal":"MEEREEN$@ESSOS.LOCAL","Subscription":{"Uuid":"CB04741B-9072-4E2D-B769-3570FA020BBD","Version":"6E053E8A-FE0D-45A0-A863-C501EEDB4011","Name":"anssi-subscription"}}}
{"System":{"Provider":{"Name":"Microsoft-Windows-WinRM","Guid":"{A7975C8F-AC13-49F1-87DA-5A984A4AB417}"},"EventID":163,"Version":0,"Level":2,"Task":7,"Opcode":0,"Keywords":"0x400000000000000a","TimeCreated":"2023-12-08T15:20:37.703763400Z","EventRecordID":5123,"Correlation":{"ActivityID":"{833290A8-29FD-0001-46B3-3283FD29DA01}"},"Execution":{"ProcessID":1100,"ThreadID":1520},"Channel":"Microsoft-Windows-WinRM/Operational","Computer":"meereen.essos.local","UserID":"S-1-5-20"},"EventData":{"authClient":"Kerberos","authServer2":" ","authServer3":" ","authServer4":" ","authServer5":" ","authServer1":" "},"OpenWEC":{"IpAddress":"10.202.0.93","TimeReceived":"2023-12-08T15:43:50.738207438+00:00","Principal":"MEEREEN$@ESSOS.LOCAL","Subscription":{"Uuid":"CB04741B-9072-4E2D-B769-3570FA020BBD","Version":"6E053E8A-FE0D-45A0-A863-C501EEDB4011","Name":"anssi-subscription"}}}
{"System":{"Provider":{"Name":"Microsoft-Windows-WinRM","Guid":"{A7975C8F-AC13-49F1-87DA-5A984A4AB417}"},"EventID":142,"Version":0,"Level":2,"Task":10,"Opcode":2,"Keywords":"0x4000000000000002","TimeCreated":"2023-12-08T15:20:37.703959500Z","EventRecordID":5124,"Correlation":{"ActivityID":"{833290A8-29FD-0001-AE92-3283FD29DA01}"},"Execution":{"ProcessID":1100,"ThreadID":1520},"Channel":"Microsoft-Windows-WinRM/Operational","Computer":"meereen.essos.local","UserID":"S-1-5-20"},"EventData":{"errorCode":"5","operationName":"Enumeration"},"OpenWEC":{"IpAddress":"10.202.0.93","TimeReceived":"2023-12-08T15:43:50.738207438+00:00","Principal":"MEEREEN$@ESSOS.LOCAL","Subscription":{"Uuid":"CB04741B-9072-4E2D-B769-3570FA020BBD","Version":"6E053E8A-FE0D-45A0-A863-C501EEDB4011","Name":"anssi-subscription"}}}
{"System":{"Provider":{"Name":"Microsoft-Windows-Security-Auditing","Guid":"{54849625-5478-4994-A5BA-3E3B0328C30D}"},"EventID":4624,"Version":2,"Level":0,"Task":12544,"Opcode":0,"Keywords":"0x8020000000000000","TimeCreated":"2023-12-08T15:21:35.992778800Z","EventRecordID":110527,"Correlation":{},"Execution":{"ProcessID":588,"ThreadID":1980},"Channel":"Security","Computer":"meereen.essos.local"},"EventData":{"IpPort":"65496","TargetUserSid":"S-1-5-18","SubjectDomainName":"-","LmPackageName":"-","ProcessId":"0x0","TargetLogonId":"0x4fe28a","SubjectUserSid":"S-1-0-0","WorkstationName":"-","KeyLength":"0","SubjectUserName":"-","LogonGuid":"{4DAE89EC-640B-593C-8935-87CC0FE7DECD}","TargetDomainName":"ESSOS.LOCAL","SubjectLogonId":"0x0","IpAddress":"::1","TargetOutboundUserName":"-","TargetOutboundDomainName":"-","ProcessName":"-","TransmittedServices":"-","VirtualAccount":"%%1843","TargetUserName":"MEEREEN$","TargetLinkedLogonId":"0x0","ImpersonationLevel":"%%1833","LogonType":"3","RestrictedAdminMode":"-","LogonProcessName":"Kerberos","AuthenticationPackageName":"Kerberos","ElevatedToken":"%%1842"},"OpenWEC":{"IpAddress":"10.202.0.93","TimeReceived":"2023-12-08T15:43:50.738207438+00:00","Principal":"MEEREEN$@ESSOS.LOCAL","Subscription":{"Uuid":"CB04741B-9072-4E2D-B769-3570FA020BBD","Version":"6E053E8A-FE0D-45A0-A863-C501EEDB4011","Name":"anssi-subscription"}}}
{"System":{"Provider":{"Name":"Microsoft-Windows-WinRM","Guid":"{A7975C8F-AC13-49F1-87DA-5A984A4AB417}"},"EventID":163,"Version":0,"Level":2,"Task":7,"Opcode":0,"Keywords":"0x400000000000000a","TimeCreated":"2023-12-08T15:21:58.866959700Z","EventRecordID":5127,"Correlation":{"ActivityID":"{833290A8-29FD-0001-4CB3-3283FD29DA01}"},"Execution":{"ProcessID":1100,"ThreadID":1520},"Channel":"Microsoft-Windows-WinRM/Operational","Computer":"meereen.essos.local","UserID":"S-1-5-20"},"EventData":{"authServer1":" ","authClient":"Kerberos","authServer2":" ","authServer3":" ","authServer5":" ","authServer4":" "},"OpenWEC":{"IpAddress":"10.202.0.93","TimeReceived":"2023-12-08T15:43:50.738207438+00:00","Principal":"MEEREEN$@ESSOS.LOCAL","Subscription":{"Uuid":"CB04741B-9072-4E2D-B769-3570FA020BBD","Version":"6E053E8A-FE0D-45A0-A863-C501EEDB4011","Name":"anssi-subscription"}}}
{"System":{"Provider":{"Name":"Microsoft-Windows-WinRM","Guid":"{A7975C8F-AC13-49F1-87DA-5A984A4AB417}"},"EventID":142,"Version":0,"Level":2,"Task":10,"Opcode":2,"Keywords":"0x4000000000000002","TimeCreated":"2023-12-08T15:21:58.867048200Z","EventRecordID":5128,"Correlation":{"ActivityID":"{833290A8-29FD-0001-AE92-3283FD29DA01}"},"Execution":{"ProcessID":1100,"ThreadID":1520},"Channel":"Microsoft-Windows-WinRM/Operational","Computer":"meereen.essos.local","UserID":"S-1-5-20"},"EventData":{"errorCode":"5","operationName":"Enumeration"},"OpenWEC":{"IpAddress":"10.202.0.93","TimeReceived":"2023-12-08T15:43:50.738207438+00:00","Principal":"MEEREEN$@ESSOS.LOCAL","Subscription":{"Uuid":"CB04741B-9072-4E2D-B769-3570FA020BBD","Version":"6E053E8A-FE0D-45A0-A863-C501EEDB4011","Name":"anssi-subscription"}}}
{"System":{"Provider":{"Name":"Microsoft-Windows-Security-Auditing","Guid":"{54849625-5478-4994-A5BA-3E3B0328C30D}"},"EventID":4624,"Version":2,"Level":0,"Task":12544,"Opcode":0,"Keywords":"0x8020000000000000","TimeCreated":"2023-12-08T15:22:30.902137700Z","EventRecordID":110611,"Correlation":{},"Execution":{"ProcessID":588,"ThreadID":1980},"Channel":"Security","Computer":"meereen.essos.local"},"EventData":{"ProcessName":"-","TargetOutboundUserName":"-","TargetLogonId":"0x5057e9","LmPackageName":"-","TargetUserName":"MEEREEN$","ProcessId":"0x0","IpAddress":"::1","IpPort":"65525","LogonProcessName":"Kerberos","TransmittedServices":"-","ImpersonationLevel":"%%1833","SubjectDomainName":"-","SubjectUserSid":"S-1-0-0","TargetDomainName":"ESSOS.LOCAL","KeyLength":"0","SubjectUserName":"-","AuthenticationPackageName":"Kerberos","RestrictedAdminMode":"-","TargetOutboundDomainName":"-","ElevatedToken":"%%1842","VirtualAccount":"%%1843","SubjectLogonId":"0x0","TargetUserSid":"S-1-5-18","LogonType":"3","WorkstationName":"-","TargetLinkedLogonId":"0x0","LogonGuid":"{4DAE89EC-640B-593C-8935-87CC0FE7DECD}"},"OpenWEC":{"IpAddress":"10.202.0.93","TimeReceived":"2023-12-08T15:43:50.738207438+00:00","Principal":"MEEREEN$@ESSOS.LOCAL","Subscription":{"Uuid":"CB04741B-9072-4E2D-B769-3570FA020BBD","Version":"6E053E8A-FE0D-45A0-A863-C501EEDB4011","Name":"anssi-subscription"}}}
{"System":{"Provider":{"Name":"Microsoft-Windows-WinRM","Guid":"{A7975C8F-AC13-49F1-87DA-5A984A4AB417}"},"EventID":163,"Version":0,"Level":2,"Task":7,"Opcode":0,"Keywords":"0x400000000000000a","TimeCreated":"2023-12-08T15:22:45.436413000Z","EventRecordID":5131,"Correlation":{"ActivityID":"{833290A8-29FD-0001-4FB3-3283FD29DA01}"},"Execution":{"ProcessID":1100,"ThreadID":1520},"Channel":"Microsoft-Windows-WinRM/Operational","Computer":"meereen.essos.local","UserID":"S-1-5-20"},"EventData":{"authClient":"Kerberos","authServer2":" ","authServer4":" ","authServer5":" ","authServer1":" ","authServer3":" "},"OpenWEC":{"IpAddress":"10.202.0.93","TimeReceived":"2023-12-08T15:43:50.738207438+00:00","Principal":"MEEREEN$@ESSOS.LOCAL","Subscription":{"Uuid":"CB04741B-9072-4E2D-B769-3570FA020BBD","Version":"6E053E8A-FE0D-45A0-A863-C501EEDB4011","Name":"anssi-subscription"}}}
{"System":{"Provider":{"Name":"Microsoft-Windows-WinRM","Guid":"{A7975C8F-AC13-49F1-87DA-5A984A4AB417}"},"EventID":142,"Version":0,"Level":2,"Task":10,"Opcode":2,"Keywords":"0x4000000000000002","TimeCreated":"2023-12-08T15:22:45.436468700Z","EventRecordID":5132,"Correlation":{"ActivityID":"{833290A8-29FD-0001-AE92-3283FD29DA01}"},"Execution":{"ProcessID":1100,"ThreadID":1520},"Channel":"Microsoft-Windows-WinRM/Operational","Computer":"meereen.essos.local","UserID":"S-1-5-20"},"EventData":{"errorCode":"5","operationName":"Enumeration"},"OpenWEC":{"IpAddress":"10.202.0.93","TimeReceived":"2023-12-08T15:43:50.738207438+00:00","Principal":"MEEREEN$@ESSOS.LOCAL","Subscription":{"Uuid":"CB04741B-9072-4E2D-B769-3570FA020BBD","Version":"6E053E8A-FE0D-45A0-A863-C501EEDB4011","Name":"anssi-subscription"}}}
{"System":{"Provider":{"Name":"Microsoft-Windows-Security-Auditing","Guid":"{54849625-5478-4994-A5BA-3E3B0328C30D}"},"EventID":4624,"Version":2,"Level":0,"Task":12544,"Opcode":0,"Keywords":"0x8020000000000000","TimeCreated":"2023-12-08T15:23:13.901816000Z","EventRecordID":110737,"Correlation":{},"Execution":{"ProcessID":588,"ThreadID":1980},"Channel":"Security","Computer":"meereen.essos.local"},"EventData":{"TargetLinkedLogonId":"0x0","LogonType":"3","LogonProcessName":"Kerberos","IpPort":"49174","SubjectLogonId":"0x0","ElevatedToken":"%%1842","ProcessName":"-","TargetOutboundUserName":"-","IpAddress":"::1","TargetDomainName":"ESSOS.LOCAL","VirtualAccount":"%%1843","KeyLength":"0","TransmittedServices":"-","AuthenticationPackageName":"Kerberos","ImpersonationLevel":"%%1833","TargetUserSid":"S-1-5-18","SubjectUserName":"-","TargetLogonId":"0x50cde4","LmPackageName":"-","ProcessId":"0x0","TargetUserName":"MEEREEN$","SubjectDomainName":"-","WorkstationName":"-","LogonGuid":"{4DAE89EC-640B-593C-8935-87CC0FE7DECD}","SubjectUserSid":"S-1-0-0","RestrictedAdminMode":"-","TargetOutboundDomainName":"-"},"OpenWEC":{"IpAddress":"10.202.0.93","TimeReceived":"2023-12-08T15:43:50.738207438+00:00","Principal":"MEEREEN$@ESSOS.LOCAL","Subscription":{"Uuid":"CB04741B-9072-4E2D-B769-3570FA020BBD","Version":"6E053E8A-FE0D-45A0-A863-C501EEDB4011","Name":"anssi-subscription"}}}
{"System":{"Provider":{"Name":"Microsoft-Windows-WinRM","Guid":"{A7975C8F-AC13-49F1-87DA-5A984A4AB417}"},"EventID":163,"Version":0,"Level":2,"Task":7,"Opcode":0,"Keywords":"0x400000000000000a","TimeCreated":"2023-12-08T15:23:41.723790400Z","EventRecordID":5135,"Correlation":{"ActivityID":"{833290A8-29FD-0001-53B3-3283FD29DA01}"},"Execution":{"ProcessID":1100,"ThreadID":1520},"Channel":"Microsoft-Windows-WinRM/Operational","Computer":"meereen.essos.local","UserID":"S-1-5-20"},"EventData":{"authClient":"Kerberos","authServer1":" ","authServer2":" ","authServer3":" ","authServer4":" ","authServer5":" "},"OpenWEC":{"IpAddress":"10.202.0.93","TimeReceived":"2023-12-08T15:43:50.738207438+00:00","Principal":"MEEREEN$@ESSOS.LOCAL","Subscription":{"Uuid":"CB04741B-9072-4E2D-B769-3570FA020BBD","Version":"6E053E8A-FE0D-45A0-A863-C501EEDB4011","Name":"anssi-subscription"}}}
{"System":{"Provider":{"Name":"Microsoft-Windows-WinRM","Guid":"{A7975C8F-AC13-49F1-87DA-5A984A4AB417}"},"EventID":142,"Version":0,"Level":2,"Task":10,"Opcode":2,"Keywords":"0x4000000000000002","TimeCreated":"2023-12-08T15:23:41.723898000Z","EventRecordID":5136,"Correlation":{"ActivityID":"{833290A8-29FD-0001-AE92-3283FD29DA01}"},"Execution":{"ProcessID":1100,"ThreadID":1520},"Channel":"Microsoft-Windows-WinRM/Operational","Computer":"meereen.essos.local","UserID":"S-1-5-20"},"EventData":{"errorCode":"5","operationName":"Enumeration"},"OpenWEC":{"IpAddress":"10.202.0.93","TimeReceived":"2023-12-08T15:43:50.738207438+00:00","Principal":"MEEREEN$@ESSOS.LOCAL","Subscription":{"Uuid":"CB04741B-9072-4E2D-B769-3570FA020BBD","Version":"6E053E8A-FE0D-45A0-A863-C501EEDB4011","Name":"anssi-subscription"}}}
{"System":{"Provider":{"Name":"Microsoft-Windows-Security-Auditing","Guid":"{54849625-5478-4994-A5BA-3E3B0328C30D}"},"EventID":4624,"Version":2,"Level":0,"Task":12544,"Opcode":0,"Keywords":"0x8020000000000000","TimeCreated":"2023-12-08T15:23:57.136314000Z","EventRecordID":110777,"Correlation":{},"Execution":{"ProcessID":588,"ThreadID":988},"Channel":"Security","Computer":"meereen.essos.local"},"EventData":{"LogonProcessName":"Kerberos","KeyLength":"0","ProcessName":"-","ProcessId":"0x0","SubjectDomainName":"-","TargetOutboundUserName":"-","TargetUserName":"MEEREEN$","TargetDomainName":"ESSOS.LOCAL","RestrictedAdminMode":"-","TargetUserSid":"S-1-5-18","SubjectLogonId":"0x0","TargetLogonId":"0x512084","LogonGuid":"{8432D9FB-0C20-9651-AE3E-7F1B662518A6}","LmPackageName":"-","ImpersonationLevel":"%%1833","TargetOutboundDomainName":"-","SubjectUserSid":"S-1-0-0","SubjectUserName":"-","TransmittedServices":"-","VirtualAccount":"%%1843","TargetLinkedLogonId":"0x0","LogonType":"3","AuthenticationPackageName":"Kerberos","ElevatedToken":"%%1842","WorkstationName":"-","IpPort":"49196","IpAddress":"fe80::3076:9c8f:3acb:98de"},"OpenWEC":{"IpAddress":"10.202.0.93","TimeReceived":"2023-12-08T15:43:50.738207438+00:00","Principal":"MEEREEN$@ESSOS.LOCAL","Subscription":{"Uuid":"CB04741B-9072-4E2D-B769-3570FA020BBD","Version":"6E053E8A-FE0D-45A0-A863-C501EEDB4011","Name":"anssi-subscription"}}}
{"System":{"Provider":{"Name":"Microsoft-Windows-Security-Auditing","Guid":"{54849625-5478-4994-A5BA-3E3B0328C30D}"},"EventID":4624,"Version":2,"Level":0,"Task":12544,"Opcode":0,"Keywords":"0x8020000000000000","TimeCreated":"2023-12-08T15:24:28.108516300Z","EventRecordID":110806,"Correlation":{},"Execution":{"ProcessID":588,"ThreadID":1980},"Channel":"Security","Computer":"meereen.essos.local"},"EventData":{"LogonType":"3","ImpersonationLevel":"%%1833","TargetDomainName":"ESSOS.LOCAL","ProcessId":"0x0","IpAddress":"::1","TargetLinkedLogonId":"0x0","SubjectUserName":"-","SubjectDomainName":"-","LogonGuid":"{4DAE89EC-640B-593C-8935-87CC0FE7DECD}","VirtualAccount":"%%1843","TargetOutboundDomainName":"-","IpPort":"49208","RestrictedAdminMode":"-","TargetUserSid":"S-1-5-18","TargetUserName":"MEEREEN$","KeyLength":"0","ProcessName":"-","AuthenticationPackageName":"Kerberos","TransmittedServices":"-","TargetOutboundUserName":"-","SubjectLogonId":"0x0","TargetLogonId":"0x514aaf","WorkstationName":"-","LogonProcessName":"Kerberos","ElevatedToken":"%%1842","SubjectUserSid":"S-1-0-0","LmPackageName":"-"},"OpenWEC":{"IpAddress":"10.202.0.93","TimeReceived":"2023-12-08T15:43:50.738207438+00:00","Principal":"MEEREEN$@ESSOS.LOCAL","Subscription":{"Uuid":"CB04741B-9072-4E2D-B769-3570FA020BBD","Version":"6E053E8A-FE0D-45A0-A863-C501EEDB4011","Name":"anssi-subscription"}}}
{"System":{"Provider":{"Name":"Microsoft-Windows-Security-Auditing","Guid":"{54849625-5478-4994-A5BA-3E3B0328C30D}"},"EventID":4624,"Version":2,"Level":0,"Task":12544,"Opcode":0,"Keywords":"0x8020000000000000","TimeCreated":"2023-12-08T15:24:34.065200500Z","EventRecordID":110813,"Correlation":{},"Execution":{"ProcessID":588,"ThreadID":1980},"Channel":"Security","Computer":"meereen.essos.local"},"EventData":{"KeyLength":"0","TargetOutboundDomainName":"-","ProcessName":"-","ImpersonationLevel":"%%1833","RestrictedAdminMode":"-","TargetLinkedLogonId":"0x0","ElevatedToken":"%%1842","TargetUserSid":"S-1-5-18","IpAddress":"fe80::3076:9c8f:3acb:98de","IpPort":"49211","AuthenticationPackageName":"Kerberos","TargetLogonId":"0x5159ee","SubjectLogonId":"0x0","TargetDomainName":"ESSOS.LOCAL","SubjectUserSid":"S-1-0-0","SubjectUserName":"-","TransmittedServices":"-","LmPackageName":"-","ProcessId":"0x0","VirtualAccount":"%%1843","LogonGuid":"{6C3699F9-21BC-C044-F488-8345FDC7CD94}","TargetUserName":"MEEREEN$","WorkstationName":"-","LogonProcessName":"Kerberos","SubjectDomainName":"-","LogonType":"3","TargetOutboundUserName":"-"},"OpenWEC":{"IpAddress":"10.202.0.93","TimeReceived":"2023-12-08T15:43:50.738207438+00:00","Principal":"MEEREEN$@ESSOS.LOCAL","Subscription":{"Uuid":"CB04741B-9072-4E2D-B769-3570FA020BBD","Version":"6E053E8A-FE0D-45A0-A863-C501EEDB4011","Name":"anssi-subscription"}}}
{"System":{"Provider":{"Name":"Microsoft-Windows-Security-Auditing","Guid":"{54849625-5478-4994-A5BA-3E3B0328C30D}"},"EventID":4624,"Version":2,"Level":0,"Task":12544,"Opcode":0,"Keywords":"0x8020000000000000","TimeCreated":"2023-12-08T15:24:34.089410500Z","EventRecordID":110815,"Correlation":{"ActivityID":"{833290A8-29FD-0001-F190-3283FD29DA01}"},"Execution":{"ProcessID":588,"ThreadID":896},"Channel":"Security","Computer":"meereen.essos.local"},"EventData":{"SubjectLogonId":"0x0","TargetUserSid":"S-1-5-18","AuthenticationPackageName":"Kerberos","SubjectUserSid":"S-1-0-0","ProcessId":"0x0","TargetOutboundDomainName":"-","VirtualAccount":"%%1843","LogonGuid":"{6C3699F9-21BC-C044-F488-8345FDC7CD94}","SubjectUserName":"-","TargetUserName":"MEEREEN$","TargetDomainName":"ESSOS.LOCAL","LmPackageName":"-","ProcessName":"-","LogonType":"3","IpPort":"0","ImpersonationLevel":"%%1833","TargetLinkedLogonId":"0x0","ElevatedToken":"%%1842","LogonProcessName":"Kerberos","RestrictedAdminMode":"-","IpAddress":"::1","TargetOutboundUserName":"-","KeyLength":"0","WorkstationName":"-","TransmittedServices":"-","TargetLogonId":"0x515acd","SubjectDomainName":"-"},"OpenWEC":{"IpAddress":"10.202.0.93","TimeReceived":"2023-12-08T15:43:50.738207438+00:00","Principal":"MEEREEN$@ESSOS.LOCAL","Subscription":{"Uuid":"CB04741B-9072-4E2D-B769-3570FA020BBD","Version":"6E053E8A-FE0D-45A0-A863-C501EEDB4011","Name":"anssi-subscription"}}}
{"System":{"Provider":{"Name":"Microsoft-Windows-Security-Auditing","Guid":"{54849625-5478-4994-A5BA-3E3B0328C30D}"},"EventID":4624,"Version":2,"Level":0,"Task":12544,"Opcode":0,"Keywords":"0x8020000000000000","TimeCreated":"2023-12-08T15:24:34.092682500Z","EventRecordID":110817,"Correlation":{},"Execution":{"ProcessID":588,"ThreadID":2248},"Channel":"Security","Computer":"meereen.essos.local"},"EventData":{"TargetUserName":"MEEREEN$","SubjectDomainName":"-","LogonProcessName":"Kerberos","VirtualAccount":"%%1843","IpAddress":"10.202.0.93","SubjectUserSid":"S-1-0-0","TargetUserSid":"S-1-5-18","SubjectUserName":"-","TargetDomainName":"ESSOS.LOCAL","LogonType":"3","TargetLogonId":"0x515b11","LogonGuid":"{6C3699F9-21BC-C044-F488-8345FDC7CD94}","SubjectLogonId":"0x0","ProcessId":"0x0","ProcessName":"-","IpPort":"49212","RestrictedAdminMode":"-","TargetLinkedLogonId":"0x0","AuthenticationPackageName":"Kerberos","TransmittedServices":"-","WorkstationName":"-","ImpersonationLevel":"%%1833","ElevatedToken":"%%1842","KeyLength":"0","TargetOutboundDomainName":"-","TargetOutboundUserName":"-","LmPackageName":"-"},"OpenWEC":{"IpAddress":"10.202.0.93","TimeReceived":"2023-12-08T15:43:50.738207438+00:00","Principal":"MEEREEN$@ESSOS.LOCAL","Subscription":{"Uuid":"CB04741B-9072-4E2D-B769-3570FA020BBD","Version":"6E053E8A-FE0D-45A0-A863-C501EEDB4011","Name":"anssi-subscription"}}}
{"System":{"Provider":{"Name":"Microsoft-Windows-Security-Auditing","Guid":"{54849625-5478-4994-A5BA-3E3B0328C30D}"},"EventID":4624,"Version":2,"Level":0,"Task":12544,"Opcode":0,"Keywords":"0x8020000000000000","TimeCreated":"2023-12-08T15:24:34.232097000Z","EventRecordID":110819,"Correlation":{"ActivityID":"{833290A8-29FD-0001-F190-3283FD29DA01}"},"Execution":{"ProcessID":588,"ThreadID":896},"Channel":"Security","Computer":"meereen.essos.local"},"EventData":{"IpPort":"49213","TargetOutboundUserName":"-","VirtualAccount":"%%1843","TargetLinkedLogonId":"0x0","TargetUserName":"MEEREEN$","SubjectUserSid":"S-1-0-0","SubjectLogonId":"0x0","TargetOutboundDomainName":"-","LogonType":"3","SubjectDomainName":"-","SubjectUserName":"-","ImpersonationLevel":"%%1840","ElevatedToken":"%%1842","LogonProcessName":"Kerberos","TransmittedServices":"-","TargetUserSid":"S-1-5-18","ProcessName":"-","TargetLogonId":"0x515b81","AuthenticationPackageName":"Kerberos","RestrictedAdminMode":"-","TargetDomainName":"ESSOS.LOCAL","LogonGuid":"{6C3699F9-21BC-C044-F488-8345FDC7CD94}","WorkstationName":"-","LmPackageName":"-","ProcessId":"0x0","KeyLength":"0","IpAddress":"fe80::3076:9c8f:3acb:98de"},"OpenWEC":{"IpAddress":"10.202.0.93","TimeReceived":"2023-12-08T15:43:50.738207438+00:00","Principal":"MEEREEN$@ESSOS.LOCAL","Subscription":{"Uuid":"CB04741B-9072-4E2D-B769-3570FA020BBD","Version":"6E053E8A-FE0D-45A0-A863-C501EEDB4011","Name":"anssi-subscription"}}}
{"System":{"Provider":{"Name":"Microsoft-Windows-Security-Auditing","Guid":"{54849625-5478-4994-A5BA-3E3B0328C30D}"},"EventID":5140,"Version":1,"Level":0,"Task":12808,"Opcode":0,"Keywords":"0x8020000000000000","TimeCreated":"2023-12-08T15:24:34.232559800Z","EventRecordID":110820,"Correlation":{},"Execution":{"ProcessID":4,"ThreadID":1220},"Channel":"Security","Computer":"meereen.essos.local"},"EventData":{"IpAddress":"fe80::3076:9c8f:3acb:98de","ShareLocalPath":"\\??\\C:\\Windows\\SYSVOL\\sysvol","SubjectUserName":"MEEREEN$","SubjectUserSid":"S-1-5-18","ObjectType":"File","SubjectDomainName":"ESSOS","AccessList":"%%4416\n\t\t\t\t","SubjectLogonId":"0x515b81","IpPort":"49213","ShareName":"\\\\*\\SYSVOL","AccessMask":"0x1"},"OpenWEC":{"IpAddress":"10.202.0.93","TimeReceived":"2023-12-08T15:43:50.738207438+00:00","Principal":"MEEREEN$@ESSOS.LOCAL","Subscription":{"Uuid":"CB04741B-9072-4E2D-B769-3570FA020BBD","Version":"6E053E8A-FE0D-45A0-A863-C501EEDB4011","Name":"anssi-subscription"}}}
{"System":{"Provider":{"Name":"Microsoft-Windows-Security-Auditing","Guid":"{54849625-5478-4994-A5BA-3E3B0328C30D}"},"EventID":4624,"Version":2,"Level":0,"Task":12544,"Opcode":0,"Keywords":"0x8020000000000000","TimeCreated":"2023-12-08T15:24:48.180028700Z","EventRecordID":110833,"Correlation":{},"Execution":{"ProcessID":588,"ThreadID":2248},"Channel":"Security","Computer":"meereen.essos.local"},"EventData":{"VirtualAccount":"%%1843","TargetLogonId":"0x5173e9","TargetUserSid":"S-1-5-18","LogonProcessName":"Kerberos","ImpersonationLevel":"%%1833","TargetOutboundUserName":"-","TransmittedServices":"-","TargetUserName":"MEEREEN$","WorkstationName":"-","LogonGuid":"{4DAE89EC-640B-593C-8935-87CC0FE7DECD}","SubjectDomainName":"-","LogonType":"3","IpAddress":"fe80::3076:9c8f:3acb:98de","IpPort":"49219","SubjectUserName":"-","TargetOutboundDomainName":"-","KeyLength":"0","TargetLinkedLogonId":"0x0","ElevatedToken":"%%1842","RestrictedAdminMode":"-","SubjectLogonId":"0x0","SubjectUserSid":"S-1-0-0","TargetDomainName":"ESSOS.LOCAL","AuthenticationPackageName":"Kerberos","LmPackageName":"-","ProcessId":"0x0","ProcessName":"-"},"OpenWEC":{"IpAddress":"10.202.0.93","TimeReceived":"2023-12-08T15:43:50.738207438+00:00","Principal":"MEEREEN$@ESSOS.LOCAL","Subscription":{"Uuid":"CB04741B-9072-4E2D-B769-3570FA020BBD","Version":"6E053E8A-FE0D-45A0-A863-C501EEDB4011","Name":"anssi-subscription"}}}
{"System":{"Provider":{"Name":"Microsoft-Windows-Security-Auditing","Guid":"{54849625-5478-4994-A5BA-3E3B0328C30D}"},"EventID":4624,"Version":2,"Level":0,"Task":12544,"Opcode":0,"Keywords":"0x8020000000000000","TimeCreated":"2023-12-08T15:24:48.187344400Z","EventRecordID":110836,"Correlation":{},"Execution":{"ProcessID":588,"ThreadID":1980},"Channel":"Security","Computer":"meereen.essos.local"},"EventData":{"TargetUserName":"MEEREEN$","SubjectDomainName":"-","LmPackageName":"-","ProcessId":"0x0","IpAddress":"fe80::3076:9c8f:3acb:98de","RestrictedAdminMode":"-","TargetOutboundUserName":"-","TargetLogonId":"0x517452","SubjectUserName":"-","AuthenticationPackageName":"Kerberos","TargetDomainName":"ESSOS.LOCAL","IpPort":"49220","ImpersonationLevel":"%%1833","TransmittedServices":"-","TargetOutboundDomainName":"-","VirtualAccount":"%%1843","SubjectUserSid":"S-1-0-0","ProcessName":"-","TargetLinkedLogonId":"0x0","ElevatedToken":"%%1842","SubjectLogonId":"0x0","LogonProcessName":"Kerberos","KeyLength":"0","LogonType":"3","LogonGuid":"{4DAE89EC-640B-593C-8935-87CC0FE7DECD}","TargetUserSid":"S-1-5-18","WorkstationName":"-"},"OpenWEC":{"IpAddress":"10.202.0.93","TimeReceived":"2023-12-08T15:43:50.738207438+00:00","Principal":"MEEREEN$@ESSOS.LOCAL","Subscription":{"Uuid":"CB04741B-9072-4E2D-B769-3570FA020BBD","Version":"6E053E8A-FE0D-45A0-A863-C501EEDB4011","Name":"anssi-subscription"}}}
{"System":{"Provider":{"Name":"Microsoft-Windows-WinRM","Guid":"{A7975C8F-AC13-49F1-87DA-5A984A4AB417}"},"EventID":163,"Version":0,"Level":2,"Task":7,"Opcode":0,"Keywords":"0x400000000000000a","TimeCreated":"2023-12-08T15:25:06.787158200Z","EventRecordID":5139,"Correlation":{"ActivityID":"{833290A8-29FD-0001-71B3-3283FD29DA01}"},"Execution":{"ProcessID":1100,"ThreadID":1520},"Channel":"Microsoft-Windows-WinRM/Operational","Computer":"meereen.essos.local","UserID":"S-1-5-20"},"EventData":{"authServer3":" ","authServer4":" ","authClient":"Kerberos","authServer1":" ","authServer5":" ","authServer2":" "},"OpenWEC":{"IpAddress":"10.202.0.93","TimeReceived":"2023-12-08T15:43:50.738207438+00:00","Principal":"MEEREEN$@ESSOS.LOCAL","Subscription":{"Uuid":"CB04741B-9072-4E2D-B769-3570FA020BBD","Version":"6E053E8A-FE0D-45A0-A863-C501EEDB4011","Name":"anssi-subscription"}}}
{"System":{"Provider":{"Name":"Microsoft-Windows-WinRM","Guid":"{A7975C8F-AC13-49F1-87DA-5A984A4AB417}"},"EventID":142,"Version":0,"Level":2,"Task":10,"Opcode":2,"Keywords":"0x4000000000000002","TimeCreated":"2023-12-08T15:25:06.787247600Z","EventRecordID":5140,"Correlation":{"ActivityID":"{833290A8-29FD-0001-AE92-3283FD29DA01}"},"Execution":{"ProcessID":1100,"ThreadID":1520},"Channel":"Microsoft-Windows-WinRM/Operational","Computer":"meereen.essos.local","UserID":"S-1-5-20"},"EventData":{"errorCode":"5","operationName":"Enumeration"},"OpenWEC":{"IpAddress":"10.202.0.93","TimeReceived":"2023-12-08T15:43:50.738207438+00:00","Principal":"MEEREEN$@ESSOS.LOCAL","Subscription":{"Uuid":"CB04741B-9072-4E2D-B769-3570FA020BBD","Version":"6E053E8A-FE0D-45A0-A863-C501EEDB4011","Name":"anssi-subscription"}}}
{"System":{"Provider":{"Name":"Microsoft-Windows-Security-Auditing","Guid":"{54849625-5478-4994-A5BA-3E3B0328C30D}"},"EventID":4624,"Version":2,"Level":0,"Task":12544,"Opcode":0,"Keywords":"0x8020000000000000","TimeCreated":"2023-12-08T15:25:35.849582100Z","EventRecordID":110926,"Correlation":{},"Execution":{"ProcessID":588,"ThreadID":2248},"Channel":"Security","Computer":"meereen.essos.local"},"EventData":{"SubjectDomainName":"-","TargetDomainName":"ESSOS.LOCAL","KeyLength":"0","RestrictedAdminMode":"-","LogonGuid":"{4DAE89EC-640B-593C-8935-87CC0FE7DECD}","TargetOutboundUserName":"-","TargetLinkedLogonId":"0x0","ProcessName":"-","IpPort":"49246","LogonProcessName":"Kerberos","SubjectLogonId":"0x0","LmPackageName":"-","WorkstationName":"-","IpAddress":"::1","TargetOutboundDomainName":"-","ProcessId":"0x0","VirtualAccount":"%%1843","SubjectUserName":"-","AuthenticationPackageName":"Kerberos","ElevatedToken":"%%1842","SubjectUserSid":"S-1-0-0","ImpersonationLevel":"%%1833","TargetUserName":"MEEREEN$","TargetUserSid":"S-1-5-18","TransmittedServices":"-","TargetLogonId":"0x51cac7","LogonType":"3"},"OpenWEC":{"IpAddress":"10.202.0.93","TimeReceived":"2023-12-08T15:43:50.738207438+00:00","Principal":"MEEREEN$@ESSOS.LOCAL","Subscription":{"Uuid":"CB04741B-9072-4E2D-B769-3570FA020BBD","Version":"6E053E8A-FE0D-45A0-A863-C501EEDB4011","Name":"anssi-subscription"}}}
{"System":{"Provider":{"Name":"Microsoft-Windows-WinRM","Guid":"{A7975C8F-AC13-49F1-87DA-5A984A4AB417}"},"EventID":163,"Version":0,"Level":2,"Task":7,"Opcode":0,"Keywords":"0x400000000000000a","TimeCreated":"2023-12-08T15:25:58.137421800Z","EventRecordID":5143,"Correlation":{"ActivityID":"{833290A8-29FD-0001-74B3-3283FD29DA01}"},"Execution":{"ProcessID":1100,"ThreadID":1520},"Channel":"Microsoft-Windows-WinRM/Operational","Computer":"meereen.essos.local","UserID":"S-1-5-20"},"EventData":{"authClient":"Kerberos","authServer3":" ","authServer4":" ","authServer1":" ","authServer2":" ","authServer5":" "},"OpenWEC":{"IpAddress":"10.202.0.93","TimeReceived":"2023-12-08T15:43:50.738207438+00:00","Principal":"MEEREEN$@ESSOS.LOCAL","Subscription":{"Uuid":"CB04741B-9072-4E2D-B769-3570FA020BBD","Version":"6E053E8A-FE0D-45A0-A863-C501EEDB4011","Name":"anssi-subscription"}}}
{"System":{"Provider":{"Name":"Microsoft-Windows-WinRM","Guid":"{A7975C8F-AC13-49F1-87DA-5A984A4AB417}"},"EventID":142,"Version":0,"Level":2,"Task":10,"Opcode":2,"Keywords":"0x4000000000000002","TimeCreated":"2023-12-08T15:25:58.137483200Z","EventRecordID":5144,"Correlation":{"ActivityID":"{833290A8-29FD-0001-AE92-3283FD29DA01}"},"Execution":{"ProcessID":1100,"ThreadID":1636},"Channel":"Microsoft-Windows-WinRM/Operational","Computer":"meereen.essos.local","UserID":"S-1-5-20"},"EventData":{"operationName":"Enumeration","errorCode":"5"},"OpenWEC":{"IpAddress":"10.202.0.93","TimeReceived":"2023-12-08T15:43:50.738207438+00:00","Principal":"MEEREEN$@ESSOS.LOCAL","Subscription":{"Uuid":"CB04741B-9072-4E2D-B769-3570FA020BBD","Version":"6E053E8A-FE0D-45A0-A863-C501EEDB4011","Name":"anssi-subscription"}}}
