{"System":{"Provider":{"Name":"Microsoft-Windows-Security-Auditing","Guid":"{54849625-5478-4994-A5BA-3E3B0328C30D}"},"EventID":4624,"Version":2,"Level":0,"Task":12544,"Opcode":0,"Keywords":"0x8020000000000000","TimeCreated":"2023-12-08T15:26:16.614027500Z","EventRecordID":111012,"Correlation":{},"Execution":{"ProcessID":588,"ThreadID":1980},"Channel":"Security","Computer":"meereen.essos.local"},"EventData":{"LogonType":"3","LogonProcessName":"Kerberos","TransmittedServices":"-","IpPort":"49276","ImpersonationLevel":"%%1833","RestrictedAdminMode":"-","TargetOutboundUserName":"-","TargetOutboundDomainName":"-","VirtualAccount":"%%1843","ElevatedToken":"%%1842","LogonGuid":"{4DAE89EC-640B-593C-8935-87CC0FE7DECD}","TargetLinkedLogonId":"0x0","TargetDomainName":"ESSOS.LOCAL","TargetLogonId":"0x524537","SubjectUserName":"-","KeyLength":"0","SubjectDomainName":"-","ProcessId":"0x0","IpAddress":"::1","LmPackageName":"-","SubjectUserSid":"S-1-0-0","WorkstationName":"-","AuthenticationPackageName":"Kerberos","SubjectLogonId":"0x0","TargetUserSid":"S-1-5-18","TargetUserName":"MEEREEN$","ProcessName":"-"},"OpenWEC":{"IpAddress":"10.202.0.93","TimeReceived":"2023-12-08T15:43:50.738207438+00:00","Principal":"MEEREEN$@ESSOS.LOCAL","Subscription":{"Uuid":"CB04741B-9072-4E2D-B769-3570FA020BBD","Version":"6E053E8A-FE0D-45A0-A863-C501EEDB4011","Name":"anssi-subscription"}}}
{"System":{"Provider":{"Name":"Microsoft-Windows-WinRM","Guid":"{A7975C8F-AC13-49F1-87DA-5A984A4AB417}"},"EventID":163,"Version":0,"Level":2,"Task":7,"Opcode":0,"Keywords":"0x400000000000000a","TimeCreated":"2023-12-08T15:26:48.834219100Z","EventRecordID":5147,"Correlation":{"ActivityID":"{833290A8-29FD-0001-7BB3-3283FD29DA01}"},"Execution":{"ProcessID":1100,"ThreadID":400},"Channel":"Microsoft-Windows-WinRM/Operational","Computer":"meereen.essos.local","UserID":"S-1-5-20"},"EventData":{"authServer2":" ","authClient":"Kerberos","authServer1":" ","authServer3":" ","authServer4":" ","authServer5":" "},"OpenWEC":{"IpAddress":"10.202.0.93","TimeReceived":"2023-12-08T15:43:50.738207438+00:00","Principal":"MEEREEN$@ESSOS.LOCAL","Subscription":{"Uuid":"CB04741B-9072-4E2D-B769-3570FA020BBD","Version":"6E053E8A-FE0D-45A0-A863-C501EEDB4011","Name":"anssi-subscription"}}}
{"System":{"Provider":{"Name":"Microsoft-Windows-WinRM","Guid":"{A7975C8F-AC13-49F1-87DA-5A984A4AB417}"},"EventID":142,"Version":0,"Level":2,"Task":10,"Opcode":2,"Keywords":"0x4000000000000002","TimeCreated":"2023-12-08T15:26:48.834373700Z","EventRecordID":5148,"Correlation":{"ActivityID":"{833290A8-29FD-0001-AE92-3283FD29DA01}"},"Execution":{"ProcessID":1100,"ThreadID":5264},"Channel":"Microsoft-Windows-WinRM/Operational","Computer":"meereen.essos.local","UserID":"S-1-5-20"},"EventData":{"operationName":"Enumeration","errorCode":"5"},"OpenWEC":{"IpAddress":"10.202.0.93","TimeReceived":"2023-12-08T15:43:50.738207438+00:00","Principal":"MEEREEN$@ESSOS.LOCAL","Subscription":{"Uuid":"CB04741B-9072-4E2D-B769-3570FA020BBD","Version":"6E053E8A-FE0D-45A0-A863-C501EEDB4011","Name":"anssi-subscription"}}}
{"System":{"Provider":{"Name":"Microsoft-Windows-Security-Auditing","Guid":"{54849625-5478-4994-A5BA-3E3B0328C30D}"},"EventID":4624,"Version":2,"Level":0,"Task":12544,"Opcode":0,"Keywords":"0x8020000000000000","TimeCreated":"2023-12-08T15:27:18.497591400Z","EventRecordID":111138,"Correlation":{},"Execution":{"ProcessID":588,"ThreadID":1980},"Channel":"Security","Computer":"meereen.essos.local"},"EventData":{"TargetUserSid":"S-1-5-18","TargetDomainName":"ESSOS.LOCAL","IpAddress":"::1","SubjectUserSid":"S-1-0-0","TargetUserName":"MEEREEN$","KeyLength":"0","TransmittedServices":"-","SubjectLogonId":"0x0","TargetLogonId":"0x52bbb3","LogonProcessName":"Kerberos","SubjectDomainName":"-","LogonGuid":"{4DAE89EC-640B-593C-8935-87CC0FE7DECD}","IpPort":"49308","ImpersonationLevel":"%%1833","AuthenticationPackageName":"Kerberos","ProcessId":"0x0","LmPackageName":"-","RestrictedAdminMode":"-","TargetOutboundUserName":"-","TargetOutboundDomainName":"-","SubjectUserName":"-","ProcessName":"-","LogonType":"3","VirtualAccount":"%%1843","TargetLinkedLogonId":"0x0","ElevatedToken":"%%1842","WorkstationName":"-"},"OpenWEC":{"IpAddress":"10.202.0.93","TimeReceived":"2023-12-08T15:43:50.738207438+00:00","Principal":"MEEREEN$@ESSOS.LOCAL","Subscription":{"Uuid":"CB04741B-9072-4E2D-B769-3570FA020BBD","Version":"6E053E8A-FE0D-45A0-A863-C501EEDB4011","Name":"anssi-subscription"}}}
{"System":{"Provider":{"Name":"Microsoft-Windows-WinRM","Guid":"{A7975C8F-AC13-49F1-87DA-5A984A4AB417}"},"EventID":163,"Version":0,"Level":2,"Task":7,"Opcode":0,"Keywords":"0x400000000000000a","TimeCreated":"2023-12-08T15:28:13.310578100Z","EventRecordID":5151,"Correlation":{"ActivityID":"{833290A8-29FD-0001-84B3-3283FD29DA01}"},"Execution":{"ProcessID":1100,"ThreadID":1636},"Channel":"Microsoft-Windows-WinRM/Operational","Computer":"meereen.essos.local","UserID":"S-1-5-20"},"EventData":{"authServer4":" ","authServer2":" ","authClient":"Kerberos","authServer5":" ","authServer1":" ","authServer3":" "},"OpenWEC":{"IpAddress":"10.202.0.93","TimeReceived":"2023-12-08T15:43:50.738207438+00:00","Principal":"MEEREEN$@ESSOS.LOCAL","Subscription":{"Uuid":"CB04741B-9072-4E2D-B769-3570FA020BBD","Version":"6E053E8A-FE0D-45A0-A863-C501EEDB4011","Name":"anssi-subscription"}}}
{"System":{"Provider":{"Name":"Microsoft-Windows-WinRM","Guid":"{A7975C8F-AC13-49F1-87DA-5A984A4AB417}"},"EventID":142,"Version":0,"Level":2,"Task":10,"Opcode":2,"Keywords":"0x4000000000000002","TimeCreated":"2023-12-08T15:28:13.310678800Z","EventRecordID":5152,"Correlation":{"ActivityID":"{833290A8-29FD-0001-AE92-3283FD29DA01}"},"Execution":{"ProcessID":1100,"ThreadID":5264},"Channel":"Microsoft-Windows-WinRM/Operational","Computer":"meereen.essos.local","UserID":"S-1-5-20"},"EventData":{"errorCode":"5","operationName":"Enumeration"},"OpenWEC":{"IpAddress":"10.202.0.93","TimeReceived":"2023-12-08T15:43:50.738207438+00:00","Principal":"MEEREEN$@ESSOS.LOCAL","Subscription":{"Uuid":"CB04741B-9072-4E2D-B769-3570FA020BBD","Version":"6E053E8A-FE0D-45A0-A863-C501EEDB4011","Name":"anssi-subscription"}}}
{"System":{"Provider":{"Name":"Microsoft-Windows-Security-Auditing","Guid":"{54849625-5478-4994-A5BA-3E3B0328C30D}"},"EventID":4624,"Version":2,"Level":0,"Task":12544,"Opcode":0,"Keywords":"0x8020000000000000","TimeCreated":"2023-12-08T15:28:37.383640600Z","EventRecordID":111316,"Correlation":{},"Execution":{"ProcessID":588,"ThreadID":2248},"Channel":"Security","Computer":"meereen.essos.local"},"EventData":{"SubjectLogonId":"0x0","TargetUserName":"MEEREEN$","TargetDomainName":"ESSOS.LOCAL","TargetLogonId":"0x533165","LmPackageName":"-","KeyLength":"0","TargetUserSid":"S-1-5-18","ProcessId":"0x0","TargetOutboundDomainName":"-","ProcessName":"-","RestrictedAdminMode":"-","TargetOutboundUserName":"-","VirtualAccount":"%%1843","AuthenticationPackageName":"Kerberos","ElevatedToken":"%%1842","IpPort":"49338","SubjectUserName":"-","LogonType":"3","IpAddress":"::1","ImpersonationLevel":"%%1833","TargetLinkedLogonId":"0x0","LogonGuid":"{4DAE89EC-640B-593C-8935-87CC0FE7DECD}","LogonProcessName":"Kerberos","SubjectDomainName":"-","WorkstationName":"-","TransmittedServices":"-","SubjectUserSid":"S-1-0-0"},"OpenWEC":{"IpAddress":"10.202.0.93","TimeReceived":"2023-12-08T15:43:50.738207438+00:00","Principal":"MEEREEN$@ESSOS.LOCAL","Subscription":{"Uuid":"CB04741B-9072-4E2D-B769-3570FA020BBD","Version":"6E053E8A-FE0D-45A0-A863-C501EEDB4011","Name":"anssi-subscription"}}}
{"System":{"Provider":{"Name":"Microsoft-Windows-Security-Auditing","Guid":"{54849625-5478-4994-A5BA-3E3B0328C30D}"},"EventID":4624,"Version":2,"Level":0,"Task":12544,"Opcode":0,"Keywords":"0x8020000000000000","TimeCreated":"2023-12-08T15:28:54.211228900Z","EventRecordID":111393,"Correlation":{"ActivityID":"{833290A8-29FD-0001-F190-3283FD29DA01}"},"Execution":{"ProcessID":588,"ThreadID":628},"Channel":"Security","Computer":"meereen.essos.local"},"EventData":{"ElevatedToken":"%%1842","AuthenticationPackageName":"Kerberos","KeyLength":"0","TargetLogonId":"0x5356cc","LogonType":"3","LogonGuid":"{3AAC347E-688E-87C2-7236-4CC07166564B}","LmPackageName":"-","IpPort":"49347","SubjectLogonId":"0x0","TargetDomainName":"ESSOS.LOCAL","TargetOutboundDomainName":"-","SubjectDomainName":"-","TargetUserSid":"S-1-5-18","SubjectUserName":"-","ProcessId":"0x0","WorkstationName":"-","TransmittedServices":"-","IpAddress":"fe80::3076:9c8f:3acb:98de","VirtualAccount":"%%1843","RestrictedAdminMode":"-","ProcessName":"-","TargetOutboundUserName":"-","LogonProcessName":"Kerberos","ImpersonationLevel":"%%1840","TargetLinkedLogonId":"0x0","SubjectUserSid":"S-1-0-0","TargetUserName":"MEEREEN$"},"OpenWEC":{"IpAddress":"10.202.0.93","TimeReceived":"2023-12-08T15:43:50.738207438+00:00","Principal":"MEEREEN$@ESSOS.LOCAL","Subscription":{"Uuid":"CB04741B-9072-4E2D-B769-3570FA020BBD","Version":"6E053E8A-FE0D-45A0-A863-C501EEDB4011","Name":"anssi-subscription"}}}
{"System":{"Provider":{"Name":"Microsoft-Windows-Security-Auditing","Guid":"{54849625-5478-4994-A5BA-3E3B0328C30D}"},"EventID":5140,"Version":1,"Level":0,"Task":12808,"Opcode":0,"Keywords":"0x8020000000000000","TimeCreated":"2023-12-08T15:28:54.212022700Z","EventRecordID":111395,"Correlation":{},"Execution":{"ProcessID":4,"ThreadID":5468},"Channel":"Security","Computer":"meereen.essos.local"},"EventData":{"ShareName":"\\\\*\\SYSVOL","ShareLocalPath":"\\??\\C:\\Windows\\SYSVOL\\sysvol","ObjectType":"File","SubjectDomainName":"ESSOS","SubjectUserSid":"S-1-5-18","SubjectLogonId":"0x5356cc","IpPort":"49347","AccessList":"%%4416\n\t\t\t\t","IpAddress":"fe80::3076:9c8f:3acb:98de","AccessMask":"0x1","SubjectUserName":"MEEREEN$"},"OpenWEC":{"IpAddress":"10.202.0.93","TimeReceived":"2023-12-08T15:43:50.738207438+00:00","Principal":"MEEREEN$@ESSOS.LOCAL","Subscription":{"Uuid":"CB04741B-9072-4E2D-B769-3570FA020BBD","Version":"6E053E8A-FE0D-45A0-A863-C501EEDB4011","Name":"anssi-subscription"}}}
{"System":{"Provider":{"Name":"Microsoft-Windows-Security-Auditing","Guid":"{54849625-5478-4994-A5BA-3E3B0328C30D}"},"EventID":4688,"Version":2,"Level":0,"Task":13312,"Opcode":0,"Keywords":"0x8020000000000000","TimeCreated":"2023-12-08T15:29:06.425934800Z","EventRecordID":111466,"Correlation":{},"Execution":{"ProcessID":4,"ThreadID":5904},"Channel":"Security","Computer":"meereen.essos.local"},"EventData":{"TokenElevationType":"%%1936","SubjectUserSid":"S-1-5-18","CommandLine":"","TargetDomainName":"ESSOS","TargetUserSid":"S-1-0-0","ParentProcessName":"C:\\Windows\\System32\\services.exe","ProcessId":"0x244","SubjectLogonId":"0x3e7","SubjectDomainName":"ESSOS","NewProcessId":"0x186c","TargetLogonId":"0x3e4","MandatoryLabel":"S-1-16-16384","TargetUserName":"MEEREEN$","NewProcessName":"C:\\Windows\\System32\\sppsvc.exe","SubjectUserName":"MEEREEN$"},"OpenWEC":{"IpAddress":"10.202.0.93","TimeReceived":"2023-12-08T15:43:50.738207438+00:00","Principal":"MEEREEN$@ESSOS.LOCAL","Subscription":{"Uuid":"CB04741B-9072-4E2D-B769-3570FA020BBD","Version":"6E053E8A-FE0D-45A0-A863-C501EEDB4011","Name":"anssi-subscription"}}}
{"System":{"Provider":{"Name":"Microsoft-Windows-WinRM","Guid":"{A7975C8F-AC13-49F1-87DA-5A984A4AB417}"},"EventID":163,"Version":0,"Level":2,"Task":7,"Opcode":0,"Keywords":"0x400000000000000a","TimeCreated":"2023-12-08T15:29:10.944260400Z","EventRecordID":5155,"Correlation":{"ActivityID":"{833290A8-29FD-0001-CAB3-3283FD29DA01}"},"Execution":{"ProcessID":1100,"ThreadID":400},"Channel":"Microsoft-Windows-WinRM/Operational","Computer":"meereen.essos.local","UserID":"S-1-5-20"},"EventData":{"authClient":"Kerberos","authServer1":" ","authServer2":" ","authServer3":" ","authServer5":" ","authServer4":" "},"OpenWEC":{"IpAddress":"10.202.0.93","TimeReceived":"2023-12-08T15:43:50.738207438+00:00","Principal":"MEEREEN$@ESSOS.LOCAL","Subscription":{"Uuid":"CB04741B-9072-4E2D-B769-3570FA020BBD","Version":"6E053E8A-FE0D-45A0-A863-C501EEDB4011","Name":"anssi-subscription"}}}
{"System":{"Provider":{"Name":"Microsoft-Windows-WinRM","Guid":"{A7975C8F-AC13-49F1-87DA-5A984A4AB417}"},"EventID":142,"Version":0,"Level":2,"Task":10,"Opcode":2,"Keywords":"0x4000000000000002","TimeCreated":"2023-12-08T15:29:10.944334600Z","EventRecordID":5156,"Correlation":{"ActivityID":"{833290A8-29FD-0001-AE92-3283FD29DA01}"},"Execution":{"ProcessID":1100,"ThreadID":400},"Channel":"Microsoft-Windows-WinRM/Operational","Computer":"meereen.essos.local","UserID":"S-1-5-20"},"EventData":{"operationName":"Enumeration","errorCode":"5"},"OpenWEC":{"IpAddress":"10.202.0.93","TimeReceived":"2023-12-08T15:43:50.738207438+00:00","Principal":"MEEREEN$@ESSOS.LOCAL","Subscription":{"Uuid":"CB04741B-9072-4E2D-B769-3570FA020BBD","Version":"6E053E8A-FE0D-45A0-A863-C501EEDB4011","Name":"anssi-subscription"}}}
{"System":{"Provider":{"Name":"Microsoft-Windows-Security-Auditing","Guid":"{54849625-5478-4994-A5BA-3E3B0328C30D}"},"EventID":4624,"Version":2,"Level":0,"Task":12544,"Opcode":0,"Keywords":"0x8020000000000000","TimeCreated":"2023-12-08T15:29:22.238986500Z","EventRecordID":111546,"Correlation":{},"Execution":{"ProcessID":588,"ThreadID":1980},"Channel":"Security","Computer":"meereen.essos.local"},"EventData":{"LmPackageName":"-","TargetOutboundUserName":"-","ElevatedToken":"%%1842","ProcessId":"0x0","IpAddress":"::1","TransmittedServices":"-","TargetDomainName":"ESSOS.LOCAL","SubjectUserName":"-","ProcessName":"-","LogonType":"3","IpPort":"49370","TargetUserSid":"S-1-5-18","KeyLength":"0","LogonProcessName":"Kerberos","ImpersonationLevel":"%%1833","LogonGuid":"{4DAE89EC-640B-593C-8935-87CC0FE7DECD}","SubjectUserSid":"S-1-0-0","SubjectLogonId":"0x0","TargetOutboundDomainName":"-","VirtualAccount":"%%1843","TargetLinkedLogonId":"0x0","AuthenticationPackageName":"Kerberos","TargetLogonId":"0x53b383","TargetUserName":"MEEREEN$","SubjectDomainName":"-","WorkstationName":"-","RestrictedAdminMode":"-"},"OpenWEC":{"IpAddress":"10.202.0.93","TimeReceived":"2023-12-08T15:43:50.738207438+00:00","Principal":"MEEREEN$@ESSOS.LOCAL","Subscription":{"Uuid":"CB04741B-9072-4E2D-B769-3570FA020BBD","Version":"6E053E8A-FE0D-45A0-A863-C501EEDB4011","Name":"anssi-subscription"}}}
{"System":{"Provider":{"Name":"Microsoft-Windows-Security-Auditing","Guid":"{54849625-5478-4994-A5BA-3E3B0328C30D}"},"EventID":4624,"Version":2,"Level":0,"Task":12544,"Opcode":0,"Keywords":"0x8020000000000000","TimeCreated":"2023-12-08T15:29:24.817460800Z","EventRecordID":111554,"Correlation":{},"Execution":{"ProcessID":588,"ThreadID":1980},"Channel":"Security","Computer":"meereen.essos.local"},"EventData":{"IpPort":"49374","LogonGuid":"{6C3699F9-21BC-C044-F488-8345FDC7CD94}","TransmittedServices":"-","TargetOutboundUserName":"-","TargetLinkedLogonId":"0x0","KeyLength":"0","TargetLogonId":"0x53c2c4","SubjectDomainName":"-","WorkstationName":"-","VirtualAccount":"%%1843","TargetUserSid":"S-1-5-18","AuthenticationPackageName":"Kerberos","TargetDomainName":"ESSOS.LOCAL","LogonProcessName":"Kerberos","LmPackageName":"-","LogonType":"3","ProcessName":"-","RestrictedAdminMode":"-","TargetUserName":"MEEREEN$","TargetOutboundDomainName":"-","ElevatedToken":"%%1842","ImpersonationLevel":"%%1833","IpAddress":"fe80::3076:9c8f:3acb:98de","SubjectUserSid":"S-1-0-0","SubjectLogonId":"0x0","SubjectUserName":"-","ProcessId":"0x0"},"OpenWEC":{"IpAddress":"10.202.0.93","TimeReceived":"2023-12-08T15:43:50.738207438+00:00","Principal":"MEEREEN$@ESSOS.LOCAL","Subscription":{"Uuid":"CB04741B-9072-4E2D-B769-3570FA020BBD","Version":"6E053E8A-FE0D-45A0-A863-C501EEDB4011","Name":"anssi-subscription"}}}
{"System":{"Provider":{"Name":"Microsoft-Windows-Security-Auditing","Guid":"{54849625-5478-4994-A5BA-3E3B0328C30D}"},"EventID":4624,"Version":2,"Level":0,"Task":12544,"Opcode":0,"Keywords":"0x8020000000000000","TimeCreated":"2023-12-08T15:29:24.825842600Z","EventRecordID":111556,"Correlation":{"ActivityID":"{833290A8-29FD-0001-F190-3283FD29DA01}"},"Execution":{"ProcessID":588,"ThreadID":896},"Channel":"Security","Computer":"meereen.essos.local"},"EventData":{"TargetUserName":"MEEREEN$","ProcessName":"-","TargetOutboundUserName":"-","IpPort":"0","TargetLogonId":"0x53c3a3","ProcessId":"0x0","VirtualAccount":"%%1843","TargetDomainName":"ESSOS.LOCAL","TransmittedServices":"-","KeyLength":"0","SubjectUserName":"-","SubjectDomainName":"-","WorkstationName":"-","TargetUserSid":"S-1-5-18","ImpersonationLevel":"%%1833","RestrictedAdminMode":"-","SubjectLogonId":"0x0","TargetLinkedLogonId":"0x0","AuthenticationPackageName":"Kerberos","ElevatedToken":"%%1842","LogonProcessName":"Kerberos","LogonGuid":"{6C3699F9-21BC-C044-F488-8345FDC7CD94}","LogonType":"3","LmPackageName":"-","IpAddress":"::1","SubjectUserSid":"S-1-0-0","TargetOutboundDomainName":"-"},"OpenWEC":{"IpAddress":"10.202.0.93","TimeReceived":"2023-12-08T15:43:50.738207438+00:00","Principal":"MEEREEN$@ESSOS.LOCAL","Subscription":{"Uuid":"CB04741B-9072-4E2D-B769-3570FA020BBD","Version":"6E053E8A-FE0D-45A0-A863-C501EEDB4011","Name":"anssi-subscription"}}}
{"System":{"Provider":{"Name":"Microsoft-Windows-Security-Auditing","Guid":"{54849625-5478-4994-A5BA-3E3B0328C30D}"},"EventID":4624,"Version":2,"Level":0,"Task":12544,"Opcode":0,"Keywords":"0x8020000000000000","TimeCreated":"2023-12-08T15:29:24.827277800Z","EventRecordID":111558,"Correlation":{},"Execution":{"ProcessID":588,"ThreadID":2248},"Channel":"Security","Computer":"meereen.essos.local"},"EventData":{"VirtualAccount":"%%1843","ProcessId":"0x0","TargetUserName":"MEEREEN$","LogonType":"3","SubjectUserSid":"S-1-0-0","WorkstationName":"-","TargetOutboundUserName":"-","SubjectLogonId":"0x0","RestrictedAdminMode":"-","TransmittedServices":"-","LmPackageName":"-","ImpersonationLevel":"%%1833","LogonGuid":"{6C3699F9-21BC-C044-F488-8345FDC7CD94}","KeyLength":"0","IpAddress":"10.202.0.93","ProcessName":"-","AuthenticationPackageName":"Kerberos","TargetUserSid":"S-1-5-18","IpPort":"49375","TargetOutboundDomainName":"-","SubjectDomainName":"-","TargetLinkedLogonId":"0x0","LogonProcessName":"Kerberos","SubjectUserName":"-","ElevatedToken":"%%1842","TargetDomainName":"ESSOS.LOCAL","TargetLogonId":"0x53c3e6"},"OpenWEC":{"IpAddress":"10.202.0.93","TimeReceived":"2023-12-08T15:43:50.738207438+00:00","Principal":"MEEREEN$@ESSOS.LOCAL","Subscription":{"Uuid":"CB04741B-9072-4E2D-B769-3570FA020BBD","Version":"6E053E8A-FE0D-45A0-A863-C501EEDB4011","Name":"anssi-subscription"}}}
{"System":{"Provider":{"Name":"Microsoft-Windows-Security-Auditing","Guid":"{54849625-5478-4994-A5BA-3E3B0328C30D}"},"EventID":4624,"Version":2,"Level":0,"Task":12544,"Opcode":0,"Keywords":"0x8020000000000000","TimeCreated":"2023-12-08T15:29:24.888390200Z","EventRecordID":111560,"Correlation":{"ActivityID":"{833290A8-29FD-0001-F190-3283FD29DA01}"},"Execution":{"ProcessID":588,"ThreadID":896},"Channel":"Security","Computer":"meereen.essos.local"},"EventData":{"LogonProcessName":"Kerberos","TargetOutboundUserName":"-","WorkstationName":"-","AuthenticationPackageName":"Kerberos","TransmittedServices":"-","TargetLogonId":"0x53c44c","LmPackageName":"-","SubjectUserName":"-","SubjectLogonId":"0x0","TargetUserName":"MEEREEN$","TargetDomainName":"ESSOS.LOCAL","TargetLinkedLogonId":"0x0","LogonType":"3","ProcessId":"0x0","IpPort":"49376","TargetOutboundDomainName":"-","SubjectUserSid":"S-1-0-0","ImpersonationLevel":"%%1840","KeyLength":"0","RestrictedAdminMode":"-","VirtualAccount":"%%1843","ElevatedToken":"%%1842","ProcessName":"-","IpAddress":"fe80::3076:9c8f:3acb:98de","LogonGuid":"{6C3699F9-21BC-C044-F488-8345FDC7CD94}","SubjectDomainName":"-","TargetUserSid":"S-1-5-18"},"OpenWEC":{"IpAddress":"10.202.0.93","TimeReceived":"2023-12-08T15:43:50.738207438+00:00","Principal":"MEEREEN$@ESSOS.LOCAL","Subscription":{"Uuid":"CB04741B-9072-4E2D-B769-3570FA020BBD","Version":"6E053E8A-FE0D-45A0-A863-C501EEDB4011","Name":"anssi-subscription"}}}
{"System":{"Provider":{"Name":"Microsoft-Windows-Security-Auditing","Guid":"{54849625-5478-4994-A5BA-3E3B0328C30D}"},"EventID":5140,"Version":1,"Level":0,"Task":12808,"Opcode":0,"Keywords":"0x8020000000000000","TimeCreated":"2023-12-08T15:29:24.888572300Z","EventRecordID":111561,"Correlation":{},"Execution":{"ProcessID":4,"ThreadID":5932},"Channel":"Security","Computer":"meereen.essos.local"},"EventData":{"ObjectType":"File","IpPort":"49376","ShareLocalPath":"\\??\\C:\\Windows\\SYSVOL\\sysvol","AccessMask":"0x1","SubjectUserName":"MEEREEN$","IpAddress":"fe80::3076:9c8f:3acb:98de","SubjectDomainName":"ESSOS","SubjectLogonId":"0x53c44c","ShareName":"\\\\*\\SYSVOL","AccessList":"%%4416\n\t\t\t\t","SubjectUserSid":"S-1-5-18"},"OpenWEC":{"IpAddress":"10.202.0.93","TimeReceived":"2023-12-08T15:43:50.738207438+00:00","Principal":"MEEREEN$@ESSOS.LOCAL","Subscription":{"Uuid":"CB04741B-9072-4E2D-B769-3570FA020BBD","Version":"6E053E8A-FE0D-45A0-A863-C501EEDB4011","Name":"anssi-subscription"}}}
{"System":{"Provider":{"Name":"Microsoft-Windows-TaskScheduler","Guid":"{DE7B24EA-73C8-4A09-985D-5BDADCFA9017}"},"EventID":140,"Version":0,"Level":4,"Task":140,"Opcode":0,"Keywords":"0x8000000000000000","TimeCreated":"2023-12-08T15:29:25.313246200Z","EventRecordID":4555,"Correlation":{},"Execution":{"ProcessID":1016,"ThreadID":4356},"Channel":"Microsoft-Windows-TaskScheduler/Operational","Computer":"meereen.essos.local","UserID":"S-1-5-18"},"EventData":{"TaskName":"\\Microsoft\\Windows\\SoftwareProtectionPlatform\\SvcRestartTask","UserName":"ESSOS\\MEEREEN$"},"OpenWEC":{"IpAddress":"10.202.0.93","TimeReceived":"2023-12-08T15:43:50.738207438+00:00","Principal":"MEEREEN$@ESSOS.LOCAL","Subscription":{"Uuid":"CB04741B-9072-4E2D-B769-3570FA020BBD","Version":"6E053E8A-FE0D-45A0-A863-C501EEDB4011","Name":"anssi-subscription"}}}
{"System":{"Provider":{"Name":"Microsoft-Windows-Security-Auditing","Guid":"{54849625-5478-4994-A5BA-3E3B0328C30D}"},"EventID":4702,"Version":0,"Level":0,"Task":12804,"Opcode":0,"Keywords":"0x8020000000000000","TimeCreated":"2023-12-08T15:29:25.313318700Z","EventRecordID":111569,"Correlation":{"ActivityID":"{833290A8-29FD-0001-F190-3283FD29DA01}"},"Execution":{"ProcessID":588,"ThreadID":896},"Channel":"Security","Computer":"meereen.essos.local"},"EventData":{"SubjectUserSid":"S-1-5-20","TaskName":"\\Microsoft\\Windows\\SoftwareProtectionPlatform\\SvcRestartTask","SubjectUserName":"MEEREEN$","SubjectDomainName":"ESSOS","TaskContentNew":"<?xml version=\"1.0\" encoding=\"UTF-16\"?>\n<Task version=\"1.5\" xmlns=\"http://schemas.microsoft.com/windows/2004/02/mit/task\">\n  <RegistrationInfo>\n    <Source>$(@%systemroot%\\system32\\sppc.dll,-200)</Source>\n    <Author>$(@%systemroot%\\system32\\sppc.dll,-200)</Author>\n    <Version>1.0</Version>\n    <Description>$(@%systemroot%\\system32\\sppc.dll,-201)</Description>\n    <URI>\\Microsoft\\Windows\\SoftwareProtectionPlatform\\SvcRestartTask</URI>\n    <SecurityDescriptor>D:P(A;;FA;;;SY)(A;;FA;;;BA)(A;;FA;;;S-1-5-80-123231216-2592883651-3715271367-3753151631-4175906628)(A;;FR;;;S-1-5-87-2912274048-3994893941-1669128114-1310430903-1263774323)</SecurityDescriptor>\n  </RegistrationInfo>\n  <Triggers>\n    <CalendarTrigger>\n      <StartBoundary>2023-12-09T15:28:25Z</StartBoundary>\n      <Enabled>true</Enabled>\n      <ScheduleByDay>\n        <DaysInterval>1</DaysInterval>\n      </ScheduleByDay>\n    </CalendarTrigger>\n  </Triggers>\n  <Principals>\n    <Principal id=\"NetworkService\">\n      <UserId>S-1-5-20</UserId>\n      <RunLevel>LeastPrivilege</RunLevel>\n    </Principal>\n  </Principals>\n  <Settings>\n    <MultipleInstancesPolicy>IgnoreNew</MultipleInstancesPolicy>\n    <DisallowStartIfOnBatteries>false</DisallowStartIfOnBatteries>\n    <StopIfGoingOnBatteries>false</StopIfGoingOnBatteries>\n    <AllowHardTerminate>false</AllowHardTerminate>\n    <StartWhenAvailable>true</StartWhenAvailable>\n    <RunOnlyIfNetworkAvailable>false</RunOnlyIfNetworkAvailable>\n    <IdleSettings>\n      <StopOnIdleEnd>true</StopOnIdleEnd>\n      <RestartOnIdle>false</RestartOnIdle>\n    </IdleSettings>\n    <AllowStartOnDemand>true</AllowStartOnDemand>\n    <Enabled>true</Enabled>\n    <Hidden>true</Hidden>\n    <RunOnlyIfIdle>false</RunOnlyIfIdle>\n    <DisallowStartOnRemoteAppSession>false</DisallowStartOnRemoteAppSession>\n    <UseUnifiedSchedulingEngine>true</UseUnifiedSchedulingEngine>\n    <WakeToRun>false</WakeToRun>\n    <ExecutionTimeLimit>PT0S</ExecutionTimeLimit>\n    <Priority>7</Priority>\n    <RestartOnFailure>\n      <Interval>PT1M</Interval>\n      <Count>3</Count>\n    </RestartOnFailure>\n  </Settings>\n  <Actions Context=\"NetworkService\">\n    <ComHandler>\n      <ClassId>{B1AEBB5D-EAD9-4476-B375-9C3ED9F32AFC}</ClassId>\n      <Data><![CDATA[timer]]></Data>\n    </ComHandler>\n  </Actions>\n</Task>","SubjectLogonId":"0x3e4"},"OpenWEC":{"IpAddress":"10.202.0.93","TimeReceived":"2023-12-08T15:44:20.719706886+00:00","Principal":"MEEREEN$@ESSOS.LOCAL","Subscription":{"Uuid":"CB04741B-9072-4E2D-B769-3570FA020BBD","Version":"6E053E8A-FE0D-45A0-A863-C501EEDB4011","Name":"anssi-subscription"}}}
{"System":{"Provider":{"Name":"Microsoft-Windows-Security-Auditing","Guid":"{54849625-5478-4994-A5BA-3E3B0328C30D}"},"EventID":4624,"Version":2,"Level":0,"Task":12544,"Opcode":0,"Keywords":"0x8020000000000000","TimeCreated":"2023-12-08T15:29:32.172888400Z","EventRecordID":111576,"Correlation":{},"Execution":{"ProcessID":588,"ThreadID":2248},"Channel":"Security","Computer":"meereen.essos.local"},"EventData":{"SubjectUserName":"-","TargetOutboundDomainName":"-","KeyLength":"0","ProcessId":"0x0","LmPackageName":"-","SubjectLogonId":"0x0","TargetLogonId":"0x53dcec","TransmittedServices":"-","SubjectDomainName":"-","LogonType":"3","AuthenticationPackageName":"Kerberos","SubjectUserSid":"S-1-0-0","ProcessName":"-","TargetDomainName":"ESSOS.LOCAL","IpAddress":"fe80::3076:9c8f:3acb:98de","TargetUserName":"MEEREEN$","ImpersonationLevel":"%%1833","TargetOutboundUserName":"-","VirtualAccount":"%%1843","LogonProcessName":"Kerberos","IpPort":"49384","TargetUserSid":"S-1-5-18","WorkstationName":"-","RestrictedAdminMode":"-","TargetLinkedLogonId":"0x0","ElevatedToken":"%%1842","LogonGuid":"{4DAE89EC-640B-593C-8935-87CC0FE7DECD}"},"OpenWEC":{"IpAddress":"10.202.0.93","TimeReceived":"2023-12-08T15:44:20.719706886+00:00","Principal":"MEEREEN$@ESSOS.LOCAL","Subscription":{"Uuid":"CB04741B-9072-4E2D-B769-3570FA020BBD","Version":"6E053E8A-FE0D-45A0-A863-C501EEDB4011","Name":"anssi-subscription"}}}
{"System":{"Provider":{"Name":"Microsoft-Windows-Security-Auditing","Guid":"{54849625-5478-4994-A5BA-3E3B0328C30D}"},"EventID":4624,"Version":2,"Level":0,"Task":12544,"Opcode":0,"Keywords":"0x8020000000000000","TimeCreated":"2023-12-08T15:29:32.181895300Z","EventRecordID":111579,"Correlation":{},"Execution":{"ProcessID":588,"ThreadID":1980},"Channel":"Security","Computer":"meereen.essos.local"},"EventData":{"SubjectUserSid":"S-1-0-0","SubjectUserName":"-","WorkstationName":"-","ImpersonationLevel":"%%1833","TargetOutboundDomainName":"-","VirtualAccount":"%%1843","ElevatedToken":"%%1842","IpAddress":"fe80::3076:9c8f:3acb:98de","AuthenticationPackageName":"Kerberos","TargetLogonId":"0x53dd55","LmPackageName":"-","TargetUserName":"MEEREEN$","TransmittedServices":"-","SubjectDomainName":"-","ProcessName":"-","LogonType":"3","LogonGuid":"{4DAE89EC-640B-593C-8935-87CC0FE7DECD}","TargetUserSid":"S-1-5-18","SubjectLogonId":"0x0","TargetDomainName":"ESSOS.LOCAL","RestrictedAdminMode":"-","ProcessId":"0x0","KeyLength":"0","IpPort":"49385","TargetOutboundUserName":"-","TargetLinkedLogonId":"0x0","LogonProcessName":"Kerberos"},"OpenWEC":{"IpAddress":"10.202.0.93","TimeReceived":"2023-12-08T15:44:20.719706886+00:00","Principal":"MEEREEN$@ESSOS.LOCAL","Subscription":{"Uuid":"CB04741B-9072-4E2D-B769-3570FA020BBD","Version":"6E053E8A-FE0D-45A0-A863-C501EEDB4011","Name":"anssi-subscription"}}}
{"System":{"Provider":{"Name":"Microsoft-Windows-WinRM","Guid":"{A7975C8F-AC13-49F1-87DA-5A984A4AB417}"},"EventID":163,"Version":0,"Level":2,"Task":7,"Opcode":0,"Keywords":"0x400000000000000a","TimeCreated":"2023-12-08T15:29:57.171781400Z","EventRecordID":5159,"Correlation":{"ActivityID":"{833290A8-29FD-0001-DAB3-3283FD29DA01}"},"Execution":{"ProcessID":1100,"ThreadID":1632},"Channel":"Microsoft-Windows-WinRM/Operational","Computer":"meereen.essos.local","UserID":"S-1-5-20"},"EventData":{"authServer4":" ","authServer5":" ","authClient":"Kerberos","authServer1":" ","authServer2":" ","authServer3":" "},"OpenWEC":{"IpAddress":"10.202.0.93","TimeReceived":"2023-12-08T15:44:20.719706886+00:00","Principal":"MEEREEN$@ESSOS.LOCAL","Subscription":{"Uuid":"CB04741B-9072-4E2D-B769-3570FA020BBD","Version":"6E053E8A-FE0D-45A0-A863-C501EEDB4011","Name":"anssi-subscription"}}}
{"System":{"Provider":{"Name":"Microsoft-Windows-WinRM","Guid":"{A7975C8F-AC13-49F1-87DA-5A984A4AB417}"},"EventID":142,"Version":0,"Level":2,"Task":10,"Opcode":2,"Keywords":"0x4000000000000002","TimeCreated":"2023-12-08T15:29:57.171861600Z","EventRecordID":5160,"Correlation":{"ActivityID":"{833290A8-29FD-0001-AE92-3283FD29DA01}"},"Execution":{"ProcessID":1100,"ThreadID":1632},"Channel":"Microsoft-Windows-WinRM/Operational","Computer":"meereen.essos.local","UserID":"S-1-5-20"},"EventData":{"errorCode":"5","operationName":"Enumeration"},"OpenWEC":{"IpAddress":"10.202.0.93","TimeReceived":"2023-12-08T15:44:20.719706886+00:00","Principal":"MEEREEN$@ESSOS.LOCAL","Subscription":{"Uuid":"CB04741B-9072-4E2D-B769-3570FA020BBD","Version":"6E053E8A-FE0D-45A0-A863-C501EEDB4011","Name":"anssi-subscription"}}}
{"System":{"Provider":{"Name":"Microsoft-Windows-Security-Auditing","Guid":"{54849625-5478-4994-A5BA-3E3B0328C30D}"},"EventID":4624,"Version":2,"Level":0,"Task":12544,"Opcode":0,"Keywords":"0x8020000000000000","TimeCreated":"2023-12-08T15:30:13.367228500Z","EventRecordID":111677,"Correlation":{},"Execution":{"ProcessID":588,"ThreadID":1980},"Channel":"Security","Computer":"meereen.essos.local"},"EventData":{"ProcessId":"0x0","TargetUserSid":"S-1-5-18","IpAddress":"::1","SubjectUserName":"-","ImpersonationLevel":"%%1833","VirtualAccount":"%%1843","TransmittedServices":"-","TargetLogonId":"0x543286","SubjectUserSid":"S-1-0-0","LogonProcessName":"Kerberos","LogonGuid":"{4DAE89EC-640B-593C-8935-87CC0FE7DECD}","RestrictedAdminMode":"-","AuthenticationPackageName":"Kerberos","TargetUserName":"MEEREEN$","TargetOutboundUserName":"-","TargetOutboundDomainName":"-","SubjectDomainName":"-","SubjectLogonId":"0x0","KeyLength":"0","LmPackageName":"-","TargetDomainName":"ESSOS.LOCAL","TargetLinkedLogonId":"0x0","ProcessName":"-","WorkstationName":"-","ElevatedToken":"%%1842","LogonType":"3","IpPort":"49406"},"OpenWEC":{"IpAddress":"10.202.0.93","TimeReceived":"2023-12-08T15:44:20.719706886+00:00","Principal":"MEEREEN$@ESSOS.LOCAL","Subscription":{"Uuid":"CB04741B-9072-4E2D-B769-3570FA020BBD","Version":"6E053E8A-FE0D-45A0-A863-C501EEDB4011","Name":"anssi-subscription"}}}
{"System":{"Provider":{"Name":"Microsoft-Windows-WinRM","Guid":"{A7975C8F-AC13-49F1-87DA-5A984A4AB417}"},"EventID":163,"Version":0,"Level":2,"Task":7,"Opcode":0,"Keywords":"0x400000000000000a","TimeCreated":"2023-12-08T15:31:18.202615900Z","EventRecordID":5163,"Correlation":{"ActivityID":"{833290A8-29FD-0001-DFB3-3283FD29DA01}"},"Execution":{"ProcessID":1100,"ThreadID":400},"Channel":"Microsoft-Windows-WinRM/Operational","Computer":"meereen.essos.local","UserID":"S-1-5-20"},"EventData":{"authServer2":" ","authServer4":" ","authServer5":" ","authClient":"Kerberos","authServer1":" ","authServer3":" "},"OpenWEC":{"IpAddress":"10.202.0.93","TimeReceived":"2023-12-08T15:44:20.719706886+00:00","Principal":"MEEREEN$@ESSOS.LOCAL","Subscription":{"Uuid":"CB04741B-9072-4E2D-B769-3570FA020BBD","Version":"6E053E8A-FE0D-45A0-A863-C501EEDB4011","Name":"anssi-subscription"}}}
{"System":{"Provider":{"Name":"Microsoft-Windows-WinRM","Guid":"{A7975C8F-AC13-49F1-87DA-5A984A4AB417}"},"EventID":142,"Version":0,"Level":2,"Task":10,"Opcode":2,"Keywords":"0x4000000000000002","TimeCreated":"2023-12-08T15:31:18.202728700Z","EventRecordID":5164,"Correlation":{"ActivityID":"{833290A8-29FD-0001-AE92-3283FD29DA01}"},"Execution":{"ProcessID":1100,"ThreadID":400},"Channel":"Microsoft-Windows-WinRM/Operational","Computer":"meereen.essos.local","UserID":"S-1-5-20"},"EventData":{"errorCode":"5","operationName":"Enumeration"},"OpenWEC":{"IpAddress":"10.202.0.93","TimeReceived":"2023-12-08T15:44:20.719706886+00:00","Principal":"MEEREEN$@ESSOS.LOCAL","Subscription":{"Uuid":"CB04741B-9072-4E2D-B769-3570FA020BBD","Version":"6E053E8A-FE0D-45A0-A863-C501EEDB4011","Name":"anssi-subscription"}}}
{"System":{"Provider":{"Name":"Microsoft-Windows-Security-Auditing","Guid":"{54849625-5478-4994-A5BA-3E3B0328C30D}"},"EventID":4624,"Version":2,"Level":0,"Task":12544,"Opcode":0,"Keywords":"0x8020000000000000","TimeCreated":"2023-12-08T15:31:34.672694500Z","EventRecordID":111936,"Correlation":{},"Execution":{"ProcessID":588,"ThreadID":1980},"Channel":"Security","Computer":"meereen.essos.local"},"EventData":{"ProcessId":"0x0","LmPackageName":"-","ImpersonationLevel":"%%1833","TargetDomainName":"ESSOS.LOCAL","SubjectUserSid":"S-1-0-0","TransmittedServices":"-","IpPort":"49437","LogonGuid":"{4DAE89EC-640B-593C-8935-87CC0FE7DECD}","VirtualAccount":"%%1843","SubjectDomainName":"-","SubjectLogonId":"0x0","ProcessName":"-","AuthenticationPackageName":"Kerberos","TargetLogonId":"0x54ab8f","LogonProcessName":"Kerberos","KeyLength":"0","LogonType":"3","SubjectUserName":"-","TargetLinkedLogonId":"0x0","RestrictedAdminMode":"-","ElevatedToken":"%%1842","TargetUserName":"MEEREEN$","IpAddress":"::1","TargetOutboundUserName":"-","TargetOutboundDomainName":"-","WorkstationName":"-","TargetUserSid":"S-1-5-18"},"OpenWEC":{"IpAddress":"10.202.0.93","TimeReceived":"2023-12-08T15:44:20.719706886+00:00","Principal":"MEEREEN$@ESSOS.LOCAL","Subscription":{"Uuid":"CB04741B-9072-4E2D-B769-3570FA020BBD","Version":"6E053E8A-FE0D-45A0-A863-C501EEDB4011","Name":"anssi-subscription"}}}
{"System":{"Provider":{"Name":"Microsoft-Windows-WinRM","Guid":"{A7975C8F-AC13-49F1-87DA-5A984A4AB417}"},"EventID":163,"Version":0,"Level":2,"Task":7,"Opcode":0,"Keywords":"0x400000000000000a","TimeCreated":"2023-12-08T15:32:22.969529500Z","EventRecordID":5167,"Correlation":{"ActivityID":"{833290A8-29FD-0001-06B4-3283FD29DA01}"},"Execution":{"ProcessID":1100,"ThreadID":5264},"Channel":"Microsoft-Windows-WinRM/Operational","Computer":"meereen.essos.local","UserID":"S-1-5-20"},"EventData":{"authServer5":" ","authServer3":" ","authServer4":" ","authServer2":" ","authClient":"Kerberos","authServer1":" "},"OpenWEC":{"IpAddress":"10.202.0.93","TimeReceived":"2023-12-08T15:44:20.719706886+00:00","Principal":"MEEREEN$@ESSOS.LOCAL","Subscription":{"Uuid":"CB04741B-9072-4E2D-B769-3570FA020BBD","Version":"6E053E8A-FE0D-45A0-A863-C501EEDB4011","Name":"anssi-subscription"}}}
{"System":{"Provider":{"Name":"Microsoft-Windows-WinRM","Guid":"{A7975C8F-AC13-49F1-87DA-5A984A4AB417}"},"EventID":142,"Version":0,"Level":2,"Task":10,"Opcode":2,"Keywords":"0x4000000000000002","TimeCreated":"2023-12-08T15:32:22.969593300Z","EventRecordID":5168,"Correlation":{"ActivityID":"{833290A8-29FD-0001-AE92-3283FD29DA01}"},"Execution":{"ProcessID":1100,"ThreadID":5264},"Channel":"Microsoft-Windows-WinRM/Operational","Computer":"meereen.essos.local","UserID":"S-1-5-20"},"EventData":{"errorCode":"5","operationName":"Enumeration"},"OpenWEC":{"IpAddress":"10.202.0.93","TimeReceived":"2023-12-08T15:44:20.719706886+00:00","Principal":"MEEREEN$@ESSOS.LOCAL","Subscription":{"Uuid":"CB04741B-9072-4E2D-B769-3570FA020BBD","Version":"6E053E8A-FE0D-45A0-A863-C501EEDB4011","Name":"anssi-subscription"}}}
{"System":{"Provider":{"Name":"Microsoft-Windows-Security-Auditing","Guid":"{54849625-5478-4994-A5BA-3E3B0328C30D}"},"EventID":4624,"Version":2,"Level":0,"Task":12544,"Opcode":0,"Keywords":"0x8020000000000000","TimeCreated":"2023-12-08T15:32:29.584700300Z","EventRecordID":112087,"Correlation":{},"Execution":{"ProcessID":588,"ThreadID":1980},"Channel":"Security","Computer":"meereen.essos.local"},"EventData":{"SubjectDomainName":"-","SubjectUserName":"-","LogonProcessName":"Kerberos","TargetLinkedLogonId":"0x0","IpAddress":"::1","VirtualAccount":"%%1843","TargetOutboundUserName":"-","SubjectUserSid":"S-1-0-0","RestrictedAdminMode":"-","IpPort":"49467","TargetOutboundDomainName":"-","SubjectLogonId":"0x0","LmPackageName":"-","TargetLogonId":"0x552139","TargetDomainName":"ESSOS.LOCAL","LogonType":"3","TargetUserSid":"S-1-5-18","ProcessName":"-","ProcessId":"0x0","LogonGuid":"{4DAE89EC-640B-593C-8935-87CC0FE7DECD}","AuthenticationPackageName":"Kerberos","ElevatedToken":"%%1842","KeyLength":"0","WorkstationName":"-","TransmittedServices":"-","TargetUserName":"MEEREEN$","ImpersonationLevel":"%%1833"},"OpenWEC":{"IpAddress":"10.202.0.93","TimeReceived":"2023-12-08T15:44:20.719706886+00:00","Principal":"MEEREEN$@ESSOS.LOCAL","Subscription":{"Uuid":"CB04741B-9072-4E2D-B769-3570FA020BBD","Version":"6E053E8A-FE0D-45A0-A863-C501EEDB4011","Name":"anssi-subscription"}}}
{"System":{"Provider":{"Name":"Microsoft-Windows-WinRM","Guid":"{A7975C8F-AC13-49F1-87DA-5A984A4AB417}"},"EventID":163,"Version":0,"Level":2,"Task":7,"Opcode":0,"Keywords":"0x400000000000000a","TimeCreated":"2023-12-08T15:33:20.723483200Z","EventRecordID":5171,"Correlation":{"ActivityID":"{833290A8-29FD-0001-09B4-3283FD29DA01}"},"Execution":{"ProcessID":1100,"ThreadID":1632},"Channel":"Microsoft-Windows-WinRM/Operational","Computer":"meereen.essos.local","UserID":"S-1-5-20"},"EventData":{"authServer4":" ","authServer1":" ","authClient":"Kerberos","authServer2":" ","authServer3":" ","authServer5":" "},"OpenWEC":{"IpAddress":"10.202.0.93","TimeReceived":"2023-12-08T15:44:20.719706886+00:00","Principal":"MEEREEN$@ESSOS.LOCAL","Subscription":{"Uuid":"CB04741B-9072-4E2D-B769-3570FA020BBD","Version":"6E053E8A-FE0D-45A0-A863-C501EEDB4011","Name":"anssi-subscription"}}}
{"System":{"Provider":{"Name":"Microsoft-Windows-WinRM","Guid":"{A7975C8F-AC13-49F1-87DA-5A984A4AB417}"},"EventID":142,"Version":0,"Level":2,"Task":10,"Opcode":2,"Keywords":"0x4000000000000002","TimeCreated":"2023-12-08T15:33:20.723573200Z","EventRecordID":5172,"Correlation":{"ActivityID":"{833290A8-29FD-0001-AE92-3283FD29DA01}"},"Execution":{"ProcessID":1100,"ThreadID":1632},"Channel":"Microsoft-Windows-WinRM/Operational","Computer":"meereen.essos.local","UserID":"S-1-5-20"},"EventData":{"operationName":"Enumeration","errorCode":"5"},"OpenWEC":{"IpAddress":"10.202.0.93","TimeReceived":"2023-12-08T15:44:20.719706886+00:00","Principal":"MEEREEN$@ESSOS.LOCAL","Subscription":{"Uuid":"CB04741B-9072-4E2D-B769-3570FA020BBD","Version":"6E053E8A-FE0D-45A0-A863-C501EEDB4011","Name":"anssi-subscription"}}}
{"System":{"Provider":{"Name":"Microsoft-Windows-Security-Auditing","Guid":"{54849625-5478-4994-A5BA-3E3B0328C30D}"},"EventID":4624,"Version":2,"Level":0,"Task":12544,"Opcode":0,"Keywords":"0x8020000000000000","TimeCreated":"2023-12-08T15:33:27.314831500Z","EventRecordID":112357,"Correlation":{},"Execution":{"ProcessID":588,"ThreadID":1980},"Channel":"Security","Computer":"meereen.essos.local"},"EventData":{"WorkstationName":"-","IpAddress":"::1","IpPort":"49497","SubjectLogonId":"0x0","AuthenticationPackageName":"Kerberos","TargetOutboundUserName":"-","LogonGuid":"{4DAE89EC-640B-593C-8935-87CC0FE7DECD}","TargetDomainName":"ESSOS.LOCAL","TargetUserName":"MEEREEN$","ProcessName":"-","ImpersonationLevel":"%%1833","ProcessId":"0x0","RestrictedAdminMode":"-","TargetUserSid":"S-1-5-18","SubjectUserName":"-","KeyLength":"0","LogonType":"3","LogonProcessName":"Kerberos","VirtualAccount":"%%1843","SubjectDomainName":"-","SubjectUserSid":"S-1-0-0","TargetOutboundDomainName":"-","TargetLinkedLogonId":"0x0","ElevatedToken":"%%1842","LmPackageName":"-","TransmittedServices":"-","TargetLogonId":"0x5596bc"},"OpenWEC":{"IpAddress":"10.202.0.93","TimeReceived":"2023-12-08T15:44:20.719706886+00:00","Principal":"MEEREEN$@ESSOS.LOCAL","Subscription":{"Uuid":"CB04741B-9072-4E2D-B769-3570FA020BBD","Version":"6E053E8A-FE0D-45A0-A863-C501EEDB4011","Name":"anssi-subscription"}}}
{"System":{"Provider":{"Name":"Microsoft-Windows-WinRM","Guid":"{A7975C8F-AC13-49F1-87DA-5A984A4AB417}"},"EventID":163,"Version":0,"Level":2,"Task":7,"Opcode":0,"Keywords":"0x400000000000000a","TimeCreated":"2023-12-08T15:34:23.737758200Z","EventRecordID":5175,"Correlation":{"ActivityID":"{833290A8-29FD-0000-4DAE-3283FD29DA01}"},"Execution":{"ProcessID":1100,"ThreadID":5264},"Channel":"Microsoft-Windows-WinRM/Operational","Computer":"meereen.essos.local","UserID":"S-1-5-20"},"EventData":{"authServer4":" ","authServer5":" ","authServer2":" ","authClient":"Kerberos","authServer1":" ","authServer3":" "},"OpenWEC":{"IpAddress":"10.202.0.93","TimeReceived":"2023-12-08T15:44:20.719706886+00:00","Principal":"MEEREEN$@ESSOS.LOCAL","Subscription":{"Uuid":"CB04741B-9072-4E2D-B769-3570FA020BBD","Version":"6E053E8A-FE0D-45A0-A863-C501EEDB4011","Name":"anssi-subscription"}}}
{"System":{"Provider":{"Name":"Microsoft-Windows-WinRM","Guid":"{A7975C8F-AC13-49F1-87DA-5A984A4AB417}"},"EventID":142,"Version":0,"Level":2,"Task":10,"Opcode":2,"Keywords":"0x4000000000000002","TimeCreated":"2023-12-08T15:34:23.737844900Z","EventRecordID":5176,"Correlation":{"ActivityID":"{833290A8-29FD-0001-AE92-3283FD29DA01}"},"Execution":{"ProcessID":1100,"ThreadID":5264},"Channel":"Microsoft-Windows-WinRM/Operational","Computer":"meereen.essos.local","UserID":"S-1-5-20"},"EventData":{"errorCode":"5","operationName":"Enumeration"},"OpenWEC":{"IpAddress":"10.202.0.93","TimeReceived":"2023-12-08T15:44:20.719706886+00:00","Principal":"MEEREEN$@ESSOS.LOCAL","Subscription":{"Uuid":"CB04741B-9072-4E2D-B769-3570FA020BBD","Version":"6E053E8A-FE0D-45A0-A863-C501EEDB4011","Name":"anssi-subscription"}}}
{"System":{"Provider":{"Name":"Microsoft-Windows-Security-Auditing","Guid":"{54849625-5478-4994-A5BA-3E3B0328C30D}"},"EventID":4624,"Version":2,"Level":0,"Task":12544,"Opcode":0,"Keywords":"0x8020000000000000","TimeCreated":"2023-12-08T15:34:27.329410200Z","EventRecordID":112543,"Correlation":{},"Execution":{"ProcessID":588,"ThreadID":2248},"Channel":"Security","Computer":"meereen.essos.local"},"EventData":{"ProcessName":"-","TargetOutboundUserName":"-","VirtualAccount":"%%1843","WorkstationName":"-","LogonType":"3","TransmittedServices":"-","SubjectDomainName":"-","SubjectUserSid":"S-1-0-0","LogonProcessName":"Kerberos","LmPackageName":"-","TargetOutboundDomainName":"-","SubjectLogonId":"0x0","TargetDomainName":"ESSOS.LOCAL","TargetLogonId":"0x560f74","KeyLength":"0","IpAddress":"::1","ImpersonationLevel":"%%1833","RestrictedAdminMode":"-","IpPort":"49527","TargetLinkedLogonId":"0x0","SubjectUserName":"-","TargetUserName":"MEEREEN$","ElevatedToken":"%%1842","LogonGuid":"{4DAE89EC-640B-593C-8935-87CC0FE7DECD}","TargetUserSid":"S-1-5-18","AuthenticationPackageName":"Kerberos","ProcessId":"0x0"},"OpenWEC":{"IpAddress":"10.202.0.93","TimeReceived":"2023-12-08T15:44:20.719706886+00:00","Principal":"MEEREEN$@ESSOS.LOCAL","Subscription":{"Uuid":"CB04741B-9072-4E2D-B769-3570FA020BBD","Version":"6E053E8A-FE0D-45A0-A863-C501EEDB4011","Name":"anssi-subscription"}}}
{"System":{"Provider":{"Name":"Microsoft-Windows-Security-Auditing","Guid":"{54849625-5478-4994-A5BA-3E3B0328C30D}"},"EventID":4624,"Version":2,"Level":0,"Task":12544,"Opcode":0,"Keywords":"0x8020000000000000","TimeCreated":"2023-12-08T15:34:31.425659700Z","EventRecordID":112550,"Correlation":{},"Execution":{"ProcessID":588,"ThreadID":2248},"Channel":"Security","Computer":"meereen.essos.local"},"EventData":{"SubjectDomainName":"-","TargetOutboundDomainName":"-","ElevatedToken":"%%1842","IpAddress":"fe80::3076:9c8f:3acb:98de","SubjectUserName":"-","SubjectLogonId":"0x0","TransmittedServices":"-","LmPackageName":"-","AuthenticationPackageName":"Kerberos","TargetUserSid":"S-1-5-18","TargetDomainName":"ESSOS.LOCAL","ImpersonationLevel":"%%1833","RestrictedAdminMode":"-","VirtualAccount":"%%1843","ProcessId":"0x0","LogonProcessName":"Kerberos","SubjectUserSid":"S-1-0-0","IpPort":"49531","WorkstationName":"-","LogonGuid":"{6C3699F9-21BC-C044-F488-8345FDC7CD94}","TargetOutboundUserName":"-","TargetLogonId":"0x561eb1","LogonType":"3","TargetLinkedLogonId":"0x0","ProcessName":"-","TargetUserName":"MEEREEN$","KeyLength":"0"},"OpenWEC":{"IpAddress":"10.202.0.93","TimeReceived":"2023-12-08T15:44:20.719706886+00:00","Principal":"MEEREEN$@ESSOS.LOCAL","Subscription":{"Uuid":"CB04741B-9072-4E2D-B769-3570FA020BBD","Version":"6E053E8A-FE0D-45A0-A863-C501EEDB4011","Name":"anssi-subscription"}}}
{"System":{"Provider":{"Name":"Microsoft-Windows-Security-Auditing","Guid":"{54849625-5478-4994-A5BA-3E3B0328C30D}"},"EventID":4624,"Version":2,"Level":0,"Task":12544,"Opcode":0,"Keywords":"0x8020000000000000","TimeCreated":"2023-12-08T15:34:31.438959700Z","EventRecordID":112552,"Correlation":{"ActivityID":"{833290A8-29FD-0001-F190-3283FD29DA01}"},"Execution":{"ProcessID":588,"ThreadID":896},"Channel":"Security","Computer":"meereen.essos.local"},"EventData":{"SubjectLogonId":"0x0","ProcessName":"-","IpAddress":"::1","LogonGuid":"{6C3699F9-21BC-C044-F488-8345FDC7CD94}","LmPackageName":"-","IpPort":"0","ImpersonationLevel":"%%1833","TargetUserSid":"S-1-5-18","AuthenticationPackageName":"Kerberos","TargetLinkedLogonId":"0x0","ElevatedToken":"%%1842","TransmittedServices":"-","TargetLogonId":"0x561f90","SubjectDomainName":"-","LogonType":"3","TargetOutboundUserName":"-","VirtualAccount":"%%1843","WorkstationName":"-","KeyLength":"0","RestrictedAdminMode":"-","TargetOutboundDomainName":"-","SubjectUserSid":"S-1-0-0","TargetDomainName":"ESSOS.LOCAL","ProcessId":"0x0","LogonProcessName":"Kerberos","TargetUserName":"MEEREEN$","SubjectUserName":"-"},"OpenWEC":{"IpAddress":"10.202.0.93","TimeReceived":"2023-12-08T15:44:20.719706886+00:00","Principal":"MEEREEN$@ESSOS.LOCAL","Subscription":{"Uuid":"CB04741B-9072-4E2D-B769-3570FA020BBD","Version":"6E053E8A-FE0D-45A0-A863-C501EEDB4011","Name":"anssi-subscription"}}}
{"System":{"Provider":{"Name":"Microsoft-Windows-Security-Auditing","Guid":"{54849625-5478-4994-A5BA-3E3B0328C30D}"},"EventID":4624,"Version":2,"Level":0,"Task":12544,"Opcode":0,"Keywords":"0x8020000000000000","TimeCreated":"2023-12-08T15:34:31.440859900Z","EventRecordID":112554,"Correlation":{},"Execution":{"ProcessID":588,"ThreadID":2248},"Channel":"Security","Computer":"meereen.essos.local"},"EventData":{"SubjectDomainName":"-","TargetUserSid":"S-1-5-18","IpAddress":"10.202.0.93","LogonGuid":"{6C3699F9-21BC-C044-F488-8345FDC7CD94}","TargetOutboundUserName":"-","VirtualAccount":"%%1843","TargetLinkedLogonId":"0x0","ElevatedToken":"%%1842","TargetUserName":"MEEREEN$","TransmittedServices":"-","LogonProcessName":"Kerberos","LmPackageName":"-","WorkstationName":"-","RestrictedAdminMode":"-","KeyLength":"0","ProcessName":"-","TargetOutboundDomainName":"-","AuthenticationPackageName":"Kerberos","IpPort":"49532","ImpersonationLevel":"%%1833","SubjectUserName":"-","SubjectUserSid":"S-1-0-0","SubjectLogonId":"0x0","TargetDomainName":"ESSOS.LOCAL","TargetLogonId":"0x561fd3","LogonType":"3","ProcessId":"0x0"},"OpenWEC":{"IpAddress":"10.202.0.93","TimeReceived":"2023-12-08T15:44:20.719706886+00:00","Principal":"MEEREEN$@ESSOS.LOCAL","Subscription":{"Uuid":"CB04741B-9072-4E2D-B769-3570FA020BBD","Version":"6E053E8A-FE0D-45A0-A863-C501EEDB4011","Name":"anssi-subscription"}}}
{"System":{"Provider":{"Name":"Microsoft-Windows-Security-Auditing","Guid":"{54849625-5478-4994-A5BA-3E3B0328C30D}"},"EventID":4624,"Version":2,"Level":0,"Task":12544,"Opcode":0,"Keywords":"0x8020000000000000","TimeCreated":"2023-12-08T15:34:31.536405700Z","EventRecordID":112556,"Correlation":{"ActivityID":"{833290A8-29FD-0001-F190-3283FD29DA01}"},"Execution":{"ProcessID":588,"ThreadID":896},"Channel":"Security","Computer":"meereen.essos.local"},"EventData":{"TargetUserName":"MEEREEN$","ProcessId":"0x0","LogonProcessName":"Kerberos","KeyLength":"0","IpAddress":"fe80::3076:9c8f:3acb:98de","ImpersonationLevel":"%%1840","TargetOutboundDomainName":"-","VirtualAccount":"%%1843","ElevatedToken":"%%1842","SubjectUserSid":"S-1-0-0","SubjectDomainName":"-","LogonGuid":"{6C3699F9-21BC-C044-F488-8345FDC7CD94}","LmPackageName":"-","TargetOutboundUserName":"-","WorkstationName":"-","TargetLinkedLogonId":"0x0","SubjectUserName":"-","TargetLogonId":"0x562037","ProcessName":"-","SubjectLogonId":"0x0","TargetDomainName":"ESSOS.LOCAL","AuthenticationPackageName":"Kerberos","TargetUserSid":"S-1-5-18","LogonType":"3","RestrictedAdminMode":"-","IpPort":"49533","TransmittedServices":"-"},"OpenWEC":{"IpAddress":"10.202.0.93","TimeReceived":"2023-12-08T15:44:20.719706886+00:00","Principal":"MEEREEN$@ESSOS.LOCAL","Subscription":{"Uuid":"CB04741B-9072-4E2D-B769-3570FA020BBD","Version":"6E053E8A-FE0D-45A0-A863-C501EEDB4011","Name":"anssi-subscription"}}}
{"System":{"Provider":{"Name":"Microsoft-Windows-Security-Auditing","Guid":"{54849625-5478-4994-A5BA-3E3B0328C30D}"},"EventID":5140,"Version":1,"Level":0,"Task":12808,"Opcode":0,"Keywords":"0x8020000000000000","TimeCreated":"2023-12-08T15:34:31.536669800Z","EventRecordID":112557,"Correlation":{},"Execution":{"ProcessID":4,"ThreadID":2396},"Channel":"Security","Computer":"meereen.essos.local"},"EventData":{"SubjectUserSid":"S-1-5-18","AccessList":"%%4416\n\t\t\t\t","SubjectLogonId":"0x562037","SubjectUserName":"MEEREEN$","IpAddress":"fe80::3076:9c8f:3acb:98de","ShareName":"\\\\*\\SYSVOL","ShareLocalPath":"\\??\\C:\\Windows\\SYSVOL\\sysvol","AccessMask":"0x1","SubjectDomainName":"ESSOS","ObjectType":"File","IpPort":"49533"},"OpenWEC":{"IpAddress":"10.202.0.93","TimeReceived":"2023-12-08T15:44:20.719706886+00:00","Principal":"MEEREEN$@ESSOS.LOCAL","Subscription":{"Uuid":"CB04741B-9072-4E2D-B769-3570FA020BBD","Version":"6E053E8A-FE0D-45A0-A863-C501EEDB4011","Name":"anssi-subscription"}}}
