{"System":{"Provider":{"Name":"Microsoft-Windows-Security-Auditing","Guid":"{54849625-5478-4994-A5BA-3E3B0328C30D}"},"EventID":4624,"Version":2,"Level":0,"Task":12544,"Opcode":0,"Keywords":"0x8020000000000000","TimeCreated":"2023-12-08T11:42:07.876548800Z","EventRecordID":106419,"Correlation":{},"Execution":{"ProcessID":588,"ThreadID":2248},"Channel":"Security","Computer":"meereen.essos.local"},"EventData":{"LogonType":"3","SubjectUserName":"-","SubjectLogonId":"0x0","TransmittedServices":"-","LogonProcessName":"Kerberos","LmPackageName":"-","ProcessId":"0x0","WorkstationName":"-","ProcessName":"-","TargetUserName":"MEEREEN$","LogonGuid":"{6C3699F9-21BC-C044-F488-8345FDC7CD94}","IpAddress":"fe80::3076:9c8f:3acb:98de","IpPort":"53905","ImpersonationLevel":"%%1833","TargetOutboundUserName":"-","SubjectUserSid":"S-1-0-0","TargetOutboundDomainName":"-","AuthenticationPackageName":"Kerberos","TargetUserSid":"S-1-5-18","VirtualAccount":"%%1843","ElevatedToken":"%%1842","TargetDomainName":"ESSOS.LOCAL","RestrictedAdminMode":"-","SubjectDomainName":"-","TargetLogonId":"0x3ccc9b","TargetLinkedLogonId":"0x0","KeyLength":"0"},"OpenWEC":{"IpAddress":"10.202.0.93","TimeReceived":"2023-12-08T11:42:35.473036475+00:00","Principal":"MEEREEN$@ESSOS.LOCAL","Subscription":{"Uuid":"CB04741B-9072-4E2D-B769-3570FA020BBD","Version":"6E053E8A-FE0D-45A0-A863-C501EEDB4011","Name":"anssi-subscription"}}}
{"System":{"Provider":{"Name":"Microsoft-Windows-Security-Auditing","Guid":"{54849625-5478-4994-A5BA-3E3B0328C30D}"},"EventID":4624,"Version":2,"Level":0,"Task":12544,"Opcode":0,"Keywords":"0x8020000000000000","TimeCreated":"2023-12-08T11:42:07.889611200Z","EventRecordID":106421,"Correlation":{"ActivityID":"{833290A8-29FD-0001-F190-3283FD29DA01}"},"Execution":{"ProcessID":588,"ThreadID":628},"Channel":"Security","Computer":"meereen.essos.local"},"EventData":{"IpPort":"0","RestrictedAdminMode":"-","TargetOutboundUserName":"-","TargetOutboundDomainName":"-","VirtualAccount":"%%1843","TargetLinkedLogonId":"0x0","ElevatedToken":"%%1842","SubjectDomainName":"-","TransmittedServices":"-","TargetLogonId":"0x3ccd7a","ImpersonationLevel":"%%1833","ProcessName":"-","SubjectUserName":"-","ProcessId":"0x0","LmPackageName":"-","TargetDomainName":"ESSOS.LOCAL","SubjectLogonId":"0x0","WorkstationName":"-","KeyLength":"0","LogonProcessName":"Kerberos","AuthenticationPackageName":"Kerberos","LogonType":"3","LogonGuid":"{6C3699F9-21BC-C044-F488-8345FDC7CD94}","IpAddress":"::1","SubjectUserSid":"S-1-0-0","TargetUserName":"MEEREEN$","TargetUserSid":"S-1-5-18"},"OpenWEC":{"IpAddress":"10.202.0.93","TimeReceived":"2023-12-08T11:42:35.473036475+00:00","Principal":"MEEREEN$@ESSOS.LOCAL","Subscription":{"Uuid":"CB04741B-9072-4E2D-B769-3570FA020BBD","Version":"6E053E8A-FE0D-45A0-A863-C501EEDB4011","Name":"anssi-subscription"}}}
{"System":{"Provider":{"Name":"Microsoft-Windows-Security-Auditing","Guid":"{54849625-5478-4994-A5BA-3E3B0328C30D}"},"EventID":4624,"Version":2,"Level":0,"Task":12544,"Opcode":0,"Keywords":"0x8020000000000000","TimeCreated":"2023-12-08T11:42:07.891348500Z","EventRecordID":106423,"Correlation":{},"Execution":{"ProcessID":588,"ThreadID":1980},"Channel":"Security","Computer":"meereen.essos.local"},"EventData":{"ProcessId":"0x0","ImpersonationLevel":"%%1833","WorkstationName":"-","LmPackageName":"-","RestrictedAdminMode":"-","VirtualAccount":"%%1843","ElevatedToken":"%%1842","SubjectLogonId":"0x0","IpAddress":"10.202.0.93","TransmittedServices":"-","LogonGuid":"{6C3699F9-21BC-C044-F488-8345FDC7CD94}","TargetLogonId":"0x3ccdbd","LogonType":"3","SubjectDomainName":"-","SubjectUserSid":"S-1-0-0","AuthenticationPackageName":"Kerberos","LogonProcessName":"Kerberos","SubjectUserName":"-","KeyLength":"0","ProcessName":"-","IpPort":"53906","TargetOutboundUserName":"-","TargetOutboundDomainName":"-","TargetUserSid":"S-1-5-18","TargetLinkedLogonId":"0x0","TargetUserName":"MEEREEN$","TargetDomainName":"ESSOS.LOCAL"},"OpenWEC":{"IpAddress":"10.202.0.93","TimeReceived":"2023-12-08T11:42:35.473036475+00:00","Principal":"MEEREEN$@ESSOS.LOCAL","Subscription":{"Uuid":"CB04741B-9072-4E2D-B769-3570FA020BBD","Version":"6E053E8A-FE0D-45A0-A863-C501EEDB4011","Name":"anssi-subscription"}}}
{"System":{"Provider":{"Name":"Microsoft-Windows-Security-Auditing","Guid":"{54849625-5478-4994-A5BA-3E3B0328C30D}"},"EventID":4624,"Version":2,"Level":0,"Task":12544,"Opcode":0,"Keywords":"0x8020000000000000","TimeCreated":"2023-12-08T11:42:08.002592700Z","EventRecordID":106425,"Correlation":{"ActivityID":"{833290A8-29FD-0001-F190-3283FD29DA01}"},"Execution":{"ProcessID":588,"ThreadID":628},"Channel":"Security","Computer":"meereen.essos.local"},"EventData":{"LmPackageName":"-","LogonProcessName":"Kerberos","RestrictedAdminMode":"-","SubjectUserSid":"S-1-0-0","ProcessId":"0x0","ImpersonationLevel":"%%1840","ElevatedToken":"%%1842","VirtualAccount":"%%1843","SubjectDomainName":"-","IpAddress":"fe80::3076:9c8f:3acb:98de","TransmittedServices":"-","WorkstationName":"-","KeyLength":"0","TargetLogonId":"0x3cce26","ProcessName":"-","IpPort":"53907","TargetOutboundDomainName":"-","SubjectUserName":"-","TargetUserSid":"S-1-5-18","LogonType":"3","AuthenticationPackageName":"Kerberos","LogonGuid":"{6C3699F9-21BC-C044-F488-8345FDC7CD94}","TargetLinkedLogonId":"0x0","TargetUserName":"MEEREEN$","SubjectLogonId":"0x0","TargetOutboundUserName":"-","TargetDomainName":"ESSOS.LOCAL"},"OpenWEC":{"IpAddress":"10.202.0.93","TimeReceived":"2023-12-08T11:42:35.473036475+00:00","Principal":"MEEREEN$@ESSOS.LOCAL","Subscription":{"Uuid":"CB04741B-9072-4E2D-B769-3570FA020BBD","Version":"6E053E8A-FE0D-45A0-A863-C501EEDB4011","Name":"anssi-subscription"}}}
{"System":{"Provider":{"Name":"Microsoft-Windows-Security-Auditing","Guid":"{54849625-5478-4994-A5BA-3E3B0328C30D}"},"EventID":5140,"Version":1,"Level":0,"Task":12808,"Opcode":0,"Keywords":"0x8020000000000000","TimeCreated":"2023-12-08T11:42:08.002863500Z","EventRecordID":106426,"Correlation":{},"Execution":{"ProcessID":4,"ThreadID":2936},"Channel":"Security","Computer":"meereen.essos.local"},"EventData":{"SubjectUserSid":"S-1-5-18","SubjectDomainName":"ESSOS","IpPort":"53907","SubjectUserName":"MEEREEN$","AccessMask":"0x1","ShareName":"\\\\*\\SYSVOL","ShareLocalPath":"\\??\\C:\\Windows\\SYSVOL\\sysvol","ObjectType":"File","AccessList":"%%4416\n\t\t\t\t","IpAddress":"fe80::3076:9c8f:3acb:98de","SubjectLogonId":"0x3cce26"},"OpenWEC":{"IpAddress":"10.202.0.93","TimeReceived":"2023-12-08T11:42:35.473036475+00:00","Principal":"MEEREEN$@ESSOS.LOCAL","Subscription":{"Uuid":"CB04741B-9072-4E2D-B769-3570FA020BBD","Version":"6E053E8A-FE0D-45A0-A863-C501EEDB4011","Name":"anssi-subscription"}}}
{"System":{"Provider":{"Name":"Microsoft-Windows-Security-Auditing","Guid":"{54849625-5478-4994-A5BA-3E3B0328C30D}"},"EventID":4624,"Version":2,"Level":0,"Task":12544,"Opcode":0,"Keywords":"0x8020000000000000","TimeCreated":"2023-12-08T11:42:14.718953900Z","EventRecordID":106436,"Correlation":{},"Execution":{"ProcessID":588,"ThreadID":1980},"Channel":"Security","Computer":"meereen.essos.local"},"EventData":{"SubjectUserName":"-","ProcessId":"0x0","ProcessName":"-","LogonType":"3","IpPort":"53912","ImpersonationLevel":"%%1833","RestrictedAdminMode":"-","TargetLogonId":"0x3cda70","SubjectUserSid":"S-1-0-0","TargetOutboundDomainName":"-","TransmittedServices":"-","TargetDomainName":"ESSOS.LOCAL","SubjectDomainName":"-","SubjectLogonId":"0x0","LmPackageName":"-","KeyLength":"0","VirtualAccount":"%%1843","ElevatedToken":"%%1842","LogonProcessName":"Kerberos","LogonGuid":"{4DAE89EC-640B-593C-8935-87CC0FE7DECD}","TargetOutboundUserName":"-","TargetLinkedLogonId":"0x0","WorkstationName":"-","TargetUserSid":"S-1-5-18","AuthenticationPackageName":"Kerberos","TargetUserName":"MEEREEN$","IpAddress":"fe80::3076:9c8f:3acb:98de"},"OpenWEC":{"IpAddress":"10.202.0.93","TimeReceived":"2023-12-08T11:42:35.473036475+00:00","Principal":"MEEREEN$@ESSOS.LOCAL","Subscription":{"Uuid":"CB04741B-9072-4E2D-B769-3570FA020BBD","Version":"6E053E8A-FE0D-45A0-A863-C501EEDB4011","Name":"anssi-subscription"}}}
{"System":{"Provider":{"Name":"Microsoft-Windows-Security-Auditing","Guid":"{54849625-5478-4994-A5BA-3E3B0328C30D}"},"EventID":4624,"Version":2,"Level":0,"Task":12544,"Opcode":0,"Keywords":"0x8020000000000000","TimeCreated":"2023-12-08T11:42:14.723250600Z","EventRecordID":106439,"Correlation":{},"Execution":{"ProcessID":588,"ThreadID":2248},"Channel":"Security","Computer":"meereen.essos.local"},"EventData":{"TargetUserSid":"S-1-5-18","ProcessName":"-","ImpersonationLevel":"%%1833","ProcessId":"0x0","LogonGuid":"{4DAE89EC-640B-593C-8935-87CC0FE7DECD}","SubjectUserName":"-","TargetOutboundUserName":"-","AuthenticationPackageName":"Kerberos","SubjectDomainName":"-","TargetDomainName":"ESSOS.LOCAL","WorkstationName":"-","KeyLength":"0","TargetOutboundDomainName":"-","VirtualAccount":"%%1843","TargetLinkedLogonId":"0x0","ElevatedToken":"%%1842","SubjectLogonId":"0x0","TargetLogonId":"0x3cdad9","SubjectUserSid":"S-1-0-0","LogonProcessName":"Kerberos","IpAddress":"fe80::3076:9c8f:3acb:98de","IpPort":"53913","RestrictedAdminMode":"-","TargetUserName":"MEEREEN$","LmPackageName":"-","LogonType":"3","TransmittedServices":"-"},"OpenWEC":{"IpAddress":"10.202.0.93","TimeReceived":"2023-12-08T11:42:35.473036475+00:00","Principal":"MEEREEN$@ESSOS.LOCAL","Subscription":{"Uuid":"CB04741B-9072-4E2D-B769-3570FA020BBD","Version":"6E053E8A-FE0D-45A0-A863-C501EEDB4011","Name":"anssi-subscription"}}}
{"System":{"Provider":{"Name":"Microsoft-Windows-Security-Auditing","Guid":"{54849625-5478-4994-A5BA-3E3B0328C30D}"},"EventID":4624,"Version":2,"Level":0,"Task":12544,"Opcode":0,"Keywords":"0x8020000000000000","TimeCreated":"2023-12-08T11:43:04.452699700Z","EventRecordID":106526,"Correlation":{},"Execution":{"ProcessID":588,"ThreadID":2248},"Channel":"Security","Computer":"meereen.essos.local"},"EventData":{"LogonProcessName":"Kerberos","TargetLinkedLogonId":"0x0","IpAddress":"::1","LogonType":"3","IpPort":"53938","RestrictedAdminMode":"-","TargetUserName":"MEEREEN$","SubjectLogonId":"0x0","TargetUserSid":"S-1-5-18","SubjectUserSid":"S-1-0-0","SubjectDomainName":"-","TargetLogonId":"0x3d3f95","KeyLength":"0","ProcessId":"0x0","ProcessName":"-","TargetOutboundUserName":"-","TargetDomainName":"ESSOS.LOCAL","AuthenticationPackageName":"Kerberos","TargetOutboundDomainName":"-","ElevatedToken":"%%1842","LmPackageName":"-","SubjectUserName":"-","VirtualAccount":"%%1843","ImpersonationLevel":"%%1833","WorkstationName":"-","LogonGuid":"{4DAE89EC-640B-593C-8935-87CC0FE7DECD}","TransmittedServices":"-"},"OpenWEC":{"IpAddress":"10.202.0.93","TimeReceived":"2023-12-08T11:43:35.503262154+00:00","Principal":"MEEREEN$@ESSOS.LOCAL","Subscription":{"Uuid":"CB04741B-9072-4E2D-B769-3570FA020BBD","Version":"6E053E8A-FE0D-45A0-A863-C501EEDB4011","Name":"anssi-subscription"}}}
{"System":{"Provider":{"Name":"Microsoft-Windows-Security-Auditing","Guid":"{54849625-5478-4994-A5BA-3E3B0328C30D}"},"EventID":4624,"Version":2,"Level":0,"Task":12544,"Opcode":0,"Keywords":"0x8020000000000000","TimeCreated":"2023-12-08T11:43:42.000294400Z","EventRecordID":106577,"Correlation":{},"Execution":{"ProcessID":588,"ThreadID":628},"Channel":"Security","Computer":"meereen.essos.local"},"EventData":{"TargetUserName":"MEEREEN$","SubjectUserName":"-","AuthenticationPackageName":"Kerberos","KeyLength":"0","TargetDomainName":"ESSOS.LOCAL","IpPort":"53957","SubjectLogonId":"0x0","ProcessName":"-","ImpersonationLevel":"%%1833","RestrictedAdminMode":"-","TargetOutboundUserName":"-","LogonProcessName":"Kerberos","IpAddress":"fe80::3076:9c8f:3acb:98de","TargetOutboundDomainName":"-","VirtualAccount":"%%1843","TargetLinkedLogonId":"0x0","ElevatedToken":"%%1842","LogonType":"3","TargetUserSid":"S-1-5-18","LmPackageName":"-","TransmittedServices":"-","SubjectUserSid":"S-1-0-0","SubjectDomainName":"-","WorkstationName":"-","LogonGuid":"{8432D9FB-0C20-9651-AE3E-7F1B662518A6}","ProcessId":"0x0","TargetLogonId":"0x3d8d76"},"OpenWEC":{"IpAddress":"10.202.0.93","TimeReceived":"2023-12-08T11:44:13.050394507+00:00","Principal":"MEEREEN$@ESSOS.LOCAL","Subscription":{"Uuid":"CB04741B-9072-4E2D-B769-3570FA020BBD","Version":"6E053E8A-FE0D-45A0-A863-C501EEDB4011","Name":"anssi-subscription"}}}
{"System":{"Provider":{"Name":"Microsoft-Windows-Security-Auditing","Guid":"{54849625-5478-4994-A5BA-3E3B0328C30D}"},"EventID":4624,"Version":2,"Level":0,"Task":12544,"Opcode":0,"Keywords":"0x8020000000000000","TimeCreated":"2023-12-08T11:44:04.467652100Z","EventRecordID":106585,"Correlation":{},"Execution":{"ProcessID":588,"ThreadID":2248},"Channel":"Security","Computer":"meereen.essos.local"},"EventData":{"KeyLength":"0","VirtualAccount":"%%1843","TargetLinkedLogonId":"0x0","ImpersonationLevel":"%%1833","ElevatedToken":"%%1842","TargetDomainName":"ESSOS.LOCAL","LogonGuid":"{4DAE89EC-640B-593C-8935-87CC0FE7DECD}","ProcessId":"0x0","AuthenticationPackageName":"Kerberos","SubjectDomainName":"-","LogonProcessName":"Kerberos","LogonType":"3","TargetUserSid":"S-1-5-18","TargetLogonId":"0x3db903","TargetUserName":"MEEREEN$","WorkstationName":"-","LmPackageName":"-","SubjectUserSid":"S-1-0-0","TransmittedServices":"-","ProcessName":"-","IpPort":"53970","IpAddress":"::1","RestrictedAdminMode":"-","TargetOutboundUserName":"-","SubjectLogonId":"0x0","TargetOutboundDomainName":"-","SubjectUserName":"-"},"OpenWEC":{"IpAddress":"10.202.0.93","TimeReceived":"2023-12-08T11:44:13.050394507+00:00","Principal":"MEEREEN$@ESSOS.LOCAL","Subscription":{"Uuid":"CB04741B-9072-4E2D-B769-3570FA020BBD","Version":"6E053E8A-FE0D-45A0-A863-C501EEDB4011","Name":"anssi-subscription"}}}
{"System":{"Provider":{"Name":"Microsoft-Windows-Security-Auditing","Guid":"{54849625-5478-4994-A5BA-3E3B0328C30D}"},"EventID":4624,"Version":2,"Level":0,"Task":12544,"Opcode":0,"Keywords":"0x8020000000000000","TimeCreated":"2023-12-08T11:44:09.205218600Z","EventRecordID":106591,"Correlation":{},"Execution":{"ProcessID":588,"ThreadID":1980},"Channel":"Security","Computer":"meereen.essos.local"},"EventData":{"SubjectUserSid":"S-1-0-0","TargetUserName":"MEEREEN$","ProcessId":"0x0","TransmittedServices":"-","ImpersonationLevel":"%%1833","TargetLogonId":"0x3dc8f2","LogonGuid":"{6C3699F9-21BC-C044-F488-8345FDC7CD94}","ElevatedToken":"%%1842","TargetOutboundDomainName":"-","LogonProcessName":"Kerberos","TargetLinkedLogonId":"0x0","SubjectDomainName":"-","AuthenticationPackageName":"Kerberos","SubjectLogonId":"0x0","KeyLength":"0","IpPort":"53975","TargetOutboundUserName":"-","VirtualAccount":"%%1843","SubjectUserName":"-","LogonType":"3","RestrictedAdminMode":"-","WorkstationName":"-","TargetUserSid":"S-1-5-18","IpAddress":"fe80::3076:9c8f:3acb:98de","ProcessName":"-","TargetDomainName":"ESSOS.LOCAL","LmPackageName":"-"},"OpenWEC":{"IpAddress":"10.202.0.93","TimeReceived":"2023-12-08T11:44:13.050394507+00:00","Principal":"MEEREEN$@ESSOS.LOCAL","Subscription":{"Uuid":"CB04741B-9072-4E2D-B769-3570FA020BBD","Version":"6E053E8A-FE0D-45A0-A863-C501EEDB4011","Name":"anssi-subscription"}}}
{"System":{"Provider":{"Name":"Microsoft-Windows-Security-Auditing","Guid":"{54849625-5478-4994-A5BA-3E3B0328C30D}"},"EventID":4624,"Version":2,"Level":0,"Task":12544,"Opcode":0,"Keywords":"0x8020000000000000","TimeCreated":"2023-12-08T11:45:04.482165900Z","EventRecordID":106642,"Correlation":{},"Execution":{"ProcessID":588,"ThreadID":1980},"Channel":"Security","Computer":"meereen.essos.local"},"EventData":{"TargetDomainName":"ESSOS.LOCAL","IpAddress":"::1","IpPort":"54007","SubjectDomainName":"-","SubjectUserSid":"S-1-0-0","LogonGuid":"{4DAE89EC-640B-593C-8935-87CC0FE7DECD}","TargetOutboundDomainName":"-","VirtualAccount":"%%1843","TargetUserName":"MEEREEN$","LmPackageName":"-","ImpersonationLevel":"%%1833","LogonProcessName":"Kerberos","ProcessName":"-","TargetLinkedLogonId":"0x0","WorkstationName":"-","SubjectUserName":"-","TargetOutboundUserName":"-","ElevatedToken":"%%1842","AuthenticationPackageName":"Kerberos","SubjectLogonId":"0x0","TargetUserSid":"S-1-5-18","KeyLength":"0","ProcessId":"0x0","LogonType":"3","TransmittedServices":"-","RestrictedAdminMode":"-","TargetLogonId":"0x3e3578"},"OpenWEC":{"IpAddress":"10.202.0.93","TimeReceived":"2023-12-08T11:46:35.535394346+00:00","Principal":"MEEREEN$@ESSOS.LOCAL","Subscription":{"Uuid":"CB04741B-9072-4E2D-B769-3570FA020BBD","Version":"6E053E8A-FE0D-45A0-A863-C501EEDB4011","Name":"anssi-subscription"}}}
{"System":{"Provider":{"Name":"Microsoft-Windows-WinRM","Guid":"{A7975C8F-AC13-49F1-87DA-5A984A4AB417}"},"EventID":163,"Version":0,"Level":2,"Task":7,"Opcode":0,"Keywords":"0x400000000000000a","TimeCreated":"2023-12-08T11:45:35.498406300Z","EventRecordID":4980,"Correlation":{"ActivityID":"{833290A8-29FD-0001-93AD-3283FD29DA01}"},"Execution":{"ProcessID":1100,"ThreadID":1588},"Channel":"Microsoft-Windows-WinRM/Operational","Computer":"meereen.essos.local","UserID":"S-1-5-20"},"EventData":{"authClient":"Kerberos","authServer2":" ","authServer3":" ","authServer4":" ","authServer1":" ","authServer5":" "},"OpenWEC":{"IpAddress":"10.202.0.93","TimeReceived":"2023-12-08T11:46:35.597489513+00:00","Principal":"MEEREEN$@ESSOS.LOCAL","Subscription":{"Uuid":"CB04741B-9072-4E2D-B769-3570FA020BBD","Version":"6E053E8A-FE0D-45A0-A863-C501EEDB4011","Name":"anssi-subscription"}}}
{"System":{"Provider":{"Name":"Microsoft-Windows-Security-Auditing","Guid":"{54849625-5478-4994-A5BA-3E3B0328C30D}"},"EventID":4624,"Version":2,"Level":0,"Task":12544,"Opcode":0,"Keywords":"0x8020000000000000","TimeCreated":"2023-12-08T11:46:04.497484900Z","EventRecordID":106709,"Correlation":{},"Execution":{"ProcessID":588,"ThreadID":2248},"Channel":"Security","Computer":"meereen.essos.local"},"EventData":{"SubjectLogonId":"0x0","ProcessName":"-","LmPackageName":"-","IpAddress":"::1","ImpersonationLevel":"%%1833","RestrictedAdminMode":"-","ProcessId":"0x0","TargetOutboundDomainName":"-","TargetDomainName":"ESSOS.LOCAL","IpPort":"54040","VirtualAccount":"%%1843","ElevatedToken":"%%1842","TargetOutboundUserName":"-","TargetUserName":"MEEREEN$","TargetLinkedLogonId":"0x0","SubjectDomainName":"-","SubjectUserName":"-","LogonType":"3","SubjectUserSid":"S-1-0-0","TargetLogonId":"0x3eaca9","WorkstationName":"-","KeyLength":"0","TransmittedServices":"-","AuthenticationPackageName":"Kerberos","TargetUserSid":"S-1-5-18","LogonGuid":"{4DAE89EC-640B-593C-8935-87CC0FE7DECD}","LogonProcessName":"Kerberos"},"OpenWEC":{"IpAddress":"10.202.0.93","TimeReceived":"2023-12-08T11:46:35.597489513+00:00","Principal":"MEEREEN$@ESSOS.LOCAL","Subscription":{"Uuid":"CB04741B-9072-4E2D-B769-3570FA020BBD","Version":"6E053E8A-FE0D-45A0-A863-C501EEDB4011","Name":"anssi-subscription"}}}
{"System":{"Provider":{"Name":"Microsoft-Windows-Security-Auditing","Guid":"{54849625-5478-4994-A5BA-3E3B0328C30D}"},"EventID":4624,"Version":2,"Level":0,"Task":12544,"Opcode":0,"Keywords":"0x8020000000000000","TimeCreated":"2023-12-08T11:46:23.575561000Z","EventRecordID":106728,"Correlation":{"ActivityID":"{833290A8-29FD-0001-F190-3283FD29DA01}"},"Execution":{"ProcessID":588,"ThreadID":640},"Channel":"Security","Computer":"meereen.essos.local"},"EventData":{"LogonProcessName":"Kerberos","TargetDomainName":"ESSOS.LOCAL","KeyLength":"0","SubjectDomainName":"-","IpAddress":"fe80::3076:9c8f:3acb:98de","IpPort":"54048","ElevatedToken":"%%1842","TargetLogonId":"0x3ed276","ProcessId":"0x0","TransmittedServices":"-","ProcessName":"-","LogonGuid":"{3AAC347E-688E-87C2-7236-4CC07166564B}","TargetUserSid":"S-1-5-18","TargetOutboundUserName":"-","WorkstationName":"-","SubjectUserName":"-","LmPackageName":"-","AuthenticationPackageName":"Kerberos","TargetUserName":"MEEREEN$","ImpersonationLevel":"%%1840","RestrictedAdminMode":"-","TargetOutboundDomainName":"-","VirtualAccount":"%%1843","SubjectLogonId":"0x0","TargetLinkedLogonId":"0x0","LogonType":"3","SubjectUserSid":"S-1-0-0"},"OpenWEC":{"IpAddress":"10.202.0.93","TimeReceived":"2023-12-08T11:46:35.597489513+00:00","Principal":"MEEREEN$@ESSOS.LOCAL","Subscription":{"Uuid":"CB04741B-9072-4E2D-B769-3570FA020BBD","Version":"6E053E8A-FE0D-45A0-A863-C501EEDB4011","Name":"anssi-subscription"}}}
{"System":{"Provider":{"Name":"Microsoft-Windows-Security-Auditing","Guid":"{54849625-5478-4994-A5BA-3E3B0328C30D}"},"EventID":5140,"Version":1,"Level":0,"Task":12808,"Opcode":0,"Keywords":"0x8020000000000000","TimeCreated":"2023-12-08T11:46:23.576463300Z","EventRecordID":106730,"Correlation":{},"Execution":{"ProcessID":4,"ThreadID":4152},"Channel":"Security","Computer":"meereen.essos.local"},"EventData":{"IpPort":"54048","IpAddress":"fe80::3076:9c8f:3acb:98de","SubjectLogonId":"0x3ed276","ShareName":"\\\\*\\SYSVOL","ObjectType":"File","SubjectUserSid":"S-1-5-18","SubjectUserName":"MEEREEN$","SubjectDomainName":"ESSOS","ShareLocalPath":"\\??\\C:\\Windows\\SYSVOL\\sysvol","AccessMask":"0x1","AccessList":"%%4416\n\t\t\t\t"},"OpenWEC":{"IpAddress":"10.202.0.93","TimeReceived":"2023-12-08T11:46:35.597489513+00:00","Principal":"MEEREEN$@ESSOS.LOCAL","Subscription":{"Uuid":"CB04741B-9072-4E2D-B769-3570FA020BBD","Version":"6E053E8A-FE0D-45A0-A863-C501EEDB4011","Name":"anssi-subscription"}}}
{"System":{"Provider":{"Name":"Microsoft-Windows-Security-Auditing","Guid":"{54849625-5478-4994-A5BA-3E3B0328C30D}"},"EventID":4624,"Version":2,"Level":0,"Task":12544,"Opcode":0,"Keywords":"0x8020000000000000","TimeCreated":"2023-12-08T11:47:04.512313900Z","EventRecordID":106768,"Correlation":{},"Execution":{"ProcessID":588,"ThreadID":1980},"Channel":"Security","Computer":"meereen.essos.local"},"EventData":{"TargetUserName":"MEEREEN$","SubjectDomainName":"-","SubjectLogonId":"0x0","LogonType":"3","IpAddress":"::1","ElevatedToken":"%%1842","AuthenticationPackageName":"Kerberos","VirtualAccount":"%%1843","IpPort":"54074","LogonProcessName":"Kerberos","WorkstationName":"-","ImpersonationLevel":"%%1833","SubjectUserSid":"S-1-0-0","SubjectUserName":"-","LogonGuid":"{4DAE89EC-640B-593C-8935-87CC0FE7DECD}","TargetDomainName":"ESSOS.LOCAL","TargetLogonId":"0x3f2871","KeyLength":"0","ProcessId":"0x0","ProcessName":"-","RestrictedAdminMode":"-","TransmittedServices":"-","TargetOutboundUserName":"-","TargetOutboundDomainName":"-","TargetLinkedLogonId":"0x0","LmPackageName":"-","TargetUserSid":"S-1-5-18"},"OpenWEC":{"IpAddress":"10.202.0.93","TimeReceived":"2023-12-08T11:47:35.537508528+00:00","Principal":"MEEREEN$@ESSOS.LOCAL","Subscription":{"Uuid":"CB04741B-9072-4E2D-B769-3570FA020BBD","Version":"6E053E8A-FE0D-45A0-A863-C501EEDB4011","Name":"anssi-subscription"}}}
{"System":{"Provider":{"Name":"Microsoft-Windows-Security-Auditing","Guid":"{54849625-5478-4994-A5BA-3E3B0328C30D}"},"EventID":4624,"Version":2,"Level":0,"Task":12544,"Opcode":0,"Keywords":"0x8020000000000000","TimeCreated":"2023-12-08T11:47:08.029248400Z","EventRecordID":106772,"Correlation":{},"Execution":{"ProcessID":588,"ThreadID":988},"Channel":"Security","Computer":"meereen.essos.local"},"EventData":{"LogonProcessName":"Kerberos","AuthenticationPackageName":"Kerberos","LogonGuid":"{6C3699F9-21BC-C044-F488-8345FDC7CD94}","IpPort":"54078","SubjectUserName":"-","SubjectLogonId":"0x0","LmPackageName":"-","SubjectDomainName":"-","ImpersonationLevel":"%%1833","TargetUserName":"MEEREEN$","TargetLinkedLogonId":"0x0","LogonType":"3","ProcessName":"-","ProcessId":"0x0","TargetOutboundUserName":"-","RestrictedAdminMode":"-","TargetUserSid":"S-1-5-18","WorkstationName":"-","KeyLength":"0","TransmittedServices":"-","SubjectUserSid":"S-1-0-0","IpAddress":"fe80::3076:9c8f:3acb:98de","TargetOutboundDomainName":"-","TargetLogonId":"0x3f34ec","ElevatedToken":"%%1842","VirtualAccount":"%%1843","TargetDomainName":"ESSOS.LOCAL"},"OpenWEC":{"IpAddress":"10.202.0.93","TimeReceived":"2023-12-08T11:47:35.537508528+00:00","Principal":"MEEREEN$@ESSOS.LOCAL","Subscription":{"Uuid":"CB04741B-9072-4E2D-B769-3570FA020BBD","Version":"6E053E8A-FE0D-45A0-A863-C501EEDB4011","Name":"anssi-subscription"}}}
{"System":{"Provider":{"Name":"Microsoft-Windows-Security-Auditing","Guid":"{54849625-5478-4994-A5BA-3E3B0328C30D}"},"EventID":4624,"Version":2,"Level":0,"Task":12544,"Opcode":0,"Keywords":"0x8020000000000000","TimeCreated":"2023-12-08T11:47:08.031196300Z","EventRecordID":106774,"Correlation":{},"Execution":{"ProcessID":588,"ThreadID":2248},"Channel":"Security","Computer":"meereen.essos.local"},"EventData":{"SubjectUserSid":"S-1-0-0","TransmittedServices":"-","TargetUserName":"MEEREEN$","TargetDomainName":"ESSOS.LOCAL","SubjectUserName":"-","TargetLogonId":"0x3f3523","IpPort":"54079","TargetOutboundUserName":"-","TargetOutboundDomainName":"-","TargetUserSid":"S-1-5-18","TargetLinkedLogonId":"0x0","ElevatedToken":"%%1842","LogonType":"3","VirtualAccount":"%%1843","LmPackageName":"-","LogonProcessName":"Kerberos","SubjectLogonId":"0x0","KeyLength":"0","ProcessId":"0x0","ProcessName":"-","ImpersonationLevel":"%%1833","IpAddress":"fe80::3076:9c8f:3acb:98de","RestrictedAdminMode":"-","AuthenticationPackageName":"Kerberos","SubjectDomainName":"-","LogonGuid":"{6C3699F9-21BC-C044-F488-8345FDC7CD94}","WorkstationName":"-"},"OpenWEC":{"IpAddress":"10.202.0.93","TimeReceived":"2023-12-08T11:47:35.537508528+00:00","Principal":"MEEREEN$@ESSOS.LOCAL","Subscription":{"Uuid":"CB04741B-9072-4E2D-B769-3570FA020BBD","Version":"6E053E8A-FE0D-45A0-A863-C501EEDB4011","Name":"anssi-subscription"}}}
{"System":{"Provider":{"Name":"Microsoft-Windows-Security-Auditing","Guid":"{54849625-5478-4994-A5BA-3E3B0328C30D}"},"EventID":4624,"Version":2,"Level":0,"Task":12544,"Opcode":0,"Keywords":"0x8020000000000000","TimeCreated":"2023-12-08T11:47:08.043953300Z","EventRecordID":106776,"Correlation":{"ActivityID":"{833290A8-29FD-0001-F190-3283FD29DA01}"},"Execution":{"ProcessID":588,"ThreadID":640},"Channel":"Security","Computer":"meereen.essos.local"},"EventData":{"TransmittedServices":"-","AuthenticationPackageName":"Kerberos","TargetUserName":"MEEREEN$","KeyLength":"0","IpPort":"0","SubjectDomainName":"-","ProcessId":"0x0","ImpersonationLevel":"%%1833","WorkstationName":"-","RestrictedAdminMode":"-","LmPackageName":"-","VirtualAccount":"%%1843","TargetLinkedLogonId":"0x0","TargetLogonId":"0x3f3602","SubjectUserName":"-","TargetOutboundUserName":"-","ElevatedToken":"%%1842","TargetUserSid":"S-1-5-18","TargetOutboundDomainName":"-","LogonProcessName":"Kerberos","LogonGuid":"{6C3699F9-21BC-C044-F488-8345FDC7CD94}","IpAddress":"::1","LogonType":"3","SubjectUserSid":"S-1-0-0","TargetDomainName":"ESSOS.LOCAL","ProcessName":"-","SubjectLogonId":"0x0"},"OpenWEC":{"IpAddress":"10.202.0.93","TimeReceived":"2023-12-08T11:47:35.537508528+00:00","Principal":"MEEREEN$@ESSOS.LOCAL","Subscription":{"Uuid":"CB04741B-9072-4E2D-B769-3570FA020BBD","Version":"6E053E8A-FE0D-45A0-A863-C501EEDB4011","Name":"anssi-subscription"}}}
{"System":{"Provider":{"Name":"Microsoft-Windows-Security-Auditing","Guid":"{54849625-5478-4994-A5BA-3E3B0328C30D}"},"EventID":4624,"Version":2,"Level":0,"Task":12544,"Opcode":0,"Keywords":"0x8020000000000000","TimeCreated":"2023-12-08T11:47:08.045655700Z","EventRecordID":106778,"Correlation":{},"Execution":{"ProcessID":588,"ThreadID":1980},"Channel":"Security","Computer":"meereen.essos.local"},"EventData":{"RestrictedAdminMode":"-","LogonProcessName":"Kerberos","SubjectUserName":"-","AuthenticationPackageName":"Kerberos","TransmittedServices":"-","TargetDomainName":"ESSOS.LOCAL","IpAddress":"10.202.0.93","SubjectUserSid":"S-1-0-0","TargetUserName":"MEEREEN$","SubjectDomainName":"-","LmPackageName":"-","ProcessName":"-","TargetUserSid":"S-1-5-18","TargetOutboundDomainName":"-","ElevatedToken":"%%1842","SubjectLogonId":"0x0","LogonType":"3","WorkstationName":"-","KeyLength":"0","ImpersonationLevel":"%%1833","LogonGuid":"{6C3699F9-21BC-C044-F488-8345FDC7CD94}","ProcessId":"0x0","IpPort":"54080","VirtualAccount":"%%1843","TargetOutboundUserName":"-","TargetLinkedLogonId":"0x0","TargetLogonId":"0x3f3645"},"OpenWEC":{"IpAddress":"10.202.0.93","TimeReceived":"2023-12-08T11:47:35.537508528+00:00","Principal":"MEEREEN$@ESSOS.LOCAL","Subscription":{"Uuid":"CB04741B-9072-4E2D-B769-3570FA020BBD","Version":"6E053E8A-FE0D-45A0-A863-C501EEDB4011","Name":"anssi-subscription"}}}
{"System":{"Provider":{"Name":"Microsoft-Windows-Security-Auditing","Guid":"{54849625-5478-4994-A5BA-3E3B0328C30D}"},"EventID":4624,"Version":2,"Level":0,"Task":12544,"Opcode":0,"Keywords":"0x8020000000000000","TimeCreated":"2023-12-08T11:47:08.141047300Z","EventRecordID":106780,"Correlation":{"ActivityID":"{833290A8-29FD-0001-F190-3283FD29DA01}"},"Execution":{"ProcessID":588,"ThreadID":640},"Channel":"Security","Computer":"meereen.essos.local"},"EventData":{"IpAddress":"fe80::3076:9c8f:3acb:98de","SubjectLogonId":"0x0","TargetLogonId":"0x3f36a9","TargetOutboundUserName":"-","TargetOutboundDomainName":"-","TargetUserSid":"S-1-5-18","IpPort":"54081","KeyLength":"0","LogonGuid":"{6C3699F9-21BC-C044-F488-8345FDC7CD94}","TargetUserName":"MEEREEN$","AuthenticationPackageName":"Kerberos","SubjectUserSid":"S-1-0-0","WorkstationName":"-","ProcessName":"-","VirtualAccount":"%%1843","TargetLinkedLogonId":"0x0","RestrictedAdminMode":"-","SubjectDomainName":"-","SubjectUserName":"-","TargetDomainName":"ESSOS.LOCAL","LogonType":"3","TransmittedServices":"-","ImpersonationLevel":"%%1840","LmPackageName":"-","ElevatedToken":"%%1842","LogonProcessName":"Kerberos","ProcessId":"0x0"},"OpenWEC":{"IpAddress":"10.202.0.93","TimeReceived":"2023-12-08T11:47:35.537508528+00:00","Principal":"MEEREEN$@ESSOS.LOCAL","Subscription":{"Uuid":"CB04741B-9072-4E2D-B769-3570FA020BBD","Version":"6E053E8A-FE0D-45A0-A863-C501EEDB4011","Name":"anssi-subscription"}}}
{"System":{"Provider":{"Name":"Microsoft-Windows-Security-Auditing","Guid":"{54849625-5478-4994-A5BA-3E3B0328C30D}"},"EventID":5140,"Version":1,"Level":0,"Task":12808,"Opcode":0,"Keywords":"0x8020000000000000","TimeCreated":"2023-12-08T11:47:08.141346700Z","EventRecordID":106781,"Correlation":{},"Execution":{"ProcessID":4,"ThreadID":4948},"Channel":"Security","Computer":"meereen.essos.local"},"EventData":{"ObjectType":"File","AccessList":"%%4416\n\t\t\t\t","IpAddress":"fe80::3076:9c8f:3acb:98de","IpPort":"54081","ShareName":"\\\\*\\SYSVOL","SubjectUserSid":"S-1-5-18","SubjectUserName":"MEEREEN$","SubjectLogonId":"0x3f36a9","AccessMask":"0x1","ShareLocalPath":"\\??\\C:\\Windows\\SYSVOL\\sysvol","SubjectDomainName":"ESSOS"},"OpenWEC":{"IpAddress":"10.202.0.93","TimeReceived":"2023-12-08T11:47:35.537508528+00:00","Principal":"MEEREEN$@ESSOS.LOCAL","Subscription":{"Uuid":"CB04741B-9072-4E2D-B769-3570FA020BBD","Version":"6E053E8A-FE0D-45A0-A863-C501EEDB4011","Name":"anssi-subscription"}}}
{"System":{"Provider":{"Name":"Microsoft-Windows-Security-Auditing","Guid":"{54849625-5478-4994-A5BA-3E3B0328C30D}"},"EventID":4624,"Version":2,"Level":0,"Task":12544,"Opcode":0,"Keywords":"0x8020000000000000","TimeCreated":"2023-12-08T11:47:15.248591100Z","EventRecordID":106792,"Correlation":{},"Execution":{"ProcessID":588,"ThreadID":1980},"Channel":"Security","Computer":"meereen.essos.local"},"EventData":{"IpPort":"54087","SubjectUserName":"-","TargetLinkedLogonId":"0x0","LmPackageName":"-","ElevatedToken":"%%1842","SubjectLogonId":"0x0","RestrictedAdminMode":"-","ImpersonationLevel":"%%1833","TargetOutboundUserName":"-","TargetDomainName":"ESSOS.LOCAL","LogonGuid":"{4DAE89EC-640B-593C-8935-87CC0FE7DECD}","TargetOutboundDomainName":"-","WorkstationName":"-","SubjectUserSid":"S-1-0-0","SubjectDomainName":"-","TargetUserSid":"S-1-5-18","VirtualAccount":"%%1843","ProcessId":"0x0","LogonType":"3","ProcessName":"-","LogonProcessName":"Kerberos","TransmittedServices":"-","TargetLogonId":"0x3f4501","TargetUserName":"MEEREEN$","AuthenticationPackageName":"Kerberos","KeyLength":"0","IpAddress":"fe80::3076:9c8f:3acb:98de"},"OpenWEC":{"IpAddress":"10.202.0.93","TimeReceived":"2023-12-08T11:47:35.537508528+00:00","Principal":"MEEREEN$@ESSOS.LOCAL","Subscription":{"Uuid":"CB04741B-9072-4E2D-B769-3570FA020BBD","Version":"6E053E8A-FE0D-45A0-A863-C501EEDB4011","Name":"anssi-subscription"}}}
{"System":{"Provider":{"Name":"Microsoft-Windows-Security-Auditing","Guid":"{54849625-5478-4994-A5BA-3E3B0328C30D}"},"EventID":4624,"Version":2,"Level":0,"Task":12544,"Opcode":0,"Keywords":"0x8020000000000000","TimeCreated":"2023-12-08T11:47:15.252726600Z","EventRecordID":106795,"Correlation":{},"Execution":{"ProcessID":588,"ThreadID":2248},"Channel":"Security","Computer":"meereen.essos.local"},"EventData":{"TargetDomainName":"ESSOS.LOCAL","SubjectUserSid":"S-1-0-0","IpPort":"54088","ProcessName":"-","TargetUserSid":"S-1-5-18","TargetLogonId":"0x3f456a","WorkstationName":"-","IpAddress":"fe80::3076:9c8f:3acb:98de","TargetOutboundDomainName":"-","VirtualAccount":"%%1843","TargetLinkedLogonId":"0x0","ImpersonationLevel":"%%1833","ElevatedToken":"%%1842","LmPackageName":"-","LogonGuid":"{4DAE89EC-640B-593C-8935-87CC0FE7DECD}","SubjectDomainName":"-","LogonType":"3","TransmittedServices":"-","TargetOutboundUserName":"-","LogonProcessName":"Kerberos","TargetUserName":"MEEREEN$","SubjectUserName":"-","SubjectLogonId":"0x0","AuthenticationPackageName":"Kerberos","ProcessId":"0x0","RestrictedAdminMode":"-","KeyLength":"0"},"OpenWEC":{"IpAddress":"10.202.0.93","TimeReceived":"2023-12-08T11:47:35.537508528+00:00","Principal":"MEEREEN$@ESSOS.LOCAL","Subscription":{"Uuid":"CB04741B-9072-4E2D-B769-3570FA020BBD","Version":"6E053E8A-FE0D-45A0-A863-C501EEDB4011","Name":"anssi-subscription"}}}
{"System":{"Provider":{"Name":"Microsoft-Windows-Security-Auditing","Guid":"{54849625-5478-4994-A5BA-3E3B0328C30D}"},"EventID":4624,"Version":2,"Level":0,"Task":12544,"Opcode":0,"Keywords":"0x8020000000000000","TimeCreated":"2023-12-08T11:48:04.527400200Z","EventRecordID":106871,"Correlation":{},"Execution":{"ProcessID":588,"ThreadID":2248},"Channel":"Security","Computer":"meereen.essos.local"},"EventData":{"SubjectUserName":"-","TargetOutboundUserName":"-","KeyLength":"0","ImpersonationLevel":"%%1833","SubjectLogonId":"0x0","TargetUserName":"MEEREEN$","TargetDomainName":"ESSOS.LOCAL","TargetLogonId":"0x3faa47","LogonType":"3","AuthenticationPackageName":"Kerberos","ProcessName":"-","IpPort":"54113","LogonGuid":"{4DAE89EC-640B-593C-8935-87CC0FE7DECD}","TargetOutboundDomainName":"-","SubjectUserSid":"S-1-0-0","LogonProcessName":"Kerberos","IpAddress":"::1","VirtualAccount":"%%1843","ProcessId":"0x0","TargetUserSid":"S-1-5-18","LmPackageName":"-","SubjectDomainName":"-","RestrictedAdminMode":"-","TargetLinkedLogonId":"0x0","TransmittedServices":"-","ElevatedToken":"%%1842","WorkstationName":"-"},"OpenWEC":{"IpAddress":"10.202.0.93","TimeReceived":"2023-12-08T11:48:35.565390684+00:00","Principal":"MEEREEN$@ESSOS.LOCAL","Subscription":{"Uuid":"CB04741B-9072-4E2D-B769-3570FA020BBD","Version":"6E053E8A-FE0D-45A0-A863-C501EEDB4011","Name":"anssi-subscription"}}}
{"System":{"Provider":{"Name":"Microsoft-Windows-Security-Auditing","Guid":"{54849625-5478-4994-A5BA-3E3B0328C30D}"},"EventID":4624,"Version":2,"Level":0,"Task":12544,"Opcode":0,"Keywords":"0x8020000000000000","TimeCreated":"2023-12-08T11:49:04.542746800Z","EventRecordID":106949,"Correlation":{},"Execution":{"ProcessID":588,"ThreadID":1980},"Channel":"Security","Computer":"meereen.essos.local"},"EventData":{"ProcessName":"-","TargetOutboundUserName":"-","AuthenticationPackageName":"Kerberos","TransmittedServices":"-","SubjectLogonId":"0x0","TargetUserName":"MEEREEN$","TargetDomainName":"ESSOS.LOCAL","TargetUserSid":"S-1-5-18","LogonProcessName":"Kerberos","WorkstationName":"-","KeyLength":"0","ImpersonationLevel":"%%1833","ProcessId":"0x0","IpAddress":"::1","LmPackageName":"-","IpPort":"54144","SubjectUserSid":"S-1-0-0","RestrictedAdminMode":"-","TargetOutboundDomainName":"-","TargetLogonId":"0x402117","LogonType":"3","VirtualAccount":"%%1843","TargetLinkedLogonId":"0x0","ElevatedToken":"%%1842","SubjectDomainName":"-","SubjectUserName":"-","LogonGuid":"{4DAE89EC-640B-593C-8935-87CC0FE7DECD}"},"OpenWEC":{"IpAddress":"10.202.0.93","TimeReceived":"2023-12-08T11:50:35.722205346+00:00","Principal":"MEEREEN$@ESSOS.LOCAL","Subscription":{"Uuid":"CB04741B-9072-4E2D-B769-3570FA020BBD","Version":"6E053E8A-FE0D-45A0-A863-C501EEDB4011","Name":"anssi-subscription"}}}
{"System":{"Provider":{"Name":"Microsoft-Windows-WinRM","Guid":"{A7975C8F-AC13-49F1-87DA-5A984A4AB417}"},"EventID":163,"Version":0,"Level":2,"Task":7,"Opcode":0,"Keywords":"0x400000000000000a","TimeCreated":"2023-12-08T11:49:35.682281800Z","EventRecordID":4994,"Correlation":{"ActivityID":"{833290A8-29FD-0001-42AE-3283FD29DA01}"},"Execution":{"ProcessID":1100,"ThreadID":1520},"Channel":"Microsoft-Windows-WinRM/Operational","Computer":"meereen.essos.local","UserID":"S-1-5-20"},"EventData":{"authServer1":" ","authClient":"Kerberos","authServer3":" ","authServer4":" ","authServer5":" ","authServer2":" "},"OpenWEC":{"IpAddress":"10.202.0.93","TimeReceived":"2023-12-08T11:50:35.777592087+00:00","Principal":"MEEREEN$@ESSOS.LOCAL","Subscription":{"Uuid":"CB04741B-9072-4E2D-B769-3570FA020BBD","Version":"6E053E8A-FE0D-45A0-A863-C501EEDB4011","Name":"anssi-subscription"}}}
{"System":{"Provider":{"Name":"Microsoft-Windows-Security-Auditing","Guid":"{54849625-5478-4994-A5BA-3E3B0328C30D}"},"EventID":4624,"Version":2,"Level":0,"Task":12544,"Opcode":0,"Keywords":"0x8020000000000000","TimeCreated":"2023-12-08T11:50:04.557470600Z","EventRecordID":107002,"Correlation":{},"Execution":{"ProcessID":588,"ThreadID":1980},"Channel":"Security","Computer":"meereen.essos.local"},"EventData":{"TargetUserName":"MEEREEN$","LmPackageName":"-","IpPort":"54177","ImpersonationLevel":"%%1833","RestrictedAdminMode":"-","TargetOutboundDomainName":"-","TargetUserSid":"S-1-5-18","ProcessId":"0x0","TargetOutboundUserName":"-","SubjectLogonId":"0x0","LogonGuid":"{4DAE89EC-640B-593C-8935-87CC0FE7DECD}","AuthenticationPackageName":"Kerberos","TargetLogonId":"0x4096a8","LogonProcessName":"Kerberos","LogonType":"3","SubjectUserName":"-","TargetLinkedLogonId":"0x0","ElevatedToken":"%%1842","TargetDomainName":"ESSOS.LOCAL","TransmittedServices":"-","KeyLength":"0","ProcessName":"-","WorkstationName":"-","VirtualAccount":"%%1843","SubjectDomainName":"-","IpAddress":"::1","SubjectUserSid":"S-1-0-0"},"OpenWEC":{"IpAddress":"10.202.0.93","TimeReceived":"2023-12-08T11:50:35.777592087+00:00","Principal":"MEEREEN$@ESSOS.LOCAL","Subscription":{"Uuid":"CB04741B-9072-4E2D-B769-3570FA020BBD","Version":"6E053E8A-FE0D-45A0-A863-C501EEDB4011","Name":"anssi-subscription"}}}
{"System":{"Provider":{"Name":"Microsoft-Windows-Security-Auditing","Guid":"{54849625-5478-4994-A5BA-3E3B0328C30D}"},"EventID":4624,"Version":2,"Level":0,"Task":12544,"Opcode":0,"Keywords":"0x8020000000000000","TimeCreated":"2023-12-08T11:51:04.572424100Z","EventRecordID":107091,"Correlation":{},"Execution":{"ProcessID":588,"ThreadID":2248},"Channel":"Security","Computer":"meereen.essos.local"},"EventData":{"RestrictedAdminMode":"-","AuthenticationPackageName":"Kerberos","ElevatedToken":"%%1842","LmPackageName":"-","ImpersonationLevel":"%%1833","TargetDomainName":"ESSOS.LOCAL","ProcessId":"0x0","TransmittedServices":"-","LogonType":"3","WorkstationName":"-","TargetLogonId":"0x410f6e","TargetOutboundUserName":"-","KeyLength":"0","TargetUserName":"MEEREEN$","IpPort":"54211","SubjectUserSid":"S-1-0-0","IpAddress":"::1","ProcessName":"-","SubjectDomainName":"-","LogonProcessName":"Kerberos","LogonGuid":"{4DAE89EC-640B-593C-8935-87CC0FE7DECD}","TargetOutboundDomainName":"-","VirtualAccount":"%%1843","SubjectLogonId":"0x0","TargetUserSid":"S-1-5-18","SubjectUserName":"-","TargetLinkedLogonId":"0x0"},"OpenWEC":{"IpAddress":"10.202.0.93","TimeReceived":"2023-12-08T11:51:35.626980598+00:00","Principal":"MEEREEN$@ESSOS.LOCAL","Subscription":{"Uuid":"CB04741B-9072-4E2D-B769-3570FA020BBD","Version":"6E053E8A-FE0D-45A0-A863-C501EEDB4011","Name":"anssi-subscription"}}}
{"System":{"Provider":{"Name":"Microsoft-Windows-Security-Auditing","Guid":"{54849625-5478-4994-A5BA-3E3B0328C30D}"},"EventID":4624,"Version":2,"Level":0,"Task":12544,"Opcode":0,"Keywords":"0x8020000000000000","TimeCreated":"2023-12-08T11:52:04.572372200Z","EventRecordID":107134,"Correlation":{},"Execution":{"ProcessID":588,"ThreadID":1980},"Channel":"Security","Computer":"meereen.essos.local"},"EventData":{"SubjectDomainName":"-","ProcessName":"-","SubjectLogonId":"0x0","TargetUserSid":"S-1-5-18","VirtualAccount":"%%1843","LmPackageName":"-","LogonGuid":"{4DAE89EC-640B-593C-8935-87CC0FE7DECD}","KeyLength":"0","ElevatedToken":"%%1842","AuthenticationPackageName":"Kerberos","IpPort":"54243","SubjectUserName":"-","TargetOutboundUserName":"-","WorkstationName":"-","TargetDomainName":"ESSOS.LOCAL","SubjectUserSid":"S-1-0-0","ImpersonationLevel":"%%1833","TransmittedServices":"-","TargetUserName":"MEEREEN$","TargetLogonId":"0x41869f","IpAddress":"::1","LogonType":"3","RestrictedAdminMode":"-","TargetOutboundDomainName":"-","LogonProcessName":"Kerberos","ProcessId":"0x0","TargetLinkedLogonId":"0x0"},"OpenWEC":{"IpAddress":"10.202.0.93","TimeReceived":"2023-12-08T11:52:35.627679018+00:00","Principal":"MEEREEN$@ESSOS.LOCAL","Subscription":{"Uuid":"CB04741B-9072-4E2D-B769-3570FA020BBD","Version":"6E053E8A-FE0D-45A0-A863-C501EEDB4011","Name":"anssi-subscription"}}}
{"System":{"Provider":{"Name":"Microsoft-Windows-Security-Auditing","Guid":"{54849625-5478-4994-A5BA-3E3B0328C30D}"},"EventID":4624,"Version":2,"Level":0,"Task":12544,"Opcode":0,"Keywords":"0x8020000000000000","TimeCreated":"2023-12-08T11:52:08.168037600Z","EventRecordID":107139,"Correlation":{},"Execution":{"ProcessID":588,"ThreadID":1980},"Channel":"Security","Computer":"meereen.essos.local"},"EventData":{"AuthenticationPackageName":"Kerberos","TargetUserName":"MEEREEN$","LogonGuid":"{6C3699F9-21BC-C044-F488-8345FDC7CD94}","SubjectUserName":"-","ProcessId":"0x0","TargetOutboundUserName":"-","SubjectDomainName":"-","TargetUserSid":"S-1-5-18","LogonType":"3","LogonProcessName":"Kerberos","TransmittedServices":"-","KeyLength":"0","ProcessName":"-","IpAddress":"fe80::3076:9c8f:3acb:98de","SubjectLogonId":"0x0","IpPort":"54247","ImpersonationLevel":"%%1833","SubjectUserSid":"S-1-0-0","TargetDomainName":"ESSOS.LOCAL","TargetOutboundDomainName":"-","VirtualAccount":"%%1843","RestrictedAdminMode":"-","TargetLinkedLogonId":"0x0","WorkstationName":"-","ElevatedToken":"%%1842","TargetLogonId":"0x419644","LmPackageName":"-"},"OpenWEC":{"IpAddress":"10.202.0.93","TimeReceived":"2023-12-08T11:52:35.627679018+00:00","Principal":"MEEREEN$@ESSOS.LOCAL","Subscription":{"Uuid":"CB04741B-9072-4E2D-B769-3570FA020BBD","Version":"6E053E8A-FE0D-45A0-A863-C501EEDB4011","Name":"anssi-subscription"}}}
{"System":{"Provider":{"Name":"Microsoft-Windows-Security-Auditing","Guid":"{54849625-5478-4994-A5BA-3E3B0328C30D}"},"EventID":4624,"Version":2,"Level":0,"Task":12544,"Opcode":0,"Keywords":"0x8020000000000000","TimeCreated":"2023-12-08T11:52:08.181766800Z","EventRecordID":107141,"Correlation":{"ActivityID":"{833290A8-29FD-0001-F190-3283FD29DA01}"},"Execution":{"ProcessID":588,"ThreadID":640},"Channel":"Security","Computer":"meereen.essos.local"},"EventData":{"LogonProcessName":"Kerberos","ProcessName":"-","TargetOutboundUserName":"-","TargetOutboundDomainName":"-","SubjectLogonId":"0x0","TargetDomainName":"ESSOS.LOCAL","VirtualAccount":"%%1843","LogonType":"3","KeyLength":"0","ProcessId":"0x0","IpPort":"0","RestrictedAdminMode":"-","TargetUserSid":"S-1-5-18","AuthenticationPackageName":"Kerberos","WorkstationName":"-","TargetUserName":"MEEREEN$","LmPackageName":"-","SubjectDomainName":"-","SubjectUserSid":"S-1-0-0","TargetLogonId":"0x419723","LogonGuid":"{6C3699F9-21BC-C044-F488-8345FDC7CD94}","IpAddress":"::1","SubjectUserName":"-","TargetLinkedLogonId":"0x0","TransmittedServices":"-","ElevatedToken":"%%1842","ImpersonationLevel":"%%1833"},"OpenWEC":{"IpAddress":"10.202.0.93","TimeReceived":"2023-12-08T11:52:35.627679018+00:00","Principal":"MEEREEN$@ESSOS.LOCAL","Subscription":{"Uuid":"CB04741B-9072-4E2D-B769-3570FA020BBD","Version":"6E053E8A-FE0D-45A0-A863-C501EEDB4011","Name":"anssi-subscription"}}}
{"System":{"Provider":{"Name":"Microsoft-Windows-Security-Auditing","Guid":"{54849625-5478-4994-A5BA-3E3B0328C30D}"},"EventID":4624,"Version":2,"Level":0,"Task":12544,"Opcode":0,"Keywords":"0x8020000000000000","TimeCreated":"2023-12-08T11:52:08.183634300Z","EventRecordID":107143,"Correlation":{},"Execution":{"ProcessID":588,"ThreadID":1980},"Channel":"Security","Computer":"meereen.essos.local"},"EventData":{"ProcessId":"0x0","SubjectUserSid":"S-1-0-0","LogonType":"3","WorkstationName":"-","IpAddress":"10.202.0.93","ImpersonationLevel":"%%1833","TargetOutboundUserName":"-","VirtualAccount":"%%1843","KeyLength":"0","TargetLinkedLogonId":"0x0","SubjectUserName":"-","TargetOutboundDomainName":"-","TargetUserName":"MEEREEN$","LogonGuid":"{6C3699F9-21BC-C044-F488-8345FDC7CD94}","ElevatedToken":"%%1842","RestrictedAdminMode":"-","TargetUserSid":"S-1-5-18","LogonProcessName":"Kerberos","LmPackageName":"-","IpPort":"54248","TargetLogonId":"0x419767","SubjectDomainName":"-","TransmittedServices":"-","AuthenticationPackageName":"Kerberos","ProcessName":"-","TargetDomainName":"ESSOS.LOCAL","SubjectLogonId":"0x0"},"OpenWEC":{"IpAddress":"10.202.0.93","TimeReceived":"2023-12-08T11:52:35.627679018+00:00","Principal":"MEEREEN$@ESSOS.LOCAL","Subscription":{"Uuid":"CB04741B-9072-4E2D-B769-3570FA020BBD","Version":"6E053E8A-FE0D-45A0-A863-C501EEDB4011","Name":"anssi-subscription"}}}
{"System":{"Provider":{"Name":"Microsoft-Windows-Security-Auditing","Guid":"{54849625-5478-4994-A5BA-3E3B0328C30D}"},"EventID":4624,"Version":2,"Level":0,"Task":12544,"Opcode":0,"Keywords":"0x8020000000000000","TimeCreated":"2023-12-08T11:52:08.283274900Z","EventRecordID":107145,"Correlation":{"ActivityID":"{833290A8-29FD-0001-F190-3283FD29DA01}"},"Execution":{"ProcessID":588,"ThreadID":640},"Channel":"Security","Computer":"meereen.essos.local"},"EventData":{"KeyLength":"0","TargetLogonId":"0x4197d8","ProcessName":"-","LmPackageName":"-","ImpersonationLevel":"%%1840","TargetOutboundDomainName":"-","VirtualAccount":"%%1843","TargetLinkedLogonId":"0x0","ElevatedToken":"%%1842","SubjectUserSid":"S-1-0-0","SubjectDomainName":"-","TargetOutboundUserName":"-","ProcessId":"0x0","SubjectLogonId":"0x0","TargetUserSid":"S-1-5-18","SubjectUserName":"-","TargetUserName":"MEEREEN$","TargetDomainName":"ESSOS.LOCAL","LogonType":"3","LogonProcessName":"Kerberos","IpAddress":"fe80::3076:9c8f:3acb:98de","RestrictedAdminMode":"-","LogonGuid":"{6C3699F9-21BC-C044-F488-8345FDC7CD94}","AuthenticationPackageName":"Kerberos","WorkstationName":"-","IpPort":"54249","TransmittedServices":"-"},"OpenWEC":{"IpAddress":"10.202.0.93","TimeReceived":"2023-12-08T11:52:35.627679018+00:00","Principal":"MEEREEN$@ESSOS.LOCAL","Subscription":{"Uuid":"CB04741B-9072-4E2D-B769-3570FA020BBD","Version":"6E053E8A-FE0D-45A0-A863-C501EEDB4011","Name":"anssi-subscription"}}}
{"System":{"Provider":{"Name":"Microsoft-Windows-Security-Auditing","Guid":"{54849625-5478-4994-A5BA-3E3B0328C30D}"},"EventID":5140,"Version":1,"Level":0,"Task":12808,"Opcode":0,"Keywords":"0x8020000000000000","TimeCreated":"2023-12-08T11:52:08.283550300Z","EventRecordID":107146,"Correlation":{},"Execution":{"ProcessID":4,"ThreadID":6064},"Channel":"Security","Computer":"meereen.essos.local"},"EventData":{"AccessList":"%%4416\n\t\t\t\t","SubjectUserName":"MEEREEN$","ShareLocalPath":"\\??\\C:\\Windows\\SYSVOL\\sysvol","SubjectLogonId":"0x4197d8","SubjectDomainName":"ESSOS","IpAddress":"fe80::3076:9c8f:3acb:98de","ObjectType":"File","IpPort":"54249","SubjectUserSid":"S-1-5-18","ShareName":"\\\\*\\SYSVOL","AccessMask":"0x1"},"OpenWEC":{"IpAddress":"10.202.0.93","TimeReceived":"2023-12-08T11:52:35.627679018+00:00","Principal":"MEEREEN$@ESSOS.LOCAL","Subscription":{"Uuid":"CB04741B-9072-4E2D-B769-3570FA020BBD","Version":"6E053E8A-FE0D-45A0-A863-C501EEDB4011","Name":"anssi-subscription"}}}
{"System":{"Provider":{"Name":"Microsoft-Windows-Security-Auditing","Guid":"{54849625-5478-4994-A5BA-3E3B0328C30D}"},"EventID":4624,"Version":2,"Level":0,"Task":12544,"Opcode":0,"Keywords":"0x8020000000000000","TimeCreated":"2023-12-08T11:52:15.775743100Z","EventRecordID":107157,"Correlation":{},"Execution":{"ProcessID":588,"ThreadID":2248},"Channel":"Security","Computer":"meereen.essos.local"},"EventData":{"TransmittedServices":"-","TargetUserName":"MEEREEN$","IpPort":"54254","TargetOutboundUserName":"-","ImpersonationLevel":"%%1833","TargetOutboundDomainName":"-","VirtualAccount":"%%1843","KeyLength":"0","TargetLinkedLogonId":"0x0","SubjectDomainName":"-","LogonType":"3","IpAddress":"fe80::3076:9c8f:3acb:98de","ProcessId":"0x0","SubjectUserSid":"S-1-0-0","AuthenticationPackageName":"Kerberos","LogonGuid":"{4DAE89EC-640B-593C-8935-87CC0FE7DECD}","SubjectLogonId":"0x0","ProcessName":"-","RestrictedAdminMode":"-","ElevatedToken":"%%1842","LmPackageName":"-","TargetDomainName":"ESSOS.LOCAL","WorkstationName":"-","TargetLogonId":"0x41a2ab","LogonProcessName":"Kerberos","SubjectUserName":"-","TargetUserSid":"S-1-5-18"},"OpenWEC":{"IpAddress":"10.202.0.93","TimeReceived":"2023-12-08T11:52:35.627679018+00:00","Principal":"MEEREEN$@ESSOS.LOCAL","Subscription":{"Uuid":"CB04741B-9072-4E2D-B769-3570FA020BBD","Version":"6E053E8A-FE0D-45A0-A863-C501EEDB4011","Name":"anssi-subscription"}}}
