{"System":{"Provider":{"Name":"Microsoft-Windows-TaskScheduler","Guid":"{DE7B24EA-73C8-4A09-985D-5BDADCFA9017}"},"EventID":129,"Version":0,"Level":4,"Task":129,"Opcode":0,"Keywords":"0x8000000000000000","TimeCreated":"2023-12-08T15:08:52.455642500Z","EventRecordID":4518,"Correlation":{},"Execution":{"ProcessID":1016,"ThreadID":3952},"Channel":"Microsoft-Windows-TaskScheduler/Operational","Computer":"meereen.essos.local","UserID":"S-1-5-18"},"EventData":{"ProcessID":"704","Path":"taskhostw.exe","TaskName":"\\Microsoft\\Windows\\WindowsUpdate\\Automatic App Update","Priority":"32"},"OpenWEC":{"IpAddress":"10.202.0.93","TimeReceived":"2023-12-08T15:43:50.738207438+00:00","Principal":"MEEREEN$@ESSOS.LOCAL","Subscription":{"Uuid":"CB04741B-9072-4E2D-B769-3570FA020BBD","Version":"6E053E8A-FE0D-45A0-A863-C501EEDB4011","Name":"anssi-subscription"}}}
{"System":{"Provider":{"Name":"Microsoft-Windows-TaskScheduler","Guid":"{DE7B24EA-73C8-4A09-985D-5BDADCFA9017}"},"EventID":100,"Version":0,"Level":4,"Task":100,"Opcode":1,"Keywords":"0x8000000000000001","TimeCreated":"2023-12-08T15:08:52.456867500Z","EventRecordID":4519,"Correlation":{"ActivityID":"{AA4DC27A-7E63-4495-BAAE-74E8B9073715}"},"Execution":{"ProcessID":1016,"ThreadID":3952},"Channel":"Microsoft-Windows-TaskScheduler/Operational","Computer":"meereen.essos.local","UserID":"S-1-5-18"},"EventData":{"TaskName":"\\Microsoft\\Windows\\WindowsUpdate\\Automatic App Update","InstanceId":"{AA4DC27A-7E63-4495-BAAE-74E8B9073715}","UserContext":"ESSOS\\vagrant"},"OpenWEC":{"IpAddress":"10.202.0.93","TimeReceived":"2023-12-08T15:43:50.738207438+00:00","Principal":"MEEREEN$@ESSOS.LOCAL","Subscription":{"Uuid":"CB04741B-9072-4E2D-B769-3570FA020BBD","Version":"6E053E8A-FE0D-45A0-A863-C501EEDB4011","Name":"anssi-subscription"}}}
{"System":{"Provider":{"Name":"Microsoft-Windows-TaskScheduler","Guid":"{DE7B24EA-73C8-4A09-985D-5BDADCFA9017}"},"EventID":200,"Version":1,"Level":4,"Task":200,"Opcode":1,"Keywords":"0x8000000000000000","TimeCreated":"2023-12-08T15:08:52.456868200Z","EventRecordID":4520,"Correlation":{"ActivityID":"{AA4DC27A-7E63-4495-BAAE-74E8B9073715}"},"Execution":{"ProcessID":1016,"ThreadID":3952},"Channel":"Microsoft-Windows-TaskScheduler/Operational","Computer":"meereen.essos.local","UserID":"S-1-5-18"},"EventData":{"EnginePID":"704","ActionName":"","TaskInstanceId":"{AA4DC27A-7E63-4495-BAAE-74E8B9073715}","TaskName":"\\Microsoft\\Windows\\WindowsUpdate\\Automatic App Update"},"OpenWEC":{"IpAddress":"10.202.0.93","TimeReceived":"2023-12-08T15:43:50.738207438+00:00","Principal":"MEEREEN$@ESSOS.LOCAL","Subscription":{"Uuid":"CB04741B-9072-4E2D-B769-3570FA020BBD","Version":"6E053E8A-FE0D-45A0-A863-C501EEDB4011","Name":"anssi-subscription"}}}
{"System":{"Provider":{"Name":"Microsoft-Windows-Security-Auditing","Guid":"{54849625-5478-4994-A5BA-3E3B0328C30D}"},"EventID":4688,"Version":2,"Level":0,"Task":13312,"Opcode":0,"Keywords":"0x8020000000000000","TimeCreated":"2023-12-08T15:08:52.483553900Z","EventRecordID":108128,"Correlation":{},"Execution":{"ProcessID":4,"ThreadID":2152},"Channel":"Security","Computer":"meereen.essos.local"},"EventData":{"NewProcessId":"0x1114","NewProcessName":"C:\\Windows\\System32\\conhost.exe","TargetLogonId":"0x0","ParentProcessName":"C:\\Windows\\System32\\DeviceCensus.exe","ProcessId":"0x95c","TargetUserName":"-","SubjectUserName":"MEEREEN$","TokenElevationType":"%%1936","TargetUserSid":"S-1-0-0","CommandLine":"","TargetDomainName":"-","SubjectUserSid":"S-1-5-18","MandatoryLabel":"S-1-16-16384","SubjectDomainName":"ESSOS","SubjectLogonId":"0x3e7"},"OpenWEC":{"IpAddress":"10.202.0.93","TimeReceived":"2023-12-08T15:43:50.738207438+00:00","Principal":"MEEREEN$@ESSOS.LOCAL","Subscription":{"Uuid":"CB04741B-9072-4E2D-B769-3570FA020BBD","Version":"6E053E8A-FE0D-45A0-A863-C501EEDB4011","Name":"anssi-subscription"}}}
{"System":{"Provider":{"Name":"Microsoft-Windows-Security-Auditing","Guid":"{54849625-5478-4994-A5BA-3E3B0328C30D}"},"EventID":4688,"Version":2,"Level":0,"Task":13312,"Opcode":0,"Keywords":"0x8020000000000000","TimeCreated":"2023-12-08T15:08:52.632221000Z","EventRecordID":108132,"Correlation":{},"Execution":{"ProcessID":4,"ThreadID":2152},"Channel":"Security","Computer":"meereen.essos.local"},"EventData":{"SubjectLogonId":"0x3e7","TargetLogonId":"0x4cea8","NewProcessName":"C:\\Windows\\System32\\InstallAgent.exe","TokenElevationType":"%%1938","ParentProcessName":"C:\\Windows\\System32\\svchost.exe","SubjectDomainName":"ESSOS","TargetUserSid":"S-1-5-21-1062305140-3742494866-1959299801-1000","SubjectUserSid":"S-1-5-18","SubjectUserName":"MEEREEN$","CommandLine":"","TargetDomainName":"ESSOS","TargetUserName":"vagrant","NewProcessId":"0xb70","ProcessId":"0x2f8","MandatoryLabel":"S-1-16-8192"},"OpenWEC":{"IpAddress":"10.202.0.93","TimeReceived":"2023-12-08T15:43:50.738207438+00:00","Principal":"MEEREEN$@ESSOS.LOCAL","Subscription":{"Uuid":"CB04741B-9072-4E2D-B769-3570FA020BBD","Version":"6E053E8A-FE0D-45A0-A863-C501EEDB4011","Name":"anssi-subscription"}}}
{"System":{"Provider":{"Name":"Microsoft-Windows-Security-Auditing","Guid":"{54849625-5478-4994-A5BA-3E3B0328C30D}"},"EventID":4688,"Version":2,"Level":0,"Task":13312,"Opcode":0,"Keywords":"0x8020000000000000","TimeCreated":"2023-12-08T15:08:52.896399200Z","EventRecordID":108134,"Correlation":{},"Execution":{"ProcessID":4,"ThreadID":4640},"Channel":"Security","Computer":"meereen.essos.local"},"EventData":{"NewProcessId":"0x16c4","NewProcessName":"C:\\Windows\\System32\\wbem\\WmiPrvSE.exe","MandatoryLabel":"S-1-16-16384","ParentProcessName":"C:\\Windows\\System32\\svchost.exe","TargetUserName":"MEEREEN$","SubjectLogonId":"0x3e7","ProcessId":"0x2f8","SubjectUserSid":"S-1-5-18","TargetUserSid":"S-1-0-0","SubjectDomainName":"ESSOS","SubjectUserName":"MEEREEN$","TargetLogonId":"0x3e4","CommandLine":"","TokenElevationType":"%%1936","TargetDomainName":"ESSOS"},"OpenWEC":{"IpAddress":"10.202.0.93","TimeReceived":"2023-12-08T15:43:50.738207438+00:00","Principal":"MEEREEN$@ESSOS.LOCAL","Subscription":{"Uuid":"CB04741B-9072-4E2D-B769-3570FA020BBD","Version":"6E053E8A-FE0D-45A0-A863-C501EEDB4011","Name":"anssi-subscription"}}}
{"System":{"Provider":{"Name":"Microsoft-Windows-Security-Auditing","Guid":"{54849625-5478-4994-A5BA-3E3B0328C30D}"},"EventID":4688,"Version":2,"Level":0,"Task":13312,"Opcode":0,"Keywords":"0x8020000000000000","TimeCreated":"2023-12-08T15:08:52.950621100Z","EventRecordID":108135,"Correlation":{},"Execution":{"ProcessID":4,"ThreadID":3184},"Channel":"Security","Computer":"meereen.essos.local"},"EventData":{"SubjectLogonId":"0x3e7","TargetLogonId":"0x0","TargetUserName":"-","TargetUserSid":"S-1-0-0","SubjectUserName":"MEEREEN$","NewProcessName":"C:\\Windows\\System32\\wbem\\WmiPrvSE.exe","ProcessId":"0x2f8","CommandLine":"","ParentProcessName":"C:\\Windows\\System32\\svchost.exe","TokenElevationType":"%%1936","TargetDomainName":"-","SubjectUserSid":"S-1-5-18","MandatoryLabel":"S-1-16-16384","NewProcessId":"0x144","SubjectDomainName":"ESSOS"},"OpenWEC":{"IpAddress":"10.202.0.93","TimeReceived":"2023-12-08T15:43:50.738207438+00:00","Principal":"MEEREEN$@ESSOS.LOCAL","Subscription":{"Uuid":"CB04741B-9072-4E2D-B769-3570FA020BBD","Version":"6E053E8A-FE0D-45A0-A863-C501EEDB4011","Name":"anssi-subscription"}}}
{"System":{"Provider":{"Name":"Microsoft-Windows-Security-Auditing","Guid":"{54849625-5478-4994-A5BA-3E3B0328C30D}"},"EventID":4688,"Version":2,"Level":0,"Task":13312,"Opcode":0,"Keywords":"0x8020000000000000","TimeCreated":"2023-12-08T15:08:53.520061300Z","EventRecordID":108138,"Correlation":{},"Execution":{"ProcessID":4,"ThreadID":5728},"Channel":"Security","Computer":"meereen.essos.local"},"EventData":{"SubjectUserSid":"S-1-5-18","ProcessId":"0x244","TargetUserSid":"S-1-0-0","SubjectDomainName":"ESSOS","NewProcessId":"0x958","NewProcessName":"C:\\Windows\\System32\\sppsvc.exe","TargetLogonId":"0x3e4","SubjectUserName":"MEEREEN$","CommandLine":"","TokenElevationType":"%%1936","SubjectLogonId":"0x3e7","ParentProcessName":"C:\\Windows\\System32\\services.exe","TargetDomainName":"ESSOS","TargetUserName":"MEEREEN$","MandatoryLabel":"S-1-16-16384"},"OpenWEC":{"IpAddress":"10.202.0.93","TimeReceived":"2023-12-08T15:43:50.738207438+00:00","Principal":"MEEREEN$@ESSOS.LOCAL","Subscription":{"Uuid":"CB04741B-9072-4E2D-B769-3570FA020BBD","Version":"6E053E8A-FE0D-45A0-A863-C501EEDB4011","Name":"anssi-subscription"}}}
{"System":{"Provider":{"Name":"Microsoft-Windows-Security-Auditing","Guid":"{54849625-5478-4994-A5BA-3E3B0328C30D}"},"EventID":4688,"Version":2,"Level":0,"Task":13312,"Opcode":0,"Keywords":"0x8020000000000000","TimeCreated":"2023-12-08T15:08:54.012250000Z","EventRecordID":108150,"Correlation":{},"Execution":{"ProcessID":4,"ThreadID":1380},"Channel":"Security","Computer":"meereen.essos.local"},"EventData":{"ProcessId":"0x95c","TokenElevationType":"%%1938","NewProcessName":"C:\\Windows\\System32\\DeviceCensus.exe","SubjectDomainName":"ESSOS","TargetUserName":"vagrant","TargetDomainName":"ESSOS","SubjectLogonId":"0x3e7","CommandLine":"","TargetUserSid":"S-1-5-21-1062305140-3742494866-1959299801-1000","NewProcessId":"0x1240","TargetLogonId":"0x4cea8","SubjectUserSid":"S-1-5-18","SubjectUserName":"MEEREEN$","ParentProcessName":"C:\\Windows\\System32\\DeviceCensus.exe","MandatoryLabel":"S-1-16-8192"},"OpenWEC":{"IpAddress":"10.202.0.93","TimeReceived":"2023-12-08T15:43:50.738207438+00:00","Principal":"MEEREEN$@ESSOS.LOCAL","Subscription":{"Uuid":"CB04741B-9072-4E2D-B769-3570FA020BBD","Version":"6E053E8A-FE0D-45A0-A863-C501EEDB4011","Name":"anssi-subscription"}}}
{"System":{"Provider":{"Name":"Microsoft-Windows-Security-Auditing","Guid":"{54849625-5478-4994-A5BA-3E3B0328C30D}"},"EventID":4688,"Version":2,"Level":0,"Task":13312,"Opcode":0,"Keywords":"0x8020000000000000","TimeCreated":"2023-12-08T15:08:54.017955700Z","EventRecordID":108151,"Correlation":{},"Execution":{"ProcessID":4,"ThreadID":1380},"Channel":"Security","Computer":"meereen.essos.local"},"EventData":{"TargetUserName":"-","NewProcessName":"C:\\Windows\\System32\\conhost.exe","SubjectDomainName":"ESSOS","TargetDomainName":"-","SubjectUserSid":"S-1-5-21-1062305140-3742494866-1959299801-1000","ProcessId":"0x1240","MandatoryLabel":"S-1-16-8192","TokenElevationType":"%%1938","TargetLogonId":"0x0","ParentProcessName":"C:\\Windows\\System32\\DeviceCensus.exe","SubjectUserName":"vagrant","SubjectLogonId":"0x4cea8","NewProcessId":"0x12d4","CommandLine":"","TargetUserSid":"S-1-0-0"},"OpenWEC":{"IpAddress":"10.202.0.93","TimeReceived":"2023-12-08T15:43:50.738207438+00:00","Principal":"MEEREEN$@ESSOS.LOCAL","Subscription":{"Uuid":"CB04741B-9072-4E2D-B769-3570FA020BBD","Version":"6E053E8A-FE0D-45A0-A863-C501EEDB4011","Name":"anssi-subscription"}}}
{"System":{"Provider":{"Name":"Microsoft-Windows-TaskScheduler","Guid":"{DE7B24EA-73C8-4A09-985D-5BDADCFA9017}"},"EventID":140,"Version":0,"Level":4,"Task":140,"Opcode":0,"Keywords":"0x8000000000000000","TimeCreated":"2023-12-08T15:08:54.155528000Z","EventRecordID":4529,"Correlation":{},"Execution":{"ProcessID":1016,"ThreadID":3912},"Channel":"Microsoft-Windows-TaskScheduler/Operational","Computer":"meereen.essos.local","UserID":"S-1-5-18"},"EventData":{"TaskName":"\\Microsoft\\Windows\\Device Information\\Device","UserName":"ESSOS\\MEEREEN$"},"OpenWEC":{"IpAddress":"10.202.0.93","TimeReceived":"2023-12-08T15:43:50.738207438+00:00","Principal":"MEEREEN$@ESSOS.LOCAL","Subscription":{"Uuid":"CB04741B-9072-4E2D-B769-3570FA020BBD","Version":"6E053E8A-FE0D-45A0-A863-C501EEDB4011","Name":"anssi-subscription"}}}
{"System":{"Provider":{"Name":"Microsoft-Windows-Security-Auditing","Guid":"{54849625-5478-4994-A5BA-3E3B0328C30D}"},"EventID":4702,"Version":0,"Level":0,"Task":12804,"Opcode":0,"Keywords":"0x8020000000000000","TimeCreated":"2023-12-08T15:08:54.155609500Z","EventRecordID":108152,"Correlation":{"ActivityID":"{833290A8-29FD-0001-F190-3283FD29DA01}"},"Execution":{"ProcessID":588,"ThreadID":628},"Channel":"Security","Computer":"meereen.essos.local"},"EventData":{"TaskName":"\\Microsoft\\Windows\\Device Information\\Device","TaskContentNew":"<?xml version=\"1.0\" encoding=\"UTF-16\"?>\n<Task version=\"1.5\" xmlns=\"http://schemas.microsoft.com/windows/2004/02/mit/task\">\n  <RegistrationInfo>\n    <Version>1.0</Version>\n    <URI>\\Microsoft\\Windows\\Device Information\\Device</URI>\n    <SecurityDescriptor>D:(A;;GA;;;BA)(A;;GA;;;SY)(A;;FRFX;;;LS)</SecurityDescriptor>\n  </RegistrationInfo>\n  <Triggers>\n    <TimeTrigger>\n      <Repetition>\n        <Interval>P1D</Interval>\n        <StopAtDurationEnd>false</StopAtDurationEnd>\n      </Repetition>\n      <StartBoundary>2008-09-01T03:00:00</StartBoundary>\n      <Enabled>true</Enabled>\n      <RandomDelay>PT2H</RandomDelay>\n    </TimeTrigger>\n    <WnfStateChangeTrigger id=\"WNF_DEP_OOBE_COMPLETE\">\n      <Enabled>false</Enabled>\n      <StateName>750CBCA3290B9641</StateName>\n      <Data>01</Data>\n      <DataOffset>0</DataOffset>\n    </WnfStateChangeTrigger>\n  </Triggers>\n  <Principals>\n    <Principal id=\"LocalSystem\">\n      <UserId>S-1-5-18</UserId>\n      <RunLevel>LeastPrivilege</RunLevel>\n    </Principal>\n  </Principals>\n  <Settings>\n    <MultipleInstancesPolicy>IgnoreNew</MultipleInstancesPolicy>\n    <DisallowStartIfOnBatteries>false</DisallowStartIfOnBatteries>\n    <StopIfGoingOnBatteries>false</StopIfGoingOnBatteries>\n    <AllowHardTerminate>true</AllowHardTerminate>\n    <StartWhenAvailable>true</StartWhenAvailable>\n    <RunOnlyIfNetworkAvailable>false</RunOnlyIfNetworkAvailable>\n    <IdleSettings>\n      <StopOnIdleEnd>true</StopOnIdleEnd>\n      <RestartOnIdle>false</RestartOnIdle>\n    </IdleSettings>\n    <AllowStartOnDemand>true</AllowStartOnDemand>\n    <Enabled>true</Enabled>\n    <Hidden>false</Hidden>\n    <RunOnlyIfIdle>false</RunOnlyIfIdle>\n    <DisallowStartOnRemoteAppSession>false</DisallowStartOnRemoteAppSession>\n    <UseUnifiedSchedulingEngine>true</UseUnifiedSchedulingEngine>\n    <WakeToRun>false</WakeToRun>\n    <ExecutionTimeLimit>P4D</ExecutionTimeLimit>\n    <Priority>7</Priority>\n  </Settings>\n  <Actions Context=\"LocalSystem\">\n    <Exec>\n      <Command>%windir%\\system32\\devicecensus.exe</Command>\n    </Exec>\n  </Actions>\n</Task>","SubjectUserSid":"S-1-5-18","SubjectDomainName":"ESSOS","SubjectLogonId":"0x3e7","SubjectUserName":"MEEREEN$"},"OpenWEC":{"IpAddress":"10.202.0.93","TimeReceived":"2023-12-08T15:43:50.738207438+00:00","Principal":"MEEREEN$@ESSOS.LOCAL","Subscription":{"Uuid":"CB04741B-9072-4E2D-B769-3570FA020BBD","Version":"6E053E8A-FE0D-45A0-A863-C501EEDB4011","Name":"anssi-subscription"}}}
{"System":{"Provider":{"Name":"Microsoft-Windows-Security-Auditing","Guid":"{54849625-5478-4994-A5BA-3E3B0328C30D}"},"EventID":4688,"Version":2,"Level":0,"Task":13312,"Opcode":0,"Keywords":"0x8020000000000000","TimeCreated":"2023-12-08T15:08:54.344618700Z","EventRecordID":108153,"Correlation":{},"Execution":{"ProcessID":4,"ThreadID":1380},"Channel":"Security","Computer":"meereen.essos.local"},"EventData":{"NewProcessName":"C:\\Program Files (x86)\\Google\\Update\\GoogleUpdate.exe","ParentProcessName":"C:\\Windows\\System32\\services.exe","SubjectUserName":"MEEREEN$","MandatoryLabel":"S-1-16-16384","NewProcessId":"0x1624","TokenElevationType":"%%1936","CommandLine":"","TargetDomainName":"-","TargetUserName":"-","ProcessId":"0x244","SubjectUserSid":"S-1-5-18","SubjectDomainName":"ESSOS","SubjectLogonId":"0x3e7","TargetLogonId":"0x0","TargetUserSid":"S-1-0-0"},"OpenWEC":{"IpAddress":"10.202.0.93","TimeReceived":"2023-12-08T15:43:50.738207438+00:00","Principal":"MEEREEN$@ESSOS.LOCAL","Subscription":{"Uuid":"CB04741B-9072-4E2D-B769-3570FA020BBD","Version":"6E053E8A-FE0D-45A0-A863-C501EEDB4011","Name":"anssi-subscription"}}}
{"System":{"Provider":{"Name":"Microsoft-Windows-Security-Auditing","Guid":"{54849625-5478-4994-A5BA-3E3B0328C30D}"},"EventID":4672,"Version":0,"Level":0,"Task":12548,"Opcode":0,"Keywords":"0x8020000000000000","TimeCreated":"2023-12-08T15:08:57.318556100Z","EventRecordID":108159,"Correlation":{},"Execution":{"ProcessID":588,"ThreadID":2248},"Channel":"Security","Computer":"meereen.essos.local"},"EventData":{"SubjectDomainName":"ESSOS","SubjectLogonId":"0x490c6b","SubjectUserName":"MEEREEN$","SubjectUserSid":"S-1-5-21-1062305140-3742494866-1959299801-1001","PrivilegeList":"SeAuditPrivilege\n\t\t\tSeImpersonatePrivilege\n\t\t\tSeAssignPrimaryTokenPrivilege"},"OpenWEC":{"IpAddress":"10.202.0.93","TimeReceived":"2023-12-08T15:43:50.738207438+00:00","Principal":"MEEREEN$@ESSOS.LOCAL","Subscription":{"Uuid":"CB04741B-9072-4E2D-B769-3570FA020BBD","Version":"6E053E8A-FE0D-45A0-A863-C501EEDB4011","Name":"anssi-subscription"}}}
{"System":{"Provider":{"Name":"Microsoft-Windows-Security-Auditing","Guid":"{54849625-5478-4994-A5BA-3E3B0328C30D}"},"EventID":4624,"Version":2,"Level":0,"Task":12544,"Opcode":0,"Keywords":"0x8020000000000000","TimeCreated":"2023-12-08T15:08:57.318644300Z","EventRecordID":108160,"Correlation":{},"Execution":{"ProcessID":588,"ThreadID":2248},"Channel":"Security","Computer":"meereen.essos.local"},"EventData":{"SubjectDomainName":"-","LogonProcessName":"Kerberos","AuthenticationPackageName":"Kerberos","KeyLength":"0","TargetLogonId":"0x490c6b","TransmittedServices":"-","IpAddress":"192.168.56.12","IpPort":"54719","LmPackageName":"-","SubjectLogonId":"0x0","LogonGuid":"{4724CDDB-F3EE-152B-D348-55A7F1013E2C}","LogonType":"3","RestrictedAdminMode":"-","TargetUserSid":"S-1-5-21-1062305140-3742494866-1959299801-1001","SubjectUserSid":"S-1-0-0","TargetOutboundUserName":"-","TargetOutboundDomainName":"-","VirtualAccount":"%%1843","ElevatedToken":"%%1842","ProcessId":"0x0","ImpersonationLevel":"%%1833","WorkstationName":"-","TargetDomainName":"ESSOS.LOCAL","ProcessName":"-","SubjectUserName":"-","TargetLinkedLogonId":"0x0","TargetUserName":"MEEREEN$"},"OpenWEC":{"IpAddress":"10.202.0.93","TimeReceived":"2023-12-08T15:43:50.738207438+00:00","Principal":"MEEREEN$@ESSOS.LOCAL","Subscription":{"Uuid":"CB04741B-9072-4E2D-B769-3570FA020BBD","Version":"6E053E8A-FE0D-45A0-A863-C501EEDB4011","Name":"anssi-subscription"}}}
{"System":{"Provider":{"Name":"Microsoft-Windows-Security-Auditing","Guid":"{54849625-5478-4994-A5BA-3E3B0328C30D}"},"EventID":4672,"Version":0,"Level":0,"Task":12548,"Opcode":0,"Keywords":"0x8020000000000000","TimeCreated":"2023-12-08T15:08:57.404805800Z","EventRecordID":108188,"Correlation":{},"Execution":{"ProcessID":588,"ThreadID":2248},"Channel":"Security","Computer":"meereen.essos.local"},"EventData":{"SubjectDomainName":"ESSOS","SubjectUserName":"MEEREEN$","SubjectUserSid":"S-1-5-21-1062305140-3742494866-1959299801-1001","SubjectLogonId":"0x4915c6","PrivilegeList":"SeAuditPrivilege\n\t\t\tSeImpersonatePrivilege\n\t\t\tSeAssignPrimaryTokenPrivilege"},"OpenWEC":{"IpAddress":"10.202.0.93","TimeReceived":"2023-12-08T15:43:50.738207438+00:00","Principal":"MEEREEN$@ESSOS.LOCAL","Subscription":{"Uuid":"CB04741B-9072-4E2D-B769-3570FA020BBD","Version":"6E053E8A-FE0D-45A0-A863-C501EEDB4011","Name":"anssi-subscription"}}}
{"System":{"Provider":{"Name":"Microsoft-Windows-Security-Auditing","Guid":"{54849625-5478-4994-A5BA-3E3B0328C30D}"},"EventID":4624,"Version":2,"Level":0,"Task":12544,"Opcode":0,"Keywords":"0x8020000000000000","TimeCreated":"2023-12-08T15:08:57.404869200Z","EventRecordID":108189,"Correlation":{},"Execution":{"ProcessID":588,"ThreadID":2248},"Channel":"Security","Computer":"meereen.essos.local"},"EventData":{"LogonType":"3","LogonGuid":"{4724CDDB-F3EE-152B-D348-55A7F1013E2C}","SubjectUserName":"-","KeyLength":"0","ProcessName":"-","IpPort":"54720","RestrictedAdminMode":"-","TargetOutboundUserName":"-","ProcessId":"0x0","TargetLinkedLogonId":"0x0","ElevatedToken":"%%1842","TargetLogonId":"0x4915c6","ImpersonationLevel":"%%1833","TargetOutboundDomainName":"-","TargetDomainName":"ESSOS.LOCAL","IpAddress":"10.202.0.93","VirtualAccount":"%%1843","WorkstationName":"-","SubjectUserSid":"S-1-0-0","LogonProcessName":"Kerberos","TargetUserName":"MEEREEN$","TargetUserSid":"S-1-5-21-1062305140-3742494866-1959299801-1001","TransmittedServices":"-","SubjectLogonId":"0x0","LmPackageName":"-","AuthenticationPackageName":"Kerberos","SubjectDomainName":"-"},"OpenWEC":{"IpAddress":"10.202.0.93","TimeReceived":"2023-12-08T15:43:50.738207438+00:00","Principal":"MEEREEN$@ESSOS.LOCAL","Subscription":{"Uuid":"CB04741B-9072-4E2D-B769-3570FA020BBD","Version":"6E053E8A-FE0D-45A0-A863-C501EEDB4011","Name":"anssi-subscription"}}}
{"System":{"Provider":{"Name":"Microsoft-Windows-Security-Auditing","Guid":"{54849625-5478-4994-A5BA-3E3B0328C30D}"},"EventID":4688,"Version":2,"Level":0,"Task":13312,"Opcode":0,"Keywords":"0x8020000000000000","TimeCreated":"2023-12-08T15:09:00.942237900Z","EventRecordID":108250,"Correlation":{},"Execution":{"ProcessID":4,"ThreadID":6064},"Channel":"Security","Computer":"meereen.essos.local"},"EventData":{"NewProcessId":"0x113c","ProcessId":"0x3f8","ParentProcessName":"C:\\Windows\\System32\\svchost.exe","NewProcessName":"C:\\Windows\\System32\\taskhostw.exe","SubjectLogonId":"0x3e7","TargetDomainName":"ESSOS","SubjectUserSid":"S-1-5-18","TargetLogonId":"0x4cea8","SubjectUserName":"MEEREEN$","MandatoryLabel":"S-1-16-8192","CommandLine":"","TokenElevationType":"%%1938","SubjectDomainName":"ESSOS","TargetUserSid":"S-1-5-21-1062305140-3742494866-1959299801-1000","TargetUserName":"vagrant"},"OpenWEC":{"IpAddress":"10.202.0.93","TimeReceived":"2023-12-08T15:43:50.738207438+00:00","Principal":"MEEREEN$@ESSOS.LOCAL","Subscription":{"Uuid":"CB04741B-9072-4E2D-B769-3570FA020BBD","Version":"6E053E8A-FE0D-45A0-A863-C501EEDB4011","Name":"anssi-subscription"}}}
{"System":{"Provider":{"Name":"Microsoft-Windows-TaskScheduler","Guid":"{DE7B24EA-73C8-4A09-985D-5BDADCFA9017}"},"EventID":129,"Version":0,"Level":4,"Task":129,"Opcode":0,"Keywords":"0x8000000000000000","TimeCreated":"2023-12-08T15:09:00.946536700Z","EventRecordID":4533,"Correlation":{},"Execution":{"ProcessID":1016,"ThreadID":1800},"Channel":"Microsoft-Windows-TaskScheduler/Operational","Computer":"meereen.essos.local","UserID":"S-1-5-18"},"EventData":{"Path":"taskhostw.exe","TaskName":"\\Microsoft\\Windows\\SettingSync\\NetworkStateChangeTask","ProcessID":"4412","Priority":"32"},"OpenWEC":{"IpAddress":"10.202.0.93","TimeReceived":"2023-12-08T15:43:50.738207438+00:00","Principal":"MEEREEN$@ESSOS.LOCAL","Subscription":{"Uuid":"CB04741B-9072-4E2D-B769-3570FA020BBD","Version":"6E053E8A-FE0D-45A0-A863-C501EEDB4011","Name":"anssi-subscription"}}}
{"System":{"Provider":{"Name":"Microsoft-Windows-TaskScheduler","Guid":"{DE7B24EA-73C8-4A09-985D-5BDADCFA9017}"},"EventID":100,"Version":0,"Level":4,"Task":100,"Opcode":1,"Keywords":"0x8000000000000001","TimeCreated":"2023-12-08T15:09:00.947353000Z","EventRecordID":4534,"Correlation":{"ActivityID":"{A2E6491E-CAA7-489D-B211-1AEF2182F925}"},"Execution":{"ProcessID":1016,"ThreadID":1800},"Channel":"Microsoft-Windows-TaskScheduler/Operational","Computer":"meereen.essos.local","UserID":"S-1-5-18"},"EventData":{"UserContext":"ESSOS\\vagrant","InstanceId":"{A2E6491E-CAA7-489D-B211-1AEF2182F925}","TaskName":"\\Microsoft\\Windows\\SettingSync\\NetworkStateChangeTask"},"OpenWEC":{"IpAddress":"10.202.0.93","TimeReceived":"2023-12-08T15:43:50.738207438+00:00","Principal":"MEEREEN$@ESSOS.LOCAL","Subscription":{"Uuid":"CB04741B-9072-4E2D-B769-3570FA020BBD","Version":"6E053E8A-FE0D-45A0-A863-C501EEDB4011","Name":"anssi-subscription"}}}
{"System":{"Provider":{"Name":"Microsoft-Windows-TaskScheduler","Guid":"{DE7B24EA-73C8-4A09-985D-5BDADCFA9017}"},"EventID":200,"Version":1,"Level":4,"Task":200,"Opcode":1,"Keywords":"0x8000000000000000","TimeCreated":"2023-12-08T15:09:00.947353700Z","EventRecordID":4535,"Correlation":{"ActivityID":"{A2E6491E-CAA7-489D-B211-1AEF2182F925}"},"Execution":{"ProcessID":1016,"ThreadID":1800},"Channel":"Microsoft-Windows-TaskScheduler/Operational","Computer":"meereen.essos.local","UserID":"S-1-5-18"},"EventData":{"TaskName":"\\Microsoft\\Windows\\SettingSync\\NetworkStateChangeTask","ActionName":"Network State Change Task Handler","TaskInstanceId":"{A2E6491E-CAA7-489D-B211-1AEF2182F925}","EnginePID":"4412"},"OpenWEC":{"IpAddress":"10.202.0.93","TimeReceived":"2023-12-08T15:43:50.738207438+00:00","Principal":"MEEREEN$@ESSOS.LOCAL","Subscription":{"Uuid":"CB04741B-9072-4E2D-B769-3570FA020BBD","Version":"6E053E8A-FE0D-45A0-A863-C501EEDB4011","Name":"anssi-subscription"}}}
{"System":{"Provider":{"Name":"Microsoft-Windows-TaskScheduler","Guid":"{DE7B24EA-73C8-4A09-985D-5BDADCFA9017}"},"EventID":100,"Version":0,"Level":4,"Task":100,"Opcode":1,"Keywords":"0x8000000000000001","TimeCreated":"2023-12-08T15:09:00.978615700Z","EventRecordID":4539,"Correlation":{"ActivityID":"{8D7DBD23-B3BC-41BD-9C0C-10199FEE0DE6}"},"Execution":{"ProcessID":1016,"ThreadID":4404},"Channel":"Microsoft-Windows-TaskScheduler/Operational","Computer":"meereen.essos.local","UserID":"S-1-5-18"},"EventData":{"UserContext":"ESSOS\\vagrant","TaskName":"\\Microsoft\\Windows\\SettingSync\\NetworkStateChangeTask","InstanceId":"{8D7DBD23-B3BC-41BD-9C0C-10199FEE0DE6}"},"OpenWEC":{"IpAddress":"10.202.0.93","TimeReceived":"2023-12-08T15:43:50.738207438+00:00","Principal":"MEEREEN$@ESSOS.LOCAL","Subscription":{"Uuid":"CB04741B-9072-4E2D-B769-3570FA020BBD","Version":"6E053E8A-FE0D-45A0-A863-C501EEDB4011","Name":"anssi-subscription"}}}
{"System":{"Provider":{"Name":"Microsoft-Windows-TaskScheduler","Guid":"{DE7B24EA-73C8-4A09-985D-5BDADCFA9017}"},"EventID":200,"Version":1,"Level":4,"Task":200,"Opcode":1,"Keywords":"0x8000000000000000","TimeCreated":"2023-12-08T15:09:00.978616700Z","EventRecordID":4540,"Correlation":{"ActivityID":"{8D7DBD23-B3BC-41BD-9C0C-10199FEE0DE6}"},"Execution":{"ProcessID":1016,"ThreadID":4404},"Channel":"Microsoft-Windows-TaskScheduler/Operational","Computer":"meereen.essos.local","UserID":"S-1-5-18"},"EventData":{"TaskName":"\\Microsoft\\Windows\\SettingSync\\NetworkStateChangeTask","EnginePID":"4412","TaskInstanceId":"{8D7DBD23-B3BC-41BD-9C0C-10199FEE0DE6}","ActionName":"Network State Change Task Handler"},"OpenWEC":{"IpAddress":"10.202.0.93","TimeReceived":"2023-12-08T15:43:50.738207438+00:00","Principal":"MEEREEN$@ESSOS.LOCAL","Subscription":{"Uuid":"CB04741B-9072-4E2D-B769-3570FA020BBD","Version":"6E053E8A-FE0D-45A0-A863-C501EEDB4011","Name":"anssi-subscription"}}}
{"System":{"Provider":{"Name":"Microsoft-Windows-Security-Auditing","Guid":"{54849625-5478-4994-A5BA-3E3B0328C30D}"},"EventID":4672,"Version":0,"Level":0,"Task":12548,"Opcode":0,"Keywords":"0x8020000000000000","TimeCreated":"2023-12-08T15:09:06.032945800Z","EventRecordID":108387,"Correlation":{"ActivityID":"{833290A8-29FD-0001-F190-3283FD29DA01}"},"Execution":{"ProcessID":588,"ThreadID":640},"Channel":"Security","Computer":"meereen.essos.local"},"EventData":{"SubjectLogonId":"0x49618d","SubjectDomainName":"ESSOS","SubjectUserName":"MEEREEN$","PrivilegeList":"SeAuditPrivilege\n\t\t\tSeImpersonatePrivilege\n\t\t\tSeAssignPrimaryTokenPrivilege","SubjectUserSid":"S-1-5-21-1062305140-3742494866-1959299801-1001"},"OpenWEC":{"IpAddress":"10.202.0.93","TimeReceived":"2023-12-08T15:43:50.738207438+00:00","Principal":"MEEREEN$@ESSOS.LOCAL","Subscription":{"Uuid":"CB04741B-9072-4E2D-B769-3570FA020BBD","Version":"6E053E8A-FE0D-45A0-A863-C501EEDB4011","Name":"anssi-subscription"}}}
{"System":{"Provider":{"Name":"Microsoft-Windows-Security-Auditing","Guid":"{54849625-5478-4994-A5BA-3E3B0328C30D}"},"EventID":4624,"Version":2,"Level":0,"Task":12544,"Opcode":0,"Keywords":"0x8020000000000000","TimeCreated":"2023-12-08T15:09:06.033066400Z","EventRecordID":108388,"Correlation":{"ActivityID":"{833290A8-29FD-0001-F190-3283FD29DA01}"},"Execution":{"ProcessID":588,"ThreadID":640},"Channel":"Security","Computer":"meereen.essos.local"},"EventData":{"VirtualAccount":"%%1843","TargetLinkedLogonId":"0x0","ElevatedToken":"%%1842","TargetOutboundUserName":"-","ProcessName":"-","ImpersonationLevel":"%%1840","RestrictedAdminMode":"-","TargetOutboundDomainName":"-","LogonType":"3","TargetDomainName":"ESSOS.LOCAL","SubjectDomainName":"-","SubjectUserName":"-","IpPort":"-","SubjectUserSid":"S-1-0-0","SubjectLogonId":"0x0","TargetUserName":"MEEREEN$","TransmittedServices":"-","LmPackageName":"-","TargetLogonId":"0x49618d","AuthenticationPackageName":"Kerberos","KeyLength":"0","LogonGuid":"{E5397922-CD5E-8484-DA84-961C5E4B7C90}","TargetUserSid":"S-1-5-21-1062305140-3742494866-1959299801-1001","ProcessId":"0x0","LogonProcessName":"Kerberos","IpAddress":"-","WorkstationName":"-"},"OpenWEC":{"IpAddress":"10.202.0.93","TimeReceived":"2023-12-08T15:43:50.738207438+00:00","Principal":"MEEREEN$@ESSOS.LOCAL","Subscription":{"Uuid":"CB04741B-9072-4E2D-B769-3570FA020BBD","Version":"6E053E8A-FE0D-45A0-A863-C501EEDB4011","Name":"anssi-subscription"}}}
{"System":{"Provider":{"Name":"Microsoft-Windows-WinRM","Guid":"{A7975C8F-AC13-49F1-87DA-5A984A4AB417}"},"EventID":163,"Version":0,"Level":2,"Task":7,"Opcode":0,"Keywords":"0x400000000000000a","TimeCreated":"2023-12-08T15:09:10.936472700Z","EventRecordID":5069,"Correlation":{"ActivityID":"{833290A8-29FD-0001-06B1-3283FD29DA01}"},"Execution":{"ProcessID":1100,"ThreadID":5264},"Channel":"Microsoft-Windows-WinRM/Operational","Computer":"meereen.essos.local","UserID":"S-1-5-20"},"EventData":{"authClient":"Kerberos","authServer1":" ","authServer5":" ","authServer3":" ","authServer4":" ","authServer2":" "},"OpenWEC":{"IpAddress":"10.202.0.93","TimeReceived":"2023-12-08T15:43:50.738207438+00:00","Principal":"MEEREEN$@ESSOS.LOCAL","Subscription":{"Uuid":"CB04741B-9072-4E2D-B769-3570FA020BBD","Version":"6E053E8A-FE0D-45A0-A863-C501EEDB4011","Name":"anssi-subscription"}}}
{"System":{"Provider":{"Name":"Microsoft-Windows-WinRM","Guid":"{A7975C8F-AC13-49F1-87DA-5A984A4AB417}"},"EventID":142,"Version":0,"Level":2,"Task":10,"Opcode":2,"Keywords":"0x4000000000000002","TimeCreated":"2023-12-08T15:09:10.936700500Z","EventRecordID":5070,"Correlation":{"ActivityID":"{833290A8-29FD-0001-AE92-3283FD29DA01}"},"Execution":{"ProcessID":1100,"ThreadID":5264},"Channel":"Microsoft-Windows-WinRM/Operational","Computer":"meereen.essos.local","UserID":"S-1-5-20"},"EventData":{"errorCode":"5","operationName":"Enumeration"},"OpenWEC":{"IpAddress":"10.202.0.93","TimeReceived":"2023-12-08T15:43:50.738207438+00:00","Principal":"MEEREEN$@ESSOS.LOCAL","Subscription":{"Uuid":"CB04741B-9072-4E2D-B769-3570FA020BBD","Version":"6E053E8A-FE0D-45A0-A863-C501EEDB4011","Name":"anssi-subscription"}}}
{"System":{"Provider":{"Name":"Microsoft-Windows-TaskScheduler","Guid":"{DE7B24EA-73C8-4A09-985D-5BDADCFA9017}"},"EventID":140,"Version":0,"Level":4,"Task":140,"Opcode":0,"Keywords":"0x8000000000000000","TimeCreated":"2023-12-08T15:09:24.872470000Z","EventRecordID":4545,"Correlation":{},"Execution":{"ProcessID":1016,"ThreadID":4616},"Channel":"Microsoft-Windows-TaskScheduler/Operational","Computer":"meereen.essos.local","UserID":"S-1-5-18"},"EventData":{"TaskName":"\\Microsoft\\Windows\\SoftwareProtectionPlatform\\SvcRestartTask","UserName":"ESSOS\\MEEREEN$"},"OpenWEC":{"IpAddress":"10.202.0.93","TimeReceived":"2023-12-08T15:43:50.738207438+00:00","Principal":"MEEREEN$@ESSOS.LOCAL","Subscription":{"Uuid":"CB04741B-9072-4E2D-B769-3570FA020BBD","Version":"6E053E8A-FE0D-45A0-A863-C501EEDB4011","Name":"anssi-subscription"}}}
{"System":{"Provider":{"Name":"Microsoft-Windows-Security-Auditing","Guid":"{54849625-5478-4994-A5BA-3E3B0328C30D}"},"EventID":4702,"Version":0,"Level":0,"Task":12804,"Opcode":0,"Keywords":"0x8020000000000000","TimeCreated":"2023-12-08T15:09:24.872545400Z","EventRecordID":108475,"Correlation":{"ActivityID":"{833290A8-29FD-0001-F190-3283FD29DA01}"},"Execution":{"ProcessID":588,"ThreadID":896},"Channel":"Security","Computer":"meereen.essos.local"},"EventData":{"TaskName":"\\Microsoft\\Windows\\SoftwareProtectionPlatform\\SvcRestartTask","SubjectLogonId":"0x3e4","SubjectUserName":"MEEREEN$","TaskContentNew":"<?xml version=\"1.0\" encoding=\"UTF-16\"?>\n<Task version=\"1.5\" xmlns=\"http://schemas.microsoft.com/windows/2004/02/mit/task\">\n  <RegistrationInfo>\n    <Source>$(@%systemroot%\\system32\\sppc.dll,-200)</Source>\n    <Author>$(@%systemroot%\\system32\\sppc.dll,-200)</Author>\n    <Version>1.0</Version>\n    <Description>$(@%systemroot%\\system32\\sppc.dll,-201)</Description>\n    <URI>\\Microsoft\\Windows\\SoftwareProtectionPlatform\\SvcRestartTask</URI>\n    <SecurityDescriptor>D:P(A;;FA;;;SY)(A;;FA;;;BA)(A;;FA;;;S-1-5-80-123231216-2592883651-3715271367-3753151631-4175906628)(A;;FR;;;S-1-5-87-2912274048-3994893941-1669128114-1310430903-1263774323)</SecurityDescriptor>\n  </RegistrationInfo>\n  <Triggers>\n    <CalendarTrigger>\n      <StartBoundary>2023-12-09T15:08:24Z</StartBoundary>\n      <Enabled>true</Enabled>\n      <ScheduleByDay>\n        <DaysInterval>1</DaysInterval>\n      </ScheduleByDay>\n    </CalendarTrigger>\n  </Triggers>\n  <Principals>\n    <Principal id=\"NetworkService\">\n      <UserId>S-1-5-20</UserId>\n      <RunLevel>LeastPrivilege</RunLevel>\n    </Principal>\n  </Principals>\n  <Settings>\n    <MultipleInstancesPolicy>IgnoreNew</MultipleInstancesPolicy>\n    <DisallowStartIfOnBatteries>false</DisallowStartIfOnBatteries>\n    <StopIfGoingOnBatteries>false</StopIfGoingOnBatteries>\n    <AllowHardTerminate>false</AllowHardTerminate>\n    <StartWhenAvailable>true</StartWhenAvailable>\n    <RunOnlyIfNetworkAvailable>false</RunOnlyIfNetworkAvailable>\n    <IdleSettings>\n      <StopOnIdleEnd>true</StopOnIdleEnd>\n      <RestartOnIdle>false</RestartOnIdle>\n    </IdleSettings>\n    <AllowStartOnDemand>true</AllowStartOnDemand>\n    <Enabled>true</Enabled>\n    <Hidden>true</Hidden>\n    <RunOnlyIfIdle>false</RunOnlyIfIdle>\n    <DisallowStartOnRemoteAppSession>false</DisallowStartOnRemoteAppSession>\n    <UseUnifiedSchedulingEngine>true</UseUnifiedSchedulingEngine>\n    <WakeToRun>false</WakeToRun>\n    <ExecutionTimeLimit>PT0S</ExecutionTimeLimit>\n    <Priority>7</Priority>\n    <RestartOnFailure>\n      <Interval>PT1M</Interval>\n      <Count>3</Count>\n    </RestartOnFailure>\n  </Settings>\n  <Actions Context=\"NetworkService\">\n    <ComHandler>\n      <ClassId>{B1AEBB5D-EAD9-4476-B375-9C3ED9F32AFC}</ClassId>\n      <Data><![CDATA[timer]]></Data>\n    </ComHandler>\n  </Actions>\n</Task>","SubjectUserSid":"S-1-5-20","SubjectDomainName":"ESSOS"},"OpenWEC":{"IpAddress":"10.202.0.93","TimeReceived":"2023-12-08T15:43:50.738207438+00:00","Principal":"MEEREEN$@ESSOS.LOCAL","Subscription":{"Uuid":"CB04741B-9072-4E2D-B769-3570FA020BBD","Version":"6E053E8A-FE0D-45A0-A863-C501EEDB4011","Name":"anssi-subscription"}}}
{"System":{"Provider":{"Name":"Microsoft-Windows-Security-Auditing","Guid":"{54849625-5478-4994-A5BA-3E3B0328C30D}"},"EventID":4688,"Version":2,"Level":0,"Task":13312,"Opcode":0,"Keywords":"0x8020000000000000","TimeCreated":"2023-12-08T15:09:26.108980000Z","EventRecordID":108486,"Correlation":{},"Execution":{"ProcessID":4,"ThreadID":1852},"Channel":"Security","Computer":"meereen.essos.local"},"EventData":{"SubjectDomainName":"ESSOS","ProcessId":"0x414","TargetLogonId":"0x0","SubjectLogonId":"0x4cea8","TargetUserName":"-","TargetUserSid":"S-1-0-0","TargetDomainName":"-","TokenElevationType":"%%1938","NewProcessId":"0x156c","SubjectUserSid":"S-1-5-21-1062305140-3742494866-1959299801-1000","NewProcessName":"C:\\Program Files\\Internet Explorer\\ielowutil.exe","CommandLine":"","ParentProcessName":"C:\\Windows\\System32\\msfeedssync.exe","MandatoryLabel":"S-1-16-4096","SubjectUserName":"vagrant"},"OpenWEC":{"IpAddress":"10.202.0.93","TimeReceived":"2023-12-08T15:43:50.738207438+00:00","Principal":"MEEREEN$@ESSOS.LOCAL","Subscription":{"Uuid":"CB04741B-9072-4E2D-B769-3570FA020BBD","Version":"6E053E8A-FE0D-45A0-A863-C501EEDB4011","Name":"anssi-subscription"}}}
{"System":{"Provider":{"Name":"Microsoft-Windows-Security-Auditing","Guid":"{54849625-5478-4994-A5BA-3E3B0328C30D}"},"EventID":4624,"Version":2,"Level":0,"Task":12544,"Opcode":0,"Keywords":"0x8020000000000000","TimeCreated":"2023-12-08T15:09:27.117676200Z","EventRecordID":108497,"Correlation":{},"Execution":{"ProcessID":588,"ThreadID":1980},"Channel":"Security","Computer":"meereen.essos.local"},"EventData":{"SubjectDomainName":"-","SubjectLogonId":"0x0","TargetDomainName":"ESSOS.LOCAL","LmPackageName":"-","TargetUserName":"MEEREEN$","LogonProcessName":"Kerberos","TargetOutboundUserName":"-","TransmittedServices":"-","VirtualAccount":"%%1843","TargetLinkedLogonId":"0x0","LogonGuid":"{4DAE89EC-640B-593C-8935-87CC0FE7DECD}","ElevatedToken":"%%1842","AuthenticationPackageName":"Kerberos","IpAddress":"::1","IpPort":"65097","RestrictedAdminMode":"-","ImpersonationLevel":"%%1833","ProcessName":"-","ProcessId":"0x0","SubjectUserSid":"S-1-0-0","WorkstationName":"-","SubjectUserName":"-","TargetUserSid":"S-1-5-18","TargetLogonId":"0x499696","LogonType":"3","KeyLength":"0","TargetOutboundDomainName":"-"},"OpenWEC":{"IpAddress":"10.202.0.93","TimeReceived":"2023-12-08T15:43:50.738207438+00:00","Principal":"MEEREEN$@ESSOS.LOCAL","Subscription":{"Uuid":"CB04741B-9072-4E2D-B769-3570FA020BBD","Version":"6E053E8A-FE0D-45A0-A863-C501EEDB4011","Name":"anssi-subscription"}}}
{"System":{"Provider":{"Name":"Microsoft-Windows-Security-Auditing","Guid":"{54849625-5478-4994-A5BA-3E3B0328C30D}"},"EventID":4624,"Version":2,"Level":0,"Task":12544,"Opcode":0,"Keywords":"0x8020000000000000","TimeCreated":"2023-12-08T15:09:30.846826700Z","EventRecordID":108510,"Correlation":{},"Execution":{"ProcessID":588,"ThreadID":896},"Channel":"Security","Computer":"meereen.essos.local"},"EventData":{"LogonType":"3","TargetOutboundUserName":"-","KeyLength":"0","TargetUserName":"MEEREEN$","AuthenticationPackageName":"Kerberos","VirtualAccount":"%%1843","TargetLinkedLogonId":"0x0","LogonGuid":"{6C3699F9-21BC-C044-F488-8345FDC7CD94}","TargetOutboundDomainName":"-","TargetLogonId":"0x49a445","ElevatedToken":"%%1842","LogonProcessName":"Kerberos","TransmittedServices":"-","ProcessId":"0x0","SubjectUserSid":"S-1-0-0","WorkstationName":"-","TargetUserSid":"S-1-5-18","TargetDomainName":"ESSOS.LOCAL","SubjectUserName":"-","SubjectDomainName":"-","LmPackageName":"-","ProcessName":"-","IpAddress":"fe80::3076:9c8f:3acb:98de","IpPort":"54729","SubjectLogonId":"0x0","ImpersonationLevel":"%%1833","RestrictedAdminMode":"-"},"OpenWEC":{"IpAddress":"10.202.0.93","TimeReceived":"2023-12-08T15:43:50.738207438+00:00","Principal":"MEEREEN$@ESSOS.LOCAL","Subscription":{"Uuid":"CB04741B-9072-4E2D-B769-3570FA020BBD","Version":"6E053E8A-FE0D-45A0-A863-C501EEDB4011","Name":"anssi-subscription"}}}
{"System":{"Provider":{"Name":"Microsoft-Windows-Security-Auditing","Guid":"{54849625-5478-4994-A5BA-3E3B0328C30D}"},"EventID":4624,"Version":2,"Level":0,"Task":12544,"Opcode":0,"Keywords":"0x8020000000000000","TimeCreated":"2023-12-08T15:09:30.849071700Z","EventRecordID":108512,"Correlation":{},"Execution":{"ProcessID":588,"ThreadID":1980},"Channel":"Security","Computer":"meereen.essos.local"},"EventData":{"IpPort":"65101","VirtualAccount":"%%1843","SubjectLogonId":"0x0","LmPackageName":"-","TargetOutboundDomainName":"-","TargetLogonId":"0x49a47e","TargetOutboundUserName":"-","ProcessId":"0x0","KeyLength":"0","TargetUserSid":"S-1-5-18","LogonType":"3","SubjectDomainName":"-","ImpersonationLevel":"%%1833","TargetLinkedLogonId":"0x0","TargetDomainName":"ESSOS.LOCAL","AuthenticationPackageName":"Kerberos","WorkstationName":"-","ProcessName":"-","IpAddress":"fe80::3076:9c8f:3acb:98de","TransmittedServices":"-","LogonProcessName":"Kerberos","SubjectUserName":"-","ElevatedToken":"%%1842","TargetUserName":"MEEREEN$","LogonGuid":"{6C3699F9-21BC-C044-F488-8345FDC7CD94}","SubjectUserSid":"S-1-0-0","RestrictedAdminMode":"-"},"OpenWEC":{"IpAddress":"10.202.0.93","TimeReceived":"2023-12-08T15:43:50.738207438+00:00","Principal":"MEEREEN$@ESSOS.LOCAL","Subscription":{"Uuid":"CB04741B-9072-4E2D-B769-3570FA020BBD","Version":"6E053E8A-FE0D-45A0-A863-C501EEDB4011","Name":"anssi-subscription"}}}
{"System":{"Provider":{"Name":"Microsoft-Windows-Security-Auditing","Guid":"{54849625-5478-4994-A5BA-3E3B0328C30D}"},"EventID":4624,"Version":2,"Level":0,"Task":12544,"Opcode":0,"Keywords":"0x8020000000000000","TimeCreated":"2023-12-08T15:09:30.862316600Z","EventRecordID":108514,"Correlation":{"ActivityID":"{833290A8-29FD-0001-F190-3283FD29DA01}"},"Execution":{"ProcessID":588,"ThreadID":988},"Channel":"Security","Computer":"meereen.essos.local"},"EventData":{"KeyLength":"0","ImpersonationLevel":"%%1833","SubjectUserName":"-","TargetLogonId":"0x49a55e","TransmittedServices":"-","LogonType":"3","SubjectLogonId":"0x0","IpPort":"0","RestrictedAdminMode":"-","VirtualAccount":"%%1843","IpAddress":"::1","TargetOutboundUserName":"-","SubjectUserSid":"S-1-0-0","ElevatedToken":"%%1842","TargetDomainName":"ESSOS.LOCAL","LogonProcessName":"Kerberos","ProcessName":"-","LogonGuid":"{6C3699F9-21BC-C044-F488-8345FDC7CD94}","LmPackageName":"-","WorkstationName":"-","TargetUserName":"MEEREEN$","AuthenticationPackageName":"Kerberos","ProcessId":"0x0","SubjectDomainName":"-","TargetUserSid":"S-1-5-18","TargetOutboundDomainName":"-","TargetLinkedLogonId":"0x0"},"OpenWEC":{"IpAddress":"10.202.0.93","TimeReceived":"2023-12-08T15:43:50.738207438+00:00","Principal":"MEEREEN$@ESSOS.LOCAL","Subscription":{"Uuid":"CB04741B-9072-4E2D-B769-3570FA020BBD","Version":"6E053E8A-FE0D-45A0-A863-C501EEDB4011","Name":"anssi-subscription"}}}
{"System":{"Provider":{"Name":"Microsoft-Windows-Security-Auditing","Guid":"{54849625-5478-4994-A5BA-3E3B0328C30D}"},"EventID":4624,"Version":2,"Level":0,"Task":12544,"Opcode":0,"Keywords":"0x8020000000000000","TimeCreated":"2023-12-08T15:09:30.864468400Z","EventRecordID":108516,"Correlation":{},"Execution":{"ProcessID":588,"ThreadID":1980},"Channel":"Security","Computer":"meereen.essos.local"},"EventData":{"ImpersonationLevel":"%%1833","TargetOutboundUserName":"-","TargetUserSid":"S-1-5-18","TargetLinkedLogonId":"0x0","ElevatedToken":"%%1842","SubjectDomainName":"-","TargetOutboundDomainName":"-","LmPackageName":"-","LogonGuid":"{6C3699F9-21BC-C044-F488-8345FDC7CD94}","ProcessName":"-","SubjectUserName":"-","IpAddress":"10.202.0.93","KeyLength":"0","LogonType":"3","TargetUserName":"MEEREEN$","VirtualAccount":"%%1843","SubjectUserSid":"S-1-0-0","WorkstationName":"-","AuthenticationPackageName":"Kerberos","IpPort":"65102","SubjectLogonId":"0x0","TransmittedServices":"-","LogonProcessName":"Kerberos","ProcessId":"0x0","TargetLogonId":"0x49a5a3","TargetDomainName":"ESSOS.LOCAL","RestrictedAdminMode":"-"},"OpenWEC":{"IpAddress":"10.202.0.93","TimeReceived":"2023-12-08T15:43:50.738207438+00:00","Principal":"MEEREEN$@ESSOS.LOCAL","Subscription":{"Uuid":"CB04741B-9072-4E2D-B769-3570FA020BBD","Version":"6E053E8A-FE0D-45A0-A863-C501EEDB4011","Name":"anssi-subscription"}}}
{"System":{"Provider":{"Name":"Microsoft-Windows-Security-Auditing","Guid":"{54849625-5478-4994-A5BA-3E3B0328C30D}"},"EventID":4624,"Version":2,"Level":0,"Task":12544,"Opcode":0,"Keywords":"0x8020000000000000","TimeCreated":"2023-12-08T15:09:30.957538400Z","EventRecordID":108518,"Correlation":{"ActivityID":"{833290A8-29FD-0001-F190-3283FD29DA01}"},"Execution":{"ProcessID":588,"ThreadID":988},"Channel":"Security","Computer":"meereen.essos.local"},"EventData":{"SubjectUserName":"-","LogonProcessName":"Kerberos","TargetUserSid":"S-1-5-18","TransmittedServices":"-","AuthenticationPackageName":"Kerberos","LogonGuid":"{6C3699F9-21BC-C044-F488-8345FDC7CD94}","SubjectUserSid":"S-1-0-0","TargetDomainName":"ESSOS.LOCAL","LmPackageName":"-","KeyLength":"0","LogonType":"3","ProcessName":"-","SubjectLogonId":"0x0","TargetLogonId":"0x49a612","IpAddress":"fe80::3076:9c8f:3acb:98de","IpPort":"65103","RestrictedAdminMode":"-","TargetOutboundUserName":"-","TargetOutboundDomainName":"-","ElevatedToken":"%%1842","ImpersonationLevel":"%%1840","SubjectDomainName":"-","VirtualAccount":"%%1843","WorkstationName":"-","ProcessId":"0x0","TargetLinkedLogonId":"0x0","TargetUserName":"MEEREEN$"},"OpenWEC":{"IpAddress":"10.202.0.93","TimeReceived":"2023-12-08T15:43:50.738207438+00:00","Principal":"MEEREEN$@ESSOS.LOCAL","Subscription":{"Uuid":"CB04741B-9072-4E2D-B769-3570FA020BBD","Version":"6E053E8A-FE0D-45A0-A863-C501EEDB4011","Name":"anssi-subscription"}}}
{"System":{"Provider":{"Name":"Microsoft-Windows-Security-Auditing","Guid":"{54849625-5478-4994-A5BA-3E3B0328C30D}"},"EventID":5140,"Version":1,"Level":0,"Task":12808,"Opcode":0,"Keywords":"0x8020000000000000","TimeCreated":"2023-12-08T15:09:30.957892700Z","EventRecordID":108519,"Correlation":{},"Execution":{"ProcessID":4,"ThreadID":4816},"Channel":"Security","Computer":"meereen.essos.local"},"EventData":{"IpPort":"65103","ShareLocalPath":"\\??\\C:\\Windows\\SYSVOL\\sysvol","SubjectDomainName":"ESSOS","AccessMask":"0x1","SubjectUserName":"MEEREEN$","IpAddress":"fe80::3076:9c8f:3acb:98de","AccessList":"%%4416\n\t\t\t\t","ObjectType":"File","SubjectLogonId":"0x49a612","ShareName":"\\\\*\\SYSVOL","SubjectUserSid":"S-1-5-18"},"OpenWEC":{"IpAddress":"10.202.0.93","TimeReceived":"2023-12-08T15:43:50.738207438+00:00","Principal":"MEEREEN$@ESSOS.LOCAL","Subscription":{"Uuid":"CB04741B-9072-4E2D-B769-3570FA020BBD","Version":"6E053E8A-FE0D-45A0-A863-C501EEDB4011","Name":"anssi-subscription"}}}
{"System":{"Provider":{"Name":"Microsoft-Windows-WinRM","Guid":"{A7975C8F-AC13-49F1-87DA-5A984A4AB417}"},"EventID":163,"Version":0,"Level":2,"Task":7,"Opcode":0,"Keywords":"0x400000000000000a","TimeCreated":"2023-12-08T15:09:33.869728300Z","EventRecordID":5072,"Correlation":{"ActivityID":"{833290A8-29FD-0001-2AB1-3283FD29DA01}"},"Execution":{"ProcessID":1100,"ThreadID":1348},"Channel":"Microsoft-Windows-WinRM/Operational","Computer":"meereen.essos.local","UserID":"S-1-5-20"},"EventData":{"authServer2":" ","authServer5":" ","authServer4":" ","authClient":"Kerberos","authServer1":" ","authServer3":" "},"OpenWEC":{"IpAddress":"10.202.0.93","TimeReceived":"2023-12-08T15:43:50.738207438+00:00","Principal":"MEEREEN$@ESSOS.LOCAL","Subscription":{"Uuid":"CB04741B-9072-4E2D-B769-3570FA020BBD","Version":"6E053E8A-FE0D-45A0-A863-C501EEDB4011","Name":"anssi-subscription"}}}
{"System":{"Provider":{"Name":"Microsoft-Windows-Security-Auditing","Guid":"{54849625-5478-4994-A5BA-3E3B0328C30D}"},"EventID":4624,"Version":2,"Level":0,"Task":12544,"Opcode":0,"Keywords":"0x8020000000000000","TimeCreated":"2023-12-08T15:09:38.954281600Z","EventRecordID":108552,"Correlation":{},"Execution":{"ProcessID":588,"ThreadID":1980},"Channel":"Security","Computer":"meereen.essos.local"},"EventData":{"LogonGuid":"{4DAE89EC-640B-593C-8935-87CC0FE7DECD}","TargetUserName":"MEEREEN$","ImpersonationLevel":"%%1833","TransmittedServices":"-","TargetDomainName":"ESSOS.LOCAL","LogonProcessName":"Kerberos","RestrictedAdminMode":"-","IpAddress":"fe80::3076:9c8f:3acb:98de","AuthenticationPackageName":"Kerberos","TargetOutboundDomainName":"-","TargetLinkedLogonId":"0x0","ElevatedToken":"%%1842","LogonType":"3","SubjectUserName":"-","SubjectUserSid":"S-1-0-0","WorkstationName":"-","VirtualAccount":"%%1843","TargetLogonId":"0x49c0d3","SubjectDomainName":"-","TargetOutboundUserName":"-","SubjectLogonId":"0x0","LmPackageName":"-","IpPort":"65111","ProcessId":"0x0","ProcessName":"-","TargetUserSid":"S-1-5-18","KeyLength":"0"},"OpenWEC":{"IpAddress":"10.202.0.93","TimeReceived":"2023-12-08T15:43:50.738207438+00:00","Principal":"MEEREEN$@ESSOS.LOCAL","Subscription":{"Uuid":"CB04741B-9072-4E2D-B769-3570FA020BBD","Version":"6E053E8A-FE0D-45A0-A863-C501EEDB4011","Name":"anssi-subscription"}}}
{"System":{"Provider":{"Name":"Microsoft-Windows-Security-Auditing","Guid":"{54849625-5478-4994-A5BA-3E3B0328C30D}"},"EventID":4624,"Version":2,"Level":0,"Task":12544,"Opcode":0,"Keywords":"0x8020000000000000","TimeCreated":"2023-12-08T15:09:38.959452400Z","EventRecordID":108555,"Correlation":{},"Execution":{"ProcessID":588,"ThreadID":2248},"Channel":"Security","Computer":"meereen.essos.local"},"EventData":{"SubjectLogonId":"0x0","WorkstationName":"-","TargetOutboundDomainName":"-","TransmittedServices":"-","LogonProcessName":"Kerberos","TargetDomainName":"ESSOS.LOCAL","ProcessId":"0x0","VirtualAccount":"%%1843","TargetUserName":"MEEREEN$","AuthenticationPackageName":"Kerberos","LmPackageName":"-","TargetLogonId":"0x49c13c","IpAddress":"fe80::3076:9c8f:3acb:98de","IpPort":"65112","ImpersonationLevel":"%%1833","LogonGuid":"{4DAE89EC-640B-593C-8935-87CC0FE7DECD}","KeyLength":"0","TargetLinkedLogonId":"0x0","TargetUserSid":"S-1-5-18","LogonType":"3","SubjectDomainName":"-","ProcessName":"-","RestrictedAdminMode":"-","SubjectUserSid":"S-1-0-0","TargetOutboundUserName":"-","ElevatedToken":"%%1842","SubjectUserName":"-"},"OpenWEC":{"IpAddress":"10.202.0.93","TimeReceived":"2023-12-08T15:43:50.738207438+00:00","Principal":"MEEREEN$@ESSOS.LOCAL","Subscription":{"Uuid":"CB04741B-9072-4E2D-B769-3570FA020BBD","Version":"6E053E8A-FE0D-45A0-A863-C501EEDB4011","Name":"anssi-subscription"}}}
{"System":{"Provider":{"Name":"Microsoft-Windows-TaskScheduler","Guid":"{DE7B24EA-73C8-4A09-985D-5BDADCFA9017}"},"EventID":140,"Version":0,"Level":4,"Task":140,"Opcode":0,"Keywords":"0x8000000000000000","TimeCreated":"2023-12-08T15:09:46.042286900Z","EventRecordID":4546,"Correlation":{},"Execution":{"ProcessID":1016,"ThreadID":4616},"Channel":"Microsoft-Windows-TaskScheduler/Operational","Computer":"meereen.essos.local","UserID":"S-1-5-18"},"EventData":{"TaskName":"\\User_Feed_Synchronization-{CDCD1ED3-12CE-4ACE-A495-61B2568CDF88}","UserName":"ESSOS\\vagrant"},"OpenWEC":{"IpAddress":"10.202.0.93","TimeReceived":"2023-12-08T15:43:50.738207438+00:00","Principal":"MEEREEN$@ESSOS.LOCAL","Subscription":{"Uuid":"CB04741B-9072-4E2D-B769-3570FA020BBD","Version":"6E053E8A-FE0D-45A0-A863-C501EEDB4011","Name":"anssi-subscription"}}}
