{"System":{"Provider":{"Name":"Microsoft-Windows-Security-Auditing","Guid":"{54849625-5478-4994-A5BA-3E3B0328C30D}"},"EventID":4688,"Version":2,"Level":0,"Task":13312,"Opcode":0,"Keywords":"0x8020000000000000","TimeCreated":"2023-12-08T15:42:05.254248500Z","EventRecordID":113819,"Correlation":{},"Execution":{"ProcessID":4,"ThreadID":6732},"Channel":"Security","Computer":"meereen.essos.local"},"EventData":{"SubjectUserSid":"S-1-5-21-1062305140-3742494866-1959299801-1000","TargetUserName":"-","ProcessId":"0x1b0c","TargetUserSid":"S-1-0-0","SubjectDomainName":"ESSOS","CommandLine":"","ParentProcessName":"C:\\Program Files\\Google\\Chrome\\Application\\chrome.exe","MandatoryLabel":"S-1-16-4096","SubjectLogonId":"0x4cea8","NewProcessName":"C:\\Program Files\\Google\\Chrome\\Application\\chrome.exe","SubjectUserName":"vagrant","TargetLogonId":"0x0","NewProcessId":"0x1658","TargetDomainName":"-","TokenElevationType":"%%1938"},"OpenWEC":{"IpAddress":"10.202.0.93","TimeReceived":"2023-12-08T15:44:20.719706886+00:00","Principal":"MEEREEN$@ESSOS.LOCAL","Subscription":{"Uuid":"CB04741B-9072-4E2D-B769-3570FA020BBD","Version":"6E053E8A-FE0D-45A0-A863-C501EEDB4011","Name":"anssi-subscription"}}}
{"System":{"Provider":{"Name":"Microsoft-Windows-Security-Auditing","Guid":"{54849625-5478-4994-A5BA-3E3B0328C30D}"},"EventID":4688,"Version":2,"Level":0,"Task":13312,"Opcode":0,"Keywords":"0x8020000000000000","TimeCreated":"2023-12-08T15:42:05.320482600Z","EventRecordID":113823,"Correlation":{},"Execution":{"ProcessID":4,"ThreadID":5864},"Channel":"Security","Computer":"meereen.essos.local"},"EventData":{"CommandLine":"","SubjectLogonId":"0x4cea8","ParentProcessName":"C:\\Program Files\\Google\\Chrome\\Application\\chrome.exe","TargetLogonId":"0x0","TargetUserSid":"S-1-0-0","ProcessId":"0x1b0c","NewProcessId":"0x5c8","TargetDomainName":"-","SubjectDomainName":"ESSOS","TokenElevationType":"%%1938","SubjectUserName":"vagrant","TargetUserName":"-","MandatoryLabel":"S-1-16-4096","NewProcessName":"C:\\Program Files\\Google\\Chrome\\Application\\chrome.exe","SubjectUserSid":"S-1-5-21-1062305140-3742494866-1959299801-1000"},"OpenWEC":{"IpAddress":"10.202.0.93","TimeReceived":"2023-12-08T15:44:20.719706886+00:00","Principal":"MEEREEN$@ESSOS.LOCAL","Subscription":{"Uuid":"CB04741B-9072-4E2D-B769-3570FA020BBD","Version":"6E053E8A-FE0D-45A0-A863-C501EEDB4011","Name":"anssi-subscription"}}}
{"System":{"Provider":{"Name":"Microsoft-Windows-Security-Auditing","Guid":"{54849625-5478-4994-A5BA-3E3B0328C30D}"},"EventID":4688,"Version":2,"Level":0,"Task":13312,"Opcode":0,"Keywords":"0x8020000000000000","TimeCreated":"2023-12-08T15:42:05.426871000Z","EventRecordID":113826,"Correlation":{},"Execution":{"ProcessID":4,"ThreadID":6544},"Channel":"Security","Computer":"meereen.essos.local"},"EventData":{"TargetUserSid":"S-1-0-0","NewProcessId":"0xba0","ProcessId":"0x1b0c","TargetDomainName":"-","ParentProcessName":"C:\\Program Files\\Google\\Chrome\\Application\\chrome.exe","SubjectLogonId":"0x4cea8","CommandLine":"","TargetLogonId":"0x0","NewProcessName":"C:\\Program Files\\Google\\Chrome\\Application\\chrome.exe","TargetUserName":"-","SubjectDomainName":"ESSOS","SubjectUserSid":"S-1-5-21-1062305140-3742494866-1959299801-1000","MandatoryLabel":"S-1-16-4096","SubjectUserName":"vagrant","TokenElevationType":"%%1938"},"OpenWEC":{"IpAddress":"10.202.0.93","TimeReceived":"2023-12-08T15:44:20.719706886+00:00","Principal":"MEEREEN$@ESSOS.LOCAL","Subscription":{"Uuid":"CB04741B-9072-4E2D-B769-3570FA020BBD","Version":"6E053E8A-FE0D-45A0-A863-C501EEDB4011","Name":"anssi-subscription"}}}
{"System":{"Provider":{"Name":"Microsoft-Windows-Security-Auditing","Guid":"{54849625-5478-4994-A5BA-3E3B0328C30D}"},"EventID":4688,"Version":2,"Level":0,"Task":13312,"Opcode":0,"Keywords":"0x8020000000000000","TimeCreated":"2023-12-08T15:42:05.464329000Z","EventRecordID":113829,"Correlation":{},"Execution":{"ProcessID":4,"ThreadID":2240},"Channel":"Security","Computer":"meereen.essos.local"},"EventData":{"CommandLine":"","TargetDomainName":"-","ProcessId":"0x1b0c","NewProcessName":"C:\\Program Files\\Google\\Chrome\\Application\\chrome.exe","TargetUserSid":"S-1-0-0","MandatoryLabel":"S-1-16-4096","SubjectUserSid":"S-1-5-21-1062305140-3742494866-1959299801-1000","ParentProcessName":"C:\\Program Files\\Google\\Chrome\\Application\\chrome.exe","TokenElevationType":"%%1938","SubjectLogonId":"0x4cea8","SubjectUserName":"vagrant","SubjectDomainName":"ESSOS","TargetUserName":"-","NewProcessId":"0x1980","TargetLogonId":"0x0"},"OpenWEC":{"IpAddress":"10.202.0.93","TimeReceived":"2023-12-08T15:44:20.719706886+00:00","Principal":"MEEREEN$@ESSOS.LOCAL","Subscription":{"Uuid":"CB04741B-9072-4E2D-B769-3570FA020BBD","Version":"6E053E8A-FE0D-45A0-A863-C501EEDB4011","Name":"anssi-subscription"}}}
{"System":{"Provider":{"Name":"Microsoft-Windows-Security-Auditing","Guid":"{54849625-5478-4994-A5BA-3E3B0328C30D}"},"EventID":4688,"Version":2,"Level":0,"Task":13312,"Opcode":0,"Keywords":"0x8020000000000000","TimeCreated":"2023-12-08T15:42:08.773553100Z","EventRecordID":113846,"Correlation":{},"Execution":{"ProcessID":4,"ThreadID":6480},"Channel":"Security","Computer":"meereen.essos.local"},"EventData":{"TargetLogonId":"0x0","NewProcessId":"0x1994","MandatoryLabel":"S-1-16-8192","ParentProcessName":"C:\\Program Files\\Google\\Chrome\\Application\\chrome.exe","NewProcessName":"C:\\Program Files\\Google\\Chrome\\Application\\chrome.exe","TargetDomainName":"-","TokenElevationType":"%%1938","ProcessId":"0x1b0c","SubjectUserSid":"S-1-5-21-1062305140-3742494866-1959299801-1000","SubjectUserName":"vagrant","SubjectDomainName":"ESSOS","SubjectLogonId":"0x4cea8","CommandLine":"","TargetUserSid":"S-1-0-0","TargetUserName":"-"},"OpenWEC":{"IpAddress":"10.202.0.93","TimeReceived":"2023-12-08T15:44:20.719706886+00:00","Principal":"MEEREEN$@ESSOS.LOCAL","Subscription":{"Uuid":"CB04741B-9072-4E2D-B769-3570FA020BBD","Version":"6E053E8A-FE0D-45A0-A863-C501EEDB4011","Name":"anssi-subscription"}}}
{"System":{"Provider":{"Name":"Microsoft-Windows-Security-Auditing","Guid":"{54849625-5478-4994-A5BA-3E3B0328C30D}"},"EventID":4688,"Version":2,"Level":0,"Task":13312,"Opcode":0,"Keywords":"0x8020000000000000","TimeCreated":"2023-12-08T15:42:09.073389700Z","EventRecordID":113848,"Correlation":{},"Execution":{"ProcessID":4,"ThreadID":6480},"Channel":"Security","Computer":"meereen.essos.local"},"EventData":{"CommandLine":"","SubjectDomainName":"ESSOS","ProcessId":"0x2f8","NewProcessName":"C:\\Windows\\System32\\wbem\\WmiPrvSE.exe","TargetDomainName":"ESSOS","NewProcessId":"0x18b4","TargetUserSid":"S-1-0-0","ParentProcessName":"C:\\Windows\\System32\\svchost.exe","MandatoryLabel":"S-1-16-16384","TokenElevationType":"%%1936","TargetLogonId":"0x3e4","SubjectUserSid":"S-1-5-18","SubjectUserName":"MEEREEN$","TargetUserName":"MEEREEN$","SubjectLogonId":"0x3e7"},"OpenWEC":{"IpAddress":"10.202.0.93","TimeReceived":"2023-12-08T15:44:20.719706886+00:00","Principal":"MEEREEN$@ESSOS.LOCAL","Subscription":{"Uuid":"CB04741B-9072-4E2D-B769-3570FA020BBD","Version":"6E053E8A-FE0D-45A0-A863-C501EEDB4011","Name":"anssi-subscription"}}}
{"System":{"Provider":{"Name":"Microsoft-Windows-Security-Auditing","Guid":"{54849625-5478-4994-A5BA-3E3B0328C30D}"},"EventID":4688,"Version":2,"Level":0,"Task":13312,"Opcode":0,"Keywords":"0x8020000000000000","TimeCreated":"2023-12-08T15:42:09.653441600Z","EventRecordID":113851,"Correlation":{},"Execution":{"ProcessID":4,"ThreadID":5196},"Channel":"Security","Computer":"meereen.essos.local"},"EventData":{"TargetUserSid":"S-1-0-0","SubjectLogonId":"0x4cea8","TargetLogonId":"0x0","TokenElevationType":"%%1938","ProcessId":"0x1b0c","SubjectUserSid":"S-1-5-21-1062305140-3742494866-1959299801-1000","CommandLine":"","SubjectUserName":"vagrant","NewProcessName":"C:\\Program Files\\Google\\Chrome\\Application\\chrome.exe","ParentProcessName":"C:\\Program Files\\Google\\Chrome\\Application\\chrome.exe","MandatoryLabel":"S-1-16-4096","TargetUserName":"-","TargetDomainName":"-","SubjectDomainName":"ESSOS","NewProcessId":"0x414"},"OpenWEC":{"IpAddress":"10.202.0.93","TimeReceived":"2023-12-08T15:44:20.719706886+00:00","Principal":"MEEREEN$@ESSOS.LOCAL","Subscription":{"Uuid":"CB04741B-9072-4E2D-B769-3570FA020BBD","Version":"6E053E8A-FE0D-45A0-A863-C501EEDB4011","Name":"anssi-subscription"}}}
{"System":{"Provider":{"Name":"Microsoft-Windows-Security-Auditing","Guid":"{54849625-5478-4994-A5BA-3E3B0328C30D}"},"EventID":4688,"Version":2,"Level":0,"Task":13312,"Opcode":0,"Keywords":"0x8020000000000000","TimeCreated":"2023-12-08T15:42:13.524430700Z","EventRecordID":113854,"Correlation":{},"Execution":{"ProcessID":4,"ThreadID":2320},"Channel":"Security","Computer":"meereen.essos.local"},"EventData":{"TokenElevationType":"%%1938","SubjectUserName":"vagrant","NewProcessName":"C:\\Program Files\\Google\\Chrome\\Application\\chrome.exe","TargetUserName":"-","TargetLogonId":"0x0","SubjectLogonId":"0x4cea8","CommandLine":"","ParentProcessName":"C:\\Program Files\\Google\\Chrome\\Application\\chrome.exe","TargetDomainName":"-","ProcessId":"0x1b0c","NewProcessId":"0x17c","SubjectDomainName":"ESSOS","TargetUserSid":"S-1-0-0","MandatoryLabel":"S-1-16-4096","SubjectUserSid":"S-1-5-21-1062305140-3742494866-1959299801-1000"},"OpenWEC":{"IpAddress":"10.202.0.93","TimeReceived":"2023-12-08T15:44:20.719706886+00:00","Principal":"MEEREEN$@ESSOS.LOCAL","Subscription":{"Uuid":"CB04741B-9072-4E2D-B769-3570FA020BBD","Version":"6E053E8A-FE0D-45A0-A863-C501EEDB4011","Name":"anssi-subscription"}}}
{"System":{"Provider":{"Name":"Microsoft-Windows-Security-Auditing","Guid":"{54849625-5478-4994-A5BA-3E3B0328C30D}"},"EventID":4688,"Version":2,"Level":0,"Task":13312,"Opcode":0,"Keywords":"0x8020000000000000","TimeCreated":"2023-12-08T15:42:13.874793500Z","EventRecordID":113857,"Correlation":{},"Execution":{"ProcessID":4,"ThreadID":6584},"Channel":"Security","Computer":"meereen.essos.local"},"EventData":{"TargetLogonId":"0x0","TargetUserName":"-","SubjectLogonId":"0x4cea8","SubjectUserName":"vagrant","SubjectUserSid":"S-1-5-21-1062305140-3742494866-1959299801-1000","ParentProcessName":"C:\\Program Files\\Google\\Chrome\\Application\\chrome.exe","SubjectDomainName":"ESSOS","ProcessId":"0x1b0c","NewProcessId":"0x1814","TokenElevationType":"%%1938","TargetUserSid":"S-1-0-0","TargetDomainName":"-","MandatoryLabel":"S-1-16-4096","CommandLine":"","NewProcessName":"C:\\Program Files\\Google\\Chrome\\Application\\chrome.exe"},"OpenWEC":{"IpAddress":"10.202.0.93","TimeReceived":"2023-12-08T15:44:20.719706886+00:00","Principal":"MEEREEN$@ESSOS.LOCAL","Subscription":{"Uuid":"CB04741B-9072-4E2D-B769-3570FA020BBD","Version":"6E053E8A-FE0D-45A0-A863-C501EEDB4011","Name":"anssi-subscription"}}}
{"System":{"Provider":{"Name":"Microsoft-Windows-Security-Auditing","Guid":"{54849625-5478-4994-A5BA-3E3B0328C30D}"},"EventID":4688,"Version":2,"Level":0,"Task":13312,"Opcode":0,"Keywords":"0x8020000000000000","TimeCreated":"2023-12-08T15:42:14.261310000Z","EventRecordID":113860,"Correlation":{},"Execution":{"ProcessID":4,"ThreadID":2320},"Channel":"Security","Computer":"meereen.essos.local"},"EventData":{"NewProcessName":"C:\\Program Files\\Google\\Chrome\\Application\\chrome.exe","ParentProcessName":"C:\\Program Files\\Google\\Chrome\\Application\\chrome.exe","TargetUserSid":"S-1-0-0","MandatoryLabel":"S-1-16-4096","SubjectUserName":"vagrant","TargetDomainName":"-","TokenElevationType":"%%1938","SubjectUserSid":"S-1-5-21-1062305140-3742494866-1959299801-1000","SubjectLogonId":"0x4cea8","SubjectDomainName":"ESSOS","NewProcessId":"0x8a0","CommandLine":"","ProcessId":"0x1b0c","TargetUserName":"-","TargetLogonId":"0x0"},"OpenWEC":{"IpAddress":"10.202.0.93","TimeReceived":"2023-12-08T15:44:20.719706886+00:00","Principal":"MEEREEN$@ESSOS.LOCAL","Subscription":{"Uuid":"CB04741B-9072-4E2D-B769-3570FA020BBD","Version":"6E053E8A-FE0D-45A0-A863-C501EEDB4011","Name":"anssi-subscription"}}}
{"System":{"Provider":{"Name":"Microsoft-Windows-Security-Auditing","Guid":"{54849625-5478-4994-A5BA-3E3B0328C30D}"},"EventID":4688,"Version":2,"Level":0,"Task":13312,"Opcode":0,"Keywords":"0x8020000000000000","TimeCreated":"2023-12-08T15:42:14.889652100Z","EventRecordID":113863,"Correlation":{},"Execution":{"ProcessID":4,"ThreadID":6292},"Channel":"Security","Computer":"meereen.essos.local"},"EventData":{"ProcessId":"0x1b0c","SubjectDomainName":"ESSOS","CommandLine":"","MandatoryLabel":"S-1-16-4096","TargetLogonId":"0x0","ParentProcessName":"C:\\Program Files\\Google\\Chrome\\Application\\chrome.exe","TargetDomainName":"-","SubjectLogonId":"0x4cea8","NewProcessName":"C:\\Program Files\\Google\\Chrome\\Application\\chrome.exe","NewProcessId":"0x171c","SubjectUserName":"vagrant","SubjectUserSid":"S-1-5-21-1062305140-3742494866-1959299801-1000","TargetUserSid":"S-1-0-0","TargetUserName":"-","TokenElevationType":"%%1938"},"OpenWEC":{"IpAddress":"10.202.0.93","TimeReceived":"2023-12-08T15:44:20.719706886+00:00","Principal":"MEEREEN$@ESSOS.LOCAL","Subscription":{"Uuid":"CB04741B-9072-4E2D-B769-3570FA020BBD","Version":"6E053E8A-FE0D-45A0-A863-C501EEDB4011","Name":"anssi-subscription"}}}
{"System":{"Provider":{"Name":"Microsoft-Windows-Security-Auditing","Guid":"{54849625-5478-4994-A5BA-3E3B0328C30D}"},"EventID":4688,"Version":2,"Level":0,"Task":13312,"Opcode":0,"Keywords":"0x8020000000000000","TimeCreated":"2023-12-08T15:42:18.827515300Z","EventRecordID":113866,"Correlation":{},"Execution":{"ProcessID":4,"ThreadID":5348},"Channel":"Security","Computer":"meereen.essos.local"},"EventData":{"TargetDomainName":"-","NewProcessName":"C:\\Program Files\\Google\\Chrome\\Application\\chrome.exe","TargetLogonId":"0x0","NewProcessId":"0x1a80","MandatoryLabel":"S-1-16-4096","TargetUserSid":"S-1-0-0","SubjectUserSid":"S-1-5-21-1062305140-3742494866-1959299801-1000","ParentProcessName":"C:\\Program Files\\Google\\Chrome\\Application\\chrome.exe","CommandLine":"","SubjectUserName":"vagrant","TokenElevationType":"%%1938","SubjectLogonId":"0x4cea8","SubjectDomainName":"ESSOS","ProcessId":"0x1b0c","TargetUserName":"-"},"OpenWEC":{"IpAddress":"10.202.0.93","TimeReceived":"2023-12-08T15:44:20.719706886+00:00","Principal":"MEEREEN$@ESSOS.LOCAL","Subscription":{"Uuid":"CB04741B-9072-4E2D-B769-3570FA020BBD","Version":"6E053E8A-FE0D-45A0-A863-C501EEDB4011","Name":"anssi-subscription"}}}
{"System":{"Provider":{"Name":"Microsoft-Windows-Security-Auditing","Guid":"{54849625-5478-4994-A5BA-3E3B0328C30D}"},"EventID":4688,"Version":2,"Level":0,"Task":13312,"Opcode":0,"Keywords":"0x8020000000000000","TimeCreated":"2023-12-08T15:42:19.633108600Z","EventRecordID":113869,"Correlation":{},"Execution":{"ProcessID":4,"ThreadID":4492},"Channel":"Security","Computer":"meereen.essos.local"},"EventData":{"SubjectUserName":"vagrant","CommandLine":"","ParentProcessName":"C:\\Program Files\\Google\\Chrome\\Application\\chrome.exe","TargetUserName":"-","SubjectUserSid":"S-1-5-21-1062305140-3742494866-1959299801-1000","TargetLogonId":"0x0","MandatoryLabel":"S-1-16-4096","TargetDomainName":"-","TargetUserSid":"S-1-0-0","TokenElevationType":"%%1938","SubjectDomainName":"ESSOS","NewProcessId":"0x1b60","ProcessId":"0x1b0c","SubjectLogonId":"0x4cea8","NewProcessName":"C:\\Program Files\\Google\\Chrome\\Application\\chrome.exe"},"OpenWEC":{"IpAddress":"10.202.0.93","TimeReceived":"2023-12-08T15:44:20.719706886+00:00","Principal":"MEEREEN$@ESSOS.LOCAL","Subscription":{"Uuid":"CB04741B-9072-4E2D-B769-3570FA020BBD","Version":"6E053E8A-FE0D-45A0-A863-C501EEDB4011","Name":"anssi-subscription"}}}
{"System":{"Provider":{"Name":"Microsoft-Windows-Security-Auditing","Guid":"{54849625-5478-4994-A5BA-3E3B0328C30D}"},"EventID":4688,"Version":2,"Level":0,"Task":13312,"Opcode":0,"Keywords":"0x8020000000000000","TimeCreated":"2023-12-08T15:42:21.826582700Z","EventRecordID":113872,"Correlation":{},"Execution":{"ProcessID":4,"ThreadID":6480},"Channel":"Security","Computer":"meereen.essos.local"},"EventData":{"MandatoryLabel":"S-1-16-4096","TokenElevationType":"%%1938","SubjectLogonId":"0x4cea8","CommandLine":"","NewProcessId":"0x10e8","TargetUserName":"-","SubjectUserSid":"S-1-5-21-1062305140-3742494866-1959299801-1000","ParentProcessName":"C:\\Program Files\\Google\\Chrome\\Application\\chrome.exe","TargetUserSid":"S-1-0-0","SubjectUserName":"vagrant","SubjectDomainName":"ESSOS","NewProcessName":"C:\\Program Files\\Google\\Chrome\\Application\\chrome.exe","ProcessId":"0x1b0c","TargetDomainName":"-","TargetLogonId":"0x0"},"OpenWEC":{"IpAddress":"10.202.0.93","TimeReceived":"2023-12-08T15:44:20.719706886+00:00","Principal":"MEEREEN$@ESSOS.LOCAL","Subscription":{"Uuid":"CB04741B-9072-4E2D-B769-3570FA020BBD","Version":"6E053E8A-FE0D-45A0-A863-C501EEDB4011","Name":"anssi-subscription"}}}
{"System":{"Provider":{"Name":"Microsoft-Windows-Security-Auditing","Guid":"{54849625-5478-4994-A5BA-3E3B0328C30D}"},"EventID":4688,"Version":2,"Level":0,"Task":13312,"Opcode":0,"Keywords":"0x8020000000000000","TimeCreated":"2023-12-08T15:42:22.812671600Z","EventRecordID":113875,"Correlation":{},"Execution":{"ProcessID":4,"ThreadID":1596},"Channel":"Security","Computer":"meereen.essos.local"},"EventData":{"TargetLogonId":"0x0","ParentProcessName":"C:\\Program Files\\Google\\Chrome\\Application\\chrome.exe","NewProcessId":"0x19a8","SubjectDomainName":"ESSOS","TargetUserName":"-","CommandLine":"","TargetUserSid":"S-1-0-0","NewProcessName":"C:\\Program Files\\Google\\Chrome\\Application\\chrome.exe","SubjectUserSid":"S-1-5-21-1062305140-3742494866-1959299801-1000","SubjectLogonId":"0x4cea8","SubjectUserName":"vagrant","TargetDomainName":"-","MandatoryLabel":"S-1-16-4096","TokenElevationType":"%%1938","ProcessId":"0x1b0c"},"OpenWEC":{"IpAddress":"10.202.0.93","TimeReceived":"2023-12-08T15:44:20.719706886+00:00","Principal":"MEEREEN$@ESSOS.LOCAL","Subscription":{"Uuid":"CB04741B-9072-4E2D-B769-3570FA020BBD","Version":"6E053E8A-FE0D-45A0-A863-C501EEDB4011","Name":"anssi-subscription"}}}
{"System":{"Provider":{"Name":"Microsoft-Windows-Security-Auditing","Guid":"{54849625-5478-4994-A5BA-3E3B0328C30D}"},"EventID":4688,"Version":2,"Level":0,"Task":13312,"Opcode":0,"Keywords":"0x8020000000000000","TimeCreated":"2023-12-08T15:42:23.316840400Z","EventRecordID":113878,"Correlation":{},"Execution":{"ProcessID":4,"ThreadID":6488},"Channel":"Security","Computer":"meereen.essos.local"},"EventData":{"TokenElevationType":"%%1938","ProcessId":"0x1b0c","NewProcessId":"0x12a0","SubjectUserSid":"S-1-5-21-1062305140-3742494866-1959299801-1000","SubjectDomainName":"ESSOS","MandatoryLabel":"S-1-16-4096","TargetDomainName":"-","CommandLine":"","NewProcessName":"C:\\Program Files\\Google\\Chrome\\Application\\chrome.exe","TargetLogonId":"0x0","ParentProcessName":"C:\\Program Files\\Google\\Chrome\\Application\\chrome.exe","SubjectUserName":"vagrant","TargetUserSid":"S-1-0-0","SubjectLogonId":"0x4cea8","TargetUserName":"-"},"OpenWEC":{"IpAddress":"10.202.0.93","TimeReceived":"2023-12-08T15:44:20.719706886+00:00","Principal":"MEEREEN$@ESSOS.LOCAL","Subscription":{"Uuid":"CB04741B-9072-4E2D-B769-3570FA020BBD","Version":"6E053E8A-FE0D-45A0-A863-C501EEDB4011","Name":"anssi-subscription"}}}
{"System":{"Provider":{"Name":"Microsoft-Windows-Security-Auditing","Guid":"{54849625-5478-4994-A5BA-3E3B0328C30D}"},"EventID":4688,"Version":2,"Level":0,"Task":13312,"Opcode":0,"Keywords":"0x8020000000000000","TimeCreated":"2023-12-08T15:42:23.370674800Z","EventRecordID":113879,"Correlation":{},"Execution":{"ProcessID":4,"ThreadID":5744},"Channel":"Security","Computer":"meereen.essos.local"},"EventData":{"ProcessId":"0x1b0c","TargetDomainName":"-","ParentProcessName":"C:\\Program Files\\Google\\Chrome\\Application\\chrome.exe","TokenElevationType":"%%1938","CommandLine":"","TargetUserName":"-","TargetLogonId":"0x0","NewProcessName":"C:\\Program Files\\Google\\Chrome\\Application\\chrome.exe","SubjectUserName":"vagrant","TargetUserSid":"S-1-0-0","MandatoryLabel":"S-1-16-8192","SubjectUserSid":"S-1-5-21-1062305140-3742494866-1959299801-1000","SubjectDomainName":"ESSOS","SubjectLogonId":"0x4cea8","NewProcessId":"0x14dc"},"OpenWEC":{"IpAddress":"10.202.0.93","TimeReceived":"2023-12-08T15:44:20.719706886+00:00","Principal":"MEEREEN$@ESSOS.LOCAL","Subscription":{"Uuid":"CB04741B-9072-4E2D-B769-3570FA020BBD","Version":"6E053E8A-FE0D-45A0-A863-C501EEDB4011","Name":"anssi-subscription"}}}
{"System":{"Provider":{"Name":"Microsoft-Windows-Security-Auditing","Guid":"{54849625-5478-4994-A5BA-3E3B0328C30D}"},"EventID":4624,"Version":2,"Level":0,"Task":12544,"Opcode":0,"Keywords":"0x8020000000000000","TimeCreated":"2023-12-08T15:42:27.465266200Z","EventRecordID":113881,"Correlation":{},"Execution":{"ProcessID":588,"ThreadID":1980},"Channel":"Security","Computer":"meereen.essos.local"},"EventData":{"TargetLogonId":"0x5ab691","AuthenticationPackageName":"Kerberos","LmPackageName":"-","TargetUserName":"MEEREEN$","ProcessId":"0x0","LogonProcessName":"Kerberos","LogonGuid":"{4DAE89EC-640B-593C-8935-87CC0FE7DECD}","SubjectUserName":"-","TransmittedServices":"-","KeyLength":"0","VirtualAccount":"%%1843","ImpersonationLevel":"%%1833","ElevatedToken":"%%1842","IpAddress":"::1","TargetOutboundDomainName":"-","SubjectDomainName":"-","ProcessName":"-","SubjectLogonId":"0x0","TargetOutboundUserName":"-","TargetDomainName":"ESSOS.LOCAL","LogonType":"3","TargetUserSid":"S-1-5-18","SubjectUserSid":"S-1-0-0","WorkstationName":"-","TargetLinkedLogonId":"0x0","IpPort":"49851","RestrictedAdminMode":"-"},"OpenWEC":{"IpAddress":"10.202.0.93","TimeReceived":"2023-12-08T15:44:20.719706886+00:00","Principal":"MEEREEN$@ESSOS.LOCAL","Subscription":{"Uuid":"CB04741B-9072-4E2D-B769-3570FA020BBD","Version":"6E053E8A-FE0D-45A0-A863-C501EEDB4011","Name":"anssi-subscription"}}}
{"System":{"Provider":{"Name":"Microsoft-Windows-WinRM","Guid":"{A7975C8F-AC13-49F1-87DA-5A984A4AB417}"},"EventID":163,"Version":0,"Level":2,"Task":7,"Opcode":0,"Keywords":"0x400000000000000a","TimeCreated":"2023-12-08T15:42:47.722800200Z","EventRecordID":5207,"Correlation":{"ActivityID":"{833290A8-29FD-0001-2CB5-3283FD29DA01}"},"Execution":{"ProcessID":1100,"ThreadID":400},"Channel":"Microsoft-Windows-WinRM/Operational","Computer":"meereen.essos.local","UserID":"S-1-5-20"},"EventData":{"authClient":"Kerberos","authServer5":" ","authServer2":" ","authServer3":" ","authServer4":" ","authServer1":" "},"OpenWEC":{"IpAddress":"10.202.0.93","TimeReceived":"2023-12-08T15:44:20.719706886+00:00","Principal":"MEEREEN$@ESSOS.LOCAL","Subscription":{"Uuid":"CB04741B-9072-4E2D-B769-3570FA020BBD","Version":"6E053E8A-FE0D-45A0-A863-C501EEDB4011","Name":"anssi-subscription"}}}
{"System":{"Provider":{"Name":"Microsoft-Windows-WinRM","Guid":"{A7975C8F-AC13-49F1-87DA-5A984A4AB417}"},"EventID":142,"Version":0,"Level":2,"Task":10,"Opcode":2,"Keywords":"0x4000000000000002","TimeCreated":"2023-12-08T15:42:47.722902100Z","EventRecordID":5208,"Correlation":{"ActivityID":"{833290A8-29FD-0001-AE92-3283FD29DA01}"},"Execution":{"ProcessID":1100,"ThreadID":400},"Channel":"Microsoft-Windows-WinRM/Operational","Computer":"meereen.essos.local","UserID":"S-1-5-20"},"EventData":{"operationName":"Enumeration","errorCode":"5"},"OpenWEC":{"IpAddress":"10.202.0.93","TimeReceived":"2023-12-08T15:44:20.719706886+00:00","Principal":"MEEREEN$@ESSOS.LOCAL","Subscription":{"Uuid":"CB04741B-9072-4E2D-B769-3570FA020BBD","Version":"6E053E8A-FE0D-45A0-A863-C501EEDB4011","Name":"anssi-subscription"}}}
{"System":{"Provider":{"Name":"Microsoft-Windows-Security-Auditing","Guid":"{54849625-5478-4994-A5BA-3E3B0328C30D}"},"EventID":4624,"Version":2,"Level":0,"Task":12544,"Opcode":0,"Keywords":"0x8020000000000000","TimeCreated":"2023-12-08T15:43:27.482630200Z","EventRecordID":113884,"Correlation":{},"Execution":{"ProcessID":588,"ThreadID":1980},"Channel":"Security","Computer":"meereen.essos.local"},"EventData":{"KeyLength":"0","IpPort":"49885","ElevatedToken":"%%1842","ImpersonationLevel":"%%1833","WorkstationName":"-","ProcessId":"0x0","IpAddress":"::1","TargetOutboundUserName":"-","AuthenticationPackageName":"Kerberos","VirtualAccount":"%%1843","TargetLogonId":"0x5b354b","LogonType":"3","LmPackageName":"-","ProcessName":"-","RestrictedAdminMode":"-","SubjectLogonId":"0x0","TargetDomainName":"ESSOS.LOCAL","TargetLinkedLogonId":"0x0","TransmittedServices":"-","TargetOutboundDomainName":"-","SubjectUserSid":"S-1-0-0","SubjectDomainName":"-","SubjectUserName":"-","LogonProcessName":"Kerberos","TargetUserSid":"S-1-5-18","LogonGuid":"{4DAE89EC-640B-593C-8935-87CC0FE7DECD}","TargetUserName":"MEEREEN$"},"OpenWEC":{"IpAddress":"10.202.0.93","TimeReceived":"2023-12-08T15:44:20.719706886+00:00","Principal":"MEEREEN$@ESSOS.LOCAL","Subscription":{"Uuid":"CB04741B-9072-4E2D-B769-3570FA020BBD","Version":"6E053E8A-FE0D-45A0-A863-C501EEDB4011","Name":"anssi-subscription"}}}
{"System":{"Provider":{"Name":"Microsoft-Windows-Forwarding","Guid":"{699E309C-E782-4400-98C8-E21D162D7B7B}"},"EventID":101,"Version":0,"Level":3,"Task":0,"Opcode":0,"Keywords":"0x8000000000000000","TimeCreated":"2023-12-08T15:43:50.744956200Z","EventRecordID":245,"Correlation":{"ActivityID":"{833290A8-29FD-0001-AE92-3283FD29DA01}"},"Execution":{"ProcessID":1100,"ThreadID":1588},"Channel":"Microsoft-Windows-Forwarding/Operational","Computer":"meereen.essos.local","UserID":"S-1-5-20"},"EventData":{"Status":"<t:QueryStatus xmlns:t=\"http://schemas.microsoft.com/wbem/wsman/1/windows/EventLog\"><t:Channel Name=\"Application\" ErrorCode=\"0\"/><t:Channel Name=\"Microsoft-Windows-AppLocker/EXE and DLL\" ErrorCode=\"0\"/><t:Channel Name=\"Microsoft-Windows-AppLocker/MSI and Script\" ErrorCode=\"0\"/><t:Channel Name=\"Microsoft-Windows-AppLocker/Packaged app-Deployment\" ErrorCode=\"0\"/><t:Channel Name=\"Microsoft-Windows-AppLocker/Packaged app-Execution\" ErrorCode=\"0\"/><t:Channel Name=\"Microsoft-Windows-DriverFrameworks-UserMode/Operational\" ErrorCode=\"0\"/><t:Channel Name=\"Microsoft-Windows-EventCollector/Operational\" ErrorCode=\"0\"/><t:Channel Name=\"Microsoft-Windows-Forwarding/Operational\" ErrorCode=\"0\"/><t:Channel Name=\"Microsoft-Windows-LSA/Operational\" ErrorCode=\"0\"/><t:Channel Name=\"Microsoft-Windows-PowerShell/Operational\" ErrorCode=\"0\"/><t:Channel Name=\"Microsoft-Windows-SmartCard-Audit/Authentication\" ErrorCode=\"0\"/><t:Channel Name=\"Microsoft-Windows-Sysmon/Operational\" ErrorCode=\"15007\"/><t:Channel Name=\"Microsoft-Windows-TaskScheduler/Operational\" ErrorCode=\"0\"/><t:Channel Name=\"Microsoft-Windows-TerminalServices-RDPClient/Operational\" ErrorCode=\"0\"/><t:Channel Name=\"Microsoft-Windows-Windows Defender/Operational\" ErrorCode=\"15007\"/><t:Channel Name=\"Microsoft-Windows-WinRM/Operational\" ErrorCode=\"0\"/><t:Channel Name=\"Security\" ErrorCode=\"0\"/><t:Channel Name=\"System\" ErrorCode=\"0\"/><t:Channel Name=\"Windows PowerShell\" ErrorCode=\"0\"/></t:QueryStatus>","Id":"anssi-subscription","Query":"<QueryList><Query Id=\"0\" Path=\"Application\"><Select Path=\"Application\">*[System[(EventID='866')]]</Select></Query><Query Id=\"1\" Path=\"Microsoft-Windows-AppLocker/EXE and DLL\"><Select Path=\"Microsoft-Windows-AppLocker/EXE and DLL\">*[UserData[RuleAndFileData[PolicyName=\"EXE\"]]]</Select></Query><Query Id=\"2\" Path=\"Microsoft-Windows-AppLocker/MSI and Script\"><Select Path=\"Microsoft-Windows-AppLocker/MSI and Script\">*</Select></Query><Query Id=\"3\" Path=\"Microsoft-Windows-AppLocker/Packaged app-Execution\"><Select Path=\"Microsoft-Windows-AppLocker/Packaged app-Execution\">*</Select></Query><Query Id=\"4\" Path=\"Microsoft-Windows-AppLocker/Packaged app-Deployment\"><Select Path=\"Microsoft-Windows-AppLocker/Packaged app-Deployment\">*</Select></Query><Query Id=\"10\" Path=\"Microsoft-Windows-Windows Defender/Operational\"><Select Path=\"Microsoft-Windows-Windows Defender/Operational\">*[System[( (EventID &gt;= 1006 and EventID &lt;= 1009) )]]</Select><Select Path=\"Microsoft-Windows-Windows Defender/Operational\">*[System[( (EventID &gt;= 1116 and EventID &lt;= 1119) )]]</Select><Select Path=\"Microsoft-Windows-Windows Defender/Operational\">*[System[(EventID=1120)]]</Select></Query><Query Id=\"20\" Path=\"Security\"><Select Path=\"Security\">*[System[EventID=4688]]</Select></Query><Query Id=\"21\" Path=\"Security\"><Select Path=\"Security\">*[System[(EventID = 4689)]]</Select></Query><Query Id=\"30\" Path=\"Microsoft-Windows-Sysmon/Operational\"><Select Path=\"Microsoft-Windows-Sysmon/Operational\">*</Select></Query><Query Id=\"40\" Path=\"Security\"><Select Path=\"Security\">*[System[(EventID=4776 or EventID=4648)]]</Select></Query><Query Id=\"41\" Path=\"Security\"><Select Path=\"Security\">*[System[(EventID=4624)]] and (*[EventData[Data[@Name=\"LogonType\"]=\"3\"]])</Select></Query><Query Id=\"42\" Path=\"Security\"><Select Path=\"Security\">*[System[(EventID=4624)]] and (*[EventData[Data[@Name=\"LogonType\"]!=\"3\"]]) and (*[EventData[Data[@Name=\"LogonType\"]!=\"5\"]])</Select></Query><Query Id=\"43\" Path=\"Security\"><Select Path=\"Security\">*[System[(EventID=4624)]] and (*[EventData[Data[@Name=\"LogonType\"]=\"5\"]]) and (*[EventData[Data[@Name=\"TargetUserSid\"] != \"S-1-5-18\"]]) and (*[EventData[Data[@Name=\"TargetUserSid\"] != \"S-1-5-19\"]]) and (*[EventData[Data[@Name=\"TargetUserSid\"] != \"S-1-5-20\"]])</Select></Query><Query Id=\"44\" Path=\"Security\"><Select Path=\"Security\">*[System[(EventID=4625)]] and (*[EventData[Data[@Name=\"LogonType\"]!=\"2\"]])</Select></Query><Query Id=\"49\" Path=\"Security\"><Select Path=\"Security\">*[System[(EventID=4740)]]</Select></Query><Query Id=\"50\" Path=\"Security\"><Select Path=\"Security\">*[System[(EventID=4778 or EventID=4779)]]</Select></Query><Query Id=\"51\" Path=\"Microsoft-Windows-TerminalServices-RDPClient/Operational\"><Select Path=\"Microsoft-Windows-TerminalServices-RDPClient/Operational\">*[System[(EventID=1024 or EventID=1025)]]</Select></Query><Query Id=\"52\" Path=\"Security\"><Select Path=\"Security\">*[System[(EventID=4672)]]</Select><Suppress Path=\"Security\">*[EventData[Data[1]=\"S-1-5-18\"]]</Suppress></Query><Query Id=\"53\" Path=\"Microsoft-Windows-LSA/Operational\"><Select Path=\"Microsoft-Windows-LSA/Operational\">*[System[(EventID=300)]] and (*[EventData[Data[@Name=\"TargetUserSid\"] != \"S-1-5-20\"]]) and (*[EventData[Data[@Name=\"TargetUserSid\"] != \"S-1-5-18\"]]) and (*[EventData[Data[@Name=\"TargetUserSid\"] != \"S-1-5-19\"]])</Select></Query><Query Id=\"54\" Path=\"Security\"><Select Path=\"Security\">*[System[(EventID=4720 or EventID=4722 or EventID=4725 or EventID=4726)]]</Select></Query><Query Id=\"55\" Path=\"Security\"><Select Path=\"Security\">*[System[(EventID=4732)]]</Select></Query><Query Id=\"56\" Path=\"Security\"><Select Path=\"Security\">*[System[(EventID=4728)]]</Select></Query><Query Id=\"57\" Path=\"Security\"><Select Path=\"Security\">*[System[(EventID=4756)]]</Select></Query><Query Id=\"60\" Path=\"Microsoft-Windows-SmartCard-Audit/Authentication\"><Select Path=\"Microsoft-Windows-SmartCard-Audit/Authentication\">*</Select></Query><Query Id=\"62\" Path=\"Security\"><Select Path=\"Security\">*[System[(EventID=5632)]]</Select></Query><Query Id=\"64\" Path=\"Security\"><Select Path=\"Security\">*[System[(EventID=5632)]]</Select></Query><Query Id=\"70\" Path=\"Security\"><Select Path=\"Security\">*[System[(EventID=5140)]] and (*[EventData[Data[@Name=\"ShareName\"]!=\"\\\\*\\IPC$\"]]) and (*[EventData[Data[@Name=\"ShareName\"]!=\"\\\\*\\NetLogon\"]])</Select><Select Path=\"Security\">*[System[(EventID=5145)] and ((EventData[Data[@Name=\"ShareName\"]=\"\\\\*\\IPC$\"] and (EventData[Data[@Name=\"RelativeTargetName\"]!=\"spoolss\"] and EventData[Data[@Name=\"RelativeTargetName\"]!=\"lsarpc\"] and EventData[Data[@Name=\"RelativeTargetName\"]!=\"NETLOGON\"] and EventData[Data[@Name=\"RelativeTargetName\"]!=\"srvsvc\"])) or EventData[Data[@Name=\"ShareName\"]=\"\\\\*\\C$\"] or EventData[Data[@Name=\"ShareName\"]=\"\\\\*\\ADMIN$\"])]</Select></Query><Query Id=\"71\" Path=\"Security\"><Select Path=\"Security\">*[System[(EventID=5142 or EventID=5144)]]</Select></Query><Query Id=\"90\" Path=\"Security\"><Select Path=\"Security\">*[System[(EventID=1102 or EventID = 1100)]]</Select></Query><Query Id=\"91\" Path=\"System\"><Select Path=\"System\">*[System[(EventID=104)]]</Select></Query><Query Id=\"93\" Path=\"Security\"><Select Path=\"Security\">*[System[Provider[@Name='Microsoft-Windows-Eventlog']]]</Select></Query><Query Id=\"94\" Path=\"Microsoft-Windows-EventCollector/Operational\"><Select Path=\"Microsoft-Windows-EventCollector/Operational\">*[System[(Level=1 or Level=2 or Level=3)]]</Select></Query><Query Id=\"95\" Path=\"Microsoft-Windows-Forwarding/Operational\"><Select Path=\"Microsoft-Windows-Forwarding/Operational\">*[System[(Level=1 or Level=2 or Level=3)]]</Select></Query><Query Id=\"96\" Path=\"Security\"><Select Path=\"Security\">*[System[(EventID=4616)]]</Select></Query><Query Id=\"100\" Path=\"Security\"><Select Path=\"Security\">*[System[(EventID=4657)]] and ((*[EventData[Data[@Name=\"OperationType\"] = \"%%1904\"]]) or (*[EventData[Data[@Name=\"OperationType\"] = \"%%1905\"]]) or (*[EventData[Data[@Name=\"OperationType\"] = \"%%1906\"]]))</Select></Query><Query Id=\"101\" Path=\"Microsoft-Windows-DriverFrameworks-UserMode/Operational\"><Select Path=\"Microsoft-Windows-DriverFrameworks-UserMode/Operational\">*[System[(EventID=2003 or EventID=2004 or EventID=2006 or EventID=2010 or EventID=2100 or EventID=2101 or EventID=2105 or EventID=2106)]]</Select></Query><Query Id=\"102\" Path=\"Security\"><Select Path=\"Security\">*[System[(EventID=6416)]]</Select></Query><Query Id=\"103\" Path=\"Microsoft-Windows-TaskScheduler/Operational\"><Select Path=\"Microsoft-Windows-TaskScheduler/Operational\">*[System[Provider[@Name='Microsoft-Windows-TaskScheduler'] and (EventID=106 or EventID=141 or EventID=142 or EventID=107 or EventID=140 or EventID=100 or EventID=129 or EventID=200)]]</Select><Select Path=\"System\">*[System[Provider[@Name='Microsoft-Windows-TaskScheduler'] and (EventID=106 or EventID=141 or EventID=142 or EventID=107 or EventID=140 or EventID=100 or EventID=129 or EventID=200)]]</Select></Query><Query Id=\"104\" Path=\"Security\"><Select Path=\"Security\">*[System[(EventID='4698' or EventID='4699' or EventID='4700' or EventID='4701' or EventID='4702')]]</Select></Query><Query Id=\"105\" Path=\"System\"><Select Path=\"System\">*[System[Provider[@Name='Service Control Manager'] and EventID = 7000 and param2 != \"%%1053\"]]</Select><Select Path=\"System\">*[System[Provider[@Name='Service Control Manager'] and EventID = 7045]]</Select></Query><Query Id=\"110\" Path=\"Application\"><Select Path=\"Application\">*[System[Provider[@Name='Windows Error Reporting']]] and (*[EventData[Data[3] =\"APPCRASH\"]])</Select></Query><Query Id=\"111\" Path=\"Application\"><Select Path=\"Application\">*[System[Provider[@Name='Application Error'] and (EventID=1000)]]</Select><Select Path=\"Application\">*[System[Provider[@Name='Application Hang'] and (EventID=1002)]]</Select></Query><Query Id=\"130\" Path=\"Microsoft-Windows-PowerShell/Operational\"><Select Path=\"Microsoft-Windows-PowerShell/Operational\">*[System[(EventID=4103 or EventID=4104 or EventID=4105 or EventID=4106)]]</Select></Query><Query Id=\"131\" Path=\"Windows PowerShell\"><Select Path=\"Windows PowerShell\">*[System[(EventID=800)]]</Select></Query><Query Id=\"132\" Path=\"Microsoft-Windows-WinRM/Operational\"><Select Path=\"Microsoft-Windows-WinRM/Operational\">*[System[(Level=1 or Level=2 or Level=3)]]</Select></Query><Query Id=\"140\" Path=\"System\"><Select Path=\"System\">*[System[Provider[@Name='Microsoft-Windows-Kernel-General'] and (EventID=12)]]</Select></Query></QueryList>"},"OpenWEC":{"IpAddress":"10.202.0.93","TimeReceived":"2023-12-08T15:44:20.719706886+00:00","Principal":"MEEREEN$@ESSOS.LOCAL","Subscription":{"Uuid":"CB04741B-9072-4E2D-B769-3570FA020BBD","Version":"6E053E8A-FE0D-45A0-A863-C501EEDB4011","Name":"anssi-subscription"}}}
{"System":{"Provider":{"Name":"Microsoft-Windows-Security-Auditing","Guid":"{54849625-5478-4994-A5BA-3E3B0328C30D}"},"EventID":4624,"Version":2,"Level":0,"Task":12544,"Opcode":0,"Keywords":"0x8020000000000000","TimeCreated":"2023-12-08T15:43:59.136792600Z","EventRecordID":113887,"Correlation":{},"Execution":{"ProcessID":588,"ThreadID":7140},"Channel":"Security","Computer":"meereen.essos.local"},"EventData":{"TargetDomainName":"ESSOS.LOCAL","WorkstationName":"-","LmPackageName":"-","KeyLength":"0","SubjectUserSid":"S-1-0-0","SubjectUserName":"-","SubjectLogonId":"0x0","ProcessId":"0x0","LogonType":"3","AuthenticationPackageName":"Kerberos","SubjectDomainName":"-","TargetUserSid":"S-1-5-18","IpPort":"49906","TransmittedServices":"-","TargetOutboundUserName":"-","TargetUserName":"MEEREEN$","TargetOutboundDomainName":"-","TargetLogonId":"0x5b7c45","VirtualAccount":"%%1843","ProcessName":"-","TargetLinkedLogonId":"0x0","IpAddress":"fe80::3076:9c8f:3acb:98de","RestrictedAdminMode":"-","ElevatedToken":"%%1842","ImpersonationLevel":"%%1833","LogonProcessName":"Kerberos","LogonGuid":"{8432D9FB-0C20-9651-AE3E-7F1B662518A6}"},"OpenWEC":{"IpAddress":"10.202.0.93","TimeReceived":"2023-12-08T15:44:20.719706886+00:00","Principal":"MEEREEN$@ESSOS.LOCAL","Subscription":{"Uuid":"CB04741B-9072-4E2D-B769-3570FA020BBD","Version":"6E053E8A-FE0D-45A0-A863-C501EEDB4011","Name":"anssi-subscription"}}}
{"System":{"Provider":{"Name":"Microsoft-Windows-Security-Auditing","Guid":"{54849625-5478-4994-A5BA-3E3B0328C30D}"},"EventID":4624,"Version":2,"Level":0,"Task":12544,"Opcode":0,"Keywords":"0x8020000000000000","TimeCreated":"2023-12-08T15:44:27.497532100Z","EventRecordID":113889,"Correlation":{},"Execution":{"ProcessID":588,"ThreadID":1980},"Channel":"Security","Computer":"meereen.essos.local"},"EventData":{"LogonProcessName":"Kerberos","TargetDomainName":"ESSOS.LOCAL","SubjectUserName":"-","IpPort":"49919","ElevatedToken":"%%1842","TargetUserSid":"S-1-5-18","KeyLength":"0","TargetOutboundUserName":"-","LmPackageName":"-","AuthenticationPackageName":"Kerberos","TargetLogonId":"0x5bb70c","RestrictedAdminMode":"-","IpAddress":"::1","TargetOutboundDomainName":"-","TargetUserName":"MEEREEN$","TransmittedServices":"-","VirtualAccount":"%%1843","ProcessId":"0x0","LogonGuid":"{4DAE89EC-640B-593C-8935-87CC0FE7DECD}","WorkstationName":"-","ProcessName":"-","LogonType":"3","SubjectLogonId":"0x0","TargetLinkedLogonId":"0x0","SubjectUserSid":"S-1-0-0","ImpersonationLevel":"%%1833","SubjectDomainName":"-"},"OpenWEC":{"IpAddress":"10.202.0.93","TimeReceived":"2023-12-08T15:44:58.339044263+00:00","Principal":"MEEREEN$@ESSOS.LOCAL","Subscription":{"Uuid":"CB04741B-9072-4E2D-B769-3570FA020BBD","Version":"6E053E8A-FE0D-45A0-A863-C501EEDB4011","Name":"anssi-subscription"}}}
{"System":{"Provider":{"Name":"Microsoft-Windows-Security-Auditing","Guid":"{54849625-5478-4994-A5BA-3E3B0328C30D}"},"EventID":4624,"Version":2,"Level":0,"Task":12544,"Opcode":0,"Keywords":"0x8020000000000000","TimeCreated":"2023-12-08T15:44:31.735421400Z","EventRecordID":113892,"Correlation":{},"Execution":{"ProcessID":588,"ThreadID":1980},"Channel":"Security","Computer":"meereen.essos.local"},"EventData":{"SubjectLogonId":"0x0","SubjectUserName":"-","ImpersonationLevel":"%%1833","TargetOutboundUserName":"-","TargetOutboundDomainName":"-","TargetUserSid":"S-1-5-18","LmPackageName":"-","WorkstationName":"-","TransmittedServices":"-","ProcessName":"-","IpAddress":"fe80::3076:9c8f:3acb:98de","KeyLength":"0","TargetLogonId":"0x5bc696","VirtualAccount":"%%1843","ElevatedToken":"%%1842","SubjectDomainName":"-","TargetUserName":"MEEREEN$","LogonType":"3","ProcessId":"0x0","SubjectUserSid":"S-1-0-0","TargetLinkedLogonId":"0x0","TargetDomainName":"ESSOS.LOCAL","LogonProcessName":"Kerberos","AuthenticationPackageName":"Kerberos","IpPort":"49922","RestrictedAdminMode":"-","LogonGuid":"{6C3699F9-21BC-C044-F488-8345FDC7CD94}"},"OpenWEC":{"IpAddress":"10.202.0.93","TimeReceived":"2023-12-08T15:44:58.339044263+00:00","Principal":"MEEREEN$@ESSOS.LOCAL","Subscription":{"Uuid":"CB04741B-9072-4E2D-B769-3570FA020BBD","Version":"6E053E8A-FE0D-45A0-A863-C501EEDB4011","Name":"anssi-subscription"}}}
{"System":{"Provider":{"Name":"Microsoft-Windows-Security-Auditing","Guid":"{54849625-5478-4994-A5BA-3E3B0328C30D}"},"EventID":4624,"Version":2,"Level":0,"Task":12544,"Opcode":0,"Keywords":"0x8020000000000000","TimeCreated":"2023-12-08T15:44:31.760992100Z","EventRecordID":113894,"Correlation":{"ActivityID":"{833290A8-29FD-0001-F190-3283FD29DA01}"},"Execution":{"ProcessID":588,"ThreadID":7140},"Channel":"Security","Computer":"meereen.essos.local"},"EventData":{"RestrictedAdminMode":"-","TargetOutboundDomainName":"-","VirtualAccount":"%%1843","ElevatedToken":"%%1842","WorkstationName":"-","AuthenticationPackageName":"Kerberos","TargetUserSid":"S-1-5-18","TargetUserName":"MEEREEN$","SubjectUserName":"-","KeyLength":"0","SubjectDomainName":"-","ProcessId":"0x0","TargetOutboundUserName":"-","LogonType":"3","TargetLinkedLogonId":"0x0","IpAddress":"::1","TransmittedServices":"-","TargetDomainName":"ESSOS.LOCAL","SubjectUserSid":"S-1-0-0","LogonProcessName":"Kerberos","ProcessName":"-","LmPackageName":"-","IpPort":"0","LogonGuid":"{6C3699F9-21BC-C044-F488-8345FDC7CD94}","SubjectLogonId":"0x0","TargetLogonId":"0x5bc775","ImpersonationLevel":"%%1833"},"OpenWEC":{"IpAddress":"10.202.0.93","TimeReceived":"2023-12-08T15:44:58.339044263+00:00","Principal":"MEEREEN$@ESSOS.LOCAL","Subscription":{"Uuid":"CB04741B-9072-4E2D-B769-3570FA020BBD","Version":"6E053E8A-FE0D-45A0-A863-C501EEDB4011","Name":"anssi-subscription"}}}
{"System":{"Provider":{"Name":"Microsoft-Windows-Security-Auditing","Guid":"{54849625-5478-4994-A5BA-3E3B0328C30D}"},"EventID":4624,"Version":2,"Level":0,"Task":12544,"Opcode":0,"Keywords":"0x8020000000000000","TimeCreated":"2023-12-08T15:44:31.763171000Z","EventRecordID":113896,"Correlation":{},"Execution":{"ProcessID":588,"ThreadID":2248},"Channel":"Security","Computer":"meereen.essos.local"},"EventData":{"VirtualAccount":"%%1843","TargetLinkedLogonId":"0x0","TargetOutboundUserName":"-","ProcessName":"-","LogonGuid":"{6C3699F9-21BC-C044-F488-8345FDC7CD94}","IpPort":"49923","LogonType":"3","TargetUserName":"MEEREEN$","IpAddress":"10.202.0.93","LogonProcessName":"Kerberos","ProcessId":"0x0","SubjectDomainName":"-","SubjectLogonId":"0x0","ElevatedToken":"%%1842","ImpersonationLevel":"%%1833","TransmittedServices":"-","TargetUserSid":"S-1-5-18","LmPackageName":"-","KeyLength":"0","RestrictedAdminMode":"-","SubjectUserName":"-","TargetLogonId":"0x5bc7b8","AuthenticationPackageName":"Kerberos","WorkstationName":"-","TargetOutboundDomainName":"-","TargetDomainName":"ESSOS.LOCAL","SubjectUserSid":"S-1-0-0"},"OpenWEC":{"IpAddress":"10.202.0.93","TimeReceived":"2023-12-08T15:44:58.339044263+00:00","Principal":"MEEREEN$@ESSOS.LOCAL","Subscription":{"Uuid":"CB04741B-9072-4E2D-B769-3570FA020BBD","Version":"6E053E8A-FE0D-45A0-A863-C501EEDB4011","Name":"anssi-subscription"}}}
{"System":{"Provider":{"Name":"Microsoft-Windows-Security-Auditing","Guid":"{54849625-5478-4994-A5BA-3E3B0328C30D}"},"EventID":4624,"Version":2,"Level":0,"Task":12544,"Opcode":0,"Keywords":"0x8020000000000000","TimeCreated":"2023-12-08T15:44:31.844487100Z","EventRecordID":113898,"Correlation":{"ActivityID":"{833290A8-29FD-0001-F190-3283FD29DA01}"},"Execution":{"ProcessID":588,"ThreadID":7140},"Channel":"Security","Computer":"meereen.essos.local"},"EventData":{"SubjectLogonId":"0x0","TargetUserName":"MEEREEN$","RestrictedAdminMode":"-","TargetOutboundDomainName":"-","VirtualAccount":"%%1843","SubjectDomainName":"-","KeyLength":"0","IpPort":"49924","AuthenticationPackageName":"Kerberos","SubjectUserName":"-","LmPackageName":"-","TargetUserSid":"S-1-5-18","LogonGuid":"{6C3699F9-21BC-C044-F488-8345FDC7CD94}","ProcessId":"0x0","TransmittedServices":"-","TargetDomainName":"ESSOS.LOCAL","ProcessName":"-","LogonType":"3","ImpersonationLevel":"%%1840","TargetOutboundUserName":"-","LogonProcessName":"Kerberos","TargetLogonId":"0x5bc81e","SubjectUserSid":"S-1-0-0","IpAddress":"fe80::3076:9c8f:3acb:98de","WorkstationName":"-","TargetLinkedLogonId":"0x0","ElevatedToken":"%%1842"},"OpenWEC":{"IpAddress":"10.202.0.93","TimeReceived":"2023-12-08T15:44:58.339044263+00:00","Principal":"MEEREEN$@ESSOS.LOCAL","Subscription":{"Uuid":"CB04741B-9072-4E2D-B769-3570FA020BBD","Version":"6E053E8A-FE0D-45A0-A863-C501EEDB4011","Name":"anssi-subscription"}}}
{"System":{"Provider":{"Name":"Microsoft-Windows-Security-Auditing","Guid":"{54849625-5478-4994-A5BA-3E3B0328C30D}"},"EventID":5140,"Version":1,"Level":0,"Task":12808,"Opcode":0,"Keywords":"0x8020000000000000","TimeCreated":"2023-12-08T15:44:31.844800200Z","EventRecordID":113899,"Correlation":{},"Execution":{"ProcessID":4,"ThreadID":6156},"Channel":"Security","Computer":"meereen.essos.local"},"EventData":{"AccessList":"%%4416\n\t\t\t\t","IpPort":"49924","IpAddress":"fe80::3076:9c8f:3acb:98de","ObjectType":"File","ShareName":"\\\\*\\SYSVOL","ShareLocalPath":"\\??\\C:\\Windows\\SYSVOL\\sysvol","SubjectDomainName":"ESSOS","SubjectUserSid":"S-1-5-18","SubjectUserName":"MEEREEN$","AccessMask":"0x1","SubjectLogonId":"0x5bc81e"},"OpenWEC":{"IpAddress":"10.202.0.93","TimeReceived":"2023-12-08T15:44:58.339044263+00:00","Principal":"MEEREEN$@ESSOS.LOCAL","Subscription":{"Uuid":"CB04741B-9072-4E2D-B769-3570FA020BBD","Version":"6E053E8A-FE0D-45A0-A863-C501EEDB4011","Name":"anssi-subscription"}}}
{"System":{"Provider":{"Name":"Microsoft-Windows-Security-Auditing","Guid":"{54849625-5478-4994-A5BA-3E3B0328C30D}"},"EventID":4624,"Version":2,"Level":0,"Task":12544,"Opcode":0,"Keywords":"0x8020000000000000","TimeCreated":"2023-12-08T15:44:44.081549500Z","EventRecordID":113909,"Correlation":{},"Execution":{"ProcessID":588,"ThreadID":2248},"Channel":"Security","Computer":"meereen.essos.local"},"EventData":{"LogonType":"3","IpPort":"49933","SubjectLogonId":"0x0","TargetDomainName":"ESSOS.LOCAL","TargetUserName":"MEEREEN$","TargetLogonId":"0x5be103","LmPackageName":"-","TargetUserSid":"S-1-5-18","SubjectUserSid":"S-1-0-0","AuthenticationPackageName":"Kerberos","LogonGuid":"{4DAE89EC-640B-593C-8935-87CC0FE7DECD}","IpAddress":"fe80::3076:9c8f:3acb:98de","ImpersonationLevel":"%%1833","TransmittedServices":"-","SubjectDomainName":"-","RestrictedAdminMode":"-","VirtualAccount":"%%1843","TargetOutboundUserName":"-","TargetLinkedLogonId":"0x0","ProcessId":"0x0","SubjectUserName":"-","LogonProcessName":"Kerberos","WorkstationName":"-","ElevatedToken":"%%1842","KeyLength":"0","TargetOutboundDomainName":"-","ProcessName":"-"},"OpenWEC":{"IpAddress":"10.202.0.93","TimeReceived":"2023-12-08T15:44:58.339044263+00:00","Principal":"MEEREEN$@ESSOS.LOCAL","Subscription":{"Uuid":"CB04741B-9072-4E2D-B769-3570FA020BBD","Version":"6E053E8A-FE0D-45A0-A863-C501EEDB4011","Name":"anssi-subscription"}}}
{"System":{"Provider":{"Name":"Microsoft-Windows-Security-Auditing","Guid":"{54849625-5478-4994-A5BA-3E3B0328C30D}"},"EventID":4624,"Version":2,"Level":0,"Task":12544,"Opcode":0,"Keywords":"0x8020000000000000","TimeCreated":"2023-12-08T15:44:44.086693900Z","EventRecordID":113912,"Correlation":{},"Execution":{"ProcessID":588,"ThreadID":1980},"Channel":"Security","Computer":"meereen.essos.local"},"EventData":{"RestrictedAdminMode":"-","IpPort":"49934","LogonType":"3","LogonGuid":"{4DAE89EC-640B-593C-8935-87CC0FE7DECD}","VirtualAccount":"%%1843","SubjectUserSid":"S-1-0-0","TargetLinkedLogonId":"0x0","TargetLogonId":"0x5be16c","ElevatedToken":"%%1842","TransmittedServices":"-","TargetUserSid":"S-1-5-18","WorkstationName":"-","ProcessName":"-","TargetOutboundDomainName":"-","KeyLength":"0","TargetUserName":"MEEREEN$","AuthenticationPackageName":"Kerberos","LogonProcessName":"Kerberos","TargetDomainName":"ESSOS.LOCAL","SubjectLogonId":"0x0","ProcessId":"0x0","SubjectUserName":"-","IpAddress":"fe80::3076:9c8f:3acb:98de","ImpersonationLevel":"%%1833","SubjectDomainName":"-","TargetOutboundUserName":"-","LmPackageName":"-"},"OpenWEC":{"IpAddress":"10.202.0.93","TimeReceived":"2023-12-08T15:44:58.339044263+00:00","Principal":"MEEREEN$@ESSOS.LOCAL","Subscription":{"Uuid":"CB04741B-9072-4E2D-B769-3570FA020BBD","Version":"6E053E8A-FE0D-45A0-A863-C501EEDB4011","Name":"anssi-subscription"}}}
{"System":{"Provider":{"Name":"Microsoft-Windows-Security-Auditing","Guid":"{54849625-5478-4994-A5BA-3E3B0328C30D}"},"EventID":4624,"Version":2,"Level":0,"Task":12544,"Opcode":0,"Keywords":"0x8020000000000000","TimeCreated":"2023-12-08T15:45:27.512592000Z","EventRecordID":113930,"Correlation":{},"Execution":{"ProcessID":588,"ThreadID":1980},"Channel":"Security","Computer":"meereen.essos.local"},"EventData":{"ProcessName":"-","SubjectDomainName":"-","SubjectUserName":"-","TargetUserSid":"S-1-5-18","TargetLogonId":"0x5c3544","AuthenticationPackageName":"Kerberos","ProcessId":"0x0","IpPort":"49955","ImpersonationLevel":"%%1833","LogonGuid":"{4DAE89EC-640B-593C-8935-87CC0FE7DECD}","TargetDomainName":"ESSOS.LOCAL","IpAddress":"::1","RestrictedAdminMode":"-","TargetOutboundDomainName":"-","VirtualAccount":"%%1843","WorkstationName":"-","ElevatedToken":"%%1842","TargetUserName":"MEEREEN$","TargetLinkedLogonId":"0x0","LogonType":"3","SubjectLogonId":"0x0","LogonProcessName":"Kerberos","TransmittedServices":"-","TargetOutboundUserName":"-","SubjectUserSid":"S-1-0-0","LmPackageName":"-","KeyLength":"0"},"OpenWEC":{"IpAddress":"10.202.0.93","TimeReceived":"2023-12-08T15:45:57.756196755+00:00","Principal":"MEEREEN$@ESSOS.LOCAL","Subscription":{"Uuid":"CB04741B-9072-4E2D-B769-3570FA020BBD","Version":"6E053E8A-FE0D-45A0-A863-C501EEDB4011","Name":"anssi-subscription"}}}
